[2025-12-12T23:17:28.901+0000] {local_task_job_runner.py:120} INFO - ::group::Pre task execution logs
[2025-12-12T23:17:28.937+0000] {taskinstance.py:2073} INFO - Dependencies all met for dep_context=non-requeueable deps ti=<TaskInstance: mfg_dbt_transform_dag.dbt_run_core manual__2025-12-12T23:16:17.574899+00:00 [queued]>
[2025-12-12T23:17:28.948+0000] {taskinstance.py:2073} INFO - Dependencies all met for dep_context=requeueable deps ti=<TaskInstance: mfg_dbt_transform_dag.dbt_run_core manual__2025-12-12T23:16:17.574899+00:00 [queued]>
[2025-12-12T23:17:28.949+0000] {taskinstance.py:2303} INFO - Starting attempt 1 of 3
[2025-12-12T23:17:28.968+0000] {taskinstance.py:2327} INFO - Executing <Task(BashOperator): dbt_run_core> on 2025-12-12 23:16:17.574899+00:00
[2025-12-12T23:17:28.977+0000] {standard_task_runner.py:90} INFO - Running: ['***', 'tasks', 'run', 'mfg_dbt_transform_dag', 'dbt_run_core', 'manual__2025-12-12T23:16:17.574899+00:00', '--job-id', '13', '--raw', '--subdir', 'DAGS_FOLDER/mfg_dbt_transform_dag.py', '--cfg-path', '/tmp/tmpb_bt50ih']
[2025-12-12T23:17:28.981+0000] {standard_task_runner.py:91} INFO - Job 13: Subtask dbt_run_core
[2025-12-12T23:17:28.981+0000] {logging_mixin.py:188} WARNING - /home/***/.local/lib/python3.12/site-packages/***/task/task_runner/standard_task_runner.py:61 DeprecationWarning: This process (pid=1014) is multi-threaded, use of fork() may lead to deadlocks in the child.
[2025-12-12T23:17:28.982+0000] {standard_task_runner.py:63} INFO - Started process 1015 to run task
[2025-12-12T23:17:29.038+0000] {task_command.py:426} INFO - Running <TaskInstance: mfg_dbt_transform_dag.dbt_run_core manual__2025-12-12T23:16:17.574899+00:00 [running]> on host 1159f6c9764f
[2025-12-12T23:17:29.137+0000] {taskinstance.py:2644} INFO - Exporting env vars: AIRFLOW_CTX_DAG_OWNER='data-engineering' AIRFLOW_CTX_DAG_ID='mfg_dbt_transform_dag' AIRFLOW_CTX_TASK_ID='dbt_run_core' AIRFLOW_CTX_EXECUTION_DATE='2025-12-12T23:16:17.574899+00:00' AIRFLOW_CTX_TRY_NUMBER='1' AIRFLOW_CTX_DAG_RUN_ID='manual__2025-12-12T23:16:17.574899+00:00'
[2025-12-12T23:17:29.138+0000] {taskinstance.py:430} INFO - ::endgroup::
[2025-12-12T23:17:29.158+0000] {subprocess.py:63} INFO - Tmp dir root location: /tmp
[2025-12-12T23:17:29.159+0000] {subprocess.py:75} INFO - Running command: ['/usr/bin/bash', '-c', 'cd /opt/***/dbt_project && dbt run --select core --profiles-dir /opt/***/dbt_profiles']
[2025-12-12T23:17:29.170+0000] {subprocess.py:86} INFO - Output:
[2025-12-12T23:17:31.583+0000] {subprocess.py:93} INFO - [0m23:17:31  Running with dbt=1.10.15
[2025-12-12T23:17:32.722+0000] {subprocess.py:93} INFO - [0m23:17:32  Registered adapter: snowflake=1.10.4
[2025-12-12T23:17:33.509+0000] {subprocess.py:93} INFO - [0m23:17:33  Found 8 models, 24 data tests, 3 sources, 504 macros
[2025-12-12T23:17:33.513+0000] {subprocess.py:93} INFO - [0m23:17:33
[2025-12-12T23:17:33.514+0000] {subprocess.py:93} INFO - [0m23:17:33  Concurrency: 4 threads (target='dev')
[2025-12-12T23:17:33.516+0000] {subprocess.py:93} INFO - [0m23:17:33
[2025-12-12T23:17:35.461+0000] {subprocess.py:93} INFO - [0m23:17:35  1 of 3 START sql table model ANALYTICS_analytics.core_materials ................ [RUN]
[2025-12-12T23:17:36.618+0000] {subprocess.py:93} INFO - [0m23:17:36  1 of 3 OK created sql table model ANALYTICS_analytics.core_materials ........... [[32mSUCCESS 1[0m in 1.15s]
[2025-12-12T23:17:36.626+0000] {subprocess.py:93} INFO - [0m23:17:36  2 of 3 START sql table model ANALYTICS_analytics.core_batches .................. [RUN]
[2025-12-12T23:17:36.628+0000] {subprocess.py:93} INFO - [0m23:17:36  3 of 3 START sql table model ANALYTICS_analytics.fct_production_orders ......... [RUN]
[2025-12-12T23:17:39.137+0000] {subprocess.py:93} INFO - [0m23:17:39  2 of 3 OK created sql table model ANALYTICS_analytics.core_batches ............. [[32mSUCCESS 1[0m in 2.51s]
[2025-12-12T23:17:39.581+0000] {subprocess.py:93} INFO - [0m23:17:39  3 of 3 OK created sql table model ANALYTICS_analytics.fct_production_orders .... [[32mSUCCESS 1[0m in 2.94s]
[2025-12-12T23:17:40.989+0000] {subprocess.py:93} INFO - [0m23:17:40
[2025-12-12T23:17:40.993+0000] {subprocess.py:93} INFO - [0m23:17:40  Finished running 3 table models in 0 hours 0 minutes and 7.47 seconds (7.47s).
[2025-12-12T23:17:41.285+0000] {subprocess.py:93} INFO - [0m23:17:41
[2025-12-12T23:17:41.287+0000] {subprocess.py:93} INFO - [0m23:17:41  [32mCompleted successfully[0m
[2025-12-12T23:17:41.289+0000] {subprocess.py:93} INFO - [0m23:17:41
[2025-12-12T23:17:41.291+0000] {subprocess.py:93} INFO - [0m23:17:41  Done. PASS=3 WARN=0 ERROR=0 SKIP=0 NO-OP=0 TOTAL=3
[2025-12-12T23:17:42.448+0000] {subprocess.py:97} INFO - Command exited with return code 0
[2025-12-12T23:17:42.450+0000] {taskinstance.py:441} INFO - ::group::Post task execution logs
[2025-12-12T23:17:42.483+0000] {taskinstance.py:1205} INFO - Marking task as SUCCESS. dag_id=mfg_dbt_transform_dag, task_id=dbt_run_core, execution_date=20251212T231617, start_date=20251212T231728, end_date=20251212T231742
[2025-12-12T23:17:42.516+0000] {local_task_job_runner.py:240} INFO - Task exited with return code 0
[2025-12-12T23:17:42.544+0000] {taskinstance.py:3482} INFO - 1 downstream tasks scheduled from follow-on schedule check
[2025-12-12T23:17:42.549+0000] {local_task_job_runner.py:222} INFO - ::endgroup::
