[2025-12-10T22:21:21.997+0000] {manager.py:470} INFO - Processing files using up to 2 processes at a time 
[2025-12-10T22:21:21.999+0000] {manager.py:471} INFO - Process each file at most once every 30 seconds
[2025-12-10T22:21:22.001+0000] {manager.py:472} INFO - Checking for new files in /opt/airflow/dags every 300 seconds
[2025-12-10T22:21:22.003+0000] {manager.py:737} INFO - Searching for files in /opt/airflow/dags
[2025-12-10T22:21:22.018+0000] {manager.py:740} INFO - There are 1 files in /opt/airflow/dags
[2025-12-10T22:21:22.198+0000] {manager.py:878} INFO - 
================================================================================
DAG File Processing Stats

File Path                            PID  Runtime      # DAGs    # Errors  Last Runtime    Last Run
---------------------------------  -----  ---------  --------  ----------  --------------  ----------
/opt/airflow/dags/mfg_pipeline.py    203  0.09s             0           0
================================================================================
[2025-12-10T22:21:52.354+0000] {manager.py:878} INFO - 
================================================================================
DAG File Processing Stats

File Path                          PID    Runtime      # DAGs    # Errors  Last Runtime    Last Run
---------------------------------  -----  ---------  --------  ----------  --------------  -------------------
/opt/airflow/dags/mfg_pipeline.py                           1           0  0.65s           2025-12-10T22:21:22
================================================================================
[2025-12-10T22:22:23.089+0000] {manager.py:878} INFO - 
================================================================================
DAG File Processing Stats

File Path                            PID  Runtime      # DAGs    # Errors  Last Runtime    Last Run
---------------------------------  -----  ---------  --------  ----------  --------------  -------------------
/opt/airflow/dags/mfg_pipeline.py    213  0.00s             1           0  0.12s           2025-12-10T22:21:53
================================================================================
[2025-12-10T22:22:53.359+0000] {manager.py:878} INFO - 
================================================================================
DAG File Processing Stats

File Path                            PID  Runtime      # DAGs    # Errors  Last Runtime    Last Run
---------------------------------  -----  ---------  --------  ----------  --------------  -------------------
/opt/airflow/dags/mfg_pipeline.py    218  0.01s             1           0  0.14s           2025-12-10T22:22:23
================================================================================
[2025-12-10T22:23:23.547+0000] {manager.py:878} INFO - 
================================================================================
DAG File Processing Stats

File Path                            PID  Runtime      # DAGs    # Errors  Last Runtime    Last Run
---------------------------------  -----  ---------  --------  ----------  --------------  -------------------
/opt/airflow/dags/mfg_pipeline.py    223  0.01s             1           0  0.15s           2025-12-10T22:22:53
================================================================================
[2025-12-10T22:23:53.823+0000] {manager.py:878} INFO - 
================================================================================
DAG File Processing Stats

File Path                            PID  Runtime      # DAGs    # Errors  Last Runtime    Last Run
---------------------------------  -----  ---------  --------  ----------  --------------  -------------------
/opt/airflow/dags/mfg_pipeline.py    228  0.00s             1           0  0.25s           2025-12-10T22:23:23
================================================================================
[2025-12-10T22:24:24.114+0000] {manager.py:878} INFO - 
================================================================================
DAG File Processing Stats

File Path                            PID  Runtime      # DAGs    # Errors  Last Runtime    Last Run
---------------------------------  -----  ---------  --------  ----------  --------------  -------------------
/opt/airflow/dags/mfg_pipeline.py    233  0.00s             1           0  0.14s           2025-12-10T22:23:53
================================================================================
[2025-12-10T22:24:54.298+0000] {manager.py:878} INFO - 
================================================================================
DAG File Processing Stats

File Path                            PID  Runtime      # DAGs    # Errors  Last Runtime    Last Run
---------------------------------  -----  ---------  --------  ----------  --------------  -------------------
/opt/airflow/dags/mfg_pipeline.py    238  0.00s             1           0  0.15s           2025-12-10T22:24:24
================================================================================
[2025-12-10T22:25:24.586+0000] {manager.py:878} INFO - 
================================================================================
DAG File Processing Stats

File Path                            PID  Runtime      # DAGs    # Errors  Last Runtime    Last Run
---------------------------------  -----  ---------  --------  ----------  --------------  -------------------
/opt/airflow/dags/mfg_pipeline.py    246  0.00s             1           0  0.13s           2025-12-10T22:24:54
================================================================================
[2025-12-10T22:25:54.782+0000] {manager.py:878} INFO - 
================================================================================
DAG File Processing Stats

File Path                            PID  Runtime      # DAGs    # Errors  Last Runtime    Last Run
---------------------------------  -----  ---------  --------  ----------  --------------  -------------------
/opt/airflow/dags/mfg_pipeline.py    251  0.00s             1           0  0.13s           2025-12-10T22:25:24
================================================================================
[2025-12-10T22:26:22.036+0000] {manager.py:737} INFO - Searching for files in /opt/airflow/dags
[2025-12-10T22:26:22.060+0000] {manager.py:740} INFO - There are 1 files in /opt/airflow/dags
[2025-12-10T22:26:25.022+0000] {manager.py:878} INFO - 
================================================================================
DAG File Processing Stats

File Path                            PID  Runtime      # DAGs    # Errors  Last Runtime    Last Run
---------------------------------  -----  ---------  --------  ----------  --------------  -------------------
/opt/airflow/dags/mfg_pipeline.py    256  0.00s             1           0  0.13s           2025-12-10T22:25:54
================================================================================
[2025-12-10T22:26:55.260+0000] {manager.py:878} INFO - 
================================================================================
DAG File Processing Stats

File Path                            PID  Runtime      # DAGs    # Errors  Last Runtime    Last Run
---------------------------------  -----  ---------  --------  ----------  --------------  -------------------
/opt/airflow/dags/mfg_pipeline.py    261  0.01s             1           0  0.13s           2025-12-10T22:26:25
================================================================================
[2025-12-10T22:27:25.454+0000] {manager.py:878} INFO - 
================================================================================
DAG File Processing Stats

File Path                          PID    Runtime      # DAGs    # Errors  Last Runtime    Last Run
---------------------------------  -----  ---------  --------  ----------  --------------  -------------------
/opt/airflow/dags/mfg_pipeline.py                           1           0  0.21s           2025-12-10T22:26:55
================================================================================
[2025-12-10T22:27:55.788+0000] {manager.py:878} INFO - 
================================================================================
DAG File Processing Stats

File Path                            PID  Runtime      # DAGs    # Errors  Last Runtime    Last Run
---------------------------------  -----  ---------  --------  ----------  --------------  -------------------
/opt/airflow/dags/mfg_pipeline.py    271  0.00s             1           0  0.14s           2025-12-10T22:27:25
================================================================================
[2025-12-10T22:28:25.971+0000] {manager.py:878} INFO - 
================================================================================
DAG File Processing Stats

File Path                            PID  Runtime      # DAGs    # Errors  Last Runtime    Last Run
---------------------------------  -----  ---------  --------  ----------  --------------  -------------------
/opt/airflow/dags/mfg_pipeline.py    276  0.00s             1           0  0.13s           2025-12-10T22:27:55
================================================================================
[2025-12-10T22:28:56.247+0000] {manager.py:878} INFO - 
================================================================================
DAG File Processing Stats

File Path                            PID  Runtime      # DAGs    # Errors  Last Runtime    Last Run
---------------------------------  -----  ---------  --------  ----------  --------------  -------------------
/opt/airflow/dags/mfg_pipeline.py    281  0.00s             1           0  0.13s           2025-12-10T22:28:26
================================================================================
[2025-12-10T22:29:26.439+0000] {manager.py:878} INFO - 
================================================================================
DAG File Processing Stats

File Path                            PID  Runtime      # DAGs    # Errors  Last Runtime    Last Run
---------------------------------  -----  ---------  --------  ----------  --------------  -------------------
/opt/airflow/dags/mfg_pipeline.py    286  0.00s             1           0  0.13s           2025-12-10T22:28:56
================================================================================
[2025-12-10T22:29:56.700+0000] {manager.py:878} INFO - 
================================================================================
DAG File Processing Stats

File Path                            PID  Runtime      # DAGs    # Errors  Last Runtime    Last Run
---------------------------------  -----  ---------  --------  ----------  --------------  -------------------
/opt/airflow/dags/mfg_pipeline.py    291  0.00s             1           0  0.13s           2025-12-10T22:29:26
================================================================================
[2025-12-10T22:30:26.881+0000] {manager.py:878} INFO - 
================================================================================
DAG File Processing Stats

File Path                            PID  Runtime      # DAGs    # Errors  Last Runtime    Last Run
---------------------------------  -----  ---------  --------  ----------  --------------  -------------------
/opt/airflow/dags/mfg_pipeline.py    299  0.00s             1           0  0.13s           2025-12-10T22:29:56
================================================================================
[2025-12-10T22:30:57.146+0000] {manager.py:878} INFO - 
================================================================================
DAG File Processing Stats

File Path                            PID  Runtime      # DAGs    # Errors  Last Runtime    Last Run
---------------------------------  -----  ---------  --------  ----------  --------------  -------------------
/opt/airflow/dags/mfg_pipeline.py    304  0.00s             1           0  0.12s           2025-12-10T22:30:26
================================================================================
[2025-12-10T22:31:22.281+0000] {manager.py:737} INFO - Searching for files in /opt/airflow/dags
[2025-12-10T22:31:22.307+0000] {manager.py:740} INFO - There are 1 files in /opt/airflow/dags
[2025-12-10T22:31:27.361+0000] {manager.py:878} INFO - 
================================================================================
DAG File Processing Stats

File Path                            PID  Runtime      # DAGs    # Errors  Last Runtime    Last Run
---------------------------------  -----  ---------  --------  ----------  --------------  -------------------
/opt/airflow/dags/mfg_pipeline.py    309  0.00s             1           0  0.13s           2025-12-10T22:30:57
================================================================================
[2025-12-10T22:31:57.614+0000] {manager.py:878} INFO - 
================================================================================
DAG File Processing Stats

File Path                            PID  Runtime      # DAGs    # Errors  Last Runtime    Last Run
---------------------------------  -----  ---------  --------  ----------  --------------  -------------------
/opt/airflow/dags/mfg_pipeline.py    314  0.00s             1           0  0.13s           2025-12-10T22:31:27
================================================================================
[2025-12-10T22:32:27.899+0000] {manager.py:878} INFO - 
================================================================================
DAG File Processing Stats

File Path                            PID  Runtime      # DAGs    # Errors  Last Runtime    Last Run
---------------------------------  -----  ---------  --------  ----------  --------------  -------------------
/opt/airflow/dags/mfg_pipeline.py    319  0.01s             1           0  0.14s           2025-12-10T22:31:57
================================================================================
[2025-12-10T22:32:58.096+0000] {manager.py:878} INFO - 
================================================================================
DAG File Processing Stats

File Path                            PID  Runtime      # DAGs    # Errors  Last Runtime    Last Run
---------------------------------  -----  ---------  --------  ----------  --------------  -------------------
/opt/airflow/dags/mfg_pipeline.py    324  0.00s             1           0  0.17s           2025-12-10T22:32:28
================================================================================
[2025-12-10T22:33:28.377+0000] {manager.py:878} INFO - 
================================================================================
DAG File Processing Stats

File Path                            PID  Runtime      # DAGs    # Errors  Last Runtime    Last Run
---------------------------------  -----  ---------  --------  ----------  --------------  -------------------
/opt/airflow/dags/mfg_pipeline.py    329  0.00s             1           0  0.15s           2025-12-10T22:32:58
================================================================================
[2025-12-10T22:33:58.610+0000] {manager.py:878} INFO - 
================================================================================
DAG File Processing Stats

File Path                            PID  Runtime      # DAGs    # Errors  Last Runtime    Last Run
---------------------------------  -----  ---------  --------  ----------  --------------  -------------------
/opt/airflow/dags/mfg_pipeline.py    334  0.01s             1           0  0.14s           2025-12-10T22:33:28
================================================================================
[2025-12-10T22:34:28.910+0000] {manager.py:878} INFO - 
================================================================================
DAG File Processing Stats

File Path                            PID  Runtime      # DAGs    # Errors  Last Runtime    Last Run
---------------------------------  -----  ---------  --------  ----------  --------------  -------------------
/opt/airflow/dags/mfg_pipeline.py    339  0.01s             1           0  0.27s           2025-12-10T22:33:58
================================================================================
[2025-12-10T22:34:59.247+0000] {manager.py:878} INFO - 
================================================================================
DAG File Processing Stats

File Path                          PID    Runtime      # DAGs    # Errors  Last Runtime    Last Run
---------------------------------  -----  ---------  --------  ----------  --------------  -------------------
/opt/airflow/dags/mfg_pipeline.py                           1           0  0.54s           2025-12-10T22:34:29
================================================================================
[2025-12-10T22:35:29.795+0000] {manager.py:878} INFO - 
================================================================================
DAG File Processing Stats

File Path                          PID    Runtime      # DAGs    # Errors  Last Runtime    Last Run
---------------------------------  -----  ---------  --------  ----------  --------------  -------------------
/opt/airflow/dags/mfg_pipeline.py                           1           0  0.18s           2025-12-10T22:34:59
================================================================================
[2025-12-10T22:36:00.165+0000] {manager.py:878} INFO - 
================================================================================
DAG File Processing Stats

File Path                            PID  Runtime      # DAGs    # Errors  Last Runtime    Last Run
---------------------------------  -----  ---------  --------  ----------  --------------  -------------------
/opt/airflow/dags/mfg_pipeline.py    354  0.00s             1           0  0.14s           2025-12-10T22:35:30
================================================================================
[2025-12-10T22:36:22.378+0000] {manager.py:737} INFO - Searching for files in /opt/airflow/dags
[2025-12-10T22:36:22.404+0000] {manager.py:740} INFO - There are 1 files in /opt/airflow/dags
[2025-12-10T22:36:30.478+0000] {manager.py:878} INFO - 
================================================================================
DAG File Processing Stats

File Path                            PID  Runtime      # DAGs    # Errors  Last Runtime    Last Run
---------------------------------  -----  ---------  --------  ----------  --------------  -------------------
/opt/airflow/dags/mfg_pipeline.py    359  0.00s             1           0  0.13s           2025-12-10T22:36:00
================================================================================
[2025-12-10T22:37:00.669+0000] {manager.py:878} INFO - 
================================================================================
DAG File Processing Stats

File Path                            PID  Runtime      # DAGs    # Errors  Last Runtime    Last Run
---------------------------------  -----  ---------  --------  ----------  --------------  -------------------
/opt/airflow/dags/mfg_pipeline.py    364  0.00s             1           0  0.14s           2025-12-10T22:36:30
================================================================================
[2025-12-10T22:37:30.941+0000] {manager.py:878} INFO - 
================================================================================
DAG File Processing Stats

File Path                            PID  Runtime      # DAGs    # Errors  Last Runtime    Last Run
---------------------------------  -----  ---------  --------  ----------  --------------  -------------------
/opt/airflow/dags/mfg_pipeline.py    369  0.00s             1           0  0.13s           2025-12-10T22:37:00
================================================================================
[2025-12-10T22:38:01.119+0000] {manager.py:878} INFO - 
================================================================================
DAG File Processing Stats

File Path                            PID  Runtime      # DAGs    # Errors  Last Runtime    Last Run
---------------------------------  -----  ---------  --------  ----------  --------------  -------------------
/opt/airflow/dags/mfg_pipeline.py    374  0.00s             1           0  0.12s           2025-12-10T22:37:31
================================================================================
[2025-12-10T22:38:31.377+0000] {manager.py:878} INFO - 
================================================================================
DAG File Processing Stats

File Path                            PID  Runtime      # DAGs    # Errors  Last Runtime    Last Run
---------------------------------  -----  ---------  --------  ----------  --------------  -------------------
/opt/airflow/dags/mfg_pipeline.py    379  0.00s             1           0  0.13s           2025-12-10T22:38:01
================================================================================
[2025-12-10T22:39:01.566+0000] {manager.py:878} INFO - 
================================================================================
DAG File Processing Stats

File Path                            PID  Runtime      # DAGs    # Errors  Last Runtime    Last Run
---------------------------------  -----  ---------  --------  ----------  --------------  -------------------
/opt/airflow/dags/mfg_pipeline.py    384  0.01s             1           0  0.12s           2025-12-10T22:38:31
================================================================================
[2025-12-10T22:39:31.812+0000] {manager.py:878} INFO - 
================================================================================
DAG File Processing Stats

File Path                            PID  Runtime      # DAGs    # Errors  Last Runtime    Last Run
---------------------------------  -----  ---------  --------  ----------  --------------  -------------------
/opt/airflow/dags/mfg_pipeline.py    389  0.00s             1           0  0.13s           2025-12-10T22:39:01
================================================================================
[2025-12-10T22:40:02.002+0000] {manager.py:878} INFO - 
================================================================================
DAG File Processing Stats

File Path                            PID  Runtime      # DAGs    # Errors  Last Runtime    Last Run
---------------------------------  -----  ---------  --------  ----------  --------------  -------------------
/opt/airflow/dags/mfg_pipeline.py    394  0.00s             1           0  0.13s           2025-12-10T22:39:31
================================================================================
[2025-12-10T22:40:32.347+0000] {manager.py:878} INFO - 
================================================================================
DAG File Processing Stats

File Path                            PID  Runtime      # DAGs    # Errors  Last Runtime    Last Run
---------------------------------  -----  ---------  --------  ----------  --------------  -------------------
/opt/airflow/dags/mfg_pipeline.py    399  0.01s             1           0  0.13s           2025-12-10T22:40:02
================================================================================
[2025-12-10T22:41:02.516+0000] {manager.py:878} INFO - 
================================================================================
DAG File Processing Stats

File Path                          PID    Runtime      # DAGs    # Errors  Last Runtime    Last Run
---------------------------------  -----  ---------  --------  ----------  --------------  -------------------
/opt/airflow/dags/mfg_pipeline.py                           1           0  0.29s           2025-12-10T22:40:32
================================================================================
[2025-12-10T22:41:22.886+0000] {manager.py:737} INFO - Searching for files in /opt/airflow/dags
[2025-12-10T22:41:22.915+0000] {manager.py:740} INFO - There are 1 files in /opt/airflow/dags
[2025-12-10T22:41:33.005+0000] {manager.py:878} INFO - 
================================================================================
DAG File Processing Stats

File Path                            PID  Runtime      # DAGs    # Errors  Last Runtime    Last Run
---------------------------------  -----  ---------  --------  ----------  --------------  -------------------
/opt/airflow/dags/mfg_pipeline.py    409  0.01s             1           0  0.14s           2025-12-10T22:41:02
================================================================================
[2025-12-10T22:42:03.238+0000] {manager.py:878} INFO - 
================================================================================
DAG File Processing Stats

File Path                            PID  Runtime      # DAGs    # Errors  Last Runtime    Last Run
---------------------------------  -----  ---------  --------  ----------  --------------  -------------------
/opt/airflow/dags/mfg_pipeline.py    414  0.00s             1           0  0.15s           2025-12-10T22:41:33
================================================================================
[2025-12-10T22:42:33.532+0000] {manager.py:878} INFO - 
================================================================================
DAG File Processing Stats

File Path                            PID  Runtime      # DAGs    # Errors  Last Runtime    Last Run
---------------------------------  -----  ---------  --------  ----------  --------------  -------------------
/opt/airflow/dags/mfg_pipeline.py    419  0.00s             1           0  0.14s           2025-12-10T22:42:03
================================================================================
[2025-12-10T22:43:03.727+0000] {manager.py:878} INFO - 
================================================================================
DAG File Processing Stats

File Path                            PID  Runtime      # DAGs    # Errors  Last Runtime    Last Run
---------------------------------  -----  ---------  --------  ----------  --------------  -------------------
/opt/airflow/dags/mfg_pipeline.py    424  0.01s             1           0  0.17s           2025-12-10T22:42:33
================================================================================
[2025-12-10T22:43:34.032+0000] {manager.py:878} INFO - 
================================================================================
DAG File Processing Stats

File Path                            PID  Runtime      # DAGs    # Errors  Last Runtime    Last Run
---------------------------------  -----  ---------  --------  ----------  --------------  -------------------
/opt/airflow/dags/mfg_pipeline.py    429  0.00s             1           0  0.18s           2025-12-10T22:43:03
================================================================================
[2025-12-10T22:44:04.214+0000] {manager.py:878} INFO - 
================================================================================
DAG File Processing Stats

File Path                            PID  Runtime      # DAGs    # Errors  Last Runtime    Last Run
---------------------------------  -----  ---------  --------  ----------  --------------  -------------------
/opt/airflow/dags/mfg_pipeline.py    434  0.00s             1           0  0.13s           2025-12-10T22:43:34
================================================================================
[2025-12-10T22:44:34.472+0000] {manager.py:878} INFO - 
================================================================================
DAG File Processing Stats

File Path                            PID  Runtime      # DAGs    # Errors  Last Runtime    Last Run
---------------------------------  -----  ---------  --------  ----------  --------------  -------------------
/opt/airflow/dags/mfg_pipeline.py    439  0.01s             1           0  0.13s           2025-12-10T22:44:04
================================================================================
[2025-12-10T22:45:04.658+0000] {manager.py:878} INFO - 
================================================================================
DAG File Processing Stats

File Path                            PID  Runtime      # DAGs    # Errors  Last Runtime    Last Run
---------------------------------  -----  ---------  --------  ----------  --------------  -------------------
/opt/airflow/dags/mfg_pipeline.py    444  0.00s             1           0  0.14s           2025-12-10T22:44:34
================================================================================
[2025-12-10T22:45:34.929+0000] {manager.py:878} INFO - 
================================================================================
DAG File Processing Stats

File Path                            PID  Runtime      # DAGs    # Errors  Last Runtime    Last Run
---------------------------------  -----  ---------  --------  ----------  --------------  -------------------
/opt/airflow/dags/mfg_pipeline.py    449  0.00s             1           0  0.14s           2025-12-10T22:45:04
================================================================================
[2025-12-10T22:46:05.109+0000] {manager.py:878} INFO - 
================================================================================
DAG File Processing Stats

File Path                            PID  Runtime      # DAGs    # Errors  Last Runtime    Last Run
---------------------------------  -----  ---------  --------  ----------  --------------  -------------------
/opt/airflow/dags/mfg_pipeline.py    454  0.00s             1           0  0.12s           2025-12-10T22:45:35
================================================================================
[2025-12-10T22:46:23.288+0000] {manager.py:737} INFO - Searching for files in /opt/airflow/dags
[2025-12-10T22:46:23.317+0000] {manager.py:740} INFO - There are 1 files in /opt/airflow/dags
[2025-12-10T22:46:35.414+0000] {manager.py:878} INFO - 
================================================================================
DAG File Processing Stats

File Path                            PID  Runtime      # DAGs    # Errors  Last Runtime    Last Run
---------------------------------  -----  ---------  --------  ----------  --------------  -------------------
/opt/airflow/dags/mfg_pipeline.py    459  0.00s             1           0  0.14s           2025-12-10T22:46:05
================================================================================
[2025-12-10T22:47:05.594+0000] {manager.py:878} INFO - 
================================================================================
DAG File Processing Stats

File Path                            PID  Runtime      # DAGs    # Errors  Last Runtime    Last Run
---------------------------------  -----  ---------  --------  ----------  --------------  -------------------
/opt/airflow/dags/mfg_pipeline.py    464  0.00s             1           0  0.13s           2025-12-10T22:46:35
================================================================================
[2025-12-10T22:47:35.855+0000] {manager.py:878} INFO - 
================================================================================
DAG File Processing Stats

File Path                            PID  Runtime      # DAGs    # Errors  Last Runtime    Last Run
---------------------------------  -----  ---------  --------  ----------  --------------  -------------------
/opt/airflow/dags/mfg_pipeline.py    469  0.00s             1           0  0.14s           2025-12-10T22:47:05
================================================================================
[2025-12-10T22:48:06.039+0000] {manager.py:878} INFO - 
================================================================================
DAG File Processing Stats

File Path                            PID  Runtime      # DAGs    # Errors  Last Runtime    Last Run
---------------------------------  -----  ---------  --------  ----------  --------------  -------------------
/opt/airflow/dags/mfg_pipeline.py    474  0.00s             1           0  0.14s           2025-12-10T22:47:35
================================================================================
[2025-12-10T22:48:36.316+0000] {manager.py:878} INFO - 
================================================================================
DAG File Processing Stats

File Path                          PID    Runtime      # DAGs    # Errors  Last Runtime    Last Run
---------------------------------  -----  ---------  --------  ----------  --------------  -------------------
/opt/airflow/dags/mfg_pipeline.py                           1           0  0.22s           2025-12-10T22:48:26
================================================================================
[2025-12-10T22:49:06.759+0000] {manager.py:878} INFO - 
================================================================================
DAG File Processing Stats

File Path                          PID    Runtime      # DAGs    # Errors  Last Runtime    Last Run
---------------------------------  -----  ---------  --------  ----------  --------------  -------------------
/opt/airflow/dags/mfg_pipeline.py                           1           0  0.14s           2025-12-10T22:48:56
================================================================================
[2025-12-10T22:49:36.965+0000] {manager.py:878} INFO - 
================================================================================
DAG File Processing Stats

File Path                          PID    Runtime      # DAGs    # Errors  Last Runtime    Last Run
---------------------------------  -----  ---------  --------  ----------  --------------  -------------------
/opt/airflow/dags/mfg_pipeline.py                           1           0  0.16s           2025-12-10T22:49:27
================================================================================
[2025-12-10T22:50:07.240+0000] {manager.py:878} INFO - 
================================================================================
DAG File Processing Stats

File Path                          PID    Runtime      # DAGs    # Errors  Last Runtime    Last Run
---------------------------------  -----  ---------  --------  ----------  --------------  -------------------
/opt/airflow/dags/mfg_pipeline.py                           1           0  0.15s           2025-12-10T22:49:55
================================================================================
[2025-12-10T22:50:37.424+0000] {manager.py:878} INFO - 
================================================================================
DAG File Processing Stats

File Path                          PID    Runtime      # DAGs    # Errors  Last Runtime    Last Run
---------------------------------  -----  ---------  --------  ----------  --------------  -------------------
/opt/airflow/dags/mfg_pipeline.py                           1           0  0.13s           2025-12-10T22:50:25
================================================================================
[2025-12-10T22:51:07.677+0000] {manager.py:878} INFO - 
================================================================================
DAG File Processing Stats

File Path                          PID    Runtime      # DAGs    # Errors  Last Runtime    Last Run
---------------------------------  -----  ---------  --------  ----------  --------------  -------------------
/opt/airflow/dags/mfg_pipeline.py                           1           0  0.13s           2025-12-10T22:50:55
================================================================================
[2025-12-10T22:51:23.770+0000] {manager.py:737} INFO - Searching for files in /opt/airflow/dags
[2025-12-10T22:51:23.793+0000] {manager.py:740} INFO - There are 1 files in /opt/airflow/dags
[2025-12-10T22:51:37.906+0000] {manager.py:878} INFO - 
================================================================================
DAG File Processing Stats

File Path                          PID    Runtime      # DAGs    # Errors  Last Runtime    Last Run
---------------------------------  -----  ---------  --------  ----------  --------------  -------------------
/opt/airflow/dags/mfg_pipeline.py                           1           0  0.12s           2025-12-10T22:51:25
================================================================================
[2025-12-10T22:52:08.156+0000] {manager.py:878} INFO - 
================================================================================
DAG File Processing Stats

File Path                          PID    Runtime      # DAGs    # Errors  Last Runtime    Last Run
---------------------------------  -----  ---------  --------  ----------  --------------  -------------------
/opt/airflow/dags/mfg_pipeline.py                           1           0  0.13s           2025-12-10T22:51:56
================================================================================
[2025-12-10T22:52:38.354+0000] {manager.py:878} INFO - 
================================================================================
DAG File Processing Stats

File Path                          PID    Runtime      # DAGs    # Errors  Last Runtime    Last Run
---------------------------------  -----  ---------  --------  ----------  --------------  -------------------
/opt/airflow/dags/mfg_pipeline.py                           1           0  0.14s           2025-12-10T22:52:26
================================================================================
[2025-12-10T22:53:08.652+0000] {manager.py:878} INFO - 
================================================================================
DAG File Processing Stats

File Path                          PID    Runtime      # DAGs    # Errors  Last Runtime    Last Run
---------------------------------  -----  ---------  --------  ----------  --------------  -------------------
/opt/airflow/dags/mfg_pipeline.py                           1           0  0.15s           2025-12-10T22:52:56
================================================================================
[2025-12-10T22:53:38.834+0000] {manager.py:878} INFO - 
================================================================================
DAG File Processing Stats

File Path                          PID    Runtime      # DAGs    # Errors  Last Runtime    Last Run
---------------------------------  -----  ---------  --------  ----------  --------------  -------------------
/opt/airflow/dags/mfg_pipeline.py                           1           0  0.14s           2025-12-10T22:53:26
================================================================================
[2025-12-10T22:54:09.114+0000] {manager.py:878} INFO - 
================================================================================
DAG File Processing Stats

File Path                          PID    Runtime      # DAGs    # Errors  Last Runtime    Last Run
---------------------------------  -----  ---------  --------  ----------  --------------  -------------------
/opt/airflow/dags/mfg_pipeline.py                           1           0  0.15s           2025-12-10T22:53:57
================================================================================
[2025-12-10T22:54:39.314+0000] {manager.py:878} INFO - 
================================================================================
DAG File Processing Stats

File Path                          PID    Runtime      # DAGs    # Errors  Last Runtime    Last Run
---------------------------------  -----  ---------  --------  ----------  --------------  -------------------
/opt/airflow/dags/mfg_pipeline.py                           1           0  0.14s           2025-12-10T22:54:27
================================================================================
[2025-12-10T22:55:09.580+0000] {manager.py:878} INFO - 
================================================================================
DAG File Processing Stats

File Path                          PID    Runtime      # DAGs    # Errors  Last Runtime    Last Run
---------------------------------  -----  ---------  --------  ----------  --------------  -------------------
/opt/airflow/dags/mfg_pipeline.py                           1           0  0.14s           2025-12-10T22:54:57
================================================================================
[2025-12-10T22:55:39.768+0000] {manager.py:878} INFO - 
================================================================================
DAG File Processing Stats

File Path                          PID    Runtime      # DAGs    # Errors  Last Runtime    Last Run
---------------------------------  -----  ---------  --------  ----------  --------------  -------------------
/opt/airflow/dags/mfg_pipeline.py                           1           0  0.14s           2025-12-10T22:55:27
================================================================================
[2025-12-10T22:56:10.031+0000] {manager.py:878} INFO - 
================================================================================
DAG File Processing Stats

File Path                          PID    Runtime      # DAGs    # Errors  Last Runtime    Last Run
---------------------------------  -----  ---------  --------  ----------  --------------  -------------------
/opt/airflow/dags/mfg_pipeline.py                           1           0  0.13s           2025-12-10T22:55:58
================================================================================
[2025-12-10T22:56:24.107+0000] {manager.py:737} INFO - Searching for files in /opt/airflow/dags
[2025-12-10T22:56:24.128+0000] {manager.py:740} INFO - There are 1 files in /opt/airflow/dags
[2025-12-10T22:56:40.248+0000] {manager.py:878} INFO - 
================================================================================
DAG File Processing Stats

File Path                          PID    Runtime      # DAGs    # Errors  Last Runtime    Last Run
---------------------------------  -----  ---------  --------  ----------  --------------  -------------------
/opt/airflow/dags/mfg_pipeline.py                           1           0  0.14s           2025-12-10T22:56:28
================================================================================
[2025-12-10T22:57:10.521+0000] {manager.py:878} INFO - 
================================================================================
DAG File Processing Stats

File Path                          PID    Runtime      # DAGs    # Errors  Last Runtime    Last Run
---------------------------------  -----  ---------  --------  ----------  --------------  -------------------
/opt/airflow/dags/mfg_pipeline.py                           1           0  0.14s           2025-12-10T22:56:58
================================================================================
[2025-12-10T22:57:40.729+0000] {manager.py:878} INFO - 
================================================================================
DAG File Processing Stats

File Path                          PID    Runtime      # DAGs    # Errors  Last Runtime    Last Run
---------------------------------  -----  ---------  --------  ----------  --------------  -------------------
/opt/airflow/dags/mfg_pipeline.py                           1           0  0.17s           2025-12-10T22:57:28
================================================================================
[2025-12-10T22:58:11.030+0000] {manager.py:878} INFO - 
================================================================================
DAG File Processing Stats

File Path                          PID    Runtime      # DAGs    # Errors  Last Runtime    Last Run
---------------------------------  -----  ---------  --------  ----------  --------------  -------------------
/opt/airflow/dags/mfg_pipeline.py                           1           0  0.18s           2025-12-10T22:57:59
================================================================================
[2025-12-10T22:58:41.287+0000] {manager.py:878} INFO - 
================================================================================
DAG File Processing Stats

File Path                          PID    Runtime      # DAGs    # Errors  Last Runtime    Last Run
---------------------------------  -----  ---------  --------  ----------  --------------  -------------------
/opt/airflow/dags/mfg_pipeline.py                           1           0  0.18s           2025-12-10T22:58:18
================================================================================
[2025-12-10T22:59:11.537+0000] {manager.py:878} INFO - 
================================================================================
DAG File Processing Stats

File Path                          PID    Runtime      # DAGs    # Errors  Last Runtime    Last Run
---------------------------------  -----  ---------  --------  ----------  --------------  -------------------
/opt/airflow/dags/mfg_pipeline.py                           1           0  0.17s           2025-12-10T22:58:48
================================================================================
[2025-12-10T22:59:41.774+0000] {manager.py:878} INFO - 
================================================================================
DAG File Processing Stats

File Path                          PID    Runtime      # DAGs    # Errors  Last Runtime    Last Run
---------------------------------  -----  ---------  --------  ----------  --------------  -------------------
/opt/airflow/dags/mfg_pipeline.py                           1           0  0.18s           2025-12-10T22:59:18
================================================================================
[2025-12-10T23:00:12.038+0000] {manager.py:878} INFO - 
================================================================================
DAG File Processing Stats

File Path                          PID    Runtime      # DAGs    # Errors  Last Runtime    Last Run
---------------------------------  -----  ---------  --------  ----------  --------------  -------------------
/opt/airflow/dags/mfg_pipeline.py                           1           0  0.15s           2025-12-10T22:59:48
================================================================================
[2025-12-10T23:00:42.305+0000] {manager.py:878} INFO - 
================================================================================
DAG File Processing Stats

File Path                          PID    Runtime      # DAGs    # Errors  Last Runtime    Last Run
---------------------------------  -----  ---------  --------  ----------  --------------  -------------------
/opt/airflow/dags/mfg_pipeline.py                           1           0  0.17s           2025-12-10T23:00:19
================================================================================
[2025-12-10T23:01:12.564+0000] {manager.py:878} INFO - 
================================================================================
DAG File Processing Stats

File Path                          PID    Runtime      # DAGs    # Errors  Last Runtime    Last Run
---------------------------------  -----  ---------  --------  ----------  --------------  -------------------
/opt/airflow/dags/mfg_pipeline.py                           1           0  0.17s           2025-12-10T23:00:49
================================================================================
[2025-12-10T23:01:24.777+0000] {manager.py:737} INFO - Searching for files in /opt/airflow/dags
[2025-12-10T23:01:24.801+0000] {manager.py:740} INFO - There are 1 files in /opt/airflow/dags
[2025-12-10T23:01:42.909+0000] {manager.py:878} INFO - 
================================================================================
DAG File Processing Stats

File Path                          PID    Runtime      # DAGs    # Errors  Last Runtime    Last Run
---------------------------------  -----  ---------  --------  ----------  --------------  -------------------
/opt/airflow/dags/mfg_pipeline.py                           1           0  0.16s           2025-12-10T23:01:19
================================================================================
[2025-12-10T23:02:13.135+0000] {manager.py:878} INFO - 
================================================================================
DAG File Processing Stats

File Path                          PID    Runtime      # DAGs    # Errors  Last Runtime    Last Run
---------------------------------  -----  ---------  --------  ----------  --------------  -------------------
/opt/airflow/dags/mfg_pipeline.py                           1           0  0.23s           2025-12-10T23:01:50
================================================================================
[2025-12-10T23:02:43.540+0000] {manager.py:878} INFO - 
================================================================================
DAG File Processing Stats

File Path                          PID    Runtime      # DAGs    # Errors  Last Runtime    Last Run
---------------------------------  -----  ---------  --------  ----------  --------------  -------------------
/opt/airflow/dags/mfg_pipeline.py                           1           0  0.20s           2025-12-10T23:02:20
================================================================================
[2025-12-10T23:03:13.928+0000] {manager.py:878} INFO - 
================================================================================
DAG File Processing Stats

File Path                          PID    Runtime      # DAGs    # Errors  Last Runtime    Last Run
---------------------------------  -----  ---------  --------  ----------  --------------  -------------------
/opt/airflow/dags/mfg_pipeline.py                           1           0  0.19s           2025-12-10T23:02:50
================================================================================
[2025-12-10T23:03:44.278+0000] {manager.py:878} INFO - 
================================================================================
DAG File Processing Stats

File Path                          PID    Runtime      # DAGs    # Errors  Last Runtime    Last Run
---------------------------------  -----  ---------  --------  ----------  --------------  -------------------
/opt/airflow/dags/mfg_pipeline.py                           1           0  0.15s           2025-12-10T23:03:21
================================================================================
[2025-12-10T23:04:14.581+0000] {manager.py:878} INFO - 
================================================================================
DAG File Processing Stats

File Path                          PID    Runtime      # DAGs    # Errors  Last Runtime    Last Run
---------------------------------  -----  ---------  --------  ----------  --------------  -------------------
/opt/airflow/dags/mfg_pipeline.py                           1           0  0.16s           2025-12-10T23:03:51
================================================================================
[2025-12-10T23:05:47.412+0000] {manager.py:470} INFO - Processing files using up to 2 processes at a time 
[2025-12-10T23:05:47.413+0000] {manager.py:471} INFO - Process each file at most once every 30 seconds
[2025-12-10T23:05:47.414+0000] {manager.py:472} INFO - Checking for new files in /opt/airflow/dags every 300 seconds
[2025-12-10T23:05:47.416+0000] {manager.py:737} INFO - Searching for files in /opt/airflow/dags
[2025-12-10T23:05:47.456+0000] {manager.py:740} INFO - There are 1 files in /opt/airflow/dags
[2025-12-10T23:05:47.604+0000] {manager.py:878} INFO - 
================================================================================
DAG File Processing Stats

File Path                            PID  Runtime      # DAGs    # Errors  Last Runtime    Last Run
---------------------------------  -----  ---------  --------  ----------  --------------  ----------
/opt/airflow/dags/mfg_pipeline.py    203  0.07s             0           0
================================================================================
[2025-12-10T23:06:17.762+0000] {manager.py:878} INFO - 
================================================================================
DAG File Processing Stats

File Path                          PID    Runtime      # DAGs    # Errors  Last Runtime    Last Run
---------------------------------  -----  ---------  --------  ----------  --------------  -------------------
/opt/airflow/dags/mfg_pipeline.py                           1           0  0.69s           2025-12-10T23:05:48
================================================================================
[2025-12-10T23:06:48.625+0000] {manager.py:878} INFO - 
================================================================================
DAG File Processing Stats

File Path                            PID  Runtime      # DAGs    # Errors  Last Runtime    Last Run
---------------------------------  -----  ---------  --------  ----------  --------------  -------------------
/opt/airflow/dags/mfg_pipeline.py    222  0.01s             1           0  0.15s           2025-12-10T23:06:18
================================================================================
[2025-12-10T23:07:18.961+0000] {manager.py:878} INFO - 
================================================================================
DAG File Processing Stats

File Path                            PID  Runtime      # DAGs    # Errors  Last Runtime    Last Run
---------------------------------  -----  ---------  --------  ----------  --------------  -------------------
/opt/airflow/dags/mfg_pipeline.py    227  0.01s             1           0  0.16s           2025-12-10T23:06:48
================================================================================
[2025-12-10T23:07:49.152+0000] {manager.py:878} INFO - 
================================================================================
DAG File Processing Stats

File Path                          PID    Runtime      # DAGs    # Errors  Last Runtime    Last Run
---------------------------------  -----  ---------  --------  ----------  --------------  -------------------
/opt/airflow/dags/mfg_pipeline.py                           1           0  0.23s           2025-12-10T23:07:19
================================================================================
[2025-12-10T23:08:19.509+0000] {manager.py:878} INFO - 
================================================================================
DAG File Processing Stats

File Path                          PID    Runtime      # DAGs    # Errors  Last Runtime    Last Run
---------------------------------  -----  ---------  --------  ----------  --------------  -------------------
/opt/airflow/dags/mfg_pipeline.py                           1           0  0.17s           2025-12-10T23:07:49
================================================================================
[2025-12-10T23:08:49.848+0000] {manager.py:878} INFO - 
================================================================================
DAG File Processing Stats

File Path                            PID  Runtime      # DAGs    # Errors  Last Runtime    Last Run
---------------------------------  -----  ---------  --------  ----------  --------------  -------------------
/opt/airflow/dags/mfg_pipeline.py    242  0.00s             1           0  0.14s           2025-12-10T23:08:19
================================================================================
[2025-12-10T23:09:20.138+0000] {manager.py:878} INFO - 
================================================================================
DAG File Processing Stats

File Path                            PID  Runtime      # DAGs    # Errors  Last Runtime    Last Run
---------------------------------  -----  ---------  --------  ----------  --------------  -------------------
/opt/airflow/dags/mfg_pipeline.py    247  0.00s             1           0  0.13s           2025-12-10T23:08:49
================================================================================
[2025-12-10T23:09:50.318+0000] {manager.py:878} INFO - 
================================================================================
DAG File Processing Stats

File Path                            PID  Runtime      # DAGs    # Errors  Last Runtime    Last Run
---------------------------------  -----  ---------  --------  ----------  --------------  -------------------
/opt/airflow/dags/mfg_pipeline.py    252  0.00s             1           0  0.13s           2025-12-10T23:09:20
================================================================================
[2025-12-10T23:10:20.578+0000] {manager.py:878} INFO - 
================================================================================
DAG File Processing Stats

File Path                            PID  Runtime      # DAGs    # Errors  Last Runtime    Last Run
---------------------------------  -----  ---------  --------  ----------  --------------  -------------------
/opt/airflow/dags/mfg_pipeline.py    257  0.01s             1           0  0.13s           2025-12-10T23:09:50
================================================================================
[2025-12-10T23:10:47.744+0000] {manager.py:737} INFO - Searching for files in /opt/airflow/dags
[2025-12-10T23:10:47.775+0000] {manager.py:740} INFO - There are 1 files in /opt/airflow/dags
[2025-12-10T23:10:50.830+0000] {manager.py:878} INFO - 
================================================================================
DAG File Processing Stats

File Path                            PID  Runtime      # DAGs    # Errors  Last Runtime    Last Run
---------------------------------  -----  ---------  --------  ----------  --------------  -------------------
/opt/airflow/dags/mfg_pipeline.py    262  0.00s             1           0  0.15s           2025-12-10T23:10:20
================================================================================
[2025-12-10T23:11:14.755+0000] {manager.py:452} INFO - Exiting gracefully upon receiving signal 15
