[2025-12-17T11:25:47.168+0000] {local_task_job_runner.py:120} INFO - ::group::Pre task execution logs
[2025-12-17T11:25:47.216+0000] {taskinstance.py:2073} INFO - Dependencies all met for dep_context=non-requeueable deps ti=<TaskInstance: mfg_data_quality_monitoring_dag.dq_check_raw_vs_core_rowcounts scheduled__2025-12-16T05:30:00+00:00 [queued]>
[2025-12-17T11:25:47.227+0000] {taskinstance.py:2073} INFO - Dependencies all met for dep_context=requeueable deps ti=<TaskInstance: mfg_data_quality_monitoring_dag.dq_check_raw_vs_core_rowcounts scheduled__2025-12-16T05:30:00+00:00 [queued]>
[2025-12-17T11:25:47.228+0000] {taskinstance.py:2303} INFO - Starting attempt 1 of 2
[2025-12-17T11:25:47.247+0000] {taskinstance.py:2327} INFO - Executing <Task(PythonOperator): dq_check_raw_vs_core_rowcounts> on 2025-12-16 05:30:00+00:00
[2025-12-17T11:25:47.267+0000] {logging_mixin.py:188} WARNING - /home/***/.local/lib/python3.12/site-packages/***/task/task_runner/standard_task_runner.py:61 DeprecationWarning: This process (pid=2667) is multi-threaded, use of fork() may lead to deadlocks in the child.
[2025-12-17T11:25:47.263+0000] {standard_task_runner.py:90} INFO - Running: ['***', 'tasks', 'run', 'mfg_data_quality_monitoring_dag', 'dq_check_raw_vs_core_rowcounts', 'scheduled__2025-12-16T05:30:00+00:00', '--job-id', '19', '--raw', '--subdir', 'DAGS_FOLDER/mfg_data_quality_monitoring_dag.py', '--cfg-path', '/tmp/tmps210491k']
[2025-12-17T11:25:47.269+0000] {standard_task_runner.py:63} INFO - Started process 2692 to run task
[2025-12-17T11:25:47.269+0000] {standard_task_runner.py:91} INFO - Job 19: Subtask dq_check_raw_vs_core_rowcounts
[2025-12-17T11:25:47.366+0000] {task_command.py:426} INFO - Running <TaskInstance: mfg_data_quality_monitoring_dag.dq_check_raw_vs_core_rowcounts scheduled__2025-12-16T05:30:00+00:00 [running]> on host ada33a2b5ec7
[2025-12-17T11:25:47.530+0000] {taskinstance.py:2644} INFO - Exporting env vars: AIRFLOW_CTX_DAG_OWNER='data-eng' AIRFLOW_CTX_DAG_ID='mfg_data_quality_monitoring_dag' AIRFLOW_CTX_TASK_ID='dq_check_raw_vs_core_rowcounts' AIRFLOW_CTX_EXECUTION_DATE='2025-12-16T05:30:00+00:00' AIRFLOW_CTX_TRY_NUMBER='1' AIRFLOW_CTX_DAG_RUN_ID='scheduled__2025-12-16T05:30:00+00:00'
[2025-12-17T11:25:47.532+0000] {taskinstance.py:430} INFO - ::endgroup::
[2025-12-17T11:25:47.556+0000] {connection.py:521} INFO - Snowflake Connector for Python Version: 3.18.0, Python Version: 3.12.2, Platform: Linux-6.6.87.2-microsoft-standard-WSL2-x86_64-with-glibc2.36
[2025-12-17T11:25:47.558+0000] {connection.py:1464} INFO - Connecting to GLOBAL Snowflake domain
[2025-12-17T11:25:50.373+0000] {taskinstance.py:441} INFO - ::group::Post task execution logs
[2025-12-17T11:25:50.375+0000] {taskinstance.py:2890} ERROR - Task failed with exception
Traceback (most recent call last):
  File "/home/airflow/.local/lib/python3.12/site-packages/airflow/models/taskinstance.py", line 460, in _execute_task
    result = _execute_callable(context=context, **execute_callable_kwargs)
             ^^^^^^^^^^^^^^^^^^^^^^^^^^^^^^^^^^^^^^^^^^^^^^^^^^^^^^^^^^^^^
  File "/home/airflow/.local/lib/python3.12/site-packages/airflow/models/taskinstance.py", line 432, in _execute_callable
    return execute_callable(context=context, **execute_callable_kwargs)
           ^^^^^^^^^^^^^^^^^^^^^^^^^^^^^^^^^^^^^^^^^^^^^^^^^^^^^^^^^^^^
  File "/home/airflow/.local/lib/python3.12/site-packages/airflow/models/baseoperator.py", line 400, in wrapper
    return func(self, *args, **kwargs)
           ^^^^^^^^^^^^^^^^^^^^^^^^^^^
  File "/home/airflow/.local/lib/python3.12/site-packages/airflow/operators/python.py", line 235, in execute
    return_value = self.execute_callable()
                   ^^^^^^^^^^^^^^^^^^^^^^^
  File "/home/airflow/.local/lib/python3.12/site-packages/airflow/operators/python.py", line 252, in execute_callable
    return self.python_callable(*self.op_args, **self.op_kwargs)
           ^^^^^^^^^^^^^^^^^^^^^^^^^^^^^^^^^^^^^^^^^^^^^^^^^^^^^
  File "/opt/airflow/dags/mfg_data_quality_monitoring_dag.py", line 93, in dq_check_raw_vs_core_rowcounts
    core_cnt = _fetch_one(cur, f"SELECT COUNT(*) FROM {core_tbl}")
               ^^^^^^^^^^^^^^^^^^^^^^^^^^^^^^^^^^^^^^^^^^^^^^^^^^^
  File "/opt/airflow/dags/mfg_data_quality_monitoring_dag.py", line 74, in _fetch_one
    cur.execute(sql, params or ())
  File "/home/airflow/.local/lib/python3.12/site-packages/snowflake/connector/cursor.py", line 1134, in execute
    Error.errorhandler_wrapper(self.connection, self, error_class, errvalue)
  File "/home/airflow/.local/lib/python3.12/site-packages/snowflake/connector/errors.py", line 286, in errorhandler_wrapper
    handed_over = Error.hand_to_other_handler(
                  ^^^^^^^^^^^^^^^^^^^^^^^^^^^^
  File "/home/airflow/.local/lib/python3.12/site-packages/snowflake/connector/errors.py", line 341, in hand_to_other_handler
    cursor.errorhandler(connection, cursor, error_class, error_value)
  File "/home/airflow/.local/lib/python3.12/site-packages/snowflake/connector/errors.py", line 217, in default_errorhandler
    raise error_class(
snowflake.connector.errors.ProgrammingError: 002003 (42S02): 01c11c0d-0107-4c30-0013-40ff0016d88e: SQL compilation error:
Object 'MFG_ACCELERATOR.CORE.CORE_MATERIALS' does not exist or not authorized.
[2025-12-17T11:25:50.391+0000] {taskinstance.py:1205} INFO - Marking task as UP_FOR_RETRY. dag_id=mfg_data_quality_monitoring_dag, task_id=dq_check_raw_vs_core_rowcounts, execution_date=20251216T053000, start_date=20251217T112547, end_date=20251217T112550
[2025-12-17T11:25:50.405+0000] {standard_task_runner.py:110} ERROR - Failed to execute job 19 for task dq_check_raw_vs_core_rowcounts (002003 (42S02): 01c11c0d-0107-4c30-0013-40ff0016d88e: SQL compilation error:
Object 'MFG_ACCELERATOR.CORE.CORE_MATERIALS' does not exist or not authorized.; 2692)
[2025-12-17T11:25:50.418+0000] {local_task_job_runner.py:240} INFO - Task exited with return code 1
[2025-12-17T11:25:50.454+0000] {taskinstance.py:3482} INFO - 0 downstream tasks scheduled from follow-on schedule check
[2025-12-17T11:25:50.459+0000] {local_task_job_runner.py:222} INFO - ::endgroup::
[2025-12-17T13:04:52.832+0000] {local_task_job_runner.py:120} INFO - ::group::Pre task execution logs
[2025-12-17T13:04:52.895+0000] {taskinstance.py:2073} INFO - Dependencies all met for dep_context=non-requeueable deps ti=<TaskInstance: mfg_data_quality_monitoring_dag.dq_check_raw_vs_core_rowcounts scheduled__2025-12-16T05:30:00+00:00 [queued]>
[2025-12-17T13:04:52.912+0000] {taskinstance.py:2073} INFO - Dependencies all met for dep_context=requeueable deps ti=<TaskInstance: mfg_data_quality_monitoring_dag.dq_check_raw_vs_core_rowcounts scheduled__2025-12-16T05:30:00+00:00 [queued]>
[2025-12-17T13:04:52.913+0000] {taskinstance.py:2303} INFO - Starting attempt 1 of 2
[2025-12-17T13:04:52.937+0000] {taskinstance.py:2327} INFO - Executing <Task(PythonOperator): dq_check_raw_vs_core_rowcounts> on 2025-12-16 05:30:00+00:00
[2025-12-17T13:04:52.963+0000] {standard_task_runner.py:90} INFO - Running: ['***', 'tasks', 'run', 'mfg_data_quality_monitoring_dag', 'dq_check_raw_vs_core_rowcounts', 'scheduled__2025-12-16T05:30:00+00:00', '--job-id', '10', '--raw', '--subdir', 'DAGS_FOLDER/mfg_data_quality_monitoring_dag.py', '--cfg-path', '/tmp/tmpm3lk4kj7']
[2025-12-17T13:04:52.972+0000] {standard_task_runner.py:91} INFO - Job 10: Subtask dq_check_raw_vs_core_rowcounts
[2025-12-17T13:04:52.972+0000] {logging_mixin.py:188} WARNING - /home/***/.local/lib/python3.12/site-packages/***/task/task_runner/standard_task_runner.py:61 DeprecationWarning: This process (pid=753) is multi-threaded, use of fork() may lead to deadlocks in the child.
[2025-12-17T13:04:52.973+0000] {standard_task_runner.py:63} INFO - Started process 772 to run task
[2025-12-17T13:04:53.108+0000] {task_command.py:426} INFO - Running <TaskInstance: mfg_data_quality_monitoring_dag.dq_check_raw_vs_core_rowcounts scheduled__2025-12-16T05:30:00+00:00 [running]> on host 84fc30c39b31
[2025-12-17T13:04:53.313+0000] {taskinstance.py:2644} INFO - Exporting env vars: AIRFLOW_CTX_DAG_OWNER='data-eng' AIRFLOW_CTX_DAG_ID='mfg_data_quality_monitoring_dag' AIRFLOW_CTX_TASK_ID='dq_check_raw_vs_core_rowcounts' AIRFLOW_CTX_EXECUTION_DATE='2025-12-16T05:30:00+00:00' AIRFLOW_CTX_TRY_NUMBER='1' AIRFLOW_CTX_DAG_RUN_ID='scheduled__2025-12-16T05:30:00+00:00'
[2025-12-17T13:04:53.317+0000] {taskinstance.py:430} INFO - ::endgroup::
[2025-12-17T13:04:53.352+0000] {connection.py:414} INFO - Snowflake Connector for Python Version: 3.12.0, Python Version: 3.12.2, Platform: Linux-6.6.87.2-microsoft-standard-WSL2-x86_64-with-glibc2.36
[2025-12-17T13:04:53.355+0000] {connection.py:1187} INFO - Connecting to GLOBAL Snowflake domain
[2025-12-17T13:04:53.356+0000] {connection.py:1268} INFO - This connection is in OCSP Fail Open Mode. TLS Certificates would be checked for validity and revocation status. Any other Certificate Revocation related exceptions or OCSP Responder failures would be disregarded in favor of connectivity.
[2025-12-17T13:04:55.396+0000] {cursor.py:1156} INFO - Number of results in first chunk: 1
[2025-12-17T13:04:55.715+0000] {connection.py:779} INFO - closed
[2025-12-17T13:04:55.942+0000] {connection.py:785} INFO - No async queries seem to be running, deleting session
[2025-12-17T13:04:56.177+0000] {taskinstance.py:441} INFO - ::group::Post task execution logs
[2025-12-17T13:04:56.178+0000] {taskinstance.py:2890} ERROR - Task failed with exception
Traceback (most recent call last):
  File "/home/airflow/.local/lib/python3.12/site-packages/airflow/models/taskinstance.py", line 460, in _execute_task
    result = _execute_callable(context=context, **execute_callable_kwargs)
             ^^^^^^^^^^^^^^^^^^^^^^^^^^^^^^^^^^^^^^^^^^^^^^^^^^^^^^^^^^^^^
  File "/home/airflow/.local/lib/python3.12/site-packages/airflow/models/taskinstance.py", line 432, in _execute_callable
    return execute_callable(context=context, **execute_callable_kwargs)
           ^^^^^^^^^^^^^^^^^^^^^^^^^^^^^^^^^^^^^^^^^^^^^^^^^^^^^^^^^^^^
  File "/home/airflow/.local/lib/python3.12/site-packages/airflow/models/baseoperator.py", line 400, in wrapper
    return func(self, *args, **kwargs)
           ^^^^^^^^^^^^^^^^^^^^^^^^^^^
  File "/home/airflow/.local/lib/python3.12/site-packages/airflow/operators/python.py", line 235, in execute
    return_value = self.execute_callable()
                   ^^^^^^^^^^^^^^^^^^^^^^^
  File "/home/airflow/.local/lib/python3.12/site-packages/airflow/operators/python.py", line 252, in execute_callable
    return self.python_callable(*self.op_args, **self.op_kwargs)
           ^^^^^^^^^^^^^^^^^^^^^^^^^^^^^^^^^^^^^^^^^^^^^^^^^^^^^
  File "/opt/airflow/dags/mfg_data_quality_monitoring_dag.py", line 93, in dq_check_raw_vs_core_rowcounts
    core_cnt = _fetch_one(cur, f"SELECT COUNT(*) FROM {core_tbl}")
               ^^^^^^^^^^^^^^^^^^^^^^^^^^^^^^^^^^^^^^^^^^^^^^^^^^^
  File "/opt/airflow/dags/mfg_data_quality_monitoring_dag.py", line 74, in _fetch_one
    cur.execute(sql, params or ())
  File "/home/airflow/.local/lib/python3.12/site-packages/snowflake/connector/cursor.py", line 1087, in execute
    Error.errorhandler_wrapper(self.connection, self, error_class, errvalue)
  File "/home/airflow/.local/lib/python3.12/site-packages/snowflake/connector/errors.py", line 290, in errorhandler_wrapper
    handed_over = Error.hand_to_other_handler(
                  ^^^^^^^^^^^^^^^^^^^^^^^^^^^^
  File "/home/airflow/.local/lib/python3.12/site-packages/snowflake/connector/errors.py", line 345, in hand_to_other_handler
    cursor.errorhandler(connection, cursor, error_class, error_value)
  File "/home/airflow/.local/lib/python3.12/site-packages/snowflake/connector/errors.py", line 221, in default_errorhandler
    raise error_class(
snowflake.connector.errors.ProgrammingError: 002003 (42S02): 01c11c70-0107-48e8-0013-40ff00170806: SQL compilation error:
Object 'MFG_ACCELERATOR.CORE.CORE_MATERIALS' does not exist or not authorized.
[2025-12-17T13:04:56.193+0000] {taskinstance.py:1205} INFO - Marking task as UP_FOR_RETRY. dag_id=mfg_data_quality_monitoring_dag, task_id=dq_check_raw_vs_core_rowcounts, execution_date=20251216T053000, start_date=20251217T130452, end_date=20251217T130456
[2025-12-17T13:04:56.207+0000] {standard_task_runner.py:110} ERROR - Failed to execute job 10 for task dq_check_raw_vs_core_rowcounts (002003 (42S02): 01c11c70-0107-48e8-0013-40ff00170806: SQL compilation error:
Object 'MFG_ACCELERATOR.CORE.CORE_MATERIALS' does not exist or not authorized.; 772)
[2025-12-17T13:04:56.249+0000] {local_task_job_runner.py:240} INFO - Task exited with return code 1
[2025-12-17T13:04:56.274+0000] {taskinstance.py:3482} INFO - 0 downstream tasks scheduled from follow-on schedule check
[2025-12-17T13:04:56.278+0000] {local_task_job_runner.py:222} INFO - ::endgroup::
[2025-12-17T13:14:01.241+0000] {local_task_job_runner.py:120} INFO - ::group::Pre task execution logs
[2025-12-17T13:14:01.286+0000] {taskinstance.py:2073} INFO - Dependencies all met for dep_context=non-requeueable deps ti=<TaskInstance: mfg_data_quality_monitoring_dag.dq_check_raw_vs_core_rowcounts scheduled__2025-12-16T05:30:00+00:00 [queued]>
[2025-12-17T13:14:01.297+0000] {taskinstance.py:2073} INFO - Dependencies all met for dep_context=requeueable deps ti=<TaskInstance: mfg_data_quality_monitoring_dag.dq_check_raw_vs_core_rowcounts scheduled__2025-12-16T05:30:00+00:00 [queued]>
[2025-12-17T13:14:01.298+0000] {taskinstance.py:2303} INFO - Starting attempt 1 of 2
[2025-12-17T13:14:01.317+0000] {taskinstance.py:2327} INFO - Executing <Task(PythonOperator): dq_check_raw_vs_core_rowcounts> on 2025-12-16 05:30:00+00:00
[2025-12-17T13:14:01.330+0000] {logging_mixin.py:188} WARNING - /home/***/.local/lib/python3.12/site-packages/***/task/task_runner/standard_task_runner.py:61 DeprecationWarning: This process (pid=1632) is multi-threaded, use of fork() may lead to deadlocks in the child.
[2025-12-17T13:14:01.329+0000] {standard_task_runner.py:90} INFO - Running: ['***', 'tasks', 'run', 'mfg_data_quality_monitoring_dag', 'dq_check_raw_vs_core_rowcounts', 'scheduled__2025-12-16T05:30:00+00:00', '--job-id', '37', '--raw', '--subdir', 'DAGS_FOLDER/mfg_data_quality_monitoring_dag.py', '--cfg-path', '/tmp/tmpqrylltkb']
[2025-12-17T13:14:01.334+0000] {standard_task_runner.py:63} INFO - Started process 1640 to run task
[2025-12-17T13:14:01.334+0000] {standard_task_runner.py:91} INFO - Job 37: Subtask dq_check_raw_vs_core_rowcounts
[2025-12-17T13:14:01.435+0000] {task_command.py:426} INFO - Running <TaskInstance: mfg_data_quality_monitoring_dag.dq_check_raw_vs_core_rowcounts scheduled__2025-12-16T05:30:00+00:00 [running]> on host 84fc30c39b31
[2025-12-17T13:14:01.588+0000] {taskinstance.py:2644} INFO - Exporting env vars: AIRFLOW_CTX_DAG_OWNER='data-eng' AIRFLOW_CTX_DAG_ID='mfg_data_quality_monitoring_dag' AIRFLOW_CTX_TASK_ID='dq_check_raw_vs_core_rowcounts' AIRFLOW_CTX_EXECUTION_DATE='2025-12-16T05:30:00+00:00' AIRFLOW_CTX_TRY_NUMBER='1' AIRFLOW_CTX_DAG_RUN_ID='scheduled__2025-12-16T05:30:00+00:00'
[2025-12-17T13:14:01.590+0000] {taskinstance.py:430} INFO - ::endgroup::
[2025-12-17T13:14:01.613+0000] {connection.py:414} INFO - Snowflake Connector for Python Version: 3.12.0, Python Version: 3.12.2, Platform: Linux-6.6.87.2-microsoft-standard-WSL2-x86_64-with-glibc2.36
[2025-12-17T13:14:01.615+0000] {connection.py:1187} INFO - Connecting to GLOBAL Snowflake domain
[2025-12-17T13:14:01.617+0000] {connection.py:1268} INFO - This connection is in OCSP Fail Open Mode. TLS Certificates would be checked for validity and revocation status. Any other Certificate Revocation related exceptions or OCSP Responder failures would be disregarded in favor of connectivity.
[2025-12-17T13:14:03.227+0000] {cursor.py:1156} INFO - Number of results in first chunk: 1
[2025-12-17T13:14:03.524+0000] {connection.py:779} INFO - closed
[2025-12-17T13:14:03.746+0000] {connection.py:785} INFO - No async queries seem to be running, deleting session
[2025-12-17T13:14:03.971+0000] {taskinstance.py:441} INFO - ::group::Post task execution logs
[2025-12-17T13:14:03.972+0000] {taskinstance.py:2890} ERROR - Task failed with exception
Traceback (most recent call last):
  File "/home/airflow/.local/lib/python3.12/site-packages/airflow/models/taskinstance.py", line 460, in _execute_task
    result = _execute_callable(context=context, **execute_callable_kwargs)
             ^^^^^^^^^^^^^^^^^^^^^^^^^^^^^^^^^^^^^^^^^^^^^^^^^^^^^^^^^^^^^
  File "/home/airflow/.local/lib/python3.12/site-packages/airflow/models/taskinstance.py", line 432, in _execute_callable
    return execute_callable(context=context, **execute_callable_kwargs)
           ^^^^^^^^^^^^^^^^^^^^^^^^^^^^^^^^^^^^^^^^^^^^^^^^^^^^^^^^^^^^
  File "/home/airflow/.local/lib/python3.12/site-packages/airflow/models/baseoperator.py", line 400, in wrapper
    return func(self, *args, **kwargs)
           ^^^^^^^^^^^^^^^^^^^^^^^^^^^
  File "/home/airflow/.local/lib/python3.12/site-packages/airflow/operators/python.py", line 235, in execute
    return_value = self.execute_callable()
                   ^^^^^^^^^^^^^^^^^^^^^^^
  File "/home/airflow/.local/lib/python3.12/site-packages/airflow/operators/python.py", line 252, in execute_callable
    return self.python_callable(*self.op_args, **self.op_kwargs)
           ^^^^^^^^^^^^^^^^^^^^^^^^^^^^^^^^^^^^^^^^^^^^^^^^^^^^^
  File "/opt/airflow/dags/mfg_data_quality_monitoring_dag.py", line 93, in dq_check_raw_vs_core_rowcounts
    core_cnt = _fetch_one(cur, f"SELECT COUNT(*) FROM {core_tbl}")
               ^^^^^^^^^^^^^^^^^^^^^^^^^^^^^^^^^^^^^^^^^^^^^^^^^^^
  File "/opt/airflow/dags/mfg_data_quality_monitoring_dag.py", line 74, in _fetch_one
    cur.execute(sql, params or ())
  File "/home/airflow/.local/lib/python3.12/site-packages/snowflake/connector/cursor.py", line 1087, in execute
    Error.errorhandler_wrapper(self.connection, self, error_class, errvalue)
  File "/home/airflow/.local/lib/python3.12/site-packages/snowflake/connector/errors.py", line 290, in errorhandler_wrapper
    handed_over = Error.hand_to_other_handler(
                  ^^^^^^^^^^^^^^^^^^^^^^^^^^^^
  File "/home/airflow/.local/lib/python3.12/site-packages/snowflake/connector/errors.py", line 345, in hand_to_other_handler
    cursor.errorhandler(connection, cursor, error_class, error_value)
  File "/home/airflow/.local/lib/python3.12/site-packages/snowflake/connector/errors.py", line 221, in default_errorhandler
    raise error_class(
snowflake.connector.errors.ProgrammingError: 002003 (42S02): 01c11c7a-0107-4c39-0013-40ff00171a26: SQL compilation error:
Object 'MFG_ACCELERATOR.CORE.CORE_MATERIALS' does not exist or not authorized.
[2025-12-17T13:14:03.996+0000] {taskinstance.py:1205} INFO - Marking task as UP_FOR_RETRY. dag_id=mfg_data_quality_monitoring_dag, task_id=dq_check_raw_vs_core_rowcounts, execution_date=20251216T053000, start_date=20251217T131401, end_date=20251217T131403
[2025-12-17T13:14:04.008+0000] {standard_task_runner.py:110} ERROR - Failed to execute job 37 for task dq_check_raw_vs_core_rowcounts (002003 (42S02): 01c11c7a-0107-4c39-0013-40ff00171a26: SQL compilation error:
Object 'MFG_ACCELERATOR.CORE.CORE_MATERIALS' does not exist or not authorized.; 1640)
[2025-12-17T13:14:04.046+0000] {local_task_job_runner.py:240} INFO - Task exited with return code 1
[2025-12-17T13:14:04.071+0000] {taskinstance.py:3482} INFO - 0 downstream tasks scheduled from follow-on schedule check
[2025-12-17T13:14:04.075+0000] {local_task_job_runner.py:222} INFO - ::endgroup::
[2025-12-17T13:19:17.025+0000] {local_task_job_runner.py:120} INFO - ::group::Pre task execution logs
[2025-12-17T13:19:17.072+0000] {taskinstance.py:2073} INFO - Dependencies all met for dep_context=non-requeueable deps ti=<TaskInstance: mfg_data_quality_monitoring_dag.dq_check_raw_vs_core_rowcounts scheduled__2025-12-16T05:30:00+00:00 [queued]>
[2025-12-17T13:19:17.083+0000] {taskinstance.py:2073} INFO - Dependencies all met for dep_context=requeueable deps ti=<TaskInstance: mfg_data_quality_monitoring_dag.dq_check_raw_vs_core_rowcounts scheduled__2025-12-16T05:30:00+00:00 [queued]>
[2025-12-17T13:19:17.084+0000] {taskinstance.py:2303} INFO - Starting attempt 1 of 2
[2025-12-17T13:19:17.102+0000] {taskinstance.py:2327} INFO - Executing <Task(PythonOperator): dq_check_raw_vs_core_rowcounts> on 2025-12-16 05:30:00+00:00
[2025-12-17T13:19:17.119+0000] {logging_mixin.py:188} WARNING - /home/***/.local/lib/python3.12/site-packages/***/task/task_runner/standard_task_runner.py:61 DeprecationWarning: This process (pid=1899) is multi-threaded, use of fork() may lead to deadlocks in the child.
[2025-12-17T13:19:17.117+0000] {standard_task_runner.py:90} INFO - Running: ['***', 'tasks', 'run', 'mfg_data_quality_monitoring_dag', 'dq_check_raw_vs_core_rowcounts', 'scheduled__2025-12-16T05:30:00+00:00', '--job-id', '39', '--raw', '--subdir', 'DAGS_FOLDER/mfg_data_quality_monitoring_dag.py', '--cfg-path', '/tmp/tmpq4_bwo5m']
[2025-12-17T13:19:17.122+0000] {standard_task_runner.py:91} INFO - Job 39: Subtask dq_check_raw_vs_core_rowcounts
[2025-12-17T13:19:17.122+0000] {standard_task_runner.py:63} INFO - Started process 1909 to run task
[2025-12-17T13:19:17.238+0000] {task_command.py:426} INFO - Running <TaskInstance: mfg_data_quality_monitoring_dag.dq_check_raw_vs_core_rowcounts scheduled__2025-12-16T05:30:00+00:00 [running]> on host 84fc30c39b31
[2025-12-17T13:19:17.400+0000] {taskinstance.py:2644} INFO - Exporting env vars: AIRFLOW_CTX_DAG_OWNER='data-eng' AIRFLOW_CTX_DAG_ID='mfg_data_quality_monitoring_dag' AIRFLOW_CTX_TASK_ID='dq_check_raw_vs_core_rowcounts' AIRFLOW_CTX_EXECUTION_DATE='2025-12-16T05:30:00+00:00' AIRFLOW_CTX_TRY_NUMBER='1' AIRFLOW_CTX_DAG_RUN_ID='scheduled__2025-12-16T05:30:00+00:00'
[2025-12-17T13:19:17.402+0000] {taskinstance.py:430} INFO - ::endgroup::
[2025-12-17T13:19:17.425+0000] {connection.py:414} INFO - Snowflake Connector for Python Version: 3.12.0, Python Version: 3.12.2, Platform: Linux-6.6.87.2-microsoft-standard-WSL2-x86_64-with-glibc2.36
[2025-12-17T13:19:17.428+0000] {connection.py:1187} INFO - Connecting to GLOBAL Snowflake domain
[2025-12-17T13:19:17.429+0000] {connection.py:1268} INFO - This connection is in OCSP Fail Open Mode. TLS Certificates would be checked for validity and revocation status. Any other Certificate Revocation related exceptions or OCSP Responder failures would be disregarded in favor of connectivity.
[2025-12-17T13:19:19.478+0000] {cursor.py:1156} INFO - Number of results in first chunk: 1
[2025-12-17T13:19:19.833+0000] {cursor.py:1156} INFO - Number of results in first chunk: 1
[2025-12-17T13:19:20.382+0000] {cursor.py:1156} INFO - Number of results in first chunk: 1
[2025-12-17T13:19:20.672+0000] {cursor.py:1156} INFO - Number of results in first chunk: 1
[2025-12-17T13:19:21.230+0000] {cursor.py:1156} INFO - Number of results in first chunk: 1
[2025-12-17T13:19:21.539+0000] {cursor.py:1156} INFO - Number of results in first chunk: 1
[2025-12-17T13:19:21.540+0000] {connection.py:779} INFO - closed
[2025-12-17T13:19:21.742+0000] {connection.py:785} INFO - No async queries seem to be running, deleting session
[2025-12-17T13:19:21.989+0000] {python.py:237} INFO - Done. Returned value was: [CheckResult(check_name='rowcount_reconcile_materials', severity='WARN', status='PASS', details={'raw_table': 'MFG_ACCELERATOR.RAW.MATERIALS', 'core_table': 'MFG_ACCELERATOR.CORE.CORE_MATERIALS', 'raw_count': 500, 'core_count': 500}), CheckResult(check_name='rowcount_reconcile_batches', severity='WARN', status='PASS', details={'raw_table': 'MFG_ACCELERATOR.RAW.BATCHES', 'core_table': 'MFG_ACCELERATOR.CORE.CORE_BATCHES', 'raw_count': 10000, 'core_count': 10000}), CheckResult(check_name='rowcount_reconcile_production_orders', severity='WARN', status='PASS', details={'raw_table': 'MFG_ACCELERATOR.RAW.PRODUCTION_ORDERS', 'core_table': 'MFG_ACCELERATOR.CORE.FCT_PRODUCTION_ORDERS', 'raw_count': 10000, 'core_count': 10000})]
[2025-12-17T13:19:21.990+0000] {taskinstance.py:441} INFO - ::group::Post task execution logs
[2025-12-17T13:19:22.023+0000] {taskinstance.py:1205} INFO - Marking task as SUCCESS. dag_id=mfg_data_quality_monitoring_dag, task_id=dq_check_raw_vs_core_rowcounts, execution_date=20251216T053000, start_date=20251217T131917, end_date=20251217T131922
[2025-12-17T13:19:22.078+0000] {local_task_job_runner.py:240} INFO - Task exited with return code 0
[2025-12-17T13:19:22.102+0000] {taskinstance.py:3482} INFO - 0 downstream tasks scheduled from follow-on schedule check
[2025-12-17T13:19:22.107+0000] {local_task_job_runner.py:222} INFO - ::endgroup::
[2025-12-17T13:30:16.636+0000] {local_task_job_runner.py:120} INFO - ::group::Pre task execution logs
[2025-12-17T13:30:16.696+0000] {taskinstance.py:2073} INFO - Dependencies all met for dep_context=non-requeueable deps ti=<TaskInstance: mfg_data_quality_monitoring_dag.dq_check_raw_vs_core_rowcounts scheduled__2025-12-16T05:30:00+00:00 [queued]>
[2025-12-17T13:30:16.709+0000] {taskinstance.py:2073} INFO - Dependencies all met for dep_context=requeueable deps ti=<TaskInstance: mfg_data_quality_monitoring_dag.dq_check_raw_vs_core_rowcounts scheduled__2025-12-16T05:30:00+00:00 [queued]>
[2025-12-17T13:30:16.710+0000] {taskinstance.py:2303} INFO - Starting attempt 1 of 2
[2025-12-17T13:30:16.729+0000] {taskinstance.py:2327} INFO - Executing <Task(PythonOperator): dq_check_raw_vs_core_rowcounts> on 2025-12-16 05:30:00+00:00
[2025-12-17T13:30:16.745+0000] {logging_mixin.py:188} WARNING - /home/***/.local/lib/python3.12/site-packages/***/task/task_runner/standard_task_runner.py:61 DeprecationWarning: This process (pid=2444) is multi-threaded, use of fork() may lead to deadlocks in the child.
[2025-12-17T13:30:16.743+0000] {standard_task_runner.py:90} INFO - Running: ['***', 'tasks', 'run', 'mfg_data_quality_monitoring_dag', 'dq_check_raw_vs_core_rowcounts', 'scheduled__2025-12-16T05:30:00+00:00', '--job-id', '48', '--raw', '--subdir', 'DAGS_FOLDER/mfg_data_quality_monitoring_dag.py', '--cfg-path', '/tmp/tmp3z4uvctg']
[2025-12-17T13:30:16.747+0000] {standard_task_runner.py:63} INFO - Started process 2451 to run task
[2025-12-17T13:30:16.748+0000] {standard_task_runner.py:91} INFO - Job 48: Subtask dq_check_raw_vs_core_rowcounts
[2025-12-17T13:30:16.884+0000] {task_command.py:426} INFO - Running <TaskInstance: mfg_data_quality_monitoring_dag.dq_check_raw_vs_core_rowcounts scheduled__2025-12-16T05:30:00+00:00 [running]> on host 84fc30c39b31
[2025-12-17T13:30:17.057+0000] {taskinstance.py:2644} INFO - Exporting env vars: AIRFLOW_CTX_DAG_OWNER='data-eng' AIRFLOW_CTX_DAG_ID='mfg_data_quality_monitoring_dag' AIRFLOW_CTX_TASK_ID='dq_check_raw_vs_core_rowcounts' AIRFLOW_CTX_EXECUTION_DATE='2025-12-16T05:30:00+00:00' AIRFLOW_CTX_TRY_NUMBER='1' AIRFLOW_CTX_DAG_RUN_ID='scheduled__2025-12-16T05:30:00+00:00'
[2025-12-17T13:30:17.059+0000] {taskinstance.py:430} INFO - ::endgroup::
[2025-12-17T13:30:17.086+0000] {connection.py:414} INFO - Snowflake Connector for Python Version: 3.12.0, Python Version: 3.12.2, Platform: Linux-6.6.87.2-microsoft-standard-WSL2-x86_64-with-glibc2.36
[2025-12-17T13:30:17.087+0000] {connection.py:1187} INFO - Connecting to GLOBAL Snowflake domain
[2025-12-17T13:30:17.088+0000] {connection.py:1268} INFO - This connection is in OCSP Fail Open Mode. TLS Certificates would be checked for validity and revocation status. Any other Certificate Revocation related exceptions or OCSP Responder failures would be disregarded in favor of connectivity.
[2025-12-17T13:30:18.800+0000] {cursor.py:1156} INFO - Number of results in first chunk: 1
[2025-12-17T13:30:19.088+0000] {cursor.py:1156} INFO - Number of results in first chunk: 1
[2025-12-17T13:30:19.536+0000] {cursor.py:1156} INFO - Number of results in first chunk: 1
[2025-12-17T13:30:19.888+0000] {cursor.py:1156} INFO - Number of results in first chunk: 1
[2025-12-17T13:30:20.507+0000] {cursor.py:1156} INFO - Number of results in first chunk: 1
[2025-12-17T13:30:20.922+0000] {cursor.py:1156} INFO - Number of results in first chunk: 1
[2025-12-17T13:30:20.923+0000] {connection.py:779} INFO - closed
[2025-12-17T13:30:21.213+0000] {connection.py:785} INFO - No async queries seem to be running, deleting session
[2025-12-17T13:30:21.419+0000] {python.py:237} INFO - Done. Returned value was: [CheckResult(check_name='rowcount_reconcile_materials', severity='WARN', status='PASS', details={'raw_table': 'MFG_ACCELERATOR.RAW.MATERIALS', 'core_table': 'MFG_ACCELERATOR.CORE.CORE_MATERIALS', 'raw_count': 500, 'core_count': 500}), CheckResult(check_name='rowcount_reconcile_batches', severity='WARN', status='PASS', details={'raw_table': 'MFG_ACCELERATOR.RAW.BATCHES', 'core_table': 'MFG_ACCELERATOR.CORE.CORE_BATCHES', 'raw_count': 10000, 'core_count': 10000}), CheckResult(check_name='rowcount_reconcile_production_orders', severity='WARN', status='PASS', details={'raw_table': 'MFG_ACCELERATOR.RAW.PRODUCTION_ORDERS', 'core_table': 'MFG_ACCELERATOR.CORE.FCT_PRODUCTION_ORDERS', 'raw_count': 10000, 'core_count': 10000})]
[2025-12-17T13:30:21.420+0000] {taskinstance.py:441} INFO - ::group::Post task execution logs
[2025-12-17T13:30:21.451+0000] {taskinstance.py:1205} INFO - Marking task as SUCCESS. dag_id=mfg_data_quality_monitoring_dag, task_id=dq_check_raw_vs_core_rowcounts, execution_date=20251216T053000, start_date=20251217T133016, end_date=20251217T133021
[2025-12-17T13:30:21.477+0000] {local_task_job_runner.py:240} INFO - Task exited with return code 0
[2025-12-17T13:30:21.501+0000] {taskinstance.py:3482} INFO - 0 downstream tasks scheduled from follow-on schedule check
[2025-12-17T13:30:21.506+0000] {local_task_job_runner.py:222} INFO - ::endgroup::
[2025-12-17T13:44:59.219+0000] {local_task_job_runner.py:120} INFO - ::group::Pre task execution logs
[2025-12-17T13:44:59.283+0000] {taskinstance.py:2073} INFO - Dependencies all met for dep_context=non-requeueable deps ti=<TaskInstance: mfg_data_quality_monitoring_dag.dq_check_raw_vs_core_rowcounts scheduled__2025-12-16T05:30:00+00:00 [queued]>
[2025-12-17T13:44:59.298+0000] {taskinstance.py:2073} INFO - Dependencies all met for dep_context=requeueable deps ti=<TaskInstance: mfg_data_quality_monitoring_dag.dq_check_raw_vs_core_rowcounts scheduled__2025-12-16T05:30:00+00:00 [queued]>
[2025-12-17T13:44:59.299+0000] {taskinstance.py:2303} INFO - Starting attempt 1 of 2
[2025-12-17T13:44:59.321+0000] {taskinstance.py:2327} INFO - Executing <Task(PythonOperator): dq_check_raw_vs_core_rowcounts> on 2025-12-16 05:30:00+00:00
[2025-12-17T13:44:59.344+0000] {logging_mixin.py:188} WARNING - /home/***/.local/lib/python3.12/site-packages/***/task/task_runner/standard_task_runner.py:61 DeprecationWarning: This process (pid=221) is multi-threaded, use of fork() may lead to deadlocks in the child.
[2025-12-17T13:44:59.339+0000] {standard_task_runner.py:90} INFO - Running: ['***', 'tasks', 'run', 'mfg_data_quality_monitoring_dag', 'dq_check_raw_vs_core_rowcounts', 'scheduled__2025-12-16T05:30:00+00:00', '--job-id', '5', '--raw', '--subdir', 'DAGS_FOLDER/mfg_data_quality_monitoring_dag.py', '--cfg-path', '/tmp/tmptxab489k']
[2025-12-17T13:44:59.351+0000] {standard_task_runner.py:63} INFO - Started process 233 to run task
[2025-12-17T13:44:59.351+0000] {standard_task_runner.py:91} INFO - Job 5: Subtask dq_check_raw_vs_core_rowcounts
[2025-12-17T13:44:59.472+0000] {task_command.py:426} INFO - Running <TaskInstance: mfg_data_quality_monitoring_dag.dq_check_raw_vs_core_rowcounts scheduled__2025-12-16T05:30:00+00:00 [running]> on host 8717822a88d5
[2025-12-17T13:44:59.678+0000] {taskinstance.py:2644} INFO - Exporting env vars: AIRFLOW_CTX_DAG_OWNER='data-eng' AIRFLOW_CTX_DAG_ID='mfg_data_quality_monitoring_dag' AIRFLOW_CTX_TASK_ID='dq_check_raw_vs_core_rowcounts' AIRFLOW_CTX_EXECUTION_DATE='2025-12-16T05:30:00+00:00' AIRFLOW_CTX_TRY_NUMBER='1' AIRFLOW_CTX_DAG_RUN_ID='scheduled__2025-12-16T05:30:00+00:00'
[2025-12-17T13:44:59.680+0000] {taskinstance.py:430} INFO - ::endgroup::
[2025-12-17T13:44:59.706+0000] {connection.py:414} INFO - Snowflake Connector for Python Version: 3.12.0, Python Version: 3.12.2, Platform: Linux-6.6.87.2-microsoft-standard-WSL2-x86_64-with-glibc2.36
[2025-12-17T13:44:59.710+0000] {connection.py:1187} INFO - Connecting to GLOBAL Snowflake domain
[2025-12-17T13:44:59.712+0000] {connection.py:1268} INFO - This connection is in OCSP Fail Open Mode. TLS Certificates would be checked for validity and revocation status. Any other Certificate Revocation related exceptions or OCSP Responder failures would be disregarded in favor of connectivity.
[2025-12-17T13:45:02.132+0000] {cursor.py:1156} INFO - Number of results in first chunk: 1
[2025-12-17T13:45:02.395+0000] {cursor.py:1156} INFO - Number of results in first chunk: 1
[2025-12-17T13:45:02.918+0000] {cursor.py:1156} INFO - Number of results in first chunk: 1
[2025-12-17T13:45:03.161+0000] {cursor.py:1156} INFO - Number of results in first chunk: 1
[2025-12-17T13:45:03.726+0000] {cursor.py:1156} INFO - Number of results in first chunk: 1
[2025-12-17T13:45:03.971+0000] {cursor.py:1156} INFO - Number of results in first chunk: 1
[2025-12-17T13:45:03.972+0000] {connection.py:779} INFO - closed
[2025-12-17T13:45:04.164+0000] {connection.py:785} INFO - No async queries seem to be running, deleting session
[2025-12-17T13:45:04.390+0000] {python.py:237} INFO - Done. Returned value was: [CheckResult(check_name='rowcount_reconcile_materials', severity='WARN', status='PASS', details={'raw_table': 'MFG_ACCELERATOR.RAW.MATERIALS', 'core_table': 'MFG_ACCELERATOR.CORE.CORE_MATERIALS', 'raw_count': 500, 'core_count': 500}), CheckResult(check_name='rowcount_reconcile_batches', severity='WARN', status='PASS', details={'raw_table': 'MFG_ACCELERATOR.RAW.BATCHES', 'core_table': 'MFG_ACCELERATOR.CORE.CORE_BATCHES', 'raw_count': 10000, 'core_count': 10000}), CheckResult(check_name='rowcount_reconcile_production_orders', severity='WARN', status='PASS', details={'raw_table': 'MFG_ACCELERATOR.RAW.PRODUCTION_ORDERS', 'core_table': 'MFG_ACCELERATOR.CORE.FCT_PRODUCTION_ORDERS', 'raw_count': 10000, 'core_count': 10000})]
[2025-12-17T13:45:04.392+0000] {taskinstance.py:441} INFO - ::group::Post task execution logs
[2025-12-17T13:45:04.431+0000] {taskinstance.py:1205} INFO - Marking task as SUCCESS. dag_id=mfg_data_quality_monitoring_dag, task_id=dq_check_raw_vs_core_rowcounts, execution_date=20251216T053000, start_date=20251217T134459, end_date=20251217T134504
[2025-12-17T13:45:04.487+0000] {local_task_job_runner.py:240} INFO - Task exited with return code 0
[2025-12-17T13:45:04.516+0000] {taskinstance.py:3482} INFO - 1 downstream tasks scheduled from follow-on schedule check
[2025-12-17T13:45:04.521+0000] {local_task_job_runner.py:222} INFO - ::endgroup::
