[2025-12-10T22:11:41.555+0000] {processor.py:161} INFO - Started process (PID=203) to work on /opt/airflow/dags/demo_dag.py
[2025-12-10T22:11:41.556+0000] {processor.py:830} INFO - Processing file /opt/airflow/dags/demo_dag.py for tasks to queue
[2025-12-10T22:11:41.559+0000] {logging_mixin.py:188} INFO - [2025-12-10T22:11:41.558+0000] {dagbag.py:540} INFO - Filling up the DagBag from /opt/airflow/dags/demo_dag.py
[2025-12-10T22:11:41.603+0000] {processor.py:840} INFO - DAG(s) 'demo_dag' retrieved from /opt/airflow/dags/demo_dag.py
[2025-12-10T22:11:41.840+0000] {logging_mixin.py:188} INFO - [2025-12-10T22:11:41.839+0000] {override.py:1829} INFO - Created Permission View: can delete on DAG:demo_dag
[2025-12-10T22:11:41.853+0000] {logging_mixin.py:188} INFO - [2025-12-10T22:11:41.852+0000] {override.py:1829} INFO - Created Permission View: can read on DAG:demo_dag
[2025-12-10T22:11:41.861+0000] {logging_mixin.py:188} INFO - [2025-12-10T22:11:41.861+0000] {override.py:1829} INFO - Created Permission View: can edit on DAG:demo_dag
[2025-12-10T22:11:41.862+0000] {logging_mixin.py:188} INFO - [2025-12-10T22:11:41.862+0000] {dag.py:3096} INFO - Sync 1 DAGs
[2025-12-10T22:11:41.872+0000] {logging_mixin.py:188} INFO - [2025-12-10T22:11:41.872+0000] {dag.py:3118} INFO - Creating ORM DAG for demo_dag
[2025-12-10T22:11:41.873+0000] {logging_mixin.py:188} INFO - [2025-12-10T22:11:41.873+0000] {dag.py:3954} INFO - Setting next_dagrun for demo_dag to None, run_after=None
[2025-12-10T22:11:41.896+0000] {processor.py:183} INFO - Processing /opt/airflow/dags/demo_dag.py took 0.348 seconds
[2025-12-10T22:12:12.128+0000] {processor.py:161} INFO - Started process (PID=208) to work on /opt/airflow/dags/demo_dag.py
[2025-12-10T22:12:12.129+0000] {processor.py:830} INFO - Processing file /opt/airflow/dags/demo_dag.py for tasks to queue
[2025-12-10T22:12:12.133+0000] {logging_mixin.py:188} INFO - [2025-12-10T22:12:12.132+0000] {dagbag.py:540} INFO - Filling up the DagBag from /opt/airflow/dags/demo_dag.py
[2025-12-10T22:12:12.158+0000] {processor.py:840} INFO - DAG(s) 'demo_dag' retrieved from /opt/airflow/dags/demo_dag.py
[2025-12-10T22:12:12.196+0000] {logging_mixin.py:188} INFO - [2025-12-10T22:12:12.196+0000] {dag.py:3096} INFO - Sync 1 DAGs
[2025-12-10T22:12:12.222+0000] {logging_mixin.py:188} INFO - [2025-12-10T22:12:12.222+0000] {dag.py:3954} INFO - Setting next_dagrun for demo_dag to None, run_after=None
[2025-12-10T22:12:12.261+0000] {processor.py:183} INFO - Processing /opt/airflow/dags/demo_dag.py took 0.141 seconds
[2025-12-10T22:12:42.325+0000] {processor.py:161} INFO - Started process (PID=213) to work on /opt/airflow/dags/demo_dag.py
[2025-12-10T22:12:42.326+0000] {processor.py:830} INFO - Processing file /opt/airflow/dags/demo_dag.py for tasks to queue
[2025-12-10T22:12:42.328+0000] {logging_mixin.py:188} INFO - [2025-12-10T22:12:42.328+0000] {dagbag.py:540} INFO - Filling up the DagBag from /opt/airflow/dags/demo_dag.py
[2025-12-10T22:12:42.359+0000] {processor.py:840} INFO - DAG(s) 'demo_dag' retrieved from /opt/airflow/dags/demo_dag.py
[2025-12-10T22:12:42.386+0000] {logging_mixin.py:188} INFO - [2025-12-10T22:12:42.386+0000] {dag.py:3096} INFO - Sync 1 DAGs
[2025-12-10T22:12:42.400+0000] {logging_mixin.py:188} INFO - [2025-12-10T22:12:42.400+0000] {dag.py:3954} INFO - Setting next_dagrun for demo_dag to None, run_after=None
[2025-12-10T22:12:42.424+0000] {processor.py:183} INFO - Processing /opt/airflow/dags/demo_dag.py took 0.105 seconds
[2025-12-10T22:13:12.540+0000] {processor.py:161} INFO - Started process (PID=218) to work on /opt/airflow/dags/demo_dag.py
[2025-12-10T22:13:12.542+0000] {processor.py:830} INFO - Processing file /opt/airflow/dags/demo_dag.py for tasks to queue
[2025-12-10T22:13:12.545+0000] {logging_mixin.py:188} INFO - [2025-12-10T22:13:12.544+0000] {dagbag.py:540} INFO - Filling up the DagBag from /opt/airflow/dags/demo_dag.py
[2025-12-10T22:13:12.570+0000] {processor.py:840} INFO - DAG(s) 'demo_dag' retrieved from /opt/airflow/dags/demo_dag.py
[2025-12-10T22:13:12.596+0000] {logging_mixin.py:188} INFO - [2025-12-10T22:13:12.596+0000] {dag.py:3096} INFO - Sync 1 DAGs
[2025-12-10T22:13:12.610+0000] {logging_mixin.py:188} INFO - [2025-12-10T22:13:12.610+0000] {dag.py:3954} INFO - Setting next_dagrun for demo_dag to None, run_after=None
[2025-12-10T22:13:12.637+0000] {processor.py:183} INFO - Processing /opt/airflow/dags/demo_dag.py took 0.106 seconds
[2025-12-10T22:13:42.836+0000] {processor.py:161} INFO - Started process (PID=223) to work on /opt/airflow/dags/demo_dag.py
[2025-12-10T22:13:42.837+0000] {processor.py:830} INFO - Processing file /opt/airflow/dags/demo_dag.py for tasks to queue
[2025-12-10T22:13:42.839+0000] {logging_mixin.py:188} INFO - [2025-12-10T22:13:42.839+0000] {dagbag.py:540} INFO - Filling up the DagBag from /opt/airflow/dags/demo_dag.py
[2025-12-10T22:13:42.869+0000] {processor.py:840} INFO - DAG(s) 'demo_dag' retrieved from /opt/airflow/dags/demo_dag.py
[2025-12-10T22:13:42.901+0000] {logging_mixin.py:188} INFO - [2025-12-10T22:13:42.901+0000] {dag.py:3096} INFO - Sync 1 DAGs
[2025-12-10T22:13:42.921+0000] {logging_mixin.py:188} INFO - [2025-12-10T22:13:42.921+0000] {dag.py:3954} INFO - Setting next_dagrun for demo_dag to None, run_after=None
[2025-12-10T22:13:42.949+0000] {processor.py:183} INFO - Processing /opt/airflow/dags/demo_dag.py took 0.119 seconds
[2025-12-10T22:14:13.102+0000] {processor.py:161} INFO - Started process (PID=228) to work on /opt/airflow/dags/demo_dag.py
[2025-12-10T22:14:13.104+0000] {processor.py:830} INFO - Processing file /opt/airflow/dags/demo_dag.py for tasks to queue
[2025-12-10T22:14:13.106+0000] {logging_mixin.py:188} INFO - [2025-12-10T22:14:13.105+0000] {dagbag.py:540} INFO - Filling up the DagBag from /opt/airflow/dags/demo_dag.py
[2025-12-10T22:14:13.131+0000] {processor.py:840} INFO - DAG(s) 'demo_dag' retrieved from /opt/airflow/dags/demo_dag.py
[2025-12-10T22:14:13.157+0000] {logging_mixin.py:188} INFO - [2025-12-10T22:14:13.156+0000] {dag.py:3096} INFO - Sync 1 DAGs
[2025-12-10T22:14:13.170+0000] {logging_mixin.py:188} INFO - [2025-12-10T22:14:13.170+0000] {dag.py:3954} INFO - Setting next_dagrun for demo_dag to None, run_after=None
[2025-12-10T22:14:13.194+0000] {processor.py:183} INFO - Processing /opt/airflow/dags/demo_dag.py took 0.098 seconds
[2025-12-10T22:14:43.346+0000] {processor.py:161} INFO - Started process (PID=233) to work on /opt/airflow/dags/demo_dag.py
[2025-12-10T22:14:43.347+0000] {processor.py:830} INFO - Processing file /opt/airflow/dags/demo_dag.py for tasks to queue
[2025-12-10T22:14:43.349+0000] {logging_mixin.py:188} INFO - [2025-12-10T22:14:43.349+0000] {dagbag.py:540} INFO - Filling up the DagBag from /opt/airflow/dags/demo_dag.py
[2025-12-10T22:14:43.371+0000] {processor.py:840} INFO - DAG(s) 'demo_dag' retrieved from /opt/airflow/dags/demo_dag.py
[2025-12-10T22:14:43.403+0000] {logging_mixin.py:188} INFO - [2025-12-10T22:14:43.403+0000] {dag.py:3096} INFO - Sync 1 DAGs
[2025-12-10T22:14:43.416+0000] {logging_mixin.py:188} INFO - [2025-12-10T22:14:43.416+0000] {dag.py:3954} INFO - Setting next_dagrun for demo_dag to None, run_after=None
[2025-12-10T22:14:43.442+0000] {processor.py:183} INFO - Processing /opt/airflow/dags/demo_dag.py took 0.102 seconds
