[2025-12-17T11:38:55.707+0000] {local_task_job_runner.py:120} INFO - ::group::Pre task execution logs
[2025-12-17T11:38:55.757+0000] {taskinstance.py:2073} INFO - Dependencies all met for dep_context=non-requeueable deps ti=<TaskInstance: mfg_raw_ingestion_dag.ingest_raw_to_snowflake manual__2025-12-17T11:38:54.441275+00:00 [queued]>
[2025-12-17T11:38:55.768+0000] {taskinstance.py:2073} INFO - Dependencies all met for dep_context=requeueable deps ti=<TaskInstance: mfg_raw_ingestion_dag.ingest_raw_to_snowflake manual__2025-12-17T11:38:54.441275+00:00 [queued]>
[2025-12-17T11:38:55.769+0000] {taskinstance.py:2303} INFO - Starting attempt 1 of 3
[2025-12-17T11:38:55.787+0000] {taskinstance.py:2327} INFO - Executing <Task(BashOperator): ingest_raw_to_snowflake> on 2025-12-17 11:38:54.441275+00:00
[2025-12-17T11:38:55.797+0000] {standard_task_runner.py:90} INFO - Running: ['***', 'tasks', 'run', 'mfg_raw_ingestion_dag', 'ingest_raw_to_snowflake', 'manual__2025-12-17T11:38:54.441275+00:00', '--job-id', '35', '--raw', '--subdir', 'DAGS_FOLDER/mfg_raw_ingestion_dag.py', '--cfg-path', '/tmp/tmp7y4ri8gz']
[2025-12-17T11:38:55.802+0000] {standard_task_runner.py:91} INFO - Job 35: Subtask ingest_raw_to_snowflake
[2025-12-17T11:38:55.801+0000] {logging_mixin.py:188} WARNING - /home/***/.local/lib/python3.12/site-packages/***/task/task_runner/standard_task_runner.py:61 DeprecationWarning: This process (pid=224) is multi-threaded, use of fork() may lead to deadlocks in the child.
[2025-12-17T11:38:55.803+0000] {standard_task_runner.py:63} INFO - Started process 225 to run task
[2025-12-17T11:38:55.887+0000] {task_command.py:426} INFO - Running <TaskInstance: mfg_raw_ingestion_dag.ingest_raw_to_snowflake manual__2025-12-17T11:38:54.441275+00:00 [running]> on host bce6f264833a
[2025-12-17T11:38:56.024+0000] {taskinstance.py:2644} INFO - Exporting env vars: AIRFLOW_CTX_DAG_OWNER='data-eng' AIRFLOW_CTX_DAG_ID='mfg_raw_ingestion_dag' AIRFLOW_CTX_TASK_ID='ingest_raw_to_snowflake' AIRFLOW_CTX_EXECUTION_DATE='2025-12-17T11:38:54.441275+00:00' AIRFLOW_CTX_TRY_NUMBER='1' AIRFLOW_CTX_DAG_RUN_ID='manual__2025-12-17T11:38:54.441275+00:00'
[2025-12-17T11:38:56.026+0000] {taskinstance.py:430} INFO - ::endgroup::
[2025-12-17T11:38:56.046+0000] {subprocess.py:63} INFO - Tmp dir root location: /tmp
[2025-12-17T11:38:56.048+0000] {subprocess.py:75} INFO - Running command: ['/usr/bin/bash', '-c', 'python /opt/***/ingestion/python/load_raw_to_snowflake.py']
[2025-12-17T11:38:56.056+0000] {subprocess.py:86} INFO - Output:
[2025-12-17T11:38:57.768+0000] {subprocess.py:93} INFO - [INFO] 2025-12-17 11:38:57 - No .env at project root; assuming env vars are injected (Docker/Airflow).
[2025-12-17T11:38:57.772+0000] {subprocess.py:93} INFO - [INFO] 2025-12-17 11:38:57 - Starting run-aware load. load_id=mfg_raw_ingestion_dag::manual__2025-12-17T11:38:54.441275+00:00 dag_id=mfg_raw_ingestion_dag run_id=manual__2025-12-17T11:38:54.441275+00:00 task_id=ingest_raw_to_snowflake
[2025-12-17T11:38:57.773+0000] {subprocess.py:93} INFO - [INFO] 2025-12-17 11:38:57 - Using data directory: /opt/***/data/raw/source_system
[2025-12-17T11:38:57.773+0000] {subprocess.py:93} INFO - [INFO] 2025-12-17 11:38:57 - Connecting to Snowflake...
[2025-12-17T11:39:02.325+0000] {subprocess.py:93} INFO - [INFO] 2025-12-17 11:39:02 - Read 500 rows from materials.csv
[2025-12-17T11:39:02.351+0000] {subprocess.py:93} INFO - [INFO] 2025-12-17 11:39:02 - Read 10,000 rows from batches.csv
[2025-12-17T11:39:02.380+0000] {subprocess.py:93} INFO - [INFO] 2025-12-17 11:39:02 - Read 10,000 rows from production_orders.csv
[2025-12-17T11:39:02.381+0000] {subprocess.py:93} INFO - [INFO] 2025-12-17 11:39:02 - [MATERIALS_RUN] Deleting previous slice for load_id (retry-safe)...
[2025-12-17T11:39:02.727+0000] {subprocess.py:93} INFO - [INFO] 2025-12-17 11:39:02 - [MATERIALS_RUN] Loading 500 rows from materials.csv ...
[2025-12-17T11:39:06.937+0000] {subprocess.py:93} INFO - [INFO] 2025-12-17 11:39:06 - [MATERIALS_RUN] write_pandas success=True rows_loaded=500 chunks=1
[2025-12-17T11:39:07.470+0000] {subprocess.py:93} INFO - [INFO] 2025-12-17 11:39:07 - [BATCHES_RUN] Deleting previous slice for load_id (retry-safe)...
[2025-12-17T11:39:08.023+0000] {subprocess.py:93} INFO - [INFO] 2025-12-17 11:39:08 - [BATCHES_RUN] Loading 10,000 rows from batches.csv ...
[2025-12-17T11:39:11.336+0000] {subprocess.py:93} INFO - [INFO] 2025-12-17 11:39:11 - [BATCHES_RUN] write_pandas success=True rows_loaded=10,000 chunks=1
[2025-12-17T11:39:11.894+0000] {subprocess.py:93} INFO - [INFO] 2025-12-17 11:39:11 - [PRODUCTION_ORDERS_RUN] Deleting previous slice for load_id (retry-safe)...
[2025-12-17T11:39:12.425+0000] {subprocess.py:93} INFO - [INFO] 2025-12-17 11:39:12 - [PRODUCTION_ORDERS_RUN] Loading 10,000 rows from production_orders.csv ...
[2025-12-17T11:39:15.775+0000] {subprocess.py:93} INFO - [INFO] 2025-12-17 11:39:15 - [PRODUCTION_ORDERS_RUN] write_pandas success=True rows_loaded=10,000 chunks=1
[2025-12-17T11:39:20.053+0000] {subprocess.py:93} INFO - [INFO] 2025-12-17 11:39:20 - Run-aware load committed successfully. load_id=mfg_raw_ingestion_dag::manual__2025-12-17T11:38:54.441275+00:00
[2025-12-17T11:39:20.669+0000] {subprocess.py:97} INFO - Command exited with return code 0
[2025-12-17T11:39:20.671+0000] {taskinstance.py:441} INFO - ::group::Post task execution logs
[2025-12-17T11:39:20.731+0000] {taskinstance.py:1205} INFO - Marking task as SUCCESS. dag_id=mfg_raw_ingestion_dag, task_id=ingest_raw_to_snowflake, execution_date=20251217T113854, start_date=20251217T113855, end_date=20251217T113920
[2025-12-17T11:39:20.797+0000] {local_task_job_runner.py:240} INFO - Task exited with return code 0
[2025-12-17T11:39:20.859+0000] {taskinstance.py:3482} INFO - 1 downstream tasks scheduled from follow-on schedule check
[2025-12-17T11:39:20.864+0000] {local_task_job_runner.py:222} INFO - ::endgroup::
