[2025-12-17T13:10:04.269+0000] {local_task_job_runner.py:120} INFO - ::group::Pre task execution logs
[2025-12-17T13:10:04.307+0000] {taskinstance.py:2073} INFO - Dependencies all met for dep_context=non-requeueable deps ti=<TaskInstance: mfg_raw_ingestion_dag.debug_env_and_paths manual__2025-12-17T13:04:16.213686+00:00 [queued]>
[2025-12-17T13:10:04.319+0000] {taskinstance.py:2073} INFO - Dependencies all met for dep_context=requeueable deps ti=<TaskInstance: mfg_raw_ingestion_dag.debug_env_and_paths manual__2025-12-17T13:04:16.213686+00:00 [queued]>
[2025-12-17T13:10:04.320+0000] {taskinstance.py:2303} INFO - Starting attempt 1 of 3
[2025-12-17T13:10:04.337+0000] {taskinstance.py:2327} INFO - Executing <Task(BashOperator): debug_env_and_paths> on 2025-12-17 13:04:16.213686+00:00
[2025-12-17T13:10:04.345+0000] {standard_task_runner.py:90} INFO - Running: ['***', 'tasks', 'run', 'mfg_raw_ingestion_dag', 'debug_env_and_paths', 'manual__2025-12-17T13:04:16.213686+00:00', '--job-id', '25', '--raw', '--subdir', 'DAGS_FOLDER/mfg_raw_ingestion_dag.py', '--cfg-path', '/tmp/tmpikbfpq0d']
[2025-12-17T13:10:04.348+0000] {standard_task_runner.py:91} INFO - Job 25: Subtask debug_env_and_paths
[2025-12-17T13:10:04.350+0000] {logging_mixin.py:188} WARNING - /home/***/.local/lib/python3.12/site-packages/***/task/task_runner/standard_task_runner.py:61 DeprecationWarning: This process (pid=1243) is multi-threaded, use of fork() may lead to deadlocks in the child.
[2025-12-17T13:10:04.351+0000] {standard_task_runner.py:63} INFO - Started process 1244 to run task
[2025-12-17T13:10:04.415+0000] {task_command.py:426} INFO - Running <TaskInstance: mfg_raw_ingestion_dag.debug_env_and_paths manual__2025-12-17T13:04:16.213686+00:00 [running]> on host 84fc30c39b31
[2025-12-17T13:10:04.522+0000] {taskinstance.py:2644} INFO - Exporting env vars: AIRFLOW_CTX_DAG_OWNER='data-eng' AIRFLOW_CTX_DAG_ID='mfg_raw_ingestion_dag' AIRFLOW_CTX_TASK_ID='debug_env_and_paths' AIRFLOW_CTX_EXECUTION_DATE='2025-12-17T13:04:16.213686+00:00' AIRFLOW_CTX_TRY_NUMBER='1' AIRFLOW_CTX_DAG_RUN_ID='manual__2025-12-17T13:04:16.213686+00:00'
[2025-12-17T13:10:04.524+0000] {taskinstance.py:430} INFO - ::endgroup::
[2025-12-17T13:10:04.541+0000] {subprocess.py:63} INFO - Tmp dir root location: /tmp
[2025-12-17T13:10:04.542+0000] {subprocess.py:75} INFO - Running command: ['/usr/bin/bash', '-c', '\n    set -e\n    echo "PWD=$(pwd)"\n    echo "DBT_DIR=/opt/***/dbt_project"\n    ls -la /opt/***/dbt_project\n    echo "DBT_PROFILES_DIR=/opt/***/dbt_profiles"\n    ls -la /opt/***/dbt_profiles\n    which dbt || true\n    dbt --version || true\n    env | grep -E \'^SNOWFLAKE_\' || true\n    ']
[2025-12-17T13:10:04.554+0000] {subprocess.py:86} INFO - Output:
[2025-12-17T13:10:04.557+0000] {subprocess.py:93} INFO - PWD=/tmp/***tmpq3_01r4k
[2025-12-17T13:10:04.558+0000] {subprocess.py:93} INFO - DBT_DIR=/opt/***/dbt_project
[2025-12-17T13:10:04.571+0000] {subprocess.py:93} INFO - total 8
[2025-12-17T13:10:04.572+0000] {subprocess.py:93} INFO - drwxrwxrwx 1 root    root 4096 Dec 16 23:07 .
[2025-12-17T13:10:04.573+0000] {subprocess.py:93} INFO - drwxrwxr-x 1 *** root 4096 Dec 17 12:55 ..
[2025-12-17T13:10:04.573+0000] {subprocess.py:93} INFO - -rwxrwxrwx 1 root    root  668 Dec 17 13:03 dbt_project.yml
[2025-12-17T13:10:04.574+0000] {subprocess.py:93} INFO - drwxrwxrwx 1 root    root 4096 Dec 16 23:07 logs
[2025-12-17T13:10:04.574+0000] {subprocess.py:93} INFO - drwxrwxrwx 1 root    root 4096 Dec 16 23:07 models
[2025-12-17T13:10:04.575+0000] {subprocess.py:93} INFO - drwxrwxrwx 1 root    root 4096 Dec 16 23:07 target
[2025-12-17T13:10:04.576+0000] {subprocess.py:93} INFO - DBT_PROFILES_DIR=/opt/***/dbt_profiles
[2025-12-17T13:10:04.582+0000] {subprocess.py:93} INFO - total 4
[2025-12-17T13:10:04.583+0000] {subprocess.py:93} INFO - drwxrwxrwx 1 root    root 4096 Dec 16 23:07 .
[2025-12-17T13:10:04.583+0000] {subprocess.py:93} INFO - drwxrwxr-x 1 *** root 4096 Dec 17 12:55 ..
[2025-12-17T13:10:04.584+0000] {subprocess.py:93} INFO - -rwxrwxrwx 1 root    root   41 Dec 13 17:23 .user.yml
[2025-12-17T13:10:04.584+0000] {subprocess.py:93} INFO - -rwxrwxrwx 1 root    root  458 Dec 17 13:07 profiles.yml
[2025-12-17T13:10:04.585+0000] {subprocess.py:93} INFO - /home/***/.local/bin/dbt
[2025-12-17T13:10:08.175+0000] {subprocess.py:93} INFO - Core:
[2025-12-17T13:10:08.176+0000] {subprocess.py:93} INFO -   - installed: 1.8.4
[2025-12-17T13:10:08.177+0000] {subprocess.py:93} INFO -   - latest:    1.10.16 - Update available!
[2025-12-17T13:10:08.177+0000] {subprocess.py:93} INFO - 
[2025-12-17T13:10:08.178+0000] {subprocess.py:93} INFO -   Your version of dbt-core is out of date!
[2025-12-17T13:10:08.178+0000] {subprocess.py:93} INFO -   You can find instructions for upgrading here:
[2025-12-17T13:10:08.179+0000] {subprocess.py:93} INFO -   https://docs.getdbt.com/docs/installation
[2025-12-17T13:10:08.180+0000] {subprocess.py:93} INFO - 
[2025-12-17T13:10:08.180+0000] {subprocess.py:93} INFO - Plugins:
[2025-12-17T13:10:08.181+0000] {subprocess.py:93} INFO -   - snowflake: 1.8.4 - Update available!
[2025-12-17T13:10:08.181+0000] {subprocess.py:93} INFO - 
[2025-12-17T13:10:08.182+0000] {subprocess.py:93} INFO -   At least one plugin is out of date or incompatible with dbt-core.
[2025-12-17T13:10:08.182+0000] {subprocess.py:93} INFO -   You can find instructions for upgrading here:
[2025-12-17T13:10:08.183+0000] {subprocess.py:93} INFO -   https://docs.getdbt.com/docs/installation
[2025-12-17T13:10:08.184+0000] {subprocess.py:93} INFO - 
[2025-12-17T13:10:08.184+0000] {subprocess.py:93} INFO - 
[2025-12-17T13:10:08.448+0000] {subprocess.py:93} INFO - SNOWFLAKE_WAREHOUSE=WH_MFG_ACCELERATOR
[2025-12-17T13:10:08.449+0000] {subprocess.py:93} INFO - SNOWFLAKE_PASSWORD=Calmdownn.1998
[2025-12-17T13:10:08.450+0000] {subprocess.py:93} INFO - SNOWFLAKE_ACCOUNT=DTWDUSN-WRB63753
[2025-12-17T13:10:08.451+0000] {subprocess.py:93} INFO - SNOWFLAKE_DATABASE=MFG_ACCELERATOR
[2025-12-17T13:10:08.451+0000] {subprocess.py:93} INFO - SNOWFLAKE_ROLE=ACCOUNTADMIN
[2025-12-17T13:10:08.452+0000] {subprocess.py:93} INFO - SNOWFLAKE_SCHEMA=RAW
[2025-12-17T13:10:08.452+0000] {subprocess.py:93} INFO - SNOWFLAKE_USER=TAIBKHO44
[2025-12-17T13:10:08.453+0000] {subprocess.py:97} INFO - Command exited with return code 0
[2025-12-17T13:10:08.454+0000] {taskinstance.py:441} INFO - ::group::Post task execution logs
[2025-12-17T13:10:08.490+0000] {taskinstance.py:1205} INFO - Marking task as SUCCESS. dag_id=mfg_raw_ingestion_dag, task_id=debug_env_and_paths, execution_date=20251217T130416, start_date=20251217T131004, end_date=20251217T131008
[2025-12-17T13:10:08.543+0000] {local_task_job_runner.py:240} INFO - Task exited with return code 0
[2025-12-17T13:10:08.574+0000] {taskinstance.py:3482} INFO - 1 downstream tasks scheduled from follow-on schedule check
[2025-12-17T13:10:08.579+0000] {local_task_job_runner.py:222} INFO - ::endgroup::
