[2025-12-17T10:58:39.572+0000] {local_task_job_runner.py:120} INFO - ::group::Pre task execution logs
[2025-12-17T10:58:39.606+0000] {taskinstance.py:2073} INFO - Dependencies all met for dep_context=non-requeueable deps ti=<TaskInstance: mfg_raw_ingestion_dag.ingest_raw_to_snowflake manual__2025-12-17T10:57:24.265815+00:00 [queued]>
[2025-12-17T10:58:39.613+0000] {taskinstance.py:2073} INFO - Dependencies all met for dep_context=requeueable deps ti=<TaskInstance: mfg_raw_ingestion_dag.ingest_raw_to_snowflake manual__2025-12-17T10:57:24.265815+00:00 [queued]>
[2025-12-17T10:58:39.614+0000] {taskinstance.py:2303} INFO - Starting attempt 1 of 3
[2025-12-17T10:58:39.630+0000] {taskinstance.py:2327} INFO - Executing <Task(BashOperator): ingest_raw_to_snowflake> on 2025-12-17 10:57:24.265815+00:00
[2025-12-17T10:58:39.638+0000] {standard_task_runner.py:90} INFO - Running: ['***', 'tasks', 'run', 'mfg_raw_ingestion_dag', 'ingest_raw_to_snowflake', 'manual__2025-12-17T10:57:24.265815+00:00', '--job-id', '8', '--raw', '--subdir', 'DAGS_FOLDER/mfg_raw_ingestion_dag.py', '--cfg-path', '/tmp/tmp46p11_ro']
[2025-12-17T10:58:39.641+0000] {standard_task_runner.py:91} INFO - Job 8: Subtask ingest_raw_to_snowflake
[2025-12-17T10:58:39.641+0000] {logging_mixin.py:188} WARNING - /home/***/.local/lib/python3.12/site-packages/***/task/task_runner/standard_task_runner.py:61 DeprecationWarning: This process (pid=872) is multi-threaded, use of fork() may lead to deadlocks in the child.
[2025-12-17T10:58:39.642+0000] {standard_task_runner.py:63} INFO - Started process 882 to run task
[2025-12-17T10:58:39.701+0000] {task_command.py:426} INFO - Running <TaskInstance: mfg_raw_ingestion_dag.ingest_raw_to_snowflake manual__2025-12-17T10:57:24.265815+00:00 [running]> on host ada33a2b5ec7
[2025-12-17T10:58:39.810+0000] {taskinstance.py:2644} INFO - Exporting env vars: AIRFLOW_CTX_DAG_OWNER='data-eng' AIRFLOW_CTX_DAG_ID='mfg_raw_ingestion_dag' AIRFLOW_CTX_TASK_ID='ingest_raw_to_snowflake' AIRFLOW_CTX_EXECUTION_DATE='2025-12-17T10:57:24.265815+00:00' AIRFLOW_CTX_TRY_NUMBER='1' AIRFLOW_CTX_DAG_RUN_ID='manual__2025-12-17T10:57:24.265815+00:00'
[2025-12-17T10:58:39.811+0000] {taskinstance.py:430} INFO - ::endgroup::
[2025-12-17T10:58:39.826+0000] {subprocess.py:63} INFO - Tmp dir root location: /tmp
[2025-12-17T10:58:39.827+0000] {subprocess.py:75} INFO - Running command: ['/usr/bin/bash', '-c', 'python /opt/***/ingestion/python/load_raw_to_snowflake.py']
[2025-12-17T10:58:39.836+0000] {subprocess.py:86} INFO - Output:
[2025-12-17T10:58:41.396+0000] {subprocess.py:93} INFO - [INFO] 2025-12-17 10:58:41 - No .env at project root; assuming env vars are injected (Docker/Airflow).
[2025-12-17T10:58:41.400+0000] {subprocess.py:93} INFO - [INFO] 2025-12-17 10:58:41 - Starting run-aware load. load_id=mfg_raw_ingestion_dag::manual__2025-12-17T10:57:24.265815+00:00 dag_id=mfg_raw_ingestion_dag run_id=manual__2025-12-17T10:57:24.265815+00:00 task_id=ingest_raw_to_snowflake
[2025-12-17T10:58:41.400+0000] {subprocess.py:93} INFO - [INFO] 2025-12-17 10:58:41 - Using data directory: /opt/***/data/raw/source_system
[2025-12-17T10:58:41.401+0000] {subprocess.py:93} INFO - [INFO] 2025-12-17 10:58:41 - Connecting to Snowflake...
[2025-12-17T10:58:45.798+0000] {subprocess.py:93} INFO - [INFO] 2025-12-17 10:58:45 - Read 500 rows from materials.csv
[2025-12-17T10:58:45.826+0000] {subprocess.py:93} INFO - [INFO] 2025-12-17 10:58:45 - Read 10,000 rows from batches.csv
[2025-12-17T10:58:45.860+0000] {subprocess.py:93} INFO - [INFO] 2025-12-17 10:58:45 - Read 10,000 rows from production_orders.csv
[2025-12-17T10:58:45.861+0000] {subprocess.py:93} INFO - [INFO] 2025-12-17 10:58:45 - [MATERIALS_RUN] Deleting previous slice for load_id (retry-safe)...
[2025-12-17T10:58:46.735+0000] {subprocess.py:93} INFO - [INFO] 2025-12-17 10:58:46 - [MATERIALS_RUN] Loading 500 rows from materials.csv ...
[2025-12-17T10:58:49.986+0000] {subprocess.py:93} INFO - [INFO] 2025-12-17 10:58:49 - [MATERIALS_RUN] write_pandas success=True rows_loaded=500 chunks=1
[2025-12-17T10:58:50.471+0000] {subprocess.py:93} INFO - [INFO] 2025-12-17 10:58:50 - [BATCHES_RUN] Deleting previous slice for load_id (retry-safe)...
[2025-12-17T10:58:50.768+0000] {subprocess.py:93} INFO - [INFO] 2025-12-17 10:58:50 - [BATCHES_RUN] Loading 10,000 rows from batches.csv ...
[2025-12-17T10:58:54.137+0000] {subprocess.py:93} INFO - [INFO] 2025-12-17 10:58:54 - [BATCHES_RUN] write_pandas success=True rows_loaded=10,000 chunks=1
[2025-12-17T10:58:54.661+0000] {subprocess.py:93} INFO - [INFO] 2025-12-17 10:58:54 - [PRODUCTION_ORDERS_RUN] Deleting previous slice for load_id (retry-safe)...
[2025-12-17T10:58:54.956+0000] {subprocess.py:93} INFO - [INFO] 2025-12-17 10:58:54 - [PRODUCTION_ORDERS_RUN] Loading 10,000 rows from production_orders.csv ...
[2025-12-17T10:58:58.100+0000] {subprocess.py:93} INFO - [INFO] 2025-12-17 10:58:58 - [PRODUCTION_ORDERS_RUN] write_pandas success=True rows_loaded=10,000 chunks=1
[2025-12-17T10:59:02.089+0000] {subprocess.py:93} INFO - [INFO] 2025-12-17 10:59:02 - Run-aware load committed successfully. load_id=mfg_raw_ingestion_dag::manual__2025-12-17T10:57:24.265815+00:00
[2025-12-17T10:59:02.734+0000] {subprocess.py:97} INFO - Command exited with return code 0
[2025-12-17T10:59:02.735+0000] {taskinstance.py:441} INFO - ::group::Post task execution logs
[2025-12-17T10:59:02.776+0000] {taskinstance.py:1205} INFO - Marking task as SUCCESS. dag_id=mfg_raw_ingestion_dag, task_id=ingest_raw_to_snowflake, execution_date=20251217T105724, start_date=20251217T105839, end_date=20251217T105902
[2025-12-17T10:59:02.821+0000] {local_task_job_runner.py:240} INFO - Task exited with return code 0
[2025-12-17T10:59:02.853+0000] {taskinstance.py:3482} INFO - 1 downstream tasks scheduled from follow-on schedule check
[2025-12-17T10:59:02.857+0000] {local_task_job_runner.py:222} INFO - ::endgroup::
