[2025-12-10T22:55:21.889+0000] {local_task_job_runner.py:120} INFO - ::group::Pre task execution logs
[2025-12-10T22:55:21.923+0000] {taskinstance.py:2073} INFO - Dependencies all met for dep_context=non-requeueable deps ti=<TaskInstance: mfg_accelerator_pipeline.ingest_raw_to_snowflake manual__2025-12-10T22:50:19.682568+00:00 [queued]>
[2025-12-10T22:55:21.933+0000] {taskinstance.py:2073} INFO - Dependencies all met for dep_context=requeueable deps ti=<TaskInstance: mfg_accelerator_pipeline.ingest_raw_to_snowflake manual__2025-12-10T22:50:19.682568+00:00 [queued]>
[2025-12-10T22:55:21.935+0000] {taskinstance.py:2303} INFO - Starting attempt 2 of 2
[2025-12-10T22:55:21.952+0000] {taskinstance.py:2327} INFO - Executing <Task(BashOperator): ingest_raw_to_snowflake> on 2025-12-10 22:50:19.682568+00:00
[2025-12-10T22:55:21.959+0000] {standard_task_runner.py:90} INFO - Running: ['***', 'tasks', 'run', 'mfg_accelerator_pipeline', 'ingest_raw_to_snowflake', 'manual__2025-12-10T22:50:19.682568+00:00', '--job-id', '5', '--raw', '--subdir', 'DAGS_FOLDER/mfg_pipeline.py', '--cfg-path', '/tmp/tmpv2wwdf5c']
[2025-12-10T22:55:21.964+0000] {standard_task_runner.py:91} INFO - Job 5: Subtask ingest_raw_to_snowflake
[2025-12-10T22:55:21.964+0000] {logging_mixin.py:188} WARNING - /home/***/.local/lib/python3.12/site-packages/***/task/task_runner/standard_task_runner.py:61 DeprecationWarning: This process (pid=552) is multi-threaded, use of fork() may lead to deadlocks in the child.
[2025-12-10T22:55:21.965+0000] {standard_task_runner.py:63} INFO - Started process 553 to run task
[2025-12-10T22:55:22.021+0000] {task_command.py:426} INFO - Running <TaskInstance: mfg_accelerator_pipeline.ingest_raw_to_snowflake manual__2025-12-10T22:50:19.682568+00:00 [running]> on host 0420a1dd2079
[2025-12-10T22:55:22.110+0000] {taskinstance.py:2644} INFO - Exporting env vars: AIRFLOW_CTX_DAG_OWNER='data_engineer' AIRFLOW_CTX_DAG_ID='mfg_accelerator_pipeline' AIRFLOW_CTX_TASK_ID='ingest_raw_to_snowflake' AIRFLOW_CTX_EXECUTION_DATE='2025-12-10T22:50:19.682568+00:00' AIRFLOW_CTX_TRY_NUMBER='2' AIRFLOW_CTX_DAG_RUN_ID='manual__2025-12-10T22:50:19.682568+00:00'
[2025-12-10T22:55:22.112+0000] {taskinstance.py:430} INFO - ::endgroup::
[2025-12-10T22:55:22.133+0000] {subprocess.py:63} INFO - Tmp dir root location: /tmp
[2025-12-10T22:55:22.134+0000] {subprocess.py:75} INFO - Running command: ['/usr/bin/bash', '-c', 'python /opt/***/ingestion/python/load_raw_to_snowflake.py']
[2025-12-10T22:55:22.144+0000] {subprocess.py:86} INFO - Output:
[2025-12-10T22:55:22.191+0000] {subprocess.py:93} INFO - python: can't open file '/opt/***/ingestion/python/load_raw_to_snowflake.py': [Errno 2] No such file or directory
[2025-12-10T22:55:22.195+0000] {subprocess.py:97} INFO - Command exited with return code 2
[2025-12-10T22:55:22.197+0000] {taskinstance.py:441} INFO - ::group::Post task execution logs
[2025-12-10T22:55:22.209+0000] {taskinstance.py:2890} ERROR - Task failed with exception
Traceback (most recent call last):
  File "/home/airflow/.local/lib/python3.12/site-packages/airflow/models/taskinstance.py", line 465, in _execute_task
    result = _execute_callable(context=context, **execute_callable_kwargs)
             ^^^^^^^^^^^^^^^^^^^^^^^^^^^^^^^^^^^^^^^^^^^^^^^^^^^^^^^^^^^^^
  File "/home/airflow/.local/lib/python3.12/site-packages/airflow/models/taskinstance.py", line 432, in _execute_callable
    return execute_callable(context=context, **execute_callable_kwargs)
           ^^^^^^^^^^^^^^^^^^^^^^^^^^^^^^^^^^^^^^^^^^^^^^^^^^^^^^^^^^^^
  File "/home/airflow/.local/lib/python3.12/site-packages/airflow/models/baseoperator.py", line 400, in wrapper
    return func(self, *args, **kwargs)
           ^^^^^^^^^^^^^^^^^^^^^^^^^^^
  File "/home/airflow/.local/lib/python3.12/site-packages/airflow/operators/bash.py", line 243, in execute
    raise AirflowException(
airflow.exceptions.AirflowException: Bash command failed. The command returned a non-zero exit code 2.
[2025-12-10T22:55:22.213+0000] {taskinstance.py:1205} INFO - Marking task as FAILED. dag_id=mfg_accelerator_pipeline, task_id=ingest_raw_to_snowflake, execution_date=20251210T225019, start_date=20251210T225521, end_date=20251210T225522
[2025-12-10T22:55:22.227+0000] {standard_task_runner.py:110} ERROR - Failed to execute job 5 for task ingest_raw_to_snowflake (Bash command failed. The command returned a non-zero exit code 2.; 553)
[2025-12-10T22:55:22.261+0000] {local_task_job_runner.py:240} INFO - Task exited with return code 1
[2025-12-10T22:55:22.281+0000] {taskinstance.py:3482} INFO - 0 downstream tasks scheduled from follow-on schedule check
[2025-12-10T22:55:22.288+0000] {local_task_job_runner.py:222} INFO - ::endgroup::
