[2025-12-13T12:54:01.406+0000] {local_task_job_runner.py:120} INFO - ::group::Pre task execution logs
[2025-12-13T12:54:01.438+0000] {taskinstance.py:2073} INFO - Dependencies all met for dep_context=non-requeueable deps ti=<TaskInstance: mfg_data_quality_monitoring_dag.dq_check_freshness_kpis manual__2025-12-13T12:53:48.317379+00:00 [queued]>
[2025-12-13T12:54:01.450+0000] {taskinstance.py:2073} INFO - Dependencies all met for dep_context=requeueable deps ti=<TaskInstance: mfg_data_quality_monitoring_dag.dq_check_freshness_kpis manual__2025-12-13T12:53:48.317379+00:00 [queued]>
[2025-12-13T12:54:01.451+0000] {taskinstance.py:2303} INFO - Starting attempt 1 of 2
[2025-12-13T12:54:01.467+0000] {taskinstance.py:2327} INFO - Executing <Task(PythonOperator): dq_check_freshness_kpis> on 2025-12-13 12:53:48.317379+00:00
[2025-12-13T12:54:01.476+0000] {logging_mixin.py:188} WARNING - /home/***/.local/lib/python3.12/site-packages/***/task/task_runner/standard_task_runner.py:61 DeprecationWarning: This process (pid=3234) is multi-threaded, use of fork() may lead to deadlocks in the child.
[2025-12-13T12:54:01.478+0000] {standard_task_runner.py:63} INFO - Started process 3237 to run task
[2025-12-13T12:54:01.477+0000] {standard_task_runner.py:90} INFO - Running: ['***', 'tasks', 'run', 'mfg_data_quality_monitoring_dag', 'dq_check_freshness_kpis', 'manual__2025-12-13T12:53:48.317379+00:00', '--job-id', '38', '--raw', '--subdir', 'DAGS_FOLDER/mfg_data_quality_monitoring_dag.py', '--cfg-path', '/tmp/tmp9ap7sohw']
[2025-12-13T12:54:01.480+0000] {standard_task_runner.py:91} INFO - Job 38: Subtask dq_check_freshness_kpis
[2025-12-13T12:54:01.538+0000] {task_command.py:426} INFO - Running <TaskInstance: mfg_data_quality_monitoring_dag.dq_check_freshness_kpis manual__2025-12-13T12:53:48.317379+00:00 [running]> on host 1159f6c9764f
[2025-12-13T12:54:01.643+0000] {taskinstance.py:2644} INFO - Exporting env vars: AIRFLOW_CTX_DAG_OWNER='data-platform' AIRFLOW_CTX_DAG_ID='mfg_data_quality_monitoring_dag' AIRFLOW_CTX_TASK_ID='dq_check_freshness_kpis' AIRFLOW_CTX_EXECUTION_DATE='2025-12-13T12:53:48.317379+00:00' AIRFLOW_CTX_TRY_NUMBER='1' AIRFLOW_CTX_DAG_RUN_ID='manual__2025-12-13T12:53:48.317379+00:00'
[2025-12-13T12:54:01.645+0000] {taskinstance.py:430} INFO - ::endgroup::
[2025-12-13T12:54:01.663+0000] {connection.py:521} INFO - Snowflake Connector for Python Version: 3.18.0, Python Version: 3.12.2, Platform: Linux-6.6.87.2-microsoft-standard-WSL2-x86_64-with-glibc2.36
[2025-12-13T12:54:01.664+0000] {connection.py:1464} INFO - Connecting to GLOBAL Snowflake domain
[2025-12-13T12:54:04.075+0000] {python.py:237} INFO - Done. Returned value was: None
[2025-12-13T12:54:04.076+0000] {taskinstance.py:441} INFO - ::group::Post task execution logs
[2025-12-13T12:54:04.089+0000] {taskinstance.py:1205} INFO - Marking task as SUCCESS. dag_id=mfg_data_quality_monitoring_dag, task_id=dq_check_freshness_kpis, execution_date=20251213T125348, start_date=20251213T125401, end_date=20251213T125404
[2025-12-13T12:54:04.153+0000] {local_task_job_runner.py:240} INFO - Task exited with return code 0
[2025-12-13T12:54:04.218+0000] {taskinstance.py:3482} INFO - 0 downstream tasks scheduled from follow-on schedule check
[2025-12-13T12:54:04.225+0000] {local_task_job_runner.py:222} INFO - ::endgroup::
