[2025-12-17T09:16:12.937+0000] {local_task_job_runner.py:120} INFO - ::group::Pre task execution logs
[2025-12-17T09:16:12.966+0000] {taskinstance.py:2073} INFO - Dependencies all met for dep_context=non-requeueable deps ti=<TaskInstance: mfg_dbt_transform_dag.dbt_run_marts scheduled__2025-12-16T05:15:00+00:00 [queued]>
[2025-12-17T09:16:12.974+0000] {taskinstance.py:2073} INFO - Dependencies all met for dep_context=requeueable deps ti=<TaskInstance: mfg_dbt_transform_dag.dbt_run_marts scheduled__2025-12-16T05:15:00+00:00 [queued]>
[2025-12-17T09:16:12.975+0000] {taskinstance.py:2303} INFO - Starting attempt 1 of 3
[2025-12-17T09:16:12.991+0000] {taskinstance.py:2327} INFO - Executing <Task(BashOperator): dbt_run_marts> on 2025-12-16 05:15:00+00:00
[2025-12-17T09:16:12.999+0000] {logging_mixin.py:188} WARNING - /home/***/.local/lib/python3.12/site-packages/***/task/task_runner/standard_task_runner.py:61 DeprecationWarning: This process (pid=8457) is multi-threaded, use of fork() may lead to deadlocks in the child.
[2025-12-17T09:16:13.001+0000] {standard_task_runner.py:63} INFO - Started process 8458 to run task
[2025-12-17T09:16:12.999+0000] {standard_task_runner.py:90} INFO - Running: ['***', 'tasks', 'run', 'mfg_dbt_transform_dag', 'dbt_run_marts', 'scheduled__2025-12-16T05:15:00+00:00', '--job-id', '45', '--raw', '--subdir', 'DAGS_FOLDER/mfg_dbt_transform_dag.py', '--cfg-path', '/tmp/tmpclbsxwp2']
[2025-12-17T09:16:13.002+0000] {standard_task_runner.py:91} INFO - Job 45: Subtask dbt_run_marts
[2025-12-17T09:16:13.058+0000] {task_command.py:426} INFO - Running <TaskInstance: mfg_dbt_transform_dag.dbt_run_marts scheduled__2025-12-16T05:15:00+00:00 [running]> on host f349782282f8
[2025-12-17T09:16:13.154+0000] {taskinstance.py:2644} INFO - Exporting env vars: AIRFLOW_CTX_DAG_OWNER='data-eng' AIRFLOW_CTX_DAG_ID='mfg_dbt_transform_dag' AIRFLOW_CTX_TASK_ID='dbt_run_marts' AIRFLOW_CTX_EXECUTION_DATE='2025-12-16T05:15:00+00:00' AIRFLOW_CTX_TRY_NUMBER='1' AIRFLOW_CTX_DAG_RUN_ID='scheduled__2025-12-16T05:15:00+00:00'
[2025-12-17T09:16:13.155+0000] {taskinstance.py:430} INFO - ::endgroup::
[2025-12-17T09:16:13.173+0000] {subprocess.py:63} INFO - Tmp dir root location: /tmp
[2025-12-17T09:16:13.175+0000] {subprocess.py:75} INFO - Running command: ['/usr/bin/bash', '-c', 'cd /opt/***/dbt_project && dbt run --select marts --profiles-dir /opt/***/dbt_profiles']
[2025-12-17T09:16:13.184+0000] {subprocess.py:86} INFO - Output:
[2025-12-17T09:16:15.896+0000] {subprocess.py:93} INFO - [0m09:16:15  Running with dbt=1.10.16
[2025-12-17T09:16:17.054+0000] {subprocess.py:93} INFO - [0m09:16:17  Registered adapter: snowflake=1.10.4
[2025-12-17T09:16:17.832+0000] {subprocess.py:93} INFO - [0m09:16:17  Found 8 models, 24 data tests, 3 sources, 504 macros
[2025-12-17T09:16:17.836+0000] {subprocess.py:93} INFO - [0m09:16:17
[2025-12-17T09:16:17.838+0000] {subprocess.py:93} INFO - [0m09:16:17  Concurrency: 4 threads (target='dev')
[2025-12-17T09:16:17.840+0000] {subprocess.py:93} INFO - [0m09:16:17
[2025-12-17T09:16:19.604+0000] {subprocess.py:93} INFO - [0m09:16:19  1 of 2 START sql table model STAGING_analytics.mfg_ml_features_orders .......... [RUN]
[2025-12-17T09:16:19.605+0000] {subprocess.py:93} INFO - [0m09:16:19  2 of 2 START sql table model STAGING_analytics.mfg_plant_daily_kpis ............ [RUN]
[2025-12-17T09:16:21.824+0000] {subprocess.py:93} INFO - [0m09:16:21  1 of 2 OK created sql table model STAGING_analytics.mfg_ml_features_orders ..... [[32mSUCCESS 1[0m in 2.21s]
[2025-12-17T09:16:22.460+0000] {subprocess.py:93} INFO - [0m09:16:22  2 of 2 OK created sql table model STAGING_analytics.mfg_plant_daily_kpis ....... [[32mSUCCESS 1[0m in 2.85s]
[2025-12-17T09:16:23.313+0000] {subprocess.py:93} INFO - [0m09:16:23
[2025-12-17T09:16:23.315+0000] {subprocess.py:93} INFO - [0m09:16:23  Finished running 2 table models in 0 hours 0 minutes and 5.47 seconds (5.47s).
[2025-12-17T09:16:23.412+0000] {subprocess.py:93} INFO - [0m09:16:23
[2025-12-17T09:16:23.415+0000] {subprocess.py:93} INFO - [0m09:16:23  [32mCompleted successfully[0m
[2025-12-17T09:16:23.417+0000] {subprocess.py:93} INFO - [0m09:16:23
[2025-12-17T09:16:23.419+0000] {subprocess.py:93} INFO - [0m09:16:23  Done. PASS=2 WARN=0 ERROR=0 SKIP=0 NO-OP=0 TOTAL=2
[2025-12-17T09:16:24.547+0000] {subprocess.py:97} INFO - Command exited with return code 0
[2025-12-17T09:16:24.548+0000] {taskinstance.py:441} INFO - ::group::Post task execution logs
[2025-12-17T09:16:24.577+0000] {taskinstance.py:1205} INFO - Marking task as SUCCESS. dag_id=mfg_dbt_transform_dag, task_id=dbt_run_marts, execution_date=20251216T051500, start_date=20251217T091612, end_date=20251217T091624
[2025-12-17T09:16:24.627+0000] {local_task_job_runner.py:240} INFO - Task exited with return code 0
[2025-12-17T09:16:24.646+0000] {taskinstance.py:3482} INFO - 1 downstream tasks scheduled from follow-on schedule check
[2025-12-17T09:16:24.650+0000] {local_task_job_runner.py:222} INFO - ::endgroup::
[2025-12-17T11:25:00.284+0000] {local_task_job_runner.py:120} INFO - ::group::Pre task execution logs
[2025-12-17T11:25:00.321+0000] {taskinstance.py:2073} INFO - Dependencies all met for dep_context=non-requeueable deps ti=<TaskInstance: mfg_dbt_transform_dag.dbt_run_marts scheduled__2025-12-16T05:15:00+00:00 [queued]>
[2025-12-17T11:25:00.330+0000] {taskinstance.py:2073} INFO - Dependencies all met for dep_context=requeueable deps ti=<TaskInstance: mfg_dbt_transform_dag.dbt_run_marts scheduled__2025-12-16T05:15:00+00:00 [queued]>
[2025-12-17T11:25:00.331+0000] {taskinstance.py:2303} INFO - Starting attempt 1 of 3
[2025-12-17T11:25:00.346+0000] {taskinstance.py:2327} INFO - Executing <Task(BashOperator): dbt_run_marts> on 2025-12-16 05:15:00+00:00
[2025-12-17T11:25:00.354+0000] {standard_task_runner.py:90} INFO - Running: ['***', 'tasks', 'run', 'mfg_dbt_transform_dag', 'dbt_run_marts', 'scheduled__2025-12-16T05:15:00+00:00', '--job-id', '14', '--raw', '--subdir', 'DAGS_FOLDER/mfg_dbt_transform_dag.py', '--cfg-path', '/tmp/tmpol09dzou']
[2025-12-17T11:25:00.357+0000] {standard_task_runner.py:91} INFO - Job 14: Subtask dbt_run_marts
[2025-12-17T11:25:00.357+0000] {logging_mixin.py:188} WARNING - /home/***/.local/lib/python3.12/site-packages/***/task/task_runner/standard_task_runner.py:61 DeprecationWarning: This process (pid=2404) is multi-threaded, use of fork() may lead to deadlocks in the child.
[2025-12-17T11:25:00.358+0000] {standard_task_runner.py:63} INFO - Started process 2405 to run task
[2025-12-17T11:25:00.427+0000] {task_command.py:426} INFO - Running <TaskInstance: mfg_dbt_transform_dag.dbt_run_marts scheduled__2025-12-16T05:15:00+00:00 [running]> on host ada33a2b5ec7
[2025-12-17T11:25:00.529+0000] {taskinstance.py:2644} INFO - Exporting env vars: AIRFLOW_CTX_DAG_OWNER='data-eng' AIRFLOW_CTX_DAG_ID='mfg_dbt_transform_dag' AIRFLOW_CTX_TASK_ID='dbt_run_marts' AIRFLOW_CTX_EXECUTION_DATE='2025-12-16T05:15:00+00:00' AIRFLOW_CTX_TRY_NUMBER='1' AIRFLOW_CTX_DAG_RUN_ID='scheduled__2025-12-16T05:15:00+00:00'
[2025-12-17T11:25:00.530+0000] {taskinstance.py:430} INFO - ::endgroup::
[2025-12-17T11:25:00.547+0000] {subprocess.py:63} INFO - Tmp dir root location: /tmp
[2025-12-17T11:25:00.548+0000] {subprocess.py:75} INFO - Running command: ['/usr/bin/bash', '-c', 'cd /opt/***/dbt_project && dbt run --select marts --profiles-dir /opt/***/dbt_profiles']
[2025-12-17T11:25:00.559+0000] {subprocess.py:86} INFO - Output:
[2025-12-17T11:25:03.025+0000] {subprocess.py:93} INFO - [0m11:25:03  Running with dbt=1.8.4
[2025-12-17T11:25:04.037+0000] {subprocess.py:93} INFO - [0m11:25:04  Registered adapter: snowflake=1.8.4
[2025-12-17T11:25:04.779+0000] {subprocess.py:93} INFO - [0m11:25:04  Found 8 models, 24 data tests, 3 sources, 459 macros
[2025-12-17T11:25:04.783+0000] {subprocess.py:93} INFO - [0m11:25:04
[2025-12-17T11:25:08.595+0000] {subprocess.py:93} INFO - [0m11:25:08  Concurrency: 4 threads (target='dev')
[2025-12-17T11:25:08.596+0000] {subprocess.py:93} INFO - [0m11:25:08
[2025-12-17T11:25:08.611+0000] {subprocess.py:93} INFO - [0m11:25:08  1 of 2 START sql table model STAGING_analytics.mfg_ml_features_orders .......... [RUN]
[2025-12-17T11:25:08.613+0000] {subprocess.py:93} INFO - [0m11:25:08  2 of 2 START sql table model STAGING_analytics.mfg_plant_daily_kpis ............ [RUN]
[2025-12-17T11:25:11.623+0000] {subprocess.py:93} INFO - [0m11:25:11  1 of 2 OK created sql table model STAGING_analytics.mfg_ml_features_orders ..... [[32mSUCCESS 1[0m in 3.00s]
[2025-12-17T11:25:11.774+0000] {subprocess.py:93} INFO - [0m11:25:11  2 of 2 OK created sql table model STAGING_analytics.mfg_plant_daily_kpis ....... [[32mSUCCESS 1[0m in 3.15s]
[2025-12-17T11:25:11.783+0000] {subprocess.py:93} INFO - [0m11:25:11
[2025-12-17T11:25:11.785+0000] {subprocess.py:93} INFO - [0m11:25:11  Finished running 2 table models in 0 hours 0 minutes and 7.00 seconds (7.00s).
[2025-12-17T11:25:11.932+0000] {subprocess.py:93} INFO - [0m11:25:11
[2025-12-17T11:25:11.933+0000] {subprocess.py:93} INFO - [0m11:25:11  [32mCompleted successfully[0m
[2025-12-17T11:25:11.935+0000] {subprocess.py:93} INFO - [0m11:25:11
[2025-12-17T11:25:11.936+0000] {subprocess.py:93} INFO - [0m11:25:11  Done. PASS=2 WARN=0 ERROR=0 SKIP=0 TOTAL=2
[2025-12-17T11:25:12.934+0000] {subprocess.py:97} INFO - Command exited with return code 0
[2025-12-17T11:25:12.935+0000] {taskinstance.py:441} INFO - ::group::Post task execution logs
[2025-12-17T11:25:12.971+0000] {taskinstance.py:1205} INFO - Marking task as SUCCESS. dag_id=mfg_dbt_transform_dag, task_id=dbt_run_marts, execution_date=20251216T051500, start_date=20251217T112500, end_date=20251217T112512
[2025-12-17T11:25:12.994+0000] {local_task_job_runner.py:240} INFO - Task exited with return code 0
[2025-12-17T11:25:13.017+0000] {taskinstance.py:3482} INFO - 1 downstream tasks scheduled from follow-on schedule check
[2025-12-17T11:25:13.021+0000] {local_task_job_runner.py:222} INFO - ::endgroup::
[2025-12-17T13:05:19.103+0000] {local_task_job_runner.py:120} INFO - ::group::Pre task execution logs
[2025-12-17T13:05:19.143+0000] {taskinstance.py:2073} INFO - Dependencies all met for dep_context=non-requeueable deps ti=<TaskInstance: mfg_dbt_transform_dag.dbt_run_marts scheduled__2025-12-16T05:15:00+00:00 [queued]>
[2025-12-17T13:05:19.155+0000] {taskinstance.py:2073} INFO - Dependencies all met for dep_context=requeueable deps ti=<TaskInstance: mfg_dbt_transform_dag.dbt_run_marts scheduled__2025-12-16T05:15:00+00:00 [queued]>
[2025-12-17T13:05:19.155+0000] {taskinstance.py:2303} INFO - Starting attempt 1 of 3
[2025-12-17T13:05:19.173+0000] {taskinstance.py:2327} INFO - Executing <Task(BashOperator): dbt_run_marts> on 2025-12-16 05:15:00+00:00
[2025-12-17T13:05:19.184+0000] {standard_task_runner.py:90} INFO - Running: ['***', 'tasks', 'run', 'mfg_dbt_transform_dag', 'dbt_run_marts', 'scheduled__2025-12-16T05:15:00+00:00', '--job-id', '13', '--raw', '--subdir', 'DAGS_FOLDER/mfg_dbt_transform_dag.py', '--cfg-path', '/tmp/tmp8cucabuv']
[2025-12-17T13:05:19.189+0000] {standard_task_runner.py:91} INFO - Job 13: Subtask dbt_run_marts
[2025-12-17T13:05:19.190+0000] {logging_mixin.py:188} WARNING - /home/***/.local/lib/python3.12/site-packages/***/task/task_runner/standard_task_runner.py:61 DeprecationWarning: This process (pid=832) is multi-threaded, use of fork() may lead to deadlocks in the child.
[2025-12-17T13:05:19.192+0000] {standard_task_runner.py:63} INFO - Started process 833 to run task
[2025-12-17T13:05:19.275+0000] {task_command.py:426} INFO - Running <TaskInstance: mfg_dbt_transform_dag.dbt_run_marts scheduled__2025-12-16T05:15:00+00:00 [running]> on host 84fc30c39b31
[2025-12-17T13:05:19.387+0000] {taskinstance.py:2644} INFO - Exporting env vars: AIRFLOW_CTX_DAG_OWNER='data-eng' AIRFLOW_CTX_DAG_ID='mfg_dbt_transform_dag' AIRFLOW_CTX_TASK_ID='dbt_run_marts' AIRFLOW_CTX_EXECUTION_DATE='2025-12-16T05:15:00+00:00' AIRFLOW_CTX_TRY_NUMBER='1' AIRFLOW_CTX_DAG_RUN_ID='scheduled__2025-12-16T05:15:00+00:00'
[2025-12-17T13:05:19.388+0000] {taskinstance.py:430} INFO - ::endgroup::
[2025-12-17T13:05:19.405+0000] {subprocess.py:63} INFO - Tmp dir root location: /tmp
[2025-12-17T13:05:19.406+0000] {subprocess.py:75} INFO - Running command: ['/usr/bin/bash', '-c', 'cd /opt/***/dbt_project && dbt run --select marts --profiles-dir /opt/***/dbt_profiles']
[2025-12-17T13:05:19.415+0000] {subprocess.py:86} INFO - Output:
[2025-12-17T13:05:21.701+0000] {subprocess.py:93} INFO - [0m13:05:21  Running with dbt=1.8.4
[2025-12-17T13:05:22.962+0000] {subprocess.py:93} INFO - [0m13:05:22  Registered adapter: snowflake=1.8.4
[2025-12-17T13:05:23.804+0000] {subprocess.py:93} INFO - [0m13:05:23  Found 8 models, 24 data tests, 3 sources, 459 macros
[2025-12-17T13:05:23.809+0000] {subprocess.py:93} INFO - [0m13:05:23
[2025-12-17T13:05:28.163+0000] {subprocess.py:93} INFO - [0m13:05:28  Concurrency: 4 threads (target='dev')
[2025-12-17T13:05:28.164+0000] {subprocess.py:93} INFO - [0m13:05:28
[2025-12-17T13:05:28.180+0000] {subprocess.py:93} INFO - [0m13:05:28  1 of 2 START sql table model DBT_MARTS.mfg_ml_features_orders .................. [RUN]
[2025-12-17T13:05:28.182+0000] {subprocess.py:93} INFO - [0m13:05:28  2 of 2 START sql table model DBT_MARTS.mfg_plant_daily_kpis .................... [RUN]
[2025-12-17T13:05:31.043+0000] {subprocess.py:93} INFO - [0m13:05:31  2 of 2 OK created sql table model DBT_MARTS.mfg_plant_daily_kpis ............... [[32mSUCCESS 1[0m in 2.85s]
[2025-12-17T13:05:31.305+0000] {subprocess.py:93} INFO - [0m13:05:31  1 of 2 OK created sql table model DBT_MARTS.mfg_ml_features_orders ............. [[32mSUCCESS 1[0m in 3.12s]
[2025-12-17T13:05:31.316+0000] {subprocess.py:93} INFO - [0m13:05:31
[2025-12-17T13:05:31.317+0000] {subprocess.py:93} INFO - [0m13:05:31  Finished running 2 table models in 0 hours 0 minutes and 7.50 seconds (7.50s).
[2025-12-17T13:05:31.393+0000] {subprocess.py:93} INFO - [0m13:05:31
[2025-12-17T13:05:31.395+0000] {subprocess.py:93} INFO - [0m13:05:31  [32mCompleted successfully[0m
[2025-12-17T13:05:31.396+0000] {subprocess.py:93} INFO - [0m13:05:31
[2025-12-17T13:05:31.397+0000] {subprocess.py:93} INFO - [0m13:05:31  Done. PASS=2 WARN=0 ERROR=0 SKIP=0 TOTAL=2
[2025-12-17T13:05:32.455+0000] {subprocess.py:97} INFO - Command exited with return code 0
[2025-12-17T13:05:32.456+0000] {taskinstance.py:441} INFO - ::group::Post task execution logs
[2025-12-17T13:05:32.505+0000] {taskinstance.py:1205} INFO - Marking task as SUCCESS. dag_id=mfg_dbt_transform_dag, task_id=dbt_run_marts, execution_date=20251216T051500, start_date=20251217T130519, end_date=20251217T130532
[2025-12-17T13:05:32.547+0000] {local_task_job_runner.py:240} INFO - Task exited with return code 0
[2025-12-17T13:05:32.587+0000] {taskinstance.py:3482} INFO - 1 downstream tasks scheduled from follow-on schedule check
[2025-12-17T13:05:32.592+0000] {local_task_job_runner.py:222} INFO - ::endgroup::
[2025-12-17T13:45:28.630+0000] {local_task_job_runner.py:120} INFO - ::group::Pre task execution logs
[2025-12-17T13:45:28.679+0000] {taskinstance.py:2073} INFO - Dependencies all met for dep_context=non-requeueable deps ti=<TaskInstance: mfg_dbt_transform_dag.dbt_run_marts scheduled__2025-12-16T05:15:00+00:00 [queued]>
[2025-12-17T13:45:28.691+0000] {taskinstance.py:2073} INFO - Dependencies all met for dep_context=requeueable deps ti=<TaskInstance: mfg_dbt_transform_dag.dbt_run_marts scheduled__2025-12-16T05:15:00+00:00 [queued]>
[2025-12-17T13:45:28.692+0000] {taskinstance.py:2303} INFO - Starting attempt 1 of 3
[2025-12-17T13:45:28.712+0000] {taskinstance.py:2327} INFO - Executing <Task(BashOperator): dbt_run_marts> on 2025-12-16 05:15:00+00:00
[2025-12-17T13:45:28.721+0000] {standard_task_runner.py:90} INFO - Running: ['***', 'tasks', 'run', 'mfg_dbt_transform_dag', 'dbt_run_marts', 'scheduled__2025-12-16T05:15:00+00:00', '--job-id', '11', '--raw', '--subdir', 'DAGS_FOLDER/mfg_dbt_transform_dag.py', '--cfg-path', '/tmp/tmp8xetb49t']
[2025-12-17T13:45:28.725+0000] {standard_task_runner.py:91} INFO - Job 11: Subtask dbt_run_marts
[2025-12-17T13:45:28.726+0000] {logging_mixin.py:188} WARNING - /home/***/.local/lib/python3.12/site-packages/***/task/task_runner/standard_task_runner.py:61 DeprecationWarning: This process (pid=340) is multi-threaded, use of fork() may lead to deadlocks in the child.
[2025-12-17T13:45:28.727+0000] {standard_task_runner.py:63} INFO - Started process 342 to run task
[2025-12-17T13:45:28.815+0000] {task_command.py:426} INFO - Running <TaskInstance: mfg_dbt_transform_dag.dbt_run_marts scheduled__2025-12-16T05:15:00+00:00 [running]> on host 8717822a88d5
[2025-12-17T13:45:28.961+0000] {taskinstance.py:2644} INFO - Exporting env vars: AIRFLOW_CTX_DAG_OWNER='data-eng' AIRFLOW_CTX_DAG_ID='mfg_dbt_transform_dag' AIRFLOW_CTX_TASK_ID='dbt_run_marts' AIRFLOW_CTX_EXECUTION_DATE='2025-12-16T05:15:00+00:00' AIRFLOW_CTX_TRY_NUMBER='1' AIRFLOW_CTX_DAG_RUN_ID='scheduled__2025-12-16T05:15:00+00:00'
[2025-12-17T13:45:28.963+0000] {taskinstance.py:430} INFO - ::endgroup::
[2025-12-17T13:45:28.991+0000] {subprocess.py:63} INFO - Tmp dir root location: /tmp
[2025-12-17T13:45:28.993+0000] {subprocess.py:75} INFO - Running command: ['/usr/bin/bash', '-c', 'cd /opt/***/dbt_project && dbt run --select marts --profiles-dir /opt/***/dbt_profiles']
[2025-12-17T13:45:29.004+0000] {subprocess.py:86} INFO - Output:
[2025-12-17T13:45:31.783+0000] {subprocess.py:93} INFO - [0m13:45:31  Running with dbt=1.8.4
[2025-12-17T13:45:33.269+0000] {subprocess.py:93} INFO - [0m13:45:33  Registered adapter: snowflake=1.8.4
[2025-12-17T13:45:34.256+0000] {subprocess.py:93} INFO - [0m13:45:34  Found 8 models, 24 data tests, 3 sources, 460 macros
[2025-12-17T13:45:34.262+0000] {subprocess.py:93} INFO - [0m13:45:34
[2025-12-17T13:45:37.981+0000] {subprocess.py:93} INFO - [0m13:45:37  Concurrency: 4 threads (target='dev')
[2025-12-17T13:45:37.983+0000] {subprocess.py:93} INFO - [0m13:45:37
[2025-12-17T13:45:37.998+0000] {subprocess.py:93} INFO - [0m13:45:37  1 of 2 START sql table model MARTS.mfg_ml_features_orders ...................... [RUN]
[2025-12-17T13:45:38.000+0000] {subprocess.py:93} INFO - [0m13:45:37  2 of 2 START sql table model MARTS.mfg_plant_daily_kpis ........................ [RUN]
[2025-12-17T13:45:40.842+0000] {subprocess.py:93} INFO - [0m13:45:40  1 of 2 OK created sql table model MARTS.mfg_ml_features_orders ................. [[32mSUCCESS 1[0m in 2.84s]
[2025-12-17T13:45:41.391+0000] {subprocess.py:93} INFO - [0m13:45:41  2 of 2 OK created sql table model MARTS.mfg_plant_daily_kpis ................... [[32mSUCCESS 1[0m in 3.39s]
[2025-12-17T13:45:41.401+0000] {subprocess.py:93} INFO - [0m13:45:41
[2025-12-17T13:45:41.402+0000] {subprocess.py:93} INFO - [0m13:45:41  Finished running 2 table models in 0 hours 0 minutes and 7.14 seconds (7.14s).
[2025-12-17T13:45:41.474+0000] {subprocess.py:93} INFO - [0m13:45:41
[2025-12-17T13:45:41.475+0000] {subprocess.py:93} INFO - [0m13:45:41  [32mCompleted successfully[0m
[2025-12-17T13:45:41.477+0000] {subprocess.py:93} INFO - [0m13:45:41
[2025-12-17T13:45:41.478+0000] {subprocess.py:93} INFO - [0m13:45:41  Done. PASS=2 WARN=0 ERROR=0 SKIP=0 TOTAL=2
[2025-12-17T13:45:42.430+0000] {subprocess.py:97} INFO - Command exited with return code 0
[2025-12-17T13:45:42.431+0000] {taskinstance.py:441} INFO - ::group::Post task execution logs
[2025-12-17T13:45:42.472+0000] {taskinstance.py:1205} INFO - Marking task as SUCCESS. dag_id=mfg_dbt_transform_dag, task_id=dbt_run_marts, execution_date=20251216T051500, start_date=20251217T134528, end_date=20251217T134542
[2025-12-17T13:45:42.511+0000] {local_task_job_runner.py:240} INFO - Task exited with return code 0
[2025-12-17T13:45:42.534+0000] {taskinstance.py:3482} INFO - 1 downstream tasks scheduled from follow-on schedule check
[2025-12-17T13:45:42.538+0000] {local_task_job_runner.py:222} INFO - ::endgroup::
