[2025-12-17T13:06:10.478+0000] {local_task_job_runner.py:120} INFO - ::group::Pre task execution logs
[2025-12-17T13:06:10.523+0000] {taskinstance.py:2073} INFO - Dependencies all met for dep_context=non-requeueable deps ti=<TaskInstance: mfg_dbt_transform_dag.dbt_run_core manual__2025-12-17T13:04:46.429303+00:00 [queued]>
[2025-12-17T13:06:10.536+0000] {taskinstance.py:2073} INFO - Dependencies all met for dep_context=requeueable deps ti=<TaskInstance: mfg_dbt_transform_dag.dbt_run_core manual__2025-12-17T13:04:46.429303+00:00 [queued]>
[2025-12-17T13:06:10.537+0000] {taskinstance.py:2303} INFO - Starting attempt 1 of 3
[2025-12-17T13:06:10.556+0000] {taskinstance.py:2327} INFO - Executing <Task(BashOperator): dbt_run_core> on 2025-12-17 13:04:46.429303+00:00
[2025-12-17T13:06:10.566+0000] {standard_task_runner.py:90} INFO - Running: ['***', 'tasks', 'run', 'mfg_dbt_transform_dag', 'dbt_run_core', 'manual__2025-12-17T13:04:46.429303+00:00', '--job-id', '16', '--raw', '--subdir', 'DAGS_FOLDER/mfg_dbt_transform_dag.py', '--cfg-path', '/tmp/tmpfxjve26q']
[2025-12-17T13:06:10.571+0000] {standard_task_runner.py:91} INFO - Job 16: Subtask dbt_run_core
[2025-12-17T13:06:10.572+0000] {logging_mixin.py:188} WARNING - /home/***/.local/lib/python3.12/site-packages/***/task/task_runner/standard_task_runner.py:61 DeprecationWarning: This process (pid=932) is multi-threaded, use of fork() may lead to deadlocks in the child.
[2025-12-17T13:06:10.574+0000] {standard_task_runner.py:63} INFO - Started process 933 to run task
[2025-12-17T13:06:10.642+0000] {task_command.py:426} INFO - Running <TaskInstance: mfg_dbt_transform_dag.dbt_run_core manual__2025-12-17T13:04:46.429303+00:00 [running]> on host 84fc30c39b31
[2025-12-17T13:06:10.753+0000] {taskinstance.py:2644} INFO - Exporting env vars: AIRFLOW_CTX_DAG_OWNER='data-eng' AIRFLOW_CTX_DAG_ID='mfg_dbt_transform_dag' AIRFLOW_CTX_TASK_ID='dbt_run_core' AIRFLOW_CTX_EXECUTION_DATE='2025-12-17T13:04:46.429303+00:00' AIRFLOW_CTX_TRY_NUMBER='1' AIRFLOW_CTX_DAG_RUN_ID='manual__2025-12-17T13:04:46.429303+00:00'
[2025-12-17T13:06:10.754+0000] {taskinstance.py:430} INFO - ::endgroup::
[2025-12-17T13:06:10.772+0000] {subprocess.py:63} INFO - Tmp dir root location: /tmp
[2025-12-17T13:06:10.773+0000] {subprocess.py:75} INFO - Running command: ['/usr/bin/bash', '-c', 'cd /opt/***/dbt_project && dbt run --select core --profiles-dir /opt/***/dbt_profiles']
[2025-12-17T13:06:10.782+0000] {subprocess.py:86} INFO - Output:
[2025-12-17T13:06:13.236+0000] {subprocess.py:93} INFO - [0m13:06:13  Running with dbt=1.8.4
[2025-12-17T13:06:14.674+0000] {subprocess.py:93} INFO - [0m13:06:14  Registered adapter: snowflake=1.8.4
[2025-12-17T13:06:15.543+0000] {subprocess.py:93} INFO - [0m13:06:15  Found 8 models, 24 data tests, 3 sources, 459 macros
[2025-12-17T13:06:15.548+0000] {subprocess.py:93} INFO - [0m13:06:15
[2025-12-17T13:06:19.617+0000] {subprocess.py:93} INFO - [0m13:06:19  Concurrency: 4 threads (target='dev')
[2025-12-17T13:06:19.619+0000] {subprocess.py:93} INFO - [0m13:06:19
[2025-12-17T13:06:19.635+0000] {subprocess.py:93} INFO - [0m13:06:19  1 of 3 START sql table model DBT_CORE.core_materials ........................... [RUN]
[2025-12-17T13:06:23.189+0000] {subprocess.py:93} INFO - [0m13:06:23  1 of 3 OK created sql table model DBT_CORE.core_materials ...................... [[32mSUCCESS 1[0m in 3.55s]
[2025-12-17T13:06:23.224+0000] {subprocess.py:93} INFO - [0m13:06:23  2 of 3 START sql table model DBT_CORE.core_batches ............................. [RUN]
[2025-12-17T13:06:23.247+0000] {subprocess.py:93} INFO - [0m13:06:23  3 of 3 START sql table model DBT_CORE.fct_production_orders .................... [RUN]
[2025-12-17T13:06:26.192+0000] {subprocess.py:93} INFO - [0m13:06:26  3 of 3 OK created sql table model DBT_CORE.fct_production_orders ............... [[32mSUCCESS 1[0m in 2.92s]
[2025-12-17T13:06:26.493+0000] {subprocess.py:93} INFO - [0m13:06:26  2 of 3 OK created sql table model DBT_CORE.core_batches ........................ [[32mSUCCESS 1[0m in 3.22s]
[2025-12-17T13:06:26.505+0000] {subprocess.py:93} INFO - [0m13:06:26
[2025-12-17T13:06:26.507+0000] {subprocess.py:93} INFO - [0m13:06:26  Finished running 3 table models in 0 hours 0 minutes and 10.96 seconds (10.96s).
[2025-12-17T13:06:26.589+0000] {subprocess.py:93} INFO - [0m13:06:26
[2025-12-17T13:06:26.591+0000] {subprocess.py:93} INFO - [0m13:06:26  [32mCompleted successfully[0m
[2025-12-17T13:06:26.593+0000] {subprocess.py:93} INFO - [0m13:06:26
[2025-12-17T13:06:26.594+0000] {subprocess.py:93} INFO - [0m13:06:26  Done. PASS=3 WARN=0 ERROR=0 SKIP=0 TOTAL=3
[2025-12-17T13:06:27.616+0000] {subprocess.py:97} INFO - Command exited with return code 0
[2025-12-17T13:06:27.617+0000] {taskinstance.py:441} INFO - ::group::Post task execution logs
[2025-12-17T13:06:27.673+0000] {taskinstance.py:1205} INFO - Marking task as SUCCESS. dag_id=mfg_dbt_transform_dag, task_id=dbt_run_core, execution_date=20251217T130446, start_date=20251217T130610, end_date=20251217T130627
[2025-12-17T13:06:27.721+0000] {local_task_job_runner.py:240} INFO - Task exited with return code 0
[2025-12-17T13:06:27.754+0000] {taskinstance.py:3482} INFO - 1 downstream tasks scheduled from follow-on schedule check
[2025-12-17T13:06:27.758+0000] {local_task_job_runner.py:222} INFO - ::endgroup::
