[2025-12-16T23:15:29.192+0000] {local_task_job_runner.py:120} INFO - ::group::Pre task execution logs
[2025-12-16T23:15:29.249+0000] {taskinstance.py:2073} INFO - Dependencies all met for dep_context=non-requeueable deps ti=<TaskInstance: mfg_dbt_transform_dag.dbt_run_core scheduled__2025-12-15T04:15:00+00:00 [queued]>
[2025-12-16T23:15:29.263+0000] {taskinstance.py:2073} INFO - Dependencies all met for dep_context=requeueable deps ti=<TaskInstance: mfg_dbt_transform_dag.dbt_run_core scheduled__2025-12-15T04:15:00+00:00 [queued]>
[2025-12-16T23:15:29.265+0000] {taskinstance.py:2303} INFO - Starting attempt 1 of 3
[2025-12-16T23:15:29.287+0000] {taskinstance.py:2327} INFO - Executing <Task(BashOperator): dbt_run_core> on 2025-12-15 04:15:00+00:00
[2025-12-16T23:15:29.298+0000] {standard_task_runner.py:90} INFO - Running: ['***', 'tasks', 'run', 'mfg_dbt_transform_dag', 'dbt_run_core', 'scheduled__2025-12-15T04:15:00+00:00', '--job-id', '9', '--raw', '--subdir', 'DAGS_FOLDER/mfg_dbt_transform_dag.py', '--cfg-path', '/tmp/tmpj7m6aaet']
[2025-12-16T23:15:29.304+0000] {standard_task_runner.py:91} INFO - Job 9: Subtask dbt_run_core
[2025-12-16T23:15:29.306+0000] {logging_mixin.py:188} WARNING - /home/***/.local/lib/python3.12/site-packages/***/task/task_runner/standard_task_runner.py:61 DeprecationWarning: This process (pid=539) is multi-threaded, use of fork() may lead to deadlocks in the child.
[2025-12-16T23:15:29.307+0000] {standard_task_runner.py:63} INFO - Started process 540 to run task
[2025-12-16T23:15:29.384+0000] {task_command.py:426} INFO - Running <TaskInstance: mfg_dbt_transform_dag.dbt_run_core scheduled__2025-12-15T04:15:00+00:00 [running]> on host f349782282f8
[2025-12-16T23:15:29.508+0000] {taskinstance.py:2644} INFO - Exporting env vars: AIRFLOW_CTX_DAG_OWNER='data-engineering' AIRFLOW_CTX_DAG_ID='mfg_dbt_transform_dag' AIRFLOW_CTX_TASK_ID='dbt_run_core' AIRFLOW_CTX_EXECUTION_DATE='2025-12-15T04:15:00+00:00' AIRFLOW_CTX_TRY_NUMBER='1' AIRFLOW_CTX_DAG_RUN_ID='scheduled__2025-12-15T04:15:00+00:00'
[2025-12-16T23:15:29.509+0000] {taskinstance.py:430} INFO - ::endgroup::
[2025-12-16T23:15:29.536+0000] {subprocess.py:63} INFO - Tmp dir root location: /tmp
[2025-12-16T23:15:29.538+0000] {subprocess.py:75} INFO - Running command: ['/usr/bin/bash', '-c', 'cd /opt/***/dbt_project && dbt run --select core --profiles-dir /opt/***/dbt_profiles']
[2025-12-16T23:15:29.555+0000] {subprocess.py:86} INFO - Output:
[2025-12-16T23:15:33.779+0000] {subprocess.py:93} INFO - [0m23:15:33  Running with dbt=1.10.16
[2025-12-16T23:15:35.237+0000] {subprocess.py:93} INFO - [0m23:15:35  Registered adapter: snowflake=1.10.4
[2025-12-16T23:15:36.227+0000] {subprocess.py:93} INFO - [0m23:15:36  Found 8 models, 24 data tests, 3 sources, 504 macros
[2025-12-16T23:15:36.233+0000] {subprocess.py:93} INFO - [0m23:15:36
[2025-12-16T23:15:36.235+0000] {subprocess.py:93} INFO - [0m23:15:36  Concurrency: 4 threads (target='dev')
[2025-12-16T23:15:36.237+0000] {subprocess.py:93} INFO - [0m23:15:36
[2025-12-16T23:15:38.323+0000] {subprocess.py:93} INFO - [0m23:15:38  1 of 3 START sql table model ANALYTICS_analytics.core_materials ................ [RUN]
[2025-12-16T23:15:39.730+0000] {subprocess.py:93} INFO - [0m23:15:39  1 of 3 OK created sql table model ANALYTICS_analytics.core_materials ........... [[32mSUCCESS 1[0m in 1.40s]
[2025-12-16T23:15:39.737+0000] {subprocess.py:93} INFO - [0m23:15:39  2 of 3 START sql table model ANALYTICS_analytics.core_batches .................. [RUN]
[2025-12-16T23:15:39.738+0000] {subprocess.py:93} INFO - [0m23:15:39  3 of 3 START sql table model ANALYTICS_analytics.fct_production_orders ......... [RUN]
[2025-12-16T23:15:41.939+0000] {subprocess.py:93} INFO - [0m23:15:41  2 of 3 OK created sql table model ANALYTICS_analytics.core_batches ............. [[32mSUCCESS 1[0m in 2.20s]
[2025-12-16T23:15:42.225+0000] {subprocess.py:93} INFO - [0m23:15:42  3 of 3 OK created sql table model ANALYTICS_analytics.fct_production_orders .... [[32mSUCCESS 1[0m in 2.48s]
[2025-12-16T23:15:43.772+0000] {subprocess.py:93} INFO - [0m23:15:43
[2025-12-16T23:15:43.774+0000] {subprocess.py:93} INFO - [0m23:15:43  Finished running 3 table models in 0 hours 0 minutes and 7.53 seconds (7.53s).
[2025-12-16T23:15:43.877+0000] {subprocess.py:93} INFO - [0m23:15:43
[2025-12-16T23:15:43.878+0000] {subprocess.py:93} INFO - [0m23:15:43  [32mCompleted successfully[0m
[2025-12-16T23:15:43.880+0000] {subprocess.py:93} INFO - [0m23:15:43
[2025-12-16T23:15:43.881+0000] {subprocess.py:93} INFO - [0m23:15:43  Done. PASS=3 WARN=0 ERROR=0 SKIP=0 NO-OP=0 TOTAL=3
[2025-12-16T23:15:45.024+0000] {subprocess.py:97} INFO - Command exited with return code 0
[2025-12-16T23:15:45.025+0000] {taskinstance.py:441} INFO - ::group::Post task execution logs
[2025-12-16T23:15:45.059+0000] {taskinstance.py:1205} INFO - Marking task as SUCCESS. dag_id=mfg_dbt_transform_dag, task_id=dbt_run_core, execution_date=20251215T041500, start_date=20251216T231529, end_date=20251216T231545
[2025-12-16T23:15:45.085+0000] {local_task_job_runner.py:240} INFO - Task exited with return code 0
[2025-12-16T23:15:45.117+0000] {taskinstance.py:3482} INFO - 1 downstream tasks scheduled from follow-on schedule check
[2025-12-16T23:15:45.122+0000] {local_task_job_runner.py:222} INFO - ::endgroup::
