[2025-12-16T23:15:46.212+0000] {local_task_job_runner.py:120} INFO - ::group::Pre task execution logs
[2025-12-16T23:15:46.254+0000] {taskinstance.py:2073} INFO - Dependencies all met for dep_context=non-requeueable deps ti=<TaskInstance: mfg_dbt_transform_dag.dbt_run_marts scheduled__2025-12-15T04:15:00+00:00 [queued]>
[2025-12-16T23:15:46.267+0000] {taskinstance.py:2073} INFO - Dependencies all met for dep_context=requeueable deps ti=<TaskInstance: mfg_dbt_transform_dag.dbt_run_marts scheduled__2025-12-15T04:15:00+00:00 [queued]>
[2025-12-16T23:15:46.268+0000] {taskinstance.py:2303} INFO - Starting attempt 1 of 3
[2025-12-16T23:15:46.287+0000] {taskinstance.py:2327} INFO - Executing <Task(BashOperator): dbt_run_marts> on 2025-12-15 04:15:00+00:00
[2025-12-16T23:15:46.298+0000] {standard_task_runner.py:90} INFO - Running: ['***', 'tasks', 'run', 'mfg_dbt_transform_dag', 'dbt_run_marts', 'scheduled__2025-12-15T04:15:00+00:00', '--job-id', '10', '--raw', '--subdir', 'DAGS_FOLDER/mfg_dbt_transform_dag.py', '--cfg-path', '/tmp/tmp2ffriy6k']
[2025-12-16T23:15:46.301+0000] {standard_task_runner.py:91} INFO - Job 10: Subtask dbt_run_marts
[2025-12-16T23:15:46.302+0000] {logging_mixin.py:188} WARNING - /home/***/.local/lib/python3.12/site-packages/***/task/task_runner/standard_task_runner.py:61 DeprecationWarning: This process (pid=576) is multi-threaded, use of fork() may lead to deadlocks in the child.
[2025-12-16T23:15:46.304+0000] {standard_task_runner.py:63} INFO - Started process 577 to run task
[2025-12-16T23:15:46.373+0000] {task_command.py:426} INFO - Running <TaskInstance: mfg_dbt_transform_dag.dbt_run_marts scheduled__2025-12-15T04:15:00+00:00 [running]> on host f349782282f8
[2025-12-16T23:15:46.482+0000] {taskinstance.py:2644} INFO - Exporting env vars: AIRFLOW_CTX_DAG_OWNER='data-engineering' AIRFLOW_CTX_DAG_ID='mfg_dbt_transform_dag' AIRFLOW_CTX_TASK_ID='dbt_run_marts' AIRFLOW_CTX_EXECUTION_DATE='2025-12-15T04:15:00+00:00' AIRFLOW_CTX_TRY_NUMBER='1' AIRFLOW_CTX_DAG_RUN_ID='scheduled__2025-12-15T04:15:00+00:00'
[2025-12-16T23:15:46.483+0000] {taskinstance.py:430} INFO - ::endgroup::
[2025-12-16T23:15:46.505+0000] {subprocess.py:63} INFO - Tmp dir root location: /tmp
[2025-12-16T23:15:46.507+0000] {subprocess.py:75} INFO - Running command: ['/usr/bin/bash', '-c', 'cd /opt/***/dbt_project && dbt run --select marts --profiles-dir /opt/***/dbt_profiles']
[2025-12-16T23:15:46.519+0000] {subprocess.py:86} INFO - Output:
[2025-12-16T23:15:50.122+0000] {subprocess.py:93} INFO - [0m23:15:50  Running with dbt=1.10.16
[2025-12-16T23:15:51.641+0000] {subprocess.py:93} INFO - [0m23:15:51  Registered adapter: snowflake=1.10.4
[2025-12-16T23:15:52.601+0000] {subprocess.py:93} INFO - [0m23:15:52  Found 8 models, 24 data tests, 3 sources, 504 macros
[2025-12-16T23:15:52.607+0000] {subprocess.py:93} INFO - [0m23:15:52
[2025-12-16T23:15:52.609+0000] {subprocess.py:93} INFO - [0m23:15:52  Concurrency: 4 threads (target='dev')
[2025-12-16T23:15:52.611+0000] {subprocess.py:93} INFO - [0m23:15:52
[2025-12-16T23:15:54.734+0000] {subprocess.py:93} INFO - [0m23:15:54  1 of 2 START sql table model ANALYTICS_analytics.mfg_ml_features_orders ........ [RUN]
[2025-12-16T23:15:54.736+0000] {subprocess.py:93} INFO - [0m23:15:54  2 of 2 START sql table model ANALYTICS_analytics.mfg_plant_daily_kpis .......... [RUN]
[2025-12-16T23:15:57.027+0000] {subprocess.py:93} INFO - [0m23:15:57  1 of 2 OK created sql table model ANALYTICS_analytics.mfg_ml_features_orders ... [[32mSUCCESS 1[0m in 2.28s]
[2025-12-16T23:15:57.550+0000] {subprocess.py:93} INFO - [0m23:15:57  2 of 2 OK created sql table model ANALYTICS_analytics.mfg_plant_daily_kpis ..... [[32mSUCCESS 1[0m in 2.81s]
[2025-12-16T23:15:58.535+0000] {subprocess.py:93} INFO - [0m23:15:58
[2025-12-16T23:15:58.537+0000] {subprocess.py:93} INFO - [0m23:15:58  Finished running 2 table models in 0 hours 0 minutes and 5.92 seconds (5.92s).
[2025-12-16T23:15:58.651+0000] {subprocess.py:93} INFO - [0m23:15:58
[2025-12-16T23:15:58.654+0000] {subprocess.py:93} INFO - [0m23:15:58  [32mCompleted successfully[0m
[2025-12-16T23:15:58.656+0000] {subprocess.py:93} INFO - [0m23:15:58
[2025-12-16T23:15:58.658+0000] {subprocess.py:93} INFO - [0m23:15:58  Done. PASS=2 WARN=0 ERROR=0 SKIP=0 NO-OP=0 TOTAL=2
[2025-12-16T23:15:59.841+0000] {subprocess.py:97} INFO - Command exited with return code 0
[2025-12-16T23:15:59.842+0000] {taskinstance.py:441} INFO - ::group::Post task execution logs
[2025-12-16T23:15:59.875+0000] {taskinstance.py:1205} INFO - Marking task as SUCCESS. dag_id=mfg_dbt_transform_dag, task_id=dbt_run_marts, execution_date=20251215T041500, start_date=20251216T231546, end_date=20251216T231559
[2025-12-16T23:15:59.912+0000] {local_task_job_runner.py:240} INFO - Task exited with return code 0
[2025-12-16T23:15:59.941+0000] {taskinstance.py:3482} INFO - 1 downstream tasks scheduled from follow-on schedule check
[2025-12-16T23:15:59.946+0000] {local_task_job_runner.py:222} INFO - ::endgroup::
