[2025-12-17T10:17:51.576+0000] {local_task_job_runner.py:120} INFO - ::group::Pre task execution logs
[2025-12-17T10:17:51.611+0000] {taskinstance.py:2073} INFO - Dependencies all met for dep_context=non-requeueable deps ti=<TaskInstance: mfg_raw_ingestion_dag.debug_env_and_paths manual__2025-12-17T10:17:20.551265+00:00 [queued]>
[2025-12-17T10:17:51.619+0000] {taskinstance.py:2073} INFO - Dependencies all met for dep_context=requeueable deps ti=<TaskInstance: mfg_raw_ingestion_dag.debug_env_and_paths manual__2025-12-17T10:17:20.551265+00:00 [queued]>
[2025-12-17T10:17:51.620+0000] {taskinstance.py:2303} INFO - Starting attempt 1 of 3
[2025-12-17T10:17:51.637+0000] {taskinstance.py:2327} INFO - Executing <Task(BashOperator): debug_env_and_paths> on 2025-12-17 10:17:20.551265+00:00
[2025-12-17T10:17:51.644+0000] {standard_task_runner.py:90} INFO - Running: ['***', 'tasks', 'run', 'mfg_raw_ingestion_dag', 'debug_env_and_paths', 'manual__2025-12-17T10:17:20.551265+00:00', '--job-id', '25', '--raw', '--subdir', 'DAGS_FOLDER/mfg_raw_ingestion_dag.py', '--cfg-path', '/tmp/tmpu38r1zme']
[2025-12-17T10:17:51.647+0000] {standard_task_runner.py:91} INFO - Job 25: Subtask debug_env_and_paths
[2025-12-17T10:17:51.647+0000] {logging_mixin.py:188} WARNING - /home/***/.local/lib/python3.12/site-packages/***/task/task_runner/standard_task_runner.py:61 DeprecationWarning: This process (pid=269) is multi-threaded, use of fork() may lead to deadlocks in the child.
[2025-12-17T10:17:51.648+0000] {standard_task_runner.py:63} INFO - Started process 270 to run task
[2025-12-17T10:17:51.712+0000] {task_command.py:426} INFO - Running <TaskInstance: mfg_raw_ingestion_dag.debug_env_and_paths manual__2025-12-17T10:17:20.551265+00:00 [running]> on host d97aa9fd61c4
[2025-12-17T10:17:51.813+0000] {taskinstance.py:2644} INFO - Exporting env vars: AIRFLOW_CTX_DAG_OWNER='data-eng' AIRFLOW_CTX_DAG_ID='mfg_raw_ingestion_dag' AIRFLOW_CTX_TASK_ID='debug_env_and_paths' AIRFLOW_CTX_EXECUTION_DATE='2025-12-17T10:17:20.551265+00:00' AIRFLOW_CTX_TRY_NUMBER='1' AIRFLOW_CTX_DAG_RUN_ID='manual__2025-12-17T10:17:20.551265+00:00'
[2025-12-17T10:17:51.814+0000] {taskinstance.py:430} INFO - ::endgroup::
[2025-12-17T10:17:51.830+0000] {subprocess.py:63} INFO - Tmp dir root location: /tmp
[2025-12-17T10:17:51.831+0000] {subprocess.py:75} INFO - Running command: ['/usr/bin/bash', '-c', '\n    set -e\n    echo "PWD=$(pwd)"\n    echo "DBT_DIR=/opt/***/dbt_project"\n    ls -la /opt/***/dbt_project\n    echo "DBT_PROFILES_DIR=/opt/***/dbt_profiles"\n    ls -la /opt/***/dbt_profiles\n    which dbt || true\n    dbt --version || true\n    env | grep -E \'^SNOWFLAKE_\' || true\n    ']
[2025-12-17T10:17:51.840+0000] {subprocess.py:86} INFO - Output:
[2025-12-17T10:17:51.844+0000] {subprocess.py:93} INFO - PWD=/tmp/***tmpmvhn8wvm
[2025-12-17T10:17:51.846+0000] {subprocess.py:93} INFO - DBT_DIR=/opt/***/dbt_project
[2025-12-17T10:17:51.860+0000] {subprocess.py:93} INFO - total 8
[2025-12-17T10:17:51.861+0000] {subprocess.py:93} INFO - drwxrwxrwx 1 root    root 4096 Dec 16 23:07 .
[2025-12-17T10:17:51.861+0000] {subprocess.py:93} INFO - drwxrwxr-x 1 *** root 4096 Dec 17 10:16 ..
[2025-12-17T10:17:51.862+0000] {subprocess.py:93} INFO - -rwxrwxrwx 1 root    root  668 Dec 13 17:23 dbt_project.yml
[2025-12-17T10:17:51.862+0000] {subprocess.py:93} INFO - drwxrwxrwx 1 root    root 4096 Dec 16 23:07 logs
[2025-12-17T10:17:51.863+0000] {subprocess.py:93} INFO - drwxrwxrwx 1 root    root 4096 Dec 16 23:07 models
[2025-12-17T10:17:51.864+0000] {subprocess.py:93} INFO - drwxrwxrwx 1 root    root 4096 Dec 16 23:07 target
[2025-12-17T10:17:51.864+0000] {subprocess.py:93} INFO - DBT_PROFILES_DIR=/opt/***/dbt_profiles
[2025-12-17T10:17:51.872+0000] {subprocess.py:93} INFO - total 4
[2025-12-17T10:17:51.873+0000] {subprocess.py:93} INFO - drwxrwxrwx 1 root    root 4096 Dec 16 23:07 .
[2025-12-17T10:17:51.874+0000] {subprocess.py:93} INFO - drwxrwxr-x 1 *** root 4096 Dec 17 10:16 ..
[2025-12-17T10:17:51.875+0000] {subprocess.py:93} INFO - -rwxrwxrwx 1 root    root   41 Dec 13 17:23 .user.yml
[2025-12-17T10:17:51.875+0000] {subprocess.py:93} INFO - -rwxrwxrwx 1 root    root  622 Dec 17 07:23 profiles.yml
[2025-12-17T10:17:51.876+0000] {subprocess.py:93} INFO - /home/***/.local/bin/dbt
[2025-12-17T10:17:53.998+0000] {subprocess.py:93} INFO - Traceback (most recent call last):
[2025-12-17T10:17:53.999+0000] {subprocess.py:93} INFO -   File "/home/***/.local/bin/dbt", line 5, in <module>
[2025-12-17T10:17:54.000+0000] {subprocess.py:93} INFO -     from dbt.cli.main import cli
[2025-12-17T10:17:54.000+0000] {subprocess.py:93} INFO -   File "/home/***/.local/lib/python3.12/site-packages/dbt/cli/__init__.py", line 1, in <module>
[2025-12-17T10:17:54.001+0000] {subprocess.py:93} INFO -     from .main import cli as dbt_cli  # noqa
[2025-12-17T10:17:54.002+0000] {subprocess.py:93} INFO -     ^^^^^^^^^^^^^^^^^^^^^^^^^^^^^^^^
[2025-12-17T10:17:54.003+0000] {subprocess.py:93} INFO -   File "/home/***/.local/lib/python3.12/site-packages/dbt/cli/main.py", line 14, in <module>
[2025-12-17T10:17:54.004+0000] {subprocess.py:93} INFO -     from dbt.cli import params as p
[2025-12-17T10:17:54.004+0000] {subprocess.py:93} INFO -   File "/home/***/.local/lib/python3.12/site-packages/dbt/cli/params.py", line 13, in <module>
[2025-12-17T10:17:54.005+0000] {subprocess.py:93} INFO -     from dbt.cli.options import MultiOption
[2025-12-17T10:17:54.006+0000] {subprocess.py:93} INFO -   File "/home/***/.local/lib/python3.12/site-packages/dbt/cli/options.py", line 6, in <module>
[2025-12-17T10:17:54.006+0000] {subprocess.py:93} INFO -     from click.parser import _OptionParser, _ParsingState
[2025-12-17T10:17:54.007+0000] {subprocess.py:93} INFO - ImportError: cannot import name '_OptionParser' from 'click.parser' (/home/***/.local/lib/python3.12/site-packages/click/parser.py). Did you mean: 'OptionParser'?
[2025-12-17T10:17:54.188+0000] {subprocess.py:93} INFO - SNOWFLAKE_WAREHOUSE=WH_MFG_ACCELERATOR
[2025-12-17T10:17:54.189+0000] {subprocess.py:93} INFO - SNOWFLAKE_PASSWORD=Calmdownn.1998
[2025-12-17T10:17:54.189+0000] {subprocess.py:93} INFO - SNOWFLAKE_ACCOUNT=DTWDUSN-WRB63753
[2025-12-17T10:17:54.190+0000] {subprocess.py:93} INFO - SNOWFLAKE_DATABASE=MFG_ACCELERATOR
[2025-12-17T10:17:54.191+0000] {subprocess.py:93} INFO - SNOWFLAKE_ROLE=ACCOUNTADMIN
[2025-12-17T10:17:54.191+0000] {subprocess.py:93} INFO - SNOWFLAKE_SCHEMA=RAW
[2025-12-17T10:17:54.192+0000] {subprocess.py:93} INFO - SNOWFLAKE_USER=TAIBKHO44
[2025-12-17T10:17:54.192+0000] {subprocess.py:97} INFO - Command exited with return code 0
[2025-12-17T10:17:54.193+0000] {taskinstance.py:441} INFO - ::group::Post task execution logs
[2025-12-17T10:17:54.226+0000] {taskinstance.py:1205} INFO - Marking task as SUCCESS. dag_id=mfg_raw_ingestion_dag, task_id=debug_env_and_paths, execution_date=20251217T101720, start_date=20251217T101751, end_date=20251217T101754
[2025-12-17T10:17:54.273+0000] {local_task_job_runner.py:240} INFO - Task exited with return code 0
[2025-12-17T10:17:54.301+0000] {taskinstance.py:3482} INFO - 1 downstream tasks scheduled from follow-on schedule check
[2025-12-17T10:17:54.305+0000] {local_task_job_runner.py:222} INFO - ::endgroup::
