[2025-12-17T09:41:57.402+0000] {local_task_job_runner.py:120} INFO - ::group::Pre task execution logs
[2025-12-17T09:41:57.436+0000] {taskinstance.py:2073} INFO - Dependencies all met for dep_context=non-requeueable deps ti=<TaskInstance: mfg_raw_ingestion_dag.ingest_raw_to_snowflake manual__2025-12-17T09:31:22.811031+00:00 [queued]>
[2025-12-17T09:41:57.444+0000] {taskinstance.py:2073} INFO - Dependencies all met for dep_context=requeueable deps ti=<TaskInstance: mfg_raw_ingestion_dag.ingest_raw_to_snowflake manual__2025-12-17T09:31:22.811031+00:00 [queued]>
[2025-12-17T09:41:57.445+0000] {taskinstance.py:2303} INFO - Starting attempt 1 of 3
[2025-12-17T09:41:57.459+0000] {taskinstance.py:2327} INFO - Executing <Task(BashOperator): ingest_raw_to_snowflake> on 2025-12-17 09:31:22.811031+00:00
[2025-12-17T09:41:57.467+0000] {standard_task_runner.py:90} INFO - Running: ['***', 'tasks', 'run', 'mfg_raw_ingestion_dag', 'ingest_raw_to_snowflake', 'manual__2025-12-17T09:31:22.811031+00:00', '--job-id', '6', '--raw', '--subdir', 'DAGS_FOLDER/mfg_raw_ingestion_dag.py', '--cfg-path', '/tmp/tmpsvs5_oty']
[2025-12-17T09:41:57.470+0000] {standard_task_runner.py:91} INFO - Job 6: Subtask ingest_raw_to_snowflake
[2025-12-17T09:41:57.470+0000] {logging_mixin.py:188} WARNING - /home/***/.local/lib/python3.12/site-packages/***/task/task_runner/standard_task_runner.py:61 DeprecationWarning: This process (pid=832) is multi-threaded, use of fork() may lead to deadlocks in the child.
[2025-12-17T09:41:57.471+0000] {standard_task_runner.py:63} INFO - Started process 833 to run task
[2025-12-17T09:41:57.549+0000] {task_command.py:426} INFO - Running <TaskInstance: mfg_raw_ingestion_dag.ingest_raw_to_snowflake manual__2025-12-17T09:31:22.811031+00:00 [running]> on host 68b68f67a494
[2025-12-17T09:41:57.654+0000] {taskinstance.py:2644} INFO - Exporting env vars: AIRFLOW_CTX_DAG_OWNER='data-eng' AIRFLOW_CTX_DAG_ID='mfg_raw_ingestion_dag' AIRFLOW_CTX_TASK_ID='ingest_raw_to_snowflake' AIRFLOW_CTX_EXECUTION_DATE='2025-12-17T09:31:22.811031+00:00' AIRFLOW_CTX_TRY_NUMBER='1' AIRFLOW_CTX_DAG_RUN_ID='manual__2025-12-17T09:31:22.811031+00:00'
[2025-12-17T09:41:57.655+0000] {taskinstance.py:430} INFO - ::endgroup::
[2025-12-17T09:41:57.672+0000] {subprocess.py:63} INFO - Tmp dir root location: /tmp
[2025-12-17T09:41:57.674+0000] {subprocess.py:75} INFO - Running command: ['/usr/bin/bash', '-c', 'python /opt/***/ingestion/python/load_raw_to_snowflake.py']
[2025-12-17T09:41:57.683+0000] {subprocess.py:86} INFO - Output:
[2025-12-17T09:41:59.159+0000] {subprocess.py:93} INFO - [INFO] 2025-12-17 09:41:59 - No .env at project root; assuming env vars are injected (Docker/Airflow).
[2025-12-17T09:41:59.163+0000] {subprocess.py:93} INFO - [INFO] 2025-12-17 09:41:59 - Starting run-aware load. load_id=mfg_raw_ingestion_dag::manual__2025-12-17T09:31:22.811031+00:00 dag_id=mfg_raw_ingestion_dag run_id=manual__2025-12-17T09:31:22.811031+00:00 task_id=ingest_raw_to_snowflake
[2025-12-17T09:41:59.164+0000] {subprocess.py:93} INFO - [INFO] 2025-12-17 09:41:59 - Using data directory: /opt/***/data/raw/source_system
[2025-12-17T09:41:59.164+0000] {subprocess.py:93} INFO - [INFO] 2025-12-17 09:41:59 - Connecting to Snowflake...
[2025-12-17T09:42:03.325+0000] {subprocess.py:93} INFO - [INFO] 2025-12-17 09:42:03 - Read 500 rows from materials.csv
[2025-12-17T09:42:03.353+0000] {subprocess.py:93} INFO - [INFO] 2025-12-17 09:42:03 - Read 10,000 rows from batches.csv
[2025-12-17T09:42:03.383+0000] {subprocess.py:93} INFO - [INFO] 2025-12-17 09:42:03 - Read 10,000 rows from production_orders.csv
[2025-12-17T09:42:03.384+0000] {subprocess.py:93} INFO - [INFO] 2025-12-17 09:42:03 - [MATERIALS_RUN] Deleting previous slice for load_id (retry-safe)...
[2025-12-17T09:42:04.379+0000] {subprocess.py:93} INFO - [INFO] 2025-12-17 09:42:04 - [MATERIALS_RUN] Loading 500 rows from materials.csv ...
[2025-12-17T09:42:08.735+0000] {subprocess.py:93} INFO - [INFO] 2025-12-17 09:42:08 - [MATERIALS_RUN] write_pandas success=True rows_loaded=500 chunks=1
[2025-12-17T09:42:09.408+0000] {subprocess.py:93} INFO - [INFO] 2025-12-17 09:42:09 - [BATCHES_RUN] Deleting previous slice for load_id (retry-safe)...
[2025-12-17T09:42:09.705+0000] {subprocess.py:93} INFO - [INFO] 2025-12-17 09:42:09 - [BATCHES_RUN] Loading 10,000 rows from batches.csv ...
[2025-12-17T09:42:13.329+0000] {subprocess.py:93} INFO - [INFO] 2025-12-17 09:42:13 - [BATCHES_RUN] write_pandas success=True rows_loaded=10,000 chunks=1
[2025-12-17T09:42:13.942+0000] {subprocess.py:93} INFO - [INFO] 2025-12-17 09:42:13 - [PRODUCTION_ORDERS_RUN] Deleting previous slice for load_id (retry-safe)...
[2025-12-17T09:42:14.267+0000] {subprocess.py:93} INFO - [INFO] 2025-12-17 09:42:14 - [PRODUCTION_ORDERS_RUN] Loading 10,000 rows from production_orders.csv ...
[2025-12-17T09:42:17.414+0000] {subprocess.py:93} INFO - [INFO] 2025-12-17 09:42:17 - [PRODUCTION_ORDERS_RUN] write_pandas success=True rows_loaded=10,000 chunks=1
[2025-12-17T09:42:21.746+0000] {subprocess.py:93} INFO - [INFO] 2025-12-17 09:42:21 - Run-aware load committed successfully. load_id=mfg_raw_ingestion_dag::manual__2025-12-17T09:31:22.811031+00:00
[2025-12-17T09:42:22.264+0000] {subprocess.py:97} INFO - Command exited with return code 0
[2025-12-17T09:42:22.265+0000] {taskinstance.py:441} INFO - ::group::Post task execution logs
[2025-12-17T09:42:22.299+0000] {taskinstance.py:1205} INFO - Marking task as SUCCESS. dag_id=mfg_raw_ingestion_dag, task_id=ingest_raw_to_snowflake, execution_date=20251217T093122, start_date=20251217T094157, end_date=20251217T094222
[2025-12-17T09:42:22.348+0000] {local_task_job_runner.py:240} INFO - Task exited with return code 0
[2025-12-17T09:42:22.383+0000] {taskinstance.py:3482} INFO - 0 downstream tasks scheduled from follow-on schedule check
[2025-12-17T09:42:22.387+0000] {local_task_job_runner.py:222} INFO - ::endgroup::
