[2025-12-17T10:59:03.897+0000] {local_task_job_runner.py:120} INFO - ::group::Pre task execution logs
[2025-12-17T10:59:03.943+0000] {taskinstance.py:2073} INFO - Dependencies all met for dep_context=non-requeueable deps ti=<TaskInstance: mfg_raw_ingestion_dag.debug_env_and_paths manual__2025-12-17T10:57:24.265815+00:00 [queued]>
[2025-12-17T10:59:03.955+0000] {taskinstance.py:2073} INFO - Dependencies all met for dep_context=requeueable deps ti=<TaskInstance: mfg_raw_ingestion_dag.debug_env_and_paths manual__2025-12-17T10:57:24.265815+00:00 [queued]>
[2025-12-17T10:59:03.956+0000] {taskinstance.py:2303} INFO - Starting attempt 1 of 3
[2025-12-17T10:59:03.974+0000] {taskinstance.py:2327} INFO - Executing <Task(BashOperator): debug_env_and_paths> on 2025-12-17 10:57:24.265815+00:00
[2025-12-17T10:59:03.984+0000] {standard_task_runner.py:90} INFO - Running: ['***', 'tasks', 'run', 'mfg_raw_ingestion_dag', 'debug_env_and_paths', 'manual__2025-12-17T10:57:24.265815+00:00', '--job-id', '9', '--raw', '--subdir', 'DAGS_FOLDER/mfg_raw_ingestion_dag.py', '--cfg-path', '/tmp/tmpkij322z5']
[2025-12-17T10:59:03.988+0000] {standard_task_runner.py:91} INFO - Job 9: Subtask debug_env_and_paths
[2025-12-17T10:59:03.988+0000] {logging_mixin.py:188} WARNING - /home/***/.local/lib/python3.12/site-packages/***/task/task_runner/standard_task_runner.py:61 DeprecationWarning: This process (pid=922) is multi-threaded, use of fork() may lead to deadlocks in the child.
[2025-12-17T10:59:03.989+0000] {standard_task_runner.py:63} INFO - Started process 923 to run task
[2025-12-17T10:59:04.059+0000] {task_command.py:426} INFO - Running <TaskInstance: mfg_raw_ingestion_dag.debug_env_and_paths manual__2025-12-17T10:57:24.265815+00:00 [running]> on host ada33a2b5ec7
[2025-12-17T10:59:04.185+0000] {taskinstance.py:2644} INFO - Exporting env vars: AIRFLOW_CTX_DAG_OWNER='data-eng' AIRFLOW_CTX_DAG_ID='mfg_raw_ingestion_dag' AIRFLOW_CTX_TASK_ID='debug_env_and_paths' AIRFLOW_CTX_EXECUTION_DATE='2025-12-17T10:57:24.265815+00:00' AIRFLOW_CTX_TRY_NUMBER='1' AIRFLOW_CTX_DAG_RUN_ID='manual__2025-12-17T10:57:24.265815+00:00'
[2025-12-17T10:59:04.186+0000] {taskinstance.py:430} INFO - ::endgroup::
[2025-12-17T10:59:04.205+0000] {subprocess.py:63} INFO - Tmp dir root location: /tmp
[2025-12-17T10:59:04.207+0000] {subprocess.py:75} INFO - Running command: ['/usr/bin/bash', '-c', '\n    set -e\n    echo "PWD=$(pwd)"\n    echo "DBT_DIR=/opt/***/dbt_project"\n    ls -la /opt/***/dbt_project\n    echo "DBT_PROFILES_DIR=/opt/***/dbt_profiles"\n    ls -la /opt/***/dbt_profiles\n    which dbt || true\n    dbt --version || true\n    env | grep -E \'^SNOWFLAKE_\' || true\n    ']
[2025-12-17T10:59:04.217+0000] {subprocess.py:86} INFO - Output:
[2025-12-17T10:59:04.220+0000] {subprocess.py:93} INFO - PWD=/tmp/***tmp7jjwf49b
[2025-12-17T10:59:04.221+0000] {subprocess.py:93} INFO - DBT_DIR=/opt/***/dbt_project
[2025-12-17T10:59:04.234+0000] {subprocess.py:93} INFO - total 8
[2025-12-17T10:59:04.235+0000] {subprocess.py:93} INFO - drwxrwxrwx 1 root    root 4096 Dec 16 23:07 .
[2025-12-17T10:59:04.235+0000] {subprocess.py:93} INFO - drwxrwxr-x 1 *** root 4096 Dec 17 10:55 ..
[2025-12-17T10:59:04.236+0000] {subprocess.py:93} INFO - -rwxrwxrwx 1 root    root  668 Dec 13 17:23 dbt_project.yml
[2025-12-17T10:59:04.236+0000] {subprocess.py:93} INFO - drwxrwxrwx 1 root    root 4096 Dec 16 23:07 logs
[2025-12-17T10:59:04.237+0000] {subprocess.py:93} INFO - drwxrwxrwx 1 root    root 4096 Dec 16 23:07 models
[2025-12-17T10:59:04.238+0000] {subprocess.py:93} INFO - drwxrwxrwx 1 root    root 4096 Dec 16 23:07 target
[2025-12-17T10:59:04.238+0000] {subprocess.py:93} INFO - DBT_PROFILES_DIR=/opt/***/dbt_profiles
[2025-12-17T10:59:04.246+0000] {subprocess.py:93} INFO - total 4
[2025-12-17T10:59:04.247+0000] {subprocess.py:93} INFO - drwxrwxrwx 1 root    root 4096 Dec 16 23:07 .
[2025-12-17T10:59:04.248+0000] {subprocess.py:93} INFO - drwxrwxr-x 1 *** root 4096 Dec 17 10:55 ..
[2025-12-17T10:59:04.249+0000] {subprocess.py:93} INFO - -rwxrwxrwx 1 root    root   41 Dec 13 17:23 .user.yml
[2025-12-17T10:59:04.250+0000] {subprocess.py:93} INFO - -rwxrwxrwx 1 root    root  622 Dec 17 07:23 profiles.yml
[2025-12-17T10:59:04.251+0000] {subprocess.py:93} INFO - /home/***/.local/bin/dbt
[2025-12-17T10:59:07.870+0000] {subprocess.py:93} INFO - Core:
[2025-12-17T10:59:07.871+0000] {subprocess.py:93} INFO -   - installed: 1.8.4
[2025-12-17T10:59:07.872+0000] {subprocess.py:93} INFO -   - latest:    1.10.16 - Update available!
[2025-12-17T10:59:07.872+0000] {subprocess.py:93} INFO - 
[2025-12-17T10:59:07.873+0000] {subprocess.py:93} INFO -   Your version of dbt-core is out of date!
[2025-12-17T10:59:07.873+0000] {subprocess.py:93} INFO -   You can find instructions for upgrading here:
[2025-12-17T10:59:07.874+0000] {subprocess.py:93} INFO -   https://docs.getdbt.com/docs/installation
[2025-12-17T10:59:07.874+0000] {subprocess.py:93} INFO - 
[2025-12-17T10:59:07.875+0000] {subprocess.py:93} INFO - Plugins:
[2025-12-17T10:59:07.875+0000] {subprocess.py:93} INFO -   - snowflake: 1.8.4 - Update available!
[2025-12-17T10:59:07.876+0000] {subprocess.py:93} INFO - 
[2025-12-17T10:59:07.876+0000] {subprocess.py:93} INFO -   At least one plugin is out of date or incompatible with dbt-core.
[2025-12-17T10:59:07.877+0000] {subprocess.py:93} INFO -   You can find instructions for upgrading here:
[2025-12-17T10:59:07.878+0000] {subprocess.py:93} INFO -   https://docs.getdbt.com/docs/installation
[2025-12-17T10:59:07.878+0000] {subprocess.py:93} INFO - 
[2025-12-17T10:59:07.879+0000] {subprocess.py:93} INFO - 
[2025-12-17T10:59:08.231+0000] {subprocess.py:93} INFO - SNOWFLAKE_WAREHOUSE=WH_MFG_ACCELERATOR
[2025-12-17T10:59:08.232+0000] {subprocess.py:93} INFO - SNOWFLAKE_PASSWORD=Calmdownn.1998
[2025-12-17T10:59:08.232+0000] {subprocess.py:93} INFO - SNOWFLAKE_ACCOUNT=DTWDUSN-WRB63753
[2025-12-17T10:59:08.233+0000] {subprocess.py:93} INFO - SNOWFLAKE_DATABASE=MFG_ACCELERATOR
[2025-12-17T10:59:08.233+0000] {subprocess.py:93} INFO - SNOWFLAKE_ROLE=ACCOUNTADMIN
[2025-12-17T10:59:08.234+0000] {subprocess.py:93} INFO - SNOWFLAKE_SCHEMA=RAW
[2025-12-17T10:59:08.235+0000] {subprocess.py:93} INFO - SNOWFLAKE_USER=TAIBKHO44
[2025-12-17T10:59:08.235+0000] {subprocess.py:97} INFO - Command exited with return code 0
[2025-12-17T10:59:08.236+0000] {taskinstance.py:441} INFO - ::group::Post task execution logs
[2025-12-17T10:59:08.276+0000] {taskinstance.py:1205} INFO - Marking task as SUCCESS. dag_id=mfg_raw_ingestion_dag, task_id=debug_env_and_paths, execution_date=20251217T105724, start_date=20251217T105903, end_date=20251217T105908
[2025-12-17T10:59:08.341+0000] {local_task_job_runner.py:240} INFO - Task exited with return code 0
[2025-12-17T10:59:08.373+0000] {taskinstance.py:3482} INFO - 1 downstream tasks scheduled from follow-on schedule check
[2025-12-17T10:59:08.378+0000] {local_task_job_runner.py:222} INFO - ::endgroup::
