[2025-12-13T14:20:54.215+0000] {local_task_job_runner.py:120} INFO - ::group::Pre task execution logs
[2025-12-13T14:20:54.255+0000] {taskinstance.py:2073} INFO - Dependencies all met for dep_context=non-requeueable deps ti=<TaskInstance: mfg_raw_ingestion_dag.ingest_raw_to_snowflake manual__2025-12-13T14:19:57.986481+00:00 [queued]>
[2025-12-13T14:20:54.265+0000] {taskinstance.py:2073} INFO - Dependencies all met for dep_context=requeueable deps ti=<TaskInstance: mfg_raw_ingestion_dag.ingest_raw_to_snowflake manual__2025-12-13T14:19:57.986481+00:00 [queued]>
[2025-12-13T14:20:54.266+0000] {taskinstance.py:2303} INFO - Starting attempt 1 of 3
[2025-12-13T14:20:54.285+0000] {taskinstance.py:2327} INFO - Executing <Task(BashOperator): ingest_raw_to_snowflake> on 2025-12-13 14:19:57.986481+00:00
[2025-12-13T14:20:54.295+0000] {standard_task_runner.py:90} INFO - Running: ['***', 'tasks', 'run', 'mfg_raw_ingestion_dag', 'ingest_raw_to_snowflake', 'manual__2025-12-13T14:19:57.986481+00:00', '--job-id', '19', '--raw', '--subdir', 'DAGS_FOLDER/mfg_raw_ingestion_dag.py', '--cfg-path', '/tmp/tmpbq66uboz']
[2025-12-13T14:20:54.300+0000] {standard_task_runner.py:91} INFO - Job 19: Subtask ingest_raw_to_snowflake
[2025-12-13T14:20:54.300+0000] {logging_mixin.py:188} WARNING - /home/***/.local/lib/python3.12/site-packages/***/task/task_runner/standard_task_runner.py:61 DeprecationWarning: This process (pid=635) is multi-threaded, use of fork() may lead to deadlocks in the child.
[2025-12-13T14:20:54.301+0000] {standard_task_runner.py:63} INFO - Started process 636 to run task
[2025-12-13T14:20:54.361+0000] {task_command.py:426} INFO - Running <TaskInstance: mfg_raw_ingestion_dag.ingest_raw_to_snowflake manual__2025-12-13T14:19:57.986481+00:00 [running]> on host 2836efb3fb45
[2025-12-13T14:20:54.462+0000] {taskinstance.py:2644} INFO - Exporting env vars: AIRFLOW_CTX_DAG_OWNER='data-engineering' AIRFLOW_CTX_DAG_ID='mfg_raw_ingestion_dag' AIRFLOW_CTX_TASK_ID='ingest_raw_to_snowflake' AIRFLOW_CTX_EXECUTION_DATE='2025-12-13T14:19:57.986481+00:00' AIRFLOW_CTX_TRY_NUMBER='1' AIRFLOW_CTX_DAG_RUN_ID='manual__2025-12-13T14:19:57.986481+00:00'
[2025-12-13T14:20:54.463+0000] {taskinstance.py:430} INFO - ::endgroup::
[2025-12-13T14:20:54.479+0000] {subprocess.py:63} INFO - Tmp dir root location: /tmp
[2025-12-13T14:20:54.481+0000] {subprocess.py:75} INFO - Running command: ['/usr/bin/bash', '-c', 'python /opt/***/ingestion/python/load_raw_to_snowflake.py']
[2025-12-13T14:20:54.491+0000] {subprocess.py:86} INFO - Output:
[2025-12-13T14:20:56.367+0000] {subprocess.py:93} INFO - [INFO] 2025-12-13 14:20:56 - Environment variables loaded from /opt/***/.env
[2025-12-13T14:20:56.368+0000] {subprocess.py:93} INFO - [INFO] 2025-12-13 14:20:56 - Connecting to Snowflake...
[2025-12-13T14:20:57.786+0000] {subprocess.py:93} INFO - [INFO] 2025-12-13 14:20:57 - Snowflake connection established.
[2025-12-13T14:20:57.795+0000] {subprocess.py:93} INFO - [INFO] 2025-12-13 14:20:57 - Using data directory: /opt/***/data/raw/source_system
[2025-12-13T14:20:57.796+0000] {subprocess.py:93} INFO - [INFO] 2025-12-13 14:20:57 - Ensuring RAW tables exist...
[2025-12-13T14:20:59.064+0000] {subprocess.py:93} INFO - [INFO] 2025-12-13 14:20:59 - RAW tables are ready.
[2025-12-13T14:20:59.065+0000] {subprocess.py:93} INFO - [INFO] 2025-12-13 14:20:59 - Ensuring RAW_LOAD_AUDIT table exists...
[2025-12-13T14:20:59.346+0000] {subprocess.py:93} INFO - [INFO] 2025-12-13 14:20:59 - RAW_LOAD_AUDIT table is ready.
[2025-12-13T14:20:59.347+0000] {subprocess.py:93} INFO - [INFO] 2025-12-13 14:20:59 - Truncating RAW tables before load (idempotent reload)...
[2025-12-13T14:21:00.697+0000] {subprocess.py:93} INFO - [INFO] 2025-12-13 14:21:00 - RAW tables truncated.
[2025-12-13T14:21:00.700+0000] {subprocess.py:93} INFO - [INFO] 2025-12-13 14:21:00 - Reading CSV: /opt/***/data/raw/source_system/materials.csv
[2025-12-13T14:21:00.709+0000] {subprocess.py:93} INFO - [INFO] 2025-12-13 14:21:00 - Loaded 500 rows from materials.csv
[2025-12-13T14:21:00.714+0000] {subprocess.py:93} INFO - [INFO] 2025-12-13 14:21:00 - Reading CSV: /opt/***/data/raw/source_system/batches.csv
[2025-12-13T14:21:00.753+0000] {subprocess.py:93} INFO - [INFO] 2025-12-13 14:21:00 - Loaded 10,000 rows from batches.csv
[2025-12-13T14:21:00.758+0000] {subprocess.py:93} INFO - [INFO] 2025-12-13 14:21:00 - Reading CSV: /opt/***/data/raw/source_system/production_orders.csv
[2025-12-13T14:21:00.872+0000] {subprocess.py:93} INFO - [INFO] 2025-12-13 14:21:00 - Loaded 10,000 rows from production_orders.csv
[2025-12-13T14:21:00.872+0000] {subprocess.py:93} INFO - [INFO] 2025-12-13 14:21:00 - [MATERIALS] Preparing to load 500 rows from materials.csv.
[2025-12-13T14:21:03.995+0000] {subprocess.py:93} INFO - [INFO] 2025-12-13 14:21:03 - [MATERIALS] write_pandas success=True, rows_loaded=500, chunks=1
[2025-12-13T14:21:04.288+0000] {subprocess.py:93} INFO - [INFO] 2025-12-13 14:21:04 - [MATERIALS] Total rows in table after load: 500
[2025-12-13T14:21:04.887+0000] {subprocess.py:93} INFO - [INFO] 2025-12-13 14:21:04 - [BATCHES] Preparing to load 10,000 rows from batches.csv.
[2025-12-13T14:21:08.086+0000] {subprocess.py:93} INFO - [INFO] 2025-12-13 14:21:08 - [BATCHES] write_pandas success=True, rows_loaded=10,000, chunks=1
[2025-12-13T14:21:08.379+0000] {subprocess.py:93} INFO - [INFO] 2025-12-13 14:21:08 - [BATCHES] Total rows in table after load: 10,000
[2025-12-13T14:21:09.025+0000] {subprocess.py:93} INFO - [INFO] 2025-12-13 14:21:09 - [PRODUCTION_ORDERS] Preparing to load 10,000 rows from production_orders.csv.
[2025-12-13T14:21:11.687+0000] {subprocess.py:93} INFO - [INFO] 2025-12-13 14:21:11 - [PRODUCTION_ORDERS] write_pandas success=True, rows_loaded=10,000, chunks=1
[2025-12-13T14:21:11.979+0000] {subprocess.py:93} INFO - [INFO] 2025-12-13 14:21:11 - [PRODUCTION_ORDERS] Total rows in table after load: 10,000
[2025-12-13T14:21:12.688+0000] {subprocess.py:93} INFO - [INFO] 2025-12-13 14:21:12 - All RAW tables loaded successfully and audited.
[2025-12-13T14:21:12.690+0000] {subprocess.py:93} INFO - [INFO] 2025-12-13 14:21:12 - Load ID: f81a3be7-252a-4951-957c-d4ec98ae7e4a
[2025-12-13T14:21:12.691+0000] {subprocess.py:93} INFO - [INFO] 2025-12-13 14:21:12 - Closing Snowflake cursor and connection...
[2025-12-13T14:21:13.153+0000] {subprocess.py:93} INFO - [INFO] 2025-12-13 14:21:13 - Snowflake connection closed.
[2025-12-13T14:21:13.367+0000] {subprocess.py:97} INFO - Command exited with return code 0
[2025-12-13T14:21:13.369+0000] {taskinstance.py:441} INFO - ::group::Post task execution logs
[2025-12-13T14:21:13.406+0000] {taskinstance.py:1205} INFO - Marking task as SUCCESS. dag_id=mfg_raw_ingestion_dag, task_id=ingest_raw_to_snowflake, execution_date=20251213T141957, start_date=20251213T142054, end_date=20251213T142113
[2025-12-13T14:21:13.452+0000] {local_task_job_runner.py:240} INFO - Task exited with return code 0
[2025-12-13T14:21:13.498+0000] {taskinstance.py:3482} INFO - 0 downstream tasks scheduled from follow-on schedule check
[2025-12-13T14:21:13.503+0000] {local_task_job_runner.py:222} INFO - ::endgroup::
