[2025-12-16T23:12:09.537+0000] {processor.py:161} INFO - Started process (PID=214) to work on /opt/airflow/dags/mfg_pipeline.py
[2025-12-16T23:12:09.556+0000] {processor.py:830} INFO - Processing file /opt/airflow/dags/mfg_pipeline.py for tasks to queue
[2025-12-16T23:12:09.561+0000] {logging_mixin.py:188} INFO - [2025-12-16T23:12:09.560+0000] {dagbag.py:540} INFO - Filling up the DagBag from /opt/airflow/dags/mfg_pipeline.py
[2025-12-16T23:12:09.621+0000] {processor.py:840} INFO - DAG(s) 'mfg_accelerator_pipeline' retrieved from /opt/airflow/dags/mfg_pipeline.py
[2025-12-16T23:12:09.868+0000] {logging_mixin.py:188} INFO - [2025-12-16T23:12:09.867+0000] {override.py:1829} INFO - Created Permission View: can edit on DAG:mfg_accelerator_pipeline
[2025-12-16T23:12:09.890+0000] {logging_mixin.py:188} INFO - [2025-12-16T23:12:09.889+0000] {override.py:1829} INFO - Created Permission View: can delete on DAG:mfg_accelerator_pipeline
[2025-12-16T23:12:09.905+0000] {logging_mixin.py:188} INFO - [2025-12-16T23:12:09.904+0000] {override.py:1829} INFO - Created Permission View: can read on DAG:mfg_accelerator_pipeline
[2025-12-16T23:12:09.906+0000] {logging_mixin.py:188} INFO - [2025-12-16T23:12:09.906+0000] {dag.py:3096} INFO - Sync 1 DAGs
[2025-12-16T23:12:09.935+0000] {logging_mixin.py:188} INFO - [2025-12-16T23:12:09.935+0000] {dag.py:3118} INFO - Creating ORM DAG for mfg_accelerator_pipeline
[2025-12-16T23:12:09.937+0000] {logging_mixin.py:188} INFO - [2025-12-16T23:12:09.937+0000] {dag.py:3954} INFO - Setting next_dagrun for mfg_accelerator_pipeline to None, run_after=None
[2025-12-16T23:12:09.980+0000] {processor.py:183} INFO - Processing /opt/airflow/dags/mfg_pipeline.py took 0.463 seconds
[2025-12-16T23:12:40.124+0000] {processor.py:161} INFO - Started process (PID=231) to work on /opt/airflow/dags/mfg_pipeline.py
[2025-12-16T23:12:40.126+0000] {processor.py:830} INFO - Processing file /opt/airflow/dags/mfg_pipeline.py for tasks to queue
[2025-12-16T23:12:40.129+0000] {logging_mixin.py:188} INFO - [2025-12-16T23:12:40.129+0000] {dagbag.py:540} INFO - Filling up the DagBag from /opt/airflow/dags/mfg_pipeline.py
[2025-12-16T23:12:40.161+0000] {processor.py:840} INFO - DAG(s) 'mfg_accelerator_pipeline' retrieved from /opt/airflow/dags/mfg_pipeline.py
[2025-12-16T23:12:40.198+0000] {logging_mixin.py:188} INFO - [2025-12-16T23:12:40.198+0000] {dag.py:3096} INFO - Sync 1 DAGs
[2025-12-16T23:12:40.219+0000] {logging_mixin.py:188} INFO - [2025-12-16T23:12:40.219+0000] {dag.py:3954} INFO - Setting next_dagrun for mfg_accelerator_pipeline to None, run_after=None
[2025-12-16T23:12:40.251+0000] {processor.py:183} INFO - Processing /opt/airflow/dags/mfg_pipeline.py took 0.135 seconds
[2025-12-16T23:13:10.699+0000] {processor.py:161} INFO - Started process (PID=251) to work on /opt/airflow/dags/mfg_pipeline.py
[2025-12-16T23:13:10.702+0000] {processor.py:830} INFO - Processing file /opt/airflow/dags/mfg_pipeline.py for tasks to queue
[2025-12-16T23:13:10.708+0000] {logging_mixin.py:188} INFO - [2025-12-16T23:13:10.707+0000] {dagbag.py:540} INFO - Filling up the DagBag from /opt/airflow/dags/mfg_pipeline.py
[2025-12-16T23:13:10.781+0000] {processor.py:840} INFO - DAG(s) 'mfg_accelerator_pipeline' retrieved from /opt/airflow/dags/mfg_pipeline.py
[2025-12-16T23:13:10.866+0000] {logging_mixin.py:188} INFO - [2025-12-16T23:13:10.865+0000] {dag.py:3096} INFO - Sync 1 DAGs
[2025-12-16T23:13:10.904+0000] {logging_mixin.py:188} INFO - [2025-12-16T23:13:10.904+0000] {dag.py:3954} INFO - Setting next_dagrun for mfg_accelerator_pipeline to None, run_after=None
[2025-12-16T23:13:10.943+0000] {processor.py:183} INFO - Processing /opt/airflow/dags/mfg_pipeline.py took 0.261 seconds
[2025-12-16T23:13:41.401+0000] {processor.py:161} INFO - Started process (PID=293) to work on /opt/airflow/dags/mfg_pipeline.py
[2025-12-16T23:13:41.403+0000] {processor.py:830} INFO - Processing file /opt/airflow/dags/mfg_pipeline.py for tasks to queue
[2025-12-16T23:13:41.409+0000] {logging_mixin.py:188} INFO - [2025-12-16T23:13:41.408+0000] {dagbag.py:540} INFO - Filling up the DagBag from /opt/airflow/dags/mfg_pipeline.py
[2025-12-16T23:13:41.454+0000] {processor.py:840} INFO - DAG(s) 'mfg_accelerator_pipeline' retrieved from /opt/airflow/dags/mfg_pipeline.py
[2025-12-16T23:13:41.513+0000] {logging_mixin.py:188} INFO - [2025-12-16T23:13:41.513+0000] {dag.py:3096} INFO - Sync 1 DAGs
[2025-12-16T23:13:41.543+0000] {logging_mixin.py:188} INFO - [2025-12-16T23:13:41.543+0000] {dag.py:3954} INFO - Setting next_dagrun for mfg_accelerator_pipeline to None, run_after=None
[2025-12-16T23:13:41.581+0000] {processor.py:183} INFO - Processing /opt/airflow/dags/mfg_pipeline.py took 0.195 seconds
[2025-12-16T23:14:12.137+0000] {processor.py:161} INFO - Started process (PID=357) to work on /opt/airflow/dags/mfg_pipeline.py
[2025-12-16T23:14:12.138+0000] {processor.py:830} INFO - Processing file /opt/airflow/dags/mfg_pipeline.py for tasks to queue
[2025-12-16T23:14:12.143+0000] {logging_mixin.py:188} INFO - [2025-12-16T23:14:12.142+0000] {dagbag.py:540} INFO - Filling up the DagBag from /opt/airflow/dags/mfg_pipeline.py
[2025-12-16T23:14:12.178+0000] {processor.py:840} INFO - DAG(s) 'mfg_accelerator_pipeline' retrieved from /opt/airflow/dags/mfg_pipeline.py
[2025-12-16T23:14:12.225+0000] {logging_mixin.py:188} INFO - [2025-12-16T23:14:12.225+0000] {dag.py:3096} INFO - Sync 1 DAGs
[2025-12-16T23:14:12.248+0000] {logging_mixin.py:188} INFO - [2025-12-16T23:14:12.248+0000] {dag.py:3954} INFO - Setting next_dagrun for mfg_accelerator_pipeline to None, run_after=None
[2025-12-16T23:14:12.277+0000] {processor.py:183} INFO - Processing /opt/airflow/dags/mfg_pipeline.py took 0.149 seconds
[2025-12-16T23:14:42.880+0000] {processor.py:161} INFO - Started process (PID=420) to work on /opt/airflow/dags/mfg_pipeline.py
[2025-12-16T23:14:42.884+0000] {processor.py:830} INFO - Processing file /opt/airflow/dags/mfg_pipeline.py for tasks to queue
[2025-12-16T23:14:42.892+0000] {logging_mixin.py:188} INFO - [2025-12-16T23:14:42.891+0000] {dagbag.py:540} INFO - Filling up the DagBag from /opt/airflow/dags/mfg_pipeline.py
[2025-12-16T23:14:42.949+0000] {processor.py:840} INFO - DAG(s) 'mfg_accelerator_pipeline' retrieved from /opt/airflow/dags/mfg_pipeline.py
[2025-12-16T23:14:43.007+0000] {logging_mixin.py:188} INFO - [2025-12-16T23:14:43.007+0000] {dag.py:3096} INFO - Sync 1 DAGs
[2025-12-16T23:14:43.037+0000] {logging_mixin.py:188} INFO - [2025-12-16T23:14:43.037+0000] {dag.py:3954} INFO - Setting next_dagrun for mfg_accelerator_pipeline to None, run_after=None
[2025-12-16T23:14:43.081+0000] {processor.py:183} INFO - Processing /opt/airflow/dags/mfg_pipeline.py took 0.219 seconds
[2025-12-16T23:15:13.571+0000] {processor.py:161} INFO - Started process (PID=480) to work on /opt/airflow/dags/mfg_pipeline.py
[2025-12-16T23:15:13.574+0000] {processor.py:830} INFO - Processing file /opt/airflow/dags/mfg_pipeline.py for tasks to queue
[2025-12-16T23:15:13.578+0000] {logging_mixin.py:188} INFO - [2025-12-16T23:15:13.577+0000] {dagbag.py:540} INFO - Filling up the DagBag from /opt/airflow/dags/mfg_pipeline.py
[2025-12-16T23:15:13.618+0000] {processor.py:840} INFO - DAG(s) 'mfg_accelerator_pipeline' retrieved from /opt/airflow/dags/mfg_pipeline.py
[2025-12-16T23:15:13.681+0000] {logging_mixin.py:188} INFO - [2025-12-16T23:15:13.681+0000] {dag.py:3096} INFO - Sync 1 DAGs
[2025-12-16T23:15:13.720+0000] {logging_mixin.py:188} INFO - [2025-12-16T23:15:13.719+0000] {dag.py:3954} INFO - Setting next_dagrun for mfg_accelerator_pipeline to None, run_after=None
[2025-12-16T23:15:13.770+0000] {processor.py:183} INFO - Processing /opt/airflow/dags/mfg_pipeline.py took 0.212 seconds
[2025-12-16T23:15:44.437+0000] {processor.py:161} INFO - Started process (PID=564) to work on /opt/airflow/dags/mfg_pipeline.py
[2025-12-16T23:15:44.439+0000] {processor.py:830} INFO - Processing file /opt/airflow/dags/mfg_pipeline.py for tasks to queue
[2025-12-16T23:15:44.442+0000] {logging_mixin.py:188} INFO - [2025-12-16T23:15:44.442+0000] {dagbag.py:540} INFO - Filling up the DagBag from /opt/airflow/dags/mfg_pipeline.py
[2025-12-16T23:15:44.481+0000] {processor.py:840} INFO - DAG(s) 'mfg_accelerator_pipeline' retrieved from /opt/airflow/dags/mfg_pipeline.py
[2025-12-16T23:15:44.531+0000] {logging_mixin.py:188} INFO - [2025-12-16T23:15:44.531+0000] {dag.py:3096} INFO - Sync 1 DAGs
[2025-12-16T23:15:44.559+0000] {logging_mixin.py:188} INFO - [2025-12-16T23:15:44.559+0000] {dag.py:3954} INFO - Setting next_dagrun for mfg_accelerator_pipeline to None, run_after=None
[2025-12-16T23:15:44.605+0000] {processor.py:183} INFO - Processing /opt/airflow/dags/mfg_pipeline.py took 0.178 seconds
[2025-12-16T23:16:15.071+0000] {processor.py:161} INFO - Started process (PID=629) to work on /opt/airflow/dags/mfg_pipeline.py
[2025-12-16T23:16:15.074+0000] {processor.py:830} INFO - Processing file /opt/airflow/dags/mfg_pipeline.py for tasks to queue
[2025-12-16T23:16:15.078+0000] {logging_mixin.py:188} INFO - [2025-12-16T23:16:15.078+0000] {dagbag.py:540} INFO - Filling up the DagBag from /opt/airflow/dags/mfg_pipeline.py
[2025-12-16T23:16:15.115+0000] {processor.py:840} INFO - DAG(s) 'mfg_accelerator_pipeline' retrieved from /opt/airflow/dags/mfg_pipeline.py
[2025-12-16T23:16:15.169+0000] {logging_mixin.py:188} INFO - [2025-12-16T23:16:15.169+0000] {dag.py:3096} INFO - Sync 1 DAGs
[2025-12-16T23:16:15.196+0000] {logging_mixin.py:188} INFO - [2025-12-16T23:16:15.196+0000] {dag.py:3954} INFO - Setting next_dagrun for mfg_accelerator_pipeline to None, run_after=None
[2025-12-16T23:16:15.238+0000] {processor.py:183} INFO - Processing /opt/airflow/dags/mfg_pipeline.py took 0.181 seconds
[2025-12-16T23:16:45.698+0000] {processor.py:161} INFO - Started process (PID=695) to work on /opt/airflow/dags/mfg_pipeline.py
[2025-12-16T23:16:45.701+0000] {processor.py:830} INFO - Processing file /opt/airflow/dags/mfg_pipeline.py for tasks to queue
[2025-12-16T23:16:45.704+0000] {logging_mixin.py:188} INFO - [2025-12-16T23:16:45.704+0000] {dagbag.py:540} INFO - Filling up the DagBag from /opt/airflow/dags/mfg_pipeline.py
[2025-12-16T23:16:45.745+0000] {processor.py:840} INFO - DAG(s) 'mfg_accelerator_pipeline' retrieved from /opt/airflow/dags/mfg_pipeline.py
[2025-12-16T23:16:45.791+0000] {logging_mixin.py:188} INFO - [2025-12-16T23:16:45.791+0000] {dag.py:3096} INFO - Sync 1 DAGs
[2025-12-16T23:16:45.813+0000] {logging_mixin.py:188} INFO - [2025-12-16T23:16:45.813+0000] {dag.py:3954} INFO - Setting next_dagrun for mfg_accelerator_pipeline to None, run_after=None
[2025-12-16T23:16:45.845+0000] {processor.py:183} INFO - Processing /opt/airflow/dags/mfg_pipeline.py took 0.157 seconds
[2025-12-16T23:17:16.545+0000] {processor.py:161} INFO - Started process (PID=786) to work on /opt/airflow/dags/mfg_pipeline.py
[2025-12-16T23:17:16.548+0000] {processor.py:830} INFO - Processing file /opt/airflow/dags/mfg_pipeline.py for tasks to queue
[2025-12-16T23:17:16.555+0000] {logging_mixin.py:188} INFO - [2025-12-16T23:17:16.554+0000] {dagbag.py:540} INFO - Filling up the DagBag from /opt/airflow/dags/mfg_pipeline.py
[2025-12-16T23:17:16.634+0000] {processor.py:840} INFO - DAG(s) 'mfg_accelerator_pipeline' retrieved from /opt/airflow/dags/mfg_pipeline.py
[2025-12-16T23:17:16.718+0000] {logging_mixin.py:188} INFO - [2025-12-16T23:17:16.718+0000] {dag.py:3096} INFO - Sync 1 DAGs
[2025-12-16T23:17:16.763+0000] {logging_mixin.py:188} INFO - [2025-12-16T23:17:16.762+0000] {dag.py:3954} INFO - Setting next_dagrun for mfg_accelerator_pipeline to None, run_after=None
[2025-12-16T23:17:16.824+0000] {processor.py:183} INFO - Processing /opt/airflow/dags/mfg_pipeline.py took 0.301 seconds
[2025-12-16T23:17:47.237+0000] {processor.py:161} INFO - Started process (PID=895) to work on /opt/airflow/dags/mfg_pipeline.py
[2025-12-16T23:17:47.239+0000] {processor.py:830} INFO - Processing file /opt/airflow/dags/mfg_pipeline.py for tasks to queue
[2025-12-16T23:17:47.242+0000] {logging_mixin.py:188} INFO - [2025-12-16T23:17:47.241+0000] {dagbag.py:540} INFO - Filling up the DagBag from /opt/airflow/dags/mfg_pipeline.py
[2025-12-16T23:17:47.273+0000] {processor.py:840} INFO - DAG(s) 'mfg_accelerator_pipeline' retrieved from /opt/airflow/dags/mfg_pipeline.py
[2025-12-16T23:17:47.316+0000] {logging_mixin.py:188} INFO - [2025-12-16T23:17:47.316+0000] {dag.py:3096} INFO - Sync 1 DAGs
[2025-12-16T23:17:47.337+0000] {logging_mixin.py:188} INFO - [2025-12-16T23:17:47.336+0000] {dag.py:3954} INFO - Setting next_dagrun for mfg_accelerator_pipeline to None, run_after=None
[2025-12-16T23:17:47.372+0000] {processor.py:183} INFO - Processing /opt/airflow/dags/mfg_pipeline.py took 0.145 seconds
[2025-12-16T23:18:17.777+0000] {processor.py:161} INFO - Started process (PID=917) to work on /opt/airflow/dags/mfg_pipeline.py
[2025-12-16T23:18:17.779+0000] {processor.py:830} INFO - Processing file /opt/airflow/dags/mfg_pipeline.py for tasks to queue
[2025-12-16T23:18:17.782+0000] {logging_mixin.py:188} INFO - [2025-12-16T23:18:17.781+0000] {dagbag.py:540} INFO - Filling up the DagBag from /opt/airflow/dags/mfg_pipeline.py
[2025-12-16T23:18:17.818+0000] {processor.py:840} INFO - DAG(s) 'mfg_accelerator_pipeline' retrieved from /opt/airflow/dags/mfg_pipeline.py
[2025-12-16T23:18:17.859+0000] {logging_mixin.py:188} INFO - [2025-12-16T23:18:17.859+0000] {dag.py:3096} INFO - Sync 1 DAGs
[2025-12-16T23:18:17.879+0000] {logging_mixin.py:188} INFO - [2025-12-16T23:18:17.878+0000] {dag.py:3954} INFO - Setting next_dagrun for mfg_accelerator_pipeline to None, run_after=None
[2025-12-16T23:18:17.910+0000] {processor.py:183} INFO - Processing /opt/airflow/dags/mfg_pipeline.py took 0.144 seconds
[2025-12-16T23:18:48.302+0000] {processor.py:161} INFO - Started process (PID=939) to work on /opt/airflow/dags/mfg_pipeline.py
[2025-12-16T23:18:48.303+0000] {processor.py:830} INFO - Processing file /opt/airflow/dags/mfg_pipeline.py for tasks to queue
[2025-12-16T23:18:48.307+0000] {logging_mixin.py:188} INFO - [2025-12-16T23:18:48.306+0000] {dagbag.py:540} INFO - Filling up the DagBag from /opt/airflow/dags/mfg_pipeline.py
[2025-12-16T23:18:48.336+0000] {processor.py:840} INFO - DAG(s) 'mfg_accelerator_pipeline' retrieved from /opt/airflow/dags/mfg_pipeline.py
[2025-12-16T23:18:48.374+0000] {logging_mixin.py:188} INFO - [2025-12-16T23:18:48.374+0000] {dag.py:3096} INFO - Sync 1 DAGs
[2025-12-16T23:18:48.394+0000] {logging_mixin.py:188} INFO - [2025-12-16T23:18:48.393+0000] {dag.py:3954} INFO - Setting next_dagrun for mfg_accelerator_pipeline to None, run_after=None
[2025-12-16T23:18:48.429+0000] {processor.py:183} INFO - Processing /opt/airflow/dags/mfg_pipeline.py took 0.138 seconds
[2025-12-16T23:19:18.760+0000] {processor.py:161} INFO - Started process (PID=961) to work on /opt/airflow/dags/mfg_pipeline.py
[2025-12-16T23:19:18.764+0000] {processor.py:830} INFO - Processing file /opt/airflow/dags/mfg_pipeline.py for tasks to queue
[2025-12-16T23:19:18.769+0000] {logging_mixin.py:188} INFO - [2025-12-16T23:19:18.768+0000] {dagbag.py:540} INFO - Filling up the DagBag from /opt/airflow/dags/mfg_pipeline.py
[2025-12-16T23:19:18.801+0000] {processor.py:840} INFO - DAG(s) 'mfg_accelerator_pipeline' retrieved from /opt/airflow/dags/mfg_pipeline.py
[2025-12-16T23:19:18.839+0000] {logging_mixin.py:188} INFO - [2025-12-16T23:19:18.839+0000] {dag.py:3096} INFO - Sync 1 DAGs
[2025-12-16T23:19:18.858+0000] {logging_mixin.py:188} INFO - [2025-12-16T23:19:18.858+0000] {dag.py:3954} INFO - Setting next_dagrun for mfg_accelerator_pipeline to None, run_after=None
[2025-12-16T23:19:18.889+0000] {processor.py:183} INFO - Processing /opt/airflow/dags/mfg_pipeline.py took 0.142 seconds
[2025-12-16T23:19:49.311+0000] {processor.py:161} INFO - Started process (PID=983) to work on /opt/airflow/dags/mfg_pipeline.py
[2025-12-16T23:19:49.312+0000] {processor.py:830} INFO - Processing file /opt/airflow/dags/mfg_pipeline.py for tasks to queue
[2025-12-16T23:19:49.316+0000] {logging_mixin.py:188} INFO - [2025-12-16T23:19:49.315+0000] {dagbag.py:540} INFO - Filling up the DagBag from /opt/airflow/dags/mfg_pipeline.py
[2025-12-16T23:19:49.355+0000] {processor.py:840} INFO - DAG(s) 'mfg_accelerator_pipeline' retrieved from /opt/airflow/dags/mfg_pipeline.py
[2025-12-16T23:19:49.403+0000] {logging_mixin.py:188} INFO - [2025-12-16T23:19:49.402+0000] {dag.py:3096} INFO - Sync 1 DAGs
[2025-12-16T23:19:49.426+0000] {logging_mixin.py:188} INFO - [2025-12-16T23:19:49.425+0000] {dag.py:3954} INFO - Setting next_dagrun for mfg_accelerator_pipeline to None, run_after=None
[2025-12-16T23:19:49.464+0000] {processor.py:183} INFO - Processing /opt/airflow/dags/mfg_pipeline.py took 0.163 seconds
[2025-12-16T23:20:19.844+0000] {processor.py:161} INFO - Started process (PID=1005) to work on /opt/airflow/dags/mfg_pipeline.py
[2025-12-16T23:20:19.845+0000] {processor.py:830} INFO - Processing file /opt/airflow/dags/mfg_pipeline.py for tasks to queue
[2025-12-16T23:20:19.848+0000] {logging_mixin.py:188} INFO - [2025-12-16T23:20:19.848+0000] {dagbag.py:540} INFO - Filling up the DagBag from /opt/airflow/dags/mfg_pipeline.py
[2025-12-16T23:20:19.877+0000] {processor.py:840} INFO - DAG(s) 'mfg_accelerator_pipeline' retrieved from /opt/airflow/dags/mfg_pipeline.py
[2025-12-16T23:20:19.914+0000] {logging_mixin.py:188} INFO - [2025-12-16T23:20:19.914+0000] {dag.py:3096} INFO - Sync 1 DAGs
[2025-12-16T23:20:19.933+0000] {logging_mixin.py:188} INFO - [2025-12-16T23:20:19.933+0000] {dag.py:3954} INFO - Setting next_dagrun for mfg_accelerator_pipeline to None, run_after=None
[2025-12-16T23:20:19.964+0000] {processor.py:183} INFO - Processing /opt/airflow/dags/mfg_pipeline.py took 0.129 seconds
[2025-12-16T23:20:50.204+0000] {processor.py:161} INFO - Started process (PID=1027) to work on /opt/airflow/dags/mfg_pipeline.py
[2025-12-16T23:20:50.205+0000] {processor.py:830} INFO - Processing file /opt/airflow/dags/mfg_pipeline.py for tasks to queue
[2025-12-16T23:20:50.209+0000] {logging_mixin.py:188} INFO - [2025-12-16T23:20:50.208+0000] {dagbag.py:540} INFO - Filling up the DagBag from /opt/airflow/dags/mfg_pipeline.py
[2025-12-16T23:20:50.236+0000] {processor.py:840} INFO - DAG(s) 'mfg_accelerator_pipeline' retrieved from /opt/airflow/dags/mfg_pipeline.py
[2025-12-16T23:20:50.276+0000] {logging_mixin.py:188} INFO - [2025-12-16T23:20:50.275+0000] {dag.py:3096} INFO - Sync 1 DAGs
[2025-12-16T23:20:50.295+0000] {logging_mixin.py:188} INFO - [2025-12-16T23:20:50.294+0000] {dag.py:3954} INFO - Setting next_dagrun for mfg_accelerator_pipeline to None, run_after=None
[2025-12-16T23:20:50.327+0000] {processor.py:183} INFO - Processing /opt/airflow/dags/mfg_pipeline.py took 0.133 seconds
[2025-12-16T23:21:20.899+0000] {processor.py:161} INFO - Started process (PID=1049) to work on /opt/airflow/dags/mfg_pipeline.py
[2025-12-16T23:21:20.902+0000] {processor.py:830} INFO - Processing file /opt/airflow/dags/mfg_pipeline.py for tasks to queue
[2025-12-16T23:21:20.907+0000] {logging_mixin.py:188} INFO - [2025-12-16T23:21:20.906+0000] {dagbag.py:540} INFO - Filling up the DagBag from /opt/airflow/dags/mfg_pipeline.py
[2025-12-16T23:21:20.983+0000] {processor.py:840} INFO - DAG(s) 'mfg_accelerator_pipeline' retrieved from /opt/airflow/dags/mfg_pipeline.py
[2025-12-16T23:21:21.092+0000] {logging_mixin.py:188} INFO - [2025-12-16T23:21:21.091+0000] {dag.py:3096} INFO - Sync 1 DAGs
[2025-12-16T23:21:21.146+0000] {logging_mixin.py:188} INFO - [2025-12-16T23:21:21.145+0000] {dag.py:3954} INFO - Setting next_dagrun for mfg_accelerator_pipeline to None, run_after=None
[2025-12-16T23:21:21.227+0000] {processor.py:183} INFO - Processing /opt/airflow/dags/mfg_pipeline.py took 0.344 seconds
[2025-12-16T23:21:51.737+0000] {processor.py:161} INFO - Started process (PID=1071) to work on /opt/airflow/dags/mfg_pipeline.py
[2025-12-16T23:21:51.739+0000] {processor.py:830} INFO - Processing file /opt/airflow/dags/mfg_pipeline.py for tasks to queue
[2025-12-16T23:21:51.744+0000] {logging_mixin.py:188} INFO - [2025-12-16T23:21:51.743+0000] {dagbag.py:540} INFO - Filling up the DagBag from /opt/airflow/dags/mfg_pipeline.py
[2025-12-16T23:21:51.779+0000] {processor.py:840} INFO - DAG(s) 'mfg_accelerator_pipeline' retrieved from /opt/airflow/dags/mfg_pipeline.py
[2025-12-16T23:21:51.816+0000] {logging_mixin.py:188} INFO - [2025-12-16T23:21:51.815+0000] {dag.py:3096} INFO - Sync 1 DAGs
[2025-12-16T23:21:51.835+0000] {logging_mixin.py:188} INFO - [2025-12-16T23:21:51.835+0000] {dag.py:3954} INFO - Setting next_dagrun for mfg_accelerator_pipeline to None, run_after=None
[2025-12-16T23:21:51.871+0000] {processor.py:183} INFO - Processing /opt/airflow/dags/mfg_pipeline.py took 0.147 seconds
[2025-12-16T23:22:22.305+0000] {processor.py:161} INFO - Started process (PID=1093) to work on /opt/airflow/dags/mfg_pipeline.py
[2025-12-16T23:22:22.307+0000] {processor.py:830} INFO - Processing file /opt/airflow/dags/mfg_pipeline.py for tasks to queue
[2025-12-16T23:22:22.310+0000] {logging_mixin.py:188} INFO - [2025-12-16T23:22:22.310+0000] {dagbag.py:540} INFO - Filling up the DagBag from /opt/airflow/dags/mfg_pipeline.py
[2025-12-16T23:22:22.348+0000] {processor.py:840} INFO - DAG(s) 'mfg_accelerator_pipeline' retrieved from /opt/airflow/dags/mfg_pipeline.py
[2025-12-16T23:22:22.398+0000] {logging_mixin.py:188} INFO - [2025-12-16T23:22:22.397+0000] {dag.py:3096} INFO - Sync 1 DAGs
[2025-12-16T23:22:22.421+0000] {logging_mixin.py:188} INFO - [2025-12-16T23:22:22.421+0000] {dag.py:3954} INFO - Setting next_dagrun for mfg_accelerator_pipeline to None, run_after=None
[2025-12-16T23:22:22.458+0000] {processor.py:183} INFO - Processing /opt/airflow/dags/mfg_pipeline.py took 0.164 seconds
[2025-12-16T23:22:52.854+0000] {processor.py:161} INFO - Started process (PID=1115) to work on /opt/airflow/dags/mfg_pipeline.py
[2025-12-16T23:22:52.856+0000] {processor.py:830} INFO - Processing file /opt/airflow/dags/mfg_pipeline.py for tasks to queue
[2025-12-16T23:22:52.859+0000] {logging_mixin.py:188} INFO - [2025-12-16T23:22:52.858+0000] {dagbag.py:540} INFO - Filling up the DagBag from /opt/airflow/dags/mfg_pipeline.py
[2025-12-16T23:22:52.892+0000] {processor.py:840} INFO - DAG(s) 'mfg_accelerator_pipeline' retrieved from /opt/airflow/dags/mfg_pipeline.py
[2025-12-16T23:22:52.931+0000] {logging_mixin.py:188} INFO - [2025-12-16T23:22:52.931+0000] {dag.py:3096} INFO - Sync 1 DAGs
[2025-12-16T23:22:52.955+0000] {logging_mixin.py:188} INFO - [2025-12-16T23:22:52.955+0000] {dag.py:3954} INFO - Setting next_dagrun for mfg_accelerator_pipeline to None, run_after=None
[2025-12-16T23:22:52.985+0000] {processor.py:183} INFO - Processing /opt/airflow/dags/mfg_pipeline.py took 0.140 seconds
[2025-12-16T23:23:23.535+0000] {processor.py:161} INFO - Started process (PID=1137) to work on /opt/airflow/dags/mfg_pipeline.py
[2025-12-16T23:23:23.537+0000] {processor.py:830} INFO - Processing file /opt/airflow/dags/mfg_pipeline.py for tasks to queue
[2025-12-16T23:23:23.541+0000] {logging_mixin.py:188} INFO - [2025-12-16T23:23:23.540+0000] {dagbag.py:540} INFO - Filling up the DagBag from /opt/airflow/dags/mfg_pipeline.py
[2025-12-16T23:23:23.582+0000] {processor.py:840} INFO - DAG(s) 'mfg_accelerator_pipeline' retrieved from /opt/airflow/dags/mfg_pipeline.py
[2025-12-16T23:23:23.646+0000] {logging_mixin.py:188} INFO - [2025-12-16T23:23:23.646+0000] {dag.py:3096} INFO - Sync 1 DAGs
[2025-12-16T23:23:23.679+0000] {logging_mixin.py:188} INFO - [2025-12-16T23:23:23.678+0000] {dag.py:3954} INFO - Setting next_dagrun for mfg_accelerator_pipeline to None, run_after=None
[2025-12-16T23:23:23.726+0000] {processor.py:183} INFO - Processing /opt/airflow/dags/mfg_pipeline.py took 0.206 seconds
[2025-12-16T23:23:54.199+0000] {processor.py:161} INFO - Started process (PID=1159) to work on /opt/airflow/dags/mfg_pipeline.py
[2025-12-16T23:23:54.200+0000] {processor.py:830} INFO - Processing file /opt/airflow/dags/mfg_pipeline.py for tasks to queue
[2025-12-16T23:23:54.203+0000] {logging_mixin.py:188} INFO - [2025-12-16T23:23:54.203+0000] {dagbag.py:540} INFO - Filling up the DagBag from /opt/airflow/dags/mfg_pipeline.py
[2025-12-16T23:23:54.231+0000] {processor.py:840} INFO - DAG(s) 'mfg_accelerator_pipeline' retrieved from /opt/airflow/dags/mfg_pipeline.py
[2025-12-16T23:23:54.272+0000] {logging_mixin.py:188} INFO - [2025-12-16T23:23:54.272+0000] {dag.py:3096} INFO - Sync 1 DAGs
[2025-12-16T23:23:54.295+0000] {logging_mixin.py:188} INFO - [2025-12-16T23:23:54.294+0000] {dag.py:3954} INFO - Setting next_dagrun for mfg_accelerator_pipeline to None, run_after=None
[2025-12-16T23:23:54.328+0000] {processor.py:183} INFO - Processing /opt/airflow/dags/mfg_pipeline.py took 0.139 seconds
[2025-12-16T23:24:24.751+0000] {processor.py:161} INFO - Started process (PID=1181) to work on /opt/airflow/dags/mfg_pipeline.py
[2025-12-16T23:24:24.753+0000] {processor.py:830} INFO - Processing file /opt/airflow/dags/mfg_pipeline.py for tasks to queue
[2025-12-16T23:24:24.757+0000] {logging_mixin.py:188} INFO - [2025-12-16T23:24:24.756+0000] {dagbag.py:540} INFO - Filling up the DagBag from /opt/airflow/dags/mfg_pipeline.py
[2025-12-16T23:24:24.795+0000] {processor.py:840} INFO - DAG(s) 'mfg_accelerator_pipeline' retrieved from /opt/airflow/dags/mfg_pipeline.py
[2025-12-16T23:24:24.847+0000] {logging_mixin.py:188} INFO - [2025-12-16T23:24:24.847+0000] {dag.py:3096} INFO - Sync 1 DAGs
[2025-12-16T23:24:24.871+0000] {logging_mixin.py:188} INFO - [2025-12-16T23:24:24.871+0000] {dag.py:3954} INFO - Setting next_dagrun for mfg_accelerator_pipeline to None, run_after=None
[2025-12-16T23:24:24.917+0000] {processor.py:183} INFO - Processing /opt/airflow/dags/mfg_pipeline.py took 0.176 seconds
[2025-12-16T23:24:55.511+0000] {processor.py:161} INFO - Started process (PID=1203) to work on /opt/airflow/dags/mfg_pipeline.py
[2025-12-16T23:24:55.513+0000] {processor.py:830} INFO - Processing file /opt/airflow/dags/mfg_pipeline.py for tasks to queue
[2025-12-16T23:24:55.516+0000] {logging_mixin.py:188} INFO - [2025-12-16T23:24:55.515+0000] {dagbag.py:540} INFO - Filling up the DagBag from /opt/airflow/dags/mfg_pipeline.py
[2025-12-16T23:24:55.548+0000] {processor.py:840} INFO - DAG(s) 'mfg_accelerator_pipeline' retrieved from /opt/airflow/dags/mfg_pipeline.py
[2025-12-16T23:24:55.589+0000] {logging_mixin.py:188} INFO - [2025-12-16T23:24:55.588+0000] {dag.py:3096} INFO - Sync 1 DAGs
[2025-12-16T23:24:55.610+0000] {logging_mixin.py:188} INFO - [2025-12-16T23:24:55.610+0000] {dag.py:3954} INFO - Setting next_dagrun for mfg_accelerator_pipeline to None, run_after=None
[2025-12-16T23:24:55.644+0000] {processor.py:183} INFO - Processing /opt/airflow/dags/mfg_pipeline.py took 0.143 seconds
[2025-12-16T23:25:26.256+0000] {processor.py:161} INFO - Started process (PID=1225) to work on /opt/airflow/dags/mfg_pipeline.py
[2025-12-16T23:25:26.258+0000] {processor.py:830} INFO - Processing file /opt/airflow/dags/mfg_pipeline.py for tasks to queue
[2025-12-16T23:25:26.262+0000] {logging_mixin.py:188} INFO - [2025-12-16T23:25:26.261+0000] {dagbag.py:540} INFO - Filling up the DagBag from /opt/airflow/dags/mfg_pipeline.py
[2025-12-16T23:25:26.300+0000] {processor.py:840} INFO - DAG(s) 'mfg_accelerator_pipeline' retrieved from /opt/airflow/dags/mfg_pipeline.py
[2025-12-16T23:25:26.344+0000] {logging_mixin.py:188} INFO - [2025-12-16T23:25:26.344+0000] {dag.py:3096} INFO - Sync 1 DAGs
[2025-12-16T23:25:26.366+0000] {logging_mixin.py:188} INFO - [2025-12-16T23:25:26.366+0000] {dag.py:3954} INFO - Setting next_dagrun for mfg_accelerator_pipeline to None, run_after=None
[2025-12-16T23:25:26.402+0000] {processor.py:183} INFO - Processing /opt/airflow/dags/mfg_pipeline.py took 0.155 seconds
[2025-12-16T23:25:56.833+0000] {processor.py:161} INFO - Started process (PID=1247) to work on /opt/airflow/dags/mfg_pipeline.py
[2025-12-16T23:25:56.834+0000] {processor.py:830} INFO - Processing file /opt/airflow/dags/mfg_pipeline.py for tasks to queue
[2025-12-16T23:25:56.838+0000] {logging_mixin.py:188} INFO - [2025-12-16T23:25:56.837+0000] {dagbag.py:540} INFO - Filling up the DagBag from /opt/airflow/dags/mfg_pipeline.py
[2025-12-16T23:25:56.868+0000] {processor.py:840} INFO - DAG(s) 'mfg_accelerator_pipeline' retrieved from /opt/airflow/dags/mfg_pipeline.py
[2025-12-16T23:25:56.917+0000] {logging_mixin.py:188} INFO - [2025-12-16T23:25:56.916+0000] {dag.py:3096} INFO - Sync 1 DAGs
[2025-12-16T23:25:56.937+0000] {logging_mixin.py:188} INFO - [2025-12-16T23:25:56.936+0000] {dag.py:3954} INFO - Setting next_dagrun for mfg_accelerator_pipeline to None, run_after=None
[2025-12-16T23:25:56.967+0000] {processor.py:183} INFO - Processing /opt/airflow/dags/mfg_pipeline.py took 0.146 seconds
[2025-12-16T23:26:27.104+0000] {processor.py:161} INFO - Started process (PID=1269) to work on /opt/airflow/dags/mfg_pipeline.py
[2025-12-16T23:26:27.105+0000] {processor.py:830} INFO - Processing file /opt/airflow/dags/mfg_pipeline.py for tasks to queue
[2025-12-16T23:26:27.108+0000] {logging_mixin.py:188} INFO - [2025-12-16T23:26:27.107+0000] {dagbag.py:540} INFO - Filling up the DagBag from /opt/airflow/dags/mfg_pipeline.py
[2025-12-16T23:26:27.134+0000] {processor.py:840} INFO - DAG(s) 'mfg_accelerator_pipeline' retrieved from /opt/airflow/dags/mfg_pipeline.py
[2025-12-16T23:26:27.166+0000] {logging_mixin.py:188} INFO - [2025-12-16T23:26:27.166+0000] {dag.py:3096} INFO - Sync 1 DAGs
[2025-12-16T23:26:27.182+0000] {logging_mixin.py:188} INFO - [2025-12-16T23:26:27.182+0000] {dag.py:3954} INFO - Setting next_dagrun for mfg_accelerator_pipeline to None, run_after=None
[2025-12-16T23:26:27.211+0000] {processor.py:183} INFO - Processing /opt/airflow/dags/mfg_pipeline.py took 0.115 seconds
[2025-12-16T23:26:57.759+0000] {processor.py:161} INFO - Started process (PID=1291) to work on /opt/airflow/dags/mfg_pipeline.py
[2025-12-16T23:26:57.761+0000] {processor.py:830} INFO - Processing file /opt/airflow/dags/mfg_pipeline.py for tasks to queue
[2025-12-16T23:26:57.764+0000] {logging_mixin.py:188} INFO - [2025-12-16T23:26:57.763+0000] {dagbag.py:540} INFO - Filling up the DagBag from /opt/airflow/dags/mfg_pipeline.py
[2025-12-16T23:26:57.794+0000] {processor.py:840} INFO - DAG(s) 'mfg_accelerator_pipeline' retrieved from /opt/airflow/dags/mfg_pipeline.py
[2025-12-16T23:26:57.829+0000] {logging_mixin.py:188} INFO - [2025-12-16T23:26:57.828+0000] {dag.py:3096} INFO - Sync 1 DAGs
[2025-12-16T23:26:57.847+0000] {logging_mixin.py:188} INFO - [2025-12-16T23:26:57.847+0000] {dag.py:3954} INFO - Setting next_dagrun for mfg_accelerator_pipeline to None, run_after=None
[2025-12-16T23:26:57.880+0000] {processor.py:183} INFO - Processing /opt/airflow/dags/mfg_pipeline.py took 0.130 seconds
[2025-12-16T23:27:28.278+0000] {processor.py:161} INFO - Started process (PID=1306) to work on /opt/airflow/dags/mfg_pipeline.py
[2025-12-16T23:27:28.280+0000] {processor.py:830} INFO - Processing file /opt/airflow/dags/mfg_pipeline.py for tasks to queue
[2025-12-16T23:27:28.282+0000] {logging_mixin.py:188} INFO - [2025-12-16T23:27:28.282+0000] {dagbag.py:540} INFO - Filling up the DagBag from /opt/airflow/dags/mfg_pipeline.py
[2025-12-16T23:27:28.307+0000] {processor.py:840} INFO - DAG(s) 'mfg_accelerator_pipeline' retrieved from /opt/airflow/dags/mfg_pipeline.py
[2025-12-16T23:27:28.344+0000] {logging_mixin.py:188} INFO - [2025-12-16T23:27:28.344+0000] {dag.py:3096} INFO - Sync 1 DAGs
[2025-12-16T23:27:28.362+0000] {logging_mixin.py:188} INFO - [2025-12-16T23:27:28.362+0000] {dag.py:3954} INFO - Setting next_dagrun for mfg_accelerator_pipeline to None, run_after=None
[2025-12-16T23:27:28.391+0000] {processor.py:183} INFO - Processing /opt/airflow/dags/mfg_pipeline.py took 0.120 seconds
[2025-12-16T23:27:58.484+0000] {processor.py:161} INFO - Started process (PID=1328) to work on /opt/airflow/dags/mfg_pipeline.py
[2025-12-16T23:27:58.486+0000] {processor.py:830} INFO - Processing file /opt/airflow/dags/mfg_pipeline.py for tasks to queue
[2025-12-16T23:27:58.489+0000] {logging_mixin.py:188} INFO - [2025-12-16T23:27:58.488+0000] {dagbag.py:540} INFO - Filling up the DagBag from /opt/airflow/dags/mfg_pipeline.py
[2025-12-16T23:27:58.517+0000] {processor.py:840} INFO - DAG(s) 'mfg_accelerator_pipeline' retrieved from /opt/airflow/dags/mfg_pipeline.py
[2025-12-16T23:27:58.551+0000] {logging_mixin.py:188} INFO - [2025-12-16T23:27:58.550+0000] {dag.py:3096} INFO - Sync 1 DAGs
[2025-12-16T23:27:58.568+0000] {logging_mixin.py:188} INFO - [2025-12-16T23:27:58.568+0000] {dag.py:3954} INFO - Setting next_dagrun for mfg_accelerator_pipeline to None, run_after=None
[2025-12-16T23:27:58.598+0000] {processor.py:183} INFO - Processing /opt/airflow/dags/mfg_pipeline.py took 0.121 seconds
[2025-12-16T23:28:28.689+0000] {processor.py:161} INFO - Started process (PID=1350) to work on /opt/airflow/dags/mfg_pipeline.py
[2025-12-16T23:28:28.690+0000] {processor.py:830} INFO - Processing file /opt/airflow/dags/mfg_pipeline.py for tasks to queue
[2025-12-16T23:28:28.692+0000] {logging_mixin.py:188} INFO - [2025-12-16T23:28:28.692+0000] {dagbag.py:540} INFO - Filling up the DagBag from /opt/airflow/dags/mfg_pipeline.py
[2025-12-16T23:28:28.717+0000] {processor.py:840} INFO - DAG(s) 'mfg_accelerator_pipeline' retrieved from /opt/airflow/dags/mfg_pipeline.py
[2025-12-16T23:28:28.751+0000] {logging_mixin.py:188} INFO - [2025-12-16T23:28:28.750+0000] {dag.py:3096} INFO - Sync 1 DAGs
[2025-12-16T23:28:28.768+0000] {logging_mixin.py:188} INFO - [2025-12-16T23:28:28.768+0000] {dag.py:3954} INFO - Setting next_dagrun for mfg_accelerator_pipeline to None, run_after=None
[2025-12-16T23:28:28.795+0000] {processor.py:183} INFO - Processing /opt/airflow/dags/mfg_pipeline.py took 0.115 seconds
[2025-12-16T23:28:58.978+0000] {processor.py:161} INFO - Started process (PID=1372) to work on /opt/airflow/dags/mfg_pipeline.py
[2025-12-16T23:28:58.980+0000] {processor.py:830} INFO - Processing file /opt/airflow/dags/mfg_pipeline.py for tasks to queue
[2025-12-16T23:28:58.983+0000] {logging_mixin.py:188} INFO - [2025-12-16T23:28:58.983+0000] {dagbag.py:540} INFO - Filling up the DagBag from /opt/airflow/dags/mfg_pipeline.py
[2025-12-16T23:28:59.006+0000] {processor.py:840} INFO - DAG(s) 'mfg_accelerator_pipeline' retrieved from /opt/airflow/dags/mfg_pipeline.py
[2025-12-16T23:28:59.039+0000] {logging_mixin.py:188} INFO - [2025-12-16T23:28:59.038+0000] {dag.py:3096} INFO - Sync 1 DAGs
[2025-12-16T23:28:59.054+0000] {logging_mixin.py:188} INFO - [2025-12-16T23:28:59.054+0000] {dag.py:3954} INFO - Setting next_dagrun for mfg_accelerator_pipeline to None, run_after=None
[2025-12-16T23:28:59.081+0000] {processor.py:183} INFO - Processing /opt/airflow/dags/mfg_pipeline.py took 0.110 seconds
[2025-12-16T23:29:29.293+0000] {processor.py:161} INFO - Started process (PID=1394) to work on /opt/airflow/dags/mfg_pipeline.py
[2025-12-16T23:29:29.295+0000] {processor.py:830} INFO - Processing file /opt/airflow/dags/mfg_pipeline.py for tasks to queue
[2025-12-16T23:29:29.299+0000] {logging_mixin.py:188} INFO - [2025-12-16T23:29:29.298+0000] {dagbag.py:540} INFO - Filling up the DagBag from /opt/airflow/dags/mfg_pipeline.py
[2025-12-16T23:29:29.326+0000] {processor.py:840} INFO - DAG(s) 'mfg_accelerator_pipeline' retrieved from /opt/airflow/dags/mfg_pipeline.py
[2025-12-16T23:29:29.367+0000] {logging_mixin.py:188} INFO - [2025-12-16T23:29:29.367+0000] {dag.py:3096} INFO - Sync 1 DAGs
[2025-12-16T23:29:29.387+0000] {logging_mixin.py:188} INFO - [2025-12-16T23:29:29.387+0000] {dag.py:3954} INFO - Setting next_dagrun for mfg_accelerator_pipeline to None, run_after=None
[2025-12-16T23:29:29.418+0000] {processor.py:183} INFO - Processing /opt/airflow/dags/mfg_pipeline.py took 0.134 seconds
[2025-12-16T23:29:59.925+0000] {processor.py:161} INFO - Started process (PID=1416) to work on /opt/airflow/dags/mfg_pipeline.py
[2025-12-16T23:29:59.927+0000] {processor.py:830} INFO - Processing file /opt/airflow/dags/mfg_pipeline.py for tasks to queue
[2025-12-16T23:29:59.931+0000] {logging_mixin.py:188} INFO - [2025-12-16T23:29:59.931+0000] {dagbag.py:540} INFO - Filling up the DagBag from /opt/airflow/dags/mfg_pipeline.py
[2025-12-16T23:29:59.964+0000] {processor.py:840} INFO - DAG(s) 'mfg_accelerator_pipeline' retrieved from /opt/airflow/dags/mfg_pipeline.py
[2025-12-16T23:30:00.008+0000] {logging_mixin.py:188} INFO - [2025-12-16T23:30:00.007+0000] {dag.py:3096} INFO - Sync 1 DAGs
[2025-12-16T23:30:00.047+0000] {logging_mixin.py:188} INFO - [2025-12-16T23:30:00.046+0000] {dag.py:3954} INFO - Setting next_dagrun for mfg_accelerator_pipeline to None, run_after=None
[2025-12-16T23:30:00.105+0000] {processor.py:183} INFO - Processing /opt/airflow/dags/mfg_pipeline.py took 0.193 seconds
[2025-12-16T23:30:30.428+0000] {processor.py:161} INFO - Started process (PID=1438) to work on /opt/airflow/dags/mfg_pipeline.py
[2025-12-16T23:30:30.429+0000] {processor.py:830} INFO - Processing file /opt/airflow/dags/mfg_pipeline.py for tasks to queue
[2025-12-16T23:30:30.432+0000] {logging_mixin.py:188} INFO - [2025-12-16T23:30:30.431+0000] {dagbag.py:540} INFO - Filling up the DagBag from /opt/airflow/dags/mfg_pipeline.py
[2025-12-16T23:30:30.460+0000] {processor.py:840} INFO - DAG(s) 'mfg_accelerator_pipeline' retrieved from /opt/airflow/dags/mfg_pipeline.py
[2025-12-16T23:30:30.493+0000] {logging_mixin.py:188} INFO - [2025-12-16T23:30:30.493+0000] {dag.py:3096} INFO - Sync 1 DAGs
[2025-12-16T23:30:30.511+0000] {logging_mixin.py:188} INFO - [2025-12-16T23:30:30.511+0000] {dag.py:3954} INFO - Setting next_dagrun for mfg_accelerator_pipeline to None, run_after=None
[2025-12-16T23:30:30.542+0000] {processor.py:183} INFO - Processing /opt/airflow/dags/mfg_pipeline.py took 0.122 seconds
[2025-12-16T23:31:00.882+0000] {processor.py:161} INFO - Started process (PID=1460) to work on /opt/airflow/dags/mfg_pipeline.py
[2025-12-16T23:31:00.883+0000] {processor.py:830} INFO - Processing file /opt/airflow/dags/mfg_pipeline.py for tasks to queue
[2025-12-16T23:31:00.886+0000] {logging_mixin.py:188} INFO - [2025-12-16T23:31:00.886+0000] {dagbag.py:540} INFO - Filling up the DagBag from /opt/airflow/dags/mfg_pipeline.py
[2025-12-16T23:31:00.910+0000] {processor.py:840} INFO - DAG(s) 'mfg_accelerator_pipeline' retrieved from /opt/airflow/dags/mfg_pipeline.py
[2025-12-16T23:31:00.943+0000] {logging_mixin.py:188} INFO - [2025-12-16T23:31:00.943+0000] {dag.py:3096} INFO - Sync 1 DAGs
[2025-12-16T23:31:00.961+0000] {logging_mixin.py:188} INFO - [2025-12-16T23:31:00.961+0000] {dag.py:3954} INFO - Setting next_dagrun for mfg_accelerator_pipeline to None, run_after=None
[2025-12-16T23:31:00.988+0000] {processor.py:183} INFO - Processing /opt/airflow/dags/mfg_pipeline.py took 0.114 seconds
[2025-12-16T23:31:31.490+0000] {processor.py:161} INFO - Started process (PID=1482) to work on /opt/airflow/dags/mfg_pipeline.py
[2025-12-16T23:31:31.492+0000] {processor.py:830} INFO - Processing file /opt/airflow/dags/mfg_pipeline.py for tasks to queue
[2025-12-16T23:31:31.497+0000] {logging_mixin.py:188} INFO - [2025-12-16T23:31:31.497+0000] {dagbag.py:540} INFO - Filling up the DagBag from /opt/airflow/dags/mfg_pipeline.py
[2025-12-16T23:31:31.529+0000] {processor.py:840} INFO - DAG(s) 'mfg_accelerator_pipeline' retrieved from /opt/airflow/dags/mfg_pipeline.py
[2025-12-16T23:31:31.562+0000] {logging_mixin.py:188} INFO - [2025-12-16T23:31:31.561+0000] {dag.py:3096} INFO - Sync 1 DAGs
[2025-12-16T23:31:31.580+0000] {logging_mixin.py:188} INFO - [2025-12-16T23:31:31.580+0000] {dag.py:3954} INFO - Setting next_dagrun for mfg_accelerator_pipeline to None, run_after=None
[2025-12-16T23:31:31.606+0000] {processor.py:183} INFO - Processing /opt/airflow/dags/mfg_pipeline.py took 0.129 seconds
[2025-12-16T23:32:01.932+0000] {processor.py:161} INFO - Started process (PID=1504) to work on /opt/airflow/dags/mfg_pipeline.py
[2025-12-16T23:32:01.933+0000] {processor.py:830} INFO - Processing file /opt/airflow/dags/mfg_pipeline.py for tasks to queue
[2025-12-16T23:32:01.938+0000] {logging_mixin.py:188} INFO - [2025-12-16T23:32:01.937+0000] {dagbag.py:540} INFO - Filling up the DagBag from /opt/airflow/dags/mfg_pipeline.py
[2025-12-16T23:32:01.966+0000] {processor.py:840} INFO - DAG(s) 'mfg_accelerator_pipeline' retrieved from /opt/airflow/dags/mfg_pipeline.py
[2025-12-16T23:32:02.001+0000] {logging_mixin.py:188} INFO - [2025-12-16T23:32:02.000+0000] {dag.py:3096} INFO - Sync 1 DAGs
[2025-12-16T23:32:02.017+0000] {logging_mixin.py:188} INFO - [2025-12-16T23:32:02.017+0000] {dag.py:3954} INFO - Setting next_dagrun for mfg_accelerator_pipeline to None, run_after=None
[2025-12-16T23:32:02.049+0000] {processor.py:183} INFO - Processing /opt/airflow/dags/mfg_pipeline.py took 0.127 seconds
[2025-12-16T23:32:32.296+0000] {processor.py:161} INFO - Started process (PID=1526) to work on /opt/airflow/dags/mfg_pipeline.py
[2025-12-16T23:32:32.297+0000] {processor.py:830} INFO - Processing file /opt/airflow/dags/mfg_pipeline.py for tasks to queue
[2025-12-16T23:32:32.300+0000] {logging_mixin.py:188} INFO - [2025-12-16T23:32:32.299+0000] {dagbag.py:540} INFO - Filling up the DagBag from /opt/airflow/dags/mfg_pipeline.py
[2025-12-16T23:32:32.323+0000] {processor.py:840} INFO - DAG(s) 'mfg_accelerator_pipeline' retrieved from /opt/airflow/dags/mfg_pipeline.py
[2025-12-16T23:32:32.358+0000] {logging_mixin.py:188} INFO - [2025-12-16T23:32:32.358+0000] {dag.py:3096} INFO - Sync 1 DAGs
[2025-12-16T23:32:32.374+0000] {logging_mixin.py:188} INFO - [2025-12-16T23:32:32.374+0000] {dag.py:3954} INFO - Setting next_dagrun for mfg_accelerator_pipeline to None, run_after=None
[2025-12-16T23:32:32.402+0000] {processor.py:183} INFO - Processing /opt/airflow/dags/mfg_pipeline.py took 0.113 seconds
[2025-12-16T23:33:02.801+0000] {processor.py:161} INFO - Started process (PID=1548) to work on /opt/airflow/dags/mfg_pipeline.py
[2025-12-16T23:33:02.803+0000] {processor.py:830} INFO - Processing file /opt/airflow/dags/mfg_pipeline.py for tasks to queue
[2025-12-16T23:33:02.806+0000] {logging_mixin.py:188} INFO - [2025-12-16T23:33:02.805+0000] {dagbag.py:540} INFO - Filling up the DagBag from /opt/airflow/dags/mfg_pipeline.py
[2025-12-16T23:33:02.836+0000] {processor.py:840} INFO - DAG(s) 'mfg_accelerator_pipeline' retrieved from /opt/airflow/dags/mfg_pipeline.py
[2025-12-16T23:33:02.877+0000] {logging_mixin.py:188} INFO - [2025-12-16T23:33:02.877+0000] {dag.py:3096} INFO - Sync 1 DAGs
[2025-12-16T23:33:02.897+0000] {logging_mixin.py:188} INFO - [2025-12-16T23:33:02.896+0000] {dag.py:3954} INFO - Setting next_dagrun for mfg_accelerator_pipeline to None, run_after=None
[2025-12-16T23:33:02.931+0000] {processor.py:183} INFO - Processing /opt/airflow/dags/mfg_pipeline.py took 0.141 seconds
[2025-12-16T23:33:33.315+0000] {processor.py:161} INFO - Started process (PID=1570) to work on /opt/airflow/dags/mfg_pipeline.py
[2025-12-16T23:33:33.316+0000] {processor.py:830} INFO - Processing file /opt/airflow/dags/mfg_pipeline.py for tasks to queue
[2025-12-16T23:33:33.318+0000] {logging_mixin.py:188} INFO - [2025-12-16T23:33:33.318+0000] {dagbag.py:540} INFO - Filling up the DagBag from /opt/airflow/dags/mfg_pipeline.py
[2025-12-16T23:33:33.346+0000] {processor.py:840} INFO - DAG(s) 'mfg_accelerator_pipeline' retrieved from /opt/airflow/dags/mfg_pipeline.py
[2025-12-16T23:33:33.380+0000] {logging_mixin.py:188} INFO - [2025-12-16T23:33:33.380+0000] {dag.py:3096} INFO - Sync 1 DAGs
[2025-12-16T23:33:33.396+0000] {logging_mixin.py:188} INFO - [2025-12-16T23:33:33.396+0000] {dag.py:3954} INFO - Setting next_dagrun for mfg_accelerator_pipeline to None, run_after=None
[2025-12-16T23:33:33.425+0000] {processor.py:183} INFO - Processing /opt/airflow/dags/mfg_pipeline.py took 0.118 seconds
[2025-12-16T23:34:03.677+0000] {processor.py:161} INFO - Started process (PID=1592) to work on /opt/airflow/dags/mfg_pipeline.py
[2025-12-16T23:34:03.679+0000] {processor.py:830} INFO - Processing file /opt/airflow/dags/mfg_pipeline.py for tasks to queue
[2025-12-16T23:34:03.682+0000] {logging_mixin.py:188} INFO - [2025-12-16T23:34:03.681+0000] {dagbag.py:540} INFO - Filling up the DagBag from /opt/airflow/dags/mfg_pipeline.py
[2025-12-16T23:34:03.706+0000] {processor.py:840} INFO - DAG(s) 'mfg_accelerator_pipeline' retrieved from /opt/airflow/dags/mfg_pipeline.py
[2025-12-16T23:34:03.739+0000] {logging_mixin.py:188} INFO - [2025-12-16T23:34:03.739+0000] {dag.py:3096} INFO - Sync 1 DAGs
[2025-12-16T23:34:03.754+0000] {logging_mixin.py:188} INFO - [2025-12-16T23:34:03.754+0000] {dag.py:3954} INFO - Setting next_dagrun for mfg_accelerator_pipeline to None, run_after=None
[2025-12-16T23:34:03.784+0000] {processor.py:183} INFO - Processing /opt/airflow/dags/mfg_pipeline.py took 0.121 seconds
[2025-12-16T23:34:33.941+0000] {processor.py:161} INFO - Started process (PID=1614) to work on /opt/airflow/dags/mfg_pipeline.py
[2025-12-16T23:34:33.942+0000] {processor.py:830} INFO - Processing file /opt/airflow/dags/mfg_pipeline.py for tasks to queue
[2025-12-16T23:34:33.944+0000] {logging_mixin.py:188} INFO - [2025-12-16T23:34:33.944+0000] {dagbag.py:540} INFO - Filling up the DagBag from /opt/airflow/dags/mfg_pipeline.py
[2025-12-16T23:34:33.969+0000] {processor.py:840} INFO - DAG(s) 'mfg_accelerator_pipeline' retrieved from /opt/airflow/dags/mfg_pipeline.py
[2025-12-16T23:34:34.004+0000] {logging_mixin.py:188} INFO - [2025-12-16T23:34:34.004+0000] {dag.py:3096} INFO - Sync 1 DAGs
[2025-12-16T23:34:34.020+0000] {logging_mixin.py:188} INFO - [2025-12-16T23:34:34.019+0000] {dag.py:3954} INFO - Setting next_dagrun for mfg_accelerator_pipeline to None, run_after=None
[2025-12-16T23:34:34.046+0000] {processor.py:183} INFO - Processing /opt/airflow/dags/mfg_pipeline.py took 0.113 seconds
[2025-12-16T23:35:04.259+0000] {processor.py:161} INFO - Started process (PID=1636) to work on /opt/airflow/dags/mfg_pipeline.py
[2025-12-16T23:35:04.260+0000] {processor.py:830} INFO - Processing file /opt/airflow/dags/mfg_pipeline.py for tasks to queue
[2025-12-16T23:35:04.265+0000] {logging_mixin.py:188} INFO - [2025-12-16T23:35:04.264+0000] {dagbag.py:540} INFO - Filling up the DagBag from /opt/airflow/dags/mfg_pipeline.py
[2025-12-16T23:35:04.303+0000] {processor.py:840} INFO - DAG(s) 'mfg_accelerator_pipeline' retrieved from /opt/airflow/dags/mfg_pipeline.py
[2025-12-16T23:35:04.339+0000] {logging_mixin.py:188} INFO - [2025-12-16T23:35:04.339+0000] {dag.py:3096} INFO - Sync 1 DAGs
[2025-12-16T23:35:04.357+0000] {logging_mixin.py:188} INFO - [2025-12-16T23:35:04.356+0000] {dag.py:3954} INFO - Setting next_dagrun for mfg_accelerator_pipeline to None, run_after=None
[2025-12-16T23:35:04.384+0000] {processor.py:183} INFO - Processing /opt/airflow/dags/mfg_pipeline.py took 0.137 seconds
[2025-12-16T23:35:34.736+0000] {processor.py:161} INFO - Started process (PID=1658) to work on /opt/airflow/dags/mfg_pipeline.py
[2025-12-16T23:35:34.738+0000] {processor.py:830} INFO - Processing file /opt/airflow/dags/mfg_pipeline.py for tasks to queue
[2025-12-16T23:35:34.741+0000] {logging_mixin.py:188} INFO - [2025-12-16T23:35:34.740+0000] {dagbag.py:540} INFO - Filling up the DagBag from /opt/airflow/dags/mfg_pipeline.py
[2025-12-16T23:35:34.771+0000] {processor.py:840} INFO - DAG(s) 'mfg_accelerator_pipeline' retrieved from /opt/airflow/dags/mfg_pipeline.py
[2025-12-16T23:35:34.808+0000] {logging_mixin.py:188} INFO - [2025-12-16T23:35:34.808+0000] {dag.py:3096} INFO - Sync 1 DAGs
[2025-12-16T23:35:34.831+0000] {logging_mixin.py:188} INFO - [2025-12-16T23:35:34.830+0000] {dag.py:3954} INFO - Setting next_dagrun for mfg_accelerator_pipeline to None, run_after=None
[2025-12-16T23:35:34.861+0000] {processor.py:183} INFO - Processing /opt/airflow/dags/mfg_pipeline.py took 0.133 seconds
[2025-12-16T23:36:05.038+0000] {processor.py:161} INFO - Started process (PID=1680) to work on /opt/airflow/dags/mfg_pipeline.py
[2025-12-16T23:36:05.040+0000] {processor.py:830} INFO - Processing file /opt/airflow/dags/mfg_pipeline.py for tasks to queue
[2025-12-16T23:36:05.042+0000] {logging_mixin.py:188} INFO - [2025-12-16T23:36:05.042+0000] {dagbag.py:540} INFO - Filling up the DagBag from /opt/airflow/dags/mfg_pipeline.py
[2025-12-16T23:36:05.067+0000] {processor.py:840} INFO - DAG(s) 'mfg_accelerator_pipeline' retrieved from /opt/airflow/dags/mfg_pipeline.py
[2025-12-16T23:36:05.102+0000] {logging_mixin.py:188} INFO - [2025-12-16T23:36:05.102+0000] {dag.py:3096} INFO - Sync 1 DAGs
[2025-12-16T23:36:05.120+0000] {logging_mixin.py:188} INFO - [2025-12-16T23:36:05.119+0000] {dag.py:3954} INFO - Setting next_dagrun for mfg_accelerator_pipeline to None, run_after=None
[2025-12-16T23:36:05.148+0000] {processor.py:183} INFO - Processing /opt/airflow/dags/mfg_pipeline.py took 0.117 seconds
[2025-12-16T23:36:35.461+0000] {processor.py:161} INFO - Started process (PID=1702) to work on /opt/airflow/dags/mfg_pipeline.py
[2025-12-16T23:36:35.462+0000] {processor.py:830} INFO - Processing file /opt/airflow/dags/mfg_pipeline.py for tasks to queue
[2025-12-16T23:36:35.464+0000] {logging_mixin.py:188} INFO - [2025-12-16T23:36:35.464+0000] {dagbag.py:540} INFO - Filling up the DagBag from /opt/airflow/dags/mfg_pipeline.py
[2025-12-16T23:36:35.487+0000] {processor.py:840} INFO - DAG(s) 'mfg_accelerator_pipeline' retrieved from /opt/airflow/dags/mfg_pipeline.py
[2025-12-16T23:36:35.522+0000] {logging_mixin.py:188} INFO - [2025-12-16T23:36:35.521+0000] {dag.py:3096} INFO - Sync 1 DAGs
[2025-12-16T23:36:35.538+0000] {logging_mixin.py:188} INFO - [2025-12-16T23:36:35.537+0000] {dag.py:3954} INFO - Setting next_dagrun for mfg_accelerator_pipeline to None, run_after=None
[2025-12-16T23:36:35.566+0000] {processor.py:183} INFO - Processing /opt/airflow/dags/mfg_pipeline.py took 0.113 seconds
[2025-12-16T23:37:05.993+0000] {processor.py:161} INFO - Started process (PID=1724) to work on /opt/airflow/dags/mfg_pipeline.py
[2025-12-16T23:37:05.994+0000] {processor.py:830} INFO - Processing file /opt/airflow/dags/mfg_pipeline.py for tasks to queue
[2025-12-16T23:37:05.997+0000] {logging_mixin.py:188} INFO - [2025-12-16T23:37:05.996+0000] {dagbag.py:540} INFO - Filling up the DagBag from /opt/airflow/dags/mfg_pipeline.py
[2025-12-16T23:37:06.029+0000] {processor.py:840} INFO - DAG(s) 'mfg_accelerator_pipeline' retrieved from /opt/airflow/dags/mfg_pipeline.py
[2025-12-16T23:37:06.055+0000] {logging_mixin.py:188} INFO - [2025-12-16T23:37:06.055+0000] {dag.py:3096} INFO - Sync 1 DAGs
[2025-12-16T23:37:06.079+0000] {logging_mixin.py:188} INFO - [2025-12-16T23:37:06.078+0000] {dag.py:3954} INFO - Setting next_dagrun for mfg_accelerator_pipeline to None, run_after=None
[2025-12-16T23:37:06.106+0000] {processor.py:183} INFO - Processing /opt/airflow/dags/mfg_pipeline.py took 0.128 seconds
[2025-12-16T23:37:36.269+0000] {processor.py:161} INFO - Started process (PID=1746) to work on /opt/airflow/dags/mfg_pipeline.py
[2025-12-16T23:37:36.271+0000] {processor.py:830} INFO - Processing file /opt/airflow/dags/mfg_pipeline.py for tasks to queue
[2025-12-16T23:37:36.274+0000] {logging_mixin.py:188} INFO - [2025-12-16T23:37:36.273+0000] {dagbag.py:540} INFO - Filling up the DagBag from /opt/airflow/dags/mfg_pipeline.py
[2025-12-16T23:37:36.301+0000] {processor.py:840} INFO - DAG(s) 'mfg_accelerator_pipeline' retrieved from /opt/airflow/dags/mfg_pipeline.py
[2025-12-16T23:37:36.338+0000] {logging_mixin.py:188} INFO - [2025-12-16T23:37:36.338+0000] {dag.py:3096} INFO - Sync 1 DAGs
[2025-12-16T23:37:36.357+0000] {logging_mixin.py:188} INFO - [2025-12-16T23:37:36.357+0000] {dag.py:3954} INFO - Setting next_dagrun for mfg_accelerator_pipeline to None, run_after=None
[2025-12-16T23:37:36.387+0000] {processor.py:183} INFO - Processing /opt/airflow/dags/mfg_pipeline.py took 0.126 seconds
[2025-12-16T23:38:06.560+0000] {processor.py:161} INFO - Started process (PID=1768) to work on /opt/airflow/dags/mfg_pipeline.py
[2025-12-16T23:38:06.561+0000] {processor.py:830} INFO - Processing file /opt/airflow/dags/mfg_pipeline.py for tasks to queue
[2025-12-16T23:38:06.564+0000] {logging_mixin.py:188} INFO - [2025-12-16T23:38:06.564+0000] {dagbag.py:540} INFO - Filling up the DagBag from /opt/airflow/dags/mfg_pipeline.py
[2025-12-16T23:38:06.590+0000] {processor.py:840} INFO - DAG(s) 'mfg_accelerator_pipeline' retrieved from /opt/airflow/dags/mfg_pipeline.py
[2025-12-16T23:38:06.627+0000] {logging_mixin.py:188} INFO - [2025-12-16T23:38:06.627+0000] {dag.py:3096} INFO - Sync 1 DAGs
[2025-12-16T23:38:06.643+0000] {logging_mixin.py:188} INFO - [2025-12-16T23:38:06.643+0000] {dag.py:3954} INFO - Setting next_dagrun for mfg_accelerator_pipeline to None, run_after=None
[2025-12-16T23:38:06.671+0000] {processor.py:183} INFO - Processing /opt/airflow/dags/mfg_pipeline.py took 0.119 seconds
[2025-12-16T23:38:36.759+0000] {processor.py:161} INFO - Started process (PID=1790) to work on /opt/airflow/dags/mfg_pipeline.py
[2025-12-16T23:38:36.761+0000] {processor.py:830} INFO - Processing file /opt/airflow/dags/mfg_pipeline.py for tasks to queue
[2025-12-16T23:38:36.763+0000] {logging_mixin.py:188} INFO - [2025-12-16T23:38:36.763+0000] {dagbag.py:540} INFO - Filling up the DagBag from /opt/airflow/dags/mfg_pipeline.py
[2025-12-16T23:38:36.788+0000] {processor.py:840} INFO - DAG(s) 'mfg_accelerator_pipeline' retrieved from /opt/airflow/dags/mfg_pipeline.py
[2025-12-16T23:38:36.821+0000] {logging_mixin.py:188} INFO - [2025-12-16T23:38:36.821+0000] {dag.py:3096} INFO - Sync 1 DAGs
[2025-12-16T23:38:36.837+0000] {logging_mixin.py:188} INFO - [2025-12-16T23:38:36.837+0000] {dag.py:3954} INFO - Setting next_dagrun for mfg_accelerator_pipeline to None, run_after=None
[2025-12-16T23:38:36.864+0000] {processor.py:183} INFO - Processing /opt/airflow/dags/mfg_pipeline.py took 0.114 seconds
[2025-12-16T23:39:06.999+0000] {processor.py:161} INFO - Started process (PID=1812) to work on /opt/airflow/dags/mfg_pipeline.py
[2025-12-16T23:39:07.001+0000] {processor.py:830} INFO - Processing file /opt/airflow/dags/mfg_pipeline.py for tasks to queue
[2025-12-16T23:39:07.004+0000] {logging_mixin.py:188} INFO - [2025-12-16T23:39:07.004+0000] {dagbag.py:540} INFO - Filling up the DagBag from /opt/airflow/dags/mfg_pipeline.py
[2025-12-16T23:39:07.047+0000] {processor.py:840} INFO - DAG(s) 'mfg_accelerator_pipeline' retrieved from /opt/airflow/dags/mfg_pipeline.py
[2025-12-16T23:39:07.095+0000] {logging_mixin.py:188} INFO - [2025-12-16T23:39:07.095+0000] {dag.py:3096} INFO - Sync 1 DAGs
[2025-12-16T23:39:07.118+0000] {logging_mixin.py:188} INFO - [2025-12-16T23:39:07.118+0000] {dag.py:3954} INFO - Setting next_dagrun for mfg_accelerator_pipeline to None, run_after=None
[2025-12-16T23:39:07.148+0000] {processor.py:183} INFO - Processing /opt/airflow/dags/mfg_pipeline.py took 0.161 seconds
[2025-12-16T23:39:37.495+0000] {processor.py:161} INFO - Started process (PID=1834) to work on /opt/airflow/dags/mfg_pipeline.py
[2025-12-16T23:39:37.496+0000] {processor.py:830} INFO - Processing file /opt/airflow/dags/mfg_pipeline.py for tasks to queue
[2025-12-16T23:39:37.499+0000] {logging_mixin.py:188} INFO - [2025-12-16T23:39:37.498+0000] {dagbag.py:540} INFO - Filling up the DagBag from /opt/airflow/dags/mfg_pipeline.py
[2025-12-16T23:39:37.522+0000] {processor.py:840} INFO - DAG(s) 'mfg_accelerator_pipeline' retrieved from /opt/airflow/dags/mfg_pipeline.py
[2025-12-16T23:39:37.561+0000] {logging_mixin.py:188} INFO - [2025-12-16T23:39:37.561+0000] {dag.py:3096} INFO - Sync 1 DAGs
[2025-12-16T23:39:37.583+0000] {logging_mixin.py:188} INFO - [2025-12-16T23:39:37.582+0000] {dag.py:3954} INFO - Setting next_dagrun for mfg_accelerator_pipeline to None, run_after=None
[2025-12-16T23:39:37.607+0000] {processor.py:183} INFO - Processing /opt/airflow/dags/mfg_pipeline.py took 0.123 seconds
[2025-12-16T23:40:07.726+0000] {processor.py:161} INFO - Started process (PID=1856) to work on /opt/airflow/dags/mfg_pipeline.py
[2025-12-16T23:40:07.728+0000] {processor.py:830} INFO - Processing file /opt/airflow/dags/mfg_pipeline.py for tasks to queue
[2025-12-16T23:40:07.730+0000] {logging_mixin.py:188} INFO - [2025-12-16T23:40:07.730+0000] {dagbag.py:540} INFO - Filling up the DagBag from /opt/airflow/dags/mfg_pipeline.py
[2025-12-16T23:40:07.754+0000] {processor.py:840} INFO - DAG(s) 'mfg_accelerator_pipeline' retrieved from /opt/airflow/dags/mfg_pipeline.py
[2025-12-16T23:40:07.789+0000] {logging_mixin.py:188} INFO - [2025-12-16T23:40:07.789+0000] {dag.py:3096} INFO - Sync 1 DAGs
[2025-12-16T23:40:07.805+0000] {logging_mixin.py:188} INFO - [2025-12-16T23:40:07.805+0000] {dag.py:3954} INFO - Setting next_dagrun for mfg_accelerator_pipeline to None, run_after=None
[2025-12-16T23:40:07.836+0000] {processor.py:183} INFO - Processing /opt/airflow/dags/mfg_pipeline.py took 0.118 seconds
[2025-12-16T23:40:38.059+0000] {processor.py:161} INFO - Started process (PID=1878) to work on /opt/airflow/dags/mfg_pipeline.py
[2025-12-16T23:40:38.061+0000] {processor.py:830} INFO - Processing file /opt/airflow/dags/mfg_pipeline.py for tasks to queue
[2025-12-16T23:40:38.064+0000] {logging_mixin.py:188} INFO - [2025-12-16T23:40:38.064+0000] {dagbag.py:540} INFO - Filling up the DagBag from /opt/airflow/dags/mfg_pipeline.py
[2025-12-16T23:40:38.091+0000] {processor.py:840} INFO - DAG(s) 'mfg_accelerator_pipeline' retrieved from /opt/airflow/dags/mfg_pipeline.py
[2025-12-16T23:40:38.127+0000] {logging_mixin.py:188} INFO - [2025-12-16T23:40:38.126+0000] {dag.py:3096} INFO - Sync 1 DAGs
[2025-12-16T23:40:38.144+0000] {logging_mixin.py:188} INFO - [2025-12-16T23:40:38.144+0000] {dag.py:3954} INFO - Setting next_dagrun for mfg_accelerator_pipeline to None, run_after=None
[2025-12-16T23:40:38.174+0000] {processor.py:183} INFO - Processing /opt/airflow/dags/mfg_pipeline.py took 0.123 seconds
[2025-12-16T23:41:08.436+0000] {processor.py:161} INFO - Started process (PID=1900) to work on /opt/airflow/dags/mfg_pipeline.py
[2025-12-16T23:41:08.438+0000] {processor.py:830} INFO - Processing file /opt/airflow/dags/mfg_pipeline.py for tasks to queue
[2025-12-16T23:41:08.440+0000] {logging_mixin.py:188} INFO - [2025-12-16T23:41:08.440+0000] {dagbag.py:540} INFO - Filling up the DagBag from /opt/airflow/dags/mfg_pipeline.py
[2025-12-16T23:41:08.466+0000] {processor.py:840} INFO - DAG(s) 'mfg_accelerator_pipeline' retrieved from /opt/airflow/dags/mfg_pipeline.py
[2025-12-16T23:41:08.502+0000] {logging_mixin.py:188} INFO - [2025-12-16T23:41:08.501+0000] {dag.py:3096} INFO - Sync 1 DAGs
[2025-12-16T23:41:08.521+0000] {logging_mixin.py:188} INFO - [2025-12-16T23:41:08.520+0000] {dag.py:3954} INFO - Setting next_dagrun for mfg_accelerator_pipeline to None, run_after=None
[2025-12-16T23:41:08.550+0000] {processor.py:183} INFO - Processing /opt/airflow/dags/mfg_pipeline.py took 0.123 seconds
[2025-12-16T23:41:38.961+0000] {processor.py:161} INFO - Started process (PID=1922) to work on /opt/airflow/dags/mfg_pipeline.py
[2025-12-16T23:41:38.962+0000] {processor.py:830} INFO - Processing file /opt/airflow/dags/mfg_pipeline.py for tasks to queue
[2025-12-16T23:41:38.966+0000] {logging_mixin.py:188} INFO - [2025-12-16T23:41:38.965+0000] {dagbag.py:540} INFO - Filling up the DagBag from /opt/airflow/dags/mfg_pipeline.py
[2025-12-16T23:41:38.991+0000] {processor.py:840} INFO - DAG(s) 'mfg_accelerator_pipeline' retrieved from /opt/airflow/dags/mfg_pipeline.py
[2025-12-16T23:41:39.025+0000] {logging_mixin.py:188} INFO - [2025-12-16T23:41:39.025+0000] {dag.py:3096} INFO - Sync 1 DAGs
[2025-12-16T23:41:39.044+0000] {logging_mixin.py:188} INFO - [2025-12-16T23:41:39.043+0000] {dag.py:3954} INFO - Setting next_dagrun for mfg_accelerator_pipeline to None, run_after=None
[2025-12-16T23:41:39.074+0000] {processor.py:183} INFO - Processing /opt/airflow/dags/mfg_pipeline.py took 0.121 seconds
[2025-12-16T23:42:09.255+0000] {processor.py:161} INFO - Started process (PID=1944) to work on /opt/airflow/dags/mfg_pipeline.py
[2025-12-16T23:42:09.256+0000] {processor.py:830} INFO - Processing file /opt/airflow/dags/mfg_pipeline.py for tasks to queue
[2025-12-16T23:42:09.260+0000] {logging_mixin.py:188} INFO - [2025-12-16T23:42:09.260+0000] {dagbag.py:540} INFO - Filling up the DagBag from /opt/airflow/dags/mfg_pipeline.py
[2025-12-16T23:42:09.286+0000] {processor.py:840} INFO - DAG(s) 'mfg_accelerator_pipeline' retrieved from /opt/airflow/dags/mfg_pipeline.py
[2025-12-16T23:42:09.320+0000] {logging_mixin.py:188} INFO - [2025-12-16T23:42:09.320+0000] {dag.py:3096} INFO - Sync 1 DAGs
[2025-12-16T23:42:09.339+0000] {logging_mixin.py:188} INFO - [2025-12-16T23:42:09.339+0000] {dag.py:3954} INFO - Setting next_dagrun for mfg_accelerator_pipeline to None, run_after=None
[2025-12-16T23:42:09.369+0000] {processor.py:183} INFO - Processing /opt/airflow/dags/mfg_pipeline.py took 0.122 seconds
[2025-12-16T23:42:39.624+0000] {processor.py:161} INFO - Started process (PID=1966) to work on /opt/airflow/dags/mfg_pipeline.py
[2025-12-16T23:42:39.626+0000] {processor.py:830} INFO - Processing file /opt/airflow/dags/mfg_pipeline.py for tasks to queue
[2025-12-16T23:42:39.629+0000] {logging_mixin.py:188} INFO - [2025-12-16T23:42:39.628+0000] {dagbag.py:540} INFO - Filling up the DagBag from /opt/airflow/dags/mfg_pipeline.py
[2025-12-16T23:42:39.658+0000] {processor.py:840} INFO - DAG(s) 'mfg_accelerator_pipeline' retrieved from /opt/airflow/dags/mfg_pipeline.py
[2025-12-16T23:42:39.694+0000] {logging_mixin.py:188} INFO - [2025-12-16T23:42:39.693+0000] {dag.py:3096} INFO - Sync 1 DAGs
[2025-12-16T23:42:39.712+0000] {logging_mixin.py:188} INFO - [2025-12-16T23:42:39.711+0000] {dag.py:3954} INFO - Setting next_dagrun for mfg_accelerator_pipeline to None, run_after=None
[2025-12-16T23:42:39.739+0000] {processor.py:183} INFO - Processing /opt/airflow/dags/mfg_pipeline.py took 0.123 seconds
[2025-12-16T23:43:09.928+0000] {processor.py:161} INFO - Started process (PID=1988) to work on /opt/airflow/dags/mfg_pipeline.py
[2025-12-16T23:43:09.930+0000] {processor.py:830} INFO - Processing file /opt/airflow/dags/mfg_pipeline.py for tasks to queue
[2025-12-16T23:43:09.933+0000] {logging_mixin.py:188} INFO - [2025-12-16T23:43:09.932+0000] {dagbag.py:540} INFO - Filling up the DagBag from /opt/airflow/dags/mfg_pipeline.py
[2025-12-16T23:43:09.959+0000] {processor.py:840} INFO - DAG(s) 'mfg_accelerator_pipeline' retrieved from /opt/airflow/dags/mfg_pipeline.py
[2025-12-16T23:43:09.993+0000] {logging_mixin.py:188} INFO - [2025-12-16T23:43:09.993+0000] {dag.py:3096} INFO - Sync 1 DAGs
[2025-12-16T23:43:10.010+0000] {logging_mixin.py:188} INFO - [2025-12-16T23:43:10.010+0000] {dag.py:3954} INFO - Setting next_dagrun for mfg_accelerator_pipeline to None, run_after=None
[2025-12-16T23:43:10.040+0000] {processor.py:183} INFO - Processing /opt/airflow/dags/mfg_pipeline.py took 0.119 seconds
[2025-12-16T23:43:40.602+0000] {processor.py:161} INFO - Started process (PID=2010) to work on /opt/airflow/dags/mfg_pipeline.py
[2025-12-16T23:43:40.603+0000] {processor.py:830} INFO - Processing file /opt/airflow/dags/mfg_pipeline.py for tasks to queue
[2025-12-16T23:43:40.606+0000] {logging_mixin.py:188} INFO - [2025-12-16T23:43:40.605+0000] {dagbag.py:540} INFO - Filling up the DagBag from /opt/airflow/dags/mfg_pipeline.py
[2025-12-16T23:43:40.634+0000] {processor.py:840} INFO - DAG(s) 'mfg_accelerator_pipeline' retrieved from /opt/airflow/dags/mfg_pipeline.py
[2025-12-16T23:43:40.673+0000] {logging_mixin.py:188} INFO - [2025-12-16T23:43:40.673+0000] {dag.py:3096} INFO - Sync 1 DAGs
[2025-12-16T23:43:40.693+0000] {logging_mixin.py:188} INFO - [2025-12-16T23:43:40.693+0000] {dag.py:3954} INFO - Setting next_dagrun for mfg_accelerator_pipeline to None, run_after=None
[2025-12-16T23:43:40.724+0000] {processor.py:183} INFO - Processing /opt/airflow/dags/mfg_pipeline.py took 0.131 seconds
[2025-12-16T23:44:11.073+0000] {processor.py:161} INFO - Started process (PID=2025) to work on /opt/airflow/dags/mfg_pipeline.py
[2025-12-16T23:44:11.074+0000] {processor.py:830} INFO - Processing file /opt/airflow/dags/mfg_pipeline.py for tasks to queue
[2025-12-16T23:44:11.077+0000] {logging_mixin.py:188} INFO - [2025-12-16T23:44:11.076+0000] {dagbag.py:540} INFO - Filling up the DagBag from /opt/airflow/dags/mfg_pipeline.py
[2025-12-16T23:44:11.105+0000] {processor.py:840} INFO - DAG(s) 'mfg_accelerator_pipeline' retrieved from /opt/airflow/dags/mfg_pipeline.py
[2025-12-16T23:44:11.145+0000] {logging_mixin.py:188} INFO - [2025-12-16T23:44:11.145+0000] {dag.py:3096} INFO - Sync 1 DAGs
[2025-12-16T23:44:11.165+0000] {logging_mixin.py:188} INFO - [2025-12-16T23:44:11.164+0000] {dag.py:3954} INFO - Setting next_dagrun for mfg_accelerator_pipeline to None, run_after=None
[2025-12-16T23:44:11.194+0000] {processor.py:183} INFO - Processing /opt/airflow/dags/mfg_pipeline.py took 0.129 seconds
[2025-12-16T23:44:41.625+0000] {processor.py:161} INFO - Started process (PID=2047) to work on /opt/airflow/dags/mfg_pipeline.py
[2025-12-16T23:44:41.626+0000] {processor.py:830} INFO - Processing file /opt/airflow/dags/mfg_pipeline.py for tasks to queue
[2025-12-16T23:44:41.629+0000] {logging_mixin.py:188} INFO - [2025-12-16T23:44:41.629+0000] {dagbag.py:540} INFO - Filling up the DagBag from /opt/airflow/dags/mfg_pipeline.py
[2025-12-16T23:44:41.656+0000] {processor.py:840} INFO - DAG(s) 'mfg_accelerator_pipeline' retrieved from /opt/airflow/dags/mfg_pipeline.py
[2025-12-16T23:44:41.691+0000] {logging_mixin.py:188} INFO - [2025-12-16T23:44:41.690+0000] {dag.py:3096} INFO - Sync 1 DAGs
[2025-12-16T23:44:41.712+0000] {logging_mixin.py:188} INFO - [2025-12-16T23:44:41.711+0000] {dag.py:3954} INFO - Setting next_dagrun for mfg_accelerator_pipeline to None, run_after=None
[2025-12-16T23:44:41.743+0000] {processor.py:183} INFO - Processing /opt/airflow/dags/mfg_pipeline.py took 0.125 seconds
[2025-12-16T23:45:12.020+0000] {processor.py:161} INFO - Started process (PID=2069) to work on /opt/airflow/dags/mfg_pipeline.py
[2025-12-16T23:45:12.022+0000] {processor.py:830} INFO - Processing file /opt/airflow/dags/mfg_pipeline.py for tasks to queue
[2025-12-16T23:45:12.025+0000] {logging_mixin.py:188} INFO - [2025-12-16T23:45:12.024+0000] {dagbag.py:540} INFO - Filling up the DagBag from /opt/airflow/dags/mfg_pipeline.py
[2025-12-16T23:45:12.062+0000] {processor.py:840} INFO - DAG(s) 'mfg_accelerator_pipeline' retrieved from /opt/airflow/dags/mfg_pipeline.py
[2025-12-16T23:45:12.131+0000] {logging_mixin.py:188} INFO - [2025-12-16T23:45:12.130+0000] {dag.py:3096} INFO - Sync 1 DAGs
[2025-12-16T23:45:12.167+0000] {logging_mixin.py:188} INFO - [2025-12-16T23:45:12.166+0000] {dag.py:3954} INFO - Setting next_dagrun for mfg_accelerator_pipeline to None, run_after=None
[2025-12-16T23:45:12.198+0000] {processor.py:183} INFO - Processing /opt/airflow/dags/mfg_pipeline.py took 0.188 seconds
[2025-12-16T23:45:42.411+0000] {processor.py:161} INFO - Started process (PID=2091) to work on /opt/airflow/dags/mfg_pipeline.py
[2025-12-16T23:45:42.412+0000] {processor.py:830} INFO - Processing file /opt/airflow/dags/mfg_pipeline.py for tasks to queue
[2025-12-16T23:45:42.415+0000] {logging_mixin.py:188} INFO - [2025-12-16T23:45:42.415+0000] {dagbag.py:540} INFO - Filling up the DagBag from /opt/airflow/dags/mfg_pipeline.py
[2025-12-16T23:45:42.441+0000] {processor.py:840} INFO - DAG(s) 'mfg_accelerator_pipeline' retrieved from /opt/airflow/dags/mfg_pipeline.py
[2025-12-16T23:45:42.479+0000] {logging_mixin.py:188} INFO - [2025-12-16T23:45:42.478+0000] {dag.py:3096} INFO - Sync 1 DAGs
[2025-12-16T23:45:42.500+0000] {logging_mixin.py:188} INFO - [2025-12-16T23:45:42.500+0000] {dag.py:3954} INFO - Setting next_dagrun for mfg_accelerator_pipeline to None, run_after=None
[2025-12-16T23:45:42.532+0000] {processor.py:183} INFO - Processing /opt/airflow/dags/mfg_pipeline.py took 0.129 seconds
[2025-12-16T23:46:12.698+0000] {processor.py:161} INFO - Started process (PID=2113) to work on /opt/airflow/dags/mfg_pipeline.py
[2025-12-16T23:46:12.699+0000] {processor.py:830} INFO - Processing file /opt/airflow/dags/mfg_pipeline.py for tasks to queue
[2025-12-16T23:46:12.703+0000] {logging_mixin.py:188} INFO - [2025-12-16T23:46:12.702+0000] {dagbag.py:540} INFO - Filling up the DagBag from /opt/airflow/dags/mfg_pipeline.py
[2025-12-16T23:46:12.729+0000] {processor.py:840} INFO - DAG(s) 'mfg_accelerator_pipeline' retrieved from /opt/airflow/dags/mfg_pipeline.py
[2025-12-16T23:46:12.769+0000] {logging_mixin.py:188} INFO - [2025-12-16T23:46:12.768+0000] {dag.py:3096} INFO - Sync 1 DAGs
[2025-12-16T23:46:12.788+0000] {logging_mixin.py:188} INFO - [2025-12-16T23:46:12.788+0000] {dag.py:3954} INFO - Setting next_dagrun for mfg_accelerator_pipeline to None, run_after=None
[2025-12-16T23:46:12.815+0000] {processor.py:183} INFO - Processing /opt/airflow/dags/mfg_pipeline.py took 0.125 seconds
[2025-12-16T23:46:43.001+0000] {processor.py:161} INFO - Started process (PID=2135) to work on /opt/airflow/dags/mfg_pipeline.py
[2025-12-16T23:46:43.003+0000] {processor.py:830} INFO - Processing file /opt/airflow/dags/mfg_pipeline.py for tasks to queue
[2025-12-16T23:46:43.007+0000] {logging_mixin.py:188} INFO - [2025-12-16T23:46:43.007+0000] {dagbag.py:540} INFO - Filling up the DagBag from /opt/airflow/dags/mfg_pipeline.py
[2025-12-16T23:46:43.033+0000] {processor.py:840} INFO - DAG(s) 'mfg_accelerator_pipeline' retrieved from /opt/airflow/dags/mfg_pipeline.py
[2025-12-16T23:46:43.073+0000] {logging_mixin.py:188} INFO - [2025-12-16T23:46:43.072+0000] {dag.py:3096} INFO - Sync 1 DAGs
[2025-12-16T23:46:43.095+0000] {logging_mixin.py:188} INFO - [2025-12-16T23:46:43.094+0000] {dag.py:3954} INFO - Setting next_dagrun for mfg_accelerator_pipeline to None, run_after=None
[2025-12-16T23:46:43.127+0000] {processor.py:183} INFO - Processing /opt/airflow/dags/mfg_pipeline.py took 0.135 seconds
[2025-12-16T23:47:13.345+0000] {processor.py:161} INFO - Started process (PID=2157) to work on /opt/airflow/dags/mfg_pipeline.py
[2025-12-16T23:47:13.346+0000] {processor.py:830} INFO - Processing file /opt/airflow/dags/mfg_pipeline.py for tasks to queue
[2025-12-16T23:47:13.350+0000] {logging_mixin.py:188} INFO - [2025-12-16T23:47:13.349+0000] {dagbag.py:540} INFO - Filling up the DagBag from /opt/airflow/dags/mfg_pipeline.py
[2025-12-16T23:47:13.375+0000] {processor.py:840} INFO - DAG(s) 'mfg_accelerator_pipeline' retrieved from /opt/airflow/dags/mfg_pipeline.py
[2025-12-16T23:47:13.413+0000] {logging_mixin.py:188} INFO - [2025-12-16T23:47:13.413+0000] {dag.py:3096} INFO - Sync 1 DAGs
[2025-12-16T23:47:13.432+0000] {logging_mixin.py:188} INFO - [2025-12-16T23:47:13.432+0000] {dag.py:3954} INFO - Setting next_dagrun for mfg_accelerator_pipeline to None, run_after=None
[2025-12-16T23:47:13.462+0000] {processor.py:183} INFO - Processing /opt/airflow/dags/mfg_pipeline.py took 0.125 seconds
[2025-12-16T23:47:43.660+0000] {processor.py:161} INFO - Started process (PID=2179) to work on /opt/airflow/dags/mfg_pipeline.py
[2025-12-16T23:47:43.661+0000] {processor.py:830} INFO - Processing file /opt/airflow/dags/mfg_pipeline.py for tasks to queue
[2025-12-16T23:47:43.664+0000] {logging_mixin.py:188} INFO - [2025-12-16T23:47:43.663+0000] {dagbag.py:540} INFO - Filling up the DagBag from /opt/airflow/dags/mfg_pipeline.py
[2025-12-16T23:47:43.689+0000] {processor.py:840} INFO - DAG(s) 'mfg_accelerator_pipeline' retrieved from /opt/airflow/dags/mfg_pipeline.py
[2025-12-16T23:47:43.727+0000] {logging_mixin.py:188} INFO - [2025-12-16T23:47:43.727+0000] {dag.py:3096} INFO - Sync 1 DAGs
[2025-12-16T23:47:43.752+0000] {logging_mixin.py:188} INFO - [2025-12-16T23:47:43.752+0000] {dag.py:3954} INFO - Setting next_dagrun for mfg_accelerator_pipeline to None, run_after=None
[2025-12-16T23:47:43.781+0000] {processor.py:183} INFO - Processing /opt/airflow/dags/mfg_pipeline.py took 0.130 seconds
[2025-12-16T23:48:13.972+0000] {processor.py:161} INFO - Started process (PID=2201) to work on /opt/airflow/dags/mfg_pipeline.py
[2025-12-16T23:48:13.973+0000] {processor.py:830} INFO - Processing file /opt/airflow/dags/mfg_pipeline.py for tasks to queue
[2025-12-16T23:48:13.975+0000] {logging_mixin.py:188} INFO - [2025-12-16T23:48:13.975+0000] {dagbag.py:540} INFO - Filling up the DagBag from /opt/airflow/dags/mfg_pipeline.py
[2025-12-16T23:48:14.003+0000] {processor.py:840} INFO - DAG(s) 'mfg_accelerator_pipeline' retrieved from /opt/airflow/dags/mfg_pipeline.py
[2025-12-16T23:48:14.037+0000] {logging_mixin.py:188} INFO - [2025-12-16T23:48:14.037+0000] {dag.py:3096} INFO - Sync 1 DAGs
[2025-12-16T23:48:14.055+0000] {logging_mixin.py:188} INFO - [2025-12-16T23:48:14.055+0000] {dag.py:3954} INFO - Setting next_dagrun for mfg_accelerator_pipeline to None, run_after=None
[2025-12-16T23:48:14.085+0000] {processor.py:183} INFO - Processing /opt/airflow/dags/mfg_pipeline.py took 0.122 seconds
[2025-12-16T23:48:44.550+0000] {processor.py:161} INFO - Started process (PID=2223) to work on /opt/airflow/dags/mfg_pipeline.py
[2025-12-16T23:48:44.552+0000] {processor.py:830} INFO - Processing file /opt/airflow/dags/mfg_pipeline.py for tasks to queue
[2025-12-16T23:48:44.558+0000] {logging_mixin.py:188} INFO - [2025-12-16T23:48:44.557+0000] {dagbag.py:540} INFO - Filling up the DagBag from /opt/airflow/dags/mfg_pipeline.py
[2025-12-16T23:48:44.591+0000] {processor.py:840} INFO - DAG(s) 'mfg_accelerator_pipeline' retrieved from /opt/airflow/dags/mfg_pipeline.py
[2025-12-16T23:48:44.629+0000] {logging_mixin.py:188} INFO - [2025-12-16T23:48:44.628+0000] {dag.py:3096} INFO - Sync 1 DAGs
[2025-12-16T23:48:44.656+0000] {logging_mixin.py:188} INFO - [2025-12-16T23:48:44.655+0000] {dag.py:3954} INFO - Setting next_dagrun for mfg_accelerator_pipeline to None, run_after=None
[2025-12-16T23:48:44.694+0000] {processor.py:183} INFO - Processing /opt/airflow/dags/mfg_pipeline.py took 0.156 seconds
[2025-12-16T23:49:15.093+0000] {processor.py:161} INFO - Started process (PID=2245) to work on /opt/airflow/dags/mfg_pipeline.py
[2025-12-16T23:49:15.095+0000] {processor.py:830} INFO - Processing file /opt/airflow/dags/mfg_pipeline.py for tasks to queue
[2025-12-16T23:49:15.098+0000] {logging_mixin.py:188} INFO - [2025-12-16T23:49:15.097+0000] {dagbag.py:540} INFO - Filling up the DagBag from /opt/airflow/dags/mfg_pipeline.py
[2025-12-16T23:49:15.125+0000] {processor.py:840} INFO - DAG(s) 'mfg_accelerator_pipeline' retrieved from /opt/airflow/dags/mfg_pipeline.py
[2025-12-16T23:49:15.166+0000] {logging_mixin.py:188} INFO - [2025-12-16T23:49:15.166+0000] {dag.py:3096} INFO - Sync 1 DAGs
[2025-12-16T23:49:15.191+0000] {logging_mixin.py:188} INFO - [2025-12-16T23:49:15.190+0000] {dag.py:3954} INFO - Setting next_dagrun for mfg_accelerator_pipeline to None, run_after=None
[2025-12-16T23:49:15.229+0000] {processor.py:183} INFO - Processing /opt/airflow/dags/mfg_pipeline.py took 0.144 seconds
[2025-12-16T23:49:45.633+0000] {processor.py:161} INFO - Started process (PID=2267) to work on /opt/airflow/dags/mfg_pipeline.py
[2025-12-16T23:49:45.635+0000] {processor.py:830} INFO - Processing file /opt/airflow/dags/mfg_pipeline.py for tasks to queue
[2025-12-16T23:49:45.638+0000] {logging_mixin.py:188} INFO - [2025-12-16T23:49:45.638+0000] {dagbag.py:540} INFO - Filling up the DagBag from /opt/airflow/dags/mfg_pipeline.py
[2025-12-16T23:49:45.673+0000] {processor.py:840} INFO - DAG(s) 'mfg_accelerator_pipeline' retrieved from /opt/airflow/dags/mfg_pipeline.py
[2025-12-16T23:49:45.713+0000] {logging_mixin.py:188} INFO - [2025-12-16T23:49:45.712+0000] {dag.py:3096} INFO - Sync 1 DAGs
[2025-12-16T23:49:45.732+0000] {logging_mixin.py:188} INFO - [2025-12-16T23:49:45.732+0000] {dag.py:3954} INFO - Setting next_dagrun for mfg_accelerator_pipeline to None, run_after=None
[2025-12-16T23:49:45.764+0000] {processor.py:183} INFO - Processing /opt/airflow/dags/mfg_pipeline.py took 0.141 seconds
[2025-12-16T23:50:16.225+0000] {processor.py:161} INFO - Started process (PID=2289) to work on /opt/airflow/dags/mfg_pipeline.py
[2025-12-16T23:50:16.227+0000] {processor.py:830} INFO - Processing file /opt/airflow/dags/mfg_pipeline.py for tasks to queue
[2025-12-16T23:50:16.230+0000] {logging_mixin.py:188} INFO - [2025-12-16T23:50:16.229+0000] {dagbag.py:540} INFO - Filling up the DagBag from /opt/airflow/dags/mfg_pipeline.py
[2025-12-16T23:50:16.260+0000] {processor.py:840} INFO - DAG(s) 'mfg_accelerator_pipeline' retrieved from /opt/airflow/dags/mfg_pipeline.py
[2025-12-16T23:50:16.298+0000] {logging_mixin.py:188} INFO - [2025-12-16T23:50:16.297+0000] {dag.py:3096} INFO - Sync 1 DAGs
[2025-12-16T23:50:16.318+0000] {logging_mixin.py:188} INFO - [2025-12-16T23:50:16.318+0000] {dag.py:3954} INFO - Setting next_dagrun for mfg_accelerator_pipeline to None, run_after=None
[2025-12-16T23:50:16.360+0000] {processor.py:183} INFO - Processing /opt/airflow/dags/mfg_pipeline.py took 0.143 seconds
[2025-12-16T23:50:46.825+0000] {processor.py:161} INFO - Started process (PID=2311) to work on /opt/airflow/dags/mfg_pipeline.py
[2025-12-16T23:50:46.827+0000] {processor.py:830} INFO - Processing file /opt/airflow/dags/mfg_pipeline.py for tasks to queue
[2025-12-16T23:50:46.829+0000] {logging_mixin.py:188} INFO - [2025-12-16T23:50:46.829+0000] {dagbag.py:540} INFO - Filling up the DagBag from /opt/airflow/dags/mfg_pipeline.py
[2025-12-16T23:50:46.858+0000] {processor.py:840} INFO - DAG(s) 'mfg_accelerator_pipeline' retrieved from /opt/airflow/dags/mfg_pipeline.py
[2025-12-16T23:50:46.897+0000] {logging_mixin.py:188} INFO - [2025-12-16T23:50:46.896+0000] {dag.py:3096} INFO - Sync 1 DAGs
[2025-12-16T23:50:46.919+0000] {logging_mixin.py:188} INFO - [2025-12-16T23:50:46.918+0000] {dag.py:3954} INFO - Setting next_dagrun for mfg_accelerator_pipeline to None, run_after=None
[2025-12-16T23:50:46.953+0000] {processor.py:183} INFO - Processing /opt/airflow/dags/mfg_pipeline.py took 0.136 seconds
[2025-12-16T23:51:17.355+0000] {processor.py:161} INFO - Started process (PID=2333) to work on /opt/airflow/dags/mfg_pipeline.py
[2025-12-16T23:51:17.357+0000] {processor.py:830} INFO - Processing file /opt/airflow/dags/mfg_pipeline.py for tasks to queue
[2025-12-16T23:51:17.361+0000] {logging_mixin.py:188} INFO - [2025-12-16T23:51:17.359+0000] {dagbag.py:540} INFO - Filling up the DagBag from /opt/airflow/dags/mfg_pipeline.py
[2025-12-16T23:51:17.396+0000] {processor.py:840} INFO - DAG(s) 'mfg_accelerator_pipeline' retrieved from /opt/airflow/dags/mfg_pipeline.py
[2025-12-16T23:51:17.453+0000] {logging_mixin.py:188} INFO - [2025-12-16T23:51:17.451+0000] {dag.py:3096} INFO - Sync 1 DAGs
[2025-12-16T23:51:17.490+0000] {logging_mixin.py:188} INFO - [2025-12-16T23:51:17.489+0000] {dag.py:3954} INFO - Setting next_dagrun for mfg_accelerator_pipeline to None, run_after=None
[2025-12-16T23:51:17.538+0000] {processor.py:183} INFO - Processing /opt/airflow/dags/mfg_pipeline.py took 0.194 seconds
[2025-12-16T23:51:47.998+0000] {processor.py:161} INFO - Started process (PID=2355) to work on /opt/airflow/dags/mfg_pipeline.py
[2025-12-16T23:51:47.999+0000] {processor.py:830} INFO - Processing file /opt/airflow/dags/mfg_pipeline.py for tasks to queue
[2025-12-16T23:51:48.002+0000] {logging_mixin.py:188} INFO - [2025-12-16T23:51:48.002+0000] {dagbag.py:540} INFO - Filling up the DagBag from /opt/airflow/dags/mfg_pipeline.py
[2025-12-16T23:51:48.032+0000] {processor.py:840} INFO - DAG(s) 'mfg_accelerator_pipeline' retrieved from /opt/airflow/dags/mfg_pipeline.py
[2025-12-16T23:51:48.068+0000] {logging_mixin.py:188} INFO - [2025-12-16T23:51:48.067+0000] {dag.py:3096} INFO - Sync 1 DAGs
[2025-12-16T23:51:48.087+0000] {logging_mixin.py:188} INFO - [2025-12-16T23:51:48.087+0000] {dag.py:3954} INFO - Setting next_dagrun for mfg_accelerator_pipeline to None, run_after=None
[2025-12-16T23:51:48.125+0000] {processor.py:183} INFO - Processing /opt/airflow/dags/mfg_pipeline.py took 0.136 seconds
[2025-12-16T23:52:18.661+0000] {processor.py:161} INFO - Started process (PID=2377) to work on /opt/airflow/dags/mfg_pipeline.py
[2025-12-16T23:52:18.663+0000] {processor.py:830} INFO - Processing file /opt/airflow/dags/mfg_pipeline.py for tasks to queue
[2025-12-16T23:52:18.667+0000] {logging_mixin.py:188} INFO - [2025-12-16T23:52:18.665+0000] {dagbag.py:540} INFO - Filling up the DagBag from /opt/airflow/dags/mfg_pipeline.py
[2025-12-16T23:52:18.702+0000] {processor.py:840} INFO - DAG(s) 'mfg_accelerator_pipeline' retrieved from /opt/airflow/dags/mfg_pipeline.py
[2025-12-16T23:52:18.758+0000] {logging_mixin.py:188} INFO - [2025-12-16T23:52:18.758+0000] {dag.py:3096} INFO - Sync 1 DAGs
[2025-12-16T23:52:18.790+0000] {logging_mixin.py:188} INFO - [2025-12-16T23:52:18.790+0000] {dag.py:3954} INFO - Setting next_dagrun for mfg_accelerator_pipeline to None, run_after=None
[2025-12-16T23:52:18.833+0000] {processor.py:183} INFO - Processing /opt/airflow/dags/mfg_pipeline.py took 0.186 seconds
[2025-12-16T23:52:49.289+0000] {processor.py:161} INFO - Started process (PID=2399) to work on /opt/airflow/dags/mfg_pipeline.py
[2025-12-16T23:52:49.291+0000] {processor.py:830} INFO - Processing file /opt/airflow/dags/mfg_pipeline.py for tasks to queue
[2025-12-16T23:52:49.295+0000] {logging_mixin.py:188} INFO - [2025-12-16T23:52:49.294+0000] {dagbag.py:540} INFO - Filling up the DagBag from /opt/airflow/dags/mfg_pipeline.py
[2025-12-16T23:52:49.326+0000] {processor.py:840} INFO - DAG(s) 'mfg_accelerator_pipeline' retrieved from /opt/airflow/dags/mfg_pipeline.py
[2025-12-16T23:52:49.368+0000] {logging_mixin.py:188} INFO - [2025-12-16T23:52:49.368+0000] {dag.py:3096} INFO - Sync 1 DAGs
[2025-12-16T23:52:49.387+0000] {logging_mixin.py:188} INFO - [2025-12-16T23:52:49.387+0000] {dag.py:3954} INFO - Setting next_dagrun for mfg_accelerator_pipeline to None, run_after=None
[2025-12-16T23:52:49.421+0000] {processor.py:183} INFO - Processing /opt/airflow/dags/mfg_pipeline.py took 0.143 seconds
[2025-12-16T23:53:19.821+0000] {processor.py:161} INFO - Started process (PID=2421) to work on /opt/airflow/dags/mfg_pipeline.py
[2025-12-16T23:53:19.822+0000] {processor.py:830} INFO - Processing file /opt/airflow/dags/mfg_pipeline.py for tasks to queue
[2025-12-16T23:53:19.825+0000] {logging_mixin.py:188} INFO - [2025-12-16T23:53:19.824+0000] {dagbag.py:540} INFO - Filling up the DagBag from /opt/airflow/dags/mfg_pipeline.py
[2025-12-16T23:53:19.854+0000] {processor.py:840} INFO - DAG(s) 'mfg_accelerator_pipeline' retrieved from /opt/airflow/dags/mfg_pipeline.py
[2025-12-16T23:53:19.895+0000] {logging_mixin.py:188} INFO - [2025-12-16T23:53:19.895+0000] {dag.py:3096} INFO - Sync 1 DAGs
[2025-12-16T23:53:19.916+0000] {logging_mixin.py:188} INFO - [2025-12-16T23:53:19.916+0000] {dag.py:3954} INFO - Setting next_dagrun for mfg_accelerator_pipeline to None, run_after=None
[2025-12-16T23:53:19.952+0000] {processor.py:183} INFO - Processing /opt/airflow/dags/mfg_pipeline.py took 0.140 seconds
[2025-12-16T23:53:50.087+0000] {processor.py:161} INFO - Started process (PID=2443) to work on /opt/airflow/dags/mfg_pipeline.py
[2025-12-16T23:53:50.089+0000] {processor.py:830} INFO - Processing file /opt/airflow/dags/mfg_pipeline.py for tasks to queue
[2025-12-16T23:53:50.093+0000] {logging_mixin.py:188} INFO - [2025-12-16T23:53:50.093+0000] {dagbag.py:540} INFO - Filling up the DagBag from /opt/airflow/dags/mfg_pipeline.py
[2025-12-16T23:53:50.124+0000] {processor.py:840} INFO - DAG(s) 'mfg_accelerator_pipeline' retrieved from /opt/airflow/dags/mfg_pipeline.py
[2025-12-16T23:53:50.157+0000] {logging_mixin.py:188} INFO - [2025-12-16T23:53:50.157+0000] {dag.py:3096} INFO - Sync 1 DAGs
[2025-12-16T23:53:50.174+0000] {logging_mixin.py:188} INFO - [2025-12-16T23:53:50.174+0000] {dag.py:3954} INFO - Setting next_dagrun for mfg_accelerator_pipeline to None, run_after=None
[2025-12-16T23:53:50.204+0000] {processor.py:183} INFO - Processing /opt/airflow/dags/mfg_pipeline.py took 0.125 seconds
[2025-12-16T23:54:20.484+0000] {processor.py:161} INFO - Started process (PID=2465) to work on /opt/airflow/dags/mfg_pipeline.py
[2025-12-16T23:54:20.486+0000] {processor.py:830} INFO - Processing file /opt/airflow/dags/mfg_pipeline.py for tasks to queue
[2025-12-16T23:54:20.489+0000] {logging_mixin.py:188} INFO - [2025-12-16T23:54:20.488+0000] {dagbag.py:540} INFO - Filling up the DagBag from /opt/airflow/dags/mfg_pipeline.py
[2025-12-16T23:54:20.514+0000] {processor.py:840} INFO - DAG(s) 'mfg_accelerator_pipeline' retrieved from /opt/airflow/dags/mfg_pipeline.py
[2025-12-16T23:54:20.547+0000] {logging_mixin.py:188} INFO - [2025-12-16T23:54:20.547+0000] {dag.py:3096} INFO - Sync 1 DAGs
[2025-12-16T23:54:20.563+0000] {logging_mixin.py:188} INFO - [2025-12-16T23:54:20.563+0000] {dag.py:3954} INFO - Setting next_dagrun for mfg_accelerator_pipeline to None, run_after=None
[2025-12-16T23:54:20.591+0000] {processor.py:183} INFO - Processing /opt/airflow/dags/mfg_pipeline.py took 0.115 seconds
[2025-12-16T23:54:50.656+0000] {processor.py:161} INFO - Started process (PID=2484) to work on /opt/airflow/dags/mfg_pipeline.py
[2025-12-16T23:54:50.658+0000] {processor.py:830} INFO - Processing file /opt/airflow/dags/mfg_pipeline.py for tasks to queue
[2025-12-16T23:54:50.660+0000] {logging_mixin.py:188} INFO - [2025-12-16T23:54:50.660+0000] {dagbag.py:540} INFO - Filling up the DagBag from /opt/airflow/dags/mfg_pipeline.py
[2025-12-16T23:54:50.700+0000] {processor.py:840} INFO - DAG(s) 'mfg_accelerator_pipeline' retrieved from /opt/airflow/dags/mfg_pipeline.py
[2025-12-16T23:54:50.735+0000] {logging_mixin.py:188} INFO - [2025-12-16T23:54:50.734+0000] {dag.py:3096} INFO - Sync 1 DAGs
[2025-12-16T23:54:50.753+0000] {logging_mixin.py:188} INFO - [2025-12-16T23:54:50.753+0000] {dag.py:3954} INFO - Setting next_dagrun for mfg_accelerator_pipeline to None, run_after=None
[2025-12-16T23:54:50.783+0000] {processor.py:183} INFO - Processing /opt/airflow/dags/mfg_pipeline.py took 0.134 seconds
[2025-12-16T23:55:20.948+0000] {processor.py:161} INFO - Started process (PID=2506) to work on /opt/airflow/dags/mfg_pipeline.py
[2025-12-16T23:55:20.949+0000] {processor.py:830} INFO - Processing file /opt/airflow/dags/mfg_pipeline.py for tasks to queue
[2025-12-16T23:55:20.952+0000] {logging_mixin.py:188} INFO - [2025-12-16T23:55:20.951+0000] {dagbag.py:540} INFO - Filling up the DagBag from /opt/airflow/dags/mfg_pipeline.py
[2025-12-16T23:55:20.977+0000] {processor.py:840} INFO - DAG(s) 'mfg_accelerator_pipeline' retrieved from /opt/airflow/dags/mfg_pipeline.py
[2025-12-16T23:55:21.006+0000] {logging_mixin.py:188} INFO - [2025-12-16T23:55:21.005+0000] {dag.py:3096} INFO - Sync 1 DAGs
[2025-12-16T23:55:21.019+0000] {logging_mixin.py:188} INFO - [2025-12-16T23:55:21.019+0000] {dag.py:3954} INFO - Setting next_dagrun for mfg_accelerator_pipeline to None, run_after=None
[2025-12-16T23:55:21.043+0000] {processor.py:183} INFO - Processing /opt/airflow/dags/mfg_pipeline.py took 0.102 seconds
