[2025-12-16T23:12:10.080+0000] {processor.py:161} INFO - Started process (PID=219) to work on /opt/airflow/dags/mfg_raw_ingestion_dag.py
[2025-12-16T23:12:10.083+0000] {processor.py:830} INFO - Processing file /opt/airflow/dags/mfg_raw_ingestion_dag.py for tasks to queue
[2025-12-16T23:12:10.087+0000] {logging_mixin.py:188} INFO - [2025-12-16T23:12:10.087+0000] {dagbag.py:540} INFO - Filling up the DagBag from /opt/airflow/dags/mfg_raw_ingestion_dag.py
[2025-12-16T23:12:10.181+0000] {processor.py:840} INFO - DAG(s) 'mfg_raw_ingestion_dag' retrieved from /opt/airflow/dags/mfg_raw_ingestion_dag.py
[2025-12-16T23:12:10.421+0000] {logging_mixin.py:188} INFO - [2025-12-16T23:12:10.419+0000] {override.py:1829} INFO - Created Permission View: can edit on DAG:mfg_raw_ingestion_dag
[2025-12-16T23:12:10.446+0000] {logging_mixin.py:188} INFO - [2025-12-16T23:12:10.446+0000] {override.py:1829} INFO - Created Permission View: can delete on DAG:mfg_raw_ingestion_dag
[2025-12-16T23:12:10.460+0000] {logging_mixin.py:188} INFO - [2025-12-16T23:12:10.459+0000] {override.py:1829} INFO - Created Permission View: can read on DAG:mfg_raw_ingestion_dag
[2025-12-16T23:12:10.461+0000] {logging_mixin.py:188} INFO - [2025-12-16T23:12:10.461+0000] {dag.py:3096} INFO - Sync 1 DAGs
[2025-12-16T23:12:10.483+0000] {logging_mixin.py:188} INFO - [2025-12-16T23:12:10.483+0000] {dag.py:3118} INFO - Creating ORM DAG for mfg_raw_ingestion_dag
[2025-12-16T23:12:10.508+0000] {logging_mixin.py:188} INFO - [2025-12-16T23:12:10.508+0000] {dag.py:3954} INFO - Setting next_dagrun for mfg_raw_ingestion_dag to 2025-12-15 04:00:00+00:00, run_after=2025-12-16 04:00:00+00:00
[2025-12-16T23:12:10.553+0000] {processor.py:183} INFO - Processing /opt/airflow/dags/mfg_raw_ingestion_dag.py took 0.488 seconds
[2025-12-16T23:12:41.144+0000] {processor.py:161} INFO - Started process (PID=236) to work on /opt/airflow/dags/mfg_raw_ingestion_dag.py
[2025-12-16T23:12:41.145+0000] {processor.py:830} INFO - Processing file /opt/airflow/dags/mfg_raw_ingestion_dag.py for tasks to queue
[2025-12-16T23:12:41.148+0000] {logging_mixin.py:188} INFO - [2025-12-16T23:12:41.148+0000] {dagbag.py:540} INFO - Filling up the DagBag from /opt/airflow/dags/mfg_raw_ingestion_dag.py
[2025-12-16T23:12:41.184+0000] {processor.py:840} INFO - DAG(s) 'mfg_raw_ingestion_dag' retrieved from /opt/airflow/dags/mfg_raw_ingestion_dag.py
[2025-12-16T23:12:41.219+0000] {logging_mixin.py:188} INFO - [2025-12-16T23:12:41.219+0000] {dag.py:3096} INFO - Sync 1 DAGs
[2025-12-16T23:12:41.254+0000] {logging_mixin.py:188} INFO - [2025-12-16T23:12:41.254+0000] {dag.py:3954} INFO - Setting next_dagrun for mfg_raw_ingestion_dag to 2025-12-15 04:00:00+00:00, run_after=2025-12-16 04:00:00+00:00
[2025-12-16T23:12:41.290+0000] {processor.py:183} INFO - Processing /opt/airflow/dags/mfg_raw_ingestion_dag.py took 0.154 seconds
[2025-12-16T23:13:12.033+0000] {processor.py:161} INFO - Started process (PID=258) to work on /opt/airflow/dags/mfg_raw_ingestion_dag.py
[2025-12-16T23:13:12.035+0000] {processor.py:830} INFO - Processing file /opt/airflow/dags/mfg_raw_ingestion_dag.py for tasks to queue
[2025-12-16T23:13:12.038+0000] {logging_mixin.py:188} INFO - [2025-12-16T23:13:12.037+0000] {dagbag.py:540} INFO - Filling up the DagBag from /opt/airflow/dags/mfg_raw_ingestion_dag.py
[2025-12-16T23:13:12.089+0000] {processor.py:840} INFO - DAG(s) 'mfg_raw_ingestion_dag' retrieved from /opt/airflow/dags/mfg_raw_ingestion_dag.py
[2025-12-16T23:13:12.129+0000] {logging_mixin.py:188} INFO - [2025-12-16T23:13:12.129+0000] {dag.py:3096} INFO - Sync 1 DAGs
[2025-12-16T23:13:12.176+0000] {logging_mixin.py:188} INFO - [2025-12-16T23:13:12.175+0000] {dag.py:3954} INFO - Setting next_dagrun for mfg_raw_ingestion_dag to 2025-12-15 04:00:00+00:00, run_after=2025-12-16 04:00:00+00:00
[2025-12-16T23:13:12.209+0000] {processor.py:183} INFO - Processing /opt/airflow/dags/mfg_raw_ingestion_dag.py took 0.186 seconds
[2025-12-16T23:13:42.644+0000] {processor.py:161} INFO - Started process (PID=306) to work on /opt/airflow/dags/mfg_raw_ingestion_dag.py
[2025-12-16T23:13:42.645+0000] {processor.py:830} INFO - Processing file /opt/airflow/dags/mfg_raw_ingestion_dag.py for tasks to queue
[2025-12-16T23:13:42.648+0000] {logging_mixin.py:188} INFO - [2025-12-16T23:13:42.647+0000] {dagbag.py:540} INFO - Filling up the DagBag from /opt/airflow/dags/mfg_raw_ingestion_dag.py
[2025-12-16T23:13:42.678+0000] {processor.py:840} INFO - DAG(s) 'mfg_raw_ingestion_dag' retrieved from /opt/airflow/dags/mfg_raw_ingestion_dag.py
[2025-12-16T23:13:42.707+0000] {logging_mixin.py:188} INFO - [2025-12-16T23:13:42.707+0000] {dag.py:3096} INFO - Sync 1 DAGs
[2025-12-16T23:13:42.751+0000] {processor.py:183} INFO - Processing /opt/airflow/dags/mfg_raw_ingestion_dag.py took 0.113 seconds
[2025-12-16T23:14:13.338+0000] {processor.py:161} INFO - Started process (PID=364) to work on /opt/airflow/dags/mfg_raw_ingestion_dag.py
[2025-12-16T23:14:13.339+0000] {processor.py:830} INFO - Processing file /opt/airflow/dags/mfg_raw_ingestion_dag.py for tasks to queue
[2025-12-16T23:14:13.342+0000] {logging_mixin.py:188} INFO - [2025-12-16T23:14:13.341+0000] {dagbag.py:540} INFO - Filling up the DagBag from /opt/airflow/dags/mfg_raw_ingestion_dag.py
[2025-12-16T23:14:13.381+0000] {processor.py:840} INFO - DAG(s) 'mfg_raw_ingestion_dag' retrieved from /opt/airflow/dags/mfg_raw_ingestion_dag.py
[2025-12-16T23:14:13.422+0000] {logging_mixin.py:188} INFO - [2025-12-16T23:14:13.421+0000] {dag.py:3096} INFO - Sync 1 DAGs
[2025-12-16T23:14:13.486+0000] {processor.py:183} INFO - Processing /opt/airflow/dags/mfg_raw_ingestion_dag.py took 0.153 seconds
[2025-12-16T23:14:44.162+0000] {processor.py:161} INFO - Started process (PID=427) to work on /opt/airflow/dags/mfg_raw_ingestion_dag.py
[2025-12-16T23:14:44.163+0000] {processor.py:830} INFO - Processing file /opt/airflow/dags/mfg_raw_ingestion_dag.py for tasks to queue
[2025-12-16T23:14:44.167+0000] {logging_mixin.py:188} INFO - [2025-12-16T23:14:44.166+0000] {dagbag.py:540} INFO - Filling up the DagBag from /opt/airflow/dags/mfg_raw_ingestion_dag.py
[2025-12-16T23:14:44.208+0000] {processor.py:840} INFO - DAG(s) 'mfg_raw_ingestion_dag' retrieved from /opt/airflow/dags/mfg_raw_ingestion_dag.py
[2025-12-16T23:14:44.245+0000] {logging_mixin.py:188} INFO - [2025-12-16T23:14:44.245+0000] {dag.py:3096} INFO - Sync 1 DAGs
[2025-12-16T23:14:44.311+0000] {processor.py:183} INFO - Processing /opt/airflow/dags/mfg_raw_ingestion_dag.py took 0.156 seconds
[2025-12-16T23:15:14.863+0000] {processor.py:161} INFO - Started process (PID=487) to work on /opt/airflow/dags/mfg_raw_ingestion_dag.py
[2025-12-16T23:15:14.865+0000] {processor.py:830} INFO - Processing file /opt/airflow/dags/mfg_raw_ingestion_dag.py for tasks to queue
[2025-12-16T23:15:14.869+0000] {logging_mixin.py:188} INFO - [2025-12-16T23:15:14.868+0000] {dagbag.py:540} INFO - Filling up the DagBag from /opt/airflow/dags/mfg_raw_ingestion_dag.py
[2025-12-16T23:15:14.913+0000] {processor.py:840} INFO - DAG(s) 'mfg_raw_ingestion_dag' retrieved from /opt/airflow/dags/mfg_raw_ingestion_dag.py
[2025-12-16T23:15:14.955+0000] {logging_mixin.py:188} INFO - [2025-12-16T23:15:14.954+0000] {dag.py:3096} INFO - Sync 1 DAGs
[2025-12-16T23:15:15.039+0000] {processor.py:183} INFO - Processing /opt/airflow/dags/mfg_raw_ingestion_dag.py took 0.185 seconds
[2025-12-16T23:15:45.678+0000] {processor.py:161} INFO - Started process (PID=571) to work on /opt/airflow/dags/mfg_raw_ingestion_dag.py
[2025-12-16T23:15:45.679+0000] {processor.py:830} INFO - Processing file /opt/airflow/dags/mfg_raw_ingestion_dag.py for tasks to queue
[2025-12-16T23:15:45.682+0000] {logging_mixin.py:188} INFO - [2025-12-16T23:15:45.682+0000] {dagbag.py:540} INFO - Filling up the DagBag from /opt/airflow/dags/mfg_raw_ingestion_dag.py
[2025-12-16T23:15:45.716+0000] {processor.py:840} INFO - DAG(s) 'mfg_raw_ingestion_dag' retrieved from /opt/airflow/dags/mfg_raw_ingestion_dag.py
[2025-12-16T23:15:45.751+0000] {logging_mixin.py:188} INFO - [2025-12-16T23:15:45.751+0000] {dag.py:3096} INFO - Sync 1 DAGs
[2025-12-16T23:15:45.784+0000] {logging_mixin.py:188} INFO - [2025-12-16T23:15:45.784+0000] {dag.py:3954} INFO - Setting next_dagrun for mfg_raw_ingestion_dag to 2025-12-16 04:00:00+00:00, run_after=2025-12-17 04:00:00+00:00
[2025-12-16T23:15:45.813+0000] {processor.py:183} INFO - Processing /opt/airflow/dags/mfg_raw_ingestion_dag.py took 0.143 seconds
[2025-12-16T23:16:16.341+0000] {processor.py:161} INFO - Started process (PID=636) to work on /opt/airflow/dags/mfg_raw_ingestion_dag.py
[2025-12-16T23:16:16.342+0000] {processor.py:830} INFO - Processing file /opt/airflow/dags/mfg_raw_ingestion_dag.py for tasks to queue
[2025-12-16T23:16:16.346+0000] {logging_mixin.py:188} INFO - [2025-12-16T23:16:16.345+0000] {dagbag.py:540} INFO - Filling up the DagBag from /opt/airflow/dags/mfg_raw_ingestion_dag.py
[2025-12-16T23:16:16.393+0000] {processor.py:840} INFO - DAG(s) 'mfg_raw_ingestion_dag' retrieved from /opt/airflow/dags/mfg_raw_ingestion_dag.py
[2025-12-16T23:16:16.435+0000] {logging_mixin.py:188} INFO - [2025-12-16T23:16:16.434+0000] {dag.py:3096} INFO - Sync 1 DAGs
[2025-12-16T23:16:16.472+0000] {logging_mixin.py:188} INFO - [2025-12-16T23:16:16.472+0000] {dag.py:3954} INFO - Setting next_dagrun for mfg_raw_ingestion_dag to 2025-12-16 04:00:00+00:00, run_after=2025-12-17 04:00:00+00:00
[2025-12-16T23:16:16.504+0000] {processor.py:183} INFO - Processing /opt/airflow/dags/mfg_raw_ingestion_dag.py took 0.173 seconds
[2025-12-16T23:16:46.921+0000] {processor.py:161} INFO - Started process (PID=702) to work on /opt/airflow/dags/mfg_raw_ingestion_dag.py
[2025-12-16T23:16:46.923+0000] {processor.py:830} INFO - Processing file /opt/airflow/dags/mfg_raw_ingestion_dag.py for tasks to queue
[2025-12-16T23:16:46.927+0000] {logging_mixin.py:188} INFO - [2025-12-16T23:16:46.926+0000] {dagbag.py:540} INFO - Filling up the DagBag from /opt/airflow/dags/mfg_raw_ingestion_dag.py
[2025-12-16T23:16:46.965+0000] {processor.py:840} INFO - DAG(s) 'mfg_raw_ingestion_dag' retrieved from /opt/airflow/dags/mfg_raw_ingestion_dag.py
[2025-12-16T23:16:47.004+0000] {logging_mixin.py:188} INFO - [2025-12-16T23:16:47.003+0000] {dag.py:3096} INFO - Sync 1 DAGs
[2025-12-16T23:16:47.042+0000] {logging_mixin.py:188} INFO - [2025-12-16T23:16:47.042+0000] {dag.py:3954} INFO - Setting next_dagrun for mfg_raw_ingestion_dag to 2025-12-16 04:00:00+00:00, run_after=2025-12-17 04:00:00+00:00
[2025-12-16T23:16:47.085+0000] {processor.py:183} INFO - Processing /opt/airflow/dags/mfg_raw_ingestion_dag.py took 0.172 seconds
[2025-12-16T23:17:17.933+0000] {processor.py:161} INFO - Started process (PID=806) to work on /opt/airflow/dags/mfg_raw_ingestion_dag.py
[2025-12-16T23:17:17.937+0000] {processor.py:830} INFO - Processing file /opt/airflow/dags/mfg_raw_ingestion_dag.py for tasks to queue
[2025-12-16T23:17:17.942+0000] {logging_mixin.py:188} INFO - [2025-12-16T23:17:17.941+0000] {dagbag.py:540} INFO - Filling up the DagBag from /opt/airflow/dags/mfg_raw_ingestion_dag.py
[2025-12-16T23:17:17.992+0000] {processor.py:840} INFO - DAG(s) 'mfg_raw_ingestion_dag' retrieved from /opt/airflow/dags/mfg_raw_ingestion_dag.py
[2025-12-16T23:17:18.043+0000] {logging_mixin.py:188} INFO - [2025-12-16T23:17:18.043+0000] {dag.py:3096} INFO - Sync 1 DAGs
[2025-12-16T23:17:18.088+0000] {logging_mixin.py:188} INFO - [2025-12-16T23:17:18.088+0000] {dag.py:3954} INFO - Setting next_dagrun for mfg_raw_ingestion_dag to 2025-12-16 04:00:00+00:00, run_after=2025-12-17 04:00:00+00:00
[2025-12-16T23:17:18.125+0000] {processor.py:183} INFO - Processing /opt/airflow/dags/mfg_raw_ingestion_dag.py took 0.207 seconds
[2025-12-16T23:17:48.449+0000] {processor.py:161} INFO - Started process (PID=902) to work on /opt/airflow/dags/mfg_raw_ingestion_dag.py
[2025-12-16T23:17:48.451+0000] {processor.py:830} INFO - Processing file /opt/airflow/dags/mfg_raw_ingestion_dag.py for tasks to queue
[2025-12-16T23:17:48.453+0000] {logging_mixin.py:188} INFO - [2025-12-16T23:17:48.453+0000] {dagbag.py:540} INFO - Filling up the DagBag from /opt/airflow/dags/mfg_raw_ingestion_dag.py
[2025-12-16T23:17:48.489+0000] {processor.py:840} INFO - DAG(s) 'mfg_raw_ingestion_dag' retrieved from /opt/airflow/dags/mfg_raw_ingestion_dag.py
[2025-12-16T23:17:48.523+0000] {logging_mixin.py:188} INFO - [2025-12-16T23:17:48.523+0000] {dag.py:3096} INFO - Sync 1 DAGs
[2025-12-16T23:17:48.559+0000] {logging_mixin.py:188} INFO - [2025-12-16T23:17:48.558+0000] {dag.py:3954} INFO - Setting next_dagrun for mfg_raw_ingestion_dag to 2025-12-16 04:00:00+00:00, run_after=2025-12-17 04:00:00+00:00
[2025-12-16T23:17:48.586+0000] {processor.py:183} INFO - Processing /opt/airflow/dags/mfg_raw_ingestion_dag.py took 0.144 seconds
[2025-12-16T23:18:18.983+0000] {processor.py:161} INFO - Started process (PID=924) to work on /opt/airflow/dags/mfg_raw_ingestion_dag.py
[2025-12-16T23:18:18.985+0000] {processor.py:830} INFO - Processing file /opt/airflow/dags/mfg_raw_ingestion_dag.py for tasks to queue
[2025-12-16T23:18:18.988+0000] {logging_mixin.py:188} INFO - [2025-12-16T23:18:18.987+0000] {dagbag.py:540} INFO - Filling up the DagBag from /opt/airflow/dags/mfg_raw_ingestion_dag.py
[2025-12-16T23:18:19.025+0000] {processor.py:840} INFO - DAG(s) 'mfg_raw_ingestion_dag' retrieved from /opt/airflow/dags/mfg_raw_ingestion_dag.py
[2025-12-16T23:18:19.060+0000] {logging_mixin.py:188} INFO - [2025-12-16T23:18:19.060+0000] {dag.py:3096} INFO - Sync 1 DAGs
[2025-12-16T23:18:19.099+0000] {logging_mixin.py:188} INFO - [2025-12-16T23:18:19.099+0000] {dag.py:3954} INFO - Setting next_dagrun for mfg_raw_ingestion_dag to 2025-12-16 04:00:00+00:00, run_after=2025-12-17 04:00:00+00:00
[2025-12-16T23:18:19.131+0000] {processor.py:183} INFO - Processing /opt/airflow/dags/mfg_raw_ingestion_dag.py took 0.156 seconds
[2025-12-16T23:18:49.507+0000] {processor.py:161} INFO - Started process (PID=946) to work on /opt/airflow/dags/mfg_raw_ingestion_dag.py
[2025-12-16T23:18:49.508+0000] {processor.py:830} INFO - Processing file /opt/airflow/dags/mfg_raw_ingestion_dag.py for tasks to queue
[2025-12-16T23:18:49.511+0000] {logging_mixin.py:188} INFO - [2025-12-16T23:18:49.510+0000] {dagbag.py:540} INFO - Filling up the DagBag from /opt/airflow/dags/mfg_raw_ingestion_dag.py
[2025-12-16T23:18:49.546+0000] {processor.py:840} INFO - DAG(s) 'mfg_raw_ingestion_dag' retrieved from /opt/airflow/dags/mfg_raw_ingestion_dag.py
[2025-12-16T23:18:49.583+0000] {logging_mixin.py:188} INFO - [2025-12-16T23:18:49.582+0000] {dag.py:3096} INFO - Sync 1 DAGs
[2025-12-16T23:18:49.618+0000] {logging_mixin.py:188} INFO - [2025-12-16T23:18:49.617+0000] {dag.py:3954} INFO - Setting next_dagrun for mfg_raw_ingestion_dag to 2025-12-16 04:00:00+00:00, run_after=2025-12-17 04:00:00+00:00
[2025-12-16T23:18:49.661+0000] {processor.py:183} INFO - Processing /opt/airflow/dags/mfg_raw_ingestion_dag.py took 0.162 seconds
[2025-12-16T23:19:19.964+0000] {processor.py:161} INFO - Started process (PID=968) to work on /opt/airflow/dags/mfg_raw_ingestion_dag.py
[2025-12-16T23:19:19.965+0000] {processor.py:830} INFO - Processing file /opt/airflow/dags/mfg_raw_ingestion_dag.py for tasks to queue
[2025-12-16T23:19:19.968+0000] {logging_mixin.py:188} INFO - [2025-12-16T23:19:19.968+0000] {dagbag.py:540} INFO - Filling up the DagBag from /opt/airflow/dags/mfg_raw_ingestion_dag.py
[2025-12-16T23:19:20.005+0000] {processor.py:840} INFO - DAG(s) 'mfg_raw_ingestion_dag' retrieved from /opt/airflow/dags/mfg_raw_ingestion_dag.py
[2025-12-16T23:19:20.038+0000] {logging_mixin.py:188} INFO - [2025-12-16T23:19:20.038+0000] {dag.py:3096} INFO - Sync 1 DAGs
[2025-12-16T23:19:20.070+0000] {logging_mixin.py:188} INFO - [2025-12-16T23:19:20.070+0000] {dag.py:3954} INFO - Setting next_dagrun for mfg_raw_ingestion_dag to 2025-12-16 04:00:00+00:00, run_after=2025-12-17 04:00:00+00:00
[2025-12-16T23:19:20.101+0000] {processor.py:183} INFO - Processing /opt/airflow/dags/mfg_raw_ingestion_dag.py took 0.144 seconds
[2025-12-16T23:19:50.545+0000] {processor.py:161} INFO - Started process (PID=990) to work on /opt/airflow/dags/mfg_raw_ingestion_dag.py
[2025-12-16T23:19:50.546+0000] {processor.py:830} INFO - Processing file /opt/airflow/dags/mfg_raw_ingestion_dag.py for tasks to queue
[2025-12-16T23:19:50.549+0000] {logging_mixin.py:188} INFO - [2025-12-16T23:19:50.548+0000] {dagbag.py:540} INFO - Filling up the DagBag from /opt/airflow/dags/mfg_raw_ingestion_dag.py
[2025-12-16T23:19:50.585+0000] {processor.py:840} INFO - DAG(s) 'mfg_raw_ingestion_dag' retrieved from /opt/airflow/dags/mfg_raw_ingestion_dag.py
[2025-12-16T23:19:50.620+0000] {logging_mixin.py:188} INFO - [2025-12-16T23:19:50.620+0000] {dag.py:3096} INFO - Sync 1 DAGs
[2025-12-16T23:19:50.652+0000] {logging_mixin.py:188} INFO - [2025-12-16T23:19:50.652+0000] {dag.py:3954} INFO - Setting next_dagrun for mfg_raw_ingestion_dag to 2025-12-16 04:00:00+00:00, run_after=2025-12-17 04:00:00+00:00
[2025-12-16T23:19:50.683+0000] {processor.py:183} INFO - Processing /opt/airflow/dags/mfg_raw_ingestion_dag.py took 0.146 seconds
[2025-12-16T23:20:21.068+0000] {processor.py:161} INFO - Started process (PID=1012) to work on /opt/airflow/dags/mfg_raw_ingestion_dag.py
[2025-12-16T23:20:21.070+0000] {processor.py:830} INFO - Processing file /opt/airflow/dags/mfg_raw_ingestion_dag.py for tasks to queue
[2025-12-16T23:20:21.074+0000] {logging_mixin.py:188} INFO - [2025-12-16T23:20:21.073+0000] {dagbag.py:540} INFO - Filling up the DagBag from /opt/airflow/dags/mfg_raw_ingestion_dag.py
[2025-12-16T23:20:21.110+0000] {processor.py:840} INFO - DAG(s) 'mfg_raw_ingestion_dag' retrieved from /opt/airflow/dags/mfg_raw_ingestion_dag.py
[2025-12-16T23:20:21.145+0000] {logging_mixin.py:188} INFO - [2025-12-16T23:20:21.145+0000] {dag.py:3096} INFO - Sync 1 DAGs
[2025-12-16T23:20:21.178+0000] {logging_mixin.py:188} INFO - [2025-12-16T23:20:21.178+0000] {dag.py:3954} INFO - Setting next_dagrun for mfg_raw_ingestion_dag to 2025-12-16 04:00:00+00:00, run_after=2025-12-17 04:00:00+00:00
[2025-12-16T23:20:21.208+0000] {processor.py:183} INFO - Processing /opt/airflow/dags/mfg_raw_ingestion_dag.py took 0.155 seconds
[2025-12-16T23:20:51.402+0000] {processor.py:161} INFO - Started process (PID=1034) to work on /opt/airflow/dags/mfg_raw_ingestion_dag.py
[2025-12-16T23:20:51.404+0000] {processor.py:830} INFO - Processing file /opt/airflow/dags/mfg_raw_ingestion_dag.py for tasks to queue
[2025-12-16T23:20:51.406+0000] {logging_mixin.py:188} INFO - [2025-12-16T23:20:51.406+0000] {dagbag.py:540} INFO - Filling up the DagBag from /opt/airflow/dags/mfg_raw_ingestion_dag.py
[2025-12-16T23:20:51.439+0000] {processor.py:840} INFO - DAG(s) 'mfg_raw_ingestion_dag' retrieved from /opt/airflow/dags/mfg_raw_ingestion_dag.py
[2025-12-16T23:20:51.472+0000] {logging_mixin.py:188} INFO - [2025-12-16T23:20:51.472+0000] {dag.py:3096} INFO - Sync 1 DAGs
[2025-12-16T23:20:51.505+0000] {logging_mixin.py:188} INFO - [2025-12-16T23:20:51.504+0000] {dag.py:3954} INFO - Setting next_dagrun for mfg_raw_ingestion_dag to 2025-12-16 04:00:00+00:00, run_after=2025-12-17 04:00:00+00:00
[2025-12-16T23:20:51.533+0000] {processor.py:183} INFO - Processing /opt/airflow/dags/mfg_raw_ingestion_dag.py took 0.139 seconds
[2025-12-16T23:21:22.344+0000] {processor.py:161} INFO - Started process (PID=1056) to work on /opt/airflow/dags/mfg_raw_ingestion_dag.py
[2025-12-16T23:21:22.346+0000] {processor.py:830} INFO - Processing file /opt/airflow/dags/mfg_raw_ingestion_dag.py for tasks to queue
[2025-12-16T23:21:22.349+0000] {logging_mixin.py:188} INFO - [2025-12-16T23:21:22.348+0000] {dagbag.py:540} INFO - Filling up the DagBag from /opt/airflow/dags/mfg_raw_ingestion_dag.py
[2025-12-16T23:21:22.387+0000] {processor.py:840} INFO - DAG(s) 'mfg_raw_ingestion_dag' retrieved from /opt/airflow/dags/mfg_raw_ingestion_dag.py
[2025-12-16T23:21:22.423+0000] {logging_mixin.py:188} INFO - [2025-12-16T23:21:22.423+0000] {dag.py:3096} INFO - Sync 1 DAGs
[2025-12-16T23:21:22.458+0000] {logging_mixin.py:188} INFO - [2025-12-16T23:21:22.458+0000] {dag.py:3954} INFO - Setting next_dagrun for mfg_raw_ingestion_dag to 2025-12-16 04:00:00+00:00, run_after=2025-12-17 04:00:00+00:00
[2025-12-16T23:21:22.489+0000] {processor.py:183} INFO - Processing /opt/airflow/dags/mfg_raw_ingestion_dag.py took 0.161 seconds
[2025-12-16T23:21:52.948+0000] {processor.py:161} INFO - Started process (PID=1078) to work on /opt/airflow/dags/mfg_raw_ingestion_dag.py
[2025-12-16T23:21:52.950+0000] {processor.py:830} INFO - Processing file /opt/airflow/dags/mfg_raw_ingestion_dag.py for tasks to queue
[2025-12-16T23:21:52.953+0000] {logging_mixin.py:188} INFO - [2025-12-16T23:21:52.953+0000] {dagbag.py:540} INFO - Filling up the DagBag from /opt/airflow/dags/mfg_raw_ingestion_dag.py
[2025-12-16T23:21:52.993+0000] {processor.py:840} INFO - DAG(s) 'mfg_raw_ingestion_dag' retrieved from /opt/airflow/dags/mfg_raw_ingestion_dag.py
[2025-12-16T23:21:53.032+0000] {logging_mixin.py:188} INFO - [2025-12-16T23:21:53.032+0000] {dag.py:3096} INFO - Sync 1 DAGs
[2025-12-16T23:21:53.068+0000] {logging_mixin.py:188} INFO - [2025-12-16T23:21:53.068+0000] {dag.py:3954} INFO - Setting next_dagrun for mfg_raw_ingestion_dag to 2025-12-16 04:00:00+00:00, run_after=2025-12-17 04:00:00+00:00
[2025-12-16T23:21:53.100+0000] {processor.py:183} INFO - Processing /opt/airflow/dags/mfg_raw_ingestion_dag.py took 0.160 seconds
[2025-12-16T23:22:23.533+0000] {processor.py:161} INFO - Started process (PID=1100) to work on /opt/airflow/dags/mfg_raw_ingestion_dag.py
[2025-12-16T23:22:23.535+0000] {processor.py:830} INFO - Processing file /opt/airflow/dags/mfg_raw_ingestion_dag.py for tasks to queue
[2025-12-16T23:22:23.539+0000] {logging_mixin.py:188} INFO - [2025-12-16T23:22:23.538+0000] {dagbag.py:540} INFO - Filling up the DagBag from /opt/airflow/dags/mfg_raw_ingestion_dag.py
[2025-12-16T23:22:23.581+0000] {processor.py:840} INFO - DAG(s) 'mfg_raw_ingestion_dag' retrieved from /opt/airflow/dags/mfg_raw_ingestion_dag.py
[2025-12-16T23:22:23.617+0000] {logging_mixin.py:188} INFO - [2025-12-16T23:22:23.617+0000] {dag.py:3096} INFO - Sync 1 DAGs
[2025-12-16T23:22:23.650+0000] {logging_mixin.py:188} INFO - [2025-12-16T23:22:23.650+0000] {dag.py:3954} INFO - Setting next_dagrun for mfg_raw_ingestion_dag to 2025-12-16 04:00:00+00:00, run_after=2025-12-17 04:00:00+00:00
[2025-12-16T23:22:23.680+0000] {processor.py:183} INFO - Processing /opt/airflow/dags/mfg_raw_ingestion_dag.py took 0.155 seconds
[2025-12-16T23:22:54.056+0000] {processor.py:161} INFO - Started process (PID=1122) to work on /opt/airflow/dags/mfg_raw_ingestion_dag.py
[2025-12-16T23:22:54.058+0000] {processor.py:830} INFO - Processing file /opt/airflow/dags/mfg_raw_ingestion_dag.py for tasks to queue
[2025-12-16T23:22:54.060+0000] {logging_mixin.py:188} INFO - [2025-12-16T23:22:54.060+0000] {dagbag.py:540} INFO - Filling up the DagBag from /opt/airflow/dags/mfg_raw_ingestion_dag.py
[2025-12-16T23:22:54.096+0000] {processor.py:840} INFO - DAG(s) 'mfg_raw_ingestion_dag' retrieved from /opt/airflow/dags/mfg_raw_ingestion_dag.py
[2025-12-16T23:22:54.128+0000] {logging_mixin.py:188} INFO - [2025-12-16T23:22:54.128+0000] {dag.py:3096} INFO - Sync 1 DAGs
[2025-12-16T23:22:54.161+0000] {logging_mixin.py:188} INFO - [2025-12-16T23:22:54.160+0000] {dag.py:3954} INFO - Setting next_dagrun for mfg_raw_ingestion_dag to 2025-12-16 04:00:00+00:00, run_after=2025-12-17 04:00:00+00:00
[2025-12-16T23:22:54.191+0000] {processor.py:183} INFO - Processing /opt/airflow/dags/mfg_raw_ingestion_dag.py took 0.142 seconds
[2025-12-16T23:23:24.824+0000] {processor.py:161} INFO - Started process (PID=1144) to work on /opt/airflow/dags/mfg_raw_ingestion_dag.py
[2025-12-16T23:23:24.826+0000] {processor.py:830} INFO - Processing file /opt/airflow/dags/mfg_raw_ingestion_dag.py for tasks to queue
[2025-12-16T23:23:24.830+0000] {logging_mixin.py:188} INFO - [2025-12-16T23:23:24.829+0000] {dagbag.py:540} INFO - Filling up the DagBag from /opt/airflow/dags/mfg_raw_ingestion_dag.py
[2025-12-16T23:23:24.878+0000] {processor.py:840} INFO - DAG(s) 'mfg_raw_ingestion_dag' retrieved from /opt/airflow/dags/mfg_raw_ingestion_dag.py
[2025-12-16T23:23:24.920+0000] {logging_mixin.py:188} INFO - [2025-12-16T23:23:24.920+0000] {dag.py:3096} INFO - Sync 1 DAGs
[2025-12-16T23:23:24.963+0000] {logging_mixin.py:188} INFO - [2025-12-16T23:23:24.963+0000] {dag.py:3954} INFO - Setting next_dagrun for mfg_raw_ingestion_dag to 2025-12-16 04:00:00+00:00, run_after=2025-12-17 04:00:00+00:00
[2025-12-16T23:23:24.998+0000] {processor.py:183} INFO - Processing /opt/airflow/dags/mfg_raw_ingestion_dag.py took 0.185 seconds
[2025-12-16T23:23:55.407+0000] {processor.py:161} INFO - Started process (PID=1166) to work on /opt/airflow/dags/mfg_raw_ingestion_dag.py
[2025-12-16T23:23:55.408+0000] {processor.py:830} INFO - Processing file /opt/airflow/dags/mfg_raw_ingestion_dag.py for tasks to queue
[2025-12-16T23:23:55.411+0000] {logging_mixin.py:188} INFO - [2025-12-16T23:23:55.410+0000] {dagbag.py:540} INFO - Filling up the DagBag from /opt/airflow/dags/mfg_raw_ingestion_dag.py
[2025-12-16T23:23:55.447+0000] {processor.py:840} INFO - DAG(s) 'mfg_raw_ingestion_dag' retrieved from /opt/airflow/dags/mfg_raw_ingestion_dag.py
[2025-12-16T23:23:55.486+0000] {logging_mixin.py:188} INFO - [2025-12-16T23:23:55.485+0000] {dag.py:3096} INFO - Sync 1 DAGs
[2025-12-16T23:23:55.521+0000] {logging_mixin.py:188} INFO - [2025-12-16T23:23:55.521+0000] {dag.py:3954} INFO - Setting next_dagrun for mfg_raw_ingestion_dag to 2025-12-16 04:00:00+00:00, run_after=2025-12-17 04:00:00+00:00
[2025-12-16T23:23:55.553+0000] {processor.py:183} INFO - Processing /opt/airflow/dags/mfg_raw_ingestion_dag.py took 0.154 seconds
[2025-12-16T23:24:26.002+0000] {processor.py:161} INFO - Started process (PID=1188) to work on /opt/airflow/dags/mfg_raw_ingestion_dag.py
[2025-12-16T23:24:26.004+0000] {processor.py:830} INFO - Processing file /opt/airflow/dags/mfg_raw_ingestion_dag.py for tasks to queue
[2025-12-16T23:24:26.007+0000] {logging_mixin.py:188} INFO - [2025-12-16T23:24:26.007+0000] {dagbag.py:540} INFO - Filling up the DagBag from /opt/airflow/dags/mfg_raw_ingestion_dag.py
[2025-12-16T23:24:26.049+0000] {processor.py:840} INFO - DAG(s) 'mfg_raw_ingestion_dag' retrieved from /opt/airflow/dags/mfg_raw_ingestion_dag.py
[2025-12-16T23:24:26.090+0000] {logging_mixin.py:188} INFO - [2025-12-16T23:24:26.089+0000] {dag.py:3096} INFO - Sync 1 DAGs
[2025-12-16T23:24:26.133+0000] {logging_mixin.py:188} INFO - [2025-12-16T23:24:26.132+0000] {dag.py:3954} INFO - Setting next_dagrun for mfg_raw_ingestion_dag to 2025-12-16 04:00:00+00:00, run_after=2025-12-17 04:00:00+00:00
[2025-12-16T23:24:26.169+0000] {processor.py:183} INFO - Processing /opt/airflow/dags/mfg_raw_ingestion_dag.py took 0.176 seconds
[2025-12-16T23:24:56.722+0000] {processor.py:161} INFO - Started process (PID=1210) to work on /opt/airflow/dags/mfg_raw_ingestion_dag.py
[2025-12-16T23:24:56.724+0000] {processor.py:830} INFO - Processing file /opt/airflow/dags/mfg_raw_ingestion_dag.py for tasks to queue
[2025-12-16T23:24:56.727+0000] {logging_mixin.py:188} INFO - [2025-12-16T23:24:56.726+0000] {dagbag.py:540} INFO - Filling up the DagBag from /opt/airflow/dags/mfg_raw_ingestion_dag.py
[2025-12-16T23:24:56.763+0000] {processor.py:840} INFO - DAG(s) 'mfg_raw_ingestion_dag' retrieved from /opt/airflow/dags/mfg_raw_ingestion_dag.py
[2025-12-16T23:24:56.797+0000] {logging_mixin.py:188} INFO - [2025-12-16T23:24:56.796+0000] {dag.py:3096} INFO - Sync 1 DAGs
[2025-12-16T23:24:56.830+0000] {logging_mixin.py:188} INFO - [2025-12-16T23:24:56.830+0000] {dag.py:3954} INFO - Setting next_dagrun for mfg_raw_ingestion_dag to 2025-12-16 04:00:00+00:00, run_after=2025-12-17 04:00:00+00:00
[2025-12-16T23:24:56.859+0000] {processor.py:183} INFO - Processing /opt/airflow/dags/mfg_raw_ingestion_dag.py took 0.145 seconds
[2025-12-16T23:25:27.487+0000] {processor.py:161} INFO - Started process (PID=1232) to work on /opt/airflow/dags/mfg_raw_ingestion_dag.py
[2025-12-16T23:25:27.489+0000] {processor.py:830} INFO - Processing file /opt/airflow/dags/mfg_raw_ingestion_dag.py for tasks to queue
[2025-12-16T23:25:27.492+0000] {logging_mixin.py:188} INFO - [2025-12-16T23:25:27.491+0000] {dagbag.py:540} INFO - Filling up the DagBag from /opt/airflow/dags/mfg_raw_ingestion_dag.py
[2025-12-16T23:25:27.539+0000] {processor.py:840} INFO - DAG(s) 'mfg_raw_ingestion_dag' retrieved from /opt/airflow/dags/mfg_raw_ingestion_dag.py
[2025-12-16T23:25:27.585+0000] {logging_mixin.py:188} INFO - [2025-12-16T23:25:27.584+0000] {dag.py:3096} INFO - Sync 1 DAGs
[2025-12-16T23:25:27.636+0000] {logging_mixin.py:188} INFO - [2025-12-16T23:25:27.636+0000] {dag.py:3954} INFO - Setting next_dagrun for mfg_raw_ingestion_dag to 2025-12-16 04:00:00+00:00, run_after=2025-12-17 04:00:00+00:00
[2025-12-16T23:25:27.678+0000] {processor.py:183} INFO - Processing /opt/airflow/dags/mfg_raw_ingestion_dag.py took 0.201 seconds
[2025-12-16T23:25:58.042+0000] {processor.py:161} INFO - Started process (PID=1254) to work on /opt/airflow/dags/mfg_raw_ingestion_dag.py
[2025-12-16T23:25:58.044+0000] {processor.py:830} INFO - Processing file /opt/airflow/dags/mfg_raw_ingestion_dag.py for tasks to queue
[2025-12-16T23:25:58.046+0000] {logging_mixin.py:188} INFO - [2025-12-16T23:25:58.046+0000] {dagbag.py:540} INFO - Filling up the DagBag from /opt/airflow/dags/mfg_raw_ingestion_dag.py
[2025-12-16T23:25:58.087+0000] {processor.py:840} INFO - DAG(s) 'mfg_raw_ingestion_dag' retrieved from /opt/airflow/dags/mfg_raw_ingestion_dag.py
[2025-12-16T23:25:58.124+0000] {logging_mixin.py:188} INFO - [2025-12-16T23:25:58.124+0000] {dag.py:3096} INFO - Sync 1 DAGs
[2025-12-16T23:25:58.159+0000] {logging_mixin.py:188} INFO - [2025-12-16T23:25:58.159+0000] {dag.py:3954} INFO - Setting next_dagrun for mfg_raw_ingestion_dag to 2025-12-16 04:00:00+00:00, run_after=2025-12-17 04:00:00+00:00
[2025-12-16T23:25:58.191+0000] {processor.py:183} INFO - Processing /opt/airflow/dags/mfg_raw_ingestion_dag.py took 0.157 seconds
[2025-12-16T23:26:28.288+0000] {processor.py:161} INFO - Started process (PID=1276) to work on /opt/airflow/dags/mfg_raw_ingestion_dag.py
[2025-12-16T23:26:28.290+0000] {processor.py:830} INFO - Processing file /opt/airflow/dags/mfg_raw_ingestion_dag.py for tasks to queue
[2025-12-16T23:26:28.294+0000] {logging_mixin.py:188} INFO - [2025-12-16T23:26:28.293+0000] {dagbag.py:540} INFO - Filling up the DagBag from /opt/airflow/dags/mfg_raw_ingestion_dag.py
[2025-12-16T23:26:28.329+0000] {processor.py:840} INFO - DAG(s) 'mfg_raw_ingestion_dag' retrieved from /opt/airflow/dags/mfg_raw_ingestion_dag.py
[2025-12-16T23:26:28.369+0000] {logging_mixin.py:188} INFO - [2025-12-16T23:26:28.368+0000] {dag.py:3096} INFO - Sync 1 DAGs
[2025-12-16T23:26:28.407+0000] {logging_mixin.py:188} INFO - [2025-12-16T23:26:28.406+0000] {dag.py:3954} INFO - Setting next_dagrun for mfg_raw_ingestion_dag to 2025-12-16 04:00:00+00:00, run_after=2025-12-17 04:00:00+00:00
[2025-12-16T23:26:28.438+0000] {processor.py:183} INFO - Processing /opt/airflow/dags/mfg_raw_ingestion_dag.py took 0.157 seconds
[2025-12-16T23:26:58.944+0000] {processor.py:161} INFO - Started process (PID=1298) to work on /opt/airflow/dags/mfg_raw_ingestion_dag.py
[2025-12-16T23:26:58.945+0000] {processor.py:830} INFO - Processing file /opt/airflow/dags/mfg_raw_ingestion_dag.py for tasks to queue
[2025-12-16T23:26:58.947+0000] {logging_mixin.py:188} INFO - [2025-12-16T23:26:58.947+0000] {dagbag.py:540} INFO - Filling up the DagBag from /opt/airflow/dags/mfg_raw_ingestion_dag.py
[2025-12-16T23:26:58.980+0000] {processor.py:840} INFO - DAG(s) 'mfg_raw_ingestion_dag' retrieved from /opt/airflow/dags/mfg_raw_ingestion_dag.py
[2025-12-16T23:26:59.009+0000] {logging_mixin.py:188} INFO - [2025-12-16T23:26:59.008+0000] {dag.py:3096} INFO - Sync 1 DAGs
[2025-12-16T23:26:59.033+0000] {logging_mixin.py:188} INFO - [2025-12-16T23:26:59.033+0000] {dag.py:3954} INFO - Setting next_dagrun for mfg_raw_ingestion_dag to 2025-12-16 04:00:00+00:00, run_after=2025-12-17 04:00:00+00:00
[2025-12-16T23:26:59.061+0000] {processor.py:183} INFO - Processing /opt/airflow/dags/mfg_raw_ingestion_dag.py took 0.124 seconds
[2025-12-16T23:27:29.215+0000] {processor.py:161} INFO - Started process (PID=1320) to work on /opt/airflow/dags/mfg_raw_ingestion_dag.py
[2025-12-16T23:27:29.217+0000] {processor.py:830} INFO - Processing file /opt/airflow/dags/mfg_raw_ingestion_dag.py for tasks to queue
[2025-12-16T23:27:29.220+0000] {logging_mixin.py:188} INFO - [2025-12-16T23:27:29.220+0000] {dagbag.py:540} INFO - Filling up the DagBag from /opt/airflow/dags/mfg_raw_ingestion_dag.py
[2025-12-16T23:27:29.253+0000] {processor.py:840} INFO - DAG(s) 'mfg_raw_ingestion_dag' retrieved from /opt/airflow/dags/mfg_raw_ingestion_dag.py
[2025-12-16T23:27:29.281+0000] {logging_mixin.py:188} INFO - [2025-12-16T23:27:29.281+0000] {dag.py:3096} INFO - Sync 1 DAGs
[2025-12-16T23:27:29.308+0000] {logging_mixin.py:188} INFO - [2025-12-16T23:27:29.308+0000] {dag.py:3954} INFO - Setting next_dagrun for mfg_raw_ingestion_dag to 2025-12-16 04:00:00+00:00, run_after=2025-12-17 04:00:00+00:00
[2025-12-16T23:27:29.332+0000] {processor.py:183} INFO - Processing /opt/airflow/dags/mfg_raw_ingestion_dag.py took 0.124 seconds
[2025-12-16T23:27:59.679+0000] {processor.py:161} INFO - Started process (PID=1338) to work on /opt/airflow/dags/mfg_raw_ingestion_dag.py
[2025-12-16T23:27:59.681+0000] {processor.py:830} INFO - Processing file /opt/airflow/dags/mfg_raw_ingestion_dag.py for tasks to queue
[2025-12-16T23:27:59.684+0000] {logging_mixin.py:188} INFO - [2025-12-16T23:27:59.683+0000] {dagbag.py:540} INFO - Filling up the DagBag from /opt/airflow/dags/mfg_raw_ingestion_dag.py
[2025-12-16T23:27:59.719+0000] {processor.py:840} INFO - DAG(s) 'mfg_raw_ingestion_dag' retrieved from /opt/airflow/dags/mfg_raw_ingestion_dag.py
[2025-12-16T23:27:59.754+0000] {logging_mixin.py:188} INFO - [2025-12-16T23:27:59.753+0000] {dag.py:3096} INFO - Sync 1 DAGs
[2025-12-16T23:27:59.786+0000] {logging_mixin.py:188} INFO - [2025-12-16T23:27:59.786+0000] {dag.py:3954} INFO - Setting next_dagrun for mfg_raw_ingestion_dag to 2025-12-16 04:00:00+00:00, run_after=2025-12-17 04:00:00+00:00
[2025-12-16T23:27:59.816+0000] {processor.py:183} INFO - Processing /opt/airflow/dags/mfg_raw_ingestion_dag.py took 0.145 seconds
[2025-12-16T23:28:29.874+0000] {processor.py:161} INFO - Started process (PID=1357) to work on /opt/airflow/dags/mfg_raw_ingestion_dag.py
[2025-12-16T23:28:29.875+0000] {processor.py:830} INFO - Processing file /opt/airflow/dags/mfg_raw_ingestion_dag.py for tasks to queue
[2025-12-16T23:28:29.878+0000] {logging_mixin.py:188} INFO - [2025-12-16T23:28:29.877+0000] {dagbag.py:540} INFO - Filling up the DagBag from /opt/airflow/dags/mfg_raw_ingestion_dag.py
[2025-12-16T23:28:29.916+0000] {processor.py:840} INFO - DAG(s) 'mfg_raw_ingestion_dag' retrieved from /opt/airflow/dags/mfg_raw_ingestion_dag.py
[2025-12-16T23:28:29.947+0000] {logging_mixin.py:188} INFO - [2025-12-16T23:28:29.947+0000] {dag.py:3096} INFO - Sync 1 DAGs
[2025-12-16T23:28:29.971+0000] {logging_mixin.py:188} INFO - [2025-12-16T23:28:29.971+0000] {dag.py:3954} INFO - Setting next_dagrun for mfg_raw_ingestion_dag to 2025-12-16 04:00:00+00:00, run_after=2025-12-17 04:00:00+00:00
[2025-12-16T23:28:29.995+0000] {processor.py:183} INFO - Processing /opt/airflow/dags/mfg_raw_ingestion_dag.py took 0.129 seconds
[2025-12-16T23:29:00.147+0000] {processor.py:161} INFO - Started process (PID=1379) to work on /opt/airflow/dags/mfg_raw_ingestion_dag.py
[2025-12-16T23:29:00.148+0000] {processor.py:830} INFO - Processing file /opt/airflow/dags/mfg_raw_ingestion_dag.py for tasks to queue
[2025-12-16T23:29:00.150+0000] {logging_mixin.py:188} INFO - [2025-12-16T23:29:00.150+0000] {dagbag.py:540} INFO - Filling up the DagBag from /opt/airflow/dags/mfg_raw_ingestion_dag.py
[2025-12-16T23:29:00.184+0000] {processor.py:840} INFO - DAG(s) 'mfg_raw_ingestion_dag' retrieved from /opt/airflow/dags/mfg_raw_ingestion_dag.py
[2025-12-16T23:29:00.210+0000] {logging_mixin.py:188} INFO - [2025-12-16T23:29:00.210+0000] {dag.py:3096} INFO - Sync 1 DAGs
[2025-12-16T23:29:00.237+0000] {logging_mixin.py:188} INFO - [2025-12-16T23:29:00.237+0000] {dag.py:3954} INFO - Setting next_dagrun for mfg_raw_ingestion_dag to 2025-12-16 04:00:00+00:00, run_after=2025-12-17 04:00:00+00:00
[2025-12-16T23:29:00.263+0000] {processor.py:183} INFO - Processing /opt/airflow/dags/mfg_raw_ingestion_dag.py took 0.124 seconds
[2025-12-16T23:29:30.493+0000] {processor.py:161} INFO - Started process (PID=1401) to work on /opt/airflow/dags/mfg_raw_ingestion_dag.py
[2025-12-16T23:29:30.494+0000] {processor.py:830} INFO - Processing file /opt/airflow/dags/mfg_raw_ingestion_dag.py for tasks to queue
[2025-12-16T23:29:30.498+0000] {logging_mixin.py:188} INFO - [2025-12-16T23:29:30.497+0000] {dagbag.py:540} INFO - Filling up the DagBag from /opt/airflow/dags/mfg_raw_ingestion_dag.py
[2025-12-16T23:29:30.540+0000] {processor.py:840} INFO - DAG(s) 'mfg_raw_ingestion_dag' retrieved from /opt/airflow/dags/mfg_raw_ingestion_dag.py
[2025-12-16T23:29:30.573+0000] {logging_mixin.py:188} INFO - [2025-12-16T23:29:30.572+0000] {dag.py:3096} INFO - Sync 1 DAGs
[2025-12-16T23:29:30.606+0000] {logging_mixin.py:188} INFO - [2025-12-16T23:29:30.606+0000] {dag.py:3954} INFO - Setting next_dagrun for mfg_raw_ingestion_dag to 2025-12-16 04:00:00+00:00, run_after=2025-12-17 04:00:00+00:00
[2025-12-16T23:29:30.637+0000] {processor.py:183} INFO - Processing /opt/airflow/dags/mfg_raw_ingestion_dag.py took 0.153 seconds
[2025-12-16T23:30:00.966+0000] {processor.py:161} INFO - Started process (PID=1423) to work on /opt/airflow/dags/mfg_raw_ingestion_dag.py
[2025-12-16T23:30:00.968+0000] {processor.py:830} INFO - Processing file /opt/airflow/dags/mfg_raw_ingestion_dag.py for tasks to queue
[2025-12-16T23:30:00.972+0000] {logging_mixin.py:188} INFO - [2025-12-16T23:30:00.971+0000] {dagbag.py:540} INFO - Filling up the DagBag from /opt/airflow/dags/mfg_raw_ingestion_dag.py
[2025-12-16T23:30:01.005+0000] {processor.py:840} INFO - DAG(s) 'mfg_raw_ingestion_dag' retrieved from /opt/airflow/dags/mfg_raw_ingestion_dag.py
[2025-12-16T23:30:01.040+0000] {logging_mixin.py:188} INFO - [2025-12-16T23:30:01.040+0000] {dag.py:3096} INFO - Sync 1 DAGs
[2025-12-16T23:30:01.073+0000] {logging_mixin.py:188} INFO - [2025-12-16T23:30:01.073+0000] {dag.py:3954} INFO - Setting next_dagrun for mfg_raw_ingestion_dag to 2025-12-16 04:00:00+00:00, run_after=2025-12-17 04:00:00+00:00
[2025-12-16T23:30:01.101+0000] {processor.py:183} INFO - Processing /opt/airflow/dags/mfg_raw_ingestion_dag.py took 0.144 seconds
[2025-12-16T23:30:31.618+0000] {processor.py:161} INFO - Started process (PID=1445) to work on /opt/airflow/dags/mfg_raw_ingestion_dag.py
[2025-12-16T23:30:31.619+0000] {processor.py:830} INFO - Processing file /opt/airflow/dags/mfg_raw_ingestion_dag.py for tasks to queue
[2025-12-16T23:30:31.623+0000] {logging_mixin.py:188} INFO - [2025-12-16T23:30:31.622+0000] {dagbag.py:540} INFO - Filling up the DagBag from /opt/airflow/dags/mfg_raw_ingestion_dag.py
[2025-12-16T23:30:31.669+0000] {processor.py:840} INFO - DAG(s) 'mfg_raw_ingestion_dag' retrieved from /opt/airflow/dags/mfg_raw_ingestion_dag.py
[2025-12-16T23:30:31.699+0000] {logging_mixin.py:188} INFO - [2025-12-16T23:30:31.698+0000] {dag.py:3096} INFO - Sync 1 DAGs
[2025-12-16T23:30:31.727+0000] {logging_mixin.py:188} INFO - [2025-12-16T23:30:31.726+0000] {dag.py:3954} INFO - Setting next_dagrun for mfg_raw_ingestion_dag to 2025-12-16 04:00:00+00:00, run_after=2025-12-17 04:00:00+00:00
[2025-12-16T23:30:31.754+0000] {processor.py:183} INFO - Processing /opt/airflow/dags/mfg_raw_ingestion_dag.py took 0.144 seconds
[2025-12-16T23:31:02.051+0000] {processor.py:161} INFO - Started process (PID=1467) to work on /opt/airflow/dags/mfg_raw_ingestion_dag.py
[2025-12-16T23:31:02.052+0000] {processor.py:830} INFO - Processing file /opt/airflow/dags/mfg_raw_ingestion_dag.py for tasks to queue
[2025-12-16T23:31:02.054+0000] {logging_mixin.py:188} INFO - [2025-12-16T23:31:02.054+0000] {dagbag.py:540} INFO - Filling up the DagBag from /opt/airflow/dags/mfg_raw_ingestion_dag.py
[2025-12-16T23:31:02.085+0000] {processor.py:840} INFO - DAG(s) 'mfg_raw_ingestion_dag' retrieved from /opt/airflow/dags/mfg_raw_ingestion_dag.py
[2025-12-16T23:31:02.112+0000] {logging_mixin.py:188} INFO - [2025-12-16T23:31:02.112+0000] {dag.py:3096} INFO - Sync 1 DAGs
[2025-12-16T23:31:02.137+0000] {logging_mixin.py:188} INFO - [2025-12-16T23:31:02.136+0000] {dag.py:3954} INFO - Setting next_dagrun for mfg_raw_ingestion_dag to 2025-12-16 04:00:00+00:00, run_after=2025-12-17 04:00:00+00:00
[2025-12-16T23:31:02.162+0000] {processor.py:183} INFO - Processing /opt/airflow/dags/mfg_raw_ingestion_dag.py took 0.117 seconds
[2025-12-16T23:31:32.673+0000] {processor.py:161} INFO - Started process (PID=1489) to work on /opt/airflow/dags/mfg_raw_ingestion_dag.py
[2025-12-16T23:31:32.675+0000] {processor.py:830} INFO - Processing file /opt/airflow/dags/mfg_raw_ingestion_dag.py for tasks to queue
[2025-12-16T23:31:32.678+0000] {logging_mixin.py:188} INFO - [2025-12-16T23:31:32.677+0000] {dagbag.py:540} INFO - Filling up the DagBag from /opt/airflow/dags/mfg_raw_ingestion_dag.py
[2025-12-16T23:31:32.717+0000] {processor.py:840} INFO - DAG(s) 'mfg_raw_ingestion_dag' retrieved from /opt/airflow/dags/mfg_raw_ingestion_dag.py
[2025-12-16T23:31:32.750+0000] {logging_mixin.py:188} INFO - [2025-12-16T23:31:32.749+0000] {dag.py:3096} INFO - Sync 1 DAGs
[2025-12-16T23:31:32.777+0000] {logging_mixin.py:188} INFO - [2025-12-16T23:31:32.777+0000] {dag.py:3954} INFO - Setting next_dagrun for mfg_raw_ingestion_dag to 2025-12-16 04:00:00+00:00, run_after=2025-12-17 04:00:00+00:00
[2025-12-16T23:31:32.804+0000] {processor.py:183} INFO - Processing /opt/airflow/dags/mfg_raw_ingestion_dag.py took 0.140 seconds
[2025-12-16T23:32:03.114+0000] {processor.py:161} INFO - Started process (PID=1511) to work on /opt/airflow/dags/mfg_raw_ingestion_dag.py
[2025-12-16T23:32:03.115+0000] {processor.py:830} INFO - Processing file /opt/airflow/dags/mfg_raw_ingestion_dag.py for tasks to queue
[2025-12-16T23:32:03.117+0000] {logging_mixin.py:188} INFO - [2025-12-16T23:32:03.117+0000] {dagbag.py:540} INFO - Filling up the DagBag from /opt/airflow/dags/mfg_raw_ingestion_dag.py
[2025-12-16T23:32:03.148+0000] {processor.py:840} INFO - DAG(s) 'mfg_raw_ingestion_dag' retrieved from /opt/airflow/dags/mfg_raw_ingestion_dag.py
[2025-12-16T23:32:03.181+0000] {logging_mixin.py:188} INFO - [2025-12-16T23:32:03.180+0000] {dag.py:3096} INFO - Sync 1 DAGs
[2025-12-16T23:32:03.205+0000] {logging_mixin.py:188} INFO - [2025-12-16T23:32:03.205+0000] {dag.py:3954} INFO - Setting next_dagrun for mfg_raw_ingestion_dag to 2025-12-16 04:00:00+00:00, run_after=2025-12-17 04:00:00+00:00
[2025-12-16T23:32:03.230+0000] {processor.py:183} INFO - Processing /opt/airflow/dags/mfg_raw_ingestion_dag.py took 0.122 seconds
[2025-12-16T23:32:33.468+0000] {processor.py:161} INFO - Started process (PID=1533) to work on /opt/airflow/dags/mfg_raw_ingestion_dag.py
[2025-12-16T23:32:33.469+0000] {processor.py:830} INFO - Processing file /opt/airflow/dags/mfg_raw_ingestion_dag.py for tasks to queue
[2025-12-16T23:32:33.471+0000] {logging_mixin.py:188} INFO - [2025-12-16T23:32:33.471+0000] {dagbag.py:540} INFO - Filling up the DagBag from /opt/airflow/dags/mfg_raw_ingestion_dag.py
[2025-12-16T23:32:33.503+0000] {processor.py:840} INFO - DAG(s) 'mfg_raw_ingestion_dag' retrieved from /opt/airflow/dags/mfg_raw_ingestion_dag.py
[2025-12-16T23:32:33.530+0000] {logging_mixin.py:188} INFO - [2025-12-16T23:32:33.530+0000] {dag.py:3096} INFO - Sync 1 DAGs
[2025-12-16T23:32:33.558+0000] {logging_mixin.py:188} INFO - [2025-12-16T23:32:33.557+0000] {dag.py:3954} INFO - Setting next_dagrun for mfg_raw_ingestion_dag to 2025-12-16 04:00:00+00:00, run_after=2025-12-17 04:00:00+00:00
[2025-12-16T23:32:33.600+0000] {processor.py:183} INFO - Processing /opt/airflow/dags/mfg_raw_ingestion_dag.py took 0.138 seconds
[2025-12-16T23:33:04.006+0000] {processor.py:161} INFO - Started process (PID=1555) to work on /opt/airflow/dags/mfg_raw_ingestion_dag.py
[2025-12-16T23:33:04.008+0000] {processor.py:830} INFO - Processing file /opt/airflow/dags/mfg_raw_ingestion_dag.py for tasks to queue
[2025-12-16T23:33:04.012+0000] {logging_mixin.py:188} INFO - [2025-12-16T23:33:04.011+0000] {dagbag.py:540} INFO - Filling up the DagBag from /opt/airflow/dags/mfg_raw_ingestion_dag.py
[2025-12-16T23:33:04.053+0000] {processor.py:840} INFO - DAG(s) 'mfg_raw_ingestion_dag' retrieved from /opt/airflow/dags/mfg_raw_ingestion_dag.py
[2025-12-16T23:33:04.088+0000] {logging_mixin.py:188} INFO - [2025-12-16T23:33:04.087+0000] {dag.py:3096} INFO - Sync 1 DAGs
[2025-12-16T23:33:04.119+0000] {logging_mixin.py:188} INFO - [2025-12-16T23:33:04.119+0000] {dag.py:3954} INFO - Setting next_dagrun for mfg_raw_ingestion_dag to 2025-12-16 04:00:00+00:00, run_after=2025-12-17 04:00:00+00:00
[2025-12-16T23:33:04.150+0000] {processor.py:183} INFO - Processing /opt/airflow/dags/mfg_raw_ingestion_dag.py took 0.153 seconds
[2025-12-16T23:33:34.491+0000] {processor.py:161} INFO - Started process (PID=1577) to work on /opt/airflow/dags/mfg_raw_ingestion_dag.py
[2025-12-16T23:33:34.492+0000] {processor.py:830} INFO - Processing file /opt/airflow/dags/mfg_raw_ingestion_dag.py for tasks to queue
[2025-12-16T23:33:34.495+0000] {logging_mixin.py:188} INFO - [2025-12-16T23:33:34.495+0000] {dagbag.py:540} INFO - Filling up the DagBag from /opt/airflow/dags/mfg_raw_ingestion_dag.py
[2025-12-16T23:33:34.526+0000] {processor.py:840} INFO - DAG(s) 'mfg_raw_ingestion_dag' retrieved from /opt/airflow/dags/mfg_raw_ingestion_dag.py
[2025-12-16T23:33:34.560+0000] {logging_mixin.py:188} INFO - [2025-12-16T23:33:34.560+0000] {dag.py:3096} INFO - Sync 1 DAGs
[2025-12-16T23:33:34.587+0000] {logging_mixin.py:188} INFO - [2025-12-16T23:33:34.587+0000] {dag.py:3954} INFO - Setting next_dagrun for mfg_raw_ingestion_dag to 2025-12-16 04:00:00+00:00, run_after=2025-12-17 04:00:00+00:00
[2025-12-16T23:33:34.613+0000] {processor.py:183} INFO - Processing /opt/airflow/dags/mfg_raw_ingestion_dag.py took 0.128 seconds
[2025-12-16T23:34:04.845+0000] {processor.py:161} INFO - Started process (PID=1599) to work on /opt/airflow/dags/mfg_raw_ingestion_dag.py
[2025-12-16T23:34:04.846+0000] {processor.py:830} INFO - Processing file /opt/airflow/dags/mfg_raw_ingestion_dag.py for tasks to queue
[2025-12-16T23:34:04.849+0000] {logging_mixin.py:188} INFO - [2025-12-16T23:34:04.848+0000] {dagbag.py:540} INFO - Filling up the DagBag from /opt/airflow/dags/mfg_raw_ingestion_dag.py
[2025-12-16T23:34:04.878+0000] {processor.py:840} INFO - DAG(s) 'mfg_raw_ingestion_dag' retrieved from /opt/airflow/dags/mfg_raw_ingestion_dag.py
[2025-12-16T23:34:04.905+0000] {logging_mixin.py:188} INFO - [2025-12-16T23:34:04.905+0000] {dag.py:3096} INFO - Sync 1 DAGs
[2025-12-16T23:34:04.931+0000] {logging_mixin.py:188} INFO - [2025-12-16T23:34:04.930+0000] {dag.py:3954} INFO - Setting next_dagrun for mfg_raw_ingestion_dag to 2025-12-16 04:00:00+00:00, run_after=2025-12-17 04:00:00+00:00
[2025-12-16T23:34:04.955+0000] {processor.py:183} INFO - Processing /opt/airflow/dags/mfg_raw_ingestion_dag.py took 0.117 seconds
[2025-12-16T23:34:35.113+0000] {processor.py:161} INFO - Started process (PID=1621) to work on /opt/airflow/dags/mfg_raw_ingestion_dag.py
[2025-12-16T23:34:35.114+0000] {processor.py:830} INFO - Processing file /opt/airflow/dags/mfg_raw_ingestion_dag.py for tasks to queue
[2025-12-16T23:34:35.116+0000] {logging_mixin.py:188} INFO - [2025-12-16T23:34:35.116+0000] {dagbag.py:540} INFO - Filling up the DagBag from /opt/airflow/dags/mfg_raw_ingestion_dag.py
[2025-12-16T23:34:35.148+0000] {processor.py:840} INFO - DAG(s) 'mfg_raw_ingestion_dag' retrieved from /opt/airflow/dags/mfg_raw_ingestion_dag.py
[2025-12-16T23:34:35.178+0000] {logging_mixin.py:188} INFO - [2025-12-16T23:34:35.178+0000] {dag.py:3096} INFO - Sync 1 DAGs
[2025-12-16T23:34:35.206+0000] {logging_mixin.py:188} INFO - [2025-12-16T23:34:35.205+0000] {dag.py:3954} INFO - Setting next_dagrun for mfg_raw_ingestion_dag to 2025-12-16 04:00:00+00:00, run_after=2025-12-17 04:00:00+00:00
[2025-12-16T23:34:35.231+0000] {processor.py:183} INFO - Processing /opt/airflow/dags/mfg_raw_ingestion_dag.py took 0.125 seconds
[2025-12-16T23:35:05.456+0000] {processor.py:161} INFO - Started process (PID=1643) to work on /opt/airflow/dags/mfg_raw_ingestion_dag.py
[2025-12-16T23:35:05.457+0000] {processor.py:830} INFO - Processing file /opt/airflow/dags/mfg_raw_ingestion_dag.py for tasks to queue
[2025-12-16T23:35:05.460+0000] {logging_mixin.py:188} INFO - [2025-12-16T23:35:05.459+0000] {dagbag.py:540} INFO - Filling up the DagBag from /opt/airflow/dags/mfg_raw_ingestion_dag.py
[2025-12-16T23:35:05.493+0000] {processor.py:840} INFO - DAG(s) 'mfg_raw_ingestion_dag' retrieved from /opt/airflow/dags/mfg_raw_ingestion_dag.py
[2025-12-16T23:35:05.522+0000] {logging_mixin.py:188} INFO - [2025-12-16T23:35:05.522+0000] {dag.py:3096} INFO - Sync 1 DAGs
[2025-12-16T23:35:05.553+0000] {logging_mixin.py:188} INFO - [2025-12-16T23:35:05.553+0000] {dag.py:3954} INFO - Setting next_dagrun for mfg_raw_ingestion_dag to 2025-12-16 04:00:00+00:00, run_after=2025-12-17 04:00:00+00:00
[2025-12-16T23:35:05.578+0000] {processor.py:183} INFO - Processing /opt/airflow/dags/mfg_raw_ingestion_dag.py took 0.128 seconds
[2025-12-16T23:35:35.939+0000] {processor.py:161} INFO - Started process (PID=1665) to work on /opt/airflow/dags/mfg_raw_ingestion_dag.py
[2025-12-16T23:35:35.940+0000] {processor.py:830} INFO - Processing file /opt/airflow/dags/mfg_raw_ingestion_dag.py for tasks to queue
[2025-12-16T23:35:35.942+0000] {logging_mixin.py:188} INFO - [2025-12-16T23:35:35.942+0000] {dagbag.py:540} INFO - Filling up the DagBag from /opt/airflow/dags/mfg_raw_ingestion_dag.py
[2025-12-16T23:35:35.973+0000] {processor.py:840} INFO - DAG(s) 'mfg_raw_ingestion_dag' retrieved from /opt/airflow/dags/mfg_raw_ingestion_dag.py
[2025-12-16T23:35:36.001+0000] {logging_mixin.py:188} INFO - [2025-12-16T23:35:36.001+0000] {dag.py:3096} INFO - Sync 1 DAGs
[2025-12-16T23:35:36.029+0000] {logging_mixin.py:188} INFO - [2025-12-16T23:35:36.029+0000] {dag.py:3954} INFO - Setting next_dagrun for mfg_raw_ingestion_dag to 2025-12-16 04:00:00+00:00, run_after=2025-12-17 04:00:00+00:00
[2025-12-16T23:35:36.050+0000] {processor.py:183} INFO - Processing /opt/airflow/dags/mfg_raw_ingestion_dag.py took 0.121 seconds
[2025-12-16T23:36:06.210+0000] {processor.py:161} INFO - Started process (PID=1687) to work on /opt/airflow/dags/mfg_raw_ingestion_dag.py
[2025-12-16T23:36:06.212+0000] {processor.py:830} INFO - Processing file /opt/airflow/dags/mfg_raw_ingestion_dag.py for tasks to queue
[2025-12-16T23:36:06.214+0000] {logging_mixin.py:188} INFO - [2025-12-16T23:36:06.214+0000] {dagbag.py:540} INFO - Filling up the DagBag from /opt/airflow/dags/mfg_raw_ingestion_dag.py
[2025-12-16T23:36:06.244+0000] {processor.py:840} INFO - DAG(s) 'mfg_raw_ingestion_dag' retrieved from /opt/airflow/dags/mfg_raw_ingestion_dag.py
[2025-12-16T23:36:06.272+0000] {logging_mixin.py:188} INFO - [2025-12-16T23:36:06.272+0000] {dag.py:3096} INFO - Sync 1 DAGs
[2025-12-16T23:36:06.297+0000] {logging_mixin.py:188} INFO - [2025-12-16T23:36:06.297+0000] {dag.py:3954} INFO - Setting next_dagrun for mfg_raw_ingestion_dag to 2025-12-16 04:00:00+00:00, run_after=2025-12-17 04:00:00+00:00
[2025-12-16T23:36:06.321+0000] {processor.py:183} INFO - Processing /opt/airflow/dags/mfg_raw_ingestion_dag.py took 0.118 seconds
[2025-12-16T23:36:36.624+0000] {processor.py:161} INFO - Started process (PID=1709) to work on /opt/airflow/dags/mfg_raw_ingestion_dag.py
[2025-12-16T23:36:36.625+0000] {processor.py:830} INFO - Processing file /opt/airflow/dags/mfg_raw_ingestion_dag.py for tasks to queue
[2025-12-16T23:36:36.627+0000] {logging_mixin.py:188} INFO - [2025-12-16T23:36:36.627+0000] {dagbag.py:540} INFO - Filling up the DagBag from /opt/airflow/dags/mfg_raw_ingestion_dag.py
[2025-12-16T23:36:36.657+0000] {processor.py:840} INFO - DAG(s) 'mfg_raw_ingestion_dag' retrieved from /opt/airflow/dags/mfg_raw_ingestion_dag.py
[2025-12-16T23:36:36.684+0000] {logging_mixin.py:188} INFO - [2025-12-16T23:36:36.684+0000] {dag.py:3096} INFO - Sync 1 DAGs
[2025-12-16T23:36:36.709+0000] {logging_mixin.py:188} INFO - [2025-12-16T23:36:36.709+0000] {dag.py:3954} INFO - Setting next_dagrun for mfg_raw_ingestion_dag to 2025-12-16 04:00:00+00:00, run_after=2025-12-17 04:00:00+00:00
[2025-12-16T23:36:36.736+0000] {processor.py:183} INFO - Processing /opt/airflow/dags/mfg_raw_ingestion_dag.py took 0.118 seconds
[2025-12-16T23:37:07.023+0000] {processor.py:161} INFO - Started process (PID=1731) to work on /opt/airflow/dags/mfg_raw_ingestion_dag.py
[2025-12-16T23:37:07.024+0000] {processor.py:830} INFO - Processing file /opt/airflow/dags/mfg_raw_ingestion_dag.py for tasks to queue
[2025-12-16T23:37:07.027+0000] {logging_mixin.py:188} INFO - [2025-12-16T23:37:07.026+0000] {dagbag.py:540} INFO - Filling up the DagBag from /opt/airflow/dags/mfg_raw_ingestion_dag.py
[2025-12-16T23:37:07.063+0000] {processor.py:840} INFO - DAG(s) 'mfg_raw_ingestion_dag' retrieved from /opt/airflow/dags/mfg_raw_ingestion_dag.py
[2025-12-16T23:37:07.093+0000] {logging_mixin.py:188} INFO - [2025-12-16T23:37:07.092+0000] {dag.py:3096} INFO - Sync 1 DAGs
[2025-12-16T23:37:07.125+0000] {logging_mixin.py:188} INFO - [2025-12-16T23:37:07.124+0000] {dag.py:3954} INFO - Setting next_dagrun for mfg_raw_ingestion_dag to 2025-12-16 04:00:00+00:00, run_after=2025-12-17 04:00:00+00:00
[2025-12-16T23:37:07.157+0000] {processor.py:183} INFO - Processing /opt/airflow/dags/mfg_raw_ingestion_dag.py took 0.143 seconds
[2025-12-16T23:37:37.453+0000] {processor.py:161} INFO - Started process (PID=1753) to work on /opt/airflow/dags/mfg_raw_ingestion_dag.py
[2025-12-16T23:37:37.454+0000] {processor.py:830} INFO - Processing file /opt/airflow/dags/mfg_raw_ingestion_dag.py for tasks to queue
[2025-12-16T23:37:37.457+0000] {logging_mixin.py:188} INFO - [2025-12-16T23:37:37.456+0000] {dagbag.py:540} INFO - Filling up the DagBag from /opt/airflow/dags/mfg_raw_ingestion_dag.py
[2025-12-16T23:37:37.489+0000] {processor.py:840} INFO - DAG(s) 'mfg_raw_ingestion_dag' retrieved from /opt/airflow/dags/mfg_raw_ingestion_dag.py
[2025-12-16T23:37:37.519+0000] {logging_mixin.py:188} INFO - [2025-12-16T23:37:37.519+0000] {dag.py:3096} INFO - Sync 1 DAGs
[2025-12-16T23:37:37.547+0000] {logging_mixin.py:188} INFO - [2025-12-16T23:37:37.547+0000] {dag.py:3954} INFO - Setting next_dagrun for mfg_raw_ingestion_dag to 2025-12-16 04:00:00+00:00, run_after=2025-12-17 04:00:00+00:00
[2025-12-16T23:37:37.573+0000] {processor.py:183} INFO - Processing /opt/airflow/dags/mfg_raw_ingestion_dag.py took 0.127 seconds
[2025-12-16T23:38:07.736+0000] {processor.py:161} INFO - Started process (PID=1775) to work on /opt/airflow/dags/mfg_raw_ingestion_dag.py
[2025-12-16T23:38:07.738+0000] {processor.py:830} INFO - Processing file /opt/airflow/dags/mfg_raw_ingestion_dag.py for tasks to queue
[2025-12-16T23:38:07.741+0000] {logging_mixin.py:188} INFO - [2025-12-16T23:38:07.741+0000] {dagbag.py:540} INFO - Filling up the DagBag from /opt/airflow/dags/mfg_raw_ingestion_dag.py
[2025-12-16T23:38:07.770+0000] {processor.py:840} INFO - DAG(s) 'mfg_raw_ingestion_dag' retrieved from /opt/airflow/dags/mfg_raw_ingestion_dag.py
[2025-12-16T23:38:07.799+0000] {logging_mixin.py:188} INFO - [2025-12-16T23:38:07.798+0000] {dag.py:3096} INFO - Sync 1 DAGs
[2025-12-16T23:38:07.824+0000] {logging_mixin.py:188} INFO - [2025-12-16T23:38:07.824+0000] {dag.py:3954} INFO - Setting next_dagrun for mfg_raw_ingestion_dag to 2025-12-16 04:00:00+00:00, run_after=2025-12-17 04:00:00+00:00
[2025-12-16T23:38:07.849+0000] {processor.py:183} INFO - Processing /opt/airflow/dags/mfg_raw_ingestion_dag.py took 0.120 seconds
[2025-12-16T23:38:37.930+0000] {processor.py:161} INFO - Started process (PID=1797) to work on /opt/airflow/dags/mfg_raw_ingestion_dag.py
[2025-12-16T23:38:37.932+0000] {processor.py:830} INFO - Processing file /opt/airflow/dags/mfg_raw_ingestion_dag.py for tasks to queue
[2025-12-16T23:38:37.934+0000] {logging_mixin.py:188} INFO - [2025-12-16T23:38:37.934+0000] {dagbag.py:540} INFO - Filling up the DagBag from /opt/airflow/dags/mfg_raw_ingestion_dag.py
[2025-12-16T23:38:37.964+0000] {processor.py:840} INFO - DAG(s) 'mfg_raw_ingestion_dag' retrieved from /opt/airflow/dags/mfg_raw_ingestion_dag.py
[2025-12-16T23:38:37.991+0000] {logging_mixin.py:188} INFO - [2025-12-16T23:38:37.991+0000] {dag.py:3096} INFO - Sync 1 DAGs
[2025-12-16T23:38:38.016+0000] {logging_mixin.py:188} INFO - [2025-12-16T23:38:38.016+0000] {dag.py:3954} INFO - Setting next_dagrun for mfg_raw_ingestion_dag to 2025-12-16 04:00:00+00:00, run_after=2025-12-17 04:00:00+00:00
[2025-12-16T23:38:38.040+0000] {processor.py:183} INFO - Processing /opt/airflow/dags/mfg_raw_ingestion_dag.py took 0.116 seconds
[2025-12-16T23:39:08.211+0000] {processor.py:161} INFO - Started process (PID=1819) to work on /opt/airflow/dags/mfg_raw_ingestion_dag.py
[2025-12-16T23:39:08.213+0000] {processor.py:830} INFO - Processing file /opt/airflow/dags/mfg_raw_ingestion_dag.py for tasks to queue
[2025-12-16T23:39:08.215+0000] {logging_mixin.py:188} INFO - [2025-12-16T23:39:08.215+0000] {dagbag.py:540} INFO - Filling up the DagBag from /opt/airflow/dags/mfg_raw_ingestion_dag.py
[2025-12-16T23:39:08.243+0000] {processor.py:840} INFO - DAG(s) 'mfg_raw_ingestion_dag' retrieved from /opt/airflow/dags/mfg_raw_ingestion_dag.py
[2025-12-16T23:39:08.270+0000] {logging_mixin.py:188} INFO - [2025-12-16T23:39:08.270+0000] {dag.py:3096} INFO - Sync 1 DAGs
[2025-12-16T23:39:08.295+0000] {logging_mixin.py:188} INFO - [2025-12-16T23:39:08.294+0000] {dag.py:3954} INFO - Setting next_dagrun for mfg_raw_ingestion_dag to 2025-12-16 04:00:00+00:00, run_after=2025-12-17 04:00:00+00:00
[2025-12-16T23:39:08.320+0000] {processor.py:183} INFO - Processing /opt/airflow/dags/mfg_raw_ingestion_dag.py took 0.115 seconds
[2025-12-16T23:39:38.671+0000] {processor.py:161} INFO - Started process (PID=1841) to work on /opt/airflow/dags/mfg_raw_ingestion_dag.py
[2025-12-16T23:39:38.673+0000] {processor.py:830} INFO - Processing file /opt/airflow/dags/mfg_raw_ingestion_dag.py for tasks to queue
[2025-12-16T23:39:38.675+0000] {logging_mixin.py:188} INFO - [2025-12-16T23:39:38.675+0000] {dagbag.py:540} INFO - Filling up the DagBag from /opt/airflow/dags/mfg_raw_ingestion_dag.py
[2025-12-16T23:39:38.707+0000] {processor.py:840} INFO - DAG(s) 'mfg_raw_ingestion_dag' retrieved from /opt/airflow/dags/mfg_raw_ingestion_dag.py
[2025-12-16T23:39:38.734+0000] {logging_mixin.py:188} INFO - [2025-12-16T23:39:38.734+0000] {dag.py:3096} INFO - Sync 1 DAGs
[2025-12-16T23:39:38.761+0000] {logging_mixin.py:188} INFO - [2025-12-16T23:39:38.760+0000] {dag.py:3954} INFO - Setting next_dagrun for mfg_raw_ingestion_dag to 2025-12-16 04:00:00+00:00, run_after=2025-12-17 04:00:00+00:00
[2025-12-16T23:39:38.785+0000] {processor.py:183} INFO - Processing /opt/airflow/dags/mfg_raw_ingestion_dag.py took 0.123 seconds
[2025-12-16T23:40:08.906+0000] {processor.py:161} INFO - Started process (PID=1863) to work on /opt/airflow/dags/mfg_raw_ingestion_dag.py
[2025-12-16T23:40:08.908+0000] {processor.py:830} INFO - Processing file /opt/airflow/dags/mfg_raw_ingestion_dag.py for tasks to queue
[2025-12-16T23:40:08.910+0000] {logging_mixin.py:188} INFO - [2025-12-16T23:40:08.909+0000] {dagbag.py:540} INFO - Filling up the DagBag from /opt/airflow/dags/mfg_raw_ingestion_dag.py
[2025-12-16T23:40:08.944+0000] {processor.py:840} INFO - DAG(s) 'mfg_raw_ingestion_dag' retrieved from /opt/airflow/dags/mfg_raw_ingestion_dag.py
[2025-12-16T23:40:08.973+0000] {logging_mixin.py:188} INFO - [2025-12-16T23:40:08.973+0000] {dag.py:3096} INFO - Sync 1 DAGs
[2025-12-16T23:40:09.000+0000] {logging_mixin.py:188} INFO - [2025-12-16T23:40:09.000+0000] {dag.py:3954} INFO - Setting next_dagrun for mfg_raw_ingestion_dag to 2025-12-16 04:00:00+00:00, run_after=2025-12-17 04:00:00+00:00
[2025-12-16T23:40:09.024+0000] {processor.py:183} INFO - Processing /opt/airflow/dags/mfg_raw_ingestion_dag.py took 0.124 seconds
[2025-12-16T23:40:39.241+0000] {processor.py:161} INFO - Started process (PID=1885) to work on /opt/airflow/dags/mfg_raw_ingestion_dag.py
[2025-12-16T23:40:39.243+0000] {processor.py:830} INFO - Processing file /opt/airflow/dags/mfg_raw_ingestion_dag.py for tasks to queue
[2025-12-16T23:40:39.246+0000] {logging_mixin.py:188} INFO - [2025-12-16T23:40:39.245+0000] {dagbag.py:540} INFO - Filling up the DagBag from /opt/airflow/dags/mfg_raw_ingestion_dag.py
[2025-12-16T23:40:39.277+0000] {processor.py:840} INFO - DAG(s) 'mfg_raw_ingestion_dag' retrieved from /opt/airflow/dags/mfg_raw_ingestion_dag.py
[2025-12-16T23:40:39.306+0000] {logging_mixin.py:188} INFO - [2025-12-16T23:40:39.306+0000] {dag.py:3096} INFO - Sync 1 DAGs
[2025-12-16T23:40:39.333+0000] {logging_mixin.py:188} INFO - [2025-12-16T23:40:39.333+0000] {dag.py:3954} INFO - Setting next_dagrun for mfg_raw_ingestion_dag to 2025-12-16 04:00:00+00:00, run_after=2025-12-17 04:00:00+00:00
[2025-12-16T23:40:39.357+0000] {processor.py:183} INFO - Processing /opt/airflow/dags/mfg_raw_ingestion_dag.py took 0.121 seconds
[2025-12-16T23:41:09.619+0000] {processor.py:161} INFO - Started process (PID=1907) to work on /opt/airflow/dags/mfg_raw_ingestion_dag.py
[2025-12-16T23:41:09.621+0000] {processor.py:830} INFO - Processing file /opt/airflow/dags/mfg_raw_ingestion_dag.py for tasks to queue
[2025-12-16T23:41:09.623+0000] {logging_mixin.py:188} INFO - [2025-12-16T23:41:09.622+0000] {dagbag.py:540} INFO - Filling up the DagBag from /opt/airflow/dags/mfg_raw_ingestion_dag.py
[2025-12-16T23:41:09.655+0000] {processor.py:840} INFO - DAG(s) 'mfg_raw_ingestion_dag' retrieved from /opt/airflow/dags/mfg_raw_ingestion_dag.py
[2025-12-16T23:41:09.685+0000] {logging_mixin.py:188} INFO - [2025-12-16T23:41:09.684+0000] {dag.py:3096} INFO - Sync 1 DAGs
[2025-12-16T23:41:09.711+0000] {logging_mixin.py:188} INFO - [2025-12-16T23:41:09.711+0000] {dag.py:3954} INFO - Setting next_dagrun for mfg_raw_ingestion_dag to 2025-12-16 04:00:00+00:00, run_after=2025-12-17 04:00:00+00:00
[2025-12-16T23:41:09.736+0000] {processor.py:183} INFO - Processing /opt/airflow/dags/mfg_raw_ingestion_dag.py took 0.124 seconds
[2025-12-16T23:41:40.141+0000] {processor.py:161} INFO - Started process (PID=1929) to work on /opt/airflow/dags/mfg_raw_ingestion_dag.py
[2025-12-16T23:41:40.142+0000] {processor.py:830} INFO - Processing file /opt/airflow/dags/mfg_raw_ingestion_dag.py for tasks to queue
[2025-12-16T23:41:40.144+0000] {logging_mixin.py:188} INFO - [2025-12-16T23:41:40.144+0000] {dagbag.py:540} INFO - Filling up the DagBag from /opt/airflow/dags/mfg_raw_ingestion_dag.py
[2025-12-16T23:41:40.182+0000] {processor.py:840} INFO - DAG(s) 'mfg_raw_ingestion_dag' retrieved from /opt/airflow/dags/mfg_raw_ingestion_dag.py
[2025-12-16T23:41:40.210+0000] {logging_mixin.py:188} INFO - [2025-12-16T23:41:40.210+0000] {dag.py:3096} INFO - Sync 1 DAGs
[2025-12-16T23:41:40.237+0000] {logging_mixin.py:188} INFO - [2025-12-16T23:41:40.237+0000] {dag.py:3954} INFO - Setting next_dagrun for mfg_raw_ingestion_dag to 2025-12-16 04:00:00+00:00, run_after=2025-12-17 04:00:00+00:00
[2025-12-16T23:41:40.261+0000] {processor.py:183} INFO - Processing /opt/airflow/dags/mfg_raw_ingestion_dag.py took 0.127 seconds
[2025-12-16T23:42:10.429+0000] {processor.py:161} INFO - Started process (PID=1951) to work on /opt/airflow/dags/mfg_raw_ingestion_dag.py
[2025-12-16T23:42:10.430+0000] {processor.py:830} INFO - Processing file /opt/airflow/dags/mfg_raw_ingestion_dag.py for tasks to queue
[2025-12-16T23:42:10.432+0000] {logging_mixin.py:188} INFO - [2025-12-16T23:42:10.432+0000] {dagbag.py:540} INFO - Filling up the DagBag from /opt/airflow/dags/mfg_raw_ingestion_dag.py
[2025-12-16T23:42:10.465+0000] {processor.py:840} INFO - DAG(s) 'mfg_raw_ingestion_dag' retrieved from /opt/airflow/dags/mfg_raw_ingestion_dag.py
[2025-12-16T23:42:10.496+0000] {logging_mixin.py:188} INFO - [2025-12-16T23:42:10.496+0000] {dag.py:3096} INFO - Sync 1 DAGs
[2025-12-16T23:42:10.523+0000] {logging_mixin.py:188} INFO - [2025-12-16T23:42:10.522+0000] {dag.py:3954} INFO - Setting next_dagrun for mfg_raw_ingestion_dag to 2025-12-16 04:00:00+00:00, run_after=2025-12-17 04:00:00+00:00
[2025-12-16T23:42:10.548+0000] {processor.py:183} INFO - Processing /opt/airflow/dags/mfg_raw_ingestion_dag.py took 0.126 seconds
[2025-12-16T23:42:40.808+0000] {processor.py:161} INFO - Started process (PID=1973) to work on /opt/airflow/dags/mfg_raw_ingestion_dag.py
[2025-12-16T23:42:40.810+0000] {processor.py:830} INFO - Processing file /opt/airflow/dags/mfg_raw_ingestion_dag.py for tasks to queue
[2025-12-16T23:42:40.813+0000] {logging_mixin.py:188} INFO - [2025-12-16T23:42:40.812+0000] {dagbag.py:540} INFO - Filling up the DagBag from /opt/airflow/dags/mfg_raw_ingestion_dag.py
[2025-12-16T23:42:40.847+0000] {processor.py:840} INFO - DAG(s) 'mfg_raw_ingestion_dag' retrieved from /opt/airflow/dags/mfg_raw_ingestion_dag.py
[2025-12-16T23:42:40.877+0000] {logging_mixin.py:188} INFO - [2025-12-16T23:42:40.876+0000] {dag.py:3096} INFO - Sync 1 DAGs
[2025-12-16T23:42:40.903+0000] {logging_mixin.py:188} INFO - [2025-12-16T23:42:40.903+0000] {dag.py:3954} INFO - Setting next_dagrun for mfg_raw_ingestion_dag to 2025-12-16 04:00:00+00:00, run_after=2025-12-17 04:00:00+00:00
[2025-12-16T23:42:40.926+0000] {processor.py:183} INFO - Processing /opt/airflow/dags/mfg_raw_ingestion_dag.py took 0.126 seconds
[2025-12-16T23:43:11.107+0000] {processor.py:161} INFO - Started process (PID=1995) to work on /opt/airflow/dags/mfg_raw_ingestion_dag.py
[2025-12-16T23:43:11.108+0000] {processor.py:830} INFO - Processing file /opt/airflow/dags/mfg_raw_ingestion_dag.py for tasks to queue
[2025-12-16T23:43:11.111+0000] {logging_mixin.py:188} INFO - [2025-12-16T23:43:11.110+0000] {dagbag.py:540} INFO - Filling up the DagBag from /opt/airflow/dags/mfg_raw_ingestion_dag.py
[2025-12-16T23:43:11.144+0000] {processor.py:840} INFO - DAG(s) 'mfg_raw_ingestion_dag' retrieved from /opt/airflow/dags/mfg_raw_ingestion_dag.py
[2025-12-16T23:43:11.175+0000] {logging_mixin.py:188} INFO - [2025-12-16T23:43:11.175+0000] {dag.py:3096} INFO - Sync 1 DAGs
[2025-12-16T23:43:11.206+0000] {logging_mixin.py:188} INFO - [2025-12-16T23:43:11.206+0000] {dag.py:3954} INFO - Setting next_dagrun for mfg_raw_ingestion_dag to 2025-12-16 04:00:00+00:00, run_after=2025-12-17 04:00:00+00:00
[2025-12-16T23:43:11.233+0000] {processor.py:183} INFO - Processing /opt/airflow/dags/mfg_raw_ingestion_dag.py took 0.134 seconds
[2025-12-16T23:43:41.790+0000] {processor.py:161} INFO - Started process (PID=2017) to work on /opt/airflow/dags/mfg_raw_ingestion_dag.py
[2025-12-16T23:43:41.791+0000] {processor.py:830} INFO - Processing file /opt/airflow/dags/mfg_raw_ingestion_dag.py for tasks to queue
[2025-12-16T23:43:41.793+0000] {logging_mixin.py:188} INFO - [2025-12-16T23:43:41.793+0000] {dagbag.py:540} INFO - Filling up the DagBag from /opt/airflow/dags/mfg_raw_ingestion_dag.py
[2025-12-16T23:43:41.825+0000] {processor.py:840} INFO - DAG(s) 'mfg_raw_ingestion_dag' retrieved from /opt/airflow/dags/mfg_raw_ingestion_dag.py
[2025-12-16T23:43:41.856+0000] {logging_mixin.py:188} INFO - [2025-12-16T23:43:41.856+0000] {dag.py:3096} INFO - Sync 1 DAGs
[2025-12-16T23:43:41.883+0000] {logging_mixin.py:188} INFO - [2025-12-16T23:43:41.883+0000] {dag.py:3954} INFO - Setting next_dagrun for mfg_raw_ingestion_dag to 2025-12-16 04:00:00+00:00, run_after=2025-12-17 04:00:00+00:00
[2025-12-16T23:43:41.912+0000] {processor.py:183} INFO - Processing /opt/airflow/dags/mfg_raw_ingestion_dag.py took 0.128 seconds
[2025-12-16T23:44:12.187+0000] {processor.py:161} INFO - Started process (PID=2039) to work on /opt/airflow/dags/mfg_raw_ingestion_dag.py
[2025-12-16T23:44:12.188+0000] {processor.py:830} INFO - Processing file /opt/airflow/dags/mfg_raw_ingestion_dag.py for tasks to queue
[2025-12-16T23:44:12.191+0000] {logging_mixin.py:188} INFO - [2025-12-16T23:44:12.190+0000] {dagbag.py:540} INFO - Filling up the DagBag from /opt/airflow/dags/mfg_raw_ingestion_dag.py
[2025-12-16T23:44:12.233+0000] {processor.py:840} INFO - DAG(s) 'mfg_raw_ingestion_dag' retrieved from /opt/airflow/dags/mfg_raw_ingestion_dag.py
[2025-12-16T23:44:12.267+0000] {logging_mixin.py:188} INFO - [2025-12-16T23:44:12.266+0000] {dag.py:3096} INFO - Sync 1 DAGs
[2025-12-16T23:44:12.293+0000] {logging_mixin.py:188} INFO - [2025-12-16T23:44:12.293+0000] {dag.py:3954} INFO - Setting next_dagrun for mfg_raw_ingestion_dag to 2025-12-16 04:00:00+00:00, run_after=2025-12-17 04:00:00+00:00
[2025-12-16T23:44:12.320+0000] {processor.py:183} INFO - Processing /opt/airflow/dags/mfg_raw_ingestion_dag.py took 0.140 seconds
[2025-12-16T23:44:42.837+0000] {processor.py:161} INFO - Started process (PID=2057) to work on /opt/airflow/dags/mfg_raw_ingestion_dag.py
[2025-12-16T23:44:42.839+0000] {processor.py:830} INFO - Processing file /opt/airflow/dags/mfg_raw_ingestion_dag.py for tasks to queue
[2025-12-16T23:44:42.842+0000] {logging_mixin.py:188} INFO - [2025-12-16T23:44:42.841+0000] {dagbag.py:540} INFO - Filling up the DagBag from /opt/airflow/dags/mfg_raw_ingestion_dag.py
[2025-12-16T23:44:42.889+0000] {processor.py:840} INFO - DAG(s) 'mfg_raw_ingestion_dag' retrieved from /opt/airflow/dags/mfg_raw_ingestion_dag.py
[2025-12-16T23:44:42.933+0000] {logging_mixin.py:188} INFO - [2025-12-16T23:44:42.932+0000] {dag.py:3096} INFO - Sync 1 DAGs
[2025-12-16T23:44:42.967+0000] {logging_mixin.py:188} INFO - [2025-12-16T23:44:42.966+0000] {dag.py:3954} INFO - Setting next_dagrun for mfg_raw_ingestion_dag to 2025-12-16 04:00:00+00:00, run_after=2025-12-17 04:00:00+00:00
[2025-12-16T23:44:42.998+0000] {processor.py:183} INFO - Processing /opt/airflow/dags/mfg_raw_ingestion_dag.py took 0.170 seconds
[2025-12-16T23:45:13.265+0000] {processor.py:161} INFO - Started process (PID=2076) to work on /opt/airflow/dags/mfg_raw_ingestion_dag.py
[2025-12-16T23:45:13.267+0000] {processor.py:830} INFO - Processing file /opt/airflow/dags/mfg_raw_ingestion_dag.py for tasks to queue
[2025-12-16T23:45:13.270+0000] {logging_mixin.py:188} INFO - [2025-12-16T23:45:13.269+0000] {dagbag.py:540} INFO - Filling up the DagBag from /opt/airflow/dags/mfg_raw_ingestion_dag.py
[2025-12-16T23:45:13.301+0000] {processor.py:840} INFO - DAG(s) 'mfg_raw_ingestion_dag' retrieved from /opt/airflow/dags/mfg_raw_ingestion_dag.py
[2025-12-16T23:45:13.330+0000] {logging_mixin.py:188} INFO - [2025-12-16T23:45:13.330+0000] {dag.py:3096} INFO - Sync 1 DAGs
[2025-12-16T23:45:13.357+0000] {logging_mixin.py:188} INFO - [2025-12-16T23:45:13.357+0000] {dag.py:3954} INFO - Setting next_dagrun for mfg_raw_ingestion_dag to 2025-12-16 04:00:00+00:00, run_after=2025-12-17 04:00:00+00:00
[2025-12-16T23:45:13.393+0000] {processor.py:183} INFO - Processing /opt/airflow/dags/mfg_raw_ingestion_dag.py took 0.134 seconds
[2025-12-16T23:45:43.602+0000] {processor.py:161} INFO - Started process (PID=2098) to work on /opt/airflow/dags/mfg_raw_ingestion_dag.py
[2025-12-16T23:45:43.603+0000] {processor.py:830} INFO - Processing file /opt/airflow/dags/mfg_raw_ingestion_dag.py for tasks to queue
[2025-12-16T23:45:43.606+0000] {logging_mixin.py:188} INFO - [2025-12-16T23:45:43.605+0000] {dagbag.py:540} INFO - Filling up the DagBag from /opt/airflow/dags/mfg_raw_ingestion_dag.py
[2025-12-16T23:45:43.636+0000] {processor.py:840} INFO - DAG(s) 'mfg_raw_ingestion_dag' retrieved from /opt/airflow/dags/mfg_raw_ingestion_dag.py
[2025-12-16T23:45:43.666+0000] {logging_mixin.py:188} INFO - [2025-12-16T23:45:43.666+0000] {dag.py:3096} INFO - Sync 1 DAGs
[2025-12-16T23:45:43.706+0000] {logging_mixin.py:188} INFO - [2025-12-16T23:45:43.706+0000] {dag.py:3954} INFO - Setting next_dagrun for mfg_raw_ingestion_dag to 2025-12-16 04:00:00+00:00, run_after=2025-12-17 04:00:00+00:00
[2025-12-16T23:45:43.733+0000] {processor.py:183} INFO - Processing /opt/airflow/dags/mfg_raw_ingestion_dag.py took 0.138 seconds
[2025-12-16T23:46:13.884+0000] {processor.py:161} INFO - Started process (PID=2120) to work on /opt/airflow/dags/mfg_raw_ingestion_dag.py
[2025-12-16T23:46:13.886+0000] {processor.py:830} INFO - Processing file /opt/airflow/dags/mfg_raw_ingestion_dag.py for tasks to queue
[2025-12-16T23:46:13.889+0000] {logging_mixin.py:188} INFO - [2025-12-16T23:46:13.888+0000] {dagbag.py:540} INFO - Filling up the DagBag from /opt/airflow/dags/mfg_raw_ingestion_dag.py
[2025-12-16T23:46:13.919+0000] {processor.py:840} INFO - DAG(s) 'mfg_raw_ingestion_dag' retrieved from /opt/airflow/dags/mfg_raw_ingestion_dag.py
[2025-12-16T23:46:13.947+0000] {logging_mixin.py:188} INFO - [2025-12-16T23:46:13.947+0000] {dag.py:3096} INFO - Sync 1 DAGs
[2025-12-16T23:46:13.975+0000] {logging_mixin.py:188} INFO - [2025-12-16T23:46:13.974+0000] {dag.py:3954} INFO - Setting next_dagrun for mfg_raw_ingestion_dag to 2025-12-16 04:00:00+00:00, run_after=2025-12-17 04:00:00+00:00
[2025-12-16T23:46:14.009+0000] {processor.py:183} INFO - Processing /opt/airflow/dags/mfg_raw_ingestion_dag.py took 0.132 seconds
[2025-12-16T23:46:44.211+0000] {processor.py:161} INFO - Started process (PID=2142) to work on /opt/airflow/dags/mfg_raw_ingestion_dag.py
[2025-12-16T23:46:44.212+0000] {processor.py:830} INFO - Processing file /opt/airflow/dags/mfg_raw_ingestion_dag.py for tasks to queue
[2025-12-16T23:46:44.216+0000] {logging_mixin.py:188} INFO - [2025-12-16T23:46:44.215+0000] {dagbag.py:540} INFO - Filling up the DagBag from /opt/airflow/dags/mfg_raw_ingestion_dag.py
[2025-12-16T23:46:44.269+0000] {processor.py:840} INFO - DAG(s) 'mfg_raw_ingestion_dag' retrieved from /opt/airflow/dags/mfg_raw_ingestion_dag.py
[2025-12-16T23:46:44.313+0000] {logging_mixin.py:188} INFO - [2025-12-16T23:46:44.313+0000] {dag.py:3096} INFO - Sync 1 DAGs
[2025-12-16T23:46:44.351+0000] {logging_mixin.py:188} INFO - [2025-12-16T23:46:44.351+0000] {dag.py:3954} INFO - Setting next_dagrun for mfg_raw_ingestion_dag to 2025-12-16 04:00:00+00:00, run_after=2025-12-17 04:00:00+00:00
[2025-12-16T23:46:44.386+0000] {processor.py:183} INFO - Processing /opt/airflow/dags/mfg_raw_ingestion_dag.py took 0.183 seconds
[2025-12-16T23:47:14.533+0000] {processor.py:161} INFO - Started process (PID=2164) to work on /opt/airflow/dags/mfg_raw_ingestion_dag.py
[2025-12-16T23:47:14.534+0000] {processor.py:830} INFO - Processing file /opt/airflow/dags/mfg_raw_ingestion_dag.py for tasks to queue
[2025-12-16T23:47:14.537+0000] {logging_mixin.py:188} INFO - [2025-12-16T23:47:14.536+0000] {dagbag.py:540} INFO - Filling up the DagBag from /opt/airflow/dags/mfg_raw_ingestion_dag.py
[2025-12-16T23:47:14.571+0000] {processor.py:840} INFO - DAG(s) 'mfg_raw_ingestion_dag' retrieved from /opt/airflow/dags/mfg_raw_ingestion_dag.py
[2025-12-16T23:47:14.601+0000] {logging_mixin.py:188} INFO - [2025-12-16T23:47:14.601+0000] {dag.py:3096} INFO - Sync 1 DAGs
[2025-12-16T23:47:14.627+0000] {logging_mixin.py:188} INFO - [2025-12-16T23:47:14.627+0000] {dag.py:3954} INFO - Setting next_dagrun for mfg_raw_ingestion_dag to 2025-12-16 04:00:00+00:00, run_after=2025-12-17 04:00:00+00:00
[2025-12-16T23:47:14.659+0000] {processor.py:183} INFO - Processing /opt/airflow/dags/mfg_raw_ingestion_dag.py took 0.132 seconds
[2025-12-16T23:47:44.849+0000] {processor.py:161} INFO - Started process (PID=2186) to work on /opt/airflow/dags/mfg_raw_ingestion_dag.py
[2025-12-16T23:47:44.850+0000] {processor.py:830} INFO - Processing file /opt/airflow/dags/mfg_raw_ingestion_dag.py for tasks to queue
[2025-12-16T23:47:44.854+0000] {logging_mixin.py:188} INFO - [2025-12-16T23:47:44.854+0000] {dagbag.py:540} INFO - Filling up the DagBag from /opt/airflow/dags/mfg_raw_ingestion_dag.py
[2025-12-16T23:47:44.886+0000] {processor.py:840} INFO - DAG(s) 'mfg_raw_ingestion_dag' retrieved from /opt/airflow/dags/mfg_raw_ingestion_dag.py
[2025-12-16T23:47:44.914+0000] {logging_mixin.py:188} INFO - [2025-12-16T23:47:44.914+0000] {dag.py:3096} INFO - Sync 1 DAGs
[2025-12-16T23:47:44.953+0000] {logging_mixin.py:188} INFO - [2025-12-16T23:47:44.952+0000] {dag.py:3954} INFO - Setting next_dagrun for mfg_raw_ingestion_dag to 2025-12-16 04:00:00+00:00, run_after=2025-12-17 04:00:00+00:00
[2025-12-16T23:47:44.978+0000] {processor.py:183} INFO - Processing /opt/airflow/dags/mfg_raw_ingestion_dag.py took 0.136 seconds
[2025-12-16T23:48:15.154+0000] {processor.py:161} INFO - Started process (PID=2208) to work on /opt/airflow/dags/mfg_raw_ingestion_dag.py
[2025-12-16T23:48:15.155+0000] {processor.py:830} INFO - Processing file /opt/airflow/dags/mfg_raw_ingestion_dag.py for tasks to queue
[2025-12-16T23:48:15.157+0000] {logging_mixin.py:188} INFO - [2025-12-16T23:48:15.157+0000] {dagbag.py:540} INFO - Filling up the DagBag from /opt/airflow/dags/mfg_raw_ingestion_dag.py
[2025-12-16T23:48:15.192+0000] {processor.py:840} INFO - DAG(s) 'mfg_raw_ingestion_dag' retrieved from /opt/airflow/dags/mfg_raw_ingestion_dag.py
[2025-12-16T23:48:15.221+0000] {logging_mixin.py:188} INFO - [2025-12-16T23:48:15.220+0000] {dag.py:3096} INFO - Sync 1 DAGs
[2025-12-16T23:48:15.247+0000] {logging_mixin.py:188} INFO - [2025-12-16T23:48:15.246+0000] {dag.py:3954} INFO - Setting next_dagrun for mfg_raw_ingestion_dag to 2025-12-16 04:00:00+00:00, run_after=2025-12-17 04:00:00+00:00
[2025-12-16T23:48:15.273+0000] {processor.py:183} INFO - Processing /opt/airflow/dags/mfg_raw_ingestion_dag.py took 0.127 seconds
[2025-12-16T23:48:45.621+0000] {processor.py:161} INFO - Started process (PID=2230) to work on /opt/airflow/dags/mfg_raw_ingestion_dag.py
[2025-12-16T23:48:45.622+0000] {processor.py:830} INFO - Processing file /opt/airflow/dags/mfg_raw_ingestion_dag.py for tasks to queue
[2025-12-16T23:48:45.625+0000] {logging_mixin.py:188} INFO - [2025-12-16T23:48:45.625+0000] {dagbag.py:540} INFO - Filling up the DagBag from /opt/airflow/dags/mfg_raw_ingestion_dag.py
[2025-12-16T23:48:45.666+0000] {processor.py:840} INFO - DAG(s) 'mfg_raw_ingestion_dag' retrieved from /opt/airflow/dags/mfg_raw_ingestion_dag.py
[2025-12-16T23:48:45.715+0000] {logging_mixin.py:188} INFO - [2025-12-16T23:48:45.714+0000] {dag.py:3096} INFO - Sync 1 DAGs
[2025-12-16T23:48:45.764+0000] {logging_mixin.py:188} INFO - [2025-12-16T23:48:45.763+0000] {dag.py:3954} INFO - Setting next_dagrun for mfg_raw_ingestion_dag to 2025-12-16 04:00:00+00:00, run_after=2025-12-17 04:00:00+00:00
[2025-12-16T23:48:45.792+0000] {processor.py:183} INFO - Processing /opt/airflow/dags/mfg_raw_ingestion_dag.py took 0.183 seconds
[2025-12-16T23:49:16.303+0000] {processor.py:161} INFO - Started process (PID=2252) to work on /opt/airflow/dags/mfg_raw_ingestion_dag.py
[2025-12-16T23:49:16.305+0000] {processor.py:830} INFO - Processing file /opt/airflow/dags/mfg_raw_ingestion_dag.py for tasks to queue
[2025-12-16T23:49:16.308+0000] {logging_mixin.py:188} INFO - [2025-12-16T23:49:16.307+0000] {dagbag.py:540} INFO - Filling up the DagBag from /opt/airflow/dags/mfg_raw_ingestion_dag.py
[2025-12-16T23:49:16.347+0000] {processor.py:840} INFO - DAG(s) 'mfg_raw_ingestion_dag' retrieved from /opt/airflow/dags/mfg_raw_ingestion_dag.py
[2025-12-16T23:49:16.381+0000] {logging_mixin.py:188} INFO - [2025-12-16T23:49:16.381+0000] {dag.py:3096} INFO - Sync 1 DAGs
[2025-12-16T23:49:16.412+0000] {logging_mixin.py:188} INFO - [2025-12-16T23:49:16.412+0000] {dag.py:3954} INFO - Setting next_dagrun for mfg_raw_ingestion_dag to 2025-12-16 04:00:00+00:00, run_after=2025-12-17 04:00:00+00:00
[2025-12-16T23:49:16.443+0000] {processor.py:183} INFO - Processing /opt/airflow/dags/mfg_raw_ingestion_dag.py took 0.149 seconds
[2025-12-16T23:49:46.833+0000] {processor.py:161} INFO - Started process (PID=2274) to work on /opt/airflow/dags/mfg_raw_ingestion_dag.py
[2025-12-16T23:49:46.834+0000] {processor.py:830} INFO - Processing file /opt/airflow/dags/mfg_raw_ingestion_dag.py for tasks to queue
[2025-12-16T23:49:46.837+0000] {logging_mixin.py:188} INFO - [2025-12-16T23:49:46.837+0000] {dagbag.py:540} INFO - Filling up the DagBag from /opt/airflow/dags/mfg_raw_ingestion_dag.py
[2025-12-16T23:49:46.879+0000] {processor.py:840} INFO - DAG(s) 'mfg_raw_ingestion_dag' retrieved from /opt/airflow/dags/mfg_raw_ingestion_dag.py
[2025-12-16T23:49:46.915+0000] {logging_mixin.py:188} INFO - [2025-12-16T23:49:46.915+0000] {dag.py:3096} INFO - Sync 1 DAGs
[2025-12-16T23:49:46.948+0000] {logging_mixin.py:188} INFO - [2025-12-16T23:49:46.948+0000] {dag.py:3954} INFO - Setting next_dagrun for mfg_raw_ingestion_dag to 2025-12-16 04:00:00+00:00, run_after=2025-12-17 04:00:00+00:00
[2025-12-16T23:49:46.977+0000] {processor.py:183} INFO - Processing /opt/airflow/dags/mfg_raw_ingestion_dag.py took 0.152 seconds
[2025-12-16T23:50:17.443+0000] {processor.py:161} INFO - Started process (PID=2296) to work on /opt/airflow/dags/mfg_raw_ingestion_dag.py
[2025-12-16T23:50:17.444+0000] {processor.py:830} INFO - Processing file /opt/airflow/dags/mfg_raw_ingestion_dag.py for tasks to queue
[2025-12-16T23:50:17.447+0000] {logging_mixin.py:188} INFO - [2025-12-16T23:50:17.446+0000] {dagbag.py:540} INFO - Filling up the DagBag from /opt/airflow/dags/mfg_raw_ingestion_dag.py
[2025-12-16T23:50:17.486+0000] {processor.py:840} INFO - DAG(s) 'mfg_raw_ingestion_dag' retrieved from /opt/airflow/dags/mfg_raw_ingestion_dag.py
[2025-12-16T23:50:17.522+0000] {logging_mixin.py:188} INFO - [2025-12-16T23:50:17.521+0000] {dag.py:3096} INFO - Sync 1 DAGs
[2025-12-16T23:50:17.555+0000] {logging_mixin.py:188} INFO - [2025-12-16T23:50:17.555+0000] {dag.py:3954} INFO - Setting next_dagrun for mfg_raw_ingestion_dag to 2025-12-16 04:00:00+00:00, run_after=2025-12-17 04:00:00+00:00
[2025-12-16T23:50:17.585+0000] {processor.py:183} INFO - Processing /opt/airflow/dags/mfg_raw_ingestion_dag.py took 0.151 seconds
[2025-12-16T23:50:48.026+0000] {processor.py:161} INFO - Started process (PID=2318) to work on /opt/airflow/dags/mfg_raw_ingestion_dag.py
[2025-12-16T23:50:48.027+0000] {processor.py:830} INFO - Processing file /opt/airflow/dags/mfg_raw_ingestion_dag.py for tasks to queue
[2025-12-16T23:50:48.030+0000] {logging_mixin.py:188} INFO - [2025-12-16T23:50:48.030+0000] {dagbag.py:540} INFO - Filling up the DagBag from /opt/airflow/dags/mfg_raw_ingestion_dag.py
[2025-12-16T23:50:48.066+0000] {processor.py:840} INFO - DAG(s) 'mfg_raw_ingestion_dag' retrieved from /opt/airflow/dags/mfg_raw_ingestion_dag.py
[2025-12-16T23:50:48.105+0000] {logging_mixin.py:188} INFO - [2025-12-16T23:50:48.104+0000] {dag.py:3096} INFO - Sync 1 DAGs
[2025-12-16T23:50:48.138+0000] {logging_mixin.py:188} INFO - [2025-12-16T23:50:48.138+0000] {dag.py:3954} INFO - Setting next_dagrun for mfg_raw_ingestion_dag to 2025-12-16 04:00:00+00:00, run_after=2025-12-17 04:00:00+00:00
[2025-12-16T23:50:48.168+0000] {processor.py:183} INFO - Processing /opt/airflow/dags/mfg_raw_ingestion_dag.py took 0.150 seconds
[2025-12-16T23:51:18.469+0000] {processor.py:161} INFO - Started process (PID=2340) to work on /opt/airflow/dags/mfg_raw_ingestion_dag.py
[2025-12-16T23:51:18.471+0000] {processor.py:830} INFO - Processing file /opt/airflow/dags/mfg_raw_ingestion_dag.py for tasks to queue
[2025-12-16T23:51:18.475+0000] {logging_mixin.py:188} INFO - [2025-12-16T23:51:18.474+0000] {dagbag.py:540} INFO - Filling up the DagBag from /opt/airflow/dags/mfg_raw_ingestion_dag.py
[2025-12-16T23:51:18.518+0000] {processor.py:840} INFO - DAG(s) 'mfg_raw_ingestion_dag' retrieved from /opt/airflow/dags/mfg_raw_ingestion_dag.py
[2025-12-16T23:51:18.567+0000] {logging_mixin.py:188} INFO - [2025-12-16T23:51:18.566+0000] {dag.py:3096} INFO - Sync 1 DAGs
[2025-12-16T23:51:18.610+0000] {logging_mixin.py:188} INFO - [2025-12-16T23:51:18.610+0000] {dag.py:3954} INFO - Setting next_dagrun for mfg_raw_ingestion_dag to 2025-12-16 04:00:00+00:00, run_after=2025-12-17 04:00:00+00:00
[2025-12-16T23:51:18.643+0000] {processor.py:183} INFO - Processing /opt/airflow/dags/mfg_raw_ingestion_dag.py took 0.183 seconds
[2025-12-16T23:51:49.199+0000] {processor.py:161} INFO - Started process (PID=2362) to work on /opt/airflow/dags/mfg_raw_ingestion_dag.py
[2025-12-16T23:51:49.200+0000] {processor.py:830} INFO - Processing file /opt/airflow/dags/mfg_raw_ingestion_dag.py for tasks to queue
[2025-12-16T23:51:49.202+0000] {logging_mixin.py:188} INFO - [2025-12-16T23:51:49.202+0000] {dagbag.py:540} INFO - Filling up the DagBag from /opt/airflow/dags/mfg_raw_ingestion_dag.py
[2025-12-16T23:51:49.239+0000] {processor.py:840} INFO - DAG(s) 'mfg_raw_ingestion_dag' retrieved from /opt/airflow/dags/mfg_raw_ingestion_dag.py
[2025-12-16T23:51:49.272+0000] {logging_mixin.py:188} INFO - [2025-12-16T23:51:49.271+0000] {dag.py:3096} INFO - Sync 1 DAGs
[2025-12-16T23:51:49.303+0000] {logging_mixin.py:188} INFO - [2025-12-16T23:51:49.303+0000] {dag.py:3954} INFO - Setting next_dagrun for mfg_raw_ingestion_dag to 2025-12-16 04:00:00+00:00, run_after=2025-12-17 04:00:00+00:00
[2025-12-16T23:51:49.333+0000] {processor.py:183} INFO - Processing /opt/airflow/dags/mfg_raw_ingestion_dag.py took 0.142 seconds
[2025-12-16T23:52:19.922+0000] {processor.py:161} INFO - Started process (PID=2384) to work on /opt/airflow/dags/mfg_raw_ingestion_dag.py
[2025-12-16T23:52:19.924+0000] {processor.py:830} INFO - Processing file /opt/airflow/dags/mfg_raw_ingestion_dag.py for tasks to queue
[2025-12-16T23:52:19.928+0000] {logging_mixin.py:188} INFO - [2025-12-16T23:52:19.927+0000] {dagbag.py:540} INFO - Filling up the DagBag from /opt/airflow/dags/mfg_raw_ingestion_dag.py
[2025-12-16T23:52:19.973+0000] {processor.py:840} INFO - DAG(s) 'mfg_raw_ingestion_dag' retrieved from /opt/airflow/dags/mfg_raw_ingestion_dag.py
[2025-12-16T23:52:20.014+0000] {logging_mixin.py:188} INFO - [2025-12-16T23:52:20.013+0000] {dag.py:3096} INFO - Sync 1 DAGs
[2025-12-16T23:52:20.053+0000] {logging_mixin.py:188} INFO - [2025-12-16T23:52:20.052+0000] {dag.py:3954} INFO - Setting next_dagrun for mfg_raw_ingestion_dag to 2025-12-16 04:00:00+00:00, run_after=2025-12-17 04:00:00+00:00
[2025-12-16T23:52:20.086+0000] {processor.py:183} INFO - Processing /opt/airflow/dags/mfg_raw_ingestion_dag.py took 0.173 seconds
[2025-12-16T23:52:50.492+0000] {processor.py:161} INFO - Started process (PID=2406) to work on /opt/airflow/dags/mfg_raw_ingestion_dag.py
[2025-12-16T23:52:50.493+0000] {processor.py:830} INFO - Processing file /opt/airflow/dags/mfg_raw_ingestion_dag.py for tasks to queue
[2025-12-16T23:52:50.496+0000] {logging_mixin.py:188} INFO - [2025-12-16T23:52:50.495+0000] {dagbag.py:540} INFO - Filling up the DagBag from /opt/airflow/dags/mfg_raw_ingestion_dag.py
[2025-12-16T23:52:50.530+0000] {processor.py:840} INFO - DAG(s) 'mfg_raw_ingestion_dag' retrieved from /opt/airflow/dags/mfg_raw_ingestion_dag.py
[2025-12-16T23:52:50.563+0000] {logging_mixin.py:188} INFO - [2025-12-16T23:52:50.563+0000] {dag.py:3096} INFO - Sync 1 DAGs
[2025-12-16T23:52:50.595+0000] {logging_mixin.py:188} INFO - [2025-12-16T23:52:50.595+0000] {dag.py:3954} INFO - Setting next_dagrun for mfg_raw_ingestion_dag to 2025-12-16 04:00:00+00:00, run_after=2025-12-17 04:00:00+00:00
[2025-12-16T23:52:50.625+0000] {processor.py:183} INFO - Processing /opt/airflow/dags/mfg_raw_ingestion_dag.py took 0.141 seconds
[2025-12-16T23:53:21.042+0000] {processor.py:161} INFO - Started process (PID=2428) to work on /opt/airflow/dags/mfg_raw_ingestion_dag.py
[2025-12-16T23:53:21.044+0000] {processor.py:830} INFO - Processing file /opt/airflow/dags/mfg_raw_ingestion_dag.py for tasks to queue
[2025-12-16T23:53:21.048+0000] {logging_mixin.py:188} INFO - [2025-12-16T23:53:21.048+0000] {dagbag.py:540} INFO - Filling up the DagBag from /opt/airflow/dags/mfg_raw_ingestion_dag.py
[2025-12-16T23:53:21.099+0000] {processor.py:840} INFO - DAG(s) 'mfg_raw_ingestion_dag' retrieved from /opt/airflow/dags/mfg_raw_ingestion_dag.py
[2025-12-16T23:53:21.146+0000] {logging_mixin.py:188} INFO - [2025-12-16T23:53:21.145+0000] {dag.py:3096} INFO - Sync 1 DAGs
[2025-12-16T23:53:21.183+0000] {logging_mixin.py:188} INFO - [2025-12-16T23:53:21.182+0000] {dag.py:3954} INFO - Setting next_dagrun for mfg_raw_ingestion_dag to 2025-12-16 04:00:00+00:00, run_after=2025-12-17 04:00:00+00:00
[2025-12-16T23:53:21.217+0000] {processor.py:183} INFO - Processing /opt/airflow/dags/mfg_raw_ingestion_dag.py took 0.188 seconds
[2025-12-16T23:53:51.271+0000] {processor.py:161} INFO - Started process (PID=2450) to work on /opt/airflow/dags/mfg_raw_ingestion_dag.py
[2025-12-16T23:53:51.272+0000] {processor.py:830} INFO - Processing file /opt/airflow/dags/mfg_raw_ingestion_dag.py for tasks to queue
[2025-12-16T23:53:51.274+0000] {logging_mixin.py:188} INFO - [2025-12-16T23:53:51.274+0000] {dagbag.py:540} INFO - Filling up the DagBag from /opt/airflow/dags/mfg_raw_ingestion_dag.py
[2025-12-16T23:53:51.306+0000] {processor.py:840} INFO - DAG(s) 'mfg_raw_ingestion_dag' retrieved from /opt/airflow/dags/mfg_raw_ingestion_dag.py
[2025-12-16T23:53:51.335+0000] {logging_mixin.py:188} INFO - [2025-12-16T23:53:51.335+0000] {dag.py:3096} INFO - Sync 1 DAGs
[2025-12-16T23:53:51.359+0000] {logging_mixin.py:188} INFO - [2025-12-16T23:53:51.359+0000] {dag.py:3954} INFO - Setting next_dagrun for mfg_raw_ingestion_dag to 2025-12-16 04:00:00+00:00, run_after=2025-12-17 04:00:00+00:00
[2025-12-16T23:53:51.383+0000] {processor.py:183} INFO - Processing /opt/airflow/dags/mfg_raw_ingestion_dag.py took 0.119 seconds
[2025-12-16T23:54:21.657+0000] {processor.py:161} INFO - Started process (PID=2472) to work on /opt/airflow/dags/mfg_raw_ingestion_dag.py
[2025-12-16T23:54:21.658+0000] {processor.py:830} INFO - Processing file /opt/airflow/dags/mfg_raw_ingestion_dag.py for tasks to queue
[2025-12-16T23:54:21.661+0000] {logging_mixin.py:188} INFO - [2025-12-16T23:54:21.661+0000] {dagbag.py:540} INFO - Filling up the DagBag from /opt/airflow/dags/mfg_raw_ingestion_dag.py
[2025-12-16T23:54:21.694+0000] {processor.py:840} INFO - DAG(s) 'mfg_raw_ingestion_dag' retrieved from /opt/airflow/dags/mfg_raw_ingestion_dag.py
[2025-12-16T23:54:21.722+0000] {logging_mixin.py:188} INFO - [2025-12-16T23:54:21.722+0000] {dag.py:3096} INFO - Sync 1 DAGs
[2025-12-16T23:54:21.747+0000] {logging_mixin.py:188} INFO - [2025-12-16T23:54:21.747+0000] {dag.py:3954} INFO - Setting next_dagrun for mfg_raw_ingestion_dag to 2025-12-16 04:00:00+00:00, run_after=2025-12-17 04:00:00+00:00
[2025-12-16T23:54:21.772+0000] {processor.py:183} INFO - Processing /opt/airflow/dags/mfg_raw_ingestion_dag.py took 0.121 seconds
[2025-12-16T23:54:51.860+0000] {processor.py:161} INFO - Started process (PID=2494) to work on /opt/airflow/dags/mfg_raw_ingestion_dag.py
[2025-12-16T23:54:51.861+0000] {processor.py:830} INFO - Processing file /opt/airflow/dags/mfg_raw_ingestion_dag.py for tasks to queue
[2025-12-16T23:54:51.865+0000] {logging_mixin.py:188} INFO - [2025-12-16T23:54:51.864+0000] {dagbag.py:540} INFO - Filling up the DagBag from /opt/airflow/dags/mfg_raw_ingestion_dag.py
[2025-12-16T23:54:51.894+0000] {processor.py:840} INFO - DAG(s) 'mfg_raw_ingestion_dag' retrieved from /opt/airflow/dags/mfg_raw_ingestion_dag.py
[2025-12-16T23:54:51.929+0000] {logging_mixin.py:188} INFO - [2025-12-16T23:54:51.929+0000] {dag.py:3096} INFO - Sync 1 DAGs
[2025-12-16T23:54:51.955+0000] {logging_mixin.py:188} INFO - [2025-12-16T23:54:51.955+0000] {dag.py:3954} INFO - Setting next_dagrun for mfg_raw_ingestion_dag to 2025-12-16 04:00:00+00:00, run_after=2025-12-17 04:00:00+00:00
[2025-12-16T23:54:51.979+0000] {processor.py:183} INFO - Processing /opt/airflow/dags/mfg_raw_ingestion_dag.py took 0.126 seconds
[2025-12-16T23:55:22.122+0000] {processor.py:161} INFO - Started process (PID=2516) to work on /opt/airflow/dags/mfg_raw_ingestion_dag.py
[2025-12-16T23:55:22.123+0000] {processor.py:830} INFO - Processing file /opt/airflow/dags/mfg_raw_ingestion_dag.py for tasks to queue
[2025-12-16T23:55:22.126+0000] {logging_mixin.py:188} INFO - [2025-12-16T23:55:22.126+0000] {dagbag.py:540} INFO - Filling up the DagBag from /opt/airflow/dags/mfg_raw_ingestion_dag.py
[2025-12-16T23:55:22.157+0000] {processor.py:840} INFO - DAG(s) 'mfg_raw_ingestion_dag' retrieved from /opt/airflow/dags/mfg_raw_ingestion_dag.py
[2025-12-16T23:55:22.186+0000] {logging_mixin.py:188} INFO - [2025-12-16T23:55:22.185+0000] {dag.py:3096} INFO - Sync 1 DAGs
[2025-12-16T23:55:22.211+0000] {logging_mixin.py:188} INFO - [2025-12-16T23:55:22.211+0000] {dag.py:3954} INFO - Setting next_dagrun for mfg_raw_ingestion_dag to 2025-12-16 04:00:00+00:00, run_after=2025-12-17 04:00:00+00:00
[2025-12-16T23:55:22.239+0000] {processor.py:183} INFO - Processing /opt/airflow/dags/mfg_raw_ingestion_dag.py took 0.124 seconds
