[2025-12-16T23:12:08.546+0000] {processor.py:161} INFO - Started process (PID=204) to work on /opt/airflow/dags/mfg_data_quality_monitoring_dag.py
[2025-12-16T23:12:08.549+0000] {processor.py:830} INFO - Processing file /opt/airflow/dags/mfg_data_quality_monitoring_dag.py for tasks to queue
[2025-12-16T23:12:08.554+0000] {logging_mixin.py:188} INFO - [2025-12-16T23:12:08.553+0000] {dagbag.py:540} INFO - Filling up the DagBag from /opt/airflow/dags/mfg_data_quality_monitoring_dag.py
[2025-12-16T23:12:12.492+0000] {processor.py:840} INFO - DAG(s) 'mfg_data_quality_monitoring_dag' retrieved from /opt/airflow/dags/mfg_data_quality_monitoring_dag.py
[2025-12-16T23:12:12.636+0000] {logging_mixin.py:188} INFO - [2025-12-16T23:12:12.635+0000] {override.py:1829} INFO - Created Permission View: can edit on DAG:mfg_data_quality_monitoring_dag
[2025-12-16T23:12:12.655+0000] {logging_mixin.py:188} INFO - [2025-12-16T23:12:12.654+0000] {override.py:1829} INFO - Created Permission View: can delete on DAG:mfg_data_quality_monitoring_dag
[2025-12-16T23:12:12.669+0000] {logging_mixin.py:188} INFO - [2025-12-16T23:12:12.669+0000] {override.py:1829} INFO - Created Permission View: can read on DAG:mfg_data_quality_monitoring_dag
[2025-12-16T23:12:12.671+0000] {logging_mixin.py:188} INFO - [2025-12-16T23:12:12.670+0000] {dag.py:3096} INFO - Sync 1 DAGs
[2025-12-16T23:12:12.684+0000] {logging_mixin.py:188} INFO - [2025-12-16T23:12:12.684+0000] {dag.py:3118} INFO - Creating ORM DAG for mfg_data_quality_monitoring_dag
[2025-12-16T23:12:12.700+0000] {logging_mixin.py:188} INFO - [2025-12-16T23:12:12.700+0000] {dag.py:3954} INFO - Setting next_dagrun for mfg_data_quality_monitoring_dag to 2025-12-15 06:00:00+00:00, run_after=2025-12-16 06:00:00+00:00
[2025-12-16T23:12:12.733+0000] {processor.py:183} INFO - Processing /opt/airflow/dags/mfg_data_quality_monitoring_dag.py took 4.203 seconds
[2025-12-16T23:12:43.347+0000] {processor.py:161} INFO - Started process (PID=241) to work on /opt/airflow/dags/mfg_data_quality_monitoring_dag.py
[2025-12-16T23:12:43.349+0000] {processor.py:830} INFO - Processing file /opt/airflow/dags/mfg_data_quality_monitoring_dag.py for tasks to queue
[2025-12-16T23:12:43.352+0000] {logging_mixin.py:188} INFO - [2025-12-16T23:12:43.351+0000] {dagbag.py:540} INFO - Filling up the DagBag from /opt/airflow/dags/mfg_data_quality_monitoring_dag.py
[2025-12-16T23:12:44.383+0000] {processor.py:840} INFO - DAG(s) 'mfg_data_quality_monitoring_dag' retrieved from /opt/airflow/dags/mfg_data_quality_monitoring_dag.py
[2025-12-16T23:12:44.421+0000] {logging_mixin.py:188} INFO - [2025-12-16T23:12:44.421+0000] {dag.py:3096} INFO - Sync 1 DAGs
[2025-12-16T23:12:44.454+0000] {logging_mixin.py:188} INFO - [2025-12-16T23:12:44.453+0000] {dag.py:3954} INFO - Setting next_dagrun for mfg_data_quality_monitoring_dag to 2025-12-15 06:00:00+00:00, run_after=2025-12-16 06:00:00+00:00
[2025-12-16T23:12:44.489+0000] {processor.py:183} INFO - Processing /opt/airflow/dags/mfg_data_quality_monitoring_dag.py took 1.152 seconds
[2025-12-16T23:13:15.094+0000] {processor.py:161} INFO - Started process (PID=263) to work on /opt/airflow/dags/mfg_data_quality_monitoring_dag.py
[2025-12-16T23:13:15.096+0000] {processor.py:830} INFO - Processing file /opt/airflow/dags/mfg_data_quality_monitoring_dag.py for tasks to queue
[2025-12-16T23:13:15.099+0000] {logging_mixin.py:188} INFO - [2025-12-16T23:13:15.099+0000] {dagbag.py:540} INFO - Filling up the DagBag from /opt/airflow/dags/mfg_data_quality_monitoring_dag.py
[2025-12-16T23:13:16.060+0000] {processor.py:840} INFO - DAG(s) 'mfg_data_quality_monitoring_dag' retrieved from /opt/airflow/dags/mfg_data_quality_monitoring_dag.py
[2025-12-16T23:13:16.095+0000] {logging_mixin.py:188} INFO - [2025-12-16T23:13:16.094+0000] {dag.py:3096} INFO - Sync 1 DAGs
[2025-12-16T23:13:16.126+0000] {logging_mixin.py:188} INFO - [2025-12-16T23:13:16.125+0000] {dag.py:3954} INFO - Setting next_dagrun for mfg_data_quality_monitoring_dag to 2025-12-15 06:00:00+00:00, run_after=2025-12-16 06:00:00+00:00
[2025-12-16T23:13:16.160+0000] {processor.py:183} INFO - Processing /opt/airflow/dags/mfg_data_quality_monitoring_dag.py took 1.076 seconds
[2025-12-16T23:13:46.738+0000] {processor.py:161} INFO - Started process (PID=316) to work on /opt/airflow/dags/mfg_data_quality_monitoring_dag.py
[2025-12-16T23:13:46.740+0000] {processor.py:830} INFO - Processing file /opt/airflow/dags/mfg_data_quality_monitoring_dag.py for tasks to queue
[2025-12-16T23:13:46.745+0000] {logging_mixin.py:188} INFO - [2025-12-16T23:13:46.743+0000] {dagbag.py:540} INFO - Filling up the DagBag from /opt/airflow/dags/mfg_data_quality_monitoring_dag.py
[2025-12-16T23:13:47.859+0000] {processor.py:840} INFO - DAG(s) 'mfg_data_quality_monitoring_dag' retrieved from /opt/airflow/dags/mfg_data_quality_monitoring_dag.py
[2025-12-16T23:13:47.889+0000] {logging_mixin.py:188} INFO - [2025-12-16T23:13:47.889+0000] {dag.py:3096} INFO - Sync 1 DAGs
[2025-12-16T23:13:47.916+0000] {logging_mixin.py:188} INFO - [2025-12-16T23:13:47.916+0000] {dag.py:3954} INFO - Setting next_dagrun for mfg_data_quality_monitoring_dag to 2025-12-15 06:00:00+00:00, run_after=2025-12-16 06:00:00+00:00
[2025-12-16T23:13:47.943+0000] {processor.py:183} INFO - Processing /opt/airflow/dags/mfg_data_quality_monitoring_dag.py took 1.225 seconds
[2025-12-16T23:14:18.437+0000] {processor.py:161} INFO - Started process (PID=372) to work on /opt/airflow/dags/mfg_data_quality_monitoring_dag.py
[2025-12-16T23:14:18.440+0000] {processor.py:830} INFO - Processing file /opt/airflow/dags/mfg_data_quality_monitoring_dag.py for tasks to queue
[2025-12-16T23:14:18.443+0000] {logging_mixin.py:188} INFO - [2025-12-16T23:14:18.443+0000] {dagbag.py:540} INFO - Filling up the DagBag from /opt/airflow/dags/mfg_data_quality_monitoring_dag.py
[2025-12-16T23:14:19.451+0000] {processor.py:840} INFO - DAG(s) 'mfg_data_quality_monitoring_dag' retrieved from /opt/airflow/dags/mfg_data_quality_monitoring_dag.py
[2025-12-16T23:14:19.484+0000] {logging_mixin.py:188} INFO - [2025-12-16T23:14:19.484+0000] {dag.py:3096} INFO - Sync 1 DAGs
[2025-12-16T23:14:19.517+0000] {logging_mixin.py:188} INFO - [2025-12-16T23:14:19.516+0000] {dag.py:3954} INFO - Setting next_dagrun for mfg_data_quality_monitoring_dag to 2025-12-15 06:00:00+00:00, run_after=2025-12-16 06:00:00+00:00
[2025-12-16T23:14:19.546+0000] {processor.py:183} INFO - Processing /opt/airflow/dags/mfg_data_quality_monitoring_dag.py took 1.124 seconds
[2025-12-16T23:14:50.249+0000] {processor.py:161} INFO - Started process (PID=443) to work on /opt/airflow/dags/mfg_data_quality_monitoring_dag.py
[2025-12-16T23:14:50.251+0000] {processor.py:830} INFO - Processing file /opt/airflow/dags/mfg_data_quality_monitoring_dag.py for tasks to queue
[2025-12-16T23:14:50.254+0000] {logging_mixin.py:188} INFO - [2025-12-16T23:14:50.253+0000] {dagbag.py:540} INFO - Filling up the DagBag from /opt/airflow/dags/mfg_data_quality_monitoring_dag.py
[2025-12-16T23:14:51.219+0000] {processor.py:840} INFO - DAG(s) 'mfg_data_quality_monitoring_dag' retrieved from /opt/airflow/dags/mfg_data_quality_monitoring_dag.py
[2025-12-16T23:14:51.252+0000] {logging_mixin.py:188} INFO - [2025-12-16T23:14:51.251+0000] {dag.py:3096} INFO - Sync 1 DAGs
[2025-12-16T23:14:51.280+0000] {logging_mixin.py:188} INFO - [2025-12-16T23:14:51.280+0000] {dag.py:3954} INFO - Setting next_dagrun for mfg_data_quality_monitoring_dag to 2025-12-15 06:00:00+00:00, run_after=2025-12-16 06:00:00+00:00
[2025-12-16T23:14:51.309+0000] {processor.py:183} INFO - Processing /opt/airflow/dags/mfg_data_quality_monitoring_dag.py took 1.071 seconds
[2025-12-16T23:15:21.987+0000] {processor.py:161} INFO - Started process (PID=515) to work on /opt/airflow/dags/mfg_data_quality_monitoring_dag.py
[2025-12-16T23:15:21.989+0000] {processor.py:830} INFO - Processing file /opt/airflow/dags/mfg_data_quality_monitoring_dag.py for tasks to queue
[2025-12-16T23:15:21.993+0000] {logging_mixin.py:188} INFO - [2025-12-16T23:15:21.992+0000] {dagbag.py:540} INFO - Filling up the DagBag from /opt/airflow/dags/mfg_data_quality_monitoring_dag.py
[2025-12-16T23:15:23.342+0000] {processor.py:840} INFO - DAG(s) 'mfg_data_quality_monitoring_dag' retrieved from /opt/airflow/dags/mfg_data_quality_monitoring_dag.py
[2025-12-16T23:15:23.391+0000] {logging_mixin.py:188} INFO - [2025-12-16T23:15:23.390+0000] {dag.py:3096} INFO - Sync 1 DAGs
[2025-12-16T23:15:23.438+0000] {logging_mixin.py:188} INFO - [2025-12-16T23:15:23.437+0000] {dag.py:3954} INFO - Setting next_dagrun for mfg_data_quality_monitoring_dag to 2025-12-15 06:00:00+00:00, run_after=2025-12-16 06:00:00+00:00
[2025-12-16T23:15:23.474+0000] {processor.py:183} INFO - Processing /opt/airflow/dags/mfg_data_quality_monitoring_dag.py took 1.502 seconds
[2025-12-16T23:15:53.785+0000] {processor.py:161} INFO - Started process (PID=590) to work on /opt/airflow/dags/mfg_data_quality_monitoring_dag.py
[2025-12-16T23:15:53.787+0000] {processor.py:830} INFO - Processing file /opt/airflow/dags/mfg_data_quality_monitoring_dag.py for tasks to queue
[2025-12-16T23:15:53.790+0000] {logging_mixin.py:188} INFO - [2025-12-16T23:15:53.789+0000] {dagbag.py:540} INFO - Filling up the DagBag from /opt/airflow/dags/mfg_data_quality_monitoring_dag.py
[2025-12-16T23:15:54.738+0000] {processor.py:840} INFO - DAG(s) 'mfg_data_quality_monitoring_dag' retrieved from /opt/airflow/dags/mfg_data_quality_monitoring_dag.py
[2025-12-16T23:15:54.776+0000] {logging_mixin.py:188} INFO - [2025-12-16T23:15:54.775+0000] {dag.py:3096} INFO - Sync 1 DAGs
[2025-12-16T23:15:54.809+0000] {logging_mixin.py:188} INFO - [2025-12-16T23:15:54.808+0000] {dag.py:3954} INFO - Setting next_dagrun for mfg_data_quality_monitoring_dag to 2025-12-15 06:00:00+00:00, run_after=2025-12-16 06:00:00+00:00
[2025-12-16T23:15:54.842+0000] {processor.py:183} INFO - Processing /opt/airflow/dags/mfg_data_quality_monitoring_dag.py took 1.067 seconds
[2025-12-16T23:16:25.484+0000] {processor.py:161} INFO - Started process (PID=655) to work on /opt/airflow/dags/mfg_data_quality_monitoring_dag.py
[2025-12-16T23:16:25.486+0000] {processor.py:830} INFO - Processing file /opt/airflow/dags/mfg_data_quality_monitoring_dag.py for tasks to queue
[2025-12-16T23:16:25.490+0000] {logging_mixin.py:188} INFO - [2025-12-16T23:16:25.490+0000] {dagbag.py:540} INFO - Filling up the DagBag from /opt/airflow/dags/mfg_data_quality_monitoring_dag.py
[2025-12-16T23:16:26.490+0000] {processor.py:840} INFO - DAG(s) 'mfg_data_quality_monitoring_dag' retrieved from /opt/airflow/dags/mfg_data_quality_monitoring_dag.py
[2025-12-16T23:16:26.525+0000] {logging_mixin.py:188} INFO - [2025-12-16T23:16:26.524+0000] {dag.py:3096} INFO - Sync 1 DAGs
[2025-12-16T23:16:26.557+0000] {logging_mixin.py:188} INFO - [2025-12-16T23:16:26.557+0000] {dag.py:3954} INFO - Setting next_dagrun for mfg_data_quality_monitoring_dag to 2025-12-15 06:00:00+00:00, run_after=2025-12-16 06:00:00+00:00
[2025-12-16T23:16:26.588+0000] {processor.py:183} INFO - Processing /opt/airflow/dags/mfg_data_quality_monitoring_dag.py took 1.115 seconds
[2025-12-16T23:16:57.055+0000] {processor.py:161} INFO - Started process (PID=729) to work on /opt/airflow/dags/mfg_data_quality_monitoring_dag.py
[2025-12-16T23:16:57.057+0000] {processor.py:830} INFO - Processing file /opt/airflow/dags/mfg_data_quality_monitoring_dag.py for tasks to queue
[2025-12-16T23:16:57.060+0000] {logging_mixin.py:188} INFO - [2025-12-16T23:16:57.060+0000] {dagbag.py:540} INFO - Filling up the DagBag from /opt/airflow/dags/mfg_data_quality_monitoring_dag.py
[2025-12-16T23:16:57.949+0000] {processor.py:840} INFO - DAG(s) 'mfg_data_quality_monitoring_dag' retrieved from /opt/airflow/dags/mfg_data_quality_monitoring_dag.py
[2025-12-16T23:16:57.980+0000] {logging_mixin.py:188} INFO - [2025-12-16T23:16:57.980+0000] {dag.py:3096} INFO - Sync 1 DAGs
[2025-12-16T23:16:58.006+0000] {logging_mixin.py:188} INFO - [2025-12-16T23:16:58.006+0000] {dag.py:3954} INFO - Setting next_dagrun for mfg_data_quality_monitoring_dag to 2025-12-15 06:00:00+00:00, run_after=2025-12-16 06:00:00+00:00
[2025-12-16T23:16:58.033+0000] {processor.py:183} INFO - Processing /opt/airflow/dags/mfg_data_quality_monitoring_dag.py took 0.989 seconds
[2025-12-16T23:17:28.304+0000] {processor.py:161} INFO - Started process (PID=847) to work on /opt/airflow/dags/mfg_data_quality_monitoring_dag.py
[2025-12-16T23:17:28.307+0000] {processor.py:830} INFO - Processing file /opt/airflow/dags/mfg_data_quality_monitoring_dag.py for tasks to queue
[2025-12-16T23:17:28.312+0000] {logging_mixin.py:188} INFO - [2025-12-16T23:17:28.311+0000] {dagbag.py:540} INFO - Filling up the DagBag from /opt/airflow/dags/mfg_data_quality_monitoring_dag.py
[2025-12-16T23:17:29.859+0000] {processor.py:840} INFO - DAG(s) 'mfg_data_quality_monitoring_dag' retrieved from /opt/airflow/dags/mfg_data_quality_monitoring_dag.py
[2025-12-16T23:17:29.896+0000] {logging_mixin.py:188} INFO - [2025-12-16T23:17:29.896+0000] {dag.py:3096} INFO - Sync 1 DAGs
[2025-12-16T23:17:29.928+0000] {logging_mixin.py:188} INFO - [2025-12-16T23:17:29.928+0000] {dag.py:3954} INFO - Setting next_dagrun for mfg_data_quality_monitoring_dag to 2025-12-16 06:00:00+00:00, run_after=2025-12-17 06:00:00+00:00
[2025-12-16T23:17:29.960+0000] {processor.py:183} INFO - Processing /opt/airflow/dags/mfg_data_quality_monitoring_dag.py took 1.671 seconds
[2025-12-16T23:18:00.589+0000] {processor.py:161} INFO - Started process (PID=907) to work on /opt/airflow/dags/mfg_data_quality_monitoring_dag.py
[2025-12-16T23:18:00.591+0000] {processor.py:830} INFO - Processing file /opt/airflow/dags/mfg_data_quality_monitoring_dag.py for tasks to queue
[2025-12-16T23:18:00.593+0000] {logging_mixin.py:188} INFO - [2025-12-16T23:18:00.593+0000] {dagbag.py:540} INFO - Filling up the DagBag from /opt/airflow/dags/mfg_data_quality_monitoring_dag.py
[2025-12-16T23:18:01.552+0000] {processor.py:840} INFO - DAG(s) 'mfg_data_quality_monitoring_dag' retrieved from /opt/airflow/dags/mfg_data_quality_monitoring_dag.py
[2025-12-16T23:18:01.587+0000] {logging_mixin.py:188} INFO - [2025-12-16T23:18:01.586+0000] {dag.py:3096} INFO - Sync 1 DAGs
[2025-12-16T23:18:01.617+0000] {logging_mixin.py:188} INFO - [2025-12-16T23:18:01.617+0000] {dag.py:3954} INFO - Setting next_dagrun for mfg_data_quality_monitoring_dag to 2025-12-16 06:00:00+00:00, run_after=2025-12-17 06:00:00+00:00
[2025-12-16T23:18:01.645+0000] {processor.py:183} INFO - Processing /opt/airflow/dags/mfg_data_quality_monitoring_dag.py took 1.067 seconds
[2025-12-16T23:18:32.123+0000] {processor.py:161} INFO - Started process (PID=929) to work on /opt/airflow/dags/mfg_data_quality_monitoring_dag.py
[2025-12-16T23:18:32.124+0000] {processor.py:830} INFO - Processing file /opt/airflow/dags/mfg_data_quality_monitoring_dag.py for tasks to queue
[2025-12-16T23:18:32.127+0000] {logging_mixin.py:188} INFO - [2025-12-16T23:18:32.127+0000] {dagbag.py:540} INFO - Filling up the DagBag from /opt/airflow/dags/mfg_data_quality_monitoring_dag.py
[2025-12-16T23:18:32.976+0000] {processor.py:840} INFO - DAG(s) 'mfg_data_quality_monitoring_dag' retrieved from /opt/airflow/dags/mfg_data_quality_monitoring_dag.py
[2025-12-16T23:18:33.009+0000] {logging_mixin.py:188} INFO - [2025-12-16T23:18:33.008+0000] {dag.py:3096} INFO - Sync 1 DAGs
[2025-12-16T23:18:33.051+0000] {logging_mixin.py:188} INFO - [2025-12-16T23:18:33.051+0000] {dag.py:3954} INFO - Setting next_dagrun for mfg_data_quality_monitoring_dag to 2025-12-16 06:00:00+00:00, run_after=2025-12-17 06:00:00+00:00
[2025-12-16T23:18:33.088+0000] {processor.py:183} INFO - Processing /opt/airflow/dags/mfg_data_quality_monitoring_dag.py took 0.972 seconds
[2025-12-16T23:19:03.657+0000] {processor.py:161} INFO - Started process (PID=951) to work on /opt/airflow/dags/mfg_data_quality_monitoring_dag.py
[2025-12-16T23:19:03.658+0000] {processor.py:830} INFO - Processing file /opt/airflow/dags/mfg_data_quality_monitoring_dag.py for tasks to queue
[2025-12-16T23:19:03.661+0000] {logging_mixin.py:188} INFO - [2025-12-16T23:19:03.660+0000] {dagbag.py:540} INFO - Filling up the DagBag from /opt/airflow/dags/mfg_data_quality_monitoring_dag.py
[2025-12-16T23:19:04.460+0000] {processor.py:840} INFO - DAG(s) 'mfg_data_quality_monitoring_dag' retrieved from /opt/airflow/dags/mfg_data_quality_monitoring_dag.py
[2025-12-16T23:19:04.489+0000] {logging_mixin.py:188} INFO - [2025-12-16T23:19:04.489+0000] {dag.py:3096} INFO - Sync 1 DAGs
[2025-12-16T23:19:04.515+0000] {logging_mixin.py:188} INFO - [2025-12-16T23:19:04.514+0000] {dag.py:3954} INFO - Setting next_dagrun for mfg_data_quality_monitoring_dag to 2025-12-16 06:00:00+00:00, run_after=2025-12-17 06:00:00+00:00
[2025-12-16T23:19:04.540+0000] {processor.py:183} INFO - Processing /opt/airflow/dags/mfg_data_quality_monitoring_dag.py took 0.891 seconds
[2025-12-16T23:19:35.147+0000] {processor.py:161} INFO - Started process (PID=973) to work on /opt/airflow/dags/mfg_data_quality_monitoring_dag.py
[2025-12-16T23:19:35.148+0000] {processor.py:830} INFO - Processing file /opt/airflow/dags/mfg_data_quality_monitoring_dag.py for tasks to queue
[2025-12-16T23:19:35.151+0000] {logging_mixin.py:188} INFO - [2025-12-16T23:19:35.151+0000] {dagbag.py:540} INFO - Filling up the DagBag from /opt/airflow/dags/mfg_data_quality_monitoring_dag.py
[2025-12-16T23:19:36.051+0000] {processor.py:840} INFO - DAG(s) 'mfg_data_quality_monitoring_dag' retrieved from /opt/airflow/dags/mfg_data_quality_monitoring_dag.py
[2025-12-16T23:19:36.086+0000] {logging_mixin.py:188} INFO - [2025-12-16T23:19:36.086+0000] {dag.py:3096} INFO - Sync 1 DAGs
[2025-12-16T23:19:36.111+0000] {logging_mixin.py:188} INFO - [2025-12-16T23:19:36.111+0000] {dag.py:3954} INFO - Setting next_dagrun for mfg_data_quality_monitoring_dag to 2025-12-16 06:00:00+00:00, run_after=2025-12-17 06:00:00+00:00
[2025-12-16T23:19:36.140+0000] {processor.py:183} INFO - Processing /opt/airflow/dags/mfg_data_quality_monitoring_dag.py took 1.004 seconds
[2025-12-16T23:20:06.718+0000] {processor.py:161} INFO - Started process (PID=995) to work on /opt/airflow/dags/mfg_data_quality_monitoring_dag.py
[2025-12-16T23:20:06.720+0000] {processor.py:830} INFO - Processing file /opt/airflow/dags/mfg_data_quality_monitoring_dag.py for tasks to queue
[2025-12-16T23:20:06.723+0000] {logging_mixin.py:188} INFO - [2025-12-16T23:20:06.722+0000] {dagbag.py:540} INFO - Filling up the DagBag from /opt/airflow/dags/mfg_data_quality_monitoring_dag.py
[2025-12-16T23:20:07.559+0000] {processor.py:840} INFO - DAG(s) 'mfg_data_quality_monitoring_dag' retrieved from /opt/airflow/dags/mfg_data_quality_monitoring_dag.py
[2025-12-16T23:20:07.588+0000] {logging_mixin.py:188} INFO - [2025-12-16T23:20:07.588+0000] {dag.py:3096} INFO - Sync 1 DAGs
[2025-12-16T23:20:07.615+0000] {logging_mixin.py:188} INFO - [2025-12-16T23:20:07.615+0000] {dag.py:3954} INFO - Setting next_dagrun for mfg_data_quality_monitoring_dag to 2025-12-16 06:00:00+00:00, run_after=2025-12-17 06:00:00+00:00
[2025-12-16T23:20:07.641+0000] {processor.py:183} INFO - Processing /opt/airflow/dags/mfg_data_quality_monitoring_dag.py took 0.933 seconds
[2025-12-16T23:20:38.229+0000] {processor.py:161} INFO - Started process (PID=1017) to work on /opt/airflow/dags/mfg_data_quality_monitoring_dag.py
[2025-12-16T23:20:38.231+0000] {processor.py:830} INFO - Processing file /opt/airflow/dags/mfg_data_quality_monitoring_dag.py for tasks to queue
[2025-12-16T23:20:38.233+0000] {logging_mixin.py:188} INFO - [2025-12-16T23:20:38.232+0000] {dagbag.py:540} INFO - Filling up the DagBag from /opt/airflow/dags/mfg_data_quality_monitoring_dag.py
[2025-12-16T23:20:38.933+0000] {processor.py:840} INFO - DAG(s) 'mfg_data_quality_monitoring_dag' retrieved from /opt/airflow/dags/mfg_data_quality_monitoring_dag.py
[2025-12-16T23:20:38.961+0000] {logging_mixin.py:188} INFO - [2025-12-16T23:20:38.961+0000] {dag.py:3096} INFO - Sync 1 DAGs
[2025-12-16T23:20:38.987+0000] {logging_mixin.py:188} INFO - [2025-12-16T23:20:38.986+0000] {dag.py:3954} INFO - Setting next_dagrun for mfg_data_quality_monitoring_dag to 2025-12-16 06:00:00+00:00, run_after=2025-12-17 06:00:00+00:00
[2025-12-16T23:20:39.012+0000] {processor.py:183} INFO - Processing /opt/airflow/dags/mfg_data_quality_monitoring_dag.py took 0.790 seconds
[2025-12-16T23:21:09.611+0000] {processor.py:161} INFO - Started process (PID=1039) to work on /opt/airflow/dags/mfg_data_quality_monitoring_dag.py
[2025-12-16T23:21:09.612+0000] {processor.py:830} INFO - Processing file /opt/airflow/dags/mfg_data_quality_monitoring_dag.py for tasks to queue
[2025-12-16T23:21:09.615+0000] {logging_mixin.py:188} INFO - [2025-12-16T23:21:09.614+0000] {dagbag.py:540} INFO - Filling up the DagBag from /opt/airflow/dags/mfg_data_quality_monitoring_dag.py
[2025-12-16T23:21:10.761+0000] {processor.py:840} INFO - DAG(s) 'mfg_data_quality_monitoring_dag' retrieved from /opt/airflow/dags/mfg_data_quality_monitoring_dag.py
[2025-12-16T23:21:10.792+0000] {logging_mixin.py:188} INFO - [2025-12-16T23:21:10.791+0000] {dag.py:3096} INFO - Sync 1 DAGs
[2025-12-16T23:21:10.818+0000] {logging_mixin.py:188} INFO - [2025-12-16T23:21:10.818+0000] {dag.py:3954} INFO - Setting next_dagrun for mfg_data_quality_monitoring_dag to 2025-12-16 06:00:00+00:00, run_after=2025-12-17 06:00:00+00:00
[2025-12-16T23:21:10.844+0000] {processor.py:183} INFO - Processing /opt/airflow/dags/mfg_data_quality_monitoring_dag.py took 1.242 seconds
[2025-12-16T23:21:41.604+0000] {processor.py:161} INFO - Started process (PID=1061) to work on /opt/airflow/dags/mfg_data_quality_monitoring_dag.py
[2025-12-16T23:21:41.606+0000] {processor.py:830} INFO - Processing file /opt/airflow/dags/mfg_data_quality_monitoring_dag.py for tasks to queue
[2025-12-16T23:21:41.609+0000] {logging_mixin.py:188} INFO - [2025-12-16T23:21:41.609+0000] {dagbag.py:540} INFO - Filling up the DagBag from /opt/airflow/dags/mfg_data_quality_monitoring_dag.py
[2025-12-16T23:21:42.461+0000] {processor.py:840} INFO - DAG(s) 'mfg_data_quality_monitoring_dag' retrieved from /opt/airflow/dags/mfg_data_quality_monitoring_dag.py
[2025-12-16T23:21:42.494+0000] {logging_mixin.py:188} INFO - [2025-12-16T23:21:42.494+0000] {dag.py:3096} INFO - Sync 1 DAGs
[2025-12-16T23:21:42.522+0000] {logging_mixin.py:188} INFO - [2025-12-16T23:21:42.522+0000] {dag.py:3954} INFO - Setting next_dagrun for mfg_data_quality_monitoring_dag to 2025-12-16 06:00:00+00:00, run_after=2025-12-17 06:00:00+00:00
[2025-12-16T23:21:42.551+0000] {processor.py:183} INFO - Processing /opt/airflow/dags/mfg_data_quality_monitoring_dag.py took 0.956 seconds
[2025-12-16T23:22:13.184+0000] {processor.py:161} INFO - Started process (PID=1083) to work on /opt/airflow/dags/mfg_data_quality_monitoring_dag.py
[2025-12-16T23:22:13.186+0000] {processor.py:830} INFO - Processing file /opt/airflow/dags/mfg_data_quality_monitoring_dag.py for tasks to queue
[2025-12-16T23:22:13.189+0000] {logging_mixin.py:188} INFO - [2025-12-16T23:22:13.188+0000] {dagbag.py:540} INFO - Filling up the DagBag from /opt/airflow/dags/mfg_data_quality_monitoring_dag.py
[2025-12-16T23:22:14.187+0000] {processor.py:840} INFO - DAG(s) 'mfg_data_quality_monitoring_dag' retrieved from /opt/airflow/dags/mfg_data_quality_monitoring_dag.py
[2025-12-16T23:22:14.219+0000] {logging_mixin.py:188} INFO - [2025-12-16T23:22:14.218+0000] {dag.py:3096} INFO - Sync 1 DAGs
[2025-12-16T23:22:14.249+0000] {logging_mixin.py:188} INFO - [2025-12-16T23:22:14.249+0000] {dag.py:3954} INFO - Setting next_dagrun for mfg_data_quality_monitoring_dag to 2025-12-16 06:00:00+00:00, run_after=2025-12-17 06:00:00+00:00
[2025-12-16T23:22:14.277+0000] {processor.py:183} INFO - Processing /opt/airflow/dags/mfg_data_quality_monitoring_dag.py took 1.104 seconds
[2025-12-16T23:22:44.755+0000] {processor.py:161} INFO - Started process (PID=1105) to work on /opt/airflow/dags/mfg_data_quality_monitoring_dag.py
[2025-12-16T23:22:44.756+0000] {processor.py:830} INFO - Processing file /opt/airflow/dags/mfg_data_quality_monitoring_dag.py for tasks to queue
[2025-12-16T23:22:44.759+0000] {logging_mixin.py:188} INFO - [2025-12-16T23:22:44.759+0000] {dagbag.py:540} INFO - Filling up the DagBag from /opt/airflow/dags/mfg_data_quality_monitoring_dag.py
[2025-12-16T23:22:45.593+0000] {processor.py:840} INFO - DAG(s) 'mfg_data_quality_monitoring_dag' retrieved from /opt/airflow/dags/mfg_data_quality_monitoring_dag.py
[2025-12-16T23:22:45.623+0000] {logging_mixin.py:188} INFO - [2025-12-16T23:22:45.622+0000] {dag.py:3096} INFO - Sync 1 DAGs
[2025-12-16T23:22:45.651+0000] {logging_mixin.py:188} INFO - [2025-12-16T23:22:45.650+0000] {dag.py:3954} INFO - Setting next_dagrun for mfg_data_quality_monitoring_dag to 2025-12-16 06:00:00+00:00, run_after=2025-12-17 06:00:00+00:00
[2025-12-16T23:22:45.678+0000] {processor.py:183} INFO - Processing /opt/airflow/dags/mfg_data_quality_monitoring_dag.py took 0.931 seconds
[2025-12-16T23:23:16.361+0000] {processor.py:161} INFO - Started process (PID=1127) to work on /opt/airflow/dags/mfg_data_quality_monitoring_dag.py
[2025-12-16T23:23:16.362+0000] {processor.py:830} INFO - Processing file /opt/airflow/dags/mfg_data_quality_monitoring_dag.py for tasks to queue
[2025-12-16T23:23:16.365+0000] {logging_mixin.py:188} INFO - [2025-12-16T23:23:16.364+0000] {dagbag.py:540} INFO - Filling up the DagBag from /opt/airflow/dags/mfg_data_quality_monitoring_dag.py
[2025-12-16T23:23:17.342+0000] {processor.py:840} INFO - DAG(s) 'mfg_data_quality_monitoring_dag' retrieved from /opt/airflow/dags/mfg_data_quality_monitoring_dag.py
[2025-12-16T23:23:17.375+0000] {logging_mixin.py:188} INFO - [2025-12-16T23:23:17.374+0000] {dag.py:3096} INFO - Sync 1 DAGs
[2025-12-16T23:23:17.405+0000] {logging_mixin.py:188} INFO - [2025-12-16T23:23:17.405+0000] {dag.py:3954} INFO - Setting next_dagrun for mfg_data_quality_monitoring_dag to 2025-12-16 06:00:00+00:00, run_after=2025-12-17 06:00:00+00:00
[2025-12-16T23:23:17.434+0000] {processor.py:183} INFO - Processing /opt/airflow/dags/mfg_data_quality_monitoring_dag.py took 1.081 seconds
[2025-12-16T23:23:48.131+0000] {processor.py:161} INFO - Started process (PID=1149) to work on /opt/airflow/dags/mfg_data_quality_monitoring_dag.py
[2025-12-16T23:23:48.132+0000] {processor.py:830} INFO - Processing file /opt/airflow/dags/mfg_data_quality_monitoring_dag.py for tasks to queue
[2025-12-16T23:23:48.135+0000] {logging_mixin.py:188} INFO - [2025-12-16T23:23:48.135+0000] {dagbag.py:540} INFO - Filling up the DagBag from /opt/airflow/dags/mfg_data_quality_monitoring_dag.py
[2025-12-16T23:23:48.969+0000] {processor.py:840} INFO - DAG(s) 'mfg_data_quality_monitoring_dag' retrieved from /opt/airflow/dags/mfg_data_quality_monitoring_dag.py
[2025-12-16T23:23:48.999+0000] {logging_mixin.py:188} INFO - [2025-12-16T23:23:48.999+0000] {dag.py:3096} INFO - Sync 1 DAGs
[2025-12-16T23:23:49.026+0000] {logging_mixin.py:188} INFO - [2025-12-16T23:23:49.026+0000] {dag.py:3954} INFO - Setting next_dagrun for mfg_data_quality_monitoring_dag to 2025-12-16 06:00:00+00:00, run_after=2025-12-17 06:00:00+00:00
[2025-12-16T23:23:49.055+0000] {processor.py:183} INFO - Processing /opt/airflow/dags/mfg_data_quality_monitoring_dag.py took 0.931 seconds
[2025-12-16T23:24:19.664+0000] {processor.py:161} INFO - Started process (PID=1171) to work on /opt/airflow/dags/mfg_data_quality_monitoring_dag.py
[2025-12-16T23:24:19.665+0000] {processor.py:830} INFO - Processing file /opt/airflow/dags/mfg_data_quality_monitoring_dag.py for tasks to queue
[2025-12-16T23:24:19.669+0000] {logging_mixin.py:188} INFO - [2025-12-16T23:24:19.669+0000] {dagbag.py:540} INFO - Filling up the DagBag from /opt/airflow/dags/mfg_data_quality_monitoring_dag.py
[2025-12-16T23:24:20.507+0000] {processor.py:840} INFO - DAG(s) 'mfg_data_quality_monitoring_dag' retrieved from /opt/airflow/dags/mfg_data_quality_monitoring_dag.py
[2025-12-16T23:24:20.542+0000] {logging_mixin.py:188} INFO - [2025-12-16T23:24:20.542+0000] {dag.py:3096} INFO - Sync 1 DAGs
[2025-12-16T23:24:20.581+0000] {logging_mixin.py:188} INFO - [2025-12-16T23:24:20.581+0000] {dag.py:3954} INFO - Setting next_dagrun for mfg_data_quality_monitoring_dag to 2025-12-16 06:00:00+00:00, run_after=2025-12-17 06:00:00+00:00
[2025-12-16T23:24:20.613+0000] {processor.py:183} INFO - Processing /opt/airflow/dags/mfg_data_quality_monitoring_dag.py took 0.959 seconds
[2025-12-16T23:24:51.329+0000] {processor.py:161} INFO - Started process (PID=1193) to work on /opt/airflow/dags/mfg_data_quality_monitoring_dag.py
[2025-12-16T23:24:51.331+0000] {processor.py:830} INFO - Processing file /opt/airflow/dags/mfg_data_quality_monitoring_dag.py for tasks to queue
[2025-12-16T23:24:51.335+0000] {logging_mixin.py:188} INFO - [2025-12-16T23:24:51.334+0000] {dagbag.py:540} INFO - Filling up the DagBag from /opt/airflow/dags/mfg_data_quality_monitoring_dag.py
[2025-12-16T23:24:52.403+0000] {processor.py:840} INFO - DAG(s) 'mfg_data_quality_monitoring_dag' retrieved from /opt/airflow/dags/mfg_data_quality_monitoring_dag.py
[2025-12-16T23:24:52.437+0000] {logging_mixin.py:188} INFO - [2025-12-16T23:24:52.437+0000] {dag.py:3096} INFO - Sync 1 DAGs
[2025-12-16T23:24:52.468+0000] {logging_mixin.py:188} INFO - [2025-12-16T23:24:52.468+0000] {dag.py:3954} INFO - Setting next_dagrun for mfg_data_quality_monitoring_dag to 2025-12-16 06:00:00+00:00, run_after=2025-12-17 06:00:00+00:00
[2025-12-16T23:24:52.498+0000] {processor.py:183} INFO - Processing /opt/airflow/dags/mfg_data_quality_monitoring_dag.py took 1.179 seconds
[2025-12-16T23:25:23.011+0000] {processor.py:161} INFO - Started process (PID=1215) to work on /opt/airflow/dags/mfg_data_quality_monitoring_dag.py
[2025-12-16T23:25:23.012+0000] {processor.py:830} INFO - Processing file /opt/airflow/dags/mfg_data_quality_monitoring_dag.py for tasks to queue
[2025-12-16T23:25:23.016+0000] {logging_mixin.py:188} INFO - [2025-12-16T23:25:23.015+0000] {dagbag.py:540} INFO - Filling up the DagBag from /opt/airflow/dags/mfg_data_quality_monitoring_dag.py
[2025-12-16T23:25:24.189+0000] {processor.py:840} INFO - DAG(s) 'mfg_data_quality_monitoring_dag' retrieved from /opt/airflow/dags/mfg_data_quality_monitoring_dag.py
[2025-12-16T23:25:24.228+0000] {logging_mixin.py:188} INFO - [2025-12-16T23:25:24.227+0000] {dag.py:3096} INFO - Sync 1 DAGs
[2025-12-16T23:25:24.267+0000] {logging_mixin.py:188} INFO - [2025-12-16T23:25:24.267+0000] {dag.py:3954} INFO - Setting next_dagrun for mfg_data_quality_monitoring_dag to 2025-12-16 06:00:00+00:00, run_after=2025-12-17 06:00:00+00:00
[2025-12-16T23:25:24.307+0000] {processor.py:183} INFO - Processing /opt/airflow/dags/mfg_data_quality_monitoring_dag.py took 1.310 seconds
[2025-12-16T23:25:54.793+0000] {processor.py:161} INFO - Started process (PID=1237) to work on /opt/airflow/dags/mfg_data_quality_monitoring_dag.py
[2025-12-16T23:25:54.796+0000] {processor.py:830} INFO - Processing file /opt/airflow/dags/mfg_data_quality_monitoring_dag.py for tasks to queue
[2025-12-16T23:25:54.799+0000] {logging_mixin.py:188} INFO - [2025-12-16T23:25:54.799+0000] {dagbag.py:540} INFO - Filling up the DagBag from /opt/airflow/dags/mfg_data_quality_monitoring_dag.py
[2025-12-16T23:25:55.762+0000] {processor.py:840} INFO - DAG(s) 'mfg_data_quality_monitoring_dag' retrieved from /opt/airflow/dags/mfg_data_quality_monitoring_dag.py
[2025-12-16T23:25:55.794+0000] {logging_mixin.py:188} INFO - [2025-12-16T23:25:55.794+0000] {dag.py:3096} INFO - Sync 1 DAGs
[2025-12-16T23:25:55.822+0000] {logging_mixin.py:188} INFO - [2025-12-16T23:25:55.822+0000] {dag.py:3954} INFO - Setting next_dagrun for mfg_data_quality_monitoring_dag to 2025-12-16 06:00:00+00:00, run_after=2025-12-17 06:00:00+00:00
[2025-12-16T23:25:55.851+0000] {processor.py:183} INFO - Processing /opt/airflow/dags/mfg_data_quality_monitoring_dag.py took 1.068 seconds
[2025-12-16T23:26:26.326+0000] {processor.py:161} INFO - Started process (PID=1259) to work on /opt/airflow/dags/mfg_data_quality_monitoring_dag.py
[2025-12-16T23:26:26.328+0000] {processor.py:830} INFO - Processing file /opt/airflow/dags/mfg_data_quality_monitoring_dag.py for tasks to queue
[2025-12-16T23:26:26.329+0000] {logging_mixin.py:188} INFO - [2025-12-16T23:26:26.329+0000] {dagbag.py:540} INFO - Filling up the DagBag from /opt/airflow/dags/mfg_data_quality_monitoring_dag.py
[2025-12-16T23:26:26.971+0000] {processor.py:840} INFO - DAG(s) 'mfg_data_quality_monitoring_dag' retrieved from /opt/airflow/dags/mfg_data_quality_monitoring_dag.py
[2025-12-16T23:26:26.993+0000] {logging_mixin.py:188} INFO - [2025-12-16T23:26:26.993+0000] {dag.py:3096} INFO - Sync 1 DAGs
[2025-12-16T23:26:27.013+0000] {logging_mixin.py:188} INFO - [2025-12-16T23:26:27.013+0000] {dag.py:3954} INFO - Setting next_dagrun for mfg_data_quality_monitoring_dag to 2025-12-16 06:00:00+00:00, run_after=2025-12-17 06:00:00+00:00
[2025-12-16T23:26:27.034+0000] {processor.py:183} INFO - Processing /opt/airflow/dags/mfg_data_quality_monitoring_dag.py took 0.714 seconds
[2025-12-16T23:26:57.565+0000] {processor.py:161} INFO - Started process (PID=1281) to work on /opt/airflow/dags/mfg_data_quality_monitoring_dag.py
[2025-12-16T23:26:57.566+0000] {processor.py:830} INFO - Processing file /opt/airflow/dags/mfg_data_quality_monitoring_dag.py for tasks to queue
[2025-12-16T23:26:57.568+0000] {logging_mixin.py:188} INFO - [2025-12-16T23:26:57.568+0000] {dagbag.py:540} INFO - Filling up the DagBag from /opt/airflow/dags/mfg_data_quality_monitoring_dag.py
[2025-12-16T23:26:58.263+0000] {processor.py:840} INFO - DAG(s) 'mfg_data_quality_monitoring_dag' retrieved from /opt/airflow/dags/mfg_data_quality_monitoring_dag.py
[2025-12-16T23:26:58.286+0000] {logging_mixin.py:188} INFO - [2025-12-16T23:26:58.286+0000] {dag.py:3096} INFO - Sync 1 DAGs
[2025-12-16T23:26:58.307+0000] {logging_mixin.py:188} INFO - [2025-12-16T23:26:58.307+0000] {dag.py:3954} INFO - Setting next_dagrun for mfg_data_quality_monitoring_dag to 2025-12-16 06:00:00+00:00, run_after=2025-12-17 06:00:00+00:00
[2025-12-16T23:26:58.329+0000] {processor.py:183} INFO - Processing /opt/airflow/dags/mfg_data_quality_monitoring_dag.py took 0.772 seconds
[2025-12-16T23:27:28.451+0000] {processor.py:161} INFO - Started process (PID=1313) to work on /opt/airflow/dags/mfg_data_quality_monitoring_dag.py
[2025-12-16T23:27:28.452+0000] {processor.py:830} INFO - Processing file /opt/airflow/dags/mfg_data_quality_monitoring_dag.py for tasks to queue
[2025-12-16T23:27:28.454+0000] {logging_mixin.py:188} INFO - [2025-12-16T23:27:28.454+0000] {dagbag.py:540} INFO - Filling up the DagBag from /opt/airflow/dags/mfg_data_quality_monitoring_dag.py
[2025-12-16T23:27:29.090+0000] {processor.py:840} INFO - DAG(s) 'mfg_data_quality_monitoring_dag' retrieved from /opt/airflow/dags/mfg_data_quality_monitoring_dag.py
[2025-12-16T23:27:29.115+0000] {logging_mixin.py:188} INFO - [2025-12-16T23:27:29.114+0000] {dag.py:3096} INFO - Sync 1 DAGs
[2025-12-16T23:27:29.135+0000] {logging_mixin.py:188} INFO - [2025-12-16T23:27:29.134+0000] {dag.py:3954} INFO - Setting next_dagrun for mfg_data_quality_monitoring_dag to 2025-12-16 06:00:00+00:00, run_after=2025-12-17 06:00:00+00:00
[2025-12-16T23:27:29.156+0000] {processor.py:183} INFO - Processing /opt/airflow/dags/mfg_data_quality_monitoring_dag.py took 0.712 seconds
[2025-12-16T23:27:59.665+0000] {processor.py:161} INFO - Started process (PID=1335) to work on /opt/airflow/dags/mfg_data_quality_monitoring_dag.py
[2025-12-16T23:27:59.667+0000] {processor.py:830} INFO - Processing file /opt/airflow/dags/mfg_data_quality_monitoring_dag.py for tasks to queue
[2025-12-16T23:27:59.670+0000] {logging_mixin.py:188} INFO - [2025-12-16T23:27:59.669+0000] {dagbag.py:540} INFO - Filling up the DagBag from /opt/airflow/dags/mfg_data_quality_monitoring_dag.py
[2025-12-16T23:28:00.320+0000] {processor.py:840} INFO - DAG(s) 'mfg_data_quality_monitoring_dag' retrieved from /opt/airflow/dags/mfg_data_quality_monitoring_dag.py
[2025-12-16T23:28:00.346+0000] {logging_mixin.py:188} INFO - [2025-12-16T23:28:00.345+0000] {dag.py:3096} INFO - Sync 1 DAGs
[2025-12-16T23:28:00.365+0000] {logging_mixin.py:188} INFO - [2025-12-16T23:28:00.364+0000] {dag.py:3954} INFO - Setting next_dagrun for mfg_data_quality_monitoring_dag to 2025-12-16 06:00:00+00:00, run_after=2025-12-17 06:00:00+00:00
[2025-12-16T23:28:00.388+0000] {processor.py:183} INFO - Processing /opt/airflow/dags/mfg_data_quality_monitoring_dag.py took 0.731 seconds
[2025-12-16T23:28:30.892+0000] {processor.py:161} INFO - Started process (PID=1362) to work on /opt/airflow/dags/mfg_data_quality_monitoring_dag.py
[2025-12-16T23:28:30.894+0000] {processor.py:830} INFO - Processing file /opt/airflow/dags/mfg_data_quality_monitoring_dag.py for tasks to queue
[2025-12-16T23:28:30.896+0000] {logging_mixin.py:188} INFO - [2025-12-16T23:28:30.896+0000] {dagbag.py:540} INFO - Filling up the DagBag from /opt/airflow/dags/mfg_data_quality_monitoring_dag.py
[2025-12-16T23:28:31.617+0000] {processor.py:840} INFO - DAG(s) 'mfg_data_quality_monitoring_dag' retrieved from /opt/airflow/dags/mfg_data_quality_monitoring_dag.py
[2025-12-16T23:28:31.641+0000] {logging_mixin.py:188} INFO - [2025-12-16T23:28:31.641+0000] {dag.py:3096} INFO - Sync 1 DAGs
[2025-12-16T23:28:31.661+0000] {logging_mixin.py:188} INFO - [2025-12-16T23:28:31.661+0000] {dag.py:3954} INFO - Setting next_dagrun for mfg_data_quality_monitoring_dag to 2025-12-16 06:00:00+00:00, run_after=2025-12-17 06:00:00+00:00
[2025-12-16T23:28:31.684+0000] {processor.py:183} INFO - Processing /opt/airflow/dags/mfg_data_quality_monitoring_dag.py took 0.799 seconds
[2025-12-16T23:29:02.189+0000] {processor.py:161} INFO - Started process (PID=1384) to work on /opt/airflow/dags/mfg_data_quality_monitoring_dag.py
[2025-12-16T23:29:02.190+0000] {processor.py:830} INFO - Processing file /opt/airflow/dags/mfg_data_quality_monitoring_dag.py for tasks to queue
[2025-12-16T23:29:02.192+0000] {logging_mixin.py:188} INFO - [2025-12-16T23:29:02.192+0000] {dagbag.py:540} INFO - Filling up the DagBag from /opt/airflow/dags/mfg_data_quality_monitoring_dag.py
[2025-12-16T23:29:02.859+0000] {processor.py:840} INFO - DAG(s) 'mfg_data_quality_monitoring_dag' retrieved from /opt/airflow/dags/mfg_data_quality_monitoring_dag.py
[2025-12-16T23:29:02.882+0000] {logging_mixin.py:188} INFO - [2025-12-16T23:29:02.881+0000] {dag.py:3096} INFO - Sync 1 DAGs
[2025-12-16T23:29:02.901+0000] {logging_mixin.py:188} INFO - [2025-12-16T23:29:02.901+0000] {dag.py:3954} INFO - Setting next_dagrun for mfg_data_quality_monitoring_dag to 2025-12-16 06:00:00+00:00, run_after=2025-12-17 06:00:00+00:00
[2025-12-16T23:29:02.923+0000] {processor.py:183} INFO - Processing /opt/airflow/dags/mfg_data_quality_monitoring_dag.py took 0.741 seconds
[2025-12-16T23:29:33.552+0000] {processor.py:161} INFO - Started process (PID=1406) to work on /opt/airflow/dags/mfg_data_quality_monitoring_dag.py
[2025-12-16T23:29:33.554+0000] {processor.py:830} INFO - Processing file /opt/airflow/dags/mfg_data_quality_monitoring_dag.py for tasks to queue
[2025-12-16T23:29:33.557+0000] {logging_mixin.py:188} INFO - [2025-12-16T23:29:33.557+0000] {dagbag.py:540} INFO - Filling up the DagBag from /opt/airflow/dags/mfg_data_quality_monitoring_dag.py
[2025-12-16T23:29:34.360+0000] {processor.py:840} INFO - DAG(s) 'mfg_data_quality_monitoring_dag' retrieved from /opt/airflow/dags/mfg_data_quality_monitoring_dag.py
[2025-12-16T23:29:34.389+0000] {logging_mixin.py:188} INFO - [2025-12-16T23:29:34.388+0000] {dag.py:3096} INFO - Sync 1 DAGs
[2025-12-16T23:29:34.413+0000] {logging_mixin.py:188} INFO - [2025-12-16T23:29:34.413+0000] {dag.py:3954} INFO - Setting next_dagrun for mfg_data_quality_monitoring_dag to 2025-12-16 06:00:00+00:00, run_after=2025-12-17 06:00:00+00:00
[2025-12-16T23:29:34.441+0000] {processor.py:183} INFO - Processing /opt/airflow/dags/mfg_data_quality_monitoring_dag.py took 0.899 seconds
[2025-12-16T23:30:05.018+0000] {processor.py:161} INFO - Started process (PID=1428) to work on /opt/airflow/dags/mfg_data_quality_monitoring_dag.py
[2025-12-16T23:30:05.019+0000] {processor.py:830} INFO - Processing file /opt/airflow/dags/mfg_data_quality_monitoring_dag.py for tasks to queue
[2025-12-16T23:30:05.021+0000] {logging_mixin.py:188} INFO - [2025-12-16T23:30:05.021+0000] {dagbag.py:540} INFO - Filling up the DagBag from /opt/airflow/dags/mfg_data_quality_monitoring_dag.py
[2025-12-16T23:30:05.787+0000] {processor.py:840} INFO - DAG(s) 'mfg_data_quality_monitoring_dag' retrieved from /opt/airflow/dags/mfg_data_quality_monitoring_dag.py
[2025-12-16T23:30:05.814+0000] {logging_mixin.py:188} INFO - [2025-12-16T23:30:05.814+0000] {dag.py:3096} INFO - Sync 1 DAGs
[2025-12-16T23:30:05.836+0000] {logging_mixin.py:188} INFO - [2025-12-16T23:30:05.836+0000] {dag.py:3954} INFO - Setting next_dagrun for mfg_data_quality_monitoring_dag to 2025-12-16 06:00:00+00:00, run_after=2025-12-17 06:00:00+00:00
[2025-12-16T23:30:05.860+0000] {processor.py:183} INFO - Processing /opt/airflow/dags/mfg_data_quality_monitoring_dag.py took 0.850 seconds
[2025-12-16T23:30:36.677+0000] {processor.py:161} INFO - Started process (PID=1450) to work on /opt/airflow/dags/mfg_data_quality_monitoring_dag.py
[2025-12-16T23:30:36.679+0000] {processor.py:830} INFO - Processing file /opt/airflow/dags/mfg_data_quality_monitoring_dag.py for tasks to queue
[2025-12-16T23:30:36.681+0000] {logging_mixin.py:188} INFO - [2025-12-16T23:30:36.680+0000] {dagbag.py:540} INFO - Filling up the DagBag from /opt/airflow/dags/mfg_data_quality_monitoring_dag.py
[2025-12-16T23:30:37.305+0000] {processor.py:840} INFO - DAG(s) 'mfg_data_quality_monitoring_dag' retrieved from /opt/airflow/dags/mfg_data_quality_monitoring_dag.py
[2025-12-16T23:30:37.329+0000] {logging_mixin.py:188} INFO - [2025-12-16T23:30:37.328+0000] {dag.py:3096} INFO - Sync 1 DAGs
[2025-12-16T23:30:37.349+0000] {logging_mixin.py:188} INFO - [2025-12-16T23:30:37.349+0000] {dag.py:3954} INFO - Setting next_dagrun for mfg_data_quality_monitoring_dag to 2025-12-16 06:00:00+00:00, run_after=2025-12-17 06:00:00+00:00
[2025-12-16T23:30:37.609+0000] {processor.py:183} INFO - Processing /opt/airflow/dags/mfg_data_quality_monitoring_dag.py took 0.938 seconds
[2025-12-16T23:31:08.121+0000] {processor.py:161} INFO - Started process (PID=1472) to work on /opt/airflow/dags/mfg_data_quality_monitoring_dag.py
[2025-12-16T23:31:08.122+0000] {processor.py:830} INFO - Processing file /opt/airflow/dags/mfg_data_quality_monitoring_dag.py for tasks to queue
[2025-12-16T23:31:08.124+0000] {logging_mixin.py:188} INFO - [2025-12-16T23:31:08.124+0000] {dagbag.py:540} INFO - Filling up the DagBag from /opt/airflow/dags/mfg_data_quality_monitoring_dag.py
[2025-12-16T23:31:08.736+0000] {processor.py:840} INFO - DAG(s) 'mfg_data_quality_monitoring_dag' retrieved from /opt/airflow/dags/mfg_data_quality_monitoring_dag.py
[2025-12-16T23:31:08.762+0000] {logging_mixin.py:188} INFO - [2025-12-16T23:31:08.762+0000] {dag.py:3096} INFO - Sync 1 DAGs
[2025-12-16T23:31:08.782+0000] {logging_mixin.py:188} INFO - [2025-12-16T23:31:08.782+0000] {dag.py:3954} INFO - Setting next_dagrun for mfg_data_quality_monitoring_dag to 2025-12-16 06:00:00+00:00, run_after=2025-12-17 06:00:00+00:00
[2025-12-16T23:31:08.803+0000] {processor.py:183} INFO - Processing /opt/airflow/dags/mfg_data_quality_monitoring_dag.py took 0.689 seconds
[2025-12-16T23:31:38.905+0000] {processor.py:161} INFO - Started process (PID=1494) to work on /opt/airflow/dags/mfg_data_quality_monitoring_dag.py
[2025-12-16T23:31:38.906+0000] {processor.py:830} INFO - Processing file /opt/airflow/dags/mfg_data_quality_monitoring_dag.py for tasks to queue
[2025-12-16T23:31:38.909+0000] {logging_mixin.py:188} INFO - [2025-12-16T23:31:38.908+0000] {dagbag.py:540} INFO - Filling up the DagBag from /opt/airflow/dags/mfg_data_quality_monitoring_dag.py
[2025-12-16T23:31:39.578+0000] {processor.py:840} INFO - DAG(s) 'mfg_data_quality_monitoring_dag' retrieved from /opt/airflow/dags/mfg_data_quality_monitoring_dag.py
[2025-12-16T23:31:39.608+0000] {logging_mixin.py:188} INFO - [2025-12-16T23:31:39.608+0000] {dag.py:3096} INFO - Sync 1 DAGs
[2025-12-16T23:31:39.632+0000] {logging_mixin.py:188} INFO - [2025-12-16T23:31:39.632+0000] {dag.py:3954} INFO - Setting next_dagrun for mfg_data_quality_monitoring_dag to 2025-12-16 06:00:00+00:00, run_after=2025-12-17 06:00:00+00:00
[2025-12-16T23:31:39.659+0000] {processor.py:183} INFO - Processing /opt/airflow/dags/mfg_data_quality_monitoring_dag.py took 0.760 seconds
[2025-12-16T23:32:10.331+0000] {processor.py:161} INFO - Started process (PID=1516) to work on /opt/airflow/dags/mfg_data_quality_monitoring_dag.py
[2025-12-16T23:32:10.332+0000] {processor.py:830} INFO - Processing file /opt/airflow/dags/mfg_data_quality_monitoring_dag.py for tasks to queue
[2025-12-16T23:32:10.334+0000] {logging_mixin.py:188} INFO - [2025-12-16T23:32:10.334+0000] {dagbag.py:540} INFO - Filling up the DagBag from /opt/airflow/dags/mfg_data_quality_monitoring_dag.py
[2025-12-16T23:32:10.993+0000] {processor.py:840} INFO - DAG(s) 'mfg_data_quality_monitoring_dag' retrieved from /opt/airflow/dags/mfg_data_quality_monitoring_dag.py
[2025-12-16T23:32:11.014+0000] {logging_mixin.py:188} INFO - [2025-12-16T23:32:11.014+0000] {dag.py:3096} INFO - Sync 1 DAGs
[2025-12-16T23:32:11.033+0000] {logging_mixin.py:188} INFO - [2025-12-16T23:32:11.033+0000] {dag.py:3954} INFO - Setting next_dagrun for mfg_data_quality_monitoring_dag to 2025-12-16 06:00:00+00:00, run_after=2025-12-17 06:00:00+00:00
[2025-12-16T23:32:11.054+0000] {processor.py:183} INFO - Processing /opt/airflow/dags/mfg_data_quality_monitoring_dag.py took 0.729 seconds
[2025-12-16T23:32:41.602+0000] {processor.py:161} INFO - Started process (PID=1538) to work on /opt/airflow/dags/mfg_data_quality_monitoring_dag.py
[2025-12-16T23:32:41.604+0000] {processor.py:830} INFO - Processing file /opt/airflow/dags/mfg_data_quality_monitoring_dag.py for tasks to queue
[2025-12-16T23:32:41.607+0000] {logging_mixin.py:188} INFO - [2025-12-16T23:32:41.606+0000] {dagbag.py:540} INFO - Filling up the DagBag from /opt/airflow/dags/mfg_data_quality_monitoring_dag.py
[2025-12-16T23:32:42.450+0000] {processor.py:840} INFO - DAG(s) 'mfg_data_quality_monitoring_dag' retrieved from /opt/airflow/dags/mfg_data_quality_monitoring_dag.py
[2025-12-16T23:32:42.481+0000] {logging_mixin.py:188} INFO - [2025-12-16T23:32:42.480+0000] {dag.py:3096} INFO - Sync 1 DAGs
[2025-12-16T23:32:42.508+0000] {logging_mixin.py:188} INFO - [2025-12-16T23:32:42.508+0000] {dag.py:3954} INFO - Setting next_dagrun for mfg_data_quality_monitoring_dag to 2025-12-16 06:00:00+00:00, run_after=2025-12-17 06:00:00+00:00
[2025-12-16T23:32:42.534+0000] {processor.py:183} INFO - Processing /opt/airflow/dags/mfg_data_quality_monitoring_dag.py took 0.948 seconds
[2025-12-16T23:33:13.112+0000] {processor.py:161} INFO - Started process (PID=1560) to work on /opt/airflow/dags/mfg_data_quality_monitoring_dag.py
[2025-12-16T23:33:13.114+0000] {processor.py:830} INFO - Processing file /opt/airflow/dags/mfg_data_quality_monitoring_dag.py for tasks to queue
[2025-12-16T23:33:13.117+0000] {logging_mixin.py:188} INFO - [2025-12-16T23:33:13.116+0000] {dagbag.py:540} INFO - Filling up the DagBag from /opt/airflow/dags/mfg_data_quality_monitoring_dag.py
[2025-12-16T23:33:13.973+0000] {processor.py:840} INFO - DAG(s) 'mfg_data_quality_monitoring_dag' retrieved from /opt/airflow/dags/mfg_data_quality_monitoring_dag.py
[2025-12-16T23:33:14.004+0000] {logging_mixin.py:188} INFO - [2025-12-16T23:33:14.003+0000] {dag.py:3096} INFO - Sync 1 DAGs
[2025-12-16T23:33:14.037+0000] {logging_mixin.py:188} INFO - [2025-12-16T23:33:14.037+0000] {dag.py:3954} INFO - Setting next_dagrun for mfg_data_quality_monitoring_dag to 2025-12-16 06:00:00+00:00, run_after=2025-12-17 06:00:00+00:00
[2025-12-16T23:33:14.067+0000] {processor.py:183} INFO - Processing /opt/airflow/dags/mfg_data_quality_monitoring_dag.py took 0.965 seconds
[2025-12-16T23:33:44.614+0000] {processor.py:161} INFO - Started process (PID=1582) to work on /opt/airflow/dags/mfg_data_quality_monitoring_dag.py
[2025-12-16T23:33:44.616+0000] {processor.py:830} INFO - Processing file /opt/airflow/dags/mfg_data_quality_monitoring_dag.py for tasks to queue
[2025-12-16T23:33:44.620+0000] {logging_mixin.py:188} INFO - [2025-12-16T23:33:44.619+0000] {dagbag.py:540} INFO - Filling up the DagBag from /opt/airflow/dags/mfg_data_quality_monitoring_dag.py
[2025-12-16T23:33:45.365+0000] {processor.py:840} INFO - DAG(s) 'mfg_data_quality_monitoring_dag' retrieved from /opt/airflow/dags/mfg_data_quality_monitoring_dag.py
[2025-12-16T23:33:45.389+0000] {logging_mixin.py:188} INFO - [2025-12-16T23:33:45.388+0000] {dag.py:3096} INFO - Sync 1 DAGs
[2025-12-16T23:33:45.412+0000] {logging_mixin.py:188} INFO - [2025-12-16T23:33:45.412+0000] {dag.py:3954} INFO - Setting next_dagrun for mfg_data_quality_monitoring_dag to 2025-12-16 06:00:00+00:00, run_after=2025-12-17 06:00:00+00:00
[2025-12-16T23:33:45.435+0000] {processor.py:183} INFO - Processing /opt/airflow/dags/mfg_data_quality_monitoring_dag.py took 0.830 seconds
[2025-12-16T23:34:15.965+0000] {processor.py:161} INFO - Started process (PID=1604) to work on /opt/airflow/dags/mfg_data_quality_monitoring_dag.py
[2025-12-16T23:34:15.967+0000] {processor.py:830} INFO - Processing file /opt/airflow/dags/mfg_data_quality_monitoring_dag.py for tasks to queue
[2025-12-16T23:34:15.969+0000] {logging_mixin.py:188} INFO - [2025-12-16T23:34:15.968+0000] {dagbag.py:540} INFO - Filling up the DagBag from /opt/airflow/dags/mfg_data_quality_monitoring_dag.py
[2025-12-16T23:34:16.636+0000] {processor.py:840} INFO - DAG(s) 'mfg_data_quality_monitoring_dag' retrieved from /opt/airflow/dags/mfg_data_quality_monitoring_dag.py
[2025-12-16T23:34:16.660+0000] {logging_mixin.py:188} INFO - [2025-12-16T23:34:16.660+0000] {dag.py:3096} INFO - Sync 1 DAGs
[2025-12-16T23:34:16.680+0000] {logging_mixin.py:188} INFO - [2025-12-16T23:34:16.679+0000] {dag.py:3954} INFO - Setting next_dagrun for mfg_data_quality_monitoring_dag to 2025-12-16 06:00:00+00:00, run_after=2025-12-17 06:00:00+00:00
[2025-12-16T23:34:16.703+0000] {processor.py:183} INFO - Processing /opt/airflow/dags/mfg_data_quality_monitoring_dag.py took 0.747 seconds
[2025-12-16T23:34:47.239+0000] {processor.py:161} INFO - Started process (PID=1626) to work on /opt/airflow/dags/mfg_data_quality_monitoring_dag.py
[2025-12-16T23:34:47.240+0000] {processor.py:830} INFO - Processing file /opt/airflow/dags/mfg_data_quality_monitoring_dag.py for tasks to queue
[2025-12-16T23:34:47.243+0000] {logging_mixin.py:188} INFO - [2025-12-16T23:34:47.242+0000] {dagbag.py:540} INFO - Filling up the DagBag from /opt/airflow/dags/mfg_data_quality_monitoring_dag.py
[2025-12-16T23:34:47.966+0000] {processor.py:840} INFO - DAG(s) 'mfg_data_quality_monitoring_dag' retrieved from /opt/airflow/dags/mfg_data_quality_monitoring_dag.py
[2025-12-16T23:34:47.990+0000] {logging_mixin.py:188} INFO - [2025-12-16T23:34:47.989+0000] {dag.py:3096} INFO - Sync 1 DAGs
[2025-12-16T23:34:48.011+0000] {logging_mixin.py:188} INFO - [2025-12-16T23:34:48.011+0000] {dag.py:3954} INFO - Setting next_dagrun for mfg_data_quality_monitoring_dag to 2025-12-16 06:00:00+00:00, run_after=2025-12-17 06:00:00+00:00
[2025-12-16T23:34:48.032+0000] {processor.py:183} INFO - Processing /opt/airflow/dags/mfg_data_quality_monitoring_dag.py took 0.801 seconds
[2025-12-16T23:35:18.702+0000] {processor.py:161} INFO - Started process (PID=1648) to work on /opt/airflow/dags/mfg_data_quality_monitoring_dag.py
[2025-12-16T23:35:18.704+0000] {processor.py:830} INFO - Processing file /opt/airflow/dags/mfg_data_quality_monitoring_dag.py for tasks to queue
[2025-12-16T23:35:18.706+0000] {logging_mixin.py:188} INFO - [2025-12-16T23:35:18.706+0000] {dagbag.py:540} INFO - Filling up the DagBag from /opt/airflow/dags/mfg_data_quality_monitoring_dag.py
[2025-12-16T23:35:19.423+0000] {processor.py:840} INFO - DAG(s) 'mfg_data_quality_monitoring_dag' retrieved from /opt/airflow/dags/mfg_data_quality_monitoring_dag.py
[2025-12-16T23:35:19.451+0000] {logging_mixin.py:188} INFO - [2025-12-16T23:35:19.450+0000] {dag.py:3096} INFO - Sync 1 DAGs
[2025-12-16T23:35:19.473+0000] {logging_mixin.py:188} INFO - [2025-12-16T23:35:19.473+0000] {dag.py:3954} INFO - Setting next_dagrun for mfg_data_quality_monitoring_dag to 2025-12-16 06:00:00+00:00, run_after=2025-12-17 06:00:00+00:00
[2025-12-16T23:35:19.497+0000] {processor.py:183} INFO - Processing /opt/airflow/dags/mfg_data_quality_monitoring_dag.py took 0.802 seconds
[2025-12-16T23:35:50.076+0000] {processor.py:161} INFO - Started process (PID=1670) to work on /opt/airflow/dags/mfg_data_quality_monitoring_dag.py
[2025-12-16T23:35:50.078+0000] {processor.py:830} INFO - Processing file /opt/airflow/dags/mfg_data_quality_monitoring_dag.py for tasks to queue
[2025-12-16T23:35:50.080+0000] {logging_mixin.py:188} INFO - [2025-12-16T23:35:50.079+0000] {dagbag.py:540} INFO - Filling up the DagBag from /opt/airflow/dags/mfg_data_quality_monitoring_dag.py
[2025-12-16T23:35:50.758+0000] {processor.py:840} INFO - DAG(s) 'mfg_data_quality_monitoring_dag' retrieved from /opt/airflow/dags/mfg_data_quality_monitoring_dag.py
[2025-12-16T23:35:50.786+0000] {logging_mixin.py:188} INFO - [2025-12-16T23:35:50.785+0000] {dag.py:3096} INFO - Sync 1 DAGs
[2025-12-16T23:35:50.809+0000] {logging_mixin.py:188} INFO - [2025-12-16T23:35:50.808+0000] {dag.py:3954} INFO - Setting next_dagrun for mfg_data_quality_monitoring_dag to 2025-12-16 06:00:00+00:00, run_after=2025-12-17 06:00:00+00:00
[2025-12-16T23:35:50.834+0000] {processor.py:183} INFO - Processing /opt/airflow/dags/mfg_data_quality_monitoring_dag.py took 0.764 seconds
[2025-12-16T23:36:21.482+0000] {processor.py:161} INFO - Started process (PID=1692) to work on /opt/airflow/dags/mfg_data_quality_monitoring_dag.py
[2025-12-16T23:36:21.484+0000] {processor.py:830} INFO - Processing file /opt/airflow/dags/mfg_data_quality_monitoring_dag.py for tasks to queue
[2025-12-16T23:36:21.486+0000] {logging_mixin.py:188} INFO - [2025-12-16T23:36:21.486+0000] {dagbag.py:540} INFO - Filling up the DagBag from /opt/airflow/dags/mfg_data_quality_monitoring_dag.py
[2025-12-16T23:36:22.192+0000] {processor.py:840} INFO - DAG(s) 'mfg_data_quality_monitoring_dag' retrieved from /opt/airflow/dags/mfg_data_quality_monitoring_dag.py
[2025-12-16T23:36:22.215+0000] {logging_mixin.py:188} INFO - [2025-12-16T23:36:22.215+0000] {dag.py:3096} INFO - Sync 1 DAGs
[2025-12-16T23:36:22.235+0000] {logging_mixin.py:188} INFO - [2025-12-16T23:36:22.235+0000] {dag.py:3954} INFO - Setting next_dagrun for mfg_data_quality_monitoring_dag to 2025-12-16 06:00:00+00:00, run_after=2025-12-17 06:00:00+00:00
[2025-12-16T23:36:22.256+0000] {processor.py:183} INFO - Processing /opt/airflow/dags/mfg_data_quality_monitoring_dag.py took 0.780 seconds
[2025-12-16T23:36:52.849+0000] {processor.py:161} INFO - Started process (PID=1714) to work on /opt/airflow/dags/mfg_data_quality_monitoring_dag.py
[2025-12-16T23:36:52.851+0000] {processor.py:830} INFO - Processing file /opt/airflow/dags/mfg_data_quality_monitoring_dag.py for tasks to queue
[2025-12-16T23:36:52.854+0000] {logging_mixin.py:188} INFO - [2025-12-16T23:36:52.854+0000] {dagbag.py:540} INFO - Filling up the DagBag from /opt/airflow/dags/mfg_data_quality_monitoring_dag.py
[2025-12-16T23:36:53.700+0000] {processor.py:840} INFO - DAG(s) 'mfg_data_quality_monitoring_dag' retrieved from /opt/airflow/dags/mfg_data_quality_monitoring_dag.py
[2025-12-16T23:36:53.729+0000] {logging_mixin.py:188} INFO - [2025-12-16T23:36:53.728+0000] {dag.py:3096} INFO - Sync 1 DAGs
[2025-12-16T23:36:53.770+0000] {logging_mixin.py:188} INFO - [2025-12-16T23:36:53.769+0000] {dag.py:3954} INFO - Setting next_dagrun for mfg_data_quality_monitoring_dag to 2025-12-16 06:00:00+00:00, run_after=2025-12-17 06:00:00+00:00
[2025-12-16T23:36:53.802+0000] {processor.py:183} INFO - Processing /opt/airflow/dags/mfg_data_quality_monitoring_dag.py took 0.961 seconds
[2025-12-16T23:37:24.402+0000] {processor.py:161} INFO - Started process (PID=1736) to work on /opt/airflow/dags/mfg_data_quality_monitoring_dag.py
[2025-12-16T23:37:24.403+0000] {processor.py:830} INFO - Processing file /opt/airflow/dags/mfg_data_quality_monitoring_dag.py for tasks to queue
[2025-12-16T23:37:24.406+0000] {logging_mixin.py:188} INFO - [2025-12-16T23:37:24.405+0000] {dagbag.py:540} INFO - Filling up the DagBag from /opt/airflow/dags/mfg_data_quality_monitoring_dag.py
[2025-12-16T23:37:25.026+0000] {processor.py:840} INFO - DAG(s) 'mfg_data_quality_monitoring_dag' retrieved from /opt/airflow/dags/mfg_data_quality_monitoring_dag.py
[2025-12-16T23:37:25.053+0000] {logging_mixin.py:188} INFO - [2025-12-16T23:37:25.052+0000] {dag.py:3096} INFO - Sync 1 DAGs
[2025-12-16T23:37:25.074+0000] {logging_mixin.py:188} INFO - [2025-12-16T23:37:25.074+0000] {dag.py:3954} INFO - Setting next_dagrun for mfg_data_quality_monitoring_dag to 2025-12-16 06:00:00+00:00, run_after=2025-12-17 06:00:00+00:00
[2025-12-16T23:37:25.097+0000] {processor.py:183} INFO - Processing /opt/airflow/dags/mfg_data_quality_monitoring_dag.py took 0.701 seconds
[2025-12-16T23:37:55.635+0000] {processor.py:161} INFO - Started process (PID=1758) to work on /opt/airflow/dags/mfg_data_quality_monitoring_dag.py
[2025-12-16T23:37:55.637+0000] {processor.py:830} INFO - Processing file /opt/airflow/dags/mfg_data_quality_monitoring_dag.py for tasks to queue
[2025-12-16T23:37:55.639+0000] {logging_mixin.py:188} INFO - [2025-12-16T23:37:55.638+0000] {dagbag.py:540} INFO - Filling up the DagBag from /opt/airflow/dags/mfg_data_quality_monitoring_dag.py
[2025-12-16T23:37:56.319+0000] {processor.py:840} INFO - DAG(s) 'mfg_data_quality_monitoring_dag' retrieved from /opt/airflow/dags/mfg_data_quality_monitoring_dag.py
[2025-12-16T23:37:56.346+0000] {logging_mixin.py:188} INFO - [2025-12-16T23:37:56.345+0000] {dag.py:3096} INFO - Sync 1 DAGs
[2025-12-16T23:37:56.372+0000] {logging_mixin.py:188} INFO - [2025-12-16T23:37:56.371+0000] {dag.py:3954} INFO - Setting next_dagrun for mfg_data_quality_monitoring_dag to 2025-12-16 06:00:00+00:00, run_after=2025-12-17 06:00:00+00:00
[2025-12-16T23:37:56.398+0000] {processor.py:183} INFO - Processing /opt/airflow/dags/mfg_data_quality_monitoring_dag.py took 0.770 seconds
[2025-12-16T23:38:26.928+0000] {processor.py:161} INFO - Started process (PID=1780) to work on /opt/airflow/dags/mfg_data_quality_monitoring_dag.py
[2025-12-16T23:38:26.930+0000] {processor.py:830} INFO - Processing file /opt/airflow/dags/mfg_data_quality_monitoring_dag.py for tasks to queue
[2025-12-16T23:38:26.932+0000] {logging_mixin.py:188} INFO - [2025-12-16T23:38:26.931+0000] {dagbag.py:540} INFO - Filling up the DagBag from /opt/airflow/dags/mfg_data_quality_monitoring_dag.py
[2025-12-16T23:38:27.545+0000] {processor.py:840} INFO - DAG(s) 'mfg_data_quality_monitoring_dag' retrieved from /opt/airflow/dags/mfg_data_quality_monitoring_dag.py
[2025-12-16T23:38:27.569+0000] {logging_mixin.py:188} INFO - [2025-12-16T23:38:27.569+0000] {dag.py:3096} INFO - Sync 1 DAGs
[2025-12-16T23:38:27.588+0000] {logging_mixin.py:188} INFO - [2025-12-16T23:38:27.588+0000] {dag.py:3954} INFO - Setting next_dagrun for mfg_data_quality_monitoring_dag to 2025-12-16 06:00:00+00:00, run_after=2025-12-17 06:00:00+00:00
[2025-12-16T23:38:27.610+0000] {processor.py:183} INFO - Processing /opt/airflow/dags/mfg_data_quality_monitoring_dag.py took 0.688 seconds
[2025-12-16T23:38:58.123+0000] {processor.py:161} INFO - Started process (PID=1802) to work on /opt/airflow/dags/mfg_data_quality_monitoring_dag.py
[2025-12-16T23:38:58.124+0000] {processor.py:830} INFO - Processing file /opt/airflow/dags/mfg_data_quality_monitoring_dag.py for tasks to queue
[2025-12-16T23:38:58.126+0000] {logging_mixin.py:188} INFO - [2025-12-16T23:38:58.126+0000] {dagbag.py:540} INFO - Filling up the DagBag from /opt/airflow/dags/mfg_data_quality_monitoring_dag.py
[2025-12-16T23:38:58.740+0000] {processor.py:840} INFO - DAG(s) 'mfg_data_quality_monitoring_dag' retrieved from /opt/airflow/dags/mfg_data_quality_monitoring_dag.py
[2025-12-16T23:38:58.769+0000] {logging_mixin.py:188} INFO - [2025-12-16T23:38:58.769+0000] {dag.py:3096} INFO - Sync 1 DAGs
[2025-12-16T23:38:58.790+0000] {logging_mixin.py:188} INFO - [2025-12-16T23:38:58.789+0000] {dag.py:3954} INFO - Setting next_dagrun for mfg_data_quality_monitoring_dag to 2025-12-16 06:00:00+00:00, run_after=2025-12-17 06:00:00+00:00
[2025-12-16T23:38:58.818+0000] {processor.py:183} INFO - Processing /opt/airflow/dags/mfg_data_quality_monitoring_dag.py took 0.702 seconds
[2025-12-16T23:39:29.430+0000] {processor.py:161} INFO - Started process (PID=1824) to work on /opt/airflow/dags/mfg_data_quality_monitoring_dag.py
[2025-12-16T23:39:29.432+0000] {processor.py:830} INFO - Processing file /opt/airflow/dags/mfg_data_quality_monitoring_dag.py for tasks to queue
[2025-12-16T23:39:29.434+0000] {logging_mixin.py:188} INFO - [2025-12-16T23:39:29.434+0000] {dagbag.py:540} INFO - Filling up the DagBag from /opt/airflow/dags/mfg_data_quality_monitoring_dag.py
[2025-12-16T23:39:30.280+0000] {processor.py:840} INFO - DAG(s) 'mfg_data_quality_monitoring_dag' retrieved from /opt/airflow/dags/mfg_data_quality_monitoring_dag.py
[2025-12-16T23:39:30.308+0000] {logging_mixin.py:188} INFO - [2025-12-16T23:39:30.307+0000] {dag.py:3096} INFO - Sync 1 DAGs
[2025-12-16T23:39:30.333+0000] {logging_mixin.py:188} INFO - [2025-12-16T23:39:30.332+0000] {dag.py:3954} INFO - Setting next_dagrun for mfg_data_quality_monitoring_dag to 2025-12-16 06:00:00+00:00, run_after=2025-12-17 06:00:00+00:00
[2025-12-16T23:39:30.362+0000] {processor.py:183} INFO - Processing /opt/airflow/dags/mfg_data_quality_monitoring_dag.py took 0.941 seconds
[2025-12-16T23:40:00.886+0000] {processor.py:161} INFO - Started process (PID=1846) to work on /opt/airflow/dags/mfg_data_quality_monitoring_dag.py
[2025-12-16T23:40:00.887+0000] {processor.py:830} INFO - Processing file /opt/airflow/dags/mfg_data_quality_monitoring_dag.py for tasks to queue
[2025-12-16T23:40:00.889+0000] {logging_mixin.py:188} INFO - [2025-12-16T23:40:00.888+0000] {dagbag.py:540} INFO - Filling up the DagBag from /opt/airflow/dags/mfg_data_quality_monitoring_dag.py
[2025-12-16T23:40:01.532+0000] {processor.py:840} INFO - DAG(s) 'mfg_data_quality_monitoring_dag' retrieved from /opt/airflow/dags/mfg_data_quality_monitoring_dag.py
[2025-12-16T23:40:01.555+0000] {logging_mixin.py:188} INFO - [2025-12-16T23:40:01.555+0000] {dag.py:3096} INFO - Sync 1 DAGs
[2025-12-16T23:40:01.575+0000] {logging_mixin.py:188} INFO - [2025-12-16T23:40:01.575+0000] {dag.py:3954} INFO - Setting next_dagrun for mfg_data_quality_monitoring_dag to 2025-12-16 06:00:00+00:00, run_after=2025-12-17 06:00:00+00:00
[2025-12-16T23:40:01.596+0000] {processor.py:183} INFO - Processing /opt/airflow/dags/mfg_data_quality_monitoring_dag.py took 0.717 seconds
[2025-12-16T23:40:32.137+0000] {processor.py:161} INFO - Started process (PID=1868) to work on /opt/airflow/dags/mfg_data_quality_monitoring_dag.py
[2025-12-16T23:40:32.139+0000] {processor.py:830} INFO - Processing file /opt/airflow/dags/mfg_data_quality_monitoring_dag.py for tasks to queue
[2025-12-16T23:40:32.141+0000] {logging_mixin.py:188} INFO - [2025-12-16T23:40:32.140+0000] {dagbag.py:540} INFO - Filling up the DagBag from /opt/airflow/dags/mfg_data_quality_monitoring_dag.py
[2025-12-16T23:40:32.858+0000] {processor.py:840} INFO - DAG(s) 'mfg_data_quality_monitoring_dag' retrieved from /opt/airflow/dags/mfg_data_quality_monitoring_dag.py
[2025-12-16T23:40:32.884+0000] {logging_mixin.py:188} INFO - [2025-12-16T23:40:32.884+0000] {dag.py:3096} INFO - Sync 1 DAGs
[2025-12-16T23:40:32.915+0000] {logging_mixin.py:188} INFO - [2025-12-16T23:40:32.915+0000] {dag.py:3954} INFO - Setting next_dagrun for mfg_data_quality_monitoring_dag to 2025-12-16 06:00:00+00:00, run_after=2025-12-17 06:00:00+00:00
[2025-12-16T23:40:32.940+0000] {processor.py:183} INFO - Processing /opt/airflow/dags/mfg_data_quality_monitoring_dag.py took 0.810 seconds
[2025-12-16T23:41:03.503+0000] {processor.py:161} INFO - Started process (PID=1890) to work on /opt/airflow/dags/mfg_data_quality_monitoring_dag.py
[2025-12-16T23:41:03.505+0000] {processor.py:830} INFO - Processing file /opt/airflow/dags/mfg_data_quality_monitoring_dag.py for tasks to queue
[2025-12-16T23:41:03.508+0000] {logging_mixin.py:188} INFO - [2025-12-16T23:41:03.508+0000] {dagbag.py:540} INFO - Filling up the DagBag from /opt/airflow/dags/mfg_data_quality_monitoring_dag.py
[2025-12-16T23:41:04.256+0000] {processor.py:840} INFO - DAG(s) 'mfg_data_quality_monitoring_dag' retrieved from /opt/airflow/dags/mfg_data_quality_monitoring_dag.py
[2025-12-16T23:41:04.280+0000] {logging_mixin.py:188} INFO - [2025-12-16T23:41:04.279+0000] {dag.py:3096} INFO - Sync 1 DAGs
[2025-12-16T23:41:04.303+0000] {logging_mixin.py:188} INFO - [2025-12-16T23:41:04.302+0000] {dag.py:3954} INFO - Setting next_dagrun for mfg_data_quality_monitoring_dag to 2025-12-16 06:00:00+00:00, run_after=2025-12-17 06:00:00+00:00
[2025-12-16T23:41:04.324+0000] {processor.py:183} INFO - Processing /opt/airflow/dags/mfg_data_quality_monitoring_dag.py took 0.830 seconds
[2025-12-16T23:41:34.898+0000] {processor.py:161} INFO - Started process (PID=1912) to work on /opt/airflow/dags/mfg_data_quality_monitoring_dag.py
[2025-12-16T23:41:34.899+0000] {processor.py:830} INFO - Processing file /opt/airflow/dags/mfg_data_quality_monitoring_dag.py for tasks to queue
[2025-12-16T23:41:34.902+0000] {logging_mixin.py:188} INFO - [2025-12-16T23:41:34.902+0000] {dagbag.py:540} INFO - Filling up the DagBag from /opt/airflow/dags/mfg_data_quality_monitoring_dag.py
[2025-12-16T23:41:35.781+0000] {processor.py:840} INFO - DAG(s) 'mfg_data_quality_monitoring_dag' retrieved from /opt/airflow/dags/mfg_data_quality_monitoring_dag.py
[2025-12-16T23:41:35.806+0000] {logging_mixin.py:188} INFO - [2025-12-16T23:41:35.806+0000] {dag.py:3096} INFO - Sync 1 DAGs
[2025-12-16T23:41:35.828+0000] {logging_mixin.py:188} INFO - [2025-12-16T23:41:35.827+0000] {dag.py:3954} INFO - Setting next_dagrun for mfg_data_quality_monitoring_dag to 2025-12-16 06:00:00+00:00, run_after=2025-12-17 06:00:00+00:00
[2025-12-16T23:41:35.856+0000] {processor.py:183} INFO - Processing /opt/airflow/dags/mfg_data_quality_monitoring_dag.py took 0.968 seconds
[2025-12-16T23:42:06.396+0000] {processor.py:161} INFO - Started process (PID=1934) to work on /opt/airflow/dags/mfg_data_quality_monitoring_dag.py
[2025-12-16T23:42:06.397+0000] {processor.py:830} INFO - Processing file /opt/airflow/dags/mfg_data_quality_monitoring_dag.py for tasks to queue
[2025-12-16T23:42:06.400+0000] {logging_mixin.py:188} INFO - [2025-12-16T23:42:06.399+0000] {dagbag.py:540} INFO - Filling up the DagBag from /opt/airflow/dags/mfg_data_quality_monitoring_dag.py
[2025-12-16T23:42:07.092+0000] {processor.py:840} INFO - DAG(s) 'mfg_data_quality_monitoring_dag' retrieved from /opt/airflow/dags/mfg_data_quality_monitoring_dag.py
[2025-12-16T23:42:07.117+0000] {logging_mixin.py:188} INFO - [2025-12-16T23:42:07.116+0000] {dag.py:3096} INFO - Sync 1 DAGs
[2025-12-16T23:42:07.137+0000] {logging_mixin.py:188} INFO - [2025-12-16T23:42:07.136+0000] {dag.py:3954} INFO - Setting next_dagrun for mfg_data_quality_monitoring_dag to 2025-12-16 06:00:00+00:00, run_after=2025-12-17 06:00:00+00:00
[2025-12-16T23:42:07.161+0000] {processor.py:183} INFO - Processing /opt/airflow/dags/mfg_data_quality_monitoring_dag.py took 0.774 seconds
[2025-12-16T23:42:37.782+0000] {processor.py:161} INFO - Started process (PID=1956) to work on /opt/airflow/dags/mfg_data_quality_monitoring_dag.py
[2025-12-16T23:42:37.783+0000] {processor.py:830} INFO - Processing file /opt/airflow/dags/mfg_data_quality_monitoring_dag.py for tasks to queue
[2025-12-16T23:42:37.785+0000] {logging_mixin.py:188} INFO - [2025-12-16T23:42:37.784+0000] {dagbag.py:540} INFO - Filling up the DagBag from /opt/airflow/dags/mfg_data_quality_monitoring_dag.py
[2025-12-16T23:42:38.473+0000] {processor.py:840} INFO - DAG(s) 'mfg_data_quality_monitoring_dag' retrieved from /opt/airflow/dags/mfg_data_quality_monitoring_dag.py
[2025-12-16T23:42:38.498+0000] {logging_mixin.py:188} INFO - [2025-12-16T23:42:38.498+0000] {dag.py:3096} INFO - Sync 1 DAGs
[2025-12-16T23:42:38.518+0000] {logging_mixin.py:188} INFO - [2025-12-16T23:42:38.518+0000] {dag.py:3954} INFO - Setting next_dagrun for mfg_data_quality_monitoring_dag to 2025-12-16 06:00:00+00:00, run_after=2025-12-17 06:00:00+00:00
[2025-12-16T23:42:38.542+0000] {processor.py:183} INFO - Processing /opt/airflow/dags/mfg_data_quality_monitoring_dag.py took 0.767 seconds
[2025-12-16T23:43:09.086+0000] {processor.py:161} INFO - Started process (PID=1978) to work on /opt/airflow/dags/mfg_data_quality_monitoring_dag.py
[2025-12-16T23:43:09.087+0000] {processor.py:830} INFO - Processing file /opt/airflow/dags/mfg_data_quality_monitoring_dag.py for tasks to queue
[2025-12-16T23:43:09.089+0000] {logging_mixin.py:188} INFO - [2025-12-16T23:43:09.089+0000] {dagbag.py:540} INFO - Filling up the DagBag from /opt/airflow/dags/mfg_data_quality_monitoring_dag.py
[2025-12-16T23:43:09.786+0000] {processor.py:840} INFO - DAG(s) 'mfg_data_quality_monitoring_dag' retrieved from /opt/airflow/dags/mfg_data_quality_monitoring_dag.py
[2025-12-16T23:43:09.811+0000] {logging_mixin.py:188} INFO - [2025-12-16T23:43:09.810+0000] {dag.py:3096} INFO - Sync 1 DAGs
[2025-12-16T23:43:09.832+0000] {logging_mixin.py:188} INFO - [2025-12-16T23:43:09.831+0000] {dag.py:3954} INFO - Setting next_dagrun for mfg_data_quality_monitoring_dag to 2025-12-16 06:00:00+00:00, run_after=2025-12-17 06:00:00+00:00
[2025-12-16T23:43:09.855+0000] {processor.py:183} INFO - Processing /opt/airflow/dags/mfg_data_quality_monitoring_dag.py took 0.777 seconds
[2025-12-16T23:43:40.391+0000] {processor.py:161} INFO - Started process (PID=2000) to work on /opt/airflow/dags/mfg_data_quality_monitoring_dag.py
[2025-12-16T23:43:40.393+0000] {processor.py:830} INFO - Processing file /opt/airflow/dags/mfg_data_quality_monitoring_dag.py for tasks to queue
[2025-12-16T23:43:40.395+0000] {logging_mixin.py:188} INFO - [2025-12-16T23:43:40.395+0000] {dagbag.py:540} INFO - Filling up the DagBag from /opt/airflow/dags/mfg_data_quality_monitoring_dag.py
[2025-12-16T23:43:41.121+0000] {processor.py:840} INFO - DAG(s) 'mfg_data_quality_monitoring_dag' retrieved from /opt/airflow/dags/mfg_data_quality_monitoring_dag.py
[2025-12-16T23:43:41.145+0000] {logging_mixin.py:188} INFO - [2025-12-16T23:43:41.145+0000] {dag.py:3096} INFO - Sync 1 DAGs
[2025-12-16T23:43:41.170+0000] {logging_mixin.py:188} INFO - [2025-12-16T23:43:41.170+0000] {dag.py:3954} INFO - Setting next_dagrun for mfg_data_quality_monitoring_dag to 2025-12-16 06:00:00+00:00, run_after=2025-12-17 06:00:00+00:00
[2025-12-16T23:43:41.195+0000] {processor.py:183} INFO - Processing /opt/airflow/dags/mfg_data_quality_monitoring_dag.py took 0.813 seconds
[2025-12-16T23:44:11.274+0000] {processor.py:161} INFO - Started process (PID=2032) to work on /opt/airflow/dags/mfg_data_quality_monitoring_dag.py
[2025-12-16T23:44:11.275+0000] {processor.py:830} INFO - Processing file /opt/airflow/dags/mfg_data_quality_monitoring_dag.py for tasks to queue
[2025-12-16T23:44:11.277+0000] {logging_mixin.py:188} INFO - [2025-12-16T23:44:11.277+0000] {dagbag.py:540} INFO - Filling up the DagBag from /opt/airflow/dags/mfg_data_quality_monitoring_dag.py
[2025-12-16T23:44:12.032+0000] {processor.py:840} INFO - DAG(s) 'mfg_data_quality_monitoring_dag' retrieved from /opt/airflow/dags/mfg_data_quality_monitoring_dag.py
[2025-12-16T23:44:12.073+0000] {logging_mixin.py:188} INFO - [2025-12-16T23:44:12.072+0000] {dag.py:3096} INFO - Sync 1 DAGs
[2025-12-16T23:44:12.108+0000] {logging_mixin.py:188} INFO - [2025-12-16T23:44:12.107+0000] {dag.py:3954} INFO - Setting next_dagrun for mfg_data_quality_monitoring_dag to 2025-12-16 06:00:00+00:00, run_after=2025-12-17 06:00:00+00:00
[2025-12-16T23:44:12.127+0000] {processor.py:183} INFO - Processing /opt/airflow/dags/mfg_data_quality_monitoring_dag.py took 0.860 seconds
[2025-12-16T23:44:42.827+0000] {processor.py:161} INFO - Started process (PID=2054) to work on /opt/airflow/dags/mfg_data_quality_monitoring_dag.py
[2025-12-16T23:44:42.828+0000] {processor.py:830} INFO - Processing file /opt/airflow/dags/mfg_data_quality_monitoring_dag.py for tasks to queue
[2025-12-16T23:44:42.832+0000] {logging_mixin.py:188} INFO - [2025-12-16T23:44:42.831+0000] {dagbag.py:540} INFO - Filling up the DagBag from /opt/airflow/dags/mfg_data_quality_monitoring_dag.py
[2025-12-16T23:44:43.620+0000] {processor.py:840} INFO - DAG(s) 'mfg_data_quality_monitoring_dag' retrieved from /opt/airflow/dags/mfg_data_quality_monitoring_dag.py
[2025-12-16T23:44:43.644+0000] {logging_mixin.py:188} INFO - [2025-12-16T23:44:43.644+0000] {dag.py:3096} INFO - Sync 1 DAGs
[2025-12-16T23:44:43.666+0000] {logging_mixin.py:188} INFO - [2025-12-16T23:44:43.666+0000] {dag.py:3954} INFO - Setting next_dagrun for mfg_data_quality_monitoring_dag to 2025-12-16 06:00:00+00:00, run_after=2025-12-17 06:00:00+00:00
[2025-12-16T23:44:43.689+0000] {processor.py:183} INFO - Processing /opt/airflow/dags/mfg_data_quality_monitoring_dag.py took 0.870 seconds
[2025-12-16T23:45:14.300+0000] {processor.py:161} INFO - Started process (PID=2081) to work on /opt/airflow/dags/mfg_data_quality_monitoring_dag.py
[2025-12-16T23:45:14.301+0000] {processor.py:830} INFO - Processing file /opt/airflow/dags/mfg_data_quality_monitoring_dag.py for tasks to queue
[2025-12-16T23:45:14.304+0000] {logging_mixin.py:188} INFO - [2025-12-16T23:45:14.304+0000] {dagbag.py:540} INFO - Filling up the DagBag from /opt/airflow/dags/mfg_data_quality_monitoring_dag.py
[2025-12-16T23:45:15.024+0000] {processor.py:840} INFO - DAG(s) 'mfg_data_quality_monitoring_dag' retrieved from /opt/airflow/dags/mfg_data_quality_monitoring_dag.py
[2025-12-16T23:45:15.052+0000] {logging_mixin.py:188} INFO - [2025-12-16T23:45:15.052+0000] {dag.py:3096} INFO - Sync 1 DAGs
[2025-12-16T23:45:15.080+0000] {logging_mixin.py:188} INFO - [2025-12-16T23:45:15.080+0000] {dag.py:3954} INFO - Setting next_dagrun for mfg_data_quality_monitoring_dag to 2025-12-16 06:00:00+00:00, run_after=2025-12-17 06:00:00+00:00
[2025-12-16T23:45:15.105+0000] {processor.py:183} INFO - Processing /opt/airflow/dags/mfg_data_quality_monitoring_dag.py took 0.812 seconds
[2025-12-16T23:45:45.645+0000] {processor.py:161} INFO - Started process (PID=2103) to work on /opt/airflow/dags/mfg_data_quality_monitoring_dag.py
[2025-12-16T23:45:45.646+0000] {processor.py:830} INFO - Processing file /opt/airflow/dags/mfg_data_quality_monitoring_dag.py for tasks to queue
[2025-12-16T23:45:45.649+0000] {logging_mixin.py:188} INFO - [2025-12-16T23:45:45.649+0000] {dagbag.py:540} INFO - Filling up the DagBag from /opt/airflow/dags/mfg_data_quality_monitoring_dag.py
[2025-12-16T23:45:46.321+0000] {processor.py:840} INFO - DAG(s) 'mfg_data_quality_monitoring_dag' retrieved from /opt/airflow/dags/mfg_data_quality_monitoring_dag.py
[2025-12-16T23:45:46.344+0000] {logging_mixin.py:188} INFO - [2025-12-16T23:45:46.344+0000] {dag.py:3096} INFO - Sync 1 DAGs
[2025-12-16T23:45:46.366+0000] {logging_mixin.py:188} INFO - [2025-12-16T23:45:46.366+0000] {dag.py:3954} INFO - Setting next_dagrun for mfg_data_quality_monitoring_dag to 2025-12-16 06:00:00+00:00, run_after=2025-12-17 06:00:00+00:00
[2025-12-16T23:45:46.387+0000] {processor.py:183} INFO - Processing /opt/airflow/dags/mfg_data_quality_monitoring_dag.py took 0.748 seconds
[2025-12-16T23:46:16.947+0000] {processor.py:161} INFO - Started process (PID=2125) to work on /opt/airflow/dags/mfg_data_quality_monitoring_dag.py
[2025-12-16T23:46:16.948+0000] {processor.py:830} INFO - Processing file /opt/airflow/dags/mfg_data_quality_monitoring_dag.py for tasks to queue
[2025-12-16T23:46:16.952+0000] {logging_mixin.py:188} INFO - [2025-12-16T23:46:16.951+0000] {dagbag.py:540} INFO - Filling up the DagBag from /opt/airflow/dags/mfg_data_quality_monitoring_dag.py
[2025-12-16T23:46:17.640+0000] {processor.py:840} INFO - DAG(s) 'mfg_data_quality_monitoring_dag' retrieved from /opt/airflow/dags/mfg_data_quality_monitoring_dag.py
[2025-12-16T23:46:17.668+0000] {logging_mixin.py:188} INFO - [2025-12-16T23:46:17.668+0000] {dag.py:3096} INFO - Sync 1 DAGs
[2025-12-16T23:46:17.691+0000] {logging_mixin.py:188} INFO - [2025-12-16T23:46:17.690+0000] {dag.py:3954} INFO - Setting next_dagrun for mfg_data_quality_monitoring_dag to 2025-12-16 06:00:00+00:00, run_after=2025-12-17 06:00:00+00:00
[2025-12-16T23:46:17.713+0000] {processor.py:183} INFO - Processing /opt/airflow/dags/mfg_data_quality_monitoring_dag.py took 0.773 seconds
[2025-12-16T23:46:48.292+0000] {processor.py:161} INFO - Started process (PID=2147) to work on /opt/airflow/dags/mfg_data_quality_monitoring_dag.py
[2025-12-16T23:46:48.293+0000] {processor.py:830} INFO - Processing file /opt/airflow/dags/mfg_data_quality_monitoring_dag.py for tasks to queue
[2025-12-16T23:46:48.295+0000] {logging_mixin.py:188} INFO - [2025-12-16T23:46:48.295+0000] {dagbag.py:540} INFO - Filling up the DagBag from /opt/airflow/dags/mfg_data_quality_monitoring_dag.py
[2025-12-16T23:46:48.980+0000] {processor.py:840} INFO - DAG(s) 'mfg_data_quality_monitoring_dag' retrieved from /opt/airflow/dags/mfg_data_quality_monitoring_dag.py
[2025-12-16T23:46:49.006+0000] {logging_mixin.py:188} INFO - [2025-12-16T23:46:49.006+0000] {dag.py:3096} INFO - Sync 1 DAGs
[2025-12-16T23:46:49.027+0000] {logging_mixin.py:188} INFO - [2025-12-16T23:46:49.026+0000] {dag.py:3954} INFO - Setting next_dagrun for mfg_data_quality_monitoring_dag to 2025-12-16 06:00:00+00:00, run_after=2025-12-17 06:00:00+00:00
[2025-12-16T23:46:49.047+0000] {processor.py:183} INFO - Processing /opt/airflow/dags/mfg_data_quality_monitoring_dag.py took 0.763 seconds
[2025-12-16T23:47:19.609+0000] {processor.py:161} INFO - Started process (PID=2169) to work on /opt/airflow/dags/mfg_data_quality_monitoring_dag.py
[2025-12-16T23:47:19.610+0000] {processor.py:830} INFO - Processing file /opt/airflow/dags/mfg_data_quality_monitoring_dag.py for tasks to queue
[2025-12-16T23:47:19.613+0000] {logging_mixin.py:188} INFO - [2025-12-16T23:47:19.612+0000] {dagbag.py:540} INFO - Filling up the DagBag from /opt/airflow/dags/mfg_data_quality_monitoring_dag.py
[2025-12-16T23:47:20.320+0000] {processor.py:840} INFO - DAG(s) 'mfg_data_quality_monitoring_dag' retrieved from /opt/airflow/dags/mfg_data_quality_monitoring_dag.py
[2025-12-16T23:47:20.344+0000] {logging_mixin.py:188} INFO - [2025-12-16T23:47:20.344+0000] {dag.py:3096} INFO - Sync 1 DAGs
[2025-12-16T23:47:20.366+0000] {logging_mixin.py:188} INFO - [2025-12-16T23:47:20.366+0000] {dag.py:3954} INFO - Setting next_dagrun for mfg_data_quality_monitoring_dag to 2025-12-16 06:00:00+00:00, run_after=2025-12-17 06:00:00+00:00
[2025-12-16T23:47:20.390+0000] {processor.py:183} INFO - Processing /opt/airflow/dags/mfg_data_quality_monitoring_dag.py took 0.789 seconds
[2025-12-16T23:47:50.926+0000] {processor.py:161} INFO - Started process (PID=2191) to work on /opt/airflow/dags/mfg_data_quality_monitoring_dag.py
[2025-12-16T23:47:50.928+0000] {processor.py:830} INFO - Processing file /opt/airflow/dags/mfg_data_quality_monitoring_dag.py for tasks to queue
[2025-12-16T23:47:50.930+0000] {logging_mixin.py:188} INFO - [2025-12-16T23:47:50.930+0000] {dagbag.py:540} INFO - Filling up the DagBag from /opt/airflow/dags/mfg_data_quality_monitoring_dag.py
[2025-12-16T23:47:51.635+0000] {processor.py:840} INFO - DAG(s) 'mfg_data_quality_monitoring_dag' retrieved from /opt/airflow/dags/mfg_data_quality_monitoring_dag.py
[2025-12-16T23:47:51.661+0000] {logging_mixin.py:188} INFO - [2025-12-16T23:47:51.660+0000] {dag.py:3096} INFO - Sync 1 DAGs
[2025-12-16T23:47:51.683+0000] {logging_mixin.py:188} INFO - [2025-12-16T23:47:51.683+0000] {dag.py:3954} INFO - Setting next_dagrun for mfg_data_quality_monitoring_dag to 2025-12-16 06:00:00+00:00, run_after=2025-12-17 06:00:00+00:00
[2025-12-16T23:47:51.708+0000] {processor.py:183} INFO - Processing /opt/airflow/dags/mfg_data_quality_monitoring_dag.py took 0.789 seconds
[2025-12-16T23:48:22.299+0000] {processor.py:161} INFO - Started process (PID=2213) to work on /opt/airflow/dags/mfg_data_quality_monitoring_dag.py
[2025-12-16T23:48:22.301+0000] {processor.py:830} INFO - Processing file /opt/airflow/dags/mfg_data_quality_monitoring_dag.py for tasks to queue
[2025-12-16T23:48:22.306+0000] {logging_mixin.py:188} INFO - [2025-12-16T23:48:22.305+0000] {dagbag.py:540} INFO - Filling up the DagBag from /opt/airflow/dags/mfg_data_quality_monitoring_dag.py
[2025-12-16T23:48:23.186+0000] {processor.py:840} INFO - DAG(s) 'mfg_data_quality_monitoring_dag' retrieved from /opt/airflow/dags/mfg_data_quality_monitoring_dag.py
[2025-12-16T23:48:23.211+0000] {logging_mixin.py:188} INFO - [2025-12-16T23:48:23.210+0000] {dag.py:3096} INFO - Sync 1 DAGs
[2025-12-16T23:48:23.230+0000] {logging_mixin.py:188} INFO - [2025-12-16T23:48:23.230+0000] {dag.py:3954} INFO - Setting next_dagrun for mfg_data_quality_monitoring_dag to 2025-12-16 06:00:00+00:00, run_after=2025-12-17 06:00:00+00:00
[2025-12-16T23:48:23.255+0000] {processor.py:183} INFO - Processing /opt/airflow/dags/mfg_data_quality_monitoring_dag.py took 0.978 seconds
[2025-12-16T23:48:53.862+0000] {processor.py:161} INFO - Started process (PID=2235) to work on /opt/airflow/dags/mfg_data_quality_monitoring_dag.py
[2025-12-16T23:48:53.863+0000] {processor.py:830} INFO - Processing file /opt/airflow/dags/mfg_data_quality_monitoring_dag.py for tasks to queue
[2025-12-16T23:48:53.866+0000] {logging_mixin.py:188} INFO - [2025-12-16T23:48:53.866+0000] {dagbag.py:540} INFO - Filling up the DagBag from /opt/airflow/dags/mfg_data_quality_monitoring_dag.py
[2025-12-16T23:48:54.749+0000] {processor.py:840} INFO - DAG(s) 'mfg_data_quality_monitoring_dag' retrieved from /opt/airflow/dags/mfg_data_quality_monitoring_dag.py
[2025-12-16T23:48:54.782+0000] {logging_mixin.py:188} INFO - [2025-12-16T23:48:54.781+0000] {dag.py:3096} INFO - Sync 1 DAGs
[2025-12-16T23:48:54.809+0000] {logging_mixin.py:188} INFO - [2025-12-16T23:48:54.809+0000] {dag.py:3954} INFO - Setting next_dagrun for mfg_data_quality_monitoring_dag to 2025-12-16 06:00:00+00:00, run_after=2025-12-17 06:00:00+00:00
[2025-12-16T23:48:54.839+0000] {processor.py:183} INFO - Processing /opt/airflow/dags/mfg_data_quality_monitoring_dag.py took 0.986 seconds
[2025-12-16T23:49:25.415+0000] {processor.py:161} INFO - Started process (PID=2257) to work on /opt/airflow/dags/mfg_data_quality_monitoring_dag.py
[2025-12-16T23:49:25.417+0000] {processor.py:830} INFO - Processing file /opt/airflow/dags/mfg_data_quality_monitoring_dag.py for tasks to queue
[2025-12-16T23:49:25.419+0000] {logging_mixin.py:188} INFO - [2025-12-16T23:49:25.419+0000] {dagbag.py:540} INFO - Filling up the DagBag from /opt/airflow/dags/mfg_data_quality_monitoring_dag.py
[2025-12-16T23:49:26.295+0000] {processor.py:840} INFO - DAG(s) 'mfg_data_quality_monitoring_dag' retrieved from /opt/airflow/dags/mfg_data_quality_monitoring_dag.py
[2025-12-16T23:49:26.327+0000] {logging_mixin.py:188} INFO - [2025-12-16T23:49:26.327+0000] {dag.py:3096} INFO - Sync 1 DAGs
[2025-12-16T23:49:26.357+0000] {logging_mixin.py:188} INFO - [2025-12-16T23:49:26.356+0000] {dag.py:3954} INFO - Setting next_dagrun for mfg_data_quality_monitoring_dag to 2025-12-16 06:00:00+00:00, run_after=2025-12-17 06:00:00+00:00
[2025-12-16T23:49:26.386+0000] {processor.py:183} INFO - Processing /opt/airflow/dags/mfg_data_quality_monitoring_dag.py took 0.979 seconds
[2025-12-16T23:49:56.957+0000] {processor.py:161} INFO - Started process (PID=2279) to work on /opt/airflow/dags/mfg_data_quality_monitoring_dag.py
[2025-12-16T23:49:56.959+0000] {processor.py:830} INFO - Processing file /opt/airflow/dags/mfg_data_quality_monitoring_dag.py for tasks to queue
[2025-12-16T23:49:56.961+0000] {logging_mixin.py:188} INFO - [2025-12-16T23:49:56.961+0000] {dagbag.py:540} INFO - Filling up the DagBag from /opt/airflow/dags/mfg_data_quality_monitoring_dag.py
[2025-12-16T23:49:57.826+0000] {processor.py:840} INFO - DAG(s) 'mfg_data_quality_monitoring_dag' retrieved from /opt/airflow/dags/mfg_data_quality_monitoring_dag.py
[2025-12-16T23:49:57.857+0000] {logging_mixin.py:188} INFO - [2025-12-16T23:49:57.856+0000] {dag.py:3096} INFO - Sync 1 DAGs
[2025-12-16T23:49:57.885+0000] {logging_mixin.py:188} INFO - [2025-12-16T23:49:57.884+0000] {dag.py:3954} INFO - Setting next_dagrun for mfg_data_quality_monitoring_dag to 2025-12-16 06:00:00+00:00, run_after=2025-12-17 06:00:00+00:00
[2025-12-16T23:49:57.911+0000] {processor.py:183} INFO - Processing /opt/airflow/dags/mfg_data_quality_monitoring_dag.py took 0.962 seconds
[2025-12-16T23:50:28.573+0000] {processor.py:161} INFO - Started process (PID=2301) to work on /opt/airflow/dags/mfg_data_quality_monitoring_dag.py
[2025-12-16T23:50:28.574+0000] {processor.py:830} INFO - Processing file /opt/airflow/dags/mfg_data_quality_monitoring_dag.py for tasks to queue
[2025-12-16T23:50:28.577+0000] {logging_mixin.py:188} INFO - [2025-12-16T23:50:28.576+0000] {dagbag.py:540} INFO - Filling up the DagBag from /opt/airflow/dags/mfg_data_quality_monitoring_dag.py
[2025-12-16T23:50:29.445+0000] {processor.py:840} INFO - DAG(s) 'mfg_data_quality_monitoring_dag' retrieved from /opt/airflow/dags/mfg_data_quality_monitoring_dag.py
[2025-12-16T23:50:29.475+0000] {logging_mixin.py:188} INFO - [2025-12-16T23:50:29.475+0000] {dag.py:3096} INFO - Sync 1 DAGs
[2025-12-16T23:50:29.502+0000] {logging_mixin.py:188} INFO - [2025-12-16T23:50:29.502+0000] {dag.py:3954} INFO - Setting next_dagrun for mfg_data_quality_monitoring_dag to 2025-12-16 06:00:00+00:00, run_after=2025-12-17 06:00:00+00:00
[2025-12-16T23:50:29.534+0000] {processor.py:183} INFO - Processing /opt/airflow/dags/mfg_data_quality_monitoring_dag.py took 0.969 seconds
[2025-12-16T23:51:00.161+0000] {processor.py:161} INFO - Started process (PID=2323) to work on /opt/airflow/dags/mfg_data_quality_monitoring_dag.py
[2025-12-16T23:51:00.196+0000] {processor.py:830} INFO - Processing file /opt/airflow/dags/mfg_data_quality_monitoring_dag.py for tasks to queue
[2025-12-16T23:51:00.203+0000] {logging_mixin.py:188} INFO - [2025-12-16T23:51:00.202+0000] {dagbag.py:540} INFO - Filling up the DagBag from /opt/airflow/dags/mfg_data_quality_monitoring_dag.py
[2025-12-16T23:51:01.146+0000] {processor.py:840} INFO - DAG(s) 'mfg_data_quality_monitoring_dag' retrieved from /opt/airflow/dags/mfg_data_quality_monitoring_dag.py
[2025-12-16T23:51:01.181+0000] {logging_mixin.py:188} INFO - [2025-12-16T23:51:01.180+0000] {dag.py:3096} INFO - Sync 1 DAGs
[2025-12-16T23:51:01.207+0000] {logging_mixin.py:188} INFO - [2025-12-16T23:51:01.207+0000] {dag.py:3954} INFO - Setting next_dagrun for mfg_data_quality_monitoring_dag to 2025-12-16 06:00:00+00:00, run_after=2025-12-17 06:00:00+00:00
[2025-12-16T23:51:01.237+0000] {processor.py:183} INFO - Processing /opt/airflow/dags/mfg_data_quality_monitoring_dag.py took 1.085 seconds
[2025-12-16T23:51:31.753+0000] {processor.py:161} INFO - Started process (PID=2345) to work on /opt/airflow/dags/mfg_data_quality_monitoring_dag.py
[2025-12-16T23:51:31.755+0000] {processor.py:830} INFO - Processing file /opt/airflow/dags/mfg_data_quality_monitoring_dag.py for tasks to queue
[2025-12-16T23:51:31.758+0000] {logging_mixin.py:188} INFO - [2025-12-16T23:51:31.757+0000] {dagbag.py:540} INFO - Filling up the DagBag from /opt/airflow/dags/mfg_data_quality_monitoring_dag.py
[2025-12-16T23:51:32.688+0000] {processor.py:840} INFO - DAG(s) 'mfg_data_quality_monitoring_dag' retrieved from /opt/airflow/dags/mfg_data_quality_monitoring_dag.py
[2025-12-16T23:51:32.719+0000] {logging_mixin.py:188} INFO - [2025-12-16T23:51:32.719+0000] {dag.py:3096} INFO - Sync 1 DAGs
[2025-12-16T23:51:32.753+0000] {logging_mixin.py:188} INFO - [2025-12-16T23:51:32.752+0000] {dag.py:3954} INFO - Setting next_dagrun for mfg_data_quality_monitoring_dag to 2025-12-16 06:00:00+00:00, run_after=2025-12-17 06:00:00+00:00
[2025-12-16T23:51:32.781+0000] {processor.py:183} INFO - Processing /opt/airflow/dags/mfg_data_quality_monitoring_dag.py took 1.036 seconds
[2025-12-16T23:52:03.368+0000] {processor.py:161} INFO - Started process (PID=2367) to work on /opt/airflow/dags/mfg_data_quality_monitoring_dag.py
[2025-12-16T23:52:03.370+0000] {processor.py:830} INFO - Processing file /opt/airflow/dags/mfg_data_quality_monitoring_dag.py for tasks to queue
[2025-12-16T23:52:03.373+0000] {logging_mixin.py:188} INFO - [2025-12-16T23:52:03.372+0000] {dagbag.py:540} INFO - Filling up the DagBag from /opt/airflow/dags/mfg_data_quality_monitoring_dag.py
[2025-12-16T23:52:04.236+0000] {processor.py:840} INFO - DAG(s) 'mfg_data_quality_monitoring_dag' retrieved from /opt/airflow/dags/mfg_data_quality_monitoring_dag.py
[2025-12-16T23:52:04.267+0000] {logging_mixin.py:188} INFO - [2025-12-16T23:52:04.267+0000] {dag.py:3096} INFO - Sync 1 DAGs
[2025-12-16T23:52:04.296+0000] {logging_mixin.py:188} INFO - [2025-12-16T23:52:04.296+0000] {dag.py:3954} INFO - Setting next_dagrun for mfg_data_quality_monitoring_dag to 2025-12-16 06:00:00+00:00, run_after=2025-12-17 06:00:00+00:00
[2025-12-16T23:52:04.323+0000] {processor.py:183} INFO - Processing /opt/airflow/dags/mfg_data_quality_monitoring_dag.py took 0.965 seconds
[2025-12-16T23:52:35.123+0000] {processor.py:161} INFO - Started process (PID=2389) to work on /opt/airflow/dags/mfg_data_quality_monitoring_dag.py
[2025-12-16T23:52:35.125+0000] {processor.py:830} INFO - Processing file /opt/airflow/dags/mfg_data_quality_monitoring_dag.py for tasks to queue
[2025-12-16T23:52:35.129+0000] {logging_mixin.py:188} INFO - [2025-12-16T23:52:35.128+0000] {dagbag.py:540} INFO - Filling up the DagBag from /opt/airflow/dags/mfg_data_quality_monitoring_dag.py
[2025-12-16T23:52:36.041+0000] {processor.py:840} INFO - DAG(s) 'mfg_data_quality_monitoring_dag' retrieved from /opt/airflow/dags/mfg_data_quality_monitoring_dag.py
[2025-12-16T23:52:36.070+0000] {logging_mixin.py:188} INFO - [2025-12-16T23:52:36.070+0000] {dag.py:3096} INFO - Sync 1 DAGs
[2025-12-16T23:52:36.097+0000] {logging_mixin.py:188} INFO - [2025-12-16T23:52:36.097+0000] {dag.py:3954} INFO - Setting next_dagrun for mfg_data_quality_monitoring_dag to 2025-12-16 06:00:00+00:00, run_after=2025-12-17 06:00:00+00:00
[2025-12-16T23:52:36.126+0000] {processor.py:183} INFO - Processing /opt/airflow/dags/mfg_data_quality_monitoring_dag.py took 1.016 seconds
[2025-12-16T23:53:06.667+0000] {processor.py:161} INFO - Started process (PID=2411) to work on /opt/airflow/dags/mfg_data_quality_monitoring_dag.py
[2025-12-16T23:53:06.668+0000] {processor.py:830} INFO - Processing file /opt/airflow/dags/mfg_data_quality_monitoring_dag.py for tasks to queue
[2025-12-16T23:53:06.671+0000] {logging_mixin.py:188} INFO - [2025-12-16T23:53:06.670+0000] {dagbag.py:540} INFO - Filling up the DagBag from /opt/airflow/dags/mfg_data_quality_monitoring_dag.py
[2025-12-16T23:53:07.532+0000] {processor.py:840} INFO - DAG(s) 'mfg_data_quality_monitoring_dag' retrieved from /opt/airflow/dags/mfg_data_quality_monitoring_dag.py
[2025-12-16T23:53:07.564+0000] {logging_mixin.py:188} INFO - [2025-12-16T23:53:07.563+0000] {dag.py:3096} INFO - Sync 1 DAGs
[2025-12-16T23:53:07.591+0000] {logging_mixin.py:188} INFO - [2025-12-16T23:53:07.590+0000] {dag.py:3954} INFO - Setting next_dagrun for mfg_data_quality_monitoring_dag to 2025-12-16 06:00:00+00:00, run_after=2025-12-17 06:00:00+00:00
[2025-12-16T23:53:07.620+0000] {processor.py:183} INFO - Processing /opt/airflow/dags/mfg_data_quality_monitoring_dag.py took 0.961 seconds
[2025-12-16T23:53:38.206+0000] {processor.py:161} INFO - Started process (PID=2433) to work on /opt/airflow/dags/mfg_data_quality_monitoring_dag.py
[2025-12-16T23:53:38.207+0000] {processor.py:830} INFO - Processing file /opt/airflow/dags/mfg_data_quality_monitoring_dag.py for tasks to queue
[2025-12-16T23:53:38.209+0000] {logging_mixin.py:188} INFO - [2025-12-16T23:53:38.209+0000] {dagbag.py:540} INFO - Filling up the DagBag from /opt/airflow/dags/mfg_data_quality_monitoring_dag.py
[2025-12-16T23:53:38.855+0000] {processor.py:840} INFO - DAG(s) 'mfg_data_quality_monitoring_dag' retrieved from /opt/airflow/dags/mfg_data_quality_monitoring_dag.py
[2025-12-16T23:53:38.879+0000] {logging_mixin.py:188} INFO - [2025-12-16T23:53:38.879+0000] {dag.py:3096} INFO - Sync 1 DAGs
[2025-12-16T23:53:38.899+0000] {logging_mixin.py:188} INFO - [2025-12-16T23:53:38.899+0000] {dag.py:3954} INFO - Setting next_dagrun for mfg_data_quality_monitoring_dag to 2025-12-16 06:00:00+00:00, run_after=2025-12-17 06:00:00+00:00
[2025-12-16T23:53:38.920+0000] {processor.py:183} INFO - Processing /opt/airflow/dags/mfg_data_quality_monitoring_dag.py took 0.720 seconds
[2025-12-16T23:54:09.438+0000] {processor.py:161} INFO - Started process (PID=2455) to work on /opt/airflow/dags/mfg_data_quality_monitoring_dag.py
[2025-12-16T23:54:09.440+0000] {processor.py:830} INFO - Processing file /opt/airflow/dags/mfg_data_quality_monitoring_dag.py for tasks to queue
[2025-12-16T23:54:09.443+0000] {logging_mixin.py:188} INFO - [2025-12-16T23:54:09.443+0000] {dagbag.py:540} INFO - Filling up the DagBag from /opt/airflow/dags/mfg_data_quality_monitoring_dag.py
[2025-12-16T23:54:10.218+0000] {processor.py:840} INFO - DAG(s) 'mfg_data_quality_monitoring_dag' retrieved from /opt/airflow/dags/mfg_data_quality_monitoring_dag.py
[2025-12-16T23:54:10.247+0000] {logging_mixin.py:188} INFO - [2025-12-16T23:54:10.246+0000] {dag.py:3096} INFO - Sync 1 DAGs
[2025-12-16T23:54:10.271+0000] {logging_mixin.py:188} INFO - [2025-12-16T23:54:10.271+0000] {dag.py:3954} INFO - Setting next_dagrun for mfg_data_quality_monitoring_dag to 2025-12-16 06:00:00+00:00, run_after=2025-12-17 06:00:00+00:00
[2025-12-16T23:54:10.305+0000] {processor.py:183} INFO - Processing /opt/airflow/dags/mfg_data_quality_monitoring_dag.py took 0.880 seconds
[2025-12-16T23:54:40.840+0000] {processor.py:161} INFO - Started process (PID=2477) to work on /opt/airflow/dags/mfg_data_quality_monitoring_dag.py
[2025-12-16T23:54:40.841+0000] {processor.py:830} INFO - Processing file /opt/airflow/dags/mfg_data_quality_monitoring_dag.py for tasks to queue
[2025-12-16T23:54:40.844+0000] {logging_mixin.py:188} INFO - [2025-12-16T23:54:40.843+0000] {dagbag.py:540} INFO - Filling up the DagBag from /opt/airflow/dags/mfg_data_quality_monitoring_dag.py
[2025-12-16T23:54:41.453+0000] {processor.py:840} INFO - DAG(s) 'mfg_data_quality_monitoring_dag' retrieved from /opt/airflow/dags/mfg_data_quality_monitoring_dag.py
[2025-12-16T23:54:41.477+0000] {logging_mixin.py:188} INFO - [2025-12-16T23:54:41.477+0000] {dag.py:3096} INFO - Sync 1 DAGs
[2025-12-16T23:54:41.496+0000] {logging_mixin.py:188} INFO - [2025-12-16T23:54:41.496+0000] {dag.py:3954} INFO - Setting next_dagrun for mfg_data_quality_monitoring_dag to 2025-12-16 06:00:00+00:00, run_after=2025-12-17 06:00:00+00:00
[2025-12-16T23:54:41.517+0000] {processor.py:183} INFO - Processing /opt/airflow/dags/mfg_data_quality_monitoring_dag.py took 0.683 seconds
[2025-12-16T23:55:12.042+0000] {processor.py:161} INFO - Started process (PID=2499) to work on /opt/airflow/dags/mfg_data_quality_monitoring_dag.py
[2025-12-16T23:55:12.043+0000] {processor.py:830} INFO - Processing file /opt/airflow/dags/mfg_data_quality_monitoring_dag.py for tasks to queue
[2025-12-16T23:55:12.045+0000] {logging_mixin.py:188} INFO - [2025-12-16T23:55:12.045+0000] {dagbag.py:540} INFO - Filling up the DagBag from /opt/airflow/dags/mfg_data_quality_monitoring_dag.py
[2025-12-16T23:55:12.751+0000] {processor.py:840} INFO - DAG(s) 'mfg_data_quality_monitoring_dag' retrieved from /opt/airflow/dags/mfg_data_quality_monitoring_dag.py
[2025-12-16T23:55:12.776+0000] {logging_mixin.py:188} INFO - [2025-12-16T23:55:12.776+0000] {dag.py:3096} INFO - Sync 1 DAGs
[2025-12-16T23:55:12.795+0000] {logging_mixin.py:188} INFO - [2025-12-16T23:55:12.795+0000] {dag.py:3954} INFO - Setting next_dagrun for mfg_data_quality_monitoring_dag to 2025-12-16 06:00:00+00:00, run_after=2025-12-17 06:00:00+00:00
[2025-12-16T23:55:12.819+0000] {processor.py:183} INFO - Processing /opt/airflow/dags/mfg_data_quality_monitoring_dag.py took 0.783 seconds
