[2025-12-16T23:12:08.581+0000] {processor.py:161} INFO - Started process (PID=207) to work on /opt/airflow/dags/mfg_dbt_transform_dag.py
[2025-12-16T23:12:08.583+0000] {processor.py:830} INFO - Processing file /opt/airflow/dags/mfg_dbt_transform_dag.py for tasks to queue
[2025-12-16T23:12:08.588+0000] {logging_mixin.py:188} INFO - [2025-12-16T23:12:08.587+0000] {dagbag.py:540} INFO - Filling up the DagBag from /opt/airflow/dags/mfg_dbt_transform_dag.py
[2025-12-16T23:12:08.699+0000] {processor.py:840} INFO - DAG(s) 'mfg_dbt_transform_dag' retrieved from /opt/airflow/dags/mfg_dbt_transform_dag.py
[2025-12-16T23:12:09.310+0000] {logging_mixin.py:188} INFO - [2025-12-16T23:12:09.308+0000] {override.py:1829} INFO - Created Permission View: can edit on DAG:mfg_dbt_transform_dag
[2025-12-16T23:12:09.336+0000] {logging_mixin.py:188} INFO - [2025-12-16T23:12:09.335+0000] {override.py:1829} INFO - Created Permission View: can delete on DAG:mfg_dbt_transform_dag
[2025-12-16T23:12:09.351+0000] {logging_mixin.py:188} INFO - [2025-12-16T23:12:09.350+0000] {override.py:1829} INFO - Created Permission View: can read on DAG:mfg_dbt_transform_dag
[2025-12-16T23:12:09.352+0000] {logging_mixin.py:188} INFO - [2025-12-16T23:12:09.352+0000] {dag.py:3096} INFO - Sync 1 DAGs
[2025-12-16T23:12:09.379+0000] {logging_mixin.py:188} INFO - [2025-12-16T23:12:09.379+0000] {dag.py:3118} INFO - Creating ORM DAG for mfg_dbt_transform_dag
[2025-12-16T23:12:09.405+0000] {logging_mixin.py:188} INFO - [2025-12-16T23:12:09.405+0000] {dag.py:3954} INFO - Setting next_dagrun for mfg_dbt_transform_dag to 2025-12-15 04:15:00+00:00, run_after=2025-12-16 04:15:00+00:00
[2025-12-16T23:12:09.454+0000] {processor.py:183} INFO - Processing /opt/airflow/dags/mfg_dbt_transform_dag.py took 0.888 seconds
[2025-12-16T23:12:39.908+0000] {processor.py:161} INFO - Started process (PID=226) to work on /opt/airflow/dags/mfg_dbt_transform_dag.py
[2025-12-16T23:12:39.910+0000] {processor.py:830} INFO - Processing file /opt/airflow/dags/mfg_dbt_transform_dag.py for tasks to queue
[2025-12-16T23:12:39.913+0000] {logging_mixin.py:188} INFO - [2025-12-16T23:12:39.913+0000] {dagbag.py:540} INFO - Filling up the DagBag from /opt/airflow/dags/mfg_dbt_transform_dag.py
[2025-12-16T23:12:39.953+0000] {processor.py:840} INFO - DAG(s) 'mfg_dbt_transform_dag' retrieved from /opt/airflow/dags/mfg_dbt_transform_dag.py
[2025-12-16T23:12:39.990+0000] {logging_mixin.py:188} INFO - [2025-12-16T23:12:39.989+0000] {dag.py:3096} INFO - Sync 1 DAGs
[2025-12-16T23:12:40.025+0000] {logging_mixin.py:188} INFO - [2025-12-16T23:12:40.025+0000] {dag.py:3954} INFO - Setting next_dagrun for mfg_dbt_transform_dag to 2025-12-15 04:15:00+00:00, run_after=2025-12-16 04:15:00+00:00
[2025-12-16T23:12:40.058+0000] {processor.py:183} INFO - Processing /opt/airflow/dags/mfg_dbt_transform_dag.py took 0.159 seconds
[2025-12-16T23:13:10.681+0000] {processor.py:161} INFO - Started process (PID=248) to work on /opt/airflow/dags/mfg_dbt_transform_dag.py
[2025-12-16T23:13:10.684+0000] {processor.py:830} INFO - Processing file /opt/airflow/dags/mfg_dbt_transform_dag.py for tasks to queue
[2025-12-16T23:13:10.689+0000] {logging_mixin.py:188} INFO - [2025-12-16T23:13:10.688+0000] {dagbag.py:540} INFO - Filling up the DagBag from /opt/airflow/dags/mfg_dbt_transform_dag.py
[2025-12-16T23:13:10.775+0000] {processor.py:840} INFO - DAG(s) 'mfg_dbt_transform_dag' retrieved from /opt/airflow/dags/mfg_dbt_transform_dag.py
[2025-12-16T23:13:10.869+0000] {logging_mixin.py:188} INFO - [2025-12-16T23:13:10.869+0000] {dag.py:3096} INFO - Sync 1 DAGs
[2025-12-16T23:13:10.934+0000] {logging_mixin.py:188} INFO - [2025-12-16T23:13:10.934+0000] {dag.py:3954} INFO - Setting next_dagrun for mfg_dbt_transform_dag to 2025-12-15 04:15:00+00:00, run_after=2025-12-16 04:15:00+00:00
[2025-12-16T23:13:10.978+0000] {processor.py:183} INFO - Processing /opt/airflow/dags/mfg_dbt_transform_dag.py took 0.317 seconds
[2025-12-16T23:13:41.382+0000] {processor.py:161} INFO - Started process (PID=290) to work on /opt/airflow/dags/mfg_dbt_transform_dag.py
[2025-12-16T23:13:41.384+0000] {processor.py:830} INFO - Processing file /opt/airflow/dags/mfg_dbt_transform_dag.py for tasks to queue
[2025-12-16T23:13:41.389+0000] {logging_mixin.py:188} INFO - [2025-12-16T23:13:41.389+0000] {dagbag.py:540} INFO - Filling up the DagBag from /opt/airflow/dags/mfg_dbt_transform_dag.py
[2025-12-16T23:13:41.444+0000] {processor.py:840} INFO - DAG(s) 'mfg_dbt_transform_dag' retrieved from /opt/airflow/dags/mfg_dbt_transform_dag.py
[2025-12-16T23:13:41.507+0000] {logging_mixin.py:188} INFO - [2025-12-16T23:13:41.506+0000] {dag.py:3096} INFO - Sync 1 DAGs
[2025-12-16T23:13:41.555+0000] {logging_mixin.py:188} INFO - [2025-12-16T23:13:41.554+0000] {dag.py:3954} INFO - Setting next_dagrun for mfg_dbt_transform_dag to 2025-12-15 04:15:00+00:00, run_after=2025-12-16 04:15:00+00:00
[2025-12-16T23:13:41.592+0000] {processor.py:183} INFO - Processing /opt/airflow/dags/mfg_dbt_transform_dag.py took 0.225 seconds
[2025-12-16T23:14:12.129+0000] {processor.py:161} INFO - Started process (PID=354) to work on /opt/airflow/dags/mfg_dbt_transform_dag.py
[2025-12-16T23:14:12.131+0000] {processor.py:830} INFO - Processing file /opt/airflow/dags/mfg_dbt_transform_dag.py for tasks to queue
[2025-12-16T23:14:12.135+0000] {logging_mixin.py:188} INFO - [2025-12-16T23:14:12.134+0000] {dagbag.py:540} INFO - Filling up the DagBag from /opt/airflow/dags/mfg_dbt_transform_dag.py
[2025-12-16T23:14:12.187+0000] {processor.py:840} INFO - DAG(s) 'mfg_dbt_transform_dag' retrieved from /opt/airflow/dags/mfg_dbt_transform_dag.py
[2025-12-16T23:14:12.235+0000] {logging_mixin.py:188} INFO - [2025-12-16T23:14:12.235+0000] {dag.py:3096} INFO - Sync 1 DAGs
[2025-12-16T23:14:12.269+0000] {logging_mixin.py:188} INFO - [2025-12-16T23:14:12.269+0000] {dag.py:3954} INFO - Setting next_dagrun for mfg_dbt_transform_dag to 2025-12-15 04:15:00+00:00, run_after=2025-12-16 04:15:00+00:00
[2025-12-16T23:14:12.299+0000] {processor.py:183} INFO - Processing /opt/airflow/dags/mfg_dbt_transform_dag.py took 0.184 seconds
[2025-12-16T23:14:42.864+0000] {processor.py:161} INFO - Started process (PID=417) to work on /opt/airflow/dags/mfg_dbt_transform_dag.py
[2025-12-16T23:14:42.866+0000] {processor.py:830} INFO - Processing file /opt/airflow/dags/mfg_dbt_transform_dag.py for tasks to queue
[2025-12-16T23:14:42.874+0000] {logging_mixin.py:188} INFO - [2025-12-16T23:14:42.873+0000] {dagbag.py:540} INFO - Filling up the DagBag from /opt/airflow/dags/mfg_dbt_transform_dag.py
[2025-12-16T23:14:42.955+0000] {processor.py:840} INFO - DAG(s) 'mfg_dbt_transform_dag' retrieved from /opt/airflow/dags/mfg_dbt_transform_dag.py
[2025-12-16T23:14:43.011+0000] {logging_mixin.py:188} INFO - [2025-12-16T23:14:43.010+0000] {dag.py:3096} INFO - Sync 1 DAGs
[2025-12-16T23:14:43.062+0000] {logging_mixin.py:188} INFO - [2025-12-16T23:14:43.061+0000] {dag.py:3954} INFO - Setting next_dagrun for mfg_dbt_transform_dag to 2025-12-15 04:15:00+00:00, run_after=2025-12-16 04:15:00+00:00
[2025-12-16T23:14:43.105+0000] {processor.py:183} INFO - Processing /opt/airflow/dags/mfg_dbt_transform_dag.py took 0.257 seconds
[2025-12-16T23:15:13.558+0000] {processor.py:161} INFO - Started process (PID=477) to work on /opt/airflow/dags/mfg_dbt_transform_dag.py
[2025-12-16T23:15:13.560+0000] {processor.py:830} INFO - Processing file /opt/airflow/dags/mfg_dbt_transform_dag.py for tasks to queue
[2025-12-16T23:15:13.564+0000] {logging_mixin.py:188} INFO - [2025-12-16T23:15:13.563+0000] {dagbag.py:540} INFO - Filling up the DagBag from /opt/airflow/dags/mfg_dbt_transform_dag.py
[2025-12-16T23:15:13.621+0000] {processor.py:840} INFO - DAG(s) 'mfg_dbt_transform_dag' retrieved from /opt/airflow/dags/mfg_dbt_transform_dag.py
[2025-12-16T23:15:13.681+0000] {logging_mixin.py:188} INFO - [2025-12-16T23:15:13.681+0000] {dag.py:3096} INFO - Sync 1 DAGs
[2025-12-16T23:15:13.803+0000] {processor.py:183} INFO - Processing /opt/airflow/dags/mfg_dbt_transform_dag.py took 0.264 seconds
[2025-12-16T23:15:44.424+0000] {processor.py:161} INFO - Started process (PID=561) to work on /opt/airflow/dags/mfg_dbt_transform_dag.py
[2025-12-16T23:15:44.426+0000] {processor.py:830} INFO - Processing file /opt/airflow/dags/mfg_dbt_transform_dag.py for tasks to queue
[2025-12-16T23:15:44.428+0000] {logging_mixin.py:188} INFO - [2025-12-16T23:15:44.428+0000] {dagbag.py:540} INFO - Filling up the DagBag from /opt/airflow/dags/mfg_dbt_transform_dag.py
[2025-12-16T23:15:44.480+0000] {processor.py:840} INFO - DAG(s) 'mfg_dbt_transform_dag' retrieved from /opt/airflow/dags/mfg_dbt_transform_dag.py
[2025-12-16T23:15:44.531+0000] {logging_mixin.py:188} INFO - [2025-12-16T23:15:44.531+0000] {dag.py:3096} INFO - Sync 1 DAGs
[2025-12-16T23:15:44.616+0000] {processor.py:183} INFO - Processing /opt/airflow/dags/mfg_dbt_transform_dag.py took 0.203 seconds
[2025-12-16T23:16:15.055+0000] {processor.py:161} INFO - Started process (PID=626) to work on /opt/airflow/dags/mfg_dbt_transform_dag.py
[2025-12-16T23:16:15.057+0000] {processor.py:830} INFO - Processing file /opt/airflow/dags/mfg_dbt_transform_dag.py for tasks to queue
[2025-12-16T23:16:15.061+0000] {logging_mixin.py:188} INFO - [2025-12-16T23:16:15.060+0000] {dagbag.py:540} INFO - Filling up the DagBag from /opt/airflow/dags/mfg_dbt_transform_dag.py
[2025-12-16T23:16:15.115+0000] {processor.py:840} INFO - DAG(s) 'mfg_dbt_transform_dag' retrieved from /opt/airflow/dags/mfg_dbt_transform_dag.py
[2025-12-16T23:16:15.171+0000] {logging_mixin.py:188} INFO - [2025-12-16T23:16:15.170+0000] {dag.py:3096} INFO - Sync 1 DAGs
[2025-12-16T23:16:15.266+0000] {processor.py:183} INFO - Processing /opt/airflow/dags/mfg_dbt_transform_dag.py took 0.230 seconds
[2025-12-16T23:16:45.692+0000] {processor.py:161} INFO - Started process (PID=692) to work on /opt/airflow/dags/mfg_dbt_transform_dag.py
[2025-12-16T23:16:45.694+0000] {processor.py:830} INFO - Processing file /opt/airflow/dags/mfg_dbt_transform_dag.py for tasks to queue
[2025-12-16T23:16:45.697+0000] {logging_mixin.py:188} INFO - [2025-12-16T23:16:45.697+0000] {dagbag.py:540} INFO - Filling up the DagBag from /opt/airflow/dags/mfg_dbt_transform_dag.py
[2025-12-16T23:16:45.750+0000] {processor.py:840} INFO - DAG(s) 'mfg_dbt_transform_dag' retrieved from /opt/airflow/dags/mfg_dbt_transform_dag.py
[2025-12-16T23:16:45.801+0000] {logging_mixin.py:188} INFO - [2025-12-16T23:16:45.801+0000] {dag.py:3096} INFO - Sync 1 DAGs
[2025-12-16T23:16:45.872+0000] {processor.py:183} INFO - Processing /opt/airflow/dags/mfg_dbt_transform_dag.py took 0.191 seconds
[2025-12-16T23:17:16.515+0000] {processor.py:161} INFO - Started process (PID=783) to work on /opt/airflow/dags/mfg_dbt_transform_dag.py
[2025-12-16T23:17:16.520+0000] {processor.py:830} INFO - Processing file /opt/airflow/dags/mfg_dbt_transform_dag.py for tasks to queue
[2025-12-16T23:17:16.529+0000] {logging_mixin.py:188} INFO - [2025-12-16T23:17:16.528+0000] {dagbag.py:540} INFO - Filling up the DagBag from /opt/airflow/dags/mfg_dbt_transform_dag.py
[2025-12-16T23:17:16.626+0000] {processor.py:840} INFO - DAG(s) 'mfg_dbt_transform_dag' retrieved from /opt/airflow/dags/mfg_dbt_transform_dag.py
[2025-12-16T23:17:16.724+0000] {logging_mixin.py:188} INFO - [2025-12-16T23:17:16.723+0000] {dag.py:3096} INFO - Sync 1 DAGs
[2025-12-16T23:17:16.860+0000] {processor.py:183} INFO - Processing /opt/airflow/dags/mfg_dbt_transform_dag.py took 0.365 seconds
[2025-12-16T23:17:47.227+0000] {processor.py:161} INFO - Started process (PID=892) to work on /opt/airflow/dags/mfg_dbt_transform_dag.py
[2025-12-16T23:17:47.228+0000] {processor.py:830} INFO - Processing file /opt/airflow/dags/mfg_dbt_transform_dag.py for tasks to queue
[2025-12-16T23:17:47.232+0000] {logging_mixin.py:188} INFO - [2025-12-16T23:17:47.231+0000] {dagbag.py:540} INFO - Filling up the DagBag from /opt/airflow/dags/mfg_dbt_transform_dag.py
[2025-12-16T23:17:47.275+0000] {processor.py:840} INFO - DAG(s) 'mfg_dbt_transform_dag' retrieved from /opt/airflow/dags/mfg_dbt_transform_dag.py
[2025-12-16T23:17:47.319+0000] {logging_mixin.py:188} INFO - [2025-12-16T23:17:47.319+0000] {dag.py:3096} INFO - Sync 1 DAGs
[2025-12-16T23:17:47.360+0000] {logging_mixin.py:188} INFO - [2025-12-16T23:17:47.360+0000] {dag.py:3954} INFO - Setting next_dagrun for mfg_dbt_transform_dag to 2025-12-16 04:15:00+00:00, run_after=2025-12-17 04:15:00+00:00
[2025-12-16T23:17:47.394+0000] {processor.py:183} INFO - Processing /opt/airflow/dags/mfg_dbt_transform_dag.py took 0.177 seconds
[2025-12-16T23:18:17.761+0000] {processor.py:161} INFO - Started process (PID=914) to work on /opt/airflow/dags/mfg_dbt_transform_dag.py
[2025-12-16T23:18:17.763+0000] {processor.py:830} INFO - Processing file /opt/airflow/dags/mfg_dbt_transform_dag.py for tasks to queue
[2025-12-16T23:18:17.766+0000] {logging_mixin.py:188} INFO - [2025-12-16T23:18:17.765+0000] {dagbag.py:540} INFO - Filling up the DagBag from /opt/airflow/dags/mfg_dbt_transform_dag.py
[2025-12-16T23:18:17.817+0000] {processor.py:840} INFO - DAG(s) 'mfg_dbt_transform_dag' retrieved from /opt/airflow/dags/mfg_dbt_transform_dag.py
[2025-12-16T23:18:17.861+0000] {logging_mixin.py:188} INFO - [2025-12-16T23:18:17.860+0000] {dag.py:3096} INFO - Sync 1 DAGs
[2025-12-16T23:18:17.896+0000] {logging_mixin.py:188} INFO - [2025-12-16T23:18:17.895+0000] {dag.py:3954} INFO - Setting next_dagrun for mfg_dbt_transform_dag to 2025-12-16 04:15:00+00:00, run_after=2025-12-17 04:15:00+00:00
[2025-12-16T23:18:17.929+0000] {processor.py:183} INFO - Processing /opt/airflow/dags/mfg_dbt_transform_dag.py took 0.177 seconds
[2025-12-16T23:18:48.293+0000] {processor.py:161} INFO - Started process (PID=936) to work on /opt/airflow/dags/mfg_dbt_transform_dag.py
[2025-12-16T23:18:48.294+0000] {processor.py:830} INFO - Processing file /opt/airflow/dags/mfg_dbt_transform_dag.py for tasks to queue
[2025-12-16T23:18:48.297+0000] {logging_mixin.py:188} INFO - [2025-12-16T23:18:48.296+0000] {dagbag.py:540} INFO - Filling up the DagBag from /opt/airflow/dags/mfg_dbt_transform_dag.py
[2025-12-16T23:18:48.337+0000] {processor.py:840} INFO - DAG(s) 'mfg_dbt_transform_dag' retrieved from /opt/airflow/dags/mfg_dbt_transform_dag.py
[2025-12-16T23:18:48.375+0000] {logging_mixin.py:188} INFO - [2025-12-16T23:18:48.375+0000] {dag.py:3096} INFO - Sync 1 DAGs
[2025-12-16T23:18:48.414+0000] {logging_mixin.py:188} INFO - [2025-12-16T23:18:48.413+0000] {dag.py:3954} INFO - Setting next_dagrun for mfg_dbt_transform_dag to 2025-12-16 04:15:00+00:00, run_after=2025-12-17 04:15:00+00:00
[2025-12-16T23:18:48.450+0000] {processor.py:183} INFO - Processing /opt/airflow/dags/mfg_dbt_transform_dag.py took 0.169 seconds
[2025-12-16T23:19:18.748+0000] {processor.py:161} INFO - Started process (PID=958) to work on /opt/airflow/dags/mfg_dbt_transform_dag.py
[2025-12-16T23:19:18.750+0000] {processor.py:830} INFO - Processing file /opt/airflow/dags/mfg_dbt_transform_dag.py for tasks to queue
[2025-12-16T23:19:18.754+0000] {logging_mixin.py:188} INFO - [2025-12-16T23:19:18.754+0000] {dagbag.py:540} INFO - Filling up the DagBag from /opt/airflow/dags/mfg_dbt_transform_dag.py
[2025-12-16T23:19:18.799+0000] {processor.py:840} INFO - DAG(s) 'mfg_dbt_transform_dag' retrieved from /opt/airflow/dags/mfg_dbt_transform_dag.py
[2025-12-16T23:19:18.839+0000] {logging_mixin.py:188} INFO - [2025-12-16T23:19:18.839+0000] {dag.py:3096} INFO - Sync 1 DAGs
[2025-12-16T23:19:18.876+0000] {logging_mixin.py:188} INFO - [2025-12-16T23:19:18.875+0000] {dag.py:3954} INFO - Setting next_dagrun for mfg_dbt_transform_dag to 2025-12-16 04:15:00+00:00, run_after=2025-12-17 04:15:00+00:00
[2025-12-16T23:19:18.907+0000] {processor.py:183} INFO - Processing /opt/airflow/dags/mfg_dbt_transform_dag.py took 0.168 seconds
[2025-12-16T23:19:49.300+0000] {processor.py:161} INFO - Started process (PID=980) to work on /opt/airflow/dags/mfg_dbt_transform_dag.py
[2025-12-16T23:19:49.301+0000] {processor.py:830} INFO - Processing file /opt/airflow/dags/mfg_dbt_transform_dag.py for tasks to queue
[2025-12-16T23:19:49.305+0000] {logging_mixin.py:188} INFO - [2025-12-16T23:19:49.304+0000] {dagbag.py:540} INFO - Filling up the DagBag from /opt/airflow/dags/mfg_dbt_transform_dag.py
[2025-12-16T23:19:49.358+0000] {processor.py:840} INFO - DAG(s) 'mfg_dbt_transform_dag' retrieved from /opt/airflow/dags/mfg_dbt_transform_dag.py
[2025-12-16T23:19:49.408+0000] {logging_mixin.py:188} INFO - [2025-12-16T23:19:49.408+0000] {dag.py:3096} INFO - Sync 1 DAGs
[2025-12-16T23:19:49.456+0000] {logging_mixin.py:188} INFO - [2025-12-16T23:19:49.456+0000] {dag.py:3954} INFO - Setting next_dagrun for mfg_dbt_transform_dag to 2025-12-16 04:15:00+00:00, run_after=2025-12-17 04:15:00+00:00
[2025-12-16T23:19:49.495+0000] {processor.py:183} INFO - Processing /opt/airflow/dags/mfg_dbt_transform_dag.py took 0.208 seconds
[2025-12-16T23:20:19.833+0000] {processor.py:161} INFO - Started process (PID=1002) to work on /opt/airflow/dags/mfg_dbt_transform_dag.py
[2025-12-16T23:20:19.835+0000] {processor.py:830} INFO - Processing file /opt/airflow/dags/mfg_dbt_transform_dag.py for tasks to queue
[2025-12-16T23:20:19.838+0000] {logging_mixin.py:188} INFO - [2025-12-16T23:20:19.837+0000] {dagbag.py:540} INFO - Filling up the DagBag from /opt/airflow/dags/mfg_dbt_transform_dag.py
[2025-12-16T23:20:19.882+0000] {processor.py:840} INFO - DAG(s) 'mfg_dbt_transform_dag' retrieved from /opt/airflow/dags/mfg_dbt_transform_dag.py
[2025-12-16T23:20:19.921+0000] {logging_mixin.py:188} INFO - [2025-12-16T23:20:19.921+0000] {dag.py:3096} INFO - Sync 1 DAGs
[2025-12-16T23:20:19.960+0000] {logging_mixin.py:188} INFO - [2025-12-16T23:20:19.959+0000] {dag.py:3954} INFO - Setting next_dagrun for mfg_dbt_transform_dag to 2025-12-16 04:15:00+00:00, run_after=2025-12-17 04:15:00+00:00
[2025-12-16T23:20:19.992+0000] {processor.py:183} INFO - Processing /opt/airflow/dags/mfg_dbt_transform_dag.py took 0.168 seconds
[2025-12-16T23:20:50.193+0000] {processor.py:161} INFO - Started process (PID=1024) to work on /opt/airflow/dags/mfg_dbt_transform_dag.py
[2025-12-16T23:20:50.195+0000] {processor.py:830} INFO - Processing file /opt/airflow/dags/mfg_dbt_transform_dag.py for tasks to queue
[2025-12-16T23:20:50.199+0000] {logging_mixin.py:188} INFO - [2025-12-16T23:20:50.199+0000] {dagbag.py:540} INFO - Filling up the DagBag from /opt/airflow/dags/mfg_dbt_transform_dag.py
[2025-12-16T23:20:50.239+0000] {processor.py:840} INFO - DAG(s) 'mfg_dbt_transform_dag' retrieved from /opt/airflow/dags/mfg_dbt_transform_dag.py
[2025-12-16T23:20:50.279+0000] {logging_mixin.py:188} INFO - [2025-12-16T23:20:50.279+0000] {dag.py:3096} INFO - Sync 1 DAGs
[2025-12-16T23:20:50.316+0000] {logging_mixin.py:188} INFO - [2025-12-16T23:20:50.316+0000] {dag.py:3954} INFO - Setting next_dagrun for mfg_dbt_transform_dag to 2025-12-16 04:15:00+00:00, run_after=2025-12-17 04:15:00+00:00
[2025-12-16T23:20:50.349+0000] {processor.py:183} INFO - Processing /opt/airflow/dags/mfg_dbt_transform_dag.py took 0.165 seconds
[2025-12-16T23:21:20.885+0000] {processor.py:161} INFO - Started process (PID=1046) to work on /opt/airflow/dags/mfg_dbt_transform_dag.py
[2025-12-16T23:21:20.887+0000] {processor.py:830} INFO - Processing file /opt/airflow/dags/mfg_dbt_transform_dag.py for tasks to queue
[2025-12-16T23:21:20.893+0000] {logging_mixin.py:188} INFO - [2025-12-16T23:21:20.892+0000] {dagbag.py:540} INFO - Filling up the DagBag from /opt/airflow/dags/mfg_dbt_transform_dag.py
[2025-12-16T23:21:20.978+0000] {processor.py:840} INFO - DAG(s) 'mfg_dbt_transform_dag' retrieved from /opt/airflow/dags/mfg_dbt_transform_dag.py
[2025-12-16T23:21:21.076+0000] {logging_mixin.py:188} INFO - [2025-12-16T23:21:21.075+0000] {dag.py:3096} INFO - Sync 1 DAGs
[2025-12-16T23:21:21.197+0000] {logging_mixin.py:188} INFO - [2025-12-16T23:21:21.197+0000] {dag.py:3954} INFO - Setting next_dagrun for mfg_dbt_transform_dag to 2025-12-16 04:15:00+00:00, run_after=2025-12-17 04:15:00+00:00
[2025-12-16T23:21:21.258+0000] {processor.py:183} INFO - Processing /opt/airflow/dags/mfg_dbt_transform_dag.py took 0.389 seconds
[2025-12-16T23:21:51.723+0000] {processor.py:161} INFO - Started process (PID=1068) to work on /opt/airflow/dags/mfg_dbt_transform_dag.py
[2025-12-16T23:21:51.724+0000] {processor.py:830} INFO - Processing file /opt/airflow/dags/mfg_dbt_transform_dag.py for tasks to queue
[2025-12-16T23:21:51.727+0000] {logging_mixin.py:188} INFO - [2025-12-16T23:21:51.727+0000] {dagbag.py:540} INFO - Filling up the DagBag from /opt/airflow/dags/mfg_dbt_transform_dag.py
[2025-12-16T23:21:51.774+0000] {processor.py:840} INFO - DAG(s) 'mfg_dbt_transform_dag' retrieved from /opt/airflow/dags/mfg_dbt_transform_dag.py
[2025-12-16T23:21:51.815+0000] {logging_mixin.py:188} INFO - [2025-12-16T23:21:51.814+0000] {dag.py:3096} INFO - Sync 1 DAGs
[2025-12-16T23:21:51.852+0000] {logging_mixin.py:188} INFO - [2025-12-16T23:21:51.852+0000] {dag.py:3954} INFO - Setting next_dagrun for mfg_dbt_transform_dag to 2025-12-16 04:15:00+00:00, run_after=2025-12-17 04:15:00+00:00
[2025-12-16T23:21:51.887+0000] {processor.py:183} INFO - Processing /opt/airflow/dags/mfg_dbt_transform_dag.py took 0.176 seconds
[2025-12-16T23:22:22.293+0000] {processor.py:161} INFO - Started process (PID=1090) to work on /opt/airflow/dags/mfg_dbt_transform_dag.py
[2025-12-16T23:22:22.295+0000] {processor.py:830} INFO - Processing file /opt/airflow/dags/mfg_dbt_transform_dag.py for tasks to queue
[2025-12-16T23:22:22.299+0000] {logging_mixin.py:188} INFO - [2025-12-16T23:22:22.299+0000] {dagbag.py:540} INFO - Filling up the DagBag from /opt/airflow/dags/mfg_dbt_transform_dag.py
[2025-12-16T23:22:22.352+0000] {processor.py:840} INFO - DAG(s) 'mfg_dbt_transform_dag' retrieved from /opt/airflow/dags/mfg_dbt_transform_dag.py
[2025-12-16T23:22:22.398+0000] {logging_mixin.py:188} INFO - [2025-12-16T23:22:22.398+0000] {dag.py:3096} INFO - Sync 1 DAGs
[2025-12-16T23:22:22.440+0000] {logging_mixin.py:188} INFO - [2025-12-16T23:22:22.440+0000] {dag.py:3954} INFO - Setting next_dagrun for mfg_dbt_transform_dag to 2025-12-16 04:15:00+00:00, run_after=2025-12-17 04:15:00+00:00
[2025-12-16T23:22:22.477+0000] {processor.py:183} INFO - Processing /opt/airflow/dags/mfg_dbt_transform_dag.py took 0.196 seconds
[2025-12-16T23:22:52.843+0000] {processor.py:161} INFO - Started process (PID=1112) to work on /opt/airflow/dags/mfg_dbt_transform_dag.py
[2025-12-16T23:22:52.845+0000] {processor.py:830} INFO - Processing file /opt/airflow/dags/mfg_dbt_transform_dag.py for tasks to queue
[2025-12-16T23:22:52.848+0000] {logging_mixin.py:188} INFO - [2025-12-16T23:22:52.847+0000] {dagbag.py:540} INFO - Filling up the DagBag from /opt/airflow/dags/mfg_dbt_transform_dag.py
[2025-12-16T23:22:52.895+0000] {processor.py:840} INFO - DAG(s) 'mfg_dbt_transform_dag' retrieved from /opt/airflow/dags/mfg_dbt_transform_dag.py
[2025-12-16T23:22:52.936+0000] {logging_mixin.py:188} INFO - [2025-12-16T23:22:52.936+0000] {dag.py:3096} INFO - Sync 1 DAGs
[2025-12-16T23:22:52.976+0000] {logging_mixin.py:188} INFO - [2025-12-16T23:22:52.975+0000] {dag.py:3954} INFO - Setting next_dagrun for mfg_dbt_transform_dag to 2025-12-16 04:15:00+00:00, run_after=2025-12-17 04:15:00+00:00
[2025-12-16T23:22:53.008+0000] {processor.py:183} INFO - Processing /opt/airflow/dags/mfg_dbt_transform_dag.py took 0.175 seconds
[2025-12-16T23:23:23.516+0000] {processor.py:161} INFO - Started process (PID=1134) to work on /opt/airflow/dags/mfg_dbt_transform_dag.py
[2025-12-16T23:23:23.518+0000] {processor.py:830} INFO - Processing file /opt/airflow/dags/mfg_dbt_transform_dag.py for tasks to queue
[2025-12-16T23:23:23.522+0000] {logging_mixin.py:188} INFO - [2025-12-16T23:23:23.522+0000] {dagbag.py:540} INFO - Filling up the DagBag from /opt/airflow/dags/mfg_dbt_transform_dag.py
[2025-12-16T23:23:23.576+0000] {processor.py:840} INFO - DAG(s) 'mfg_dbt_transform_dag' retrieved from /opt/airflow/dags/mfg_dbt_transform_dag.py
[2025-12-16T23:23:23.641+0000] {logging_mixin.py:188} INFO - [2025-12-16T23:23:23.641+0000] {dag.py:3096} INFO - Sync 1 DAGs
[2025-12-16T23:23:23.707+0000] {logging_mixin.py:188} INFO - [2025-12-16T23:23:23.706+0000] {dag.py:3954} INFO - Setting next_dagrun for mfg_dbt_transform_dag to 2025-12-16 04:15:00+00:00, run_after=2025-12-17 04:15:00+00:00
[2025-12-16T23:23:23.754+0000] {processor.py:183} INFO - Processing /opt/airflow/dags/mfg_dbt_transform_dag.py took 0.251 seconds
[2025-12-16T23:23:54.185+0000] {processor.py:161} INFO - Started process (PID=1156) to work on /opt/airflow/dags/mfg_dbt_transform_dag.py
[2025-12-16T23:23:54.186+0000] {processor.py:830} INFO - Processing file /opt/airflow/dags/mfg_dbt_transform_dag.py for tasks to queue
[2025-12-16T23:23:54.189+0000] {logging_mixin.py:188} INFO - [2025-12-16T23:23:54.188+0000] {dagbag.py:540} INFO - Filling up the DagBag from /opt/airflow/dags/mfg_dbt_transform_dag.py
[2025-12-16T23:23:54.231+0000] {processor.py:840} INFO - DAG(s) 'mfg_dbt_transform_dag' retrieved from /opt/airflow/dags/mfg_dbt_transform_dag.py
[2025-12-16T23:23:54.274+0000] {logging_mixin.py:188} INFO - [2025-12-16T23:23:54.274+0000] {dag.py:3096} INFO - Sync 1 DAGs
[2025-12-16T23:23:54.313+0000] {logging_mixin.py:188} INFO - [2025-12-16T23:23:54.313+0000] {dag.py:3954} INFO - Setting next_dagrun for mfg_dbt_transform_dag to 2025-12-16 04:15:00+00:00, run_after=2025-12-17 04:15:00+00:00
[2025-12-16T23:23:54.355+0000] {processor.py:183} INFO - Processing /opt/airflow/dags/mfg_dbt_transform_dag.py took 0.180 seconds
[2025-12-16T23:24:24.740+0000] {processor.py:161} INFO - Started process (PID=1178) to work on /opt/airflow/dags/mfg_dbt_transform_dag.py
[2025-12-16T23:24:24.742+0000] {processor.py:830} INFO - Processing file /opt/airflow/dags/mfg_dbt_transform_dag.py for tasks to queue
[2025-12-16T23:24:24.746+0000] {logging_mixin.py:188} INFO - [2025-12-16T23:24:24.745+0000] {dagbag.py:540} INFO - Filling up the DagBag from /opt/airflow/dags/mfg_dbt_transform_dag.py
[2025-12-16T23:24:24.795+0000] {processor.py:840} INFO - DAG(s) 'mfg_dbt_transform_dag' retrieved from /opt/airflow/dags/mfg_dbt_transform_dag.py
[2025-12-16T23:24:24.850+0000] {logging_mixin.py:188} INFO - [2025-12-16T23:24:24.849+0000] {dag.py:3096} INFO - Sync 1 DAGs
[2025-12-16T23:24:24.913+0000] {logging_mixin.py:188} INFO - [2025-12-16T23:24:24.912+0000] {dag.py:3954} INFO - Setting next_dagrun for mfg_dbt_transform_dag to 2025-12-16 04:15:00+00:00, run_after=2025-12-17 04:15:00+00:00
[2025-12-16T23:24:24.951+0000] {processor.py:183} INFO - Processing /opt/airflow/dags/mfg_dbt_transform_dag.py took 0.222 seconds
[2025-12-16T23:24:55.501+0000] {processor.py:161} INFO - Started process (PID=1200) to work on /opt/airflow/dags/mfg_dbt_transform_dag.py
[2025-12-16T23:24:55.502+0000] {processor.py:830} INFO - Processing file /opt/airflow/dags/mfg_dbt_transform_dag.py for tasks to queue
[2025-12-16T23:24:55.506+0000] {logging_mixin.py:188} INFO - [2025-12-16T23:24:55.505+0000] {dagbag.py:540} INFO - Filling up the DagBag from /opt/airflow/dags/mfg_dbt_transform_dag.py
[2025-12-16T23:24:55.550+0000] {processor.py:840} INFO - DAG(s) 'mfg_dbt_transform_dag' retrieved from /opt/airflow/dags/mfg_dbt_transform_dag.py
[2025-12-16T23:24:55.592+0000] {logging_mixin.py:188} INFO - [2025-12-16T23:24:55.592+0000] {dag.py:3096} INFO - Sync 1 DAGs
[2025-12-16T23:24:55.630+0000] {logging_mixin.py:188} INFO - [2025-12-16T23:24:55.630+0000] {dag.py:3954} INFO - Setting next_dagrun for mfg_dbt_transform_dag to 2025-12-16 04:15:00+00:00, run_after=2025-12-17 04:15:00+00:00
[2025-12-16T23:24:55.667+0000] {processor.py:183} INFO - Processing /opt/airflow/dags/mfg_dbt_transform_dag.py took 0.175 seconds
[2025-12-16T23:25:26.247+0000] {processor.py:161} INFO - Started process (PID=1222) to work on /opt/airflow/dags/mfg_dbt_transform_dag.py
[2025-12-16T23:25:26.249+0000] {processor.py:830} INFO - Processing file /opt/airflow/dags/mfg_dbt_transform_dag.py for tasks to queue
[2025-12-16T23:25:26.252+0000] {logging_mixin.py:188} INFO - [2025-12-16T23:25:26.251+0000] {dagbag.py:540} INFO - Filling up the DagBag from /opt/airflow/dags/mfg_dbt_transform_dag.py
[2025-12-16T23:25:26.303+0000] {processor.py:840} INFO - DAG(s) 'mfg_dbt_transform_dag' retrieved from /opt/airflow/dags/mfg_dbt_transform_dag.py
[2025-12-16T23:25:26.351+0000] {logging_mixin.py:188} INFO - [2025-12-16T23:25:26.351+0000] {dag.py:3096} INFO - Sync 1 DAGs
[2025-12-16T23:25:26.399+0000] {logging_mixin.py:188} INFO - [2025-12-16T23:25:26.399+0000] {dag.py:3954} INFO - Setting next_dagrun for mfg_dbt_transform_dag to 2025-12-16 04:15:00+00:00, run_after=2025-12-17 04:15:00+00:00
[2025-12-16T23:25:26.436+0000] {processor.py:183} INFO - Processing /opt/airflow/dags/mfg_dbt_transform_dag.py took 0.199 seconds
[2025-12-16T23:25:56.820+0000] {processor.py:161} INFO - Started process (PID=1244) to work on /opt/airflow/dags/mfg_dbt_transform_dag.py
[2025-12-16T23:25:56.822+0000] {processor.py:830} INFO - Processing file /opt/airflow/dags/mfg_dbt_transform_dag.py for tasks to queue
[2025-12-16T23:25:56.825+0000] {logging_mixin.py:188} INFO - [2025-12-16T23:25:56.824+0000] {dagbag.py:540} INFO - Filling up the DagBag from /opt/airflow/dags/mfg_dbt_transform_dag.py
[2025-12-16T23:25:56.868+0000] {processor.py:840} INFO - DAG(s) 'mfg_dbt_transform_dag' retrieved from /opt/airflow/dags/mfg_dbt_transform_dag.py
[2025-12-16T23:25:56.918+0000] {logging_mixin.py:188} INFO - [2025-12-16T23:25:56.918+0000] {dag.py:3096} INFO - Sync 1 DAGs
[2025-12-16T23:25:56.953+0000] {logging_mixin.py:188} INFO - [2025-12-16T23:25:56.953+0000] {dag.py:3954} INFO - Setting next_dagrun for mfg_dbt_transform_dag to 2025-12-16 04:15:00+00:00, run_after=2025-12-17 04:15:00+00:00
[2025-12-16T23:25:56.983+0000] {processor.py:183} INFO - Processing /opt/airflow/dags/mfg_dbt_transform_dag.py took 0.173 seconds
[2025-12-16T23:26:27.093+0000] {processor.py:161} INFO - Started process (PID=1266) to work on /opt/airflow/dags/mfg_dbt_transform_dag.py
[2025-12-16T23:26:27.095+0000] {processor.py:830} INFO - Processing file /opt/airflow/dags/mfg_dbt_transform_dag.py for tasks to queue
[2025-12-16T23:26:27.097+0000] {logging_mixin.py:188} INFO - [2025-12-16T23:26:27.097+0000] {dagbag.py:540} INFO - Filling up the DagBag from /opt/airflow/dags/mfg_dbt_transform_dag.py
[2025-12-16T23:26:27.134+0000] {processor.py:840} INFO - DAG(s) 'mfg_dbt_transform_dag' retrieved from /opt/airflow/dags/mfg_dbt_transform_dag.py
[2025-12-16T23:26:27.167+0000] {logging_mixin.py:188} INFO - [2025-12-16T23:26:27.167+0000] {dag.py:3096} INFO - Sync 1 DAGs
[2025-12-16T23:26:27.197+0000] {logging_mixin.py:188} INFO - [2025-12-16T23:26:27.197+0000] {dag.py:3954} INFO - Setting next_dagrun for mfg_dbt_transform_dag to 2025-12-16 04:15:00+00:00, run_after=2025-12-17 04:15:00+00:00
[2025-12-16T23:26:27.224+0000] {processor.py:183} INFO - Processing /opt/airflow/dags/mfg_dbt_transform_dag.py took 0.139 seconds
[2025-12-16T23:26:57.575+0000] {processor.py:161} INFO - Started process (PID=1284) to work on /opt/airflow/dags/mfg_dbt_transform_dag.py
[2025-12-16T23:26:57.577+0000] {processor.py:830} INFO - Processing file /opt/airflow/dags/mfg_dbt_transform_dag.py for tasks to queue
[2025-12-16T23:26:57.580+0000] {logging_mixin.py:188} INFO - [2025-12-16T23:26:57.579+0000] {dagbag.py:540} INFO - Filling up the DagBag from /opt/airflow/dags/mfg_dbt_transform_dag.py
[2025-12-16T23:26:57.613+0000] {processor.py:840} INFO - DAG(s) 'mfg_dbt_transform_dag' retrieved from /opt/airflow/dags/mfg_dbt_transform_dag.py
[2025-12-16T23:26:57.647+0000] {logging_mixin.py:188} INFO - [2025-12-16T23:26:57.646+0000] {dag.py:3096} INFO - Sync 1 DAGs
[2025-12-16T23:26:57.681+0000] {logging_mixin.py:188} INFO - [2025-12-16T23:26:57.681+0000] {dag.py:3954} INFO - Setting next_dagrun for mfg_dbt_transform_dag to 2025-12-16 04:15:00+00:00, run_after=2025-12-17 04:15:00+00:00
[2025-12-16T23:26:57.708+0000] {processor.py:183} INFO - Processing /opt/airflow/dags/mfg_dbt_transform_dag.py took 0.141 seconds
[2025-12-16T23:27:28.269+0000] {processor.py:161} INFO - Started process (PID=1303) to work on /opt/airflow/dags/mfg_dbt_transform_dag.py
[2025-12-16T23:27:28.271+0000] {processor.py:830} INFO - Processing file /opt/airflow/dags/mfg_dbt_transform_dag.py for tasks to queue
[2025-12-16T23:27:28.274+0000] {logging_mixin.py:188} INFO - [2025-12-16T23:27:28.273+0000] {dagbag.py:540} INFO - Filling up the DagBag from /opt/airflow/dags/mfg_dbt_transform_dag.py
[2025-12-16T23:27:28.309+0000] {processor.py:840} INFO - DAG(s) 'mfg_dbt_transform_dag' retrieved from /opt/airflow/dags/mfg_dbt_transform_dag.py
[2025-12-16T23:27:28.346+0000] {logging_mixin.py:188} INFO - [2025-12-16T23:27:28.346+0000] {dag.py:3096} INFO - Sync 1 DAGs
[2025-12-16T23:27:28.378+0000] {logging_mixin.py:188} INFO - [2025-12-16T23:27:28.378+0000] {dag.py:3954} INFO - Setting next_dagrun for mfg_dbt_transform_dag to 2025-12-16 04:15:00+00:00, run_after=2025-12-17 04:15:00+00:00
[2025-12-16T23:27:28.409+0000] {processor.py:183} INFO - Processing /opt/airflow/dags/mfg_dbt_transform_dag.py took 0.148 seconds
[2025-12-16T23:27:58.472+0000] {processor.py:161} INFO - Started process (PID=1325) to work on /opt/airflow/dags/mfg_dbt_transform_dag.py
[2025-12-16T23:27:58.473+0000] {processor.py:830} INFO - Processing file /opt/airflow/dags/mfg_dbt_transform_dag.py for tasks to queue
[2025-12-16T23:27:58.476+0000] {logging_mixin.py:188} INFO - [2025-12-16T23:27:58.475+0000] {dagbag.py:540} INFO - Filling up the DagBag from /opt/airflow/dags/mfg_dbt_transform_dag.py
[2025-12-16T23:27:58.510+0000] {processor.py:840} INFO - DAG(s) 'mfg_dbt_transform_dag' retrieved from /opt/airflow/dags/mfg_dbt_transform_dag.py
[2025-12-16T23:27:58.544+0000] {logging_mixin.py:188} INFO - [2025-12-16T23:27:58.544+0000] {dag.py:3096} INFO - Sync 1 DAGs
[2025-12-16T23:27:58.580+0000] {logging_mixin.py:188} INFO - [2025-12-16T23:27:58.580+0000] {dag.py:3954} INFO - Setting next_dagrun for mfg_dbt_transform_dag to 2025-12-16 04:15:00+00:00, run_after=2025-12-17 04:15:00+00:00
[2025-12-16T23:27:58.609+0000] {processor.py:183} INFO - Processing /opt/airflow/dags/mfg_dbt_transform_dag.py took 0.144 seconds
[2025-12-16T23:28:28.674+0000] {processor.py:161} INFO - Started process (PID=1347) to work on /opt/airflow/dags/mfg_dbt_transform_dag.py
[2025-12-16T23:28:28.676+0000] {processor.py:830} INFO - Processing file /opt/airflow/dags/mfg_dbt_transform_dag.py for tasks to queue
[2025-12-16T23:28:28.678+0000] {logging_mixin.py:188} INFO - [2025-12-16T23:28:28.678+0000] {dagbag.py:540} INFO - Filling up the DagBag from /opt/airflow/dags/mfg_dbt_transform_dag.py
[2025-12-16T23:28:28.711+0000] {processor.py:840} INFO - DAG(s) 'mfg_dbt_transform_dag' retrieved from /opt/airflow/dags/mfg_dbt_transform_dag.py
[2025-12-16T23:28:28.746+0000] {logging_mixin.py:188} INFO - [2025-12-16T23:28:28.745+0000] {dag.py:3096} INFO - Sync 1 DAGs
[2025-12-16T23:28:28.776+0000] {logging_mixin.py:188} INFO - [2025-12-16T23:28:28.776+0000] {dag.py:3954} INFO - Setting next_dagrun for mfg_dbt_transform_dag to 2025-12-16 04:15:00+00:00, run_after=2025-12-17 04:15:00+00:00
[2025-12-16T23:28:28.806+0000] {processor.py:183} INFO - Processing /opt/airflow/dags/mfg_dbt_transform_dag.py took 0.140 seconds
[2025-12-16T23:28:58.965+0000] {processor.py:161} INFO - Started process (PID=1369) to work on /opt/airflow/dags/mfg_dbt_transform_dag.py
[2025-12-16T23:28:58.966+0000] {processor.py:830} INFO - Processing file /opt/airflow/dags/mfg_dbt_transform_dag.py for tasks to queue
[2025-12-16T23:28:58.969+0000] {logging_mixin.py:188} INFO - [2025-12-16T23:28:58.969+0000] {dagbag.py:540} INFO - Filling up the DagBag from /opt/airflow/dags/mfg_dbt_transform_dag.py
[2025-12-16T23:28:59.006+0000] {processor.py:840} INFO - DAG(s) 'mfg_dbt_transform_dag' retrieved from /opt/airflow/dags/mfg_dbt_transform_dag.py
[2025-12-16T23:28:59.039+0000] {logging_mixin.py:188} INFO - [2025-12-16T23:28:59.039+0000] {dag.py:3096} INFO - Sync 1 DAGs
[2025-12-16T23:28:59.067+0000] {logging_mixin.py:188} INFO - [2025-12-16T23:28:59.067+0000] {dag.py:3954} INFO - Setting next_dagrun for mfg_dbt_transform_dag to 2025-12-16 04:15:00+00:00, run_after=2025-12-17 04:15:00+00:00
[2025-12-16T23:28:59.095+0000] {processor.py:183} INFO - Processing /opt/airflow/dags/mfg_dbt_transform_dag.py took 0.139 seconds
[2025-12-16T23:29:29.283+0000] {processor.py:161} INFO - Started process (PID=1391) to work on /opt/airflow/dags/mfg_dbt_transform_dag.py
[2025-12-16T23:29:29.285+0000] {processor.py:830} INFO - Processing file /opt/airflow/dags/mfg_dbt_transform_dag.py for tasks to queue
[2025-12-16T23:29:29.289+0000] {logging_mixin.py:188} INFO - [2025-12-16T23:29:29.288+0000] {dagbag.py:540} INFO - Filling up the DagBag from /opt/airflow/dags/mfg_dbt_transform_dag.py
[2025-12-16T23:29:29.328+0000] {processor.py:840} INFO - DAG(s) 'mfg_dbt_transform_dag' retrieved from /opt/airflow/dags/mfg_dbt_transform_dag.py
[2025-12-16T23:29:29.370+0000] {logging_mixin.py:188} INFO - [2025-12-16T23:29:29.370+0000] {dag.py:3096} INFO - Sync 1 DAGs
[2025-12-16T23:29:29.405+0000] {logging_mixin.py:188} INFO - [2025-12-16T23:29:29.405+0000] {dag.py:3954} INFO - Setting next_dagrun for mfg_dbt_transform_dag to 2025-12-16 04:15:00+00:00, run_after=2025-12-17 04:15:00+00:00
[2025-12-16T23:29:29.436+0000] {processor.py:183} INFO - Processing /opt/airflow/dags/mfg_dbt_transform_dag.py took 0.164 seconds
[2025-12-16T23:29:59.913+0000] {processor.py:161} INFO - Started process (PID=1413) to work on /opt/airflow/dags/mfg_dbt_transform_dag.py
[2025-12-16T23:29:59.915+0000] {processor.py:830} INFO - Processing file /opt/airflow/dags/mfg_dbt_transform_dag.py for tasks to queue
[2025-12-16T23:29:59.921+0000] {logging_mixin.py:188} INFO - [2025-12-16T23:29:59.920+0000] {dagbag.py:540} INFO - Filling up the DagBag from /opt/airflow/dags/mfg_dbt_transform_dag.py
[2025-12-16T23:29:59.964+0000] {processor.py:840} INFO - DAG(s) 'mfg_dbt_transform_dag' retrieved from /opt/airflow/dags/mfg_dbt_transform_dag.py
[2025-12-16T23:30:00.018+0000] {logging_mixin.py:188} INFO - [2025-12-16T23:30:00.017+0000] {dag.py:3096} INFO - Sync 1 DAGs
[2025-12-16T23:30:00.080+0000] {logging_mixin.py:188} INFO - [2025-12-16T23:30:00.079+0000] {dag.py:3954} INFO - Setting next_dagrun for mfg_dbt_transform_dag to 2025-12-16 04:15:00+00:00, run_after=2025-12-17 04:15:00+00:00
[2025-12-16T23:30:00.194+0000] {processor.py:183} INFO - Processing /opt/airflow/dags/mfg_dbt_transform_dag.py took 0.295 seconds
[2025-12-16T23:30:30.416+0000] {processor.py:161} INFO - Started process (PID=1435) to work on /opt/airflow/dags/mfg_dbt_transform_dag.py
[2025-12-16T23:30:30.418+0000] {processor.py:830} INFO - Processing file /opt/airflow/dags/mfg_dbt_transform_dag.py for tasks to queue
[2025-12-16T23:30:30.420+0000] {logging_mixin.py:188} INFO - [2025-12-16T23:30:30.420+0000] {dagbag.py:540} INFO - Filling up the DagBag from /opt/airflow/dags/mfg_dbt_transform_dag.py
[2025-12-16T23:30:30.458+0000] {processor.py:840} INFO - DAG(s) 'mfg_dbt_transform_dag' retrieved from /opt/airflow/dags/mfg_dbt_transform_dag.py
[2025-12-16T23:30:30.493+0000] {logging_mixin.py:188} INFO - [2025-12-16T23:30:30.493+0000] {dag.py:3096} INFO - Sync 1 DAGs
[2025-12-16T23:30:30.526+0000] {logging_mixin.py:188} INFO - [2025-12-16T23:30:30.525+0000] {dag.py:3954} INFO - Setting next_dagrun for mfg_dbt_transform_dag to 2025-12-16 04:15:00+00:00, run_after=2025-12-17 04:15:00+00:00
[2025-12-16T23:30:30.557+0000] {processor.py:183} INFO - Processing /opt/airflow/dags/mfg_dbt_transform_dag.py took 0.151 seconds
[2025-12-16T23:31:00.872+0000] {processor.py:161} INFO - Started process (PID=1457) to work on /opt/airflow/dags/mfg_dbt_transform_dag.py
[2025-12-16T23:31:00.873+0000] {processor.py:830} INFO - Processing file /opt/airflow/dags/mfg_dbt_transform_dag.py for tasks to queue
[2025-12-16T23:31:00.875+0000] {logging_mixin.py:188} INFO - [2025-12-16T23:31:00.875+0000] {dagbag.py:540} INFO - Filling up the DagBag from /opt/airflow/dags/mfg_dbt_transform_dag.py
[2025-12-16T23:31:00.910+0000] {processor.py:840} INFO - DAG(s) 'mfg_dbt_transform_dag' retrieved from /opt/airflow/dags/mfg_dbt_transform_dag.py
[2025-12-16T23:31:00.943+0000] {logging_mixin.py:188} INFO - [2025-12-16T23:31:00.943+0000] {dag.py:3096} INFO - Sync 1 DAGs
[2025-12-16T23:31:00.974+0000] {logging_mixin.py:188} INFO - [2025-12-16T23:31:00.974+0000] {dag.py:3954} INFO - Setting next_dagrun for mfg_dbt_transform_dag to 2025-12-16 04:15:00+00:00, run_after=2025-12-17 04:15:00+00:00
[2025-12-16T23:31:01.002+0000] {processor.py:183} INFO - Processing /opt/airflow/dags/mfg_dbt_transform_dag.py took 0.139 seconds
[2025-12-16T23:31:31.475+0000] {processor.py:161} INFO - Started process (PID=1479) to work on /opt/airflow/dags/mfg_dbt_transform_dag.py
[2025-12-16T23:31:31.477+0000] {processor.py:830} INFO - Processing file /opt/airflow/dags/mfg_dbt_transform_dag.py for tasks to queue
[2025-12-16T23:31:31.480+0000] {logging_mixin.py:188} INFO - [2025-12-16T23:31:31.480+0000] {dagbag.py:540} INFO - Filling up the DagBag from /opt/airflow/dags/mfg_dbt_transform_dag.py
[2025-12-16T23:31:31.529+0000] {processor.py:840} INFO - DAG(s) 'mfg_dbt_transform_dag' retrieved from /opt/airflow/dags/mfg_dbt_transform_dag.py
[2025-12-16T23:31:31.563+0000] {logging_mixin.py:188} INFO - [2025-12-16T23:31:31.562+0000] {dag.py:3096} INFO - Sync 1 DAGs
[2025-12-16T23:31:31.594+0000] {logging_mixin.py:188} INFO - [2025-12-16T23:31:31.594+0000] {dag.py:3954} INFO - Setting next_dagrun for mfg_dbt_transform_dag to 2025-12-16 04:15:00+00:00, run_after=2025-12-17 04:15:00+00:00
[2025-12-16T23:31:31.620+0000] {processor.py:183} INFO - Processing /opt/airflow/dags/mfg_dbt_transform_dag.py took 0.157 seconds
[2025-12-16T23:32:01.918+0000] {processor.py:161} INFO - Started process (PID=1501) to work on /opt/airflow/dags/mfg_dbt_transform_dag.py
[2025-12-16T23:32:01.920+0000] {processor.py:830} INFO - Processing file /opt/airflow/dags/mfg_dbt_transform_dag.py for tasks to queue
[2025-12-16T23:32:01.923+0000] {logging_mixin.py:188} INFO - [2025-12-16T23:32:01.923+0000] {dagbag.py:540} INFO - Filling up the DagBag from /opt/airflow/dags/mfg_dbt_transform_dag.py
[2025-12-16T23:32:01.971+0000] {processor.py:840} INFO - DAG(s) 'mfg_dbt_transform_dag' retrieved from /opt/airflow/dags/mfg_dbt_transform_dag.py
[2025-12-16T23:32:02.007+0000] {logging_mixin.py:188} INFO - [2025-12-16T23:32:02.007+0000] {dag.py:3096} INFO - Sync 1 DAGs
[2025-12-16T23:32:02.038+0000] {logging_mixin.py:188} INFO - [2025-12-16T23:32:02.038+0000] {dag.py:3954} INFO - Setting next_dagrun for mfg_dbt_transform_dag to 2025-12-16 04:15:00+00:00, run_after=2025-12-17 04:15:00+00:00
[2025-12-16T23:32:02.070+0000] {processor.py:183} INFO - Processing /opt/airflow/dags/mfg_dbt_transform_dag.py took 0.164 seconds
[2025-12-16T23:32:32.286+0000] {processor.py:161} INFO - Started process (PID=1523) to work on /opt/airflow/dags/mfg_dbt_transform_dag.py
[2025-12-16T23:32:32.288+0000] {processor.py:830} INFO - Processing file /opt/airflow/dags/mfg_dbt_transform_dag.py for tasks to queue
[2025-12-16T23:32:32.290+0000] {logging_mixin.py:188} INFO - [2025-12-16T23:32:32.290+0000] {dagbag.py:540} INFO - Filling up the DagBag from /opt/airflow/dags/mfg_dbt_transform_dag.py
[2025-12-16T23:32:32.326+0000] {processor.py:840} INFO - DAG(s) 'mfg_dbt_transform_dag' retrieved from /opt/airflow/dags/mfg_dbt_transform_dag.py
[2025-12-16T23:32:32.359+0000] {logging_mixin.py:188} INFO - [2025-12-16T23:32:32.359+0000] {dag.py:3096} INFO - Sync 1 DAGs
[2025-12-16T23:32:32.387+0000] {logging_mixin.py:188} INFO - [2025-12-16T23:32:32.387+0000] {dag.py:3954} INFO - Setting next_dagrun for mfg_dbt_transform_dag to 2025-12-16 04:15:00+00:00, run_after=2025-12-17 04:15:00+00:00
[2025-12-16T23:32:32.417+0000] {processor.py:183} INFO - Processing /opt/airflow/dags/mfg_dbt_transform_dag.py took 0.138 seconds
[2025-12-16T23:33:02.788+0000] {processor.py:161} INFO - Started process (PID=1545) to work on /opt/airflow/dags/mfg_dbt_transform_dag.py
[2025-12-16T23:33:02.789+0000] {processor.py:830} INFO - Processing file /opt/airflow/dags/mfg_dbt_transform_dag.py for tasks to queue
[2025-12-16T23:33:02.792+0000] {logging_mixin.py:188} INFO - [2025-12-16T23:33:02.791+0000] {dagbag.py:540} INFO - Filling up the DagBag from /opt/airflow/dags/mfg_dbt_transform_dag.py
[2025-12-16T23:33:02.833+0000] {processor.py:840} INFO - DAG(s) 'mfg_dbt_transform_dag' retrieved from /opt/airflow/dags/mfg_dbt_transform_dag.py
[2025-12-16T23:33:02.877+0000] {logging_mixin.py:188} INFO - [2025-12-16T23:33:02.876+0000] {dag.py:3096} INFO - Sync 1 DAGs
[2025-12-16T23:33:02.915+0000] {logging_mixin.py:188} INFO - [2025-12-16T23:33:02.915+0000] {dag.py:3954} INFO - Setting next_dagrun for mfg_dbt_transform_dag to 2025-12-16 04:15:00+00:00, run_after=2025-12-17 04:15:00+00:00
[2025-12-16T23:33:02.950+0000] {processor.py:183} INFO - Processing /opt/airflow/dags/mfg_dbt_transform_dag.py took 0.172 seconds
[2025-12-16T23:33:33.304+0000] {processor.py:161} INFO - Started process (PID=1567) to work on /opt/airflow/dags/mfg_dbt_transform_dag.py
[2025-12-16T23:33:33.305+0000] {processor.py:830} INFO - Processing file /opt/airflow/dags/mfg_dbt_transform_dag.py for tasks to queue
[2025-12-16T23:33:33.307+0000] {logging_mixin.py:188} INFO - [2025-12-16T23:33:33.307+0000] {dagbag.py:540} INFO - Filling up the DagBag from /opt/airflow/dags/mfg_dbt_transform_dag.py
[2025-12-16T23:33:33.350+0000] {processor.py:840} INFO - DAG(s) 'mfg_dbt_transform_dag' retrieved from /opt/airflow/dags/mfg_dbt_transform_dag.py
[2025-12-16T23:33:33.383+0000] {logging_mixin.py:188} INFO - [2025-12-16T23:33:33.383+0000] {dag.py:3096} INFO - Sync 1 DAGs
[2025-12-16T23:33:33.413+0000] {logging_mixin.py:188} INFO - [2025-12-16T23:33:33.413+0000] {dag.py:3954} INFO - Setting next_dagrun for mfg_dbt_transform_dag to 2025-12-16 04:15:00+00:00, run_after=2025-12-17 04:15:00+00:00
[2025-12-16T23:33:33.444+0000] {processor.py:183} INFO - Processing /opt/airflow/dags/mfg_dbt_transform_dag.py took 0.150 seconds
[2025-12-16T23:34:03.665+0000] {processor.py:161} INFO - Started process (PID=1589) to work on /opt/airflow/dags/mfg_dbt_transform_dag.py
[2025-12-16T23:34:03.667+0000] {processor.py:830} INFO - Processing file /opt/airflow/dags/mfg_dbt_transform_dag.py for tasks to queue
[2025-12-16T23:34:03.673+0000] {logging_mixin.py:188} INFO - [2025-12-16T23:34:03.672+0000] {dagbag.py:540} INFO - Filling up the DagBag from /opt/airflow/dags/mfg_dbt_transform_dag.py
[2025-12-16T23:34:03.709+0000] {processor.py:840} INFO - DAG(s) 'mfg_dbt_transform_dag' retrieved from /opt/airflow/dags/mfg_dbt_transform_dag.py
[2025-12-16T23:34:03.743+0000] {logging_mixin.py:188} INFO - [2025-12-16T23:34:03.743+0000] {dag.py:3096} INFO - Sync 1 DAGs
[2025-12-16T23:34:03.776+0000] {logging_mixin.py:188} INFO - [2025-12-16T23:34:03.775+0000] {dag.py:3954} INFO - Setting next_dagrun for mfg_dbt_transform_dag to 2025-12-16 04:15:00+00:00, run_after=2025-12-17 04:15:00+00:00
[2025-12-16T23:34:03.804+0000] {processor.py:183} INFO - Processing /opt/airflow/dags/mfg_dbt_transform_dag.py took 0.152 seconds
[2025-12-16T23:34:33.931+0000] {processor.py:161} INFO - Started process (PID=1611) to work on /opt/airflow/dags/mfg_dbt_transform_dag.py
[2025-12-16T23:34:33.932+0000] {processor.py:830} INFO - Processing file /opt/airflow/dags/mfg_dbt_transform_dag.py for tasks to queue
[2025-12-16T23:34:33.935+0000] {logging_mixin.py:188} INFO - [2025-12-16T23:34:33.934+0000] {dagbag.py:540} INFO - Filling up the DagBag from /opt/airflow/dags/mfg_dbt_transform_dag.py
[2025-12-16T23:34:33.969+0000] {processor.py:840} INFO - DAG(s) 'mfg_dbt_transform_dag' retrieved from /opt/airflow/dags/mfg_dbt_transform_dag.py
[2025-12-16T23:34:34.005+0000] {logging_mixin.py:188} INFO - [2025-12-16T23:34:34.005+0000] {dag.py:3096} INFO - Sync 1 DAGs
[2025-12-16T23:34:34.034+0000] {logging_mixin.py:188} INFO - [2025-12-16T23:34:34.034+0000] {dag.py:3954} INFO - Setting next_dagrun for mfg_dbt_transform_dag to 2025-12-16 04:15:00+00:00, run_after=2025-12-17 04:15:00+00:00
[2025-12-16T23:34:34.062+0000] {processor.py:183} INFO - Processing /opt/airflow/dags/mfg_dbt_transform_dag.py took 0.139 seconds
[2025-12-16T23:35:04.243+0000] {processor.py:161} INFO - Started process (PID=1633) to work on /opt/airflow/dags/mfg_dbt_transform_dag.py
[2025-12-16T23:35:04.245+0000] {processor.py:830} INFO - Processing file /opt/airflow/dags/mfg_dbt_transform_dag.py for tasks to queue
[2025-12-16T23:35:04.247+0000] {logging_mixin.py:188} INFO - [2025-12-16T23:35:04.247+0000] {dagbag.py:540} INFO - Filling up the DagBag from /opt/airflow/dags/mfg_dbt_transform_dag.py
[2025-12-16T23:35:04.291+0000] {processor.py:840} INFO - DAG(s) 'mfg_dbt_transform_dag' retrieved from /opt/airflow/dags/mfg_dbt_transform_dag.py
[2025-12-16T23:35:04.333+0000] {logging_mixin.py:188} INFO - [2025-12-16T23:35:04.333+0000] {dag.py:3096} INFO - Sync 1 DAGs
[2025-12-16T23:35:04.365+0000] {logging_mixin.py:188} INFO - [2025-12-16T23:35:04.365+0000] {dag.py:3954} INFO - Setting next_dagrun for mfg_dbt_transform_dag to 2025-12-16 04:15:00+00:00, run_after=2025-12-17 04:15:00+00:00
[2025-12-16T23:35:04.394+0000] {processor.py:183} INFO - Processing /opt/airflow/dags/mfg_dbt_transform_dag.py took 0.160 seconds
[2025-12-16T23:35:34.725+0000] {processor.py:161} INFO - Started process (PID=1655) to work on /opt/airflow/dags/mfg_dbt_transform_dag.py
[2025-12-16T23:35:34.726+0000] {processor.py:830} INFO - Processing file /opt/airflow/dags/mfg_dbt_transform_dag.py for tasks to queue
[2025-12-16T23:35:34.729+0000] {logging_mixin.py:188} INFO - [2025-12-16T23:35:34.728+0000] {dagbag.py:540} INFO - Filling up the DagBag from /opt/airflow/dags/mfg_dbt_transform_dag.py
[2025-12-16T23:35:34.769+0000] {processor.py:840} INFO - DAG(s) 'mfg_dbt_transform_dag' retrieved from /opt/airflow/dags/mfg_dbt_transform_dag.py
[2025-12-16T23:35:34.808+0000] {logging_mixin.py:188} INFO - [2025-12-16T23:35:34.808+0000] {dag.py:3096} INFO - Sync 1 DAGs
[2025-12-16T23:35:34.847+0000] {logging_mixin.py:188} INFO - [2025-12-16T23:35:34.846+0000] {dag.py:3954} INFO - Setting next_dagrun for mfg_dbt_transform_dag to 2025-12-16 04:15:00+00:00, run_after=2025-12-17 04:15:00+00:00
[2025-12-16T23:35:34.879+0000] {processor.py:183} INFO - Processing /opt/airflow/dags/mfg_dbt_transform_dag.py took 0.164 seconds
[2025-12-16T23:36:05.029+0000] {processor.py:161} INFO - Started process (PID=1677) to work on /opt/airflow/dags/mfg_dbt_transform_dag.py
[2025-12-16T23:36:05.030+0000] {processor.py:830} INFO - Processing file /opt/airflow/dags/mfg_dbt_transform_dag.py for tasks to queue
[2025-12-16T23:36:05.033+0000] {logging_mixin.py:188} INFO - [2025-12-16T23:36:05.033+0000] {dagbag.py:540} INFO - Filling up the DagBag from /opt/airflow/dags/mfg_dbt_transform_dag.py
[2025-12-16T23:36:05.068+0000] {processor.py:840} INFO - DAG(s) 'mfg_dbt_transform_dag' retrieved from /opt/airflow/dags/mfg_dbt_transform_dag.py
[2025-12-16T23:36:05.102+0000] {logging_mixin.py:188} INFO - [2025-12-16T23:36:05.102+0000] {dag.py:3096} INFO - Sync 1 DAGs
[2025-12-16T23:36:05.133+0000] {logging_mixin.py:188} INFO - [2025-12-16T23:36:05.133+0000] {dag.py:3954} INFO - Setting next_dagrun for mfg_dbt_transform_dag to 2025-12-16 04:15:00+00:00, run_after=2025-12-17 04:15:00+00:00
[2025-12-16T23:36:05.162+0000] {processor.py:183} INFO - Processing /opt/airflow/dags/mfg_dbt_transform_dag.py took 0.141 seconds
[2025-12-16T23:36:35.449+0000] {processor.py:161} INFO - Started process (PID=1699) to work on /opt/airflow/dags/mfg_dbt_transform_dag.py
[2025-12-16T23:36:35.450+0000] {processor.py:830} INFO - Processing file /opt/airflow/dags/mfg_dbt_transform_dag.py for tasks to queue
[2025-12-16T23:36:35.453+0000] {logging_mixin.py:188} INFO - [2025-12-16T23:36:35.452+0000] {dagbag.py:540} INFO - Filling up the DagBag from /opt/airflow/dags/mfg_dbt_transform_dag.py
[2025-12-16T23:36:35.486+0000] {processor.py:840} INFO - DAG(s) 'mfg_dbt_transform_dag' retrieved from /opt/airflow/dags/mfg_dbt_transform_dag.py
[2025-12-16T23:36:35.522+0000] {logging_mixin.py:188} INFO - [2025-12-16T23:36:35.521+0000] {dag.py:3096} INFO - Sync 1 DAGs
[2025-12-16T23:36:35.550+0000] {logging_mixin.py:188} INFO - [2025-12-16T23:36:35.550+0000] {dag.py:3954} INFO - Setting next_dagrun for mfg_dbt_transform_dag to 2025-12-16 04:15:00+00:00, run_after=2025-12-17 04:15:00+00:00
[2025-12-16T23:36:35.580+0000] {processor.py:183} INFO - Processing /opt/airflow/dags/mfg_dbt_transform_dag.py took 0.141 seconds
[2025-12-16T23:37:05.981+0000] {processor.py:161} INFO - Started process (PID=1721) to work on /opt/airflow/dags/mfg_dbt_transform_dag.py
[2025-12-16T23:37:05.982+0000] {processor.py:830} INFO - Processing file /opt/airflow/dags/mfg_dbt_transform_dag.py for tasks to queue
[2025-12-16T23:37:05.985+0000] {logging_mixin.py:188} INFO - [2025-12-16T23:37:05.984+0000] {dagbag.py:540} INFO - Filling up the DagBag from /opt/airflow/dags/mfg_dbt_transform_dag.py
[2025-12-16T23:37:06.021+0000] {processor.py:840} INFO - DAG(s) 'mfg_dbt_transform_dag' retrieved from /opt/airflow/dags/mfg_dbt_transform_dag.py
[2025-12-16T23:37:06.050+0000] {logging_mixin.py:188} INFO - [2025-12-16T23:37:06.050+0000] {dag.py:3096} INFO - Sync 1 DAGs
[2025-12-16T23:37:06.085+0000] {logging_mixin.py:188} INFO - [2025-12-16T23:37:06.085+0000] {dag.py:3954} INFO - Setting next_dagrun for mfg_dbt_transform_dag to 2025-12-16 04:15:00+00:00, run_after=2025-12-17 04:15:00+00:00
[2025-12-16T23:37:06.114+0000] {processor.py:183} INFO - Processing /opt/airflow/dags/mfg_dbt_transform_dag.py took 0.148 seconds
[2025-12-16T23:37:36.260+0000] {processor.py:161} INFO - Started process (PID=1743) to work on /opt/airflow/dags/mfg_dbt_transform_dag.py
[2025-12-16T23:37:36.263+0000] {processor.py:830} INFO - Processing file /opt/airflow/dags/mfg_dbt_transform_dag.py for tasks to queue
[2025-12-16T23:37:36.266+0000] {logging_mixin.py:188} INFO - [2025-12-16T23:37:36.266+0000] {dagbag.py:540} INFO - Filling up the DagBag from /opt/airflow/dags/mfg_dbt_transform_dag.py
[2025-12-16T23:37:36.309+0000] {processor.py:840} INFO - DAG(s) 'mfg_dbt_transform_dag' retrieved from /opt/airflow/dags/mfg_dbt_transform_dag.py
[2025-12-16T23:37:36.346+0000] {logging_mixin.py:188} INFO - [2025-12-16T23:37:36.346+0000] {dag.py:3096} INFO - Sync 1 DAGs
[2025-12-16T23:37:36.379+0000] {logging_mixin.py:188} INFO - [2025-12-16T23:37:36.378+0000] {dag.py:3954} INFO - Setting next_dagrun for mfg_dbt_transform_dag to 2025-12-16 04:15:00+00:00, run_after=2025-12-17 04:15:00+00:00
[2025-12-16T23:37:36.408+0000] {processor.py:183} INFO - Processing /opt/airflow/dags/mfg_dbt_transform_dag.py took 0.160 seconds
[2025-12-16T23:38:06.548+0000] {processor.py:161} INFO - Started process (PID=1765) to work on /opt/airflow/dags/mfg_dbt_transform_dag.py
[2025-12-16T23:38:06.550+0000] {processor.py:830} INFO - Processing file /opt/airflow/dags/mfg_dbt_transform_dag.py for tasks to queue
[2025-12-16T23:38:06.554+0000] {logging_mixin.py:188} INFO - [2025-12-16T23:38:06.553+0000] {dagbag.py:540} INFO - Filling up the DagBag from /opt/airflow/dags/mfg_dbt_transform_dag.py
[2025-12-16T23:38:06.590+0000] {processor.py:840} INFO - DAG(s) 'mfg_dbt_transform_dag' retrieved from /opt/airflow/dags/mfg_dbt_transform_dag.py
[2025-12-16T23:38:06.628+0000] {logging_mixin.py:188} INFO - [2025-12-16T23:38:06.627+0000] {dag.py:3096} INFO - Sync 1 DAGs
[2025-12-16T23:38:06.657+0000] {logging_mixin.py:188} INFO - [2025-12-16T23:38:06.657+0000] {dag.py:3954} INFO - Setting next_dagrun for mfg_dbt_transform_dag to 2025-12-16 04:15:00+00:00, run_after=2025-12-17 04:15:00+00:00
[2025-12-16T23:38:06.685+0000] {processor.py:183} INFO - Processing /opt/airflow/dags/mfg_dbt_transform_dag.py took 0.146 seconds
[2025-12-16T23:38:36.750+0000] {processor.py:161} INFO - Started process (PID=1787) to work on /opt/airflow/dags/mfg_dbt_transform_dag.py
[2025-12-16T23:38:36.751+0000] {processor.py:830} INFO - Processing file /opt/airflow/dags/mfg_dbt_transform_dag.py for tasks to queue
[2025-12-16T23:38:36.754+0000] {logging_mixin.py:188} INFO - [2025-12-16T23:38:36.753+0000] {dagbag.py:540} INFO - Filling up the DagBag from /opt/airflow/dags/mfg_dbt_transform_dag.py
[2025-12-16T23:38:36.791+0000] {processor.py:840} INFO - DAG(s) 'mfg_dbt_transform_dag' retrieved from /opt/airflow/dags/mfg_dbt_transform_dag.py
[2025-12-16T23:38:36.825+0000] {logging_mixin.py:188} INFO - [2025-12-16T23:38:36.825+0000] {dag.py:3096} INFO - Sync 1 DAGs
[2025-12-16T23:38:36.853+0000] {logging_mixin.py:188} INFO - [2025-12-16T23:38:36.853+0000] {dag.py:3954} INFO - Setting next_dagrun for mfg_dbt_transform_dag to 2025-12-16 04:15:00+00:00, run_after=2025-12-17 04:15:00+00:00
[2025-12-16T23:38:36.881+0000] {processor.py:183} INFO - Processing /opt/airflow/dags/mfg_dbt_transform_dag.py took 0.141 seconds
[2025-12-16T23:39:06.989+0000] {processor.py:161} INFO - Started process (PID=1809) to work on /opt/airflow/dags/mfg_dbt_transform_dag.py
[2025-12-16T23:39:06.992+0000] {processor.py:830} INFO - Processing file /opt/airflow/dags/mfg_dbt_transform_dag.py for tasks to queue
[2025-12-16T23:39:06.996+0000] {logging_mixin.py:188} INFO - [2025-12-16T23:39:06.995+0000] {dagbag.py:540} INFO - Filling up the DagBag from /opt/airflow/dags/mfg_dbt_transform_dag.py
[2025-12-16T23:39:07.053+0000] {processor.py:840} INFO - DAG(s) 'mfg_dbt_transform_dag' retrieved from /opt/airflow/dags/mfg_dbt_transform_dag.py
[2025-12-16T23:39:07.099+0000] {logging_mixin.py:188} INFO - [2025-12-16T23:39:07.098+0000] {dag.py:3096} INFO - Sync 1 DAGs
[2025-12-16T23:39:07.138+0000] {logging_mixin.py:188} INFO - [2025-12-16T23:39:07.138+0000] {dag.py:3954} INFO - Setting next_dagrun for mfg_dbt_transform_dag to 2025-12-16 04:15:00+00:00, run_after=2025-12-17 04:15:00+00:00
[2025-12-16T23:39:07.169+0000] {processor.py:183} INFO - Processing /opt/airflow/dags/mfg_dbt_transform_dag.py took 0.196 seconds
[2025-12-16T23:39:37.482+0000] {processor.py:161} INFO - Started process (PID=1831) to work on /opt/airflow/dags/mfg_dbt_transform_dag.py
[2025-12-16T23:39:37.483+0000] {processor.py:830} INFO - Processing file /opt/airflow/dags/mfg_dbt_transform_dag.py for tasks to queue
[2025-12-16T23:39:37.487+0000] {logging_mixin.py:188} INFO - [2025-12-16T23:39:37.486+0000] {dagbag.py:540} INFO - Filling up the DagBag from /opt/airflow/dags/mfg_dbt_transform_dag.py
[2025-12-16T23:39:37.523+0000] {processor.py:840} INFO - DAG(s) 'mfg_dbt_transform_dag' retrieved from /opt/airflow/dags/mfg_dbt_transform_dag.py
[2025-12-16T23:39:37.563+0000] {logging_mixin.py:188} INFO - [2025-12-16T23:39:37.563+0000] {dag.py:3096} INFO - Sync 1 DAGs
[2025-12-16T23:39:37.596+0000] {logging_mixin.py:188} INFO - [2025-12-16T23:39:37.596+0000] {dag.py:3954} INFO - Setting next_dagrun for mfg_dbt_transform_dag to 2025-12-16 04:15:00+00:00, run_after=2025-12-17 04:15:00+00:00
[2025-12-16T23:39:37.623+0000] {processor.py:183} INFO - Processing /opt/airflow/dags/mfg_dbt_transform_dag.py took 0.149 seconds
[2025-12-16T23:40:07.715+0000] {processor.py:161} INFO - Started process (PID=1853) to work on /opt/airflow/dags/mfg_dbt_transform_dag.py
[2025-12-16T23:40:07.716+0000] {processor.py:830} INFO - Processing file /opt/airflow/dags/mfg_dbt_transform_dag.py for tasks to queue
[2025-12-16T23:40:07.719+0000] {logging_mixin.py:188} INFO - [2025-12-16T23:40:07.718+0000] {dagbag.py:540} INFO - Filling up the DagBag from /opt/airflow/dags/mfg_dbt_transform_dag.py
[2025-12-16T23:40:07.757+0000] {processor.py:840} INFO - DAG(s) 'mfg_dbt_transform_dag' retrieved from /opt/airflow/dags/mfg_dbt_transform_dag.py
[2025-12-16T23:40:07.794+0000] {logging_mixin.py:188} INFO - [2025-12-16T23:40:07.793+0000] {dag.py:3096} INFO - Sync 1 DAGs
[2025-12-16T23:40:07.826+0000] {logging_mixin.py:188} INFO - [2025-12-16T23:40:07.826+0000] {dag.py:3954} INFO - Setting next_dagrun for mfg_dbt_transform_dag to 2025-12-16 04:15:00+00:00, run_after=2025-12-17 04:15:00+00:00
[2025-12-16T23:40:07.856+0000] {processor.py:183} INFO - Processing /opt/airflow/dags/mfg_dbt_transform_dag.py took 0.150 seconds
[2025-12-16T23:40:38.051+0000] {processor.py:161} INFO - Started process (PID=1875) to work on /opt/airflow/dags/mfg_dbt_transform_dag.py
[2025-12-16T23:40:38.052+0000] {processor.py:830} INFO - Processing file /opt/airflow/dags/mfg_dbt_transform_dag.py for tasks to queue
[2025-12-16T23:40:38.054+0000] {logging_mixin.py:188} INFO - [2025-12-16T23:40:38.054+0000] {dagbag.py:540} INFO - Filling up the DagBag from /opt/airflow/dags/mfg_dbt_transform_dag.py
[2025-12-16T23:40:38.095+0000] {processor.py:840} INFO - DAG(s) 'mfg_dbt_transform_dag' retrieved from /opt/airflow/dags/mfg_dbt_transform_dag.py
[2025-12-16T23:40:38.132+0000] {logging_mixin.py:188} INFO - [2025-12-16T23:40:38.132+0000] {dag.py:3096} INFO - Sync 1 DAGs
[2025-12-16T23:40:38.165+0000] {logging_mixin.py:188} INFO - [2025-12-16T23:40:38.164+0000] {dag.py:3954} INFO - Setting next_dagrun for mfg_dbt_transform_dag to 2025-12-16 04:15:00+00:00, run_after=2025-12-17 04:15:00+00:00
[2025-12-16T23:40:38.197+0000] {processor.py:183} INFO - Processing /opt/airflow/dags/mfg_dbt_transform_dag.py took 0.156 seconds
[2025-12-16T23:41:08.426+0000] {processor.py:161} INFO - Started process (PID=1897) to work on /opt/airflow/dags/mfg_dbt_transform_dag.py
[2025-12-16T23:41:08.427+0000] {processor.py:830} INFO - Processing file /opt/airflow/dags/mfg_dbt_transform_dag.py for tasks to queue
[2025-12-16T23:41:08.431+0000] {logging_mixin.py:188} INFO - [2025-12-16T23:41:08.430+0000] {dagbag.py:540} INFO - Filling up the DagBag from /opt/airflow/dags/mfg_dbt_transform_dag.py
[2025-12-16T23:41:08.468+0000] {processor.py:840} INFO - DAG(s) 'mfg_dbt_transform_dag' retrieved from /opt/airflow/dags/mfg_dbt_transform_dag.py
[2025-12-16T23:41:08.504+0000] {logging_mixin.py:188} INFO - [2025-12-16T23:41:08.503+0000] {dag.py:3096} INFO - Sync 1 DAGs
[2025-12-16T23:41:08.538+0000] {logging_mixin.py:188} INFO - [2025-12-16T23:41:08.538+0000] {dag.py:3954} INFO - Setting next_dagrun for mfg_dbt_transform_dag to 2025-12-16 04:15:00+00:00, run_after=2025-12-17 04:15:00+00:00
[2025-12-16T23:41:08.570+0000] {processor.py:183} INFO - Processing /opt/airflow/dags/mfg_dbt_transform_dag.py took 0.153 seconds
[2025-12-16T23:41:38.948+0000] {processor.py:161} INFO - Started process (PID=1919) to work on /opt/airflow/dags/mfg_dbt_transform_dag.py
[2025-12-16T23:41:38.949+0000] {processor.py:830} INFO - Processing file /opt/airflow/dags/mfg_dbt_transform_dag.py for tasks to queue
[2025-12-16T23:41:38.952+0000] {logging_mixin.py:188} INFO - [2025-12-16T23:41:38.951+0000] {dagbag.py:540} INFO - Filling up the DagBag from /opt/airflow/dags/mfg_dbt_transform_dag.py
[2025-12-16T23:41:38.988+0000] {processor.py:840} INFO - DAG(s) 'mfg_dbt_transform_dag' retrieved from /opt/airflow/dags/mfg_dbt_transform_dag.py
[2025-12-16T23:41:39.025+0000] {logging_mixin.py:188} INFO - [2025-12-16T23:41:39.025+0000] {dag.py:3096} INFO - Sync 1 DAGs
[2025-12-16T23:41:39.060+0000] {logging_mixin.py:188} INFO - [2025-12-16T23:41:39.060+0000] {dag.py:3954} INFO - Setting next_dagrun for mfg_dbt_transform_dag to 2025-12-16 04:15:00+00:00, run_after=2025-12-17 04:15:00+00:00
[2025-12-16T23:41:39.091+0000] {processor.py:183} INFO - Processing /opt/airflow/dags/mfg_dbt_transform_dag.py took 0.152 seconds
[2025-12-16T23:42:09.248+0000] {processor.py:161} INFO - Started process (PID=1941) to work on /opt/airflow/dags/mfg_dbt_transform_dag.py
[2025-12-16T23:42:09.249+0000] {processor.py:830} INFO - Processing file /opt/airflow/dags/mfg_dbt_transform_dag.py for tasks to queue
[2025-12-16T23:42:09.251+0000] {logging_mixin.py:188} INFO - [2025-12-16T23:42:09.251+0000] {dagbag.py:540} INFO - Filling up the DagBag from /opt/airflow/dags/mfg_dbt_transform_dag.py
[2025-12-16T23:42:09.288+0000] {processor.py:840} INFO - DAG(s) 'mfg_dbt_transform_dag' retrieved from /opt/airflow/dags/mfg_dbt_transform_dag.py
[2025-12-16T23:42:09.323+0000] {logging_mixin.py:188} INFO - [2025-12-16T23:42:09.322+0000] {dag.py:3096} INFO - Sync 1 DAGs
[2025-12-16T23:42:09.358+0000] {logging_mixin.py:188} INFO - [2025-12-16T23:42:09.358+0000] {dag.py:3954} INFO - Setting next_dagrun for mfg_dbt_transform_dag to 2025-12-16 04:15:00+00:00, run_after=2025-12-17 04:15:00+00:00
[2025-12-16T23:42:09.388+0000] {processor.py:183} INFO - Processing /opt/airflow/dags/mfg_dbt_transform_dag.py took 0.150 seconds
[2025-12-16T23:42:39.615+0000] {processor.py:161} INFO - Started process (PID=1963) to work on /opt/airflow/dags/mfg_dbt_transform_dag.py
[2025-12-16T23:42:39.616+0000] {processor.py:830} INFO - Processing file /opt/airflow/dags/mfg_dbt_transform_dag.py for tasks to queue
[2025-12-16T23:42:39.618+0000] {logging_mixin.py:188} INFO - [2025-12-16T23:42:39.618+0000] {dagbag.py:540} INFO - Filling up the DagBag from /opt/airflow/dags/mfg_dbt_transform_dag.py
[2025-12-16T23:42:39.658+0000] {processor.py:840} INFO - DAG(s) 'mfg_dbt_transform_dag' retrieved from /opt/airflow/dags/mfg_dbt_transform_dag.py
[2025-12-16T23:42:39.696+0000] {logging_mixin.py:188} INFO - [2025-12-16T23:42:39.695+0000] {dag.py:3096} INFO - Sync 1 DAGs
[2025-12-16T23:42:39.726+0000] {logging_mixin.py:188} INFO - [2025-12-16T23:42:39.726+0000] {dag.py:3954} INFO - Setting next_dagrun for mfg_dbt_transform_dag to 2025-12-16 04:15:00+00:00, run_after=2025-12-17 04:15:00+00:00
[2025-12-16T23:42:39.755+0000] {processor.py:183} INFO - Processing /opt/airflow/dags/mfg_dbt_transform_dag.py took 0.149 seconds
[2025-12-16T23:43:09.918+0000] {processor.py:161} INFO - Started process (PID=1985) to work on /opt/airflow/dags/mfg_dbt_transform_dag.py
[2025-12-16T23:43:09.920+0000] {processor.py:830} INFO - Processing file /opt/airflow/dags/mfg_dbt_transform_dag.py for tasks to queue
[2025-12-16T23:43:09.923+0000] {logging_mixin.py:188} INFO - [2025-12-16T23:43:09.923+0000] {dagbag.py:540} INFO - Filling up the DagBag from /opt/airflow/dags/mfg_dbt_transform_dag.py
[2025-12-16T23:43:09.964+0000] {processor.py:840} INFO - DAG(s) 'mfg_dbt_transform_dag' retrieved from /opt/airflow/dags/mfg_dbt_transform_dag.py
[2025-12-16T23:43:10.000+0000] {logging_mixin.py:188} INFO - [2025-12-16T23:43:10.000+0000] {dag.py:3096} INFO - Sync 1 DAGs
[2025-12-16T23:43:10.034+0000] {logging_mixin.py:188} INFO - [2025-12-16T23:43:10.033+0000] {dag.py:3954} INFO - Setting next_dagrun for mfg_dbt_transform_dag to 2025-12-16 04:15:00+00:00, run_after=2025-12-17 04:15:00+00:00
[2025-12-16T23:43:10.061+0000] {processor.py:183} INFO - Processing /opt/airflow/dags/mfg_dbt_transform_dag.py took 0.152 seconds
[2025-12-16T23:43:40.404+0000] {processor.py:161} INFO - Started process (PID=2003) to work on /opt/airflow/dags/mfg_dbt_transform_dag.py
[2025-12-16T23:43:40.405+0000] {processor.py:830} INFO - Processing file /opt/airflow/dags/mfg_dbt_transform_dag.py for tasks to queue
[2025-12-16T23:43:40.407+0000] {logging_mixin.py:188} INFO - [2025-12-16T23:43:40.407+0000] {dagbag.py:540} INFO - Filling up the DagBag from /opt/airflow/dags/mfg_dbt_transform_dag.py
[2025-12-16T23:43:40.441+0000] {processor.py:840} INFO - DAG(s) 'mfg_dbt_transform_dag' retrieved from /opt/airflow/dags/mfg_dbt_transform_dag.py
[2025-12-16T23:43:40.483+0000] {logging_mixin.py:188} INFO - [2025-12-16T23:43:40.483+0000] {dag.py:3096} INFO - Sync 1 DAGs
[2025-12-16T23:43:40.519+0000] {logging_mixin.py:188} INFO - [2025-12-16T23:43:40.518+0000] {dag.py:3954} INFO - Setting next_dagrun for mfg_dbt_transform_dag to 2025-12-16 04:15:00+00:00, run_after=2025-12-17 04:15:00+00:00
[2025-12-16T23:43:40.550+0000] {processor.py:183} INFO - Processing /opt/airflow/dags/mfg_dbt_transform_dag.py took 0.155 seconds
[2025-12-16T23:44:11.066+0000] {processor.py:161} INFO - Started process (PID=2022) to work on /opt/airflow/dags/mfg_dbt_transform_dag.py
[2025-12-16T23:44:11.068+0000] {processor.py:830} INFO - Processing file /opt/airflow/dags/mfg_dbt_transform_dag.py for tasks to queue
[2025-12-16T23:44:11.070+0000] {logging_mixin.py:188} INFO - [2025-12-16T23:44:11.070+0000] {dagbag.py:540} INFO - Filling up the DagBag from /opt/airflow/dags/mfg_dbt_transform_dag.py
[2025-12-16T23:44:11.106+0000] {processor.py:840} INFO - DAG(s) 'mfg_dbt_transform_dag' retrieved from /opt/airflow/dags/mfg_dbt_transform_dag.py
[2025-12-16T23:44:11.145+0000] {logging_mixin.py:188} INFO - [2025-12-16T23:44:11.145+0000] {dag.py:3096} INFO - Sync 1 DAGs
[2025-12-16T23:44:11.182+0000] {logging_mixin.py:188} INFO - [2025-12-16T23:44:11.182+0000] {dag.py:3954} INFO - Setting next_dagrun for mfg_dbt_transform_dag to 2025-12-16 04:15:00+00:00, run_after=2025-12-17 04:15:00+00:00
[2025-12-16T23:44:11.214+0000] {processor.py:183} INFO - Processing /opt/airflow/dags/mfg_dbt_transform_dag.py took 0.156 seconds
[2025-12-16T23:44:41.615+0000] {processor.py:161} INFO - Started process (PID=2044) to work on /opt/airflow/dags/mfg_dbt_transform_dag.py
[2025-12-16T23:44:41.617+0000] {processor.py:830} INFO - Processing file /opt/airflow/dags/mfg_dbt_transform_dag.py for tasks to queue
[2025-12-16T23:44:41.619+0000] {logging_mixin.py:188} INFO - [2025-12-16T23:44:41.619+0000] {dagbag.py:540} INFO - Filling up the DagBag from /opt/airflow/dags/mfg_dbt_transform_dag.py
[2025-12-16T23:44:41.657+0000] {processor.py:840} INFO - DAG(s) 'mfg_dbt_transform_dag' retrieved from /opt/airflow/dags/mfg_dbt_transform_dag.py
[2025-12-16T23:44:41.691+0000] {logging_mixin.py:188} INFO - [2025-12-16T23:44:41.691+0000] {dag.py:3096} INFO - Sync 1 DAGs
[2025-12-16T23:44:41.727+0000] {logging_mixin.py:188} INFO - [2025-12-16T23:44:41.727+0000] {dag.py:3954} INFO - Setting next_dagrun for mfg_dbt_transform_dag to 2025-12-16 04:15:00+00:00, run_after=2025-12-17 04:15:00+00:00
[2025-12-16T23:44:41.761+0000] {processor.py:183} INFO - Processing /opt/airflow/dags/mfg_dbt_transform_dag.py took 0.155 seconds
[2025-12-16T23:45:12.004+0000] {processor.py:161} INFO - Started process (PID=2066) to work on /opt/airflow/dags/mfg_dbt_transform_dag.py
[2025-12-16T23:45:12.006+0000] {processor.py:830} INFO - Processing file /opt/airflow/dags/mfg_dbt_transform_dag.py for tasks to queue
[2025-12-16T23:45:12.009+0000] {logging_mixin.py:188} INFO - [2025-12-16T23:45:12.008+0000] {dagbag.py:540} INFO - Filling up the DagBag from /opt/airflow/dags/mfg_dbt_transform_dag.py
[2025-12-16T23:45:12.055+0000] {processor.py:840} INFO - DAG(s) 'mfg_dbt_transform_dag' retrieved from /opt/airflow/dags/mfg_dbt_transform_dag.py
[2025-12-16T23:45:12.125+0000] {logging_mixin.py:188} INFO - [2025-12-16T23:45:12.125+0000] {dag.py:3096} INFO - Sync 1 DAGs
[2025-12-16T23:45:12.184+0000] {logging_mixin.py:188} INFO - [2025-12-16T23:45:12.184+0000] {dag.py:3954} INFO - Setting next_dagrun for mfg_dbt_transform_dag to 2025-12-16 04:15:00+00:00, run_after=2025-12-17 04:15:00+00:00
[2025-12-16T23:45:12.212+0000] {processor.py:183} INFO - Processing /opt/airflow/dags/mfg_dbt_transform_dag.py took 0.219 seconds
[2025-12-16T23:45:42.399+0000] {processor.py:161} INFO - Started process (PID=2088) to work on /opt/airflow/dags/mfg_dbt_transform_dag.py
[2025-12-16T23:45:42.400+0000] {processor.py:830} INFO - Processing file /opt/airflow/dags/mfg_dbt_transform_dag.py for tasks to queue
[2025-12-16T23:45:42.405+0000] {logging_mixin.py:188} INFO - [2025-12-16T23:45:42.404+0000] {dagbag.py:540} INFO - Filling up the DagBag from /opt/airflow/dags/mfg_dbt_transform_dag.py
[2025-12-16T23:45:42.441+0000] {processor.py:840} INFO - DAG(s) 'mfg_dbt_transform_dag' retrieved from /opt/airflow/dags/mfg_dbt_transform_dag.py
[2025-12-16T23:45:42.479+0000] {logging_mixin.py:188} INFO - [2025-12-16T23:45:42.479+0000] {dag.py:3096} INFO - Sync 1 DAGs
[2025-12-16T23:45:42.517+0000] {logging_mixin.py:188} INFO - [2025-12-16T23:45:42.516+0000] {dag.py:3954} INFO - Setting next_dagrun for mfg_dbt_transform_dag to 2025-12-16 04:15:00+00:00, run_after=2025-12-17 04:15:00+00:00
[2025-12-16T23:45:42.549+0000] {processor.py:183} INFO - Processing /opt/airflow/dags/mfg_dbt_transform_dag.py took 0.159 seconds
[2025-12-16T23:46:12.691+0000] {processor.py:161} INFO - Started process (PID=2110) to work on /opt/airflow/dags/mfg_dbt_transform_dag.py
[2025-12-16T23:46:12.692+0000] {processor.py:830} INFO - Processing file /opt/airflow/dags/mfg_dbt_transform_dag.py for tasks to queue
[2025-12-16T23:46:12.695+0000] {logging_mixin.py:188} INFO - [2025-12-16T23:46:12.695+0000] {dagbag.py:540} INFO - Filling up the DagBag from /opt/airflow/dags/mfg_dbt_transform_dag.py
[2025-12-16T23:46:12.738+0000] {processor.py:840} INFO - DAG(s) 'mfg_dbt_transform_dag' retrieved from /opt/airflow/dags/mfg_dbt_transform_dag.py
[2025-12-16T23:46:12.781+0000] {logging_mixin.py:188} INFO - [2025-12-16T23:46:12.781+0000] {dag.py:3096} INFO - Sync 1 DAGs
[2025-12-16T23:46:12.821+0000] {logging_mixin.py:188} INFO - [2025-12-16T23:46:12.821+0000] {dag.py:3954} INFO - Setting next_dagrun for mfg_dbt_transform_dag to 2025-12-16 04:15:00+00:00, run_after=2025-12-17 04:15:00+00:00
[2025-12-16T23:46:12.852+0000] {processor.py:183} INFO - Processing /opt/airflow/dags/mfg_dbt_transform_dag.py took 0.170 seconds
[2025-12-16T23:46:42.992+0000] {processor.py:161} INFO - Started process (PID=2132) to work on /opt/airflow/dags/mfg_dbt_transform_dag.py
[2025-12-16T23:46:42.993+0000] {processor.py:830} INFO - Processing file /opt/airflow/dags/mfg_dbt_transform_dag.py for tasks to queue
[2025-12-16T23:46:42.996+0000] {logging_mixin.py:188} INFO - [2025-12-16T23:46:42.996+0000] {dagbag.py:540} INFO - Filling up the DagBag from /opt/airflow/dags/mfg_dbt_transform_dag.py
[2025-12-16T23:46:43.033+0000] {processor.py:840} INFO - DAG(s) 'mfg_dbt_transform_dag' retrieved from /opt/airflow/dags/mfg_dbt_transform_dag.py
[2025-12-16T23:46:43.078+0000] {logging_mixin.py:188} INFO - [2025-12-16T23:46:43.078+0000] {dag.py:3096} INFO - Sync 1 DAGs
[2025-12-16T23:46:43.119+0000] {logging_mixin.py:188} INFO - [2025-12-16T23:46:43.119+0000] {dag.py:3954} INFO - Setting next_dagrun for mfg_dbt_transform_dag to 2025-12-16 04:15:00+00:00, run_after=2025-12-17 04:15:00+00:00
[2025-12-16T23:46:43.154+0000] {processor.py:183} INFO - Processing /opt/airflow/dags/mfg_dbt_transform_dag.py took 0.172 seconds
[2025-12-16T23:47:13.332+0000] {processor.py:161} INFO - Started process (PID=2154) to work on /opt/airflow/dags/mfg_dbt_transform_dag.py
[2025-12-16T23:47:13.334+0000] {processor.py:830} INFO - Processing file /opt/airflow/dags/mfg_dbt_transform_dag.py for tasks to queue
[2025-12-16T23:47:13.339+0000] {logging_mixin.py:188} INFO - [2025-12-16T23:47:13.338+0000] {dagbag.py:540} INFO - Filling up the DagBag from /opt/airflow/dags/mfg_dbt_transform_dag.py
[2025-12-16T23:47:13.377+0000] {processor.py:840} INFO - DAG(s) 'mfg_dbt_transform_dag' retrieved from /opt/airflow/dags/mfg_dbt_transform_dag.py
[2025-12-16T23:47:13.414+0000] {logging_mixin.py:188} INFO - [2025-12-16T23:47:13.414+0000] {dag.py:3096} INFO - Sync 1 DAGs
[2025-12-16T23:47:13.448+0000] {logging_mixin.py:188} INFO - [2025-12-16T23:47:13.448+0000] {dag.py:3954} INFO - Setting next_dagrun for mfg_dbt_transform_dag to 2025-12-16 04:15:00+00:00, run_after=2025-12-17 04:15:00+00:00
[2025-12-16T23:47:13.479+0000] {processor.py:183} INFO - Processing /opt/airflow/dags/mfg_dbt_transform_dag.py took 0.157 seconds
[2025-12-16T23:47:43.650+0000] {processor.py:161} INFO - Started process (PID=2176) to work on /opt/airflow/dags/mfg_dbt_transform_dag.py
[2025-12-16T23:47:43.651+0000] {processor.py:830} INFO - Processing file /opt/airflow/dags/mfg_dbt_transform_dag.py for tasks to queue
[2025-12-16T23:47:43.655+0000] {logging_mixin.py:188} INFO - [2025-12-16T23:47:43.655+0000] {dagbag.py:540} INFO - Filling up the DagBag from /opt/airflow/dags/mfg_dbt_transform_dag.py
[2025-12-16T23:47:43.692+0000] {processor.py:840} INFO - DAG(s) 'mfg_dbt_transform_dag' retrieved from /opt/airflow/dags/mfg_dbt_transform_dag.py
[2025-12-16T23:47:43.731+0000] {logging_mixin.py:188} INFO - [2025-12-16T23:47:43.730+0000] {dag.py:3096} INFO - Sync 1 DAGs
[2025-12-16T23:47:43.772+0000] {logging_mixin.py:188} INFO - [2025-12-16T23:47:43.771+0000] {dag.py:3954} INFO - Setting next_dagrun for mfg_dbt_transform_dag to 2025-12-16 04:15:00+00:00, run_after=2025-12-17 04:15:00+00:00
[2025-12-16T23:47:43.802+0000] {processor.py:183} INFO - Processing /opt/airflow/dags/mfg_dbt_transform_dag.py took 0.161 seconds
[2025-12-16T23:48:13.961+0000] {processor.py:161} INFO - Started process (PID=2198) to work on /opt/airflow/dags/mfg_dbt_transform_dag.py
[2025-12-16T23:48:13.962+0000] {processor.py:830} INFO - Processing file /opt/airflow/dags/mfg_dbt_transform_dag.py for tasks to queue
[2025-12-16T23:48:13.965+0000] {logging_mixin.py:188} INFO - [2025-12-16T23:48:13.964+0000] {dagbag.py:540} INFO - Filling up the DagBag from /opt/airflow/dags/mfg_dbt_transform_dag.py
[2025-12-16T23:48:14.003+0000] {processor.py:840} INFO - DAG(s) 'mfg_dbt_transform_dag' retrieved from /opt/airflow/dags/mfg_dbt_transform_dag.py
[2025-12-16T23:48:14.038+0000] {logging_mixin.py:188} INFO - [2025-12-16T23:48:14.037+0000] {dag.py:3096} INFO - Sync 1 DAGs
[2025-12-16T23:48:14.072+0000] {logging_mixin.py:188} INFO - [2025-12-16T23:48:14.072+0000] {dag.py:3954} INFO - Setting next_dagrun for mfg_dbt_transform_dag to 2025-12-16 04:15:00+00:00, run_after=2025-12-17 04:15:00+00:00
[2025-12-16T23:48:14.103+0000] {processor.py:183} INFO - Processing /opt/airflow/dags/mfg_dbt_transform_dag.py took 0.150 seconds
[2025-12-16T23:48:44.530+0000] {processor.py:161} INFO - Started process (PID=2220) to work on /opt/airflow/dags/mfg_dbt_transform_dag.py
[2025-12-16T23:48:44.532+0000] {processor.py:830} INFO - Processing file /opt/airflow/dags/mfg_dbt_transform_dag.py for tasks to queue
[2025-12-16T23:48:44.535+0000] {logging_mixin.py:188} INFO - [2025-12-16T23:48:44.534+0000] {dagbag.py:540} INFO - Filling up the DagBag from /opt/airflow/dags/mfg_dbt_transform_dag.py
[2025-12-16T23:48:44.582+0000] {processor.py:840} INFO - DAG(s) 'mfg_dbt_transform_dag' retrieved from /opt/airflow/dags/mfg_dbt_transform_dag.py
[2025-12-16T23:48:44.623+0000] {logging_mixin.py:188} INFO - [2025-12-16T23:48:44.623+0000] {dag.py:3096} INFO - Sync 1 DAGs
[2025-12-16T23:48:44.669+0000] {logging_mixin.py:188} INFO - [2025-12-16T23:48:44.669+0000] {dag.py:3954} INFO - Setting next_dagrun for mfg_dbt_transform_dag to 2025-12-16 04:15:00+00:00, run_after=2025-12-17 04:15:00+00:00
[2025-12-16T23:48:44.702+0000] {processor.py:183} INFO - Processing /opt/airflow/dags/mfg_dbt_transform_dag.py took 0.181 seconds
[2025-12-16T23:49:15.081+0000] {processor.py:161} INFO - Started process (PID=2242) to work on /opt/airflow/dags/mfg_dbt_transform_dag.py
[2025-12-16T23:49:15.083+0000] {processor.py:830} INFO - Processing file /opt/airflow/dags/mfg_dbt_transform_dag.py for tasks to queue
[2025-12-16T23:49:15.086+0000] {logging_mixin.py:188} INFO - [2025-12-16T23:49:15.086+0000] {dagbag.py:540} INFO - Filling up the DagBag from /opt/airflow/dags/mfg_dbt_transform_dag.py
[2025-12-16T23:49:15.127+0000] {processor.py:840} INFO - DAG(s) 'mfg_dbt_transform_dag' retrieved from /opt/airflow/dags/mfg_dbt_transform_dag.py
[2025-12-16T23:49:15.166+0000] {logging_mixin.py:188} INFO - [2025-12-16T23:49:15.165+0000] {dag.py:3096} INFO - Sync 1 DAGs
[2025-12-16T23:49:15.212+0000] {logging_mixin.py:188} INFO - [2025-12-16T23:49:15.212+0000] {dag.py:3954} INFO - Setting next_dagrun for mfg_dbt_transform_dag to 2025-12-16 04:15:00+00:00, run_after=2025-12-17 04:15:00+00:00
[2025-12-16T23:49:15.251+0000] {processor.py:183} INFO - Processing /opt/airflow/dags/mfg_dbt_transform_dag.py took 0.180 seconds
[2025-12-16T23:49:45.621+0000] {processor.py:161} INFO - Started process (PID=2264) to work on /opt/airflow/dags/mfg_dbt_transform_dag.py
[2025-12-16T23:49:45.623+0000] {processor.py:830} INFO - Processing file /opt/airflow/dags/mfg_dbt_transform_dag.py for tasks to queue
[2025-12-16T23:49:45.626+0000] {logging_mixin.py:188} INFO - [2025-12-16T23:49:45.626+0000] {dagbag.py:540} INFO - Filling up the DagBag from /opt/airflow/dags/mfg_dbt_transform_dag.py
[2025-12-16T23:49:45.674+0000] {processor.py:840} INFO - DAG(s) 'mfg_dbt_transform_dag' retrieved from /opt/airflow/dags/mfg_dbt_transform_dag.py
[2025-12-16T23:49:45.714+0000] {logging_mixin.py:188} INFO - [2025-12-16T23:49:45.714+0000] {dag.py:3096} INFO - Sync 1 DAGs
[2025-12-16T23:49:45.750+0000] {logging_mixin.py:188} INFO - [2025-12-16T23:49:45.749+0000] {dag.py:3954} INFO - Setting next_dagrun for mfg_dbt_transform_dag to 2025-12-16 04:15:00+00:00, run_after=2025-12-17 04:15:00+00:00
[2025-12-16T23:49:45.784+0000] {processor.py:183} INFO - Processing /opt/airflow/dags/mfg_dbt_transform_dag.py took 0.174 seconds
[2025-12-16T23:50:16.215+0000] {processor.py:161} INFO - Started process (PID=2286) to work on /opt/airflow/dags/mfg_dbt_transform_dag.py
[2025-12-16T23:50:16.216+0000] {processor.py:830} INFO - Processing file /opt/airflow/dags/mfg_dbt_transform_dag.py for tasks to queue
[2025-12-16T23:50:16.219+0000] {logging_mixin.py:188} INFO - [2025-12-16T23:50:16.219+0000] {dagbag.py:540} INFO - Filling up the DagBag from /opt/airflow/dags/mfg_dbt_transform_dag.py
[2025-12-16T23:50:16.262+0000] {processor.py:840} INFO - DAG(s) 'mfg_dbt_transform_dag' retrieved from /opt/airflow/dags/mfg_dbt_transform_dag.py
[2025-12-16T23:50:16.303+0000] {logging_mixin.py:188} INFO - [2025-12-16T23:50:16.303+0000] {dag.py:3096} INFO - Sync 1 DAGs
[2025-12-16T23:50:16.343+0000] {logging_mixin.py:188} INFO - [2025-12-16T23:50:16.342+0000] {dag.py:3954} INFO - Setting next_dagrun for mfg_dbt_transform_dag to 2025-12-16 04:15:00+00:00, run_after=2025-12-17 04:15:00+00:00
[2025-12-16T23:50:16.380+0000] {processor.py:183} INFO - Processing /opt/airflow/dags/mfg_dbt_transform_dag.py took 0.174 seconds
[2025-12-16T23:50:46.815+0000] {processor.py:161} INFO - Started process (PID=2308) to work on /opt/airflow/dags/mfg_dbt_transform_dag.py
[2025-12-16T23:50:46.816+0000] {processor.py:830} INFO - Processing file /opt/airflow/dags/mfg_dbt_transform_dag.py for tasks to queue
[2025-12-16T23:50:46.819+0000] {logging_mixin.py:188} INFO - [2025-12-16T23:50:46.819+0000] {dagbag.py:540} INFO - Filling up the DagBag from /opt/airflow/dags/mfg_dbt_transform_dag.py
[2025-12-16T23:50:46.859+0000] {processor.py:840} INFO - DAG(s) 'mfg_dbt_transform_dag' retrieved from /opt/airflow/dags/mfg_dbt_transform_dag.py
[2025-12-16T23:50:46.898+0000] {logging_mixin.py:188} INFO - [2025-12-16T23:50:46.897+0000] {dag.py:3096} INFO - Sync 1 DAGs
[2025-12-16T23:50:46.937+0000] {logging_mixin.py:188} INFO - [2025-12-16T23:50:46.937+0000] {dag.py:3954} INFO - Setting next_dagrun for mfg_dbt_transform_dag to 2025-12-16 04:15:00+00:00, run_after=2025-12-17 04:15:00+00:00
[2025-12-16T23:50:46.970+0000] {processor.py:183} INFO - Processing /opt/airflow/dags/mfg_dbt_transform_dag.py took 0.169 seconds
[2025-12-16T23:51:17.342+0000] {processor.py:161} INFO - Started process (PID=2330) to work on /opt/airflow/dags/mfg_dbt_transform_dag.py
[2025-12-16T23:51:17.344+0000] {processor.py:830} INFO - Processing file /opt/airflow/dags/mfg_dbt_transform_dag.py for tasks to queue
[2025-12-16T23:51:17.347+0000] {logging_mixin.py:188} INFO - [2025-12-16T23:51:17.346+0000] {dagbag.py:540} INFO - Filling up the DagBag from /opt/airflow/dags/mfg_dbt_transform_dag.py
[2025-12-16T23:51:17.398+0000] {processor.py:840} INFO - DAG(s) 'mfg_dbt_transform_dag' retrieved from /opt/airflow/dags/mfg_dbt_transform_dag.py
[2025-12-16T23:51:17.446+0000] {logging_mixin.py:188} INFO - [2025-12-16T23:51:17.446+0000] {dag.py:3096} INFO - Sync 1 DAGs
[2025-12-16T23:51:17.508+0000] {logging_mixin.py:188} INFO - [2025-12-16T23:51:17.508+0000] {dag.py:3954} INFO - Setting next_dagrun for mfg_dbt_transform_dag to 2025-12-16 04:15:00+00:00, run_after=2025-12-17 04:15:00+00:00
[2025-12-16T23:51:17.553+0000] {processor.py:183} INFO - Processing /opt/airflow/dags/mfg_dbt_transform_dag.py took 0.222 seconds
[2025-12-16T23:51:47.988+0000] {processor.py:161} INFO - Started process (PID=2352) to work on /opt/airflow/dags/mfg_dbt_transform_dag.py
[2025-12-16T23:51:47.989+0000] {processor.py:830} INFO - Processing file /opt/airflow/dags/mfg_dbt_transform_dag.py for tasks to queue
[2025-12-16T23:51:47.993+0000] {logging_mixin.py:188} INFO - [2025-12-16T23:51:47.992+0000] {dagbag.py:540} INFO - Filling up the DagBag from /opt/airflow/dags/mfg_dbt_transform_dag.py
[2025-12-16T23:51:48.036+0000] {processor.py:840} INFO - DAG(s) 'mfg_dbt_transform_dag' retrieved from /opt/airflow/dags/mfg_dbt_transform_dag.py
[2025-12-16T23:51:48.081+0000] {logging_mixin.py:188} INFO - [2025-12-16T23:51:48.081+0000] {dag.py:3096} INFO - Sync 1 DAGs
[2025-12-16T23:51:48.125+0000] {logging_mixin.py:188} INFO - [2025-12-16T23:51:48.125+0000] {dag.py:3954} INFO - Setting next_dagrun for mfg_dbt_transform_dag to 2025-12-16 04:15:00+00:00, run_after=2025-12-17 04:15:00+00:00
[2025-12-16T23:51:48.161+0000] {processor.py:183} INFO - Processing /opt/airflow/dags/mfg_dbt_transform_dag.py took 0.184 seconds
[2025-12-16T23:52:18.647+0000] {processor.py:161} INFO - Started process (PID=2374) to work on /opt/airflow/dags/mfg_dbt_transform_dag.py
[2025-12-16T23:52:18.653+0000] {processor.py:830} INFO - Processing file /opt/airflow/dags/mfg_dbt_transform_dag.py for tasks to queue
[2025-12-16T23:52:18.657+0000] {logging_mixin.py:188} INFO - [2025-12-16T23:52:18.656+0000] {dagbag.py:540} INFO - Filling up the DagBag from /opt/airflow/dags/mfg_dbt_transform_dag.py
[2025-12-16T23:52:18.704+0000] {processor.py:840} INFO - DAG(s) 'mfg_dbt_transform_dag' retrieved from /opt/airflow/dags/mfg_dbt_transform_dag.py
[2025-12-16T23:52:18.766+0000] {logging_mixin.py:188} INFO - [2025-12-16T23:52:18.765+0000] {dag.py:3096} INFO - Sync 1 DAGs
[2025-12-16T23:52:18.816+0000] {logging_mixin.py:188} INFO - [2025-12-16T23:52:18.815+0000] {dag.py:3954} INFO - Setting next_dagrun for mfg_dbt_transform_dag to 2025-12-16 04:15:00+00:00, run_after=2025-12-17 04:15:00+00:00
[2025-12-16T23:52:18.858+0000] {processor.py:183} INFO - Processing /opt/airflow/dags/mfg_dbt_transform_dag.py took 0.223 seconds
[2025-12-16T23:52:49.273+0000] {processor.py:161} INFO - Started process (PID=2396) to work on /opt/airflow/dags/mfg_dbt_transform_dag.py
[2025-12-16T23:52:49.275+0000] {processor.py:830} INFO - Processing file /opt/airflow/dags/mfg_dbt_transform_dag.py for tasks to queue
[2025-12-16T23:52:49.278+0000] {logging_mixin.py:188} INFO - [2025-12-16T23:52:49.277+0000] {dagbag.py:540} INFO - Filling up the DagBag from /opt/airflow/dags/mfg_dbt_transform_dag.py
[2025-12-16T23:52:49.320+0000] {processor.py:840} INFO - DAG(s) 'mfg_dbt_transform_dag' retrieved from /opt/airflow/dags/mfg_dbt_transform_dag.py
[2025-12-16T23:52:49.364+0000] {logging_mixin.py:188} INFO - [2025-12-16T23:52:49.364+0000] {dag.py:3096} INFO - Sync 1 DAGs
[2025-12-16T23:52:49.402+0000] {logging_mixin.py:188} INFO - [2025-12-16T23:52:49.402+0000] {dag.py:3954} INFO - Setting next_dagrun for mfg_dbt_transform_dag to 2025-12-16 04:15:00+00:00, run_after=2025-12-17 04:15:00+00:00
[2025-12-16T23:52:49.437+0000] {processor.py:183} INFO - Processing /opt/airflow/dags/mfg_dbt_transform_dag.py took 0.175 seconds
[2025-12-16T23:53:19.810+0000] {processor.py:161} INFO - Started process (PID=2418) to work on /opt/airflow/dags/mfg_dbt_transform_dag.py
[2025-12-16T23:53:19.811+0000] {processor.py:830} INFO - Processing file /opt/airflow/dags/mfg_dbt_transform_dag.py for tasks to queue
[2025-12-16T23:53:19.814+0000] {logging_mixin.py:188} INFO - [2025-12-16T23:53:19.814+0000] {dagbag.py:540} INFO - Filling up the DagBag from /opt/airflow/dags/mfg_dbt_transform_dag.py
[2025-12-16T23:53:19.855+0000] {processor.py:840} INFO - DAG(s) 'mfg_dbt_transform_dag' retrieved from /opt/airflow/dags/mfg_dbt_transform_dag.py
[2025-12-16T23:53:19.896+0000] {logging_mixin.py:188} INFO - [2025-12-16T23:53:19.896+0000] {dag.py:3096} INFO - Sync 1 DAGs
[2025-12-16T23:53:19.935+0000] {logging_mixin.py:188} INFO - [2025-12-16T23:53:19.935+0000] {dag.py:3954} INFO - Setting next_dagrun for mfg_dbt_transform_dag to 2025-12-16 04:15:00+00:00, run_after=2025-12-17 04:15:00+00:00
[2025-12-16T23:53:19.976+0000] {processor.py:183} INFO - Processing /opt/airflow/dags/mfg_dbt_transform_dag.py took 0.175 seconds
[2025-12-16T23:53:50.075+0000] {processor.py:161} INFO - Started process (PID=2440) to work on /opt/airflow/dags/mfg_dbt_transform_dag.py
[2025-12-16T23:53:50.076+0000] {processor.py:830} INFO - Processing file /opt/airflow/dags/mfg_dbt_transform_dag.py for tasks to queue
[2025-12-16T23:53:50.080+0000] {logging_mixin.py:188} INFO - [2025-12-16T23:53:50.079+0000] {dagbag.py:540} INFO - Filling up the DagBag from /opt/airflow/dags/mfg_dbt_transform_dag.py
[2025-12-16T23:53:50.118+0000] {processor.py:840} INFO - DAG(s) 'mfg_dbt_transform_dag' retrieved from /opt/airflow/dags/mfg_dbt_transform_dag.py
[2025-12-16T23:53:50.152+0000] {logging_mixin.py:188} INFO - [2025-12-16T23:53:50.151+0000] {dag.py:3096} INFO - Sync 1 DAGs
[2025-12-16T23:53:50.185+0000] {logging_mixin.py:188} INFO - [2025-12-16T23:53:50.185+0000] {dag.py:3954} INFO - Setting next_dagrun for mfg_dbt_transform_dag to 2025-12-16 04:15:00+00:00, run_after=2025-12-17 04:15:00+00:00
[2025-12-16T23:53:50.214+0000] {processor.py:183} INFO - Processing /opt/airflow/dags/mfg_dbt_transform_dag.py took 0.148 seconds
[2025-12-16T23:54:20.471+0000] {processor.py:161} INFO - Started process (PID=2462) to work on /opt/airflow/dags/mfg_dbt_transform_dag.py
[2025-12-16T23:54:20.472+0000] {processor.py:830} INFO - Processing file /opt/airflow/dags/mfg_dbt_transform_dag.py for tasks to queue
[2025-12-16T23:54:20.475+0000] {logging_mixin.py:188} INFO - [2025-12-16T23:54:20.474+0000] {dagbag.py:540} INFO - Filling up the DagBag from /opt/airflow/dags/mfg_dbt_transform_dag.py
[2025-12-16T23:54:20.514+0000] {processor.py:840} INFO - DAG(s) 'mfg_dbt_transform_dag' retrieved from /opt/airflow/dags/mfg_dbt_transform_dag.py
[2025-12-16T23:54:20.547+0000] {logging_mixin.py:188} INFO - [2025-12-16T23:54:20.547+0000] {dag.py:3096} INFO - Sync 1 DAGs
[2025-12-16T23:54:20.578+0000] {logging_mixin.py:188} INFO - [2025-12-16T23:54:20.577+0000] {dag.py:3954} INFO - Setting next_dagrun for mfg_dbt_transform_dag to 2025-12-16 04:15:00+00:00, run_after=2025-12-17 04:15:00+00:00
[2025-12-16T23:54:20.607+0000] {processor.py:183} INFO - Processing /opt/airflow/dags/mfg_dbt_transform_dag.py took 0.145 seconds
[2025-12-16T23:54:50.843+0000] {processor.py:161} INFO - Started process (PID=2489) to work on /opt/airflow/dags/mfg_dbt_transform_dag.py
[2025-12-16T23:54:50.845+0000] {processor.py:830} INFO - Processing file /opt/airflow/dags/mfg_dbt_transform_dag.py for tasks to queue
[2025-12-16T23:54:50.848+0000] {logging_mixin.py:188} INFO - [2025-12-16T23:54:50.847+0000] {dagbag.py:540} INFO - Filling up the DagBag from /opt/airflow/dags/mfg_dbt_transform_dag.py
[2025-12-16T23:54:50.884+0000] {processor.py:840} INFO - DAG(s) 'mfg_dbt_transform_dag' retrieved from /opt/airflow/dags/mfg_dbt_transform_dag.py
[2025-12-16T23:54:50.923+0000] {logging_mixin.py:188} INFO - [2025-12-16T23:54:50.922+0000] {dag.py:3096} INFO - Sync 1 DAGs
[2025-12-16T23:54:50.989+0000] {logging_mixin.py:188} INFO - [2025-12-16T23:54:50.988+0000] {dag.py:3954} INFO - Setting next_dagrun for mfg_dbt_transform_dag to 2025-12-16 04:15:00+00:00, run_after=2025-12-17 04:15:00+00:00
[2025-12-16T23:54:51.020+0000] {processor.py:183} INFO - Processing /opt/airflow/dags/mfg_dbt_transform_dag.py took 0.185 seconds
[2025-12-16T23:55:21.100+0000] {processor.py:161} INFO - Started process (PID=2511) to work on /opt/airflow/dags/mfg_dbt_transform_dag.py
[2025-12-16T23:55:21.101+0000] {processor.py:830} INFO - Processing file /opt/airflow/dags/mfg_dbt_transform_dag.py for tasks to queue
[2025-12-16T23:55:21.103+0000] {logging_mixin.py:188} INFO - [2025-12-16T23:55:21.103+0000] {dagbag.py:540} INFO - Filling up the DagBag from /opt/airflow/dags/mfg_dbt_transform_dag.py
[2025-12-16T23:55:21.134+0000] {processor.py:840} INFO - DAG(s) 'mfg_dbt_transform_dag' retrieved from /opt/airflow/dags/mfg_dbt_transform_dag.py
[2025-12-16T23:55:21.167+0000] {logging_mixin.py:188} INFO - [2025-12-16T23:55:21.166+0000] {dag.py:3096} INFO - Sync 1 DAGs
[2025-12-16T23:55:21.194+0000] {logging_mixin.py:188} INFO - [2025-12-16T23:55:21.194+0000] {dag.py:3954} INFO - Setting next_dagrun for mfg_dbt_transform_dag to 2025-12-16 04:15:00+00:00, run_after=2025-12-17 04:15:00+00:00
[2025-12-16T23:55:21.220+0000] {processor.py:183} INFO - Processing /opt/airflow/dags/mfg_dbt_transform_dag.py took 0.127 seconds
