[2025-12-17T10:17:21.428+0000] {local_task_job_runner.py:120} INFO - ::group::Pre task execution logs
[2025-12-17T10:17:21.557+0000] {taskinstance.py:2073} INFO - Dependencies all met for dep_context=non-requeueable deps ti=<TaskInstance: mfg_raw_ingestion_dag.ingest_raw_to_snowflake manual__2025-12-17T10:17:20.551265+00:00 [queued]>
[2025-12-17T10:17:21.569+0000] {taskinstance.py:2073} INFO - Dependencies all met for dep_context=requeueable deps ti=<TaskInstance: mfg_raw_ingestion_dag.ingest_raw_to_snowflake manual__2025-12-17T10:17:20.551265+00:00 [queued]>
[2025-12-17T10:17:21.571+0000] {taskinstance.py:2303} INFO - Starting attempt 1 of 3
[2025-12-17T10:17:21.590+0000] {taskinstance.py:2327} INFO - Executing <Task(BashOperator): ingest_raw_to_snowflake> on 2025-12-17 10:17:20.551265+00:00
[2025-12-17T10:17:21.598+0000] {standard_task_runner.py:90} INFO - Running: ['***', 'tasks', 'run', 'mfg_raw_ingestion_dag', 'ingest_raw_to_snowflake', 'manual__2025-12-17T10:17:20.551265+00:00', '--job-id', '24', '--raw', '--subdir', 'DAGS_FOLDER/mfg_raw_ingestion_dag.py', '--cfg-path', '/tmp/tmppisz4uym']
[2025-12-17T10:17:21.603+0000] {standard_task_runner.py:91} INFO - Job 24: Subtask ingest_raw_to_snowflake
[2025-12-17T10:17:21.602+0000] {logging_mixin.py:188} WARNING - /home/***/.local/lib/python3.12/site-packages/***/task/task_runner/standard_task_runner.py:61 DeprecationWarning: This process (pid=211) is multi-threaded, use of fork() may lead to deadlocks in the child.
[2025-12-17T10:17:21.605+0000] {standard_task_runner.py:63} INFO - Started process 212 to run task
[2025-12-17T10:17:21.687+0000] {task_command.py:426} INFO - Running <TaskInstance: mfg_raw_ingestion_dag.ingest_raw_to_snowflake manual__2025-12-17T10:17:20.551265+00:00 [running]> on host d97aa9fd61c4
[2025-12-17T10:17:21.828+0000] {taskinstance.py:2644} INFO - Exporting env vars: AIRFLOW_CTX_DAG_OWNER='data-eng' AIRFLOW_CTX_DAG_ID='mfg_raw_ingestion_dag' AIRFLOW_CTX_TASK_ID='ingest_raw_to_snowflake' AIRFLOW_CTX_EXECUTION_DATE='2025-12-17T10:17:20.551265+00:00' AIRFLOW_CTX_TRY_NUMBER='1' AIRFLOW_CTX_DAG_RUN_ID='manual__2025-12-17T10:17:20.551265+00:00'
[2025-12-17T10:17:21.829+0000] {taskinstance.py:430} INFO - ::endgroup::
[2025-12-17T10:17:21.855+0000] {subprocess.py:63} INFO - Tmp dir root location: /tmp
[2025-12-17T10:17:21.858+0000] {subprocess.py:75} INFO - Running command: ['/usr/bin/bash', '-c', 'python /opt/***/ingestion/python/load_raw_to_snowflake.py']
[2025-12-17T10:17:21.867+0000] {subprocess.py:86} INFO - Output:
[2025-12-17T10:17:24.046+0000] {subprocess.py:93} INFO - [INFO] 2025-12-17 10:17:24 - No .env at project root; assuming env vars are injected (Docker/Airflow).
[2025-12-17T10:17:24.051+0000] {subprocess.py:93} INFO - [INFO] 2025-12-17 10:17:24 - Starting run-aware load. load_id=mfg_raw_ingestion_dag::manual__2025-12-17T10:17:20.551265+00:00 dag_id=mfg_raw_ingestion_dag run_id=manual__2025-12-17T10:17:20.551265+00:00 task_id=ingest_raw_to_snowflake
[2025-12-17T10:17:24.053+0000] {subprocess.py:93} INFO - [INFO] 2025-12-17 10:17:24 - Using data directory: /opt/***/data/raw/source_system
[2025-12-17T10:17:24.054+0000] {subprocess.py:93} INFO - [INFO] 2025-12-17 10:17:24 - Connecting to Snowflake...
[2025-12-17T10:17:31.373+0000] {subprocess.py:93} INFO - [INFO] 2025-12-17 10:17:31 - Read 500 rows from materials.csv
[2025-12-17T10:17:31.398+0000] {subprocess.py:93} INFO - [INFO] 2025-12-17 10:17:31 - Read 10,000 rows from batches.csv
[2025-12-17T10:17:31.432+0000] {subprocess.py:93} INFO - [INFO] 2025-12-17 10:17:31 - Read 10,000 rows from production_orders.csv
[2025-12-17T10:17:31.433+0000] {subprocess.py:93} INFO - [INFO] 2025-12-17 10:17:31 - [MATERIALS_RUN] Deleting previous slice for load_id (retry-safe)...
[2025-12-17T10:17:32.482+0000] {subprocess.py:93} INFO - [INFO] 2025-12-17 10:17:32 - [MATERIALS_RUN] Loading 500 rows from materials.csv ...
[2025-12-17T10:17:35.988+0000] {subprocess.py:93} INFO - [INFO] 2025-12-17 10:17:35 - [MATERIALS_RUN] write_pandas success=True rows_loaded=500 chunks=1
[2025-12-17T10:17:36.584+0000] {subprocess.py:93} INFO - [INFO] 2025-12-17 10:17:36 - [BATCHES_RUN] Deleting previous slice for load_id (retry-safe)...
[2025-12-17T10:17:37.150+0000] {subprocess.py:93} INFO - [INFO] 2025-12-17 10:17:37 - [BATCHES_RUN] Loading 10,000 rows from batches.csv ...
[2025-12-17T10:17:40.674+0000] {subprocess.py:93} INFO - [INFO] 2025-12-17 10:17:40 - [BATCHES_RUN] write_pandas success=True rows_loaded=10,000 chunks=1
[2025-12-17T10:17:41.240+0000] {subprocess.py:93} INFO - [INFO] 2025-12-17 10:17:41 - [PRODUCTION_ORDERS_RUN] Deleting previous slice for load_id (retry-safe)...
[2025-12-17T10:17:41.744+0000] {subprocess.py:93} INFO - [INFO] 2025-12-17 10:17:41 - [PRODUCTION_ORDERS_RUN] Loading 10,000 rows from production_orders.csv ...
[2025-12-17T10:17:45.257+0000] {subprocess.py:93} INFO - [INFO] 2025-12-17 10:17:45 - [PRODUCTION_ORDERS_RUN] write_pandas success=True rows_loaded=10,000 chunks=1
[2025-12-17T10:17:50.191+0000] {subprocess.py:93} INFO - [INFO] 2025-12-17 10:17:50 - Run-aware load committed successfully. load_id=mfg_raw_ingestion_dag::manual__2025-12-17T10:17:20.551265+00:00
[2025-12-17T10:17:50.794+0000] {subprocess.py:97} INFO - Command exited with return code 0
[2025-12-17T10:17:50.795+0000] {taskinstance.py:441} INFO - ::group::Post task execution logs
[2025-12-17T10:17:50.829+0000] {taskinstance.py:1205} INFO - Marking task as SUCCESS. dag_id=mfg_raw_ingestion_dag, task_id=ingest_raw_to_snowflake, execution_date=20251217T101720, start_date=20251217T101721, end_date=20251217T101750
[2025-12-17T10:17:50.874+0000] {local_task_job_runner.py:240} INFO - Task exited with return code 0
[2025-12-17T10:17:50.900+0000] {taskinstance.py:3482} INFO - 1 downstream tasks scheduled from follow-on schedule check
[2025-12-17T10:17:50.906+0000] {local_task_job_runner.py:222} INFO - ::endgroup::
