[2025-12-13T12:53:44.746+0000] {local_task_job_runner.py:120} INFO - ::group::Pre task execution logs
[2025-12-13T12:53:44.785+0000] {taskinstance.py:2073} INFO - Dependencies all met for dep_context=non-requeueable deps ti=<TaskInstance: mfg_data_quality_monitoring_dag.dq_check_duplicates_batches scheduled__2025-12-12T06:00:00+00:00 [queued]>
[2025-12-13T12:53:44.795+0000] {taskinstance.py:2073} INFO - Dependencies all met for dep_context=requeueable deps ti=<TaskInstance: mfg_data_quality_monitoring_dag.dq_check_duplicates_batches scheduled__2025-12-12T06:00:00+00:00 [queued]>
[2025-12-13T12:53:44.796+0000] {taskinstance.py:2303} INFO - Starting attempt 1 of 2
[2025-12-13T12:53:44.812+0000] {taskinstance.py:2327} INFO - Executing <Task(PythonOperator): dq_check_duplicates_batches> on 2025-12-12 06:00:00+00:00
[2025-12-13T12:53:44.823+0000] {standard_task_runner.py:90} INFO - Running: ['***', 'tasks', 'run', 'mfg_data_quality_monitoring_dag', 'dq_check_duplicates_batches', 'scheduled__2025-12-12T06:00:00+00:00', '--job-id', '33', '--raw', '--subdir', 'DAGS_FOLDER/mfg_data_quality_monitoring_dag.py', '--cfg-path', '/tmp/tmpe8jazfuy']
[2025-12-13T12:53:44.826+0000] {logging_mixin.py:188} WARNING - /home/***/.local/lib/python3.12/site-packages/***/task/task_runner/standard_task_runner.py:61 DeprecationWarning: This process (pid=3171) is multi-threaded, use of fork() may lead to deadlocks in the child.
[2025-12-13T12:53:44.827+0000] {standard_task_runner.py:91} INFO - Job 33: Subtask dq_check_duplicates_batches
[2025-12-13T12:53:44.828+0000] {standard_task_runner.py:63} INFO - Started process 3174 to run task
[2025-12-13T12:53:44.893+0000] {task_command.py:426} INFO - Running <TaskInstance: mfg_data_quality_monitoring_dag.dq_check_duplicates_batches scheduled__2025-12-12T06:00:00+00:00 [running]> on host 1159f6c9764f
[2025-12-13T12:53:45.026+0000] {taskinstance.py:2644} INFO - Exporting env vars: AIRFLOW_CTX_DAG_OWNER='data-platform' AIRFLOW_CTX_DAG_ID='mfg_data_quality_monitoring_dag' AIRFLOW_CTX_TASK_ID='dq_check_duplicates_batches' AIRFLOW_CTX_EXECUTION_DATE='2025-12-12T06:00:00+00:00' AIRFLOW_CTX_TRY_NUMBER='1' AIRFLOW_CTX_DAG_RUN_ID='scheduled__2025-12-12T06:00:00+00:00'
[2025-12-13T12:53:45.028+0000] {taskinstance.py:430} INFO - ::endgroup::
[2025-12-13T12:53:45.071+0000] {connection.py:521} INFO - Snowflake Connector for Python Version: 3.18.0, Python Version: 3.12.2, Platform: Linux-6.6.87.2-microsoft-standard-WSL2-x86_64-with-glibc2.36
[2025-12-13T12:53:45.081+0000] {connection.py:1464} INFO - Connecting to GLOBAL Snowflake domain
[2025-12-13T12:53:49.330+0000] {python.py:237} INFO - Done. Returned value was: None
[2025-12-13T12:53:49.332+0000] {taskinstance.py:441} INFO - ::group::Post task execution logs
[2025-12-13T12:53:49.348+0000] {taskinstance.py:1205} INFO - Marking task as SUCCESS. dag_id=mfg_data_quality_monitoring_dag, task_id=dq_check_duplicates_batches, execution_date=20251212T060000, start_date=20251213T125344, end_date=20251213T125349
[2025-12-13T12:53:49.403+0000] {local_task_job_runner.py:240} INFO - Task exited with return code 0
[2025-12-13T12:53:49.437+0000] {taskinstance.py:3482} INFO - 1 downstream tasks scheduled from follow-on schedule check
[2025-12-13T12:53:49.441+0000] {local_task_job_runner.py:222} INFO - ::endgroup::
[2025-12-13T13:56:29.402+0000] {local_task_job_runner.py:120} INFO - ::group::Pre task execution logs
[2025-12-13T13:56:29.429+0000] {taskinstance.py:2073} INFO - Dependencies all met for dep_context=non-requeueable deps ti=<TaskInstance: mfg_data_quality_monitoring_dag.dq_check_duplicates_batches scheduled__2025-12-12T06:00:00+00:00 [queued]>
[2025-12-13T13:56:29.438+0000] {taskinstance.py:2073} INFO - Dependencies all met for dep_context=requeueable deps ti=<TaskInstance: mfg_data_quality_monitoring_dag.dq_check_duplicates_batches scheduled__2025-12-12T06:00:00+00:00 [queued]>
[2025-12-13T13:56:29.438+0000] {taskinstance.py:2303} INFO - Starting attempt 1 of 2
[2025-12-13T13:56:29.452+0000] {taskinstance.py:2327} INFO - Executing <Task(PythonOperator): dq_check_duplicates_batches> on 2025-12-12 06:00:00+00:00
[2025-12-13T13:56:29.464+0000] {logging_mixin.py:188} WARNING - /home/***/.local/lib/python3.12/site-packages/***/task/task_runner/standard_task_runner.py:61 DeprecationWarning: This process (pid=5726) is multi-threaded, use of fork() may lead to deadlocks in the child.
[2025-12-13T13:56:29.463+0000] {standard_task_runner.py:90} INFO - Running: ['***', 'tasks', 'run', 'mfg_data_quality_monitoring_dag', 'dq_check_duplicates_batches', 'scheduled__2025-12-12T06:00:00+00:00', '--job-id', '54', '--raw', '--subdir', 'DAGS_FOLDER/mfg_data_quality_monitoring_dag.py', '--cfg-path', '/tmp/tmpje1aihnd']
[2025-12-13T13:56:29.466+0000] {standard_task_runner.py:63} INFO - Started process 5734 to run task
[2025-12-13T13:56:29.466+0000] {standard_task_runner.py:91} INFO - Job 54: Subtask dq_check_duplicates_batches
[2025-12-13T13:56:29.530+0000] {task_command.py:426} INFO - Running <TaskInstance: mfg_data_quality_monitoring_dag.dq_check_duplicates_batches scheduled__2025-12-12T06:00:00+00:00 [running]> on host 1159f6c9764f
[2025-12-13T13:56:29.631+0000] {taskinstance.py:2644} INFO - Exporting env vars: AIRFLOW_CTX_DAG_OWNER='data-platform' AIRFLOW_CTX_DAG_ID='mfg_data_quality_monitoring_dag' AIRFLOW_CTX_TASK_ID='dq_check_duplicates_batches' AIRFLOW_CTX_EXECUTION_DATE='2025-12-12T06:00:00+00:00' AIRFLOW_CTX_TRY_NUMBER='1' AIRFLOW_CTX_DAG_RUN_ID='scheduled__2025-12-12T06:00:00+00:00'
[2025-12-13T13:56:29.633+0000] {taskinstance.py:430} INFO - ::endgroup::
[2025-12-13T13:56:29.648+0000] {connection.py:521} INFO - Snowflake Connector for Python Version: 3.18.0, Python Version: 3.12.2, Platform: Linux-6.6.87.2-microsoft-standard-WSL2-x86_64-with-glibc2.36
[2025-12-13T13:56:29.650+0000] {connection.py:1464} INFO - Connecting to GLOBAL Snowflake domain
[2025-12-13T13:56:32.365+0000] {python.py:237} INFO - Done. Returned value was: None
[2025-12-13T13:56:32.367+0000] {taskinstance.py:441} INFO - ::group::Post task execution logs
[2025-12-13T13:56:32.378+0000] {taskinstance.py:1205} INFO - Marking task as SUCCESS. dag_id=mfg_data_quality_monitoring_dag, task_id=dq_check_duplicates_batches, execution_date=20251212T060000, start_date=20251213T135629, end_date=20251213T135632
[2025-12-13T13:56:32.422+0000] {local_task_job_runner.py:240} INFO - Task exited with return code 0
[2025-12-13T13:56:32.449+0000] {taskinstance.py:3482} INFO - 1 downstream tasks scheduled from follow-on schedule check
[2025-12-13T13:56:32.454+0000] {local_task_job_runner.py:222} INFO - ::endgroup::
[2025-12-13T14:19:26.710+0000] {local_task_job_runner.py:120} INFO - ::group::Pre task execution logs
[2025-12-13T14:19:26.759+0000] {taskinstance.py:2073} INFO - Dependencies all met for dep_context=non-requeueable deps ti=<TaskInstance: mfg_data_quality_monitoring_dag.dq_check_duplicates_batches scheduled__2025-12-12T06:00:00+00:00 [queued]>
[2025-12-13T14:19:26.771+0000] {taskinstance.py:2073} INFO - Dependencies all met for dep_context=requeueable deps ti=<TaskInstance: mfg_data_quality_monitoring_dag.dq_check_duplicates_batches scheduled__2025-12-12T06:00:00+00:00 [queued]>
[2025-12-13T14:19:26.773+0000] {taskinstance.py:2303} INFO - Starting attempt 1 of 2
[2025-12-13T14:19:26.796+0000] {taskinstance.py:2327} INFO - Executing <Task(PythonOperator): dq_check_duplicates_batches> on 2025-12-12 06:00:00+00:00
[2025-12-13T14:19:26.809+0000] {standard_task_runner.py:90} INFO - Running: ['***', 'tasks', 'run', 'mfg_data_quality_monitoring_dag', 'dq_check_duplicates_batches', 'scheduled__2025-12-12T06:00:00+00:00', '--job-id', '4', '--raw', '--subdir', 'DAGS_FOLDER/mfg_data_quality_monitoring_dag.py', '--cfg-path', '/tmp/tmpu73cpw58']
[2025-12-13T14:19:26.816+0000] {standard_task_runner.py:91} INFO - Job 4: Subtask dq_check_duplicates_batches
[2025-12-13T14:19:26.817+0000] {logging_mixin.py:188} WARNING - /home/***/.local/lib/python3.12/site-packages/***/task/task_runner/standard_task_runner.py:61 DeprecationWarning: This process (pid=333) is multi-threaded, use of fork() may lead to deadlocks in the child.
[2025-12-13T14:19:26.819+0000] {standard_task_runner.py:63} INFO - Started process 339 to run task
[2025-12-13T14:19:26.892+0000] {task_command.py:426} INFO - Running <TaskInstance: mfg_data_quality_monitoring_dag.dq_check_duplicates_batches scheduled__2025-12-12T06:00:00+00:00 [running]> on host 2836efb3fb45
[2025-12-13T14:19:27.005+0000] {taskinstance.py:2644} INFO - Exporting env vars: AIRFLOW_CTX_DAG_OWNER='data-platform' AIRFLOW_CTX_DAG_ID='mfg_data_quality_monitoring_dag' AIRFLOW_CTX_TASK_ID='dq_check_duplicates_batches' AIRFLOW_CTX_EXECUTION_DATE='2025-12-12T06:00:00+00:00' AIRFLOW_CTX_TRY_NUMBER='1' AIRFLOW_CTX_DAG_RUN_ID='scheduled__2025-12-12T06:00:00+00:00'
[2025-12-13T14:19:27.006+0000] {taskinstance.py:430} INFO - ::endgroup::
[2025-12-13T14:19:27.023+0000] {connection.py:521} INFO - Snowflake Connector for Python Version: 3.18.0, Python Version: 3.12.2, Platform: Linux-6.6.87.2-microsoft-standard-WSL2-x86_64-with-glibc2.36
[2025-12-13T14:19:27.024+0000] {connection.py:1464} INFO - Connecting to GLOBAL Snowflake domain
[2025-12-13T14:19:30.243+0000] {taskinstance.py:441} INFO - ::group::Post task execution logs
[2025-12-13T14:19:30.245+0000] {taskinstance.py:2890} ERROR - Task failed with exception
Traceback (most recent call last):
  File "/home/airflow/.local/lib/python3.12/site-packages/airflow/models/taskinstance.py", line 460, in _execute_task
    result = _execute_callable(context=context, **execute_callable_kwargs)
             ^^^^^^^^^^^^^^^^^^^^^^^^^^^^^^^^^^^^^^^^^^^^^^^^^^^^^^^^^^^^^
  File "/home/airflow/.local/lib/python3.12/site-packages/airflow/models/taskinstance.py", line 432, in _execute_callable
    return execute_callable(context=context, **execute_callable_kwargs)
           ^^^^^^^^^^^^^^^^^^^^^^^^^^^^^^^^^^^^^^^^^^^^^^^^^^^^^^^^^^^^
  File "/home/airflow/.local/lib/python3.12/site-packages/airflow/models/baseoperator.py", line 400, in wrapper
    return func(self, *args, **kwargs)
           ^^^^^^^^^^^^^^^^^^^^^^^^^^^
  File "/home/airflow/.local/lib/python3.12/site-packages/airflow/operators/python.py", line 235, in execute
    return_value = self.execute_callable()
                   ^^^^^^^^^^^^^^^^^^^^^^^
  File "/home/airflow/.local/lib/python3.12/site-packages/airflow/operators/python.py", line 252, in execute_callable
    return self.python_callable(*self.op_args, **self.op_kwargs)
           ^^^^^^^^^^^^^^^^^^^^^^^^^^^^^^^^^^^^^^^^^^^^^^^^^^^^^
  File "/opt/airflow/dags/mfg_data_quality_monitoring_dag.py", line 138, in dq_check_duplicates_batches
    context["ti"].xcom_push(key="dupe_check", value=result)
  File "/home/airflow/.local/lib/python3.12/site-packages/airflow/utils/session.py", line 79, in wrapper
    return func(*args, session=session, **kwargs)
           ^^^^^^^^^^^^^^^^^^^^^^^^^^^^^^^^^^^^^^
  File "/home/airflow/.local/lib/python3.12/site-packages/airflow/models/taskinstance.py", line 3182, in xcom_push
    XCom.set(
  File "/home/airflow/.local/lib/python3.12/site-packages/airflow/utils/session.py", line 76, in wrapper
    return func(*args, **kwargs)
           ^^^^^^^^^^^^^^^^^^^^^
  File "/home/airflow/.local/lib/python3.12/site-packages/airflow/models/xcom.py", line 224, in set
    raise ValueError(f"DAG run not found on DAG {dag_id!r} with ID {run_id!r}")
ValueError: DAG run not found on DAG 'mfg_data_quality_monitoring_dag' with ID 'scheduled__2025-12-12T06:00:00+00:00'
[2025-12-13T14:19:30.266+0000] {taskinstance.py:1205} INFO - Marking task as FAILED. dag_id=mfg_data_quality_monitoring_dag, task_id=dq_check_duplicates_batches, execution_date=20251212T060000, start_date=20251213T141926, end_date=20251213T141930
[2025-12-13T14:19:30.288+0000] {standard_task_runner.py:110} ERROR - Failed to execute job 4 for task dq_check_duplicates_batches ((psycopg2.errors.ForeignKeyViolation) insert or update on table "task_fail" violates foreign key constraint "task_fail_ti_fkey"
DETAIL:  Key (dag_id, task_id, run_id, map_index)=(mfg_data_quality_monitoring_dag, dq_check_duplicates_batches, scheduled__2025-12-12T06:00:00+00:00, -1) is not present in table "task_instance".

[SQL: INSERT INTO task_fail (task_id, dag_id, run_id, map_index, start_date, end_date, duration) VALUES (%(task_id)s, %(dag_id)s, %(run_id)s, %(map_index)s, %(start_date)s, %(end_date)s, %(duration)s) RETURNING task_fail.id]
[parameters: {'task_id': 'dq_check_duplicates_batches', 'dag_id': 'mfg_data_quality_monitoring_dag', 'run_id': 'scheduled__2025-12-12T06:00:00+00:00', 'map_index': -1, 'start_date': datetime.datetime(2025, 12, 13, 14, 19, 26, 760156, tzinfo=Timezone('UTC')), 'end_date': datetime.datetime(2025, 12, 13, 14, 19, 30, 265720, tzinfo=Timezone('UTC')), 'duration': 3}]
(Background on this error at: https://sqlalche.me/e/14/gkpj); 339)
[2025-12-13T14:19:30.346+0000] {local_task_job_runner.py:240} INFO - Task exited with return code 1
[2025-12-13T14:19:30.360+0000] {local_task_job_runner.py:222} INFO - ::endgroup::
[2025-12-13T14:19:48.618+0000] {local_task_job_runner.py:120} INFO - ::group::Pre task execution logs
[2025-12-13T14:19:48.645+0000] {taskinstance.py:2073} INFO - Dependencies all met for dep_context=non-requeueable deps ti=<TaskInstance: mfg_data_quality_monitoring_dag.dq_check_duplicates_batches scheduled__2025-12-12T06:00:00+00:00 [queued]>
[2025-12-13T14:19:48.652+0000] {taskinstance.py:2073} INFO - Dependencies all met for dep_context=requeueable deps ti=<TaskInstance: mfg_data_quality_monitoring_dag.dq_check_duplicates_batches scheduled__2025-12-12T06:00:00+00:00 [queued]>
[2025-12-13T14:19:48.653+0000] {taskinstance.py:2303} INFO - Starting attempt 1 of 2
[2025-12-13T14:19:48.666+0000] {taskinstance.py:2327} INFO - Executing <Task(PythonOperator): dq_check_duplicates_batches> on 2025-12-12 06:00:00+00:00
[2025-12-13T14:19:48.675+0000] {standard_task_runner.py:90} INFO - Running: ['***', 'tasks', 'run', 'mfg_data_quality_monitoring_dag', 'dq_check_duplicates_batches', 'scheduled__2025-12-12T06:00:00+00:00', '--job-id', '9', '--raw', '--subdir', 'DAGS_FOLDER/mfg_data_quality_monitoring_dag.py', '--cfg-path', '/tmp/tmpxdi4uesw']
[2025-12-13T14:19:48.678+0000] {logging_mixin.py:188} WARNING - /home/***/.local/lib/python3.12/site-packages/***/task/task_runner/standard_task_runner.py:61 DeprecationWarning: This process (pid=399) is multi-threaded, use of fork() may lead to deadlocks in the child.
[2025-12-13T14:19:48.678+0000] {standard_task_runner.py:91} INFO - Job 9: Subtask dq_check_duplicates_batches
[2025-12-13T14:19:48.679+0000] {standard_task_runner.py:63} INFO - Started process 402 to run task
[2025-12-13T14:19:48.730+0000] {task_command.py:426} INFO - Running <TaskInstance: mfg_data_quality_monitoring_dag.dq_check_duplicates_batches scheduled__2025-12-12T06:00:00+00:00 [running]> on host 2836efb3fb45
[2025-12-13T14:19:48.831+0000] {taskinstance.py:2644} INFO - Exporting env vars: AIRFLOW_CTX_DAG_OWNER='data-platform' AIRFLOW_CTX_DAG_ID='mfg_data_quality_monitoring_dag' AIRFLOW_CTX_TASK_ID='dq_check_duplicates_batches' AIRFLOW_CTX_EXECUTION_DATE='2025-12-12T06:00:00+00:00' AIRFLOW_CTX_TRY_NUMBER='1' AIRFLOW_CTX_DAG_RUN_ID='scheduled__2025-12-12T06:00:00+00:00'
[2025-12-13T14:19:48.832+0000] {taskinstance.py:430} INFO - ::endgroup::
[2025-12-13T14:19:48.849+0000] {connection.py:521} INFO - Snowflake Connector for Python Version: 3.18.0, Python Version: 3.12.2, Platform: Linux-6.6.87.2-microsoft-standard-WSL2-x86_64-with-glibc2.36
[2025-12-13T14:19:48.851+0000] {connection.py:1464} INFO - Connecting to GLOBAL Snowflake domain
[2025-12-13T14:19:51.581+0000] {python.py:237} INFO - Done. Returned value was: None
[2025-12-13T14:19:51.582+0000] {taskinstance.py:441} INFO - ::group::Post task execution logs
[2025-12-13T14:19:51.591+0000] {taskinstance.py:1205} INFO - Marking task as SUCCESS. dag_id=mfg_data_quality_monitoring_dag, task_id=dq_check_duplicates_batches, execution_date=20251212T060000, start_date=20251213T141948, end_date=20251213T141951
[2025-12-13T14:19:51.637+0000] {local_task_job_runner.py:240} INFO - Task exited with return code 0
[2025-12-13T14:19:51.659+0000] {taskinstance.py:3482} INFO - 1 downstream tasks scheduled from follow-on schedule check
[2025-12-13T14:19:51.663+0000] {local_task_job_runner.py:222} INFO - ::endgroup::
