[2025-12-17T07:17:14.159+0000] {local_task_job_runner.py:120} INFO - ::group::Pre task execution logs
[2025-12-17T07:17:14.195+0000] {taskinstance.py:2073} INFO - Dependencies all met for dep_context=non-requeueable deps ti=<TaskInstance: mfg_raw_ingestion_dag.ingest_raw_to_snowflake scheduled__2025-12-16T04:00:00+00:00 [queued]>
[2025-12-17T07:17:14.205+0000] {taskinstance.py:2073} INFO - Dependencies all met for dep_context=requeueable deps ti=<TaskInstance: mfg_raw_ingestion_dag.ingest_raw_to_snowflake scheduled__2025-12-16T04:00:00+00:00 [queued]>
[2025-12-17T07:17:14.206+0000] {taskinstance.py:2303} INFO - Starting attempt 3 of 3
[2025-12-17T07:17:14.230+0000] {taskinstance.py:2327} INFO - Executing <Task(BashOperator): ingest_raw_to_snowflake> on 2025-12-16 04:00:00+00:00
[2025-12-17T07:17:14.245+0000] {logging_mixin.py:188} WARNING - /home/***/.local/lib/python3.12/site-packages/***/task/task_runner/standard_task_runner.py:61 DeprecationWarning: This process (pid=3164) is multi-threaded, use of fork() may lead to deadlocks in the child.
[2025-12-17T07:17:14.244+0000] {standard_task_runner.py:90} INFO - Running: ['***', 'tasks', 'run', 'mfg_raw_ingestion_dag', 'ingest_raw_to_snowflake', 'scheduled__2025-12-16T04:00:00+00:00', '--job-id', '39', '--raw', '--subdir', 'DAGS_FOLDER/mfg_raw_ingestion_dag.py', '--cfg-path', '/tmp/tmpoatt1jfz']
[2025-12-17T07:17:14.247+0000] {standard_task_runner.py:63} INFO - Started process 3165 to run task
[2025-12-17T07:17:14.247+0000] {standard_task_runner.py:91} INFO - Job 39: Subtask ingest_raw_to_snowflake
[2025-12-17T07:17:14.314+0000] {task_command.py:426} INFO - Running <TaskInstance: mfg_raw_ingestion_dag.ingest_raw_to_snowflake scheduled__2025-12-16T04:00:00+00:00 [running]> on host f349782282f8
[2025-12-17T07:17:14.426+0000] {taskinstance.py:2644} INFO - Exporting env vars: AIRFLOW_CTX_DAG_OWNER='data-engineering' AIRFLOW_CTX_DAG_ID='mfg_raw_ingestion_dag' AIRFLOW_CTX_TASK_ID='ingest_raw_to_snowflake' AIRFLOW_CTX_EXECUTION_DATE='2025-12-16T04:00:00+00:00' AIRFLOW_CTX_TRY_NUMBER='3' AIRFLOW_CTX_DAG_RUN_ID='scheduled__2025-12-16T04:00:00+00:00'
[2025-12-17T07:17:14.427+0000] {taskinstance.py:430} INFO - ::endgroup::
[2025-12-17T07:17:14.452+0000] {subprocess.py:63} INFO - Tmp dir root location: /tmp
[2025-12-17T07:17:14.454+0000] {subprocess.py:75} INFO - Running command: ['/usr/bin/bash', '-c', 'python /opt/***/ingestion/python/load_raw_to_snowflake.py']
[2025-12-17T07:17:14.468+0000] {subprocess.py:86} INFO - Output:
[2025-12-17T07:17:16.723+0000] {subprocess.py:93} INFO - [INFO] 2025-12-17 07:17:16 - Environment variables loaded from /opt/***/.env
[2025-12-17T07:17:16.724+0000] {subprocess.py:93} INFO - [INFO] 2025-12-17 07:17:16 - Connecting to Snowflake...
[2025-12-17T07:17:18.068+0000] {subprocess.py:93} INFO - [INFO] 2025-12-17 07:17:18 - Snowflake connection established.
[2025-12-17T07:17:18.076+0000] {subprocess.py:93} INFO - [INFO] 2025-12-17 07:17:18 - Using data directory: /opt/***/data/raw/source_system
[2025-12-17T07:17:18.076+0000] {subprocess.py:93} INFO - [INFO] 2025-12-17 07:17:18 - Ensuring RAW tables exist...
[2025-12-17T07:17:18.474+0000] {subprocess.py:93} INFO - [INFO] 2025-12-17 07:17:18 - Closing Snowflake cursor and connection...
[2025-12-17T07:17:18.903+0000] {subprocess.py:93} INFO - [INFO] 2025-12-17 07:17:18 - Snowflake connection closed.
[2025-12-17T07:17:18.903+0000] {subprocess.py:93} INFO - Traceback (most recent call last):
[2025-12-17T07:17:18.904+0000] {subprocess.py:93} INFO -   File "/opt/***/ingestion/python/load_raw_to_snowflake.py", line 400, in <module>
[2025-12-17T07:17:18.909+0000] {subprocess.py:93} INFO -     main()
[2025-12-17T07:17:18.910+0000] {subprocess.py:93} INFO -   File "/opt/***/ingestion/python/load_raw_to_snowflake.py", line 340, in main
[2025-12-17T07:17:18.915+0000] {subprocess.py:93} INFO -     create_raw_tables(cursor)
[2025-12-17T07:17:18.916+0000] {subprocess.py:93} INFO -   File "/opt/***/ingestion/python/load_raw_to_snowflake.py", line 113, in create_raw_tables
[2025-12-17T07:17:18.919+0000] {subprocess.py:93} INFO -     cursor.execute(
[2025-12-17T07:17:18.920+0000] {subprocess.py:93} INFO -   File "/home/***/.local/lib/python3.12/site-packages/snowflake/connector/cursor.py", line 1134, in execute
[2025-12-17T07:17:18.921+0000] {subprocess.py:93} INFO -     Error.errorhandler_wrapper(self.connection, self, error_class, errvalue)
[2025-12-17T07:17:18.921+0000] {subprocess.py:93} INFO -   File "/home/***/.local/lib/python3.12/site-packages/snowflake/connector/errors.py", line 286, in errorhandler_wrapper
[2025-12-17T07:17:18.922+0000] {subprocess.py:93} INFO -     handed_over = Error.hand_to_other_handler(
[2025-12-17T07:17:18.923+0000] {subprocess.py:93} INFO -                   ^^^^^^^^^^^^^^^^^^^^^^^^^^^^
[2025-12-17T07:17:18.923+0000] {subprocess.py:93} INFO -   File "/home/***/.local/lib/python3.12/site-packages/snowflake/connector/errors.py", line 341, in hand_to_other_handler
[2025-12-17T07:17:18.924+0000] {subprocess.py:93} INFO -     cursor.errorhandler(connection, cursor, error_class, error_value)
[2025-12-17T07:17:18.924+0000] {subprocess.py:93} INFO -   File "/home/***/.local/lib/python3.12/site-packages/snowflake/connector/errors.py", line 217, in default_errorhandler
[2025-12-17T07:17:18.925+0000] {subprocess.py:93} INFO -     raise error_class(
[2025-12-17T07:17:18.926+0000] {subprocess.py:93} INFO - snowflake.connector.errors.ProgrammingError: 001998 (42710): SQL compilation error:
[2025-12-17T07:17:18.926+0000] {subprocess.py:93} INFO - Object 'MATERIALS' already exists as VIEW
[2025-12-17T07:17:19.070+0000] {subprocess.py:97} INFO - Command exited with return code 1
[2025-12-17T07:17:19.071+0000] {taskinstance.py:441} INFO - ::group::Post task execution logs
[2025-12-17T07:17:19.081+0000] {taskinstance.py:2890} ERROR - Task failed with exception
Traceback (most recent call last):
  File "/home/airflow/.local/lib/python3.12/site-packages/airflow/models/taskinstance.py", line 465, in _execute_task
    result = _execute_callable(context=context, **execute_callable_kwargs)
             ^^^^^^^^^^^^^^^^^^^^^^^^^^^^^^^^^^^^^^^^^^^^^^^^^^^^^^^^^^^^^
  File "/home/airflow/.local/lib/python3.12/site-packages/airflow/models/taskinstance.py", line 432, in _execute_callable
    return execute_callable(context=context, **execute_callable_kwargs)
           ^^^^^^^^^^^^^^^^^^^^^^^^^^^^^^^^^^^^^^^^^^^^^^^^^^^^^^^^^^^^
  File "/home/airflow/.local/lib/python3.12/site-packages/airflow/models/baseoperator.py", line 400, in wrapper
    return func(self, *args, **kwargs)
           ^^^^^^^^^^^^^^^^^^^^^^^^^^^
  File "/home/airflow/.local/lib/python3.12/site-packages/airflow/operators/bash.py", line 243, in execute
    raise AirflowException(
airflow.exceptions.AirflowException: Bash command failed. The command returned a non-zero exit code 1.
[2025-12-17T07:17:19.086+0000] {taskinstance.py:1205} INFO - Marking task as FAILED. dag_id=mfg_raw_ingestion_dag, task_id=ingest_raw_to_snowflake, execution_date=20251216T040000, start_date=20251217T071714, end_date=20251217T071719
[2025-12-17T07:17:19.103+0000] {standard_task_runner.py:110} ERROR - Failed to execute job 39 for task ingest_raw_to_snowflake (Bash command failed. The command returned a non-zero exit code 1.; 3165)
[2025-12-17T07:17:19.125+0000] {local_task_job_runner.py:240} INFO - Task exited with return code 1
[2025-12-17T07:17:19.147+0000] {taskinstance.py:3482} INFO - 0 downstream tasks scheduled from follow-on schedule check
[2025-12-17T07:17:19.154+0000] {local_task_job_runner.py:222} INFO - ::endgroup::
