[2025-12-17T07:12:08.865+0000] {local_task_job_runner.py:120} INFO - ::group::Pre task execution logs
[2025-12-17T07:12:08.903+0000] {taskinstance.py:2073} INFO - Dependencies all met for dep_context=non-requeueable deps ti=<TaskInstance: mfg_raw_ingestion_dag.ingest_raw_to_snowflake scheduled__2025-12-16T04:00:00+00:00 [queued]>
[2025-12-17T07:12:08.913+0000] {taskinstance.py:2073} INFO - Dependencies all met for dep_context=requeueable deps ti=<TaskInstance: mfg_raw_ingestion_dag.ingest_raw_to_snowflake scheduled__2025-12-16T04:00:00+00:00 [queued]>
[2025-12-17T07:12:08.914+0000] {taskinstance.py:2303} INFO - Starting attempt 2 of 3
[2025-12-17T07:12:08.931+0000] {taskinstance.py:2327} INFO - Executing <Task(BashOperator): ingest_raw_to_snowflake> on 2025-12-16 04:00:00+00:00
[2025-12-17T07:12:08.940+0000] {logging_mixin.py:188} WARNING - /home/***/.local/lib/python3.12/site-packages/***/task/task_runner/standard_task_runner.py:61 DeprecationWarning: This process (pid=2842) is multi-threaded, use of fork() may lead to deadlocks in the child.
[2025-12-17T07:12:08.939+0000] {standard_task_runner.py:90} INFO - Running: ['***', 'tasks', 'run', 'mfg_raw_ingestion_dag', 'ingest_raw_to_snowflake', 'scheduled__2025-12-16T04:00:00+00:00', '--job-id', '34', '--raw', '--subdir', 'DAGS_FOLDER/mfg_raw_ingestion_dag.py', '--cfg-path', '/tmp/tmpu9kaqcvf']
[2025-12-17T07:12:08.942+0000] {standard_task_runner.py:63} INFO - Started process 2851 to run task
[2025-12-17T07:12:08.943+0000] {standard_task_runner.py:91} INFO - Job 34: Subtask ingest_raw_to_snowflake
[2025-12-17T07:12:09.015+0000] {task_command.py:426} INFO - Running <TaskInstance: mfg_raw_ingestion_dag.ingest_raw_to_snowflake scheduled__2025-12-16T04:00:00+00:00 [running]> on host f349782282f8
[2025-12-17T07:12:09.117+0000] {taskinstance.py:2644} INFO - Exporting env vars: AIRFLOW_CTX_DAG_OWNER='data-engineering' AIRFLOW_CTX_DAG_ID='mfg_raw_ingestion_dag' AIRFLOW_CTX_TASK_ID='ingest_raw_to_snowflake' AIRFLOW_CTX_EXECUTION_DATE='2025-12-16T04:00:00+00:00' AIRFLOW_CTX_TRY_NUMBER='2' AIRFLOW_CTX_DAG_RUN_ID='scheduled__2025-12-16T04:00:00+00:00'
[2025-12-17T07:12:09.118+0000] {taskinstance.py:430} INFO - ::endgroup::
[2025-12-17T07:12:09.140+0000] {subprocess.py:63} INFO - Tmp dir root location: /tmp
[2025-12-17T07:12:09.141+0000] {subprocess.py:75} INFO - Running command: ['/usr/bin/bash', '-c', 'python /opt/***/ingestion/python/load_raw_to_snowflake.py']
[2025-12-17T07:12:09.152+0000] {subprocess.py:86} INFO - Output:
[2025-12-17T07:12:11.238+0000] {subprocess.py:93} INFO - [INFO] 2025-12-17 07:12:11 - Environment variables loaded from /opt/***/.env
[2025-12-17T07:12:11.239+0000] {subprocess.py:93} INFO - [INFO] 2025-12-17 07:12:11 - Connecting to Snowflake...
[2025-12-17T07:12:12.192+0000] {subprocess.py:93} INFO - [INFO] 2025-12-17 07:12:12 - Snowflake connection established.
[2025-12-17T07:12:12.199+0000] {subprocess.py:93} INFO - [INFO] 2025-12-17 07:12:12 - Using data directory: /opt/***/data/raw/source_system
[2025-12-17T07:12:12.200+0000] {subprocess.py:93} INFO - [INFO] 2025-12-17 07:12:12 - Ensuring RAW tables exist...
[2025-12-17T07:12:12.583+0000] {subprocess.py:93} INFO - [INFO] 2025-12-17 07:12:12 - Closing Snowflake cursor and connection...
[2025-12-17T07:12:13.063+0000] {subprocess.py:93} INFO - [INFO] 2025-12-17 07:12:13 - Snowflake connection closed.
[2025-12-17T07:12:13.064+0000] {subprocess.py:93} INFO - Traceback (most recent call last):
[2025-12-17T07:12:13.064+0000] {subprocess.py:93} INFO -   File "/opt/***/ingestion/python/load_raw_to_snowflake.py", line 400, in <module>
[2025-12-17T07:12:13.068+0000] {subprocess.py:93} INFO -     main()
[2025-12-17T07:12:13.069+0000] {subprocess.py:93} INFO -   File "/opt/***/ingestion/python/load_raw_to_snowflake.py", line 340, in main
[2025-12-17T07:12:13.072+0000] {subprocess.py:93} INFO -     create_raw_tables(cursor)
[2025-12-17T07:12:13.073+0000] {subprocess.py:93} INFO -   File "/opt/***/ingestion/python/load_raw_to_snowflake.py", line 113, in create_raw_tables
[2025-12-17T07:12:13.076+0000] {subprocess.py:93} INFO -     cursor.execute(
[2025-12-17T07:12:13.076+0000] {subprocess.py:93} INFO -   File "/home/***/.local/lib/python3.12/site-packages/snowflake/connector/cursor.py", line 1134, in execute
[2025-12-17T07:12:13.077+0000] {subprocess.py:93} INFO -     Error.errorhandler_wrapper(self.connection, self, error_class, errvalue)
[2025-12-17T07:12:13.077+0000] {subprocess.py:93} INFO -   File "/home/***/.local/lib/python3.12/site-packages/snowflake/connector/errors.py", line 286, in errorhandler_wrapper
[2025-12-17T07:12:13.078+0000] {subprocess.py:93} INFO -     handed_over = Error.hand_to_other_handler(
[2025-12-17T07:12:13.078+0000] {subprocess.py:93} INFO -                   ^^^^^^^^^^^^^^^^^^^^^^^^^^^^
[2025-12-17T07:12:13.079+0000] {subprocess.py:93} INFO -   File "/home/***/.local/lib/python3.12/site-packages/snowflake/connector/errors.py", line 341, in hand_to_other_handler
[2025-12-17T07:12:13.079+0000] {subprocess.py:93} INFO -     cursor.errorhandler(connection, cursor, error_class, error_value)
[2025-12-17T07:12:13.079+0000] {subprocess.py:93} INFO -   File "/home/***/.local/lib/python3.12/site-packages/snowflake/connector/errors.py", line 217, in default_errorhandler
[2025-12-17T07:12:13.080+0000] {subprocess.py:93} INFO -     raise error_class(
[2025-12-17T07:12:13.080+0000] {subprocess.py:93} INFO - snowflake.connector.errors.ProgrammingError: 001998 (42710): SQL compilation error:
[2025-12-17T07:12:13.081+0000] {subprocess.py:93} INFO - Object 'MATERIALS' already exists as VIEW
[2025-12-17T07:12:13.215+0000] {subprocess.py:97} INFO - Command exited with return code 1
[2025-12-17T07:12:13.216+0000] {taskinstance.py:441} INFO - ::group::Post task execution logs
[2025-12-17T07:12:13.228+0000] {taskinstance.py:2890} ERROR - Task failed with exception
Traceback (most recent call last):
  File "/home/airflow/.local/lib/python3.12/site-packages/airflow/models/taskinstance.py", line 465, in _execute_task
    result = _execute_callable(context=context, **execute_callable_kwargs)
             ^^^^^^^^^^^^^^^^^^^^^^^^^^^^^^^^^^^^^^^^^^^^^^^^^^^^^^^^^^^^^
  File "/home/airflow/.local/lib/python3.12/site-packages/airflow/models/taskinstance.py", line 432, in _execute_callable
    return execute_callable(context=context, **execute_callable_kwargs)
           ^^^^^^^^^^^^^^^^^^^^^^^^^^^^^^^^^^^^^^^^^^^^^^^^^^^^^^^^^^^^
  File "/home/airflow/.local/lib/python3.12/site-packages/airflow/models/baseoperator.py", line 400, in wrapper
    return func(self, *args, **kwargs)
           ^^^^^^^^^^^^^^^^^^^^^^^^^^^
  File "/home/airflow/.local/lib/python3.12/site-packages/airflow/operators/bash.py", line 243, in execute
    raise AirflowException(
airflow.exceptions.AirflowException: Bash command failed. The command returned a non-zero exit code 1.
[2025-12-17T07:12:13.234+0000] {taskinstance.py:1205} INFO - Marking task as UP_FOR_RETRY. dag_id=mfg_raw_ingestion_dag, task_id=ingest_raw_to_snowflake, execution_date=20251216T040000, start_date=20251217T071208, end_date=20251217T071213
[2025-12-17T07:12:13.253+0000] {standard_task_runner.py:110} ERROR - Failed to execute job 34 for task ingest_raw_to_snowflake (Bash command failed. The command returned a non-zero exit code 1.; 2851)
[2025-12-17T07:12:13.262+0000] {local_task_job_runner.py:240} INFO - Task exited with return code 1
[2025-12-17T07:12:13.290+0000] {taskinstance.py:3482} INFO - 0 downstream tasks scheduled from follow-on schedule check
[2025-12-17T07:12:13.295+0000] {local_task_job_runner.py:222} INFO - ::endgroup::
