[2025-12-13T13:56:22.082+0000] {local_task_job_runner.py:120} INFO - ::group::Pre task execution logs
[2025-12-13T13:56:22.110+0000] {taskinstance.py:2073} INFO - Dependencies all met for dep_context=non-requeueable deps ti=<TaskInstance: mfg_data_quality_monitoring_dag.dq_check_duplicates_batches manual__2025-12-13T13:56:14.666643+00:00 [queued]>
[2025-12-13T13:56:22.120+0000] {taskinstance.py:2073} INFO - Dependencies all met for dep_context=requeueable deps ti=<TaskInstance: mfg_data_quality_monitoring_dag.dq_check_duplicates_batches manual__2025-12-13T13:56:14.666643+00:00 [queued]>
[2025-12-13T13:56:22.121+0000] {taskinstance.py:2303} INFO - Starting attempt 1 of 2
[2025-12-13T13:56:22.134+0000] {taskinstance.py:2327} INFO - Executing <Task(PythonOperator): dq_check_duplicates_batches> on 2025-12-13 13:56:14.666643+00:00
[2025-12-13T13:56:22.142+0000] {logging_mixin.py:188} WARNING - /home/***/.local/lib/python3.12/site-packages/***/task/task_runner/standard_task_runner.py:61 DeprecationWarning: This process (pid=5691) is multi-threaded, use of fork() may lead to deadlocks in the child.
[2025-12-13T13:56:22.143+0000] {standard_task_runner.py:63} INFO - Started process 5696 to run task
[2025-12-13T13:56:22.142+0000] {standard_task_runner.py:90} INFO - Running: ['***', 'tasks', 'run', 'mfg_data_quality_monitoring_dag', 'dq_check_duplicates_batches', 'manual__2025-12-13T13:56:14.666643+00:00', '--job-id', '51', '--raw', '--subdir', 'DAGS_FOLDER/mfg_data_quality_monitoring_dag.py', '--cfg-path', '/tmp/tmpge12z9yr']
[2025-12-13T13:56:22.145+0000] {standard_task_runner.py:91} INFO - Job 51: Subtask dq_check_duplicates_batches
[2025-12-13T13:56:22.198+0000] {task_command.py:426} INFO - Running <TaskInstance: mfg_data_quality_monitoring_dag.dq_check_duplicates_batches manual__2025-12-13T13:56:14.666643+00:00 [running]> on host 1159f6c9764f
[2025-12-13T13:56:22.318+0000] {taskinstance.py:2644} INFO - Exporting env vars: AIRFLOW_CTX_DAG_OWNER='data-platform' AIRFLOW_CTX_DAG_ID='mfg_data_quality_monitoring_dag' AIRFLOW_CTX_TASK_ID='dq_check_duplicates_batches' AIRFLOW_CTX_EXECUTION_DATE='2025-12-13T13:56:14.666643+00:00' AIRFLOW_CTX_TRY_NUMBER='1' AIRFLOW_CTX_DAG_RUN_ID='manual__2025-12-13T13:56:14.666643+00:00'
[2025-12-13T13:56:22.321+0000] {taskinstance.py:430} INFO - ::endgroup::
[2025-12-13T13:56:22.337+0000] {connection.py:521} INFO - Snowflake Connector for Python Version: 3.18.0, Python Version: 3.12.2, Platform: Linux-6.6.87.2-microsoft-standard-WSL2-x86_64-with-glibc2.36
[2025-12-13T13:56:22.339+0000] {connection.py:1464} INFO - Connecting to GLOBAL Snowflake domain
[2025-12-13T13:56:25.581+0000] {python.py:237} INFO - Done. Returned value was: None
[2025-12-13T13:56:25.584+0000] {taskinstance.py:441} INFO - ::group::Post task execution logs
[2025-12-13T13:56:25.611+0000] {taskinstance.py:1205} INFO - Marking task as SUCCESS. dag_id=mfg_data_quality_monitoring_dag, task_id=dq_check_duplicates_batches, execution_date=20251213T135614, start_date=20251213T135622, end_date=20251213T135625
[2025-12-13T13:56:25.661+0000] {local_task_job_runner.py:240} INFO - Task exited with return code 0
[2025-12-13T13:56:25.689+0000] {taskinstance.py:3482} INFO - 1 downstream tasks scheduled from follow-on schedule check
[2025-12-13T13:56:25.694+0000] {local_task_job_runner.py:222} INFO - ::endgroup::
