[2025-12-13T12:53:38.574+0000] {local_task_job_runner.py:120} INFO - ::group::Pre task execution logs
[2025-12-13T12:53:38.600+0000] {taskinstance.py:2073} INFO - Dependencies all met for dep_context=non-requeueable deps ti=<TaskInstance: mfg_data_quality_monitoring_dag.dq_check_rowcounts_raw_vs_core scheduled__2025-12-12T06:00:00+00:00 [queued]>
[2025-12-13T12:53:38.609+0000] {taskinstance.py:2073} INFO - Dependencies all met for dep_context=requeueable deps ti=<TaskInstance: mfg_data_quality_monitoring_dag.dq_check_rowcounts_raw_vs_core scheduled__2025-12-12T06:00:00+00:00 [queued]>
[2025-12-13T12:53:38.610+0000] {taskinstance.py:2303} INFO - Starting attempt 1 of 2
[2025-12-13T12:53:38.625+0000] {taskinstance.py:2327} INFO - Executing <Task(PythonOperator): dq_check_rowcounts_raw_vs_core> on 2025-12-12 06:00:00+00:00
[2025-12-13T12:53:38.633+0000] {standard_task_runner.py:90} INFO - Running: ['***', 'tasks', 'run', 'mfg_data_quality_monitoring_dag', 'dq_check_rowcounts_raw_vs_core', 'scheduled__2025-12-12T06:00:00+00:00', '--job-id', '32', '--raw', '--subdir', 'DAGS_FOLDER/mfg_data_quality_monitoring_dag.py', '--cfg-path', '/tmp/tmpip3di0x3']
[2025-12-13T12:53:38.636+0000] {logging_mixin.py:188} WARNING - /home/***/.local/lib/python3.12/site-packages/***/task/task_runner/standard_task_runner.py:61 DeprecationWarning: This process (pid=3162) is multi-threaded, use of fork() may lead to deadlocks in the child.
[2025-12-13T12:53:38.638+0000] {standard_task_runner.py:91} INFO - Job 32: Subtask dq_check_rowcounts_raw_vs_core
[2025-12-13T12:53:38.638+0000] {standard_task_runner.py:63} INFO - Started process 3165 to run task
[2025-12-13T12:53:38.717+0000] {task_command.py:426} INFO - Running <TaskInstance: mfg_data_quality_monitoring_dag.dq_check_rowcounts_raw_vs_core scheduled__2025-12-12T06:00:00+00:00 [running]> on host 1159f6c9764f
[2025-12-13T12:53:38.850+0000] {taskinstance.py:2644} INFO - Exporting env vars: AIRFLOW_CTX_DAG_OWNER='data-platform' AIRFLOW_CTX_DAG_ID='mfg_data_quality_monitoring_dag' AIRFLOW_CTX_TASK_ID='dq_check_rowcounts_raw_vs_core' AIRFLOW_CTX_EXECUTION_DATE='2025-12-12T06:00:00+00:00' AIRFLOW_CTX_TRY_NUMBER='1' AIRFLOW_CTX_DAG_RUN_ID='scheduled__2025-12-12T06:00:00+00:00'
[2025-12-13T12:53:38.852+0000] {taskinstance.py:430} INFO - ::endgroup::
[2025-12-13T12:53:38.872+0000] {connection.py:521} INFO - Snowflake Connector for Python Version: 3.18.0, Python Version: 3.12.2, Platform: Linux-6.6.87.2-microsoft-standard-WSL2-x86_64-with-glibc2.36
[2025-12-13T12:53:38.873+0000] {connection.py:1464} INFO - Connecting to GLOBAL Snowflake domain
[2025-12-13T12:53:43.142+0000] {python.py:237} INFO - Done. Returned value was: None
[2025-12-13T12:53:43.143+0000] {taskinstance.py:441} INFO - ::group::Post task execution logs
[2025-12-13T12:53:43.154+0000] {taskinstance.py:1205} INFO - Marking task as SUCCESS. dag_id=mfg_data_quality_monitoring_dag, task_id=dq_check_rowcounts_raw_vs_core, execution_date=20251212T060000, start_date=20251213T125338, end_date=20251213T125343
[2025-12-13T12:53:43.204+0000] {local_task_job_runner.py:240} INFO - Task exited with return code 0
[2025-12-13T12:53:43.231+0000] {taskinstance.py:3482} INFO - 1 downstream tasks scheduled from follow-on schedule check
[2025-12-13T12:53:43.236+0000] {local_task_job_runner.py:222} INFO - ::endgroup::
[2025-12-13T13:56:23.281+0000] {local_task_job_runner.py:120} INFO - ::group::Pre task execution logs
[2025-12-13T13:56:23.313+0000] {taskinstance.py:2073} INFO - Dependencies all met for dep_context=non-requeueable deps ti=<TaskInstance: mfg_data_quality_monitoring_dag.dq_check_rowcounts_raw_vs_core scheduled__2025-12-12T06:00:00+00:00 [queued]>
[2025-12-13T13:56:23.323+0000] {taskinstance.py:2073} INFO - Dependencies all met for dep_context=requeueable deps ti=<TaskInstance: mfg_data_quality_monitoring_dag.dq_check_rowcounts_raw_vs_core scheduled__2025-12-12T06:00:00+00:00 [queued]>
[2025-12-13T13:56:23.323+0000] {taskinstance.py:2303} INFO - Starting attempt 1 of 2
[2025-12-13T13:56:23.339+0000] {taskinstance.py:2327} INFO - Executing <Task(PythonOperator): dq_check_rowcounts_raw_vs_core> on 2025-12-12 06:00:00+00:00
[2025-12-13T13:56:23.350+0000] {logging_mixin.py:188} WARNING - /home/***/.local/lib/python3.12/site-packages/***/task/task_runner/standard_task_runner.py:61 DeprecationWarning: This process (pid=5697) is multi-threaded, use of fork() may lead to deadlocks in the child.
[2025-12-13T13:56:23.352+0000] {standard_task_runner.py:63} INFO - Started process 5709 to run task
[2025-12-13T13:56:23.352+0000] {standard_task_runner.py:90} INFO - Running: ['***', 'tasks', 'run', 'mfg_data_quality_monitoring_dag', 'dq_check_rowcounts_raw_vs_core', 'scheduled__2025-12-12T06:00:00+00:00', '--job-id', '52', '--raw', '--subdir', 'DAGS_FOLDER/mfg_data_quality_monitoring_dag.py', '--cfg-path', '/tmp/tmpirxxh40z']
[2025-12-13T13:56:23.357+0000] {standard_task_runner.py:91} INFO - Job 52: Subtask dq_check_rowcounts_raw_vs_core
[2025-12-13T13:56:23.434+0000] {task_command.py:426} INFO - Running <TaskInstance: mfg_data_quality_monitoring_dag.dq_check_rowcounts_raw_vs_core scheduled__2025-12-12T06:00:00+00:00 [running]> on host 1159f6c9764f
[2025-12-13T13:56:23.551+0000] {taskinstance.py:2644} INFO - Exporting env vars: AIRFLOW_CTX_DAG_OWNER='data-platform' AIRFLOW_CTX_DAG_ID='mfg_data_quality_monitoring_dag' AIRFLOW_CTX_TASK_ID='dq_check_rowcounts_raw_vs_core' AIRFLOW_CTX_EXECUTION_DATE='2025-12-12T06:00:00+00:00' AIRFLOW_CTX_TRY_NUMBER='1' AIRFLOW_CTX_DAG_RUN_ID='scheduled__2025-12-12T06:00:00+00:00'
[2025-12-13T13:56:23.555+0000] {taskinstance.py:430} INFO - ::endgroup::
[2025-12-13T13:56:23.570+0000] {connection.py:521} INFO - Snowflake Connector for Python Version: 3.18.0, Python Version: 3.12.2, Platform: Linux-6.6.87.2-microsoft-standard-WSL2-x86_64-with-glibc2.36
[2025-12-13T13:56:23.571+0000] {connection.py:1464} INFO - Connecting to GLOBAL Snowflake domain
[2025-12-13T13:56:27.396+0000] {python.py:237} INFO - Done. Returned value was: None
[2025-12-13T13:56:27.397+0000] {taskinstance.py:441} INFO - ::group::Post task execution logs
[2025-12-13T13:56:27.407+0000] {taskinstance.py:1205} INFO - Marking task as SUCCESS. dag_id=mfg_data_quality_monitoring_dag, task_id=dq_check_rowcounts_raw_vs_core, execution_date=20251212T060000, start_date=20251213T135623, end_date=20251213T135627
[2025-12-13T13:56:27.471+0000] {local_task_job_runner.py:240} INFO - Task exited with return code 0
[2025-12-13T13:56:27.496+0000] {taskinstance.py:3482} INFO - 1 downstream tasks scheduled from follow-on schedule check
[2025-12-13T13:56:27.502+0000] {local_task_job_runner.py:222} INFO - ::endgroup::
[2025-12-13T14:19:18.955+0000] {local_task_job_runner.py:120} INFO - ::group::Pre task execution logs
[2025-12-13T14:19:18.990+0000] {taskinstance.py:2073} INFO - Dependencies all met for dep_context=non-requeueable deps ti=<TaskInstance: mfg_data_quality_monitoring_dag.dq_check_rowcounts_raw_vs_core scheduled__2025-12-12T06:00:00+00:00 [queued]>
[2025-12-13T14:19:18.998+0000] {taskinstance.py:2073} INFO - Dependencies all met for dep_context=requeueable deps ti=<TaskInstance: mfg_data_quality_monitoring_dag.dq_check_rowcounts_raw_vs_core scheduled__2025-12-12T06:00:00+00:00 [queued]>
[2025-12-13T14:19:18.999+0000] {taskinstance.py:2303} INFO - Starting attempt 1 of 2
[2025-12-13T14:19:19.015+0000] {taskinstance.py:2327} INFO - Executing <Task(PythonOperator): dq_check_rowcounts_raw_vs_core> on 2025-12-12 06:00:00+00:00
[2025-12-13T14:19:19.028+0000] {standard_task_runner.py:90} INFO - Running: ['***', 'tasks', 'run', 'mfg_data_quality_monitoring_dag', 'dq_check_rowcounts_raw_vs_core', 'scheduled__2025-12-12T06:00:00+00:00', '--job-id', '3', '--raw', '--subdir', 'DAGS_FOLDER/mfg_data_quality_monitoring_dag.py', '--cfg-path', '/tmp/tmpr9yks37r']
[2025-12-13T14:19:19.034+0000] {standard_task_runner.py:91} INFO - Job 3: Subtask dq_check_rowcounts_raw_vs_core
[2025-12-13T14:19:19.035+0000] {logging_mixin.py:188} WARNING - /home/***/.local/lib/python3.12/site-packages/***/task/task_runner/standard_task_runner.py:61 DeprecationWarning: This process (pid=313) is multi-threaded, use of fork() may lead to deadlocks in the child.
[2025-12-13T14:19:19.036+0000] {standard_task_runner.py:63} INFO - Started process 319 to run task
[2025-12-13T14:19:19.103+0000] {task_command.py:426} INFO - Running <TaskInstance: mfg_data_quality_monitoring_dag.dq_check_rowcounts_raw_vs_core scheduled__2025-12-12T06:00:00+00:00 [running]> on host 2836efb3fb45
[2025-12-13T14:19:19.218+0000] {taskinstance.py:2644} INFO - Exporting env vars: AIRFLOW_CTX_DAG_OWNER='data-platform' AIRFLOW_CTX_DAG_ID='mfg_data_quality_monitoring_dag' AIRFLOW_CTX_TASK_ID='dq_check_rowcounts_raw_vs_core' AIRFLOW_CTX_EXECUTION_DATE='2025-12-12T06:00:00+00:00' AIRFLOW_CTX_TRY_NUMBER='1' AIRFLOW_CTX_DAG_RUN_ID='scheduled__2025-12-12T06:00:00+00:00'
[2025-12-13T14:19:19.220+0000] {taskinstance.py:430} INFO - ::endgroup::
[2025-12-13T14:19:19.268+0000] {connection.py:521} INFO - Snowflake Connector for Python Version: 3.18.0, Python Version: 3.12.2, Platform: Linux-6.6.87.2-microsoft-standard-WSL2-x86_64-with-glibc2.36
[2025-12-13T14:19:19.270+0000] {connection.py:1464} INFO - Connecting to GLOBAL Snowflake domain
[2025-12-13T14:19:25.335+0000] {python.py:237} INFO - Done. Returned value was: None
[2025-12-13T14:19:25.336+0000] {taskinstance.py:441} INFO - ::group::Post task execution logs
[2025-12-13T14:19:25.346+0000] {taskinstance.py:1205} INFO - Marking task as SUCCESS. dag_id=mfg_data_quality_monitoring_dag, task_id=dq_check_rowcounts_raw_vs_core, execution_date=20251212T060000, start_date=20251213T141918, end_date=20251213T141925
[2025-12-13T14:19:25.378+0000] {local_task_job_runner.py:240} INFO - Task exited with return code 0
[2025-12-13T14:19:25.401+0000] {taskinstance.py:3482} INFO - 1 downstream tasks scheduled from follow-on schedule check
[2025-12-13T14:19:25.406+0000] {local_task_job_runner.py:222} INFO - ::endgroup::
[2025-12-13T14:19:43.520+0000] {local_task_job_runner.py:120} INFO - ::group::Pre task execution logs
[2025-12-13T14:19:43.552+0000] {taskinstance.py:2073} INFO - Dependencies all met for dep_context=non-requeueable deps ti=<TaskInstance: mfg_data_quality_monitoring_dag.dq_check_rowcounts_raw_vs_core scheduled__2025-12-12T06:00:00+00:00 [queued]>
[2025-12-13T14:19:43.558+0000] {taskinstance.py:2073} INFO - Dependencies all met for dep_context=requeueable deps ti=<TaskInstance: mfg_data_quality_monitoring_dag.dq_check_rowcounts_raw_vs_core scheduled__2025-12-12T06:00:00+00:00 [queued]>
[2025-12-13T14:19:43.559+0000] {taskinstance.py:2303} INFO - Starting attempt 1 of 2
[2025-12-13T14:19:43.572+0000] {taskinstance.py:2327} INFO - Executing <Task(PythonOperator): dq_check_rowcounts_raw_vs_core> on 2025-12-12 06:00:00+00:00
[2025-12-13T14:19:43.582+0000] {standard_task_runner.py:90} INFO - Running: ['***', 'tasks', 'run', 'mfg_data_quality_monitoring_dag', 'dq_check_rowcounts_raw_vs_core', 'scheduled__2025-12-12T06:00:00+00:00', '--job-id', '8', '--raw', '--subdir', 'DAGS_FOLDER/mfg_data_quality_monitoring_dag.py', '--cfg-path', '/tmp/tmp3iukhtt6']
[2025-12-13T14:19:43.584+0000] {logging_mixin.py:188} WARNING - /home/***/.local/lib/python3.12/site-packages/***/task/task_runner/standard_task_runner.py:61 DeprecationWarning: This process (pid=390) is multi-threaded, use of fork() may lead to deadlocks in the child.
[2025-12-13T14:19:43.585+0000] {standard_task_runner.py:91} INFO - Job 8: Subtask dq_check_rowcounts_raw_vs_core
[2025-12-13T14:19:43.586+0000] {standard_task_runner.py:63} INFO - Started process 393 to run task
[2025-12-13T14:19:43.636+0000] {task_command.py:426} INFO - Running <TaskInstance: mfg_data_quality_monitoring_dag.dq_check_rowcounts_raw_vs_core scheduled__2025-12-12T06:00:00+00:00 [running]> on host 2836efb3fb45
[2025-12-13T14:19:43.718+0000] {taskinstance.py:2644} INFO - Exporting env vars: AIRFLOW_CTX_DAG_OWNER='data-platform' AIRFLOW_CTX_DAG_ID='mfg_data_quality_monitoring_dag' AIRFLOW_CTX_TASK_ID='dq_check_rowcounts_raw_vs_core' AIRFLOW_CTX_EXECUTION_DATE='2025-12-12T06:00:00+00:00' AIRFLOW_CTX_TRY_NUMBER='1' AIRFLOW_CTX_DAG_RUN_ID='scheduled__2025-12-12T06:00:00+00:00'
[2025-12-13T14:19:43.719+0000] {taskinstance.py:430} INFO - ::endgroup::
[2025-12-13T14:19:43.732+0000] {connection.py:521} INFO - Snowflake Connector for Python Version: 3.18.0, Python Version: 3.12.2, Platform: Linux-6.6.87.2-microsoft-standard-WSL2-x86_64-with-glibc2.36
[2025-12-13T14:19:43.733+0000] {connection.py:1464} INFO - Connecting to GLOBAL Snowflake domain
[2025-12-13T14:19:47.690+0000] {python.py:237} INFO - Done. Returned value was: None
[2025-12-13T14:19:47.691+0000] {taskinstance.py:441} INFO - ::group::Post task execution logs
[2025-12-13T14:19:47.701+0000] {taskinstance.py:1205} INFO - Marking task as SUCCESS. dag_id=mfg_data_quality_monitoring_dag, task_id=dq_check_rowcounts_raw_vs_core, execution_date=20251212T060000, start_date=20251213T141943, end_date=20251213T141947
[2025-12-13T14:19:47.763+0000] {local_task_job_runner.py:240} INFO - Task exited with return code 0
[2025-12-13T14:19:47.784+0000] {taskinstance.py:3482} INFO - 1 downstream tasks scheduled from follow-on schedule check
[2025-12-13T14:19:47.789+0000] {local_task_job_runner.py:222} INFO - ::endgroup::
[2025-12-13T17:01:40.828+0000] {local_task_job_runner.py:120} INFO - ::group::Pre task execution logs
[2025-12-13T17:01:40.858+0000] {taskinstance.py:2073} INFO - Dependencies all met for dep_context=non-requeueable deps ti=<TaskInstance: mfg_data_quality_monitoring_dag.dq_check_rowcounts_raw_vs_core scheduled__2025-12-12T06:00:00+00:00 [queued]>
[2025-12-13T17:01:40.865+0000] {taskinstance.py:2073} INFO - Dependencies all met for dep_context=requeueable deps ti=<TaskInstance: mfg_data_quality_monitoring_dag.dq_check_rowcounts_raw_vs_core scheduled__2025-12-12T06:00:00+00:00 [queued]>
[2025-12-13T17:01:40.866+0000] {taskinstance.py:2303} INFO - Starting attempt 1 of 2
[2025-12-13T17:01:40.883+0000] {taskinstance.py:2327} INFO - Executing <Task(PythonOperator): dq_check_rowcounts_raw_vs_core> on 2025-12-12 06:00:00+00:00
[2025-12-13T17:01:40.892+0000] {logging_mixin.py:188} WARNING - /home/***/.local/lib/python3.12/site-packages/***/task/task_runner/standard_task_runner.py:61 DeprecationWarning: This process (pid=7796) is multi-threaded, use of fork() may lead to deadlocks in the child.
[2025-12-13T17:01:40.895+0000] {standard_task_runner.py:63} INFO - Started process 7799 to run task
[2025-12-13T17:01:40.892+0000] {standard_task_runner.py:90} INFO - Running: ['***', 'tasks', 'run', 'mfg_data_quality_monitoring_dag', 'dq_check_rowcounts_raw_vs_core', 'scheduled__2025-12-12T06:00:00+00:00', '--job-id', '34', '--raw', '--subdir', 'DAGS_FOLDER/mfg_data_quality_monitoring_dag.py', '--cfg-path', '/tmp/tmpwuroz_so']
[2025-12-13T17:01:40.896+0000] {standard_task_runner.py:91} INFO - Job 34: Subtask dq_check_rowcounts_raw_vs_core
[2025-12-13T17:01:40.958+0000] {task_command.py:426} INFO - Running <TaskInstance: mfg_data_quality_monitoring_dag.dq_check_rowcounts_raw_vs_core scheduled__2025-12-12T06:00:00+00:00 [running]> on host 2836efb3fb45
[2025-12-13T17:01:41.053+0000] {taskinstance.py:2644} INFO - Exporting env vars: AIRFLOW_CTX_DAG_OWNER='data-platform' AIRFLOW_CTX_DAG_ID='mfg_data_quality_monitoring_dag' AIRFLOW_CTX_TASK_ID='dq_check_rowcounts_raw_vs_core' AIRFLOW_CTX_EXECUTION_DATE='2025-12-12T06:00:00+00:00' AIRFLOW_CTX_TRY_NUMBER='1' AIRFLOW_CTX_DAG_RUN_ID='scheduled__2025-12-12T06:00:00+00:00'
[2025-12-13T17:01:41.055+0000] {taskinstance.py:430} INFO - ::endgroup::
[2025-12-13T17:01:41.073+0000] {connection.py:521} INFO - Snowflake Connector for Python Version: 3.18.0, Python Version: 3.12.2, Platform: Linux-6.6.87.2-microsoft-standard-WSL2-x86_64-with-glibc2.36
[2025-12-13T17:01:41.075+0000] {connection.py:1464} INFO - Connecting to GLOBAL Snowflake domain
[2025-12-13T17:01:45.701+0000] {python.py:237} INFO - Done. Returned value was: None
[2025-12-13T17:01:45.703+0000] {taskinstance.py:441} INFO - ::group::Post task execution logs
[2025-12-13T17:01:45.714+0000] {taskinstance.py:1205} INFO - Marking task as SUCCESS. dag_id=mfg_data_quality_monitoring_dag, task_id=dq_check_rowcounts_raw_vs_core, execution_date=20251212T060000, start_date=20251213T170140, end_date=20251213T170145
[2025-12-13T17:01:45.741+0000] {local_task_job_runner.py:240} INFO - Task exited with return code 0
[2025-12-13T17:01:45.770+0000] {taskinstance.py:3482} INFO - 1 downstream tasks scheduled from follow-on schedule check
[2025-12-13T17:01:45.775+0000] {local_task_job_runner.py:222} INFO - ::endgroup::
