[2025-12-17T11:39:29.058+0000] {local_task_job_runner.py:120} INFO - ::group::Pre task execution logs
[2025-12-17T11:39:29.118+0000] {taskinstance.py:2073} INFO - Dependencies all met for dep_context=non-requeueable deps ti=<TaskInstance: mfg_raw_ingestion_dag.dbt_run_all manual__2025-12-17T11:38:54.441275+00:00 [queued]>
[2025-12-17T11:39:29.134+0000] {taskinstance.py:2073} INFO - Dependencies all met for dep_context=requeueable deps ti=<TaskInstance: mfg_raw_ingestion_dag.dbt_run_all manual__2025-12-17T11:38:54.441275+00:00 [queued]>
[2025-12-17T11:39:29.135+0000] {taskinstance.py:2303} INFO - Starting attempt 1 of 3
[2025-12-17T11:39:29.155+0000] {taskinstance.py:2327} INFO - Executing <Task(BashOperator): dbt_run_all> on 2025-12-17 11:38:54.441275+00:00
[2025-12-17T11:39:29.168+0000] {logging_mixin.py:188} WARNING - /home/***/.local/lib/python3.12/site-packages/***/task/task_runner/standard_task_runner.py:61 DeprecationWarning: This process (pid=293) is multi-threaded, use of fork() may lead to deadlocks in the child.
[2025-12-17T11:39:29.165+0000] {standard_task_runner.py:90} INFO - Running: ['***', 'tasks', 'run', 'mfg_raw_ingestion_dag', 'dbt_run_all', 'manual__2025-12-17T11:38:54.441275+00:00', '--job-id', '37', '--raw', '--subdir', 'DAGS_FOLDER/mfg_raw_ingestion_dag.py', '--cfg-path', '/tmp/tmpr1gn25nw']
[2025-12-17T11:39:29.170+0000] {standard_task_runner.py:63} INFO - Started process 294 to run task
[2025-12-17T11:39:29.170+0000] {standard_task_runner.py:91} INFO - Job 37: Subtask dbt_run_all
[2025-12-17T11:39:29.257+0000] {task_command.py:426} INFO - Running <TaskInstance: mfg_raw_ingestion_dag.dbt_run_all manual__2025-12-17T11:38:54.441275+00:00 [running]> on host bce6f264833a
[2025-12-17T11:39:29.413+0000] {taskinstance.py:2644} INFO - Exporting env vars: AIRFLOW_CTX_DAG_OWNER='data-eng' AIRFLOW_CTX_DAG_ID='mfg_raw_ingestion_dag' AIRFLOW_CTX_TASK_ID='dbt_run_all' AIRFLOW_CTX_EXECUTION_DATE='2025-12-17T11:38:54.441275+00:00' AIRFLOW_CTX_TRY_NUMBER='1' AIRFLOW_CTX_DAG_RUN_ID='manual__2025-12-17T11:38:54.441275+00:00'
[2025-12-17T11:39:29.414+0000] {taskinstance.py:430} INFO - ::endgroup::
[2025-12-17T11:39:29.438+0000] {subprocess.py:63} INFO - Tmp dir root location: /tmp
[2025-12-17T11:39:29.439+0000] {subprocess.py:75} INFO - Running command: ['/usr/bin/bash', '-c', 'cd /opt/***/dbt_project && dbt run --profiles-dir /opt/***/dbt_profiles']
[2025-12-17T11:39:29.451+0000] {subprocess.py:86} INFO - Output:
[2025-12-17T11:39:33.396+0000] {subprocess.py:93} INFO - [0m11:39:33  Running with dbt=1.8.4
[2025-12-17T11:39:35.366+0000] {subprocess.py:93} INFO - [0m11:39:35  Registered adapter: snowflake=1.8.4
[2025-12-17T11:39:36.590+0000] {subprocess.py:93} INFO - [0m11:39:36  Found 8 models, 24 data tests, 3 sources, 459 macros
[2025-12-17T11:39:36.600+0000] {subprocess.py:93} INFO - [0m11:39:36
[2025-12-17T11:39:40.771+0000] {subprocess.py:93} INFO - [0m11:39:40  Concurrency: 4 threads (target='dev')
[2025-12-17T11:39:40.773+0000] {subprocess.py:93} INFO - [0m11:39:40
[2025-12-17T11:39:40.797+0000] {subprocess.py:93} INFO - [0m11:39:40  1 of 8 START sql view model STAGING_analytics.stg_batches ...................... [RUN]
[2025-12-17T11:39:40.800+0000] {subprocess.py:93} INFO - [0m11:39:40  2 of 8 START sql view model STAGING_analytics.stg_materials .................... [RUN]
[2025-12-17T11:39:40.802+0000] {subprocess.py:93} INFO - [0m11:39:40  3 of 8 START sql view model STAGING_analytics.stg_production_orders ............ [RUN]
[2025-12-17T11:39:43.131+0000] {subprocess.py:93} INFO - [0m11:39:43  1 of 8 OK created sql view model STAGING_analytics.stg_batches ................. [[32mSUCCESS 1[0m in 2.32s]
[2025-12-17T11:39:43.230+0000] {subprocess.py:93} INFO - [0m11:39:43  2 of 8 OK created sql view model STAGING_analytics.stg_materials ............... [[32mSUCCESS 1[0m in 2.42s]
[2025-12-17T11:39:43.238+0000] {subprocess.py:93} INFO - [0m11:39:43  4 of 8 START sql table model STAGING_analytics.core_materials .................. [RUN]
[2025-12-17T11:39:43.255+0000] {subprocess.py:93} INFO - [0m11:39:43  3 of 8 OK created sql view model STAGING_analytics.stg_production_orders ....... [[32mSUCCESS 1[0m in 2.44s]
[2025-12-17T11:39:45.742+0000] {subprocess.py:93} INFO - [0m11:39:45  4 of 8 OK created sql table model STAGING_analytics.core_materials ............. [[32mSUCCESS 1[0m in 2.50s]
[2025-12-17T11:39:45.750+0000] {subprocess.py:93} INFO - [0m11:39:45  5 of 8 START sql table model STAGING_analytics.core_batches .................... [RUN]
[2025-12-17T11:39:45.752+0000] {subprocess.py:93} INFO - [0m11:39:45  6 of 8 START sql table model STAGING_analytics.fct_production_orders ........... [RUN]
[2025-12-17T11:39:48.474+0000] {subprocess.py:93} INFO - [0m11:39:48  5 of 8 OK created sql table model STAGING_analytics.core_batches ............... [[32mSUCCESS 1[0m in 2.72s]
[2025-12-17T11:39:48.533+0000] {subprocess.py:93} INFO - [0m11:39:48  6 of 8 OK created sql table model STAGING_analytics.fct_production_orders ...... [[32mSUCCESS 1[0m in 2.77s]
[2025-12-17T11:39:48.542+0000] {subprocess.py:93} INFO - [0m11:39:48  7 of 8 START sql table model STAGING_analytics.mfg_ml_features_orders .......... [RUN]
[2025-12-17T11:39:48.547+0000] {subprocess.py:93} INFO - [0m11:39:48  8 of 8 START sql table model STAGING_analytics.mfg_plant_daily_kpis ............ [RUN]
[2025-12-17T11:39:51.161+0000] {subprocess.py:93} INFO - [0m11:39:51  8 of 8 OK created sql table model STAGING_analytics.mfg_plant_daily_kpis ....... [[32mSUCCESS 1[0m in 2.60s]
[2025-12-17T11:39:51.641+0000] {subprocess.py:93} INFO - [0m11:39:51  7 of 8 OK created sql table model STAGING_analytics.mfg_ml_features_orders ..... [[32mSUCCESS 1[0m in 3.09s]
[2025-12-17T11:39:51.656+0000] {subprocess.py:93} INFO - [0m11:39:51
[2025-12-17T11:39:51.658+0000] {subprocess.py:93} INFO - [0m11:39:51  Finished running 3 view models, 5 table models in 0 hours 0 minutes and 15.05 seconds (15.05s).
[2025-12-17T11:39:51.758+0000] {subprocess.py:93} INFO - [0m11:39:51
[2025-12-17T11:39:51.760+0000] {subprocess.py:93} INFO - [0m11:39:51  [32mCompleted successfully[0m
[2025-12-17T11:39:51.762+0000] {subprocess.py:93} INFO - [0m11:39:51
[2025-12-17T11:39:51.763+0000] {subprocess.py:93} INFO - [0m11:39:51  Done. PASS=8 WARN=0 ERROR=0 SKIP=0 TOTAL=8
[2025-12-17T11:39:52.976+0000] {subprocess.py:97} INFO - Command exited with return code 0
[2025-12-17T11:39:52.977+0000] {taskinstance.py:441} INFO - ::group::Post task execution logs
[2025-12-17T11:39:53.028+0000] {taskinstance.py:1205} INFO - Marking task as SUCCESS. dag_id=mfg_raw_ingestion_dag, task_id=dbt_run_all, execution_date=20251217T113854, start_date=20251217T113929, end_date=20251217T113953
[2025-12-17T11:39:53.075+0000] {local_task_job_runner.py:240} INFO - Task exited with return code 0
[2025-12-17T11:39:53.112+0000] {taskinstance.py:3482} INFO - 1 downstream tasks scheduled from follow-on schedule check
[2025-12-17T11:39:53.116+0000] {local_task_job_runner.py:222} INFO - ::endgroup::
