[2025-12-12T23:16:19.063+0000] {local_task_job_runner.py:120} INFO - ::group::Pre task execution logs
[2025-12-12T23:16:19.155+0000] {taskinstance.py:2073} INFO - Dependencies all met for dep_context=non-requeueable deps ti=<TaskInstance: mfg_dbt_transform_dag.dbt_run_staging scheduled__2025-12-11T04:15:00+00:00 [queued]>
[2025-12-12T23:16:19.181+0000] {taskinstance.py:2073} INFO - Dependencies all met for dep_context=requeueable deps ti=<TaskInstance: mfg_dbt_transform_dag.dbt_run_staging scheduled__2025-12-11T04:15:00+00:00 [queued]>
[2025-12-12T23:16:19.183+0000] {taskinstance.py:2303} INFO - Starting attempt 1 of 3
[2025-12-12T23:16:19.206+0000] {taskinstance.py:2327} INFO - Executing <Task(BashOperator): dbt_run_staging> on 2025-12-11 04:15:00+00:00
[2025-12-12T23:16:19.221+0000] {standard_task_runner.py:90} INFO - Running: ['***', 'tasks', 'run', 'mfg_dbt_transform_dag', 'dbt_run_staging', 'scheduled__2025-12-11T04:15:00+00:00', '--job-id', '8', '--raw', '--subdir', 'DAGS_FOLDER/mfg_dbt_transform_dag.py', '--cfg-path', '/tmp/tmpdd4czqqf']
[2025-12-12T23:16:19.230+0000] {standard_task_runner.py:91} INFO - Job 8: Subtask dbt_run_staging
[2025-12-12T23:16:19.233+0000] {logging_mixin.py:188} WARNING - /home/***/.local/lib/python3.12/site-packages/***/task/task_runner/standard_task_runner.py:61 DeprecationWarning: This process (pid=856) is multi-threaded, use of fork() may lead to deadlocks in the child.
[2025-12-12T23:16:19.235+0000] {standard_task_runner.py:63} INFO - Started process 857 to run task
[2025-12-12T23:16:19.330+0000] {task_command.py:426} INFO - Running <TaskInstance: mfg_dbt_transform_dag.dbt_run_staging scheduled__2025-12-11T04:15:00+00:00 [running]> on host 1159f6c9764f
[2025-12-12T23:16:19.445+0000] {taskinstance.py:2644} INFO - Exporting env vars: AIRFLOW_CTX_DAG_OWNER='data-engineering' AIRFLOW_CTX_DAG_ID='mfg_dbt_transform_dag' AIRFLOW_CTX_TASK_ID='dbt_run_staging' AIRFLOW_CTX_EXECUTION_DATE='2025-12-11T04:15:00+00:00' AIRFLOW_CTX_TRY_NUMBER='1' AIRFLOW_CTX_DAG_RUN_ID='scheduled__2025-12-11T04:15:00+00:00'
[2025-12-12T23:16:19.447+0000] {taskinstance.py:430} INFO - ::endgroup::
[2025-12-12T23:16:19.471+0000] {subprocess.py:63} INFO - Tmp dir root location: /tmp
[2025-12-12T23:16:19.474+0000] {subprocess.py:75} INFO - Running command: ['/usr/bin/bash', '-c', 'cd /opt/***/dbt_project && dbt run --select staging --profiles-dir /opt/***/dbt_profiles']
[2025-12-12T23:16:19.499+0000] {subprocess.py:86} INFO - Output:
[2025-12-12T23:16:22.026+0000] {subprocess.py:93} INFO - [0m23:16:22  Running with dbt=1.10.15
[2025-12-12T23:16:23.067+0000] {subprocess.py:93} INFO - [0m23:16:23  Registered adapter: snowflake=1.10.4
[2025-12-12T23:16:23.729+0000] {subprocess.py:93} INFO - [0m23:16:23  Found 8 models, 24 data tests, 3 sources, 504 macros
[2025-12-12T23:16:23.734+0000] {subprocess.py:93} INFO - [0m23:16:23
[2025-12-12T23:16:23.735+0000] {subprocess.py:93} INFO - [0m23:16:23  Concurrency: 4 threads (target='dev')
[2025-12-12T23:16:23.736+0000] {subprocess.py:93} INFO - [0m23:16:23
[2025-12-12T23:16:26.194+0000] {subprocess.py:93} INFO - [0m23:16:26  1 of 3 START sql view model ANALYTICS_analytics.stg_batches .................... [RUN]
[2025-12-12T23:16:26.196+0000] {subprocess.py:93} INFO - [0m23:16:26  2 of 3 START sql view model ANALYTICS_analytics.stg_materials .................. [RUN]
[2025-12-12T23:16:26.199+0000] {subprocess.py:93} INFO - [0m23:16:26  3 of 3 START sql view model ANALYTICS_analytics.stg_production_orders .......... [RUN]
[2025-12-12T23:16:27.342+0000] {subprocess.py:93} INFO - [0m23:16:27  1 of 3 OK created sql view model ANALYTICS_analytics.stg_batches ............... [[32mSUCCESS 1[0m in 1.14s]
[2025-12-12T23:16:28.475+0000] {subprocess.py:93} INFO - [0m23:16:28  2 of 3 OK created sql view model ANALYTICS_analytics.stg_materials ............. [[32mSUCCESS 1[0m in 2.27s]
[2025-12-12T23:16:28.542+0000] {subprocess.py:93} INFO - [0m23:16:28  3 of 3 OK created sql view model ANALYTICS_analytics.stg_production_orders ..... [[32mSUCCESS 1[0m in 2.33s]
[2025-12-12T23:16:29.997+0000] {subprocess.py:93} INFO - [0m23:16:29
[2025-12-12T23:16:29.999+0000] {subprocess.py:93} INFO - [0m23:16:29  Finished running 3 view models in 0 hours 0 minutes and 6.26 seconds (6.26s).
[2025-12-12T23:16:30.116+0000] {subprocess.py:93} INFO - [0m23:16:30
[2025-12-12T23:16:30.118+0000] {subprocess.py:93} INFO - [0m23:16:30  [32mCompleted successfully[0m
[2025-12-12T23:16:30.120+0000] {subprocess.py:93} INFO - [0m23:16:30
[2025-12-12T23:16:30.122+0000] {subprocess.py:93} INFO - [0m23:16:30  Done. PASS=3 WARN=0 ERROR=0 SKIP=0 NO-OP=0 TOTAL=3
[2025-12-12T23:16:31.249+0000] {subprocess.py:97} INFO - Command exited with return code 0
[2025-12-12T23:16:31.250+0000] {taskinstance.py:441} INFO - ::group::Post task execution logs
[2025-12-12T23:16:31.275+0000] {taskinstance.py:1205} INFO - Marking task as SUCCESS. dag_id=mfg_dbt_transform_dag, task_id=dbt_run_staging, execution_date=20251211T041500, start_date=20251212T231619, end_date=20251212T231631
[2025-12-12T23:16:31.317+0000] {local_task_job_runner.py:240} INFO - Task exited with return code 0
[2025-12-12T23:16:31.338+0000] {taskinstance.py:3482} INFO - 1 downstream tasks scheduled from follow-on schedule check
[2025-12-12T23:16:31.343+0000] {local_task_job_runner.py:222} INFO - ::endgroup::
