[2025-12-16T23:14:33.353+0000] {local_task_job_runner.py:120} INFO - ::group::Pre task execution logs
[2025-12-16T23:14:33.396+0000] {taskinstance.py:2073} INFO - Dependencies all met for dep_context=non-requeueable deps ti=<TaskInstance: mfg_raw_ingestion_dag.ingest_raw_to_snowflake manual__2025-12-16T23:13:25.507768+00:00 [queued]>
[2025-12-16T23:14:33.408+0000] {taskinstance.py:2073} INFO - Dependencies all met for dep_context=requeueable deps ti=<TaskInstance: mfg_raw_ingestion_dag.ingest_raw_to_snowflake manual__2025-12-16T23:13:25.507768+00:00 [queued]>
[2025-12-16T23:14:33.409+0000] {taskinstance.py:2303} INFO - Starting attempt 1 of 3
[2025-12-16T23:14:33.430+0000] {taskinstance.py:2327} INFO - Executing <Task(BashOperator): ingest_raw_to_snowflake> on 2025-12-16 23:13:25.507768+00:00
[2025-12-16T23:14:33.440+0000] {standard_task_runner.py:90} INFO - Running: ['***', 'tasks', 'run', 'mfg_raw_ingestion_dag', 'ingest_raw_to_snowflake', 'manual__2025-12-16T23:13:25.507768+00:00', '--job-id', '5', '--raw', '--subdir', 'DAGS_FOLDER/mfg_raw_ingestion_dag.py', '--cfg-path', '/tmp/tmpz87tfyzc']
[2025-12-16T23:14:33.444+0000] {standard_task_runner.py:91} INFO - Job 5: Subtask ingest_raw_to_snowflake
[2025-12-16T23:14:33.444+0000] {logging_mixin.py:188} WARNING - /home/***/.local/lib/python3.12/site-packages/***/task/task_runner/standard_task_runner.py:61 DeprecationWarning: This process (pid=397) is multi-threaded, use of fork() may lead to deadlocks in the child.
[2025-12-16T23:14:33.445+0000] {standard_task_runner.py:63} INFO - Started process 398 to run task
[2025-12-16T23:14:33.509+0000] {task_command.py:426} INFO - Running <TaskInstance: mfg_raw_ingestion_dag.ingest_raw_to_snowflake manual__2025-12-16T23:13:25.507768+00:00 [running]> on host f349782282f8
[2025-12-16T23:14:33.633+0000] {taskinstance.py:2644} INFO - Exporting env vars: AIRFLOW_CTX_DAG_OWNER='data-engineering' AIRFLOW_CTX_DAG_ID='mfg_raw_ingestion_dag' AIRFLOW_CTX_TASK_ID='ingest_raw_to_snowflake' AIRFLOW_CTX_EXECUTION_DATE='2025-12-16T23:13:25.507768+00:00' AIRFLOW_CTX_TRY_NUMBER='1' AIRFLOW_CTX_DAG_RUN_ID='manual__2025-12-16T23:13:25.507768+00:00'
[2025-12-16T23:14:33.634+0000] {taskinstance.py:430} INFO - ::endgroup::
[2025-12-16T23:14:33.659+0000] {subprocess.py:63} INFO - Tmp dir root location: /tmp
[2025-12-16T23:14:33.661+0000] {subprocess.py:75} INFO - Running command: ['/usr/bin/bash', '-c', 'python /opt/***/ingestion/python/load_raw_to_snowflake.py']
[2025-12-16T23:14:33.673+0000] {subprocess.py:86} INFO - Output:
[2025-12-16T23:14:36.163+0000] {subprocess.py:93} INFO - [INFO] 2025-12-16 23:14:36 - Environment variables loaded from /opt/***/.env
[2025-12-16T23:14:36.165+0000] {subprocess.py:93} INFO - [INFO] 2025-12-16 23:14:36 - Connecting to Snowflake...
[2025-12-16T23:14:37.619+0000] {subprocess.py:93} INFO - [INFO] 2025-12-16 23:14:37 - Snowflake connection established.
[2025-12-16T23:14:37.627+0000] {subprocess.py:93} INFO - [INFO] 2025-12-16 23:14:37 - Using data directory: /opt/***/data/raw/source_system
[2025-12-16T23:14:37.627+0000] {subprocess.py:93} INFO - [INFO] 2025-12-16 23:14:37 - Ensuring RAW tables exist...
[2025-12-16T23:14:38.650+0000] {subprocess.py:93} INFO - [INFO] 2025-12-16 23:14:38 - RAW tables are ready.
[2025-12-16T23:14:38.652+0000] {subprocess.py:93} INFO - [INFO] 2025-12-16 23:14:38 - Ensuring RAW_LOAD_AUDIT table exists...
[2025-12-16T23:14:38.927+0000] {subprocess.py:93} INFO - [INFO] 2025-12-16 23:14:38 - RAW_LOAD_AUDIT table is ready.
[2025-12-16T23:14:38.929+0000] {subprocess.py:93} INFO - [INFO] 2025-12-16 23:14:38 - Truncating RAW tables before load (idempotent reload)...
[2025-12-16T23:14:40.572+0000] {subprocess.py:93} INFO - [INFO] 2025-12-16 23:14:40 - RAW tables truncated.
[2025-12-16T23:14:40.576+0000] {subprocess.py:93} INFO - [INFO] 2025-12-16 23:14:40 - Reading CSV: /opt/***/data/raw/source_system/materials.csv
[2025-12-16T23:14:40.587+0000] {subprocess.py:93} INFO - [INFO] 2025-12-16 23:14:40 - Loaded 500 rows from materials.csv
[2025-12-16T23:14:40.591+0000] {subprocess.py:93} INFO - [INFO] 2025-12-16 23:14:40 - Reading CSV: /opt/***/data/raw/source_system/batches.csv
[2025-12-16T23:14:40.626+0000] {subprocess.py:93} INFO - [INFO] 2025-12-16 23:14:40 - Loaded 10,000 rows from batches.csv
[2025-12-16T23:14:40.631+0000] {subprocess.py:93} INFO - [INFO] 2025-12-16 23:14:40 - Reading CSV: /opt/***/data/raw/source_system/production_orders.csv
[2025-12-16T23:14:40.678+0000] {subprocess.py:93} INFO - [INFO] 2025-12-16 23:14:40 - Loaded 10,000 rows from production_orders.csv
[2025-12-16T23:14:40.679+0000] {subprocess.py:93} INFO - [INFO] 2025-12-16 23:14:40 - [MATERIALS] Preparing to load 500 rows from materials.csv.
[2025-12-16T23:14:44.094+0000] {subprocess.py:93} INFO - [INFO] 2025-12-16 23:14:44 - [MATERIALS] write_pandas success=True, rows_loaded=500, chunks=1
[2025-12-16T23:14:44.379+0000] {subprocess.py:93} INFO - [INFO] 2025-12-16 23:14:44 - [MATERIALS] Total rows in table after load: 500
[2025-12-16T23:14:45.056+0000] {subprocess.py:93} INFO - [INFO] 2025-12-16 23:14:45 - [BATCHES] Preparing to load 10,000 rows from batches.csv.
[2025-12-16T23:14:48.615+0000] {subprocess.py:93} INFO - [INFO] 2025-12-16 23:14:48 - [BATCHES] write_pandas success=True, rows_loaded=10,000, chunks=1
[2025-12-16T23:14:48.893+0000] {subprocess.py:93} INFO - [INFO] 2025-12-16 23:14:48 - [BATCHES] Total rows in table after load: 10,000
[2025-12-16T23:14:49.505+0000] {subprocess.py:93} INFO - [INFO] 2025-12-16 23:14:49 - [PRODUCTION_ORDERS] Preparing to load 10,000 rows from production_orders.csv.
[2025-12-16T23:14:52.390+0000] {subprocess.py:93} INFO - [INFO] 2025-12-16 23:14:52 - [PRODUCTION_ORDERS] write_pandas success=True, rows_loaded=10,000, chunks=1
[2025-12-16T23:14:52.672+0000] {subprocess.py:93} INFO - [INFO] 2025-12-16 23:14:52 - [PRODUCTION_ORDERS] Total rows in table after load: 10,000
[2025-12-16T23:14:53.267+0000] {subprocess.py:93} INFO - [INFO] 2025-12-16 23:14:53 - All RAW tables loaded successfully and audited.
[2025-12-16T23:14:53.269+0000] {subprocess.py:93} INFO - [INFO] 2025-12-16 23:14:53 - Load ID: e9b26767-cf01-4c7a-9cc7-528ae5b62680
[2025-12-16T23:14:53.270+0000] {subprocess.py:93} INFO - [INFO] 2025-12-16 23:14:53 - Closing Snowflake cursor and connection...
[2025-12-16T23:14:53.749+0000] {subprocess.py:93} INFO - [INFO] 2025-12-16 23:14:53 - Snowflake connection closed.
[2025-12-16T23:14:53.953+0000] {subprocess.py:97} INFO - Command exited with return code 0
[2025-12-16T23:14:53.955+0000] {taskinstance.py:441} INFO - ::group::Post task execution logs
[2025-12-16T23:14:53.990+0000] {taskinstance.py:1205} INFO - Marking task as SUCCESS. dag_id=mfg_raw_ingestion_dag, task_id=ingest_raw_to_snowflake, execution_date=20251216T231325, start_date=20251216T231433, end_date=20251216T231453
[2025-12-16T23:14:54.045+0000] {local_task_job_runner.py:240} INFO - Task exited with return code 0
[2025-12-16T23:14:54.077+0000] {taskinstance.py:3482} INFO - 1 downstream tasks scheduled from follow-on schedule check
[2025-12-16T23:14:54.082+0000] {local_task_job_runner.py:222} INFO - ::endgroup::
