[2025-12-17T09:58:37.075+0000] {local_task_job_runner.py:120} INFO - ::group::Pre task execution logs
[2025-12-17T09:58:37.180+0000] {taskinstance.py:2073} INFO - Dependencies all met for dep_context=non-requeueable deps ti=<TaskInstance: mfg_raw_ingestion_dag.ingest_raw_to_snowflake manual__2025-12-17T09:58:36.362709+00:00 [queued]>
[2025-12-17T09:58:37.189+0000] {taskinstance.py:2073} INFO - Dependencies all met for dep_context=requeueable deps ti=<TaskInstance: mfg_raw_ingestion_dag.ingest_raw_to_snowflake manual__2025-12-17T09:58:36.362709+00:00 [queued]>
[2025-12-17T09:58:37.190+0000] {taskinstance.py:2303} INFO - Starting attempt 1 of 3
[2025-12-17T09:58:37.208+0000] {taskinstance.py:2327} INFO - Executing <Task(BashOperator): ingest_raw_to_snowflake> on 2025-12-17 09:58:36.362709+00:00
[2025-12-17T09:58:37.219+0000] {standard_task_runner.py:90} INFO - Running: ['***', 'tasks', 'run', 'mfg_raw_ingestion_dag', 'ingest_raw_to_snowflake', 'manual__2025-12-17T09:58:36.362709+00:00', '--job-id', '14', '--raw', '--subdir', 'DAGS_FOLDER/mfg_raw_ingestion_dag.py', '--cfg-path', '/tmp/tmp5q2cospk']
[2025-12-17T09:58:37.224+0000] {standard_task_runner.py:91} INFO - Job 14: Subtask ingest_raw_to_snowflake
[2025-12-17T09:58:37.226+0000] {logging_mixin.py:188} WARNING - /home/***/.local/lib/python3.12/site-packages/***/task/task_runner/standard_task_runner.py:61 DeprecationWarning: This process (pid=1631) is multi-threaded, use of fork() may lead to deadlocks in the child.
[2025-12-17T09:58:37.228+0000] {standard_task_runner.py:63} INFO - Started process 1632 to run task
[2025-12-17T09:58:37.318+0000] {task_command.py:426} INFO - Running <TaskInstance: mfg_raw_ingestion_dag.ingest_raw_to_snowflake manual__2025-12-17T09:58:36.362709+00:00 [running]> on host 68b68f67a494
[2025-12-17T09:58:37.486+0000] {taskinstance.py:2644} INFO - Exporting env vars: AIRFLOW_CTX_DAG_OWNER='data-eng' AIRFLOW_CTX_DAG_ID='mfg_raw_ingestion_dag' AIRFLOW_CTX_TASK_ID='ingest_raw_to_snowflake' AIRFLOW_CTX_EXECUTION_DATE='2025-12-17T09:58:36.362709+00:00' AIRFLOW_CTX_TRY_NUMBER='1' AIRFLOW_CTX_DAG_RUN_ID='manual__2025-12-17T09:58:36.362709+00:00'
[2025-12-17T09:58:37.488+0000] {taskinstance.py:430} INFO - ::endgroup::
[2025-12-17T09:58:37.512+0000] {subprocess.py:63} INFO - Tmp dir root location: /tmp
[2025-12-17T09:58:37.513+0000] {subprocess.py:75} INFO - Running command: ['/usr/bin/bash', '-c', 'python /opt/***/ingestion/python/load_raw_to_snowflake.py']
[2025-12-17T09:58:37.524+0000] {subprocess.py:86} INFO - Output:
[2025-12-17T09:58:39.934+0000] {subprocess.py:93} INFO - [INFO] 2025-12-17 09:58:39 - No .env at project root; assuming env vars are injected (Docker/Airflow).
[2025-12-17T09:58:39.937+0000] {subprocess.py:93} INFO - [INFO] 2025-12-17 09:58:39 - Starting run-aware load. load_id=mfg_raw_ingestion_dag::manual__2025-12-17T09:58:36.362709+00:00 dag_id=mfg_raw_ingestion_dag run_id=manual__2025-12-17T09:58:36.362709+00:00 task_id=ingest_raw_to_snowflake
[2025-12-17T09:58:39.938+0000] {subprocess.py:93} INFO - [INFO] 2025-12-17 09:58:39 - Using data directory: /opt/***/data/raw/source_system
[2025-12-17T09:58:39.938+0000] {subprocess.py:93} INFO - [INFO] 2025-12-17 09:58:39 - Connecting to Snowflake...
[2025-12-17T09:58:44.741+0000] {subprocess.py:93} INFO - [INFO] 2025-12-17 09:58:44 - Read 500 rows from materials.csv
[2025-12-17T09:58:44.767+0000] {subprocess.py:93} INFO - [INFO] 2025-12-17 09:58:44 - Read 10,000 rows from batches.csv
[2025-12-17T09:58:44.799+0000] {subprocess.py:93} INFO - [INFO] 2025-12-17 09:58:44 - Read 10,000 rows from production_orders.csv
[2025-12-17T09:58:44.800+0000] {subprocess.py:93} INFO - [INFO] 2025-12-17 09:58:44 - [MATERIALS_RUN] Deleting previous slice for load_id (retry-safe)...
[2025-12-17T09:58:45.833+0000] {subprocess.py:93} INFO - [INFO] 2025-12-17 09:58:45 - [MATERIALS_RUN] Loading 500 rows from materials.csv ...
[2025-12-17T09:58:48.852+0000] {subprocess.py:93} INFO - [INFO] 2025-12-17 09:58:48 - [MATERIALS_RUN] write_pandas success=True rows_loaded=500 chunks=1
[2025-12-17T09:58:49.554+0000] {subprocess.py:93} INFO - [INFO] 2025-12-17 09:58:49 - [BATCHES_RUN] Deleting previous slice for load_id (retry-safe)...
[2025-12-17T09:58:50.094+0000] {subprocess.py:93} INFO - [INFO] 2025-12-17 09:58:50 - [BATCHES_RUN] Loading 10,000 rows from batches.csv ...
[2025-12-17T09:58:53.218+0000] {subprocess.py:93} INFO - [INFO] 2025-12-17 09:58:53 - [BATCHES_RUN] write_pandas success=True rows_loaded=10,000 chunks=1
[2025-12-17T09:58:53.751+0000] {subprocess.py:93} INFO - [INFO] 2025-12-17 09:58:53 - [PRODUCTION_ORDERS_RUN] Deleting previous slice for load_id (retry-safe)...
[2025-12-17T09:58:54.412+0000] {subprocess.py:93} INFO - [INFO] 2025-12-17 09:58:54 - [PRODUCTION_ORDERS_RUN] Loading 10,000 rows from production_orders.csv ...
[2025-12-17T09:58:57.685+0000] {subprocess.py:93} INFO - [INFO] 2025-12-17 09:58:57 - [PRODUCTION_ORDERS_RUN] write_pandas success=True rows_loaded=10,000 chunks=1
[2025-12-17T09:59:01.825+0000] {subprocess.py:93} INFO - [INFO] 2025-12-17 09:59:01 - Run-aware load committed successfully. load_id=mfg_raw_ingestion_dag::manual__2025-12-17T09:58:36.362709+00:00
[2025-12-17T09:59:02.362+0000] {subprocess.py:97} INFO - Command exited with return code 0
[2025-12-17T09:59:02.363+0000] {taskinstance.py:441} INFO - ::group::Post task execution logs
[2025-12-17T09:59:02.399+0000] {taskinstance.py:1205} INFO - Marking task as SUCCESS. dag_id=mfg_raw_ingestion_dag, task_id=ingest_raw_to_snowflake, execution_date=20251217T095836, start_date=20251217T095837, end_date=20251217T095902
[2025-12-17T09:59:02.433+0000] {local_task_job_runner.py:240} INFO - Task exited with return code 0
[2025-12-17T09:59:02.463+0000] {taskinstance.py:3482} INFO - 1 downstream tasks scheduled from follow-on schedule check
[2025-12-17T09:59:02.468+0000] {local_task_job_runner.py:222} INFO - ::endgroup::
