[2025-12-12T23:09:11.126+0000] {local_task_job_runner.py:120} INFO - ::group::Pre task execution logs
[2025-12-12T23:09:11.158+0000] {taskinstance.py:2073} INFO - Dependencies all met for dep_context=non-requeueable deps ti=<TaskInstance: mfg_raw_ingestion_dag.ingest_raw_to_snowflake manual__2025-12-12T23:08:09.376237+00:00 [queued]>
[2025-12-12T23:09:11.166+0000] {taskinstance.py:2073} INFO - Dependencies all met for dep_context=requeueable deps ti=<TaskInstance: mfg_raw_ingestion_dag.ingest_raw_to_snowflake manual__2025-12-12T23:08:09.376237+00:00 [queued]>
[2025-12-12T23:09:11.167+0000] {taskinstance.py:2303} INFO - Starting attempt 1 of 3
[2025-12-12T23:09:11.183+0000] {taskinstance.py:2327} INFO - Executing <Task(BashOperator): ingest_raw_to_snowflake> on 2025-12-12 23:08:09.376237+00:00
[2025-12-12T23:09:11.191+0000] {standard_task_runner.py:90} INFO - Running: ['***', 'tasks', 'run', 'mfg_raw_ingestion_dag', 'ingest_raw_to_snowflake', 'manual__2025-12-12T23:08:09.376237+00:00', '--job-id', '5', '--raw', '--subdir', 'DAGS_FOLDER/mfg_raw_ingestion_dag.py', '--cfg-path', '/tmp/tmp8in5i__f']
[2025-12-12T23:09:11.194+0000] {standard_task_runner.py:91} INFO - Job 5: Subtask ingest_raw_to_snowflake
[2025-12-12T23:09:11.194+0000] {logging_mixin.py:188} WARNING - /home/***/.local/lib/python3.12/site-packages/***/task/task_runner/standard_task_runner.py:61 DeprecationWarning: This process (pid=478) is multi-threaded, use of fork() may lead to deadlocks in the child.
[2025-12-12T23:09:11.195+0000] {standard_task_runner.py:63} INFO - Started process 479 to run task
[2025-12-12T23:09:11.242+0000] {task_command.py:426} INFO - Running <TaskInstance: mfg_raw_ingestion_dag.ingest_raw_to_snowflake manual__2025-12-12T23:08:09.376237+00:00 [running]> on host 1159f6c9764f
[2025-12-12T23:09:11.335+0000] {taskinstance.py:2644} INFO - Exporting env vars: AIRFLOW_CTX_DAG_OWNER='data-engineering' AIRFLOW_CTX_DAG_ID='mfg_raw_ingestion_dag' AIRFLOW_CTX_TASK_ID='ingest_raw_to_snowflake' AIRFLOW_CTX_EXECUTION_DATE='2025-12-12T23:08:09.376237+00:00' AIRFLOW_CTX_TRY_NUMBER='1' AIRFLOW_CTX_DAG_RUN_ID='manual__2025-12-12T23:08:09.376237+00:00'
[2025-12-12T23:09:11.336+0000] {taskinstance.py:430} INFO - ::endgroup::
[2025-12-12T23:09:11.351+0000] {subprocess.py:63} INFO - Tmp dir root location: /tmp
[2025-12-12T23:09:11.352+0000] {subprocess.py:75} INFO - Running command: ['/usr/bin/bash', '-c', 'python /opt/***/ingestion/python/load_raw_to_snowflake.py']
[2025-12-12T23:09:11.362+0000] {subprocess.py:86} INFO - Output:
[2025-12-12T23:09:13.127+0000] {subprocess.py:93} INFO - [INFO] 2025-12-12 23:09:13 - Environment variables loaded from /opt/***/.env
[2025-12-12T23:09:13.128+0000] {subprocess.py:93} INFO - [INFO] 2025-12-12 23:09:13 - Connecting to Snowflake...
[2025-12-12T23:09:14.759+0000] {subprocess.py:93} INFO - [INFO] 2025-12-12 23:09:14 - Snowflake connection established.
[2025-12-12T23:09:14.766+0000] {subprocess.py:93} INFO - [INFO] 2025-12-12 23:09:14 - Using data directory: /opt/***/data/raw/source_system
[2025-12-12T23:09:14.767+0000] {subprocess.py:93} INFO - [INFO] 2025-12-12 23:09:14 - Ensuring RAW tables exist...
[2025-12-12T23:09:15.887+0000] {subprocess.py:93} INFO - [INFO] 2025-12-12 23:09:15 - RAW tables are ready.
[2025-12-12T23:09:15.888+0000] {subprocess.py:93} INFO - [INFO] 2025-12-12 23:09:15 - Ensuring RAW_LOAD_AUDIT table exists...
[2025-12-12T23:09:16.164+0000] {subprocess.py:93} INFO - [INFO] 2025-12-12 23:09:16 - RAW_LOAD_AUDIT table is ready.
[2025-12-12T23:09:16.165+0000] {subprocess.py:93} INFO - [INFO] 2025-12-12 23:09:16 - Truncating RAW tables before load (idempotent reload)...
[2025-12-12T23:09:17.555+0000] {subprocess.py:93} INFO - [INFO] 2025-12-12 23:09:17 - RAW tables truncated.
[2025-12-12T23:09:17.559+0000] {subprocess.py:93} INFO - [INFO] 2025-12-12 23:09:17 - Reading CSV: /opt/***/data/raw/source_system/materials.csv
[2025-12-12T23:09:17.568+0000] {subprocess.py:93} INFO - [INFO] 2025-12-12 23:09:17 - Loaded 500 rows from materials.csv
[2025-12-12T23:09:17.571+0000] {subprocess.py:93} INFO - [INFO] 2025-12-12 23:09:17 - Reading CSV: /opt/***/data/raw/source_system/batches.csv
[2025-12-12T23:09:17.597+0000] {subprocess.py:93} INFO - [INFO] 2025-12-12 23:09:17 - Loaded 10,000 rows from batches.csv
[2025-12-12T23:09:17.602+0000] {subprocess.py:93} INFO - [INFO] 2025-12-12 23:09:17 - Reading CSV: /opt/***/data/raw/source_system/production_orders.csv
[2025-12-12T23:09:17.634+0000] {subprocess.py:93} INFO - [INFO] 2025-12-12 23:09:17 - Loaded 10,000 rows from production_orders.csv
[2025-12-12T23:09:17.634+0000] {subprocess.py:93} INFO - [INFO] 2025-12-12 23:09:17 - [MATERIALS] Preparing to load 500 rows from materials.csv.
[2025-12-12T23:09:20.735+0000] {subprocess.py:93} INFO - [INFO] 2025-12-12 23:09:20 - [MATERIALS] write_pandas success=True, rows_loaded=500, chunks=1
[2025-12-12T23:09:21.013+0000] {subprocess.py:93} INFO - [INFO] 2025-12-12 23:09:21 - [MATERIALS] Total rows in table after load: 500
[2025-12-12T23:09:21.672+0000] {subprocess.py:93} INFO - [INFO] 2025-12-12 23:09:21 - [BATCHES] Preparing to load 10,000 rows from batches.csv.
[2025-12-12T23:09:25.612+0000] {subprocess.py:93} INFO - [INFO] 2025-12-12 23:09:25 - [BATCHES] write_pandas success=True, rows_loaded=10,000, chunks=1
[2025-12-12T23:09:25.871+0000] {subprocess.py:93} INFO - [INFO] 2025-12-12 23:09:25 - [BATCHES] Total rows in table after load: 10,000
[2025-12-12T23:09:26.487+0000] {subprocess.py:93} INFO - [INFO] 2025-12-12 23:09:26 - [PRODUCTION_ORDERS] Preparing to load 10,000 rows from production_orders.csv.
[2025-12-12T23:09:29.582+0000] {subprocess.py:93} INFO - [INFO] 2025-12-12 23:09:29 - [PRODUCTION_ORDERS] write_pandas success=True, rows_loaded=10,000, chunks=1
[2025-12-12T23:09:29.947+0000] {subprocess.py:93} INFO - [INFO] 2025-12-12 23:09:29 - [PRODUCTION_ORDERS] Total rows in table after load: 10,000
[2025-12-12T23:09:30.613+0000] {subprocess.py:93} INFO - [INFO] 2025-12-12 23:09:30 - All RAW tables loaded successfully and audited.
[2025-12-12T23:09:30.613+0000] {subprocess.py:93} INFO - [INFO] 2025-12-12 23:09:30 - Load ID: 91088602-e5a5-4bc7-8da8-1c3feabebe6b
[2025-12-12T23:09:30.614+0000] {subprocess.py:93} INFO - [INFO] 2025-12-12 23:09:30 - Closing Snowflake cursor and connection...
[2025-12-12T23:09:31.069+0000] {subprocess.py:93} INFO - [INFO] 2025-12-12 23:09:31 - Snowflake connection closed.
[2025-12-12T23:09:31.249+0000] {subprocess.py:97} INFO - Command exited with return code 0
[2025-12-12T23:09:31.251+0000] {taskinstance.py:441} INFO - ::group::Post task execution logs
[2025-12-12T23:09:31.277+0000] {taskinstance.py:1205} INFO - Marking task as SUCCESS. dag_id=mfg_raw_ingestion_dag, task_id=ingest_raw_to_snowflake, execution_date=20251212T230809, start_date=20251212T230911, end_date=20251212T230931
[2025-12-12T23:09:31.311+0000] {local_task_job_runner.py:240} INFO - Task exited with return code 0
[2025-12-12T23:09:31.332+0000] {taskinstance.py:3482} INFO - 1 downstream tasks scheduled from follow-on schedule check
[2025-12-12T23:09:31.338+0000] {local_task_job_runner.py:222} INFO - ::endgroup::
