[2025-12-17T18:20:34.275+0000] {local_task_job_runner.py:120} INFO - ::group::Pre task execution logs
[2025-12-17T18:20:34.317+0000] {taskinstance.py:2073} INFO - Dependencies all met for dep_context=non-requeueable deps ti=<TaskInstance: mfg_raw_ingestion_dag.dbt_run_all manual__2025-12-17T18:20:03.009540+00:00 [queued]>
[2025-12-17T18:20:34.331+0000] {taskinstance.py:2073} INFO - Dependencies all met for dep_context=requeueable deps ti=<TaskInstance: mfg_raw_ingestion_dag.dbt_run_all manual__2025-12-17T18:20:03.009540+00:00 [queued]>
[2025-12-17T18:20:34.332+0000] {taskinstance.py:2303} INFO - Starting attempt 1 of 3
[2025-12-17T18:20:34.355+0000] {taskinstance.py:2327} INFO - Executing <Task(BashOperator): dbt_run_all> on 2025-12-17 18:20:03.009540+00:00
[2025-12-17T18:20:34.363+0000] {logging_mixin.py:188} WARNING - /home/***/.local/lib/python3.12/site-packages/***/task/task_runner/standard_task_runner.py:61 DeprecationWarning: This process (pid=2027) is multi-threaded, use of fork() may lead to deadlocks in the child.
[2025-12-17T18:20:34.363+0000] {standard_task_runner.py:90} INFO - Running: ['***', 'tasks', 'run', 'mfg_raw_ingestion_dag', 'dbt_run_all', 'manual__2025-12-17T18:20:03.009540+00:00', '--job-id', '43', '--raw', '--subdir', 'DAGS_FOLDER/mfg_raw_ingestion_dag.py', '--cfg-path', '/tmp/tmp_7w75ch_']
[2025-12-17T18:20:34.365+0000] {standard_task_runner.py:63} INFO - Started process 2028 to run task
[2025-12-17T18:20:34.366+0000] {standard_task_runner.py:91} INFO - Job 43: Subtask dbt_run_all
[2025-12-17T18:20:34.433+0000] {task_command.py:426} INFO - Running <TaskInstance: mfg_raw_ingestion_dag.dbt_run_all manual__2025-12-17T18:20:03.009540+00:00 [running]> on host 8717822a88d5
[2025-12-17T18:20:34.547+0000] {taskinstance.py:2644} INFO - Exporting env vars: AIRFLOW_CTX_DAG_OWNER='data-eng' AIRFLOW_CTX_DAG_ID='mfg_raw_ingestion_dag' AIRFLOW_CTX_TASK_ID='dbt_run_all' AIRFLOW_CTX_EXECUTION_DATE='2025-12-17T18:20:03.009540+00:00' AIRFLOW_CTX_TRY_NUMBER='1' AIRFLOW_CTX_DAG_RUN_ID='manual__2025-12-17T18:20:03.009540+00:00'
[2025-12-17T18:20:34.549+0000] {taskinstance.py:430} INFO - ::endgroup::
[2025-12-17T18:20:34.565+0000] {subprocess.py:63} INFO - Tmp dir root location: /tmp
[2025-12-17T18:20:34.567+0000] {subprocess.py:75} INFO - Running command: ['/usr/bin/bash', '-c', 'cd /opt/***/dbt_project && dbt run --profiles-dir /opt/***/dbt_profiles']
[2025-12-17T18:20:34.575+0000] {subprocess.py:86} INFO - Output:
[2025-12-17T18:20:36.852+0000] {subprocess.py:93} INFO - [0m18:20:36  Running with dbt=1.8.4
[2025-12-17T18:20:38.103+0000] {subprocess.py:93} INFO - [0m18:20:38  Registered adapter: snowflake=1.8.4
[2025-12-17T18:20:38.925+0000] {subprocess.py:93} INFO - [0m18:20:38  Found 8 models, 24 data tests, 3 sources, 460 macros
[2025-12-17T18:20:38.930+0000] {subprocess.py:93} INFO - [0m18:20:38
[2025-12-17T18:20:42.961+0000] {subprocess.py:93} INFO - [0m18:20:42  Concurrency: 4 threads (target='dev')
[2025-12-17T18:20:42.963+0000] {subprocess.py:93} INFO - [0m18:20:42
[2025-12-17T18:20:42.980+0000] {subprocess.py:93} INFO - [0m18:20:42  1 of 8 START sql view model STAGING.stg_batches ................................ [RUN]
[2025-12-17T18:20:42.982+0000] {subprocess.py:93} INFO - [0m18:20:42  2 of 8 START sql view model STAGING.stg_materials .............................. [RUN]
[2025-12-17T18:20:42.984+0000] {subprocess.py:93} INFO - [0m18:20:42  3 of 8 START sql view model STAGING.stg_production_orders ...................... [RUN]
[2025-12-17T18:20:45.061+0000] {subprocess.py:93} INFO - [0m18:20:45  2 of 8 OK created sql view model STAGING.stg_materials ......................... [[32mSUCCESS 1[0m in 2.07s]
[2025-12-17T18:20:45.067+0000] {subprocess.py:93} INFO - [0m18:20:45  4 of 8 START sql table model CORE.core_materials ............................... [RUN]
[2025-12-17T18:20:45.153+0000] {subprocess.py:93} INFO - [0m18:20:45  3 of 8 OK created sql view model STAGING.stg_production_orders ................. [[32mSUCCESS 1[0m in 2.14s]
[2025-12-17T18:20:45.248+0000] {subprocess.py:93} INFO - [0m18:20:45  1 of 8 OK created sql view model STAGING.stg_batches ........................... [[32mSUCCESS 1[0m in 2.26s]
[2025-12-17T18:20:48.122+0000] {subprocess.py:93} INFO - [0m18:20:48  4 of 8 OK created sql table model CORE.core_materials .......................... [[32mSUCCESS 1[0m in 3.05s]
[2025-12-17T18:20:48.130+0000] {subprocess.py:93} INFO - [0m18:20:48  5 of 8 START sql table model CORE.core_batches ................................. [RUN]
[2025-12-17T18:20:48.132+0000] {subprocess.py:93} INFO - [0m18:20:48  6 of 8 START sql table model CORE.fct_production_orders ........................ [RUN]
[2025-12-17T18:20:50.888+0000] {subprocess.py:93} INFO - [0m18:20:50  6 of 8 OK created sql table model CORE.fct_production_orders ................... [[32mSUCCESS 1[0m in 2.75s]
[2025-12-17T18:20:51.195+0000] {subprocess.py:93} INFO - [0m18:20:51  5 of 8 OK created sql table model CORE.core_batches ............................ [[32mSUCCESS 1[0m in 3.06s]
[2025-12-17T18:20:51.202+0000] {subprocess.py:93} INFO - [0m18:20:51  7 of 8 START sql table model MARTS.mfg_ml_features_orders ...................... [RUN]
[2025-12-17T18:20:51.203+0000] {subprocess.py:93} INFO - [0m18:20:51  8 of 8 START sql table model MARTS.mfg_plant_daily_kpis ........................ [RUN]
[2025-12-17T18:20:53.923+0000] {subprocess.py:93} INFO - [0m18:20:53  7 of 8 OK created sql table model MARTS.mfg_ml_features_orders ................. [[32mSUCCESS 1[0m in 2.72s]
[2025-12-17T18:20:54.069+0000] {subprocess.py:93} INFO - [0m18:20:54  8 of 8 OK created sql table model MARTS.mfg_plant_daily_kpis ................... [[32mSUCCESS 1[0m in 2.86s]
[2025-12-17T18:20:54.083+0000] {subprocess.py:93} INFO - [0m18:20:54
[2025-12-17T18:20:54.085+0000] {subprocess.py:93} INFO - [0m18:20:54  Finished running 3 view models, 5 table models in 0 hours 0 minutes and 15.15 seconds (15.15s).
[2025-12-17T18:20:54.177+0000] {subprocess.py:93} INFO - [0m18:20:54
[2025-12-17T18:20:54.179+0000] {subprocess.py:93} INFO - [0m18:20:54  [32mCompleted successfully[0m
[2025-12-17T18:20:54.180+0000] {subprocess.py:93} INFO - [0m18:20:54
[2025-12-17T18:20:54.182+0000] {subprocess.py:93} INFO - [0m18:20:54  Done. PASS=8 WARN=0 ERROR=0 SKIP=0 TOTAL=8
[2025-12-17T18:20:55.294+0000] {subprocess.py:97} INFO - Command exited with return code 0
[2025-12-17T18:20:55.296+0000] {taskinstance.py:441} INFO - ::group::Post task execution logs
[2025-12-17T18:20:55.364+0000] {taskinstance.py:1205} INFO - Marking task as SUCCESS. dag_id=mfg_raw_ingestion_dag, task_id=dbt_run_all, execution_date=20251217T182003, start_date=20251217T182034, end_date=20251217T182055
[2025-12-17T18:20:55.472+0000] {local_task_job_runner.py:240} INFO - Task exited with return code 0
[2025-12-17T18:20:55.498+0000] {taskinstance.py:3482} INFO - 1 downstream tasks scheduled from follow-on schedule check
[2025-12-17T18:20:55.503+0000] {local_task_job_runner.py:222} INFO - ::endgroup::
