[2025-12-16T23:15:12.869+0000] {local_task_job_runner.py:120} INFO - ::group::Pre task execution logs
[2025-12-16T23:15:12.930+0000] {taskinstance.py:2073} INFO - Dependencies all met for dep_context=non-requeueable deps ti=<TaskInstance: mfg_dbt_transform_dag.dbt_run_staging scheduled__2025-12-15T04:15:00+00:00 [queued]>
[2025-12-16T23:15:12.943+0000] {taskinstance.py:2073} INFO - Dependencies all met for dep_context=requeueable deps ti=<TaskInstance: mfg_dbt_transform_dag.dbt_run_staging scheduled__2025-12-15T04:15:00+00:00 [queued]>
[2025-12-16T23:15:12.944+0000] {taskinstance.py:2303} INFO - Starting attempt 1 of 3
[2025-12-16T23:15:12.970+0000] {taskinstance.py:2327} INFO - Executing <Task(BashOperator): dbt_run_staging> on 2025-12-15 04:15:00+00:00
[2025-12-16T23:15:12.986+0000] {standard_task_runner.py:90} INFO - Running: ['***', 'tasks', 'run', 'mfg_dbt_transform_dag', 'dbt_run_staging', 'scheduled__2025-12-15T04:15:00+00:00', '--job-id', '7', '--raw', '--subdir', 'DAGS_FOLDER/mfg_dbt_transform_dag.py', '--cfg-path', '/tmp/tmpzsjkssgj']
[2025-12-16T23:15:12.995+0000] {standard_task_runner.py:91} INFO - Job 7: Subtask dbt_run_staging
[2025-12-16T23:15:12.999+0000] {logging_mixin.py:188} WARNING - /home/***/.local/lib/python3.12/site-packages/***/task/task_runner/standard_task_runner.py:61 DeprecationWarning: This process (pid=474) is multi-threaded, use of fork() may lead to deadlocks in the child.
[2025-12-16T23:15:13.004+0000] {standard_task_runner.py:63} INFO - Started process 475 to run task
[2025-12-16T23:15:13.095+0000] {task_command.py:426} INFO - Running <TaskInstance: mfg_dbt_transform_dag.dbt_run_staging scheduled__2025-12-15T04:15:00+00:00 [running]> on host f349782282f8
[2025-12-16T23:15:13.218+0000] {taskinstance.py:2644} INFO - Exporting env vars: AIRFLOW_CTX_DAG_OWNER='data-engineering' AIRFLOW_CTX_DAG_ID='mfg_dbt_transform_dag' AIRFLOW_CTX_TASK_ID='dbt_run_staging' AIRFLOW_CTX_EXECUTION_DATE='2025-12-15T04:15:00+00:00' AIRFLOW_CTX_TRY_NUMBER='1' AIRFLOW_CTX_DAG_RUN_ID='scheduled__2025-12-15T04:15:00+00:00'
[2025-12-16T23:15:13.219+0000] {taskinstance.py:430} INFO - ::endgroup::
[2025-12-16T23:15:13.246+0000] {subprocess.py:63} INFO - Tmp dir root location: /tmp
[2025-12-16T23:15:13.247+0000] {subprocess.py:75} INFO - Running command: ['/usr/bin/bash', '-c', 'cd /opt/***/dbt_project && dbt run --select staging --profiles-dir /opt/***/dbt_profiles']
[2025-12-16T23:15:13.260+0000] {subprocess.py:86} INFO - Output:
[2025-12-16T23:15:17.388+0000] {subprocess.py:93} INFO - [0m23:15:17  Running with dbt=1.10.16
[2025-12-16T23:15:19.413+0000] {subprocess.py:93} INFO - [0m23:15:19  Registered adapter: snowflake=1.10.4
[2025-12-16T23:15:20.532+0000] {subprocess.py:93} INFO - [0m23:15:20  Found 8 models, 24 data tests, 3 sources, 504 macros
[2025-12-16T23:15:20.540+0000] {subprocess.py:93} INFO - [0m23:15:20
[2025-12-16T23:15:20.543+0000] {subprocess.py:93} INFO - [0m23:15:20  Concurrency: 4 threads (target='dev')
[2025-12-16T23:15:20.545+0000] {subprocess.py:93} INFO - [0m23:15:20
[2025-12-16T23:15:22.808+0000] {subprocess.py:93} INFO - [0m23:15:22  1 of 3 START sql view model ANALYTICS_analytics.stg_batches .................... [RUN]
[2025-12-16T23:15:22.810+0000] {subprocess.py:93} INFO - [0m23:15:22  2 of 3 START sql view model ANALYTICS_analytics.stg_materials .................. [RUN]
[2025-12-16T23:15:22.813+0000] {subprocess.py:93} INFO - [0m23:15:22  3 of 3 START sql view model ANALYTICS_analytics.stg_production_orders .......... [RUN]
[2025-12-16T23:15:23.826+0000] {subprocess.py:93} INFO - [0m23:15:23  1 of 3 OK created sql view model ANALYTICS_analytics.stg_batches ............... [[32mSUCCESS 1[0m in 1.01s]
[2025-12-16T23:15:25.080+0000] {subprocess.py:93} INFO - [0m23:15:25  3 of 3 OK created sql view model ANALYTICS_analytics.stg_production_orders ..... [[32mSUCCESS 1[0m in 2.26s]
[2025-12-16T23:15:25.150+0000] {subprocess.py:93} INFO - [0m23:15:25  2 of 3 OK created sql view model ANALYTICS_analytics.stg_materials ............. [[32mSUCCESS 1[0m in 2.33s]
[2025-12-16T23:15:26.720+0000] {subprocess.py:93} INFO - [0m23:15:26
[2025-12-16T23:15:26.722+0000] {subprocess.py:93} INFO - [0m23:15:26  Finished running 3 view models in 0 hours 0 minutes and 6.17 seconds (6.17s).
[2025-12-16T23:15:26.844+0000] {subprocess.py:93} INFO - [0m23:15:26
[2025-12-16T23:15:26.845+0000] {subprocess.py:93} INFO - [0m23:15:26  [32mCompleted successfully[0m
[2025-12-16T23:15:26.847+0000] {subprocess.py:93} INFO - [0m23:15:26
[2025-12-16T23:15:26.849+0000] {subprocess.py:93} INFO - [0m23:15:26  Done. PASS=3 WARN=0 ERROR=0 SKIP=0 NO-OP=0 TOTAL=3
[2025-12-16T23:15:28.043+0000] {subprocess.py:97} INFO - Command exited with return code 0
[2025-12-16T23:15:28.045+0000] {taskinstance.py:441} INFO - ::group::Post task execution logs
[2025-12-16T23:15:28.079+0000] {taskinstance.py:1205} INFO - Marking task as SUCCESS. dag_id=mfg_dbt_transform_dag, task_id=dbt_run_staging, execution_date=20251215T041500, start_date=20251216T231512, end_date=20251216T231528
[2025-12-16T23:15:28.141+0000] {local_task_job_runner.py:240} INFO - Task exited with return code 0
[2025-12-16T23:15:28.178+0000] {taskinstance.py:3482} INFO - 1 downstream tasks scheduled from follow-on schedule check
[2025-12-16T23:15:28.183+0000] {local_task_job_runner.py:222} INFO - ::endgroup::
