[2025-12-17T07:12:18.079+0000] {local_task_job_runner.py:120} INFO - ::group::Pre task execution logs
[2025-12-17T07:12:18.109+0000] {taskinstance.py:2073} INFO - Dependencies all met for dep_context=non-requeueable deps ti=<TaskInstance: mfg_dbt_transform_dag.dbt_run_core scheduled__2025-12-16T04:15:00+00:00 [queued]>
[2025-12-17T07:12:18.117+0000] {taskinstance.py:2073} INFO - Dependencies all met for dep_context=requeueable deps ti=<TaskInstance: mfg_dbt_transform_dag.dbt_run_core scheduled__2025-12-16T04:15:00+00:00 [queued]>
[2025-12-17T07:12:18.118+0000] {taskinstance.py:2303} INFO - Starting attempt 1 of 3
[2025-12-17T07:12:18.133+0000] {taskinstance.py:2327} INFO - Executing <Task(BashOperator): dbt_run_core> on 2025-12-16 04:15:00+00:00
[2025-12-17T07:12:18.141+0000] {logging_mixin.py:188} WARNING - /home/***/.local/lib/python3.12/site-packages/***/task/task_runner/standard_task_runner.py:61 DeprecationWarning: This process (pid=2878) is multi-threaded, use of fork() may lead to deadlocks in the child.
[2025-12-17T07:12:18.142+0000] {standard_task_runner.py:63} INFO - Started process 2879 to run task
[2025-12-17T07:12:18.141+0000] {standard_task_runner.py:90} INFO - Running: ['***', 'tasks', 'run', 'mfg_dbt_transform_dag', 'dbt_run_core', 'scheduled__2025-12-16T04:15:00+00:00', '--job-id', '35', '--raw', '--subdir', 'DAGS_FOLDER/mfg_dbt_transform_dag.py', '--cfg-path', '/tmp/tmpbgyim_3m']
[2025-12-17T07:12:18.143+0000] {standard_task_runner.py:91} INFO - Job 35: Subtask dbt_run_core
[2025-12-17T07:12:18.203+0000] {task_command.py:426} INFO - Running <TaskInstance: mfg_dbt_transform_dag.dbt_run_core scheduled__2025-12-16T04:15:00+00:00 [running]> on host f349782282f8
[2025-12-17T07:12:18.312+0000] {taskinstance.py:2644} INFO - Exporting env vars: AIRFLOW_CTX_DAG_OWNER='data-engineering' AIRFLOW_CTX_DAG_ID='mfg_dbt_transform_dag' AIRFLOW_CTX_TASK_ID='dbt_run_core' AIRFLOW_CTX_EXECUTION_DATE='2025-12-16T04:15:00+00:00' AIRFLOW_CTX_TRY_NUMBER='1' AIRFLOW_CTX_DAG_RUN_ID='scheduled__2025-12-16T04:15:00+00:00'
[2025-12-17T07:12:18.313+0000] {taskinstance.py:430} INFO - ::endgroup::
[2025-12-17T07:12:18.331+0000] {subprocess.py:63} INFO - Tmp dir root location: /tmp
[2025-12-17T07:12:18.333+0000] {subprocess.py:75} INFO - Running command: ['/usr/bin/bash', '-c', 'cd /opt/***/dbt_project && dbt run --select core --profiles-dir /opt/***/dbt_profiles']
[2025-12-17T07:12:18.343+0000] {subprocess.py:86} INFO - Output:
[2025-12-17T07:12:21.389+0000] {subprocess.py:93} INFO - [0m07:12:21  Running with dbt=1.10.16
[2025-12-17T07:12:22.646+0000] {subprocess.py:93} INFO - [0m07:12:22  Registered adapter: snowflake=1.10.4
[2025-12-17T07:12:23.293+0000] {subprocess.py:93} INFO - [0m07:12:23  Found 8 models, 24 data tests, 3 sources, 504 macros
[2025-12-17T07:12:23.298+0000] {subprocess.py:93} INFO - [0m07:12:23
[2025-12-17T07:12:23.300+0000] {subprocess.py:93} INFO - [0m07:12:23  Concurrency: 4 threads (target='dev')
[2025-12-17T07:12:23.301+0000] {subprocess.py:93} INFO - [0m07:12:23
[2025-12-17T07:12:24.834+0000] {subprocess.py:93} INFO - [0m07:12:24  1 of 3 START sql table model ANALYTICS_analytics.core_materials ................ [RUN]
[2025-12-17T07:12:26.176+0000] {subprocess.py:93} INFO - [0m07:12:26  1 of 3 OK created sql table model ANALYTICS_analytics.core_materials ........... [[32mSUCCESS 1[0m in 1.34s]
[2025-12-17T07:12:26.182+0000] {subprocess.py:93} INFO - [0m07:12:26  2 of 3 START sql table model ANALYTICS_analytics.core_batches .................. [RUN]
[2025-12-17T07:12:26.183+0000] {subprocess.py:93} INFO - [0m07:12:26  3 of 3 START sql table model ANALYTICS_analytics.fct_production_orders ......... [RUN]
[2025-12-17T07:12:28.005+0000] {subprocess.py:93} INFO - [0m07:12:28  2 of 3 OK created sql table model ANALYTICS_analytics.core_batches ............. [[32mSUCCESS 1[0m in 1.82s]
[2025-12-17T07:12:28.086+0000] {subprocess.py:93} INFO - [0m07:12:28  3 of 3 OK created sql table model ANALYTICS_analytics.fct_production_orders .... [[32mSUCCESS 1[0m in 1.90s]
[2025-12-17T07:12:29.326+0000] {subprocess.py:93} INFO - [0m07:12:29
[2025-12-17T07:12:29.328+0000] {subprocess.py:93} INFO - [0m07:12:29  Finished running 3 table models in 0 hours 0 minutes and 6.02 seconds (6.02s).
[2025-12-17T07:12:29.412+0000] {subprocess.py:93} INFO - [0m07:12:29
[2025-12-17T07:12:29.414+0000] {subprocess.py:93} INFO - [0m07:12:29  [32mCompleted successfully[0m
[2025-12-17T07:12:29.415+0000] {subprocess.py:93} INFO - [0m07:12:29
[2025-12-17T07:12:29.416+0000] {subprocess.py:93} INFO - [0m07:12:29  Done. PASS=3 WARN=0 ERROR=0 SKIP=0 NO-OP=0 TOTAL=3
[2025-12-17T07:12:30.386+0000] {subprocess.py:97} INFO - Command exited with return code 0
[2025-12-17T07:12:30.388+0000] {taskinstance.py:441} INFO - ::group::Post task execution logs
[2025-12-17T07:12:30.414+0000] {taskinstance.py:1205} INFO - Marking task as SUCCESS. dag_id=mfg_dbt_transform_dag, task_id=dbt_run_core, execution_date=20251216T041500, start_date=20251217T071218, end_date=20251217T071230
[2025-12-17T07:12:30.470+0000] {local_task_job_runner.py:240} INFO - Task exited with return code 0
[2025-12-17T07:12:30.491+0000] {taskinstance.py:3482} INFO - 1 downstream tasks scheduled from follow-on schedule check
[2025-12-17T07:12:30.496+0000] {local_task_job_runner.py:222} INFO - ::endgroup::
