[2025-12-10T22:21:22.164+0000] {processor.py:161} INFO - Started process (PID=203) to work on /opt/airflow/dags/mfg_pipeline.py
[2025-12-10T22:21:22.167+0000] {processor.py:830} INFO - Processing file /opt/airflow/dags/mfg_pipeline.py for tasks to queue
[2025-12-10T22:21:22.172+0000] {logging_mixin.py:188} INFO - [2025-12-10T22:21:22.171+0000] {dagbag.py:540} INFO - Filling up the DagBag from /opt/airflow/dags/mfg_pipeline.py
[2025-12-10T22:21:22.238+0000] {processor.py:840} INFO - DAG(s) 'mfg_accelerator_pipeline' retrieved from /opt/airflow/dags/mfg_pipeline.py
[2025-12-10T22:21:22.658+0000] {logging_mixin.py:188} INFO - [2025-12-10T22:21:22.657+0000] {override.py:1829} INFO - Created Permission View: can delete on DAG:mfg_accelerator_pipeline
[2025-12-10T22:21:22.675+0000] {logging_mixin.py:188} INFO - [2025-12-10T22:21:22.674+0000] {override.py:1829} INFO - Created Permission View: can edit on DAG:mfg_accelerator_pipeline
[2025-12-10T22:21:22.687+0000] {logging_mixin.py:188} INFO - [2025-12-10T22:21:22.686+0000] {override.py:1829} INFO - Created Permission View: can read on DAG:mfg_accelerator_pipeline
[2025-12-10T22:21:22.688+0000] {logging_mixin.py:188} INFO - [2025-12-10T22:21:22.688+0000] {dag.py:3096} INFO - Sync 1 DAGs
[2025-12-10T22:21:22.706+0000] {logging_mixin.py:188} INFO - [2025-12-10T22:21:22.705+0000] {dag.py:3118} INFO - Creating ORM DAG for mfg_accelerator_pipeline
[2025-12-10T22:21:22.707+0000] {logging_mixin.py:188} INFO - [2025-12-10T22:21:22.707+0000] {dag.py:3954} INFO - Setting next_dagrun for mfg_accelerator_pipeline to None, run_after=None
[2025-12-10T22:21:22.738+0000] {processor.py:183} INFO - Processing /opt/airflow/dags/mfg_pipeline.py took 0.587 seconds
[2025-12-10T22:21:52.942+0000] {processor.py:161} INFO - Started process (PID=208) to work on /opt/airflow/dags/mfg_pipeline.py
[2025-12-10T22:21:52.943+0000] {processor.py:830} INFO - Processing file /opt/airflow/dags/mfg_pipeline.py for tasks to queue
[2025-12-10T22:21:52.945+0000] {logging_mixin.py:188} INFO - [2025-12-10T22:21:52.945+0000] {dagbag.py:540} INFO - Filling up the DagBag from /opt/airflow/dags/mfg_pipeline.py
[2025-12-10T22:21:52.966+0000] {processor.py:840} INFO - DAG(s) 'mfg_accelerator_pipeline' retrieved from /opt/airflow/dags/mfg_pipeline.py
[2025-12-10T22:21:52.993+0000] {logging_mixin.py:188} INFO - [2025-12-10T22:21:52.993+0000] {dag.py:3096} INFO - Sync 1 DAGs
[2025-12-10T22:21:53.006+0000] {logging_mixin.py:188} INFO - [2025-12-10T22:21:53.006+0000] {dag.py:3954} INFO - Setting next_dagrun for mfg_accelerator_pipeline to None, run_after=None
[2025-12-10T22:21:53.030+0000] {processor.py:183} INFO - Processing /opt/airflow/dags/mfg_pipeline.py took 0.094 seconds
[2025-12-10T22:22:23.113+0000] {processor.py:161} INFO - Started process (PID=213) to work on /opt/airflow/dags/mfg_pipeline.py
[2025-12-10T22:22:23.114+0000] {processor.py:830} INFO - Processing file /opt/airflow/dags/mfg_pipeline.py for tasks to queue
[2025-12-10T22:22:23.116+0000] {logging_mixin.py:188} INFO - [2025-12-10T22:22:23.116+0000] {dagbag.py:540} INFO - Filling up the DagBag from /opt/airflow/dags/mfg_pipeline.py
[2025-12-10T22:22:23.146+0000] {processor.py:840} INFO - DAG(s) 'mfg_accelerator_pipeline' retrieved from /opt/airflow/dags/mfg_pipeline.py
[2025-12-10T22:22:23.175+0000] {logging_mixin.py:188} INFO - [2025-12-10T22:22:23.175+0000] {dag.py:3096} INFO - Sync 1 DAGs
[2025-12-10T22:22:23.188+0000] {logging_mixin.py:188} INFO - [2025-12-10T22:22:23.187+0000] {dag.py:3954} INFO - Setting next_dagrun for mfg_accelerator_pipeline to None, run_after=None
[2025-12-10T22:22:23.212+0000] {processor.py:183} INFO - Processing /opt/airflow/dags/mfg_pipeline.py took 0.104 seconds
[2025-12-10T22:22:53.378+0000] {processor.py:161} INFO - Started process (PID=218) to work on /opt/airflow/dags/mfg_pipeline.py
[2025-12-10T22:22:53.379+0000] {processor.py:830} INFO - Processing file /opt/airflow/dags/mfg_pipeline.py for tasks to queue
[2025-12-10T22:22:53.381+0000] {logging_mixin.py:188} INFO - [2025-12-10T22:22:53.380+0000] {dagbag.py:540} INFO - Filling up the DagBag from /opt/airflow/dags/mfg_pipeline.py
[2025-12-10T22:22:53.413+0000] {processor.py:840} INFO - DAG(s) 'mfg_accelerator_pipeline' retrieved from /opt/airflow/dags/mfg_pipeline.py
[2025-12-10T22:22:53.446+0000] {logging_mixin.py:188} INFO - [2025-12-10T22:22:53.446+0000] {dag.py:3096} INFO - Sync 1 DAGs
[2025-12-10T22:22:53.464+0000] {logging_mixin.py:188} INFO - [2025-12-10T22:22:53.464+0000] {dag.py:3954} INFO - Setting next_dagrun for mfg_accelerator_pipeline to None, run_after=None
[2025-12-10T22:22:53.490+0000] {processor.py:183} INFO - Processing /opt/airflow/dags/mfg_pipeline.py took 0.117 seconds
[2025-12-10T22:23:23.588+0000] {processor.py:161} INFO - Started process (PID=223) to work on /opt/airflow/dags/mfg_pipeline.py
[2025-12-10T22:23:23.589+0000] {processor.py:830} INFO - Processing file /opt/airflow/dags/mfg_pipeline.py for tasks to queue
[2025-12-10T22:23:23.594+0000] {logging_mixin.py:188} INFO - [2025-12-10T22:23:23.593+0000] {dagbag.py:540} INFO - Filling up the DagBag from /opt/airflow/dags/mfg_pipeline.py
[2025-12-10T22:23:23.647+0000] {processor.py:840} INFO - DAG(s) 'mfg_accelerator_pipeline' retrieved from /opt/airflow/dags/mfg_pipeline.py
[2025-12-10T22:23:23.700+0000] {logging_mixin.py:188} INFO - [2025-12-10T22:23:23.700+0000] {dag.py:3096} INFO - Sync 1 DAGs
[2025-12-10T22:23:23.732+0000] {logging_mixin.py:188} INFO - [2025-12-10T22:23:23.732+0000] {dag.py:3954} INFO - Setting next_dagrun for mfg_accelerator_pipeline to None, run_after=None
[2025-12-10T22:23:23.771+0000] {processor.py:183} INFO - Processing /opt/airflow/dags/mfg_pipeline.py took 0.199 seconds
[2025-12-10T22:23:53.846+0000] {processor.py:161} INFO - Started process (PID=228) to work on /opt/airflow/dags/mfg_pipeline.py
[2025-12-10T22:23:53.848+0000] {processor.py:830} INFO - Processing file /opt/airflow/dags/mfg_pipeline.py for tasks to queue
[2025-12-10T22:23:53.850+0000] {logging_mixin.py:188} INFO - [2025-12-10T22:23:53.849+0000] {dagbag.py:540} INFO - Filling up the DagBag from /opt/airflow/dags/mfg_pipeline.py
[2025-12-10T22:23:53.877+0000] {processor.py:840} INFO - DAG(s) 'mfg_accelerator_pipeline' retrieved from /opt/airflow/dags/mfg_pipeline.py
[2025-12-10T22:23:53.906+0000] {logging_mixin.py:188} INFO - [2025-12-10T22:23:53.906+0000] {dag.py:3096} INFO - Sync 1 DAGs
[2025-12-10T22:23:53.921+0000] {logging_mixin.py:188} INFO - [2025-12-10T22:23:53.921+0000] {dag.py:3954} INFO - Setting next_dagrun for mfg_accelerator_pipeline to None, run_after=None
[2025-12-10T22:23:53.946+0000] {processor.py:183} INFO - Processing /opt/airflow/dags/mfg_pipeline.py took 0.107 seconds
[2025-12-10T22:24:24.136+0000] {processor.py:161} INFO - Started process (PID=233) to work on /opt/airflow/dags/mfg_pipeline.py
[2025-12-10T22:24:24.137+0000] {processor.py:830} INFO - Processing file /opt/airflow/dags/mfg_pipeline.py for tasks to queue
[2025-12-10T22:24:24.139+0000] {logging_mixin.py:188} INFO - [2025-12-10T22:24:24.139+0000] {dagbag.py:540} INFO - Filling up the DagBag from /opt/airflow/dags/mfg_pipeline.py
[2025-12-10T22:24:24.161+0000] {processor.py:840} INFO - DAG(s) 'mfg_accelerator_pipeline' retrieved from /opt/airflow/dags/mfg_pipeline.py
[2025-12-10T22:24:24.187+0000] {logging_mixin.py:188} INFO - [2025-12-10T22:24:24.187+0000] {dag.py:3096} INFO - Sync 1 DAGs
[2025-12-10T22:24:24.203+0000] {logging_mixin.py:188} INFO - [2025-12-10T22:24:24.203+0000] {dag.py:3954} INFO - Setting next_dagrun for mfg_accelerator_pipeline to None, run_after=None
[2025-12-10T22:24:24.236+0000] {processor.py:183} INFO - Processing /opt/airflow/dags/mfg_pipeline.py took 0.105 seconds
[2025-12-10T22:24:54.323+0000] {processor.py:161} INFO - Started process (PID=238) to work on /opt/airflow/dags/mfg_pipeline.py
[2025-12-10T22:24:54.324+0000] {processor.py:830} INFO - Processing file /opt/airflow/dags/mfg_pipeline.py for tasks to queue
[2025-12-10T22:24:54.327+0000] {logging_mixin.py:188} INFO - [2025-12-10T22:24:54.327+0000] {dagbag.py:540} INFO - Filling up the DagBag from /opt/airflow/dags/mfg_pipeline.py
[2025-12-10T22:24:54.352+0000] {processor.py:840} INFO - DAG(s) 'mfg_accelerator_pipeline' retrieved from /opt/airflow/dags/mfg_pipeline.py
[2025-12-10T22:24:54.381+0000] {logging_mixin.py:188} INFO - [2025-12-10T22:24:54.381+0000] {dag.py:3096} INFO - Sync 1 DAGs
[2025-12-10T22:24:54.395+0000] {logging_mixin.py:188} INFO - [2025-12-10T22:24:54.395+0000] {dag.py:3954} INFO - Setting next_dagrun for mfg_accelerator_pipeline to None, run_after=None
[2025-12-10T22:24:54.418+0000] {processor.py:183} INFO - Processing /opt/airflow/dags/mfg_pipeline.py took 0.102 seconds
[2025-12-10T22:25:24.606+0000] {processor.py:161} INFO - Started process (PID=246) to work on /opt/airflow/dags/mfg_pipeline.py
[2025-12-10T22:25:24.607+0000] {processor.py:830} INFO - Processing file /opt/airflow/dags/mfg_pipeline.py for tasks to queue
[2025-12-10T22:25:24.609+0000] {logging_mixin.py:188} INFO - [2025-12-10T22:25:24.608+0000] {dagbag.py:540} INFO - Filling up the DagBag from /opt/airflow/dags/mfg_pipeline.py
[2025-12-10T22:25:24.632+0000] {processor.py:840} INFO - DAG(s) 'mfg_accelerator_pipeline' retrieved from /opt/airflow/dags/mfg_pipeline.py
[2025-12-10T22:25:24.661+0000] {logging_mixin.py:188} INFO - [2025-12-10T22:25:24.661+0000] {dag.py:3096} INFO - Sync 1 DAGs
[2025-12-10T22:25:24.674+0000] {logging_mixin.py:188} INFO - [2025-12-10T22:25:24.674+0000] {dag.py:3954} INFO - Setting next_dagrun for mfg_accelerator_pipeline to None, run_after=None
[2025-12-10T22:25:24.699+0000] {processor.py:183} INFO - Processing /opt/airflow/dags/mfg_pipeline.py took 0.099 seconds
[2025-12-10T22:25:54.804+0000] {processor.py:161} INFO - Started process (PID=251) to work on /opt/airflow/dags/mfg_pipeline.py
[2025-12-10T22:25:54.805+0000] {processor.py:830} INFO - Processing file /opt/airflow/dags/mfg_pipeline.py for tasks to queue
[2025-12-10T22:25:54.807+0000] {logging_mixin.py:188} INFO - [2025-12-10T22:25:54.807+0000] {dagbag.py:540} INFO - Filling up the DagBag from /opt/airflow/dags/mfg_pipeline.py
[2025-12-10T22:25:54.833+0000] {processor.py:840} INFO - DAG(s) 'mfg_accelerator_pipeline' retrieved from /opt/airflow/dags/mfg_pipeline.py
[2025-12-10T22:25:54.862+0000] {logging_mixin.py:188} INFO - [2025-12-10T22:25:54.862+0000] {dag.py:3096} INFO - Sync 1 DAGs
[2025-12-10T22:25:54.877+0000] {logging_mixin.py:188} INFO - [2025-12-10T22:25:54.877+0000] {dag.py:3954} INFO - Setting next_dagrun for mfg_accelerator_pipeline to None, run_after=None
[2025-12-10T22:25:54.901+0000] {processor.py:183} INFO - Processing /opt/airflow/dags/mfg_pipeline.py took 0.104 seconds
[2025-12-10T22:26:25.045+0000] {processor.py:161} INFO - Started process (PID=256) to work on /opt/airflow/dags/mfg_pipeline.py
[2025-12-10T22:26:25.046+0000] {processor.py:830} INFO - Processing file /opt/airflow/dags/mfg_pipeline.py for tasks to queue
[2025-12-10T22:26:25.048+0000] {logging_mixin.py:188} INFO - [2025-12-10T22:26:25.048+0000] {dagbag.py:540} INFO - Filling up the DagBag from /opt/airflow/dags/mfg_pipeline.py
[2025-12-10T22:26:25.072+0000] {processor.py:840} INFO - DAG(s) 'mfg_accelerator_pipeline' retrieved from /opt/airflow/dags/mfg_pipeline.py
[2025-12-10T22:26:25.102+0000] {logging_mixin.py:188} INFO - [2025-12-10T22:26:25.102+0000] {dag.py:3096} INFO - Sync 1 DAGs
[2025-12-10T22:26:25.117+0000] {logging_mixin.py:188} INFO - [2025-12-10T22:26:25.117+0000] {dag.py:3954} INFO - Setting next_dagrun for mfg_accelerator_pipeline to None, run_after=None
[2025-12-10T22:26:25.141+0000] {processor.py:183} INFO - Processing /opt/airflow/dags/mfg_pipeline.py took 0.103 seconds
[2025-12-10T22:26:55.292+0000] {processor.py:161} INFO - Started process (PID=261) to work on /opt/airflow/dags/mfg_pipeline.py
[2025-12-10T22:26:55.294+0000] {processor.py:830} INFO - Processing file /opt/airflow/dags/mfg_pipeline.py for tasks to queue
[2025-12-10T22:26:55.298+0000] {logging_mixin.py:188} INFO - [2025-12-10T22:26:55.298+0000] {dagbag.py:540} INFO - Filling up the DagBag from /opt/airflow/dags/mfg_pipeline.py
[2025-12-10T22:26:55.329+0000] {processor.py:840} INFO - DAG(s) 'mfg_accelerator_pipeline' retrieved from /opt/airflow/dags/mfg_pipeline.py
[2025-12-10T22:26:55.385+0000] {logging_mixin.py:188} INFO - [2025-12-10T22:26:55.385+0000] {dag.py:3096} INFO - Sync 1 DAGs
[2025-12-10T22:26:55.412+0000] {logging_mixin.py:188} INFO - [2025-12-10T22:26:55.412+0000] {dag.py:3954} INFO - Setting next_dagrun for mfg_accelerator_pipeline to None, run_after=None
[2025-12-10T22:26:55.448+0000] {processor.py:183} INFO - Processing /opt/airflow/dags/mfg_pipeline.py took 0.169 seconds
[2025-12-10T22:27:25.648+0000] {processor.py:161} INFO - Started process (PID=266) to work on /opt/airflow/dags/mfg_pipeline.py
[2025-12-10T22:27:25.649+0000] {processor.py:830} INFO - Processing file /opt/airflow/dags/mfg_pipeline.py for tasks to queue
[2025-12-10T22:27:25.652+0000] {logging_mixin.py:188} INFO - [2025-12-10T22:27:25.652+0000] {dagbag.py:540} INFO - Filling up the DagBag from /opt/airflow/dags/mfg_pipeline.py
[2025-12-10T22:27:25.675+0000] {processor.py:840} INFO - DAG(s) 'mfg_accelerator_pipeline' retrieved from /opt/airflow/dags/mfg_pipeline.py
[2025-12-10T22:27:25.708+0000] {logging_mixin.py:188} INFO - [2025-12-10T22:27:25.708+0000] {dag.py:3096} INFO - Sync 1 DAGs
[2025-12-10T22:27:25.724+0000] {logging_mixin.py:188} INFO - [2025-12-10T22:27:25.724+0000] {dag.py:3954} INFO - Setting next_dagrun for mfg_accelerator_pipeline to None, run_after=None
[2025-12-10T22:27:25.749+0000] {processor.py:183} INFO - Processing /opt/airflow/dags/mfg_pipeline.py took 0.111 seconds
[2025-12-10T22:27:55.810+0000] {processor.py:161} INFO - Started process (PID=271) to work on /opt/airflow/dags/mfg_pipeline.py
[2025-12-10T22:27:55.812+0000] {processor.py:830} INFO - Processing file /opt/airflow/dags/mfg_pipeline.py for tasks to queue
[2025-12-10T22:27:55.814+0000] {logging_mixin.py:188} INFO - [2025-12-10T22:27:55.813+0000] {dagbag.py:540} INFO - Filling up the DagBag from /opt/airflow/dags/mfg_pipeline.py
[2025-12-10T22:27:55.837+0000] {processor.py:840} INFO - DAG(s) 'mfg_accelerator_pipeline' retrieved from /opt/airflow/dags/mfg_pipeline.py
[2025-12-10T22:27:55.867+0000] {logging_mixin.py:188} INFO - [2025-12-10T22:27:55.867+0000] {dag.py:3096} INFO - Sync 1 DAGs
[2025-12-10T22:27:55.880+0000] {logging_mixin.py:188} INFO - [2025-12-10T22:27:55.880+0000] {dag.py:3954} INFO - Setting next_dagrun for mfg_accelerator_pipeline to None, run_after=None
[2025-12-10T22:27:55.903+0000] {processor.py:183} INFO - Processing /opt/airflow/dags/mfg_pipeline.py took 0.098 seconds
[2025-12-10T22:28:25.992+0000] {processor.py:161} INFO - Started process (PID=276) to work on /opt/airflow/dags/mfg_pipeline.py
[2025-12-10T22:28:25.993+0000] {processor.py:830} INFO - Processing file /opt/airflow/dags/mfg_pipeline.py for tasks to queue
[2025-12-10T22:28:25.996+0000] {logging_mixin.py:188} INFO - [2025-12-10T22:28:25.996+0000] {dagbag.py:540} INFO - Filling up the DagBag from /opt/airflow/dags/mfg_pipeline.py
[2025-12-10T22:28:26.020+0000] {processor.py:840} INFO - DAG(s) 'mfg_accelerator_pipeline' retrieved from /opt/airflow/dags/mfg_pipeline.py
[2025-12-10T22:28:26.048+0000] {logging_mixin.py:188} INFO - [2025-12-10T22:28:26.047+0000] {dag.py:3096} INFO - Sync 1 DAGs
[2025-12-10T22:28:26.061+0000] {logging_mixin.py:188} INFO - [2025-12-10T22:28:26.061+0000] {dag.py:3954} INFO - Setting next_dagrun for mfg_accelerator_pipeline to None, run_after=None
[2025-12-10T22:28:26.084+0000] {processor.py:183} INFO - Processing /opt/airflow/dags/mfg_pipeline.py took 0.098 seconds
[2025-12-10T22:28:56.270+0000] {processor.py:161} INFO - Started process (PID=281) to work on /opt/airflow/dags/mfg_pipeline.py
[2025-12-10T22:28:56.271+0000] {processor.py:830} INFO - Processing file /opt/airflow/dags/mfg_pipeline.py for tasks to queue
[2025-12-10T22:28:56.274+0000] {logging_mixin.py:188} INFO - [2025-12-10T22:28:56.273+0000] {dagbag.py:540} INFO - Filling up the DagBag from /opt/airflow/dags/mfg_pipeline.py
[2025-12-10T22:28:56.301+0000] {processor.py:840} INFO - DAG(s) 'mfg_accelerator_pipeline' retrieved from /opt/airflow/dags/mfg_pipeline.py
[2025-12-10T22:28:56.329+0000] {logging_mixin.py:188} INFO - [2025-12-10T22:28:56.329+0000] {dag.py:3096} INFO - Sync 1 DAGs
[2025-12-10T22:28:56.343+0000] {logging_mixin.py:188} INFO - [2025-12-10T22:28:56.343+0000] {dag.py:3954} INFO - Setting next_dagrun for mfg_accelerator_pipeline to None, run_after=None
[2025-12-10T22:28:56.368+0000] {processor.py:183} INFO - Processing /opt/airflow/dags/mfg_pipeline.py took 0.105 seconds
[2025-12-10T22:29:26.459+0000] {processor.py:161} INFO - Started process (PID=286) to work on /opt/airflow/dags/mfg_pipeline.py
[2025-12-10T22:29:26.461+0000] {processor.py:830} INFO - Processing file /opt/airflow/dags/mfg_pipeline.py for tasks to queue
[2025-12-10T22:29:26.464+0000] {logging_mixin.py:188} INFO - [2025-12-10T22:29:26.464+0000] {dagbag.py:540} INFO - Filling up the DagBag from /opt/airflow/dags/mfg_pipeline.py
[2025-12-10T22:29:26.489+0000] {processor.py:840} INFO - DAG(s) 'mfg_accelerator_pipeline' retrieved from /opt/airflow/dags/mfg_pipeline.py
[2025-12-10T22:29:26.520+0000] {logging_mixin.py:188} INFO - [2025-12-10T22:29:26.520+0000] {dag.py:3096} INFO - Sync 1 DAGs
[2025-12-10T22:29:26.536+0000] {logging_mixin.py:188} INFO - [2025-12-10T22:29:26.536+0000] {dag.py:3954} INFO - Setting next_dagrun for mfg_accelerator_pipeline to None, run_after=None
[2025-12-10T22:29:26.559+0000] {processor.py:183} INFO - Processing /opt/airflow/dags/mfg_pipeline.py took 0.106 seconds
[2025-12-10T22:29:56.723+0000] {processor.py:161} INFO - Started process (PID=291) to work on /opt/airflow/dags/mfg_pipeline.py
[2025-12-10T22:29:56.724+0000] {processor.py:830} INFO - Processing file /opt/airflow/dags/mfg_pipeline.py for tasks to queue
[2025-12-10T22:29:56.726+0000] {logging_mixin.py:188} INFO - [2025-12-10T22:29:56.726+0000] {dagbag.py:540} INFO - Filling up the DagBag from /opt/airflow/dags/mfg_pipeline.py
[2025-12-10T22:29:56.752+0000] {processor.py:840} INFO - DAG(s) 'mfg_accelerator_pipeline' retrieved from /opt/airflow/dags/mfg_pipeline.py
[2025-12-10T22:29:56.782+0000] {logging_mixin.py:188} INFO - [2025-12-10T22:29:56.781+0000] {dag.py:3096} INFO - Sync 1 DAGs
[2025-12-10T22:29:56.795+0000] {logging_mixin.py:188} INFO - [2025-12-10T22:29:56.795+0000] {dag.py:3954} INFO - Setting next_dagrun for mfg_accelerator_pipeline to None, run_after=None
[2025-12-10T22:29:56.819+0000] {processor.py:183} INFO - Processing /opt/airflow/dags/mfg_pipeline.py took 0.103 seconds
[2025-12-10T22:30:26.901+0000] {processor.py:161} INFO - Started process (PID=299) to work on /opt/airflow/dags/mfg_pipeline.py
[2025-12-10T22:30:26.902+0000] {processor.py:830} INFO - Processing file /opt/airflow/dags/mfg_pipeline.py for tasks to queue
[2025-12-10T22:30:26.904+0000] {logging_mixin.py:188} INFO - [2025-12-10T22:30:26.904+0000] {dagbag.py:540} INFO - Filling up the DagBag from /opt/airflow/dags/mfg_pipeline.py
[2025-12-10T22:30:26.926+0000] {processor.py:840} INFO - DAG(s) 'mfg_accelerator_pipeline' retrieved from /opt/airflow/dags/mfg_pipeline.py
[2025-12-10T22:30:26.952+0000] {logging_mixin.py:188} INFO - [2025-12-10T22:30:26.952+0000] {dag.py:3096} INFO - Sync 1 DAGs
[2025-12-10T22:30:26.965+0000] {logging_mixin.py:188} INFO - [2025-12-10T22:30:26.965+0000] {dag.py:3954} INFO - Setting next_dagrun for mfg_accelerator_pipeline to None, run_after=None
[2025-12-10T22:30:26.989+0000] {processor.py:183} INFO - Processing /opt/airflow/dags/mfg_pipeline.py took 0.093 seconds
[2025-12-10T22:30:57.169+0000] {processor.py:161} INFO - Started process (PID=304) to work on /opt/airflow/dags/mfg_pipeline.py
[2025-12-10T22:30:57.170+0000] {processor.py:830} INFO - Processing file /opt/airflow/dags/mfg_pipeline.py for tasks to queue
[2025-12-10T22:30:57.171+0000] {logging_mixin.py:188} INFO - [2025-12-10T22:30:57.171+0000] {dagbag.py:540} INFO - Filling up the DagBag from /opt/airflow/dags/mfg_pipeline.py
[2025-12-10T22:30:57.195+0000] {processor.py:840} INFO - DAG(s) 'mfg_accelerator_pipeline' retrieved from /opt/airflow/dags/mfg_pipeline.py
[2025-12-10T22:30:57.223+0000] {logging_mixin.py:188} INFO - [2025-12-10T22:30:57.223+0000] {dag.py:3096} INFO - Sync 1 DAGs
[2025-12-10T22:30:57.237+0000] {logging_mixin.py:188} INFO - [2025-12-10T22:30:57.237+0000] {dag.py:3954} INFO - Setting next_dagrun for mfg_accelerator_pipeline to None, run_after=None
[2025-12-10T22:30:57.261+0000] {processor.py:183} INFO - Processing /opt/airflow/dags/mfg_pipeline.py took 0.098 seconds
[2025-12-10T22:31:27.381+0000] {processor.py:161} INFO - Started process (PID=309) to work on /opt/airflow/dags/mfg_pipeline.py
[2025-12-10T22:31:27.383+0000] {processor.py:830} INFO - Processing file /opt/airflow/dags/mfg_pipeline.py for tasks to queue
[2025-12-10T22:31:27.385+0000] {logging_mixin.py:188} INFO - [2025-12-10T22:31:27.384+0000] {dagbag.py:540} INFO - Filling up the DagBag from /opt/airflow/dags/mfg_pipeline.py
[2025-12-10T22:31:27.415+0000] {processor.py:840} INFO - DAG(s) 'mfg_accelerator_pipeline' retrieved from /opt/airflow/dags/mfg_pipeline.py
[2025-12-10T22:31:27.441+0000] {logging_mixin.py:188} INFO - [2025-12-10T22:31:27.441+0000] {dag.py:3096} INFO - Sync 1 DAGs
[2025-12-10T22:31:27.454+0000] {logging_mixin.py:188} INFO - [2025-12-10T22:31:27.454+0000] {dag.py:3954} INFO - Setting next_dagrun for mfg_accelerator_pipeline to None, run_after=None
[2025-12-10T22:31:27.476+0000] {processor.py:183} INFO - Processing /opt/airflow/dags/mfg_pipeline.py took 0.101 seconds
[2025-12-10T22:31:57.639+0000] {processor.py:161} INFO - Started process (PID=314) to work on /opt/airflow/dags/mfg_pipeline.py
[2025-12-10T22:31:57.640+0000] {processor.py:830} INFO - Processing file /opt/airflow/dags/mfg_pipeline.py for tasks to queue
[2025-12-10T22:31:57.642+0000] {logging_mixin.py:188} INFO - [2025-12-10T22:31:57.642+0000] {dagbag.py:540} INFO - Filling up the DagBag from /opt/airflow/dags/mfg_pipeline.py
[2025-12-10T22:31:57.667+0000] {processor.py:840} INFO - DAG(s) 'mfg_accelerator_pipeline' retrieved from /opt/airflow/dags/mfg_pipeline.py
[2025-12-10T22:31:57.699+0000] {logging_mixin.py:188} INFO - [2025-12-10T22:31:57.699+0000] {dag.py:3096} INFO - Sync 1 DAGs
[2025-12-10T22:31:57.715+0000] {logging_mixin.py:188} INFO - [2025-12-10T22:31:57.715+0000] {dag.py:3954} INFO - Setting next_dagrun for mfg_accelerator_pipeline to None, run_after=None
[2025-12-10T22:31:57.740+0000] {processor.py:183} INFO - Processing /opt/airflow/dags/mfg_pipeline.py took 0.107 seconds
[2025-12-10T22:32:27.942+0000] {processor.py:161} INFO - Started process (PID=319) to work on /opt/airflow/dags/mfg_pipeline.py
[2025-12-10T22:32:27.943+0000] {processor.py:830} INFO - Processing file /opt/airflow/dags/mfg_pipeline.py for tasks to queue
[2025-12-10T22:32:27.946+0000] {logging_mixin.py:188} INFO - [2025-12-10T22:32:27.945+0000] {dagbag.py:540} INFO - Filling up the DagBag from /opt/airflow/dags/mfg_pipeline.py
[2025-12-10T22:32:27.972+0000] {processor.py:840} INFO - DAG(s) 'mfg_accelerator_pipeline' retrieved from /opt/airflow/dags/mfg_pipeline.py
[2025-12-10T22:32:28.002+0000] {logging_mixin.py:188} INFO - [2025-12-10T22:32:28.002+0000] {dag.py:3096} INFO - Sync 1 DAGs
[2025-12-10T22:32:28.020+0000] {logging_mixin.py:188} INFO - [2025-12-10T22:32:28.019+0000] {dag.py:3954} INFO - Setting next_dagrun for mfg_accelerator_pipeline to None, run_after=None
[2025-12-10T22:32:28.046+0000] {processor.py:183} INFO - Processing /opt/airflow/dags/mfg_pipeline.py took 0.113 seconds
[2025-12-10T22:32:58.120+0000] {processor.py:161} INFO - Started process (PID=324) to work on /opt/airflow/dags/mfg_pipeline.py
[2025-12-10T22:32:58.121+0000] {processor.py:830} INFO - Processing file /opt/airflow/dags/mfg_pipeline.py for tasks to queue
[2025-12-10T22:32:58.123+0000] {logging_mixin.py:188} INFO - [2025-12-10T22:32:58.123+0000] {dagbag.py:540} INFO - Filling up the DagBag from /opt/airflow/dags/mfg_pipeline.py
[2025-12-10T22:32:58.149+0000] {processor.py:840} INFO - DAG(s) 'mfg_accelerator_pipeline' retrieved from /opt/airflow/dags/mfg_pipeline.py
[2025-12-10T22:32:58.188+0000] {logging_mixin.py:188} INFO - [2025-12-10T22:32:58.187+0000] {dag.py:3096} INFO - Sync 1 DAGs
[2025-12-10T22:32:58.206+0000] {logging_mixin.py:188} INFO - [2025-12-10T22:32:58.205+0000] {dag.py:3954} INFO - Setting next_dagrun for mfg_accelerator_pipeline to None, run_after=None
[2025-12-10T22:32:58.234+0000] {processor.py:183} INFO - Processing /opt/airflow/dags/mfg_pipeline.py took 0.121 seconds
[2025-12-10T22:33:28.400+0000] {processor.py:161} INFO - Started process (PID=329) to work on /opt/airflow/dags/mfg_pipeline.py
[2025-12-10T22:33:28.401+0000] {processor.py:830} INFO - Processing file /opt/airflow/dags/mfg_pipeline.py for tasks to queue
[2025-12-10T22:33:28.404+0000] {logging_mixin.py:188} INFO - [2025-12-10T22:33:28.403+0000] {dagbag.py:540} INFO - Filling up the DagBag from /opt/airflow/dags/mfg_pipeline.py
[2025-12-10T22:33:28.430+0000] {processor.py:840} INFO - DAG(s) 'mfg_accelerator_pipeline' retrieved from /opt/airflow/dags/mfg_pipeline.py
[2025-12-10T22:33:28.462+0000] {logging_mixin.py:188} INFO - [2025-12-10T22:33:28.462+0000] {dag.py:3096} INFO - Sync 1 DAGs
[2025-12-10T22:33:28.478+0000] {logging_mixin.py:188} INFO - [2025-12-10T22:33:28.478+0000] {dag.py:3954} INFO - Setting next_dagrun for mfg_accelerator_pipeline to None, run_after=None
[2025-12-10T22:33:28.505+0000] {processor.py:183} INFO - Processing /opt/airflow/dags/mfg_pipeline.py took 0.111 seconds
[2025-12-10T22:33:58.650+0000] {processor.py:161} INFO - Started process (PID=334) to work on /opt/airflow/dags/mfg_pipeline.py
[2025-12-10T22:33:58.652+0000] {processor.py:830} INFO - Processing file /opt/airflow/dags/mfg_pipeline.py for tasks to queue
[2025-12-10T22:33:58.657+0000] {logging_mixin.py:188} INFO - [2025-12-10T22:33:58.656+0000] {dagbag.py:540} INFO - Filling up the DagBag from /opt/airflow/dags/mfg_pipeline.py
[2025-12-10T22:33:58.701+0000] {processor.py:840} INFO - DAG(s) 'mfg_accelerator_pipeline' retrieved from /opt/airflow/dags/mfg_pipeline.py
[2025-12-10T22:33:58.765+0000] {logging_mixin.py:188} INFO - [2025-12-10T22:33:58.765+0000] {dag.py:3096} INFO - Sync 1 DAGs
[2025-12-10T22:33:58.798+0000] {logging_mixin.py:188} INFO - [2025-12-10T22:33:58.798+0000] {dag.py:3954} INFO - Setting next_dagrun for mfg_accelerator_pipeline to None, run_after=None
[2025-12-10T22:33:58.845+0000] {processor.py:183} INFO - Processing /opt/airflow/dags/mfg_pipeline.py took 0.208 seconds
[2025-12-10T22:34:28.949+0000] {processor.py:161} INFO - Started process (PID=339) to work on /opt/airflow/dags/mfg_pipeline.py
[2025-12-10T22:34:28.951+0000] {processor.py:830} INFO - Processing file /opt/airflow/dags/mfg_pipeline.py for tasks to queue
[2025-12-10T22:34:28.955+0000] {logging_mixin.py:188} INFO - [2025-12-10T22:34:28.954+0000] {dagbag.py:540} INFO - Filling up the DagBag from /opt/airflow/dags/mfg_pipeline.py
[2025-12-10T22:34:29.032+0000] {processor.py:840} INFO - DAG(s) 'mfg_accelerator_pipeline' retrieved from /opt/airflow/dags/mfg_pipeline.py
[2025-12-10T22:34:29.277+0000] {logging_mixin.py:188} INFO - [2025-12-10T22:34:29.277+0000] {dag.py:3096} INFO - Sync 1 DAGs
[2025-12-10T22:34:29.343+0000] {logging_mixin.py:188} INFO - [2025-12-10T22:34:29.342+0000] {dag.py:3954} INFO - Setting next_dagrun for mfg_accelerator_pipeline to None, run_after=None
[2025-12-10T22:34:29.426+0000] {processor.py:183} INFO - Processing /opt/airflow/dags/mfg_pipeline.py took 0.491 seconds
[2025-12-10T22:34:59.673+0000] {processor.py:161} INFO - Started process (PID=344) to work on /opt/airflow/dags/mfg_pipeline.py
[2025-12-10T22:34:59.675+0000] {processor.py:830} INFO - Processing file /opt/airflow/dags/mfg_pipeline.py for tasks to queue
[2025-12-10T22:34:59.678+0000] {logging_mixin.py:188} INFO - [2025-12-10T22:34:59.677+0000] {dagbag.py:540} INFO - Filling up the DagBag from /opt/airflow/dags/mfg_pipeline.py
[2025-12-10T22:34:59.706+0000] {processor.py:840} INFO - DAG(s) 'mfg_accelerator_pipeline' retrieved from /opt/airflow/dags/mfg_pipeline.py
[2025-12-10T22:34:59.745+0000] {logging_mixin.py:188} INFO - [2025-12-10T22:34:59.744+0000] {dag.py:3096} INFO - Sync 1 DAGs
[2025-12-10T22:34:59.766+0000] {logging_mixin.py:188} INFO - [2025-12-10T22:34:59.766+0000] {dag.py:3954} INFO - Setting next_dagrun for mfg_accelerator_pipeline to None, run_after=None
[2025-12-10T22:34:59.802+0000] {processor.py:183} INFO - Processing /opt/airflow/dags/mfg_pipeline.py took 0.138 seconds
[2025-12-10T22:35:30.002+0000] {processor.py:161} INFO - Started process (PID=349) to work on /opt/airflow/dags/mfg_pipeline.py
[2025-12-10T22:35:30.004+0000] {processor.py:830} INFO - Processing file /opt/airflow/dags/mfg_pipeline.py for tasks to queue
[2025-12-10T22:35:30.006+0000] {logging_mixin.py:188} INFO - [2025-12-10T22:35:30.006+0000] {dagbag.py:540} INFO - Filling up the DagBag from /opt/airflow/dags/mfg_pipeline.py
[2025-12-10T22:35:30.033+0000] {processor.py:840} INFO - DAG(s) 'mfg_accelerator_pipeline' retrieved from /opt/airflow/dags/mfg_pipeline.py
[2025-12-10T22:35:30.061+0000] {logging_mixin.py:188} INFO - [2025-12-10T22:35:30.061+0000] {dag.py:3096} INFO - Sync 1 DAGs
[2025-12-10T22:35:30.076+0000] {logging_mixin.py:188} INFO - [2025-12-10T22:35:30.076+0000] {dag.py:3954} INFO - Setting next_dagrun for mfg_accelerator_pipeline to None, run_after=None
[2025-12-10T22:35:30.104+0000] {processor.py:183} INFO - Processing /opt/airflow/dags/mfg_pipeline.py took 0.110 seconds
[2025-12-10T22:36:00.188+0000] {processor.py:161} INFO - Started process (PID=354) to work on /opt/airflow/dags/mfg_pipeline.py
[2025-12-10T22:36:00.189+0000] {processor.py:830} INFO - Processing file /opt/airflow/dags/mfg_pipeline.py for tasks to queue
[2025-12-10T22:36:00.191+0000] {logging_mixin.py:188} INFO - [2025-12-10T22:36:00.190+0000] {dagbag.py:540} INFO - Filling up the DagBag from /opt/airflow/dags/mfg_pipeline.py
[2025-12-10T22:36:00.213+0000] {processor.py:840} INFO - DAG(s) 'mfg_accelerator_pipeline' retrieved from /opt/airflow/dags/mfg_pipeline.py
[2025-12-10T22:36:00.245+0000] {logging_mixin.py:188} INFO - [2025-12-10T22:36:00.244+0000] {dag.py:3096} INFO - Sync 1 DAGs
[2025-12-10T22:36:00.259+0000] {logging_mixin.py:188} INFO - [2025-12-10T22:36:00.259+0000] {dag.py:3954} INFO - Setting next_dagrun for mfg_accelerator_pipeline to None, run_after=None
[2025-12-10T22:36:00.284+0000] {processor.py:183} INFO - Processing /opt/airflow/dags/mfg_pipeline.py took 0.103 seconds
[2025-12-10T22:36:30.501+0000] {processor.py:161} INFO - Started process (PID=359) to work on /opt/airflow/dags/mfg_pipeline.py
[2025-12-10T22:36:30.502+0000] {processor.py:830} INFO - Processing file /opt/airflow/dags/mfg_pipeline.py for tasks to queue
[2025-12-10T22:36:30.504+0000] {logging_mixin.py:188} INFO - [2025-12-10T22:36:30.503+0000] {dagbag.py:540} INFO - Filling up the DagBag from /opt/airflow/dags/mfg_pipeline.py
[2025-12-10T22:36:30.532+0000] {processor.py:840} INFO - DAG(s) 'mfg_accelerator_pipeline' retrieved from /opt/airflow/dags/mfg_pipeline.py
[2025-12-10T22:36:30.562+0000] {logging_mixin.py:188} INFO - [2025-12-10T22:36:30.562+0000] {dag.py:3096} INFO - Sync 1 DAGs
[2025-12-10T22:36:30.578+0000] {logging_mixin.py:188} INFO - [2025-12-10T22:36:30.578+0000] {dag.py:3954} INFO - Setting next_dagrun for mfg_accelerator_pipeline to None, run_after=None
[2025-12-10T22:36:30.605+0000] {processor.py:183} INFO - Processing /opt/airflow/dags/mfg_pipeline.py took 0.112 seconds
[2025-12-10T22:37:00.691+0000] {processor.py:161} INFO - Started process (PID=364) to work on /opt/airflow/dags/mfg_pipeline.py
[2025-12-10T22:37:00.692+0000] {processor.py:830} INFO - Processing file /opt/airflow/dags/mfg_pipeline.py for tasks to queue
[2025-12-10T22:37:00.694+0000] {logging_mixin.py:188} INFO - [2025-12-10T22:37:00.693+0000] {dagbag.py:540} INFO - Filling up the DagBag from /opt/airflow/dags/mfg_pipeline.py
[2025-12-10T22:37:00.716+0000] {processor.py:840} INFO - DAG(s) 'mfg_accelerator_pipeline' retrieved from /opt/airflow/dags/mfg_pipeline.py
[2025-12-10T22:37:00.743+0000] {logging_mixin.py:188} INFO - [2025-12-10T22:37:00.742+0000] {dag.py:3096} INFO - Sync 1 DAGs
[2025-12-10T22:37:00.756+0000] {logging_mixin.py:188} INFO - [2025-12-10T22:37:00.756+0000] {dag.py:3954} INFO - Setting next_dagrun for mfg_accelerator_pipeline to None, run_after=None
[2025-12-10T22:37:00.780+0000] {processor.py:183} INFO - Processing /opt/airflow/dags/mfg_pipeline.py took 0.095 seconds
[2025-12-10T22:37:30.960+0000] {processor.py:161} INFO - Started process (PID=369) to work on /opt/airflow/dags/mfg_pipeline.py
[2025-12-10T22:37:30.961+0000] {processor.py:830} INFO - Processing file /opt/airflow/dags/mfg_pipeline.py for tasks to queue
[2025-12-10T22:37:30.963+0000] {logging_mixin.py:188} INFO - [2025-12-10T22:37:30.963+0000] {dagbag.py:540} INFO - Filling up the DagBag from /opt/airflow/dags/mfg_pipeline.py
[2025-12-10T22:37:30.988+0000] {processor.py:840} INFO - DAG(s) 'mfg_accelerator_pipeline' retrieved from /opt/airflow/dags/mfg_pipeline.py
[2025-12-10T22:37:31.014+0000] {logging_mixin.py:188} INFO - [2025-12-10T22:37:31.013+0000] {dag.py:3096} INFO - Sync 1 DAGs
[2025-12-10T22:37:31.026+0000] {logging_mixin.py:188} INFO - [2025-12-10T22:37:31.026+0000] {dag.py:3954} INFO - Setting next_dagrun for mfg_accelerator_pipeline to None, run_after=None
[2025-12-10T22:37:31.051+0000] {processor.py:183} INFO - Processing /opt/airflow/dags/mfg_pipeline.py took 0.096 seconds
[2025-12-10T22:38:01.141+0000] {processor.py:161} INFO - Started process (PID=374) to work on /opt/airflow/dags/mfg_pipeline.py
[2025-12-10T22:38:01.142+0000] {processor.py:830} INFO - Processing file /opt/airflow/dags/mfg_pipeline.py for tasks to queue
[2025-12-10T22:38:01.144+0000] {logging_mixin.py:188} INFO - [2025-12-10T22:38:01.144+0000] {dagbag.py:540} INFO - Filling up the DagBag from /opt/airflow/dags/mfg_pipeline.py
[2025-12-10T22:38:01.168+0000] {processor.py:840} INFO - DAG(s) 'mfg_accelerator_pipeline' retrieved from /opt/airflow/dags/mfg_pipeline.py
[2025-12-10T22:38:01.197+0000] {logging_mixin.py:188} INFO - [2025-12-10T22:38:01.196+0000] {dag.py:3096} INFO - Sync 1 DAGs
[2025-12-10T22:38:01.211+0000] {logging_mixin.py:188} INFO - [2025-12-10T22:38:01.211+0000] {dag.py:3954} INFO - Setting next_dagrun for mfg_accelerator_pipeline to None, run_after=None
[2025-12-10T22:38:01.236+0000] {processor.py:183} INFO - Processing /opt/airflow/dags/mfg_pipeline.py took 0.100 seconds
[2025-12-10T22:38:31.398+0000] {processor.py:161} INFO - Started process (PID=379) to work on /opt/airflow/dags/mfg_pipeline.py
[2025-12-10T22:38:31.399+0000] {processor.py:830} INFO - Processing file /opt/airflow/dags/mfg_pipeline.py for tasks to queue
[2025-12-10T22:38:31.402+0000] {logging_mixin.py:188} INFO - [2025-12-10T22:38:31.401+0000] {dagbag.py:540} INFO - Filling up the DagBag from /opt/airflow/dags/mfg_pipeline.py
[2025-12-10T22:38:31.424+0000] {processor.py:840} INFO - DAG(s) 'mfg_accelerator_pipeline' retrieved from /opt/airflow/dags/mfg_pipeline.py
[2025-12-10T22:38:31.450+0000] {logging_mixin.py:188} INFO - [2025-12-10T22:38:31.449+0000] {dag.py:3096} INFO - Sync 1 DAGs
[2025-12-10T22:38:31.462+0000] {logging_mixin.py:188} INFO - [2025-12-10T22:38:31.462+0000] {dag.py:3954} INFO - Setting next_dagrun for mfg_accelerator_pipeline to None, run_after=None
[2025-12-10T22:38:31.487+0000] {processor.py:183} INFO - Processing /opt/airflow/dags/mfg_pipeline.py took 0.094 seconds
[2025-12-10T22:39:01.586+0000] {processor.py:161} INFO - Started process (PID=384) to work on /opt/airflow/dags/mfg_pipeline.py
[2025-12-10T22:39:01.587+0000] {processor.py:830} INFO - Processing file /opt/airflow/dags/mfg_pipeline.py for tasks to queue
[2025-12-10T22:39:01.589+0000] {logging_mixin.py:188} INFO - [2025-12-10T22:39:01.589+0000] {dagbag.py:540} INFO - Filling up the DagBag from /opt/airflow/dags/mfg_pipeline.py
[2025-12-10T22:39:01.612+0000] {processor.py:840} INFO - DAG(s) 'mfg_accelerator_pipeline' retrieved from /opt/airflow/dags/mfg_pipeline.py
[2025-12-10T22:39:01.643+0000] {logging_mixin.py:188} INFO - [2025-12-10T22:39:01.643+0000] {dag.py:3096} INFO - Sync 1 DAGs
[2025-12-10T22:39:01.657+0000] {logging_mixin.py:188} INFO - [2025-12-10T22:39:01.657+0000] {dag.py:3954} INFO - Setting next_dagrun for mfg_accelerator_pipeline to None, run_after=None
[2025-12-10T22:39:01.680+0000] {processor.py:183} INFO - Processing /opt/airflow/dags/mfg_pipeline.py took 0.100 seconds
[2025-12-10T22:39:31.835+0000] {processor.py:161} INFO - Started process (PID=389) to work on /opt/airflow/dags/mfg_pipeline.py
[2025-12-10T22:39:31.836+0000] {processor.py:830} INFO - Processing file /opt/airflow/dags/mfg_pipeline.py for tasks to queue
[2025-12-10T22:39:31.838+0000] {logging_mixin.py:188} INFO - [2025-12-10T22:39:31.838+0000] {dagbag.py:540} INFO - Filling up the DagBag from /opt/airflow/dags/mfg_pipeline.py
[2025-12-10T22:39:31.862+0000] {processor.py:840} INFO - DAG(s) 'mfg_accelerator_pipeline' retrieved from /opt/airflow/dags/mfg_pipeline.py
[2025-12-10T22:39:31.891+0000] {logging_mixin.py:188} INFO - [2025-12-10T22:39:31.891+0000] {dag.py:3096} INFO - Sync 1 DAGs
[2025-12-10T22:39:31.905+0000] {logging_mixin.py:188} INFO - [2025-12-10T22:39:31.905+0000] {dag.py:3954} INFO - Setting next_dagrun for mfg_accelerator_pipeline to None, run_after=None
[2025-12-10T22:39:31.928+0000] {processor.py:183} INFO - Processing /opt/airflow/dags/mfg_pipeline.py took 0.100 seconds
[2025-12-10T22:40:02.023+0000] {processor.py:161} INFO - Started process (PID=394) to work on /opt/airflow/dags/mfg_pipeline.py
[2025-12-10T22:40:02.024+0000] {processor.py:830} INFO - Processing file /opt/airflow/dags/mfg_pipeline.py for tasks to queue
[2025-12-10T22:40:02.026+0000] {logging_mixin.py:188} INFO - [2025-12-10T22:40:02.025+0000] {dagbag.py:540} INFO - Filling up the DagBag from /opt/airflow/dags/mfg_pipeline.py
[2025-12-10T22:40:02.052+0000] {processor.py:840} INFO - DAG(s) 'mfg_accelerator_pipeline' retrieved from /opt/airflow/dags/mfg_pipeline.py
[2025-12-10T22:40:02.083+0000] {logging_mixin.py:188} INFO - [2025-12-10T22:40:02.082+0000] {dag.py:3096} INFO - Sync 1 DAGs
[2025-12-10T22:40:02.098+0000] {logging_mixin.py:188} INFO - [2025-12-10T22:40:02.097+0000] {dag.py:3954} INFO - Setting next_dagrun for mfg_accelerator_pipeline to None, run_after=None
[2025-12-10T22:40:02.121+0000] {processor.py:183} INFO - Processing /opt/airflow/dags/mfg_pipeline.py took 0.104 seconds
[2025-12-10T22:40:32.391+0000] {processor.py:161} INFO - Started process (PID=399) to work on /opt/airflow/dags/mfg_pipeline.py
[2025-12-10T22:40:32.393+0000] {processor.py:830} INFO - Processing file /opt/airflow/dags/mfg_pipeline.py for tasks to queue
[2025-12-10T22:40:32.405+0000] {logging_mixin.py:188} INFO - [2025-12-10T22:40:32.404+0000] {dagbag.py:540} INFO - Filling up the DagBag from /opt/airflow/dags/mfg_pipeline.py
[2025-12-10T22:40:32.451+0000] {processor.py:840} INFO - DAG(s) 'mfg_accelerator_pipeline' retrieved from /opt/airflow/dags/mfg_pipeline.py
[2025-12-10T22:40:32.494+0000] {logging_mixin.py:188} INFO - [2025-12-10T22:40:32.494+0000] {dag.py:3096} INFO - Sync 1 DAGs
[2025-12-10T22:40:32.541+0000] {logging_mixin.py:188} INFO - [2025-12-10T22:40:32.541+0000] {dag.py:3954} INFO - Setting next_dagrun for mfg_accelerator_pipeline to None, run_after=None
[2025-12-10T22:40:32.605+0000] {processor.py:183} INFO - Processing /opt/airflow/dags/mfg_pipeline.py took 0.226 seconds
[2025-12-10T22:41:02.804+0000] {processor.py:161} INFO - Started process (PID=404) to work on /opt/airflow/dags/mfg_pipeline.py
[2025-12-10T22:41:02.805+0000] {processor.py:830} INFO - Processing file /opt/airflow/dags/mfg_pipeline.py for tasks to queue
[2025-12-10T22:41:02.807+0000] {logging_mixin.py:188} INFO - [2025-12-10T22:41:02.807+0000] {dagbag.py:540} INFO - Filling up the DagBag from /opt/airflow/dags/mfg_pipeline.py
[2025-12-10T22:41:02.831+0000] {processor.py:840} INFO - DAG(s) 'mfg_accelerator_pipeline' retrieved from /opt/airflow/dags/mfg_pipeline.py
[2025-12-10T22:41:02.861+0000] {logging_mixin.py:188} INFO - [2025-12-10T22:41:02.861+0000] {dag.py:3096} INFO - Sync 1 DAGs
[2025-12-10T22:41:02.876+0000] {logging_mixin.py:188} INFO - [2025-12-10T22:41:02.876+0000] {dag.py:3954} INFO - Setting next_dagrun for mfg_accelerator_pipeline to None, run_after=None
[2025-12-10T22:41:02.906+0000] {processor.py:183} INFO - Processing /opt/airflow/dags/mfg_pipeline.py took 0.108 seconds
[2025-12-10T22:41:33.040+0000] {processor.py:161} INFO - Started process (PID=409) to work on /opt/airflow/dags/mfg_pipeline.py
[2025-12-10T22:41:33.041+0000] {processor.py:830} INFO - Processing file /opt/airflow/dags/mfg_pipeline.py for tasks to queue
[2025-12-10T22:41:33.044+0000] {logging_mixin.py:188} INFO - [2025-12-10T22:41:33.043+0000] {dagbag.py:540} INFO - Filling up the DagBag from /opt/airflow/dags/mfg_pipeline.py
[2025-12-10T22:41:33.070+0000] {processor.py:840} INFO - DAG(s) 'mfg_accelerator_pipeline' retrieved from /opt/airflow/dags/mfg_pipeline.py
[2025-12-10T22:41:33.098+0000] {logging_mixin.py:188} INFO - [2025-12-10T22:41:33.098+0000] {dag.py:3096} INFO - Sync 1 DAGs
[2025-12-10T22:41:33.112+0000] {logging_mixin.py:188} INFO - [2025-12-10T22:41:33.112+0000] {dag.py:3954} INFO - Setting next_dagrun for mfg_accelerator_pipeline to None, run_after=None
[2025-12-10T22:41:33.133+0000] {processor.py:183} INFO - Processing /opt/airflow/dags/mfg_pipeline.py took 0.109 seconds
[2025-12-10T22:42:03.264+0000] {processor.py:161} INFO - Started process (PID=414) to work on /opt/airflow/dags/mfg_pipeline.py
[2025-12-10T22:42:03.265+0000] {processor.py:830} INFO - Processing file /opt/airflow/dags/mfg_pipeline.py for tasks to queue
[2025-12-10T22:42:03.268+0000] {logging_mixin.py:188} INFO - [2025-12-10T22:42:03.268+0000] {dagbag.py:540} INFO - Filling up the DagBag from /opt/airflow/dags/mfg_pipeline.py
[2025-12-10T22:42:03.292+0000] {processor.py:840} INFO - DAG(s) 'mfg_accelerator_pipeline' retrieved from /opt/airflow/dags/mfg_pipeline.py
[2025-12-10T22:42:03.325+0000] {logging_mixin.py:188} INFO - [2025-12-10T22:42:03.325+0000] {dag.py:3096} INFO - Sync 1 DAGs
[2025-12-10T22:42:03.341+0000] {logging_mixin.py:188} INFO - [2025-12-10T22:42:03.341+0000] {dag.py:3954} INFO - Setting next_dagrun for mfg_accelerator_pipeline to None, run_after=None
[2025-12-10T22:42:03.365+0000] {processor.py:183} INFO - Processing /opt/airflow/dags/mfg_pipeline.py took 0.110 seconds
[2025-12-10T22:42:33.561+0000] {processor.py:161} INFO - Started process (PID=419) to work on /opt/airflow/dags/mfg_pipeline.py
[2025-12-10T22:42:33.562+0000] {processor.py:830} INFO - Processing file /opt/airflow/dags/mfg_pipeline.py for tasks to queue
[2025-12-10T22:42:33.565+0000] {logging_mixin.py:188} INFO - [2025-12-10T22:42:33.564+0000] {dagbag.py:540} INFO - Filling up the DagBag from /opt/airflow/dags/mfg_pipeline.py
[2025-12-10T22:42:33.594+0000] {processor.py:840} INFO - DAG(s) 'mfg_accelerator_pipeline' retrieved from /opt/airflow/dags/mfg_pipeline.py
[2025-12-10T22:42:33.629+0000] {logging_mixin.py:188} INFO - [2025-12-10T22:42:33.629+0000] {dag.py:3096} INFO - Sync 1 DAGs
[2025-12-10T22:42:33.650+0000] {logging_mixin.py:188} INFO - [2025-12-10T22:42:33.650+0000] {dag.py:3954} INFO - Setting next_dagrun for mfg_accelerator_pipeline to None, run_after=None
[2025-12-10T22:42:33.687+0000] {processor.py:183} INFO - Processing /opt/airflow/dags/mfg_pipeline.py took 0.134 seconds
[2025-12-10T22:43:03.758+0000] {processor.py:161} INFO - Started process (PID=424) to work on /opt/airflow/dags/mfg_pipeline.py
[2025-12-10T22:43:03.760+0000] {processor.py:830} INFO - Processing file /opt/airflow/dags/mfg_pipeline.py for tasks to queue
[2025-12-10T22:43:03.762+0000] {logging_mixin.py:188} INFO - [2025-12-10T22:43:03.762+0000] {dagbag.py:540} INFO - Filling up the DagBag from /opt/airflow/dags/mfg_pipeline.py
[2025-12-10T22:43:03.794+0000] {processor.py:840} INFO - DAG(s) 'mfg_accelerator_pipeline' retrieved from /opt/airflow/dags/mfg_pipeline.py
[2025-12-10T22:43:03.834+0000] {logging_mixin.py:188} INFO - [2025-12-10T22:43:03.834+0000] {dag.py:3096} INFO - Sync 1 DAGs
[2025-12-10T22:43:03.856+0000] {logging_mixin.py:188} INFO - [2025-12-10T22:43:03.856+0000] {dag.py:3954} INFO - Setting next_dagrun for mfg_accelerator_pipeline to None, run_after=None
[2025-12-10T22:43:03.888+0000] {processor.py:183} INFO - Processing /opt/airflow/dags/mfg_pipeline.py took 0.139 seconds
[2025-12-10T22:43:34.055+0000] {processor.py:161} INFO - Started process (PID=429) to work on /opt/airflow/dags/mfg_pipeline.py
[2025-12-10T22:43:34.056+0000] {processor.py:830} INFO - Processing file /opt/airflow/dags/mfg_pipeline.py for tasks to queue
[2025-12-10T22:43:34.058+0000] {logging_mixin.py:188} INFO - [2025-12-10T22:43:34.058+0000] {dagbag.py:540} INFO - Filling up the DagBag from /opt/airflow/dags/mfg_pipeline.py
[2025-12-10T22:43:34.081+0000] {processor.py:840} INFO - DAG(s) 'mfg_accelerator_pipeline' retrieved from /opt/airflow/dags/mfg_pipeline.py
[2025-12-10T22:43:34.108+0000] {logging_mixin.py:188} INFO - [2025-12-10T22:43:34.108+0000] {dag.py:3096} INFO - Sync 1 DAGs
[2025-12-10T22:43:34.122+0000] {logging_mixin.py:188} INFO - [2025-12-10T22:43:34.121+0000] {dag.py:3954} INFO - Setting next_dagrun for mfg_accelerator_pipeline to None, run_after=None
[2025-12-10T22:43:34.150+0000] {processor.py:183} INFO - Processing /opt/airflow/dags/mfg_pipeline.py took 0.101 seconds
[2025-12-10T22:44:04.235+0000] {processor.py:161} INFO - Started process (PID=434) to work on /opt/airflow/dags/mfg_pipeline.py
[2025-12-10T22:44:04.237+0000] {processor.py:830} INFO - Processing file /opt/airflow/dags/mfg_pipeline.py for tasks to queue
[2025-12-10T22:44:04.240+0000] {logging_mixin.py:188} INFO - [2025-12-10T22:44:04.239+0000] {dagbag.py:540} INFO - Filling up the DagBag from /opt/airflow/dags/mfg_pipeline.py
[2025-12-10T22:44:04.264+0000] {processor.py:840} INFO - DAG(s) 'mfg_accelerator_pipeline' retrieved from /opt/airflow/dags/mfg_pipeline.py
[2025-12-10T22:44:04.294+0000] {logging_mixin.py:188} INFO - [2025-12-10T22:44:04.294+0000] {dag.py:3096} INFO - Sync 1 DAGs
[2025-12-10T22:44:04.309+0000] {logging_mixin.py:188} INFO - [2025-12-10T22:44:04.309+0000] {dag.py:3954} INFO - Setting next_dagrun for mfg_accelerator_pipeline to None, run_after=None
[2025-12-10T22:44:04.333+0000] {processor.py:183} INFO - Processing /opt/airflow/dags/mfg_pipeline.py took 0.103 seconds
[2025-12-10T22:44:34.495+0000] {processor.py:161} INFO - Started process (PID=439) to work on /opt/airflow/dags/mfg_pipeline.py
[2025-12-10T22:44:34.496+0000] {processor.py:830} INFO - Processing file /opt/airflow/dags/mfg_pipeline.py for tasks to queue
[2025-12-10T22:44:34.498+0000] {logging_mixin.py:188} INFO - [2025-12-10T22:44:34.498+0000] {dagbag.py:540} INFO - Filling up the DagBag from /opt/airflow/dags/mfg_pipeline.py
[2025-12-10T22:44:34.524+0000] {processor.py:840} INFO - DAG(s) 'mfg_accelerator_pipeline' retrieved from /opt/airflow/dags/mfg_pipeline.py
[2025-12-10T22:44:34.553+0000] {logging_mixin.py:188} INFO - [2025-12-10T22:44:34.553+0000] {dag.py:3096} INFO - Sync 1 DAGs
[2025-12-10T22:44:34.567+0000] {logging_mixin.py:188} INFO - [2025-12-10T22:44:34.567+0000] {dag.py:3954} INFO - Setting next_dagrun for mfg_accelerator_pipeline to None, run_after=None
[2025-12-10T22:44:34.591+0000] {processor.py:183} INFO - Processing /opt/airflow/dags/mfg_pipeline.py took 0.103 seconds
[2025-12-10T22:45:04.680+0000] {processor.py:161} INFO - Started process (PID=444) to work on /opt/airflow/dags/mfg_pipeline.py
[2025-12-10T22:45:04.681+0000] {processor.py:830} INFO - Processing file /opt/airflow/dags/mfg_pipeline.py for tasks to queue
[2025-12-10T22:45:04.683+0000] {logging_mixin.py:188} INFO - [2025-12-10T22:45:04.682+0000] {dagbag.py:540} INFO - Filling up the DagBag from /opt/airflow/dags/mfg_pipeline.py
[2025-12-10T22:45:04.708+0000] {processor.py:840} INFO - DAG(s) 'mfg_accelerator_pipeline' retrieved from /opt/airflow/dags/mfg_pipeline.py
[2025-12-10T22:45:04.741+0000] {logging_mixin.py:188} INFO - [2025-12-10T22:45:04.740+0000] {dag.py:3096} INFO - Sync 1 DAGs
[2025-12-10T22:45:04.757+0000] {logging_mixin.py:188} INFO - [2025-12-10T22:45:04.756+0000] {dag.py:3954} INFO - Setting next_dagrun for mfg_accelerator_pipeline to None, run_after=None
[2025-12-10T22:45:04.780+0000] {processor.py:183} INFO - Processing /opt/airflow/dags/mfg_pipeline.py took 0.105 seconds
[2025-12-10T22:45:34.949+0000] {processor.py:161} INFO - Started process (PID=449) to work on /opt/airflow/dags/mfg_pipeline.py
[2025-12-10T22:45:34.950+0000] {processor.py:830} INFO - Processing file /opt/airflow/dags/mfg_pipeline.py for tasks to queue
[2025-12-10T22:45:34.952+0000] {logging_mixin.py:188} INFO - [2025-12-10T22:45:34.952+0000] {dagbag.py:540} INFO - Filling up the DagBag from /opt/airflow/dags/mfg_pipeline.py
[2025-12-10T22:45:34.976+0000] {processor.py:840} INFO - DAG(s) 'mfg_accelerator_pipeline' retrieved from /opt/airflow/dags/mfg_pipeline.py
[2025-12-10T22:45:35.003+0000] {logging_mixin.py:188} INFO - [2025-12-10T22:45:35.003+0000] {dag.py:3096} INFO - Sync 1 DAGs
[2025-12-10T22:45:35.015+0000] {logging_mixin.py:188} INFO - [2025-12-10T22:45:35.015+0000] {dag.py:3954} INFO - Setting next_dagrun for mfg_accelerator_pipeline to None, run_after=None
[2025-12-10T22:45:35.040+0000] {processor.py:183} INFO - Processing /opt/airflow/dags/mfg_pipeline.py took 0.096 seconds
[2025-12-10T22:46:05.132+0000] {processor.py:161} INFO - Started process (PID=454) to work on /opt/airflow/dags/mfg_pipeline.py
[2025-12-10T22:46:05.133+0000] {processor.py:830} INFO - Processing file /opt/airflow/dags/mfg_pipeline.py for tasks to queue
[2025-12-10T22:46:05.135+0000] {logging_mixin.py:188} INFO - [2025-12-10T22:46:05.135+0000] {dagbag.py:540} INFO - Filling up the DagBag from /opt/airflow/dags/mfg_pipeline.py
[2025-12-10T22:46:05.160+0000] {processor.py:840} INFO - DAG(s) 'mfg_accelerator_pipeline' retrieved from /opt/airflow/dags/mfg_pipeline.py
[2025-12-10T22:46:05.188+0000] {logging_mixin.py:188} INFO - [2025-12-10T22:46:05.187+0000] {dag.py:3096} INFO - Sync 1 DAGs
[2025-12-10T22:46:05.202+0000] {logging_mixin.py:188} INFO - [2025-12-10T22:46:05.202+0000] {dag.py:3954} INFO - Setting next_dagrun for mfg_accelerator_pipeline to None, run_after=None
[2025-12-10T22:46:05.229+0000] {processor.py:183} INFO - Processing /opt/airflow/dags/mfg_pipeline.py took 0.103 seconds
[2025-12-10T22:46:35.436+0000] {processor.py:161} INFO - Started process (PID=459) to work on /opt/airflow/dags/mfg_pipeline.py
[2025-12-10T22:46:35.437+0000] {processor.py:830} INFO - Processing file /opt/airflow/dags/mfg_pipeline.py for tasks to queue
[2025-12-10T22:46:35.440+0000] {logging_mixin.py:188} INFO - [2025-12-10T22:46:35.440+0000] {dagbag.py:540} INFO - Filling up the DagBag from /opt/airflow/dags/mfg_pipeline.py
[2025-12-10T22:46:35.462+0000] {processor.py:840} INFO - DAG(s) 'mfg_accelerator_pipeline' retrieved from /opt/airflow/dags/mfg_pipeline.py
[2025-12-10T22:46:35.493+0000] {logging_mixin.py:188} INFO - [2025-12-10T22:46:35.493+0000] {dag.py:3096} INFO - Sync 1 DAGs
[2025-12-10T22:46:35.507+0000] {logging_mixin.py:188} INFO - [2025-12-10T22:46:35.506+0000] {dag.py:3954} INFO - Setting next_dagrun for mfg_accelerator_pipeline to None, run_after=None
[2025-12-10T22:46:35.531+0000] {processor.py:183} INFO - Processing /opt/airflow/dags/mfg_pipeline.py took 0.100 seconds
[2025-12-10T22:47:05.616+0000] {processor.py:161} INFO - Started process (PID=464) to work on /opt/airflow/dags/mfg_pipeline.py
[2025-12-10T22:47:05.617+0000] {processor.py:830} INFO - Processing file /opt/airflow/dags/mfg_pipeline.py for tasks to queue
[2025-12-10T22:47:05.619+0000] {logging_mixin.py:188} INFO - [2025-12-10T22:47:05.619+0000] {dagbag.py:540} INFO - Filling up the DagBag from /opt/airflow/dags/mfg_pipeline.py
[2025-12-10T22:47:05.645+0000] {processor.py:840} INFO - DAG(s) 'mfg_accelerator_pipeline' retrieved from /opt/airflow/dags/mfg_pipeline.py
[2025-12-10T22:47:05.678+0000] {logging_mixin.py:188} INFO - [2025-12-10T22:47:05.678+0000] {dag.py:3096} INFO - Sync 1 DAGs
[2025-12-10T22:47:05.695+0000] {logging_mixin.py:188} INFO - [2025-12-10T22:47:05.695+0000] {dag.py:3954} INFO - Setting next_dagrun for mfg_accelerator_pipeline to None, run_after=None
[2025-12-10T22:47:05.722+0000] {processor.py:183} INFO - Processing /opt/airflow/dags/mfg_pipeline.py took 0.112 seconds
[2025-12-10T22:47:35.879+0000] {processor.py:161} INFO - Started process (PID=469) to work on /opt/airflow/dags/mfg_pipeline.py
[2025-12-10T22:47:35.880+0000] {processor.py:830} INFO - Processing file /opt/airflow/dags/mfg_pipeline.py for tasks to queue
[2025-12-10T22:47:35.883+0000] {logging_mixin.py:188} INFO - [2025-12-10T22:47:35.882+0000] {dagbag.py:540} INFO - Filling up the DagBag from /opt/airflow/dags/mfg_pipeline.py
[2025-12-10T22:47:35.911+0000] {processor.py:840} INFO - DAG(s) 'mfg_accelerator_pipeline' retrieved from /opt/airflow/dags/mfg_pipeline.py
[2025-12-10T22:47:35.939+0000] {logging_mixin.py:188} INFO - [2025-12-10T22:47:35.939+0000] {dag.py:3096} INFO - Sync 1 DAGs
[2025-12-10T22:47:35.952+0000] {logging_mixin.py:188} INFO - [2025-12-10T22:47:35.952+0000] {dag.py:3954} INFO - Setting next_dagrun for mfg_accelerator_pipeline to None, run_after=None
[2025-12-10T22:47:35.978+0000] {processor.py:183} INFO - Processing /opt/airflow/dags/mfg_pipeline.py took 0.105 seconds
[2025-12-10T22:48:06.062+0000] {processor.py:161} INFO - Started process (PID=474) to work on /opt/airflow/dags/mfg_pipeline.py
[2025-12-10T22:48:06.063+0000] {processor.py:830} INFO - Processing file /opt/airflow/dags/mfg_pipeline.py for tasks to queue
[2025-12-10T22:48:06.065+0000] {logging_mixin.py:188} INFO - [2025-12-10T22:48:06.064+0000] {dagbag.py:540} INFO - Filling up the DagBag from /opt/airflow/dags/mfg_pipeline.py
[2025-12-10T22:48:06.089+0000] {processor.py:840} INFO - DAG(s) 'mfg_accelerator_pipeline' retrieved from /opt/airflow/dags/mfg_pipeline.py
[2025-12-10T22:48:06.117+0000] {logging_mixin.py:188} INFO - [2025-12-10T22:48:06.117+0000] {dag.py:3096} INFO - Sync 1 DAGs
[2025-12-10T22:48:06.132+0000] {logging_mixin.py:188} INFO - [2025-12-10T22:48:06.132+0000] {dag.py:3954} INFO - Setting next_dagrun for mfg_accelerator_pipeline to None, run_after=None
[2025-12-10T22:48:06.159+0000] {processor.py:183} INFO - Processing /opt/airflow/dags/mfg_pipeline.py took 0.103 seconds
[2025-12-10T22:48:26.279+0000] {processor.py:161} INFO - Started process (PID=479) to work on /opt/airflow/dags/mfg_pipeline.py
[2025-12-10T22:48:26.280+0000] {processor.py:830} INFO - Processing file /opt/airflow/dags/mfg_pipeline.py for tasks to queue
[2025-12-10T22:48:26.282+0000] {logging_mixin.py:188} INFO - [2025-12-10T22:48:26.282+0000] {dagbag.py:540} INFO - Filling up the DagBag from /opt/airflow/dags/mfg_pipeline.py
[2025-12-10T22:48:26.316+0000] {processor.py:840} INFO - DAG(s) 'mfg_accelerator_pipeline' retrieved from /opt/airflow/dags/mfg_pipeline.py
[2025-12-10T22:48:26.430+0000] {logging_mixin.py:188} INFO - [2025-12-10T22:48:26.429+0000] {dag.py:3096} INFO - Sync 1 DAGs
[2025-12-10T22:48:26.441+0000] {logging_mixin.py:188} INFO - [2025-12-10T22:48:26.441+0000] {dag.py:3954} INFO - Setting next_dagrun for mfg_accelerator_pipeline to None, run_after=None
[2025-12-10T22:48:26.469+0000] {processor.py:183} INFO - Processing /opt/airflow/dags/mfg_pipeline.py took 0.196 seconds
[2025-12-10T22:48:56.667+0000] {processor.py:161} INFO - Started process (PID=484) to work on /opt/airflow/dags/mfg_pipeline.py
[2025-12-10T22:48:56.668+0000] {processor.py:830} INFO - Processing file /opt/airflow/dags/mfg_pipeline.py for tasks to queue
[2025-12-10T22:48:56.671+0000] {logging_mixin.py:188} INFO - [2025-12-10T22:48:56.671+0000] {dagbag.py:540} INFO - Filling up the DagBag from /opt/airflow/dags/mfg_pipeline.py
[2025-12-10T22:48:56.699+0000] {processor.py:840} INFO - DAG(s) 'mfg_accelerator_pipeline' retrieved from /opt/airflow/dags/mfg_pipeline.py
[2025-12-10T22:48:56.724+0000] {logging_mixin.py:188} INFO - [2025-12-10T22:48:56.724+0000] {dag.py:3096} INFO - Sync 1 DAGs
[2025-12-10T22:48:56.736+0000] {logging_mixin.py:188} INFO - [2025-12-10T22:48:56.736+0000] {dag.py:3954} INFO - Setting next_dagrun for mfg_accelerator_pipeline to None, run_after=None
[2025-12-10T22:48:56.760+0000] {processor.py:183} INFO - Processing /opt/airflow/dags/mfg_pipeline.py took 0.099 seconds
[2025-12-10T22:49:26.914+0000] {processor.py:161} INFO - Started process (PID=489) to work on /opt/airflow/dags/mfg_pipeline.py
[2025-12-10T22:49:26.915+0000] {processor.py:830} INFO - Processing file /opt/airflow/dags/mfg_pipeline.py for tasks to queue
[2025-12-10T22:49:26.917+0000] {logging_mixin.py:188} INFO - [2025-12-10T22:49:26.917+0000] {dagbag.py:540} INFO - Filling up the DagBag from /opt/airflow/dags/mfg_pipeline.py
[2025-12-10T22:49:26.944+0000] {processor.py:840} INFO - DAG(s) 'mfg_accelerator_pipeline' retrieved from /opt/airflow/dags/mfg_pipeline.py
[2025-12-10T22:49:26.980+0000] {logging_mixin.py:188} INFO - [2025-12-10T22:49:26.980+0000] {dag.py:3096} INFO - Sync 1 DAGs
[2025-12-10T22:49:26.999+0000] {logging_mixin.py:188} INFO - [2025-12-10T22:49:26.999+0000] {dag.py:3954} INFO - Setting next_dagrun for mfg_accelerator_pipeline to None, run_after=None
[2025-12-10T22:49:27.031+0000] {processor.py:183} INFO - Processing /opt/airflow/dags/mfg_pipeline.py took 0.126 seconds
[2025-12-10T22:49:55.106+0000] {processor.py:161} INFO - Started process (PID=494) to work on /opt/airflow/dags/mfg_pipeline.py
[2025-12-10T22:49:55.107+0000] {processor.py:830} INFO - Processing file /opt/airflow/dags/mfg_pipeline.py for tasks to queue
[2025-12-10T22:49:55.110+0000] {logging_mixin.py:188} INFO - [2025-12-10T22:49:55.109+0000] {dagbag.py:540} INFO - Filling up the DagBag from /opt/airflow/dags/mfg_pipeline.py
[2025-12-10T22:49:55.142+0000] {processor.py:840} INFO - DAG(s) 'mfg_accelerator_pipeline' retrieved from /opt/airflow/dags/mfg_pipeline.py
[2025-12-10T22:49:55.169+0000] {logging_mixin.py:188} INFO - [2025-12-10T22:49:55.169+0000] {dag.py:3096} INFO - Sync 1 DAGs
[2025-12-10T22:49:55.186+0000] {logging_mixin.py:188} INFO - [2025-12-10T22:49:55.186+0000] {dag.py:3954} INFO - Setting next_dagrun for mfg_accelerator_pipeline to None, run_after=None
[2025-12-10T22:49:55.216+0000] {processor.py:183} INFO - Processing /opt/airflow/dags/mfg_pipeline.py took 0.117 seconds
[2025-12-10T22:50:25.378+0000] {processor.py:161} INFO - Started process (PID=502) to work on /opt/airflow/dags/mfg_pipeline.py
[2025-12-10T22:50:25.379+0000] {processor.py:830} INFO - Processing file /opt/airflow/dags/mfg_pipeline.py for tasks to queue
[2025-12-10T22:50:25.381+0000] {logging_mixin.py:188} INFO - [2025-12-10T22:50:25.381+0000] {dagbag.py:540} INFO - Filling up the DagBag from /opt/airflow/dags/mfg_pipeline.py
[2025-12-10T22:50:25.402+0000] {processor.py:840} INFO - DAG(s) 'mfg_accelerator_pipeline' retrieved from /opt/airflow/dags/mfg_pipeline.py
[2025-12-10T22:50:25.430+0000] {logging_mixin.py:188} INFO - [2025-12-10T22:50:25.430+0000] {dag.py:3096} INFO - Sync 1 DAGs
[2025-12-10T22:50:25.444+0000] {logging_mixin.py:188} INFO - [2025-12-10T22:50:25.444+0000] {dag.py:3954} INFO - Setting next_dagrun for mfg_accelerator_pipeline to None, run_after=None
[2025-12-10T22:50:25.471+0000] {processor.py:183} INFO - Processing /opt/airflow/dags/mfg_pipeline.py took 0.099 seconds
[2025-12-10T22:50:55.561+0000] {processor.py:161} INFO - Started process (PID=507) to work on /opt/airflow/dags/mfg_pipeline.py
[2025-12-10T22:50:55.563+0000] {processor.py:830} INFO - Processing file /opt/airflow/dags/mfg_pipeline.py for tasks to queue
[2025-12-10T22:50:55.565+0000] {logging_mixin.py:188} INFO - [2025-12-10T22:50:55.565+0000] {dagbag.py:540} INFO - Filling up the DagBag from /opt/airflow/dags/mfg_pipeline.py
[2025-12-10T22:50:55.590+0000] {processor.py:840} INFO - DAG(s) 'mfg_accelerator_pipeline' retrieved from /opt/airflow/dags/mfg_pipeline.py
[2025-12-10T22:50:55.619+0000] {logging_mixin.py:188} INFO - [2025-12-10T22:50:55.619+0000] {dag.py:3096} INFO - Sync 1 DAGs
[2025-12-10T22:50:55.633+0000] {logging_mixin.py:188} INFO - [2025-12-10T22:50:55.633+0000] {dag.py:3954} INFO - Setting next_dagrun for mfg_accelerator_pipeline to None, run_after=None
[2025-12-10T22:50:55.657+0000] {processor.py:183} INFO - Processing /opt/airflow/dags/mfg_pipeline.py took 0.102 seconds
[2025-12-10T22:51:25.855+0000] {processor.py:161} INFO - Started process (PID=512) to work on /opt/airflow/dags/mfg_pipeline.py
[2025-12-10T22:51:25.856+0000] {processor.py:830} INFO - Processing file /opt/airflow/dags/mfg_pipeline.py for tasks to queue
[2025-12-10T22:51:25.858+0000] {logging_mixin.py:188} INFO - [2025-12-10T22:51:25.857+0000] {dagbag.py:540} INFO - Filling up the DagBag from /opt/airflow/dags/mfg_pipeline.py
[2025-12-10T22:51:25.881+0000] {processor.py:840} INFO - DAG(s) 'mfg_accelerator_pipeline' retrieved from /opt/airflow/dags/mfg_pipeline.py
[2025-12-10T22:51:25.906+0000] {logging_mixin.py:188} INFO - [2025-12-10T22:51:25.906+0000] {dag.py:3096} INFO - Sync 1 DAGs
[2025-12-10T22:51:25.920+0000] {logging_mixin.py:188} INFO - [2025-12-10T22:51:25.919+0000] {dag.py:3954} INFO - Setting next_dagrun for mfg_accelerator_pipeline to None, run_after=None
[2025-12-10T22:51:25.943+0000] {processor.py:183} INFO - Processing /opt/airflow/dags/mfg_pipeline.py took 0.094 seconds
[2025-12-10T22:51:56.040+0000] {processor.py:161} INFO - Started process (PID=517) to work on /opt/airflow/dags/mfg_pipeline.py
[2025-12-10T22:51:56.042+0000] {processor.py:830} INFO - Processing file /opt/airflow/dags/mfg_pipeline.py for tasks to queue
[2025-12-10T22:51:56.044+0000] {logging_mixin.py:188} INFO - [2025-12-10T22:51:56.044+0000] {dagbag.py:540} INFO - Filling up the DagBag from /opt/airflow/dags/mfg_pipeline.py
[2025-12-10T22:51:56.068+0000] {processor.py:840} INFO - DAG(s) 'mfg_accelerator_pipeline' retrieved from /opt/airflow/dags/mfg_pipeline.py
[2025-12-10T22:51:56.096+0000] {logging_mixin.py:188} INFO - [2025-12-10T22:51:56.096+0000] {dag.py:3096} INFO - Sync 1 DAGs
[2025-12-10T22:51:56.109+0000] {logging_mixin.py:188} INFO - [2025-12-10T22:51:56.109+0000] {dag.py:3954} INFO - Setting next_dagrun for mfg_accelerator_pipeline to None, run_after=None
[2025-12-10T22:51:56.135+0000] {processor.py:183} INFO - Processing /opt/airflow/dags/mfg_pipeline.py took 0.100 seconds
[2025-12-10T22:52:26.299+0000] {processor.py:161} INFO - Started process (PID=522) to work on /opt/airflow/dags/mfg_pipeline.py
[2025-12-10T22:52:26.300+0000] {processor.py:830} INFO - Processing file /opt/airflow/dags/mfg_pipeline.py for tasks to queue
[2025-12-10T22:52:26.302+0000] {logging_mixin.py:188} INFO - [2025-12-10T22:52:26.302+0000] {dagbag.py:540} INFO - Filling up the DagBag from /opt/airflow/dags/mfg_pipeline.py
[2025-12-10T22:52:26.331+0000] {processor.py:840} INFO - DAG(s) 'mfg_accelerator_pipeline' retrieved from /opt/airflow/dags/mfg_pipeline.py
[2025-12-10T22:52:26.361+0000] {logging_mixin.py:188} INFO - [2025-12-10T22:52:26.361+0000] {dag.py:3096} INFO - Sync 1 DAGs
[2025-12-10T22:52:26.379+0000] {logging_mixin.py:188} INFO - [2025-12-10T22:52:26.378+0000] {dag.py:3954} INFO - Setting next_dagrun for mfg_accelerator_pipeline to None, run_after=None
[2025-12-10T22:52:26.403+0000] {processor.py:183} INFO - Processing /opt/airflow/dags/mfg_pipeline.py took 0.112 seconds
[2025-12-10T22:52:56.498+0000] {processor.py:161} INFO - Started process (PID=527) to work on /opt/airflow/dags/mfg_pipeline.py
[2025-12-10T22:52:56.499+0000] {processor.py:830} INFO - Processing file /opt/airflow/dags/mfg_pipeline.py for tasks to queue
[2025-12-10T22:52:56.502+0000] {logging_mixin.py:188} INFO - [2025-12-10T22:52:56.501+0000] {dagbag.py:540} INFO - Filling up the DagBag from /opt/airflow/dags/mfg_pipeline.py
[2025-12-10T22:52:56.529+0000] {processor.py:840} INFO - DAG(s) 'mfg_accelerator_pipeline' retrieved from /opt/airflow/dags/mfg_pipeline.py
[2025-12-10T22:52:56.565+0000] {logging_mixin.py:188} INFO - [2025-12-10T22:52:56.565+0000] {dag.py:3096} INFO - Sync 1 DAGs
[2025-12-10T22:52:56.583+0000] {logging_mixin.py:188} INFO - [2025-12-10T22:52:56.583+0000] {dag.py:3954} INFO - Setting next_dagrun for mfg_accelerator_pipeline to None, run_after=None
[2025-12-10T22:52:56.608+0000] {processor.py:183} INFO - Processing /opt/airflow/dags/mfg_pipeline.py took 0.119 seconds
[2025-12-10T22:53:26.794+0000] {processor.py:161} INFO - Started process (PID=532) to work on /opt/airflow/dags/mfg_pipeline.py
[2025-12-10T22:53:26.796+0000] {processor.py:830} INFO - Processing file /opt/airflow/dags/mfg_pipeline.py for tasks to queue
[2025-12-10T22:53:26.799+0000] {logging_mixin.py:188} INFO - [2025-12-10T22:53:26.799+0000] {dagbag.py:540} INFO - Filling up the DagBag from /opt/airflow/dags/mfg_pipeline.py
[2025-12-10T22:53:26.823+0000] {processor.py:840} INFO - DAG(s) 'mfg_accelerator_pipeline' retrieved from /opt/airflow/dags/mfg_pipeline.py
[2025-12-10T22:53:26.853+0000] {logging_mixin.py:188} INFO - [2025-12-10T22:53:26.853+0000] {dag.py:3096} INFO - Sync 1 DAGs
[2025-12-10T22:53:26.869+0000] {logging_mixin.py:188} INFO - [2025-12-10T22:53:26.869+0000] {dag.py:3954} INFO - Setting next_dagrun for mfg_accelerator_pipeline to None, run_after=None
[2025-12-10T22:53:26.895+0000] {processor.py:183} INFO - Processing /opt/airflow/dags/mfg_pipeline.py took 0.107 seconds
[2025-12-10T22:53:56.973+0000] {processor.py:161} INFO - Started process (PID=537) to work on /opt/airflow/dags/mfg_pipeline.py
[2025-12-10T22:53:56.974+0000] {processor.py:830} INFO - Processing file /opt/airflow/dags/mfg_pipeline.py for tasks to queue
[2025-12-10T22:53:56.977+0000] {logging_mixin.py:188} INFO - [2025-12-10T22:53:56.977+0000] {dagbag.py:540} INFO - Filling up the DagBag from /opt/airflow/dags/mfg_pipeline.py
[2025-12-10T22:53:57.006+0000] {processor.py:840} INFO - DAG(s) 'mfg_accelerator_pipeline' retrieved from /opt/airflow/dags/mfg_pipeline.py
[2025-12-10T22:53:57.039+0000] {logging_mixin.py:188} INFO - [2025-12-10T22:53:57.039+0000] {dag.py:3096} INFO - Sync 1 DAGs
[2025-12-10T22:53:57.056+0000] {logging_mixin.py:188} INFO - [2025-12-10T22:53:57.056+0000] {dag.py:3954} INFO - Setting next_dagrun for mfg_accelerator_pipeline to None, run_after=None
[2025-12-10T22:53:57.081+0000] {processor.py:183} INFO - Processing /opt/airflow/dags/mfg_pipeline.py took 0.118 seconds
[2025-12-10T22:54:27.253+0000] {processor.py:161} INFO - Started process (PID=542) to work on /opt/airflow/dags/mfg_pipeline.py
[2025-12-10T22:54:27.254+0000] {processor.py:830} INFO - Processing file /opt/airflow/dags/mfg_pipeline.py for tasks to queue
[2025-12-10T22:54:27.256+0000] {logging_mixin.py:188} INFO - [2025-12-10T22:54:27.255+0000] {dagbag.py:540} INFO - Filling up the DagBag from /opt/airflow/dags/mfg_pipeline.py
[2025-12-10T22:54:27.284+0000] {processor.py:840} INFO - DAG(s) 'mfg_accelerator_pipeline' retrieved from /opt/airflow/dags/mfg_pipeline.py
[2025-12-10T22:54:27.313+0000] {logging_mixin.py:188} INFO - [2025-12-10T22:54:27.312+0000] {dag.py:3096} INFO - Sync 1 DAGs
[2025-12-10T22:54:27.328+0000] {logging_mixin.py:188} INFO - [2025-12-10T22:54:27.328+0000] {dag.py:3954} INFO - Setting next_dagrun for mfg_accelerator_pipeline to None, run_after=None
[2025-12-10T22:54:27.354+0000] {processor.py:183} INFO - Processing /opt/airflow/dags/mfg_pipeline.py took 0.107 seconds
[2025-12-10T22:54:57.453+0000] {processor.py:161} INFO - Started process (PID=547) to work on /opt/airflow/dags/mfg_pipeline.py
[2025-12-10T22:54:57.454+0000] {processor.py:830} INFO - Processing file /opt/airflow/dags/mfg_pipeline.py for tasks to queue
[2025-12-10T22:54:57.457+0000] {logging_mixin.py:188} INFO - [2025-12-10T22:54:57.456+0000] {dagbag.py:540} INFO - Filling up the DagBag from /opt/airflow/dags/mfg_pipeline.py
[2025-12-10T22:54:57.484+0000] {processor.py:840} INFO - DAG(s) 'mfg_accelerator_pipeline' retrieved from /opt/airflow/dags/mfg_pipeline.py
[2025-12-10T22:54:57.517+0000] {logging_mixin.py:188} INFO - [2025-12-10T22:54:57.517+0000] {dag.py:3096} INFO - Sync 1 DAGs
[2025-12-10T22:54:57.533+0000] {logging_mixin.py:188} INFO - [2025-12-10T22:54:57.533+0000] {dag.py:3954} INFO - Setting next_dagrun for mfg_accelerator_pipeline to None, run_after=None
[2025-12-10T22:54:57.558+0000] {processor.py:183} INFO - Processing /opt/airflow/dags/mfg_pipeline.py took 0.112 seconds
[2025-12-10T22:55:27.722+0000] {processor.py:161} INFO - Started process (PID=555) to work on /opt/airflow/dags/mfg_pipeline.py
[2025-12-10T22:55:27.723+0000] {processor.py:830} INFO - Processing file /opt/airflow/dags/mfg_pipeline.py for tasks to queue
[2025-12-10T22:55:27.725+0000] {logging_mixin.py:188} INFO - [2025-12-10T22:55:27.725+0000] {dagbag.py:540} INFO - Filling up the DagBag from /opt/airflow/dags/mfg_pipeline.py
[2025-12-10T22:55:27.747+0000] {processor.py:840} INFO - DAG(s) 'mfg_accelerator_pipeline' retrieved from /opt/airflow/dags/mfg_pipeline.py
[2025-12-10T22:55:27.773+0000] {logging_mixin.py:188} INFO - [2025-12-10T22:55:27.773+0000] {dag.py:3096} INFO - Sync 1 DAGs
[2025-12-10T22:55:27.790+0000] {logging_mixin.py:188} INFO - [2025-12-10T22:55:27.789+0000] {dag.py:3954} INFO - Setting next_dagrun for mfg_accelerator_pipeline to None, run_after=None
[2025-12-10T22:55:27.815+0000] {processor.py:183} INFO - Processing /opt/airflow/dags/mfg_pipeline.py took 0.103 seconds
[2025-12-10T22:55:57.902+0000] {processor.py:161} INFO - Started process (PID=560) to work on /opt/airflow/dags/mfg_pipeline.py
[2025-12-10T22:55:57.903+0000] {processor.py:830} INFO - Processing file /opt/airflow/dags/mfg_pipeline.py for tasks to queue
[2025-12-10T22:55:57.905+0000] {logging_mixin.py:188} INFO - [2025-12-10T22:55:57.905+0000] {dagbag.py:540} INFO - Filling up the DagBag from /opt/airflow/dags/mfg_pipeline.py
[2025-12-10T22:55:57.930+0000] {processor.py:840} INFO - DAG(s) 'mfg_accelerator_pipeline' retrieved from /opt/airflow/dags/mfg_pipeline.py
[2025-12-10T22:55:57.958+0000] {logging_mixin.py:188} INFO - [2025-12-10T22:55:57.958+0000] {dag.py:3096} INFO - Sync 1 DAGs
[2025-12-10T22:55:57.974+0000] {logging_mixin.py:188} INFO - [2025-12-10T22:55:57.974+0000] {dag.py:3954} INFO - Setting next_dagrun for mfg_accelerator_pipeline to None, run_after=None
[2025-12-10T22:55:57.999+0000] {processor.py:183} INFO - Processing /opt/airflow/dags/mfg_pipeline.py took 0.104 seconds
[2025-12-10T22:56:28.200+0000] {processor.py:161} INFO - Started process (PID=565) to work on /opt/airflow/dags/mfg_pipeline.py
[2025-12-10T22:56:28.202+0000] {processor.py:830} INFO - Processing file /opt/airflow/dags/mfg_pipeline.py for tasks to queue
[2025-12-10T22:56:28.204+0000] {logging_mixin.py:188} INFO - [2025-12-10T22:56:28.204+0000] {dagbag.py:540} INFO - Filling up the DagBag from /opt/airflow/dags/mfg_pipeline.py
[2025-12-10T22:56:28.229+0000] {processor.py:840} INFO - DAG(s) 'mfg_accelerator_pipeline' retrieved from /opt/airflow/dags/mfg_pipeline.py
[2025-12-10T22:56:28.258+0000] {logging_mixin.py:188} INFO - [2025-12-10T22:56:28.258+0000] {dag.py:3096} INFO - Sync 1 DAGs
[2025-12-10T22:56:28.272+0000] {logging_mixin.py:188} INFO - [2025-12-10T22:56:28.272+0000] {dag.py:3954} INFO - Setting next_dagrun for mfg_accelerator_pipeline to None, run_after=None
[2025-12-10T22:56:28.296+0000] {processor.py:183} INFO - Processing /opt/airflow/dags/mfg_pipeline.py took 0.107 seconds
[2025-12-10T22:56:58.379+0000] {processor.py:161} INFO - Started process (PID=570) to work on /opt/airflow/dags/mfg_pipeline.py
[2025-12-10T22:56:58.381+0000] {processor.py:830} INFO - Processing file /opt/airflow/dags/mfg_pipeline.py for tasks to queue
[2025-12-10T22:56:58.383+0000] {logging_mixin.py:188} INFO - [2025-12-10T22:56:58.383+0000] {dagbag.py:540} INFO - Filling up the DagBag from /opt/airflow/dags/mfg_pipeline.py
[2025-12-10T22:56:58.409+0000] {processor.py:840} INFO - DAG(s) 'mfg_accelerator_pipeline' retrieved from /opt/airflow/dags/mfg_pipeline.py
[2025-12-10T22:56:58.443+0000] {logging_mixin.py:188} INFO - [2025-12-10T22:56:58.442+0000] {dag.py:3096} INFO - Sync 1 DAGs
[2025-12-10T22:56:58.460+0000] {logging_mixin.py:188} INFO - [2025-12-10T22:56:58.460+0000] {dag.py:3954} INFO - Setting next_dagrun for mfg_accelerator_pipeline to None, run_after=None
[2025-12-10T22:56:58.484+0000] {processor.py:183} INFO - Processing /opt/airflow/dags/mfg_pipeline.py took 0.113 seconds
[2025-12-10T22:57:28.677+0000] {processor.py:161} INFO - Started process (PID=575) to work on /opt/airflow/dags/mfg_pipeline.py
[2025-12-10T22:57:28.678+0000] {processor.py:830} INFO - Processing file /opt/airflow/dags/mfg_pipeline.py for tasks to queue
[2025-12-10T22:57:28.682+0000] {logging_mixin.py:188} INFO - [2025-12-10T22:57:28.682+0000] {dagbag.py:540} INFO - Filling up the DagBag from /opt/airflow/dags/mfg_pipeline.py
[2025-12-10T22:57:28.711+0000] {processor.py:840} INFO - DAG(s) 'mfg_accelerator_pipeline' retrieved from /opt/airflow/dags/mfg_pipeline.py
[2025-12-10T22:57:28.754+0000] {logging_mixin.py:188} INFO - [2025-12-10T22:57:28.753+0000] {dag.py:3096} INFO - Sync 1 DAGs
[2025-12-10T22:57:28.773+0000] {logging_mixin.py:188} INFO - [2025-12-10T22:57:28.773+0000] {dag.py:3954} INFO - Setting next_dagrun for mfg_accelerator_pipeline to None, run_after=None
[2025-12-10T22:57:28.803+0000] {processor.py:183} INFO - Processing /opt/airflow/dags/mfg_pipeline.py took 0.132 seconds
[2025-12-10T22:57:58.928+0000] {processor.py:161} INFO - Started process (PID=580) to work on /opt/airflow/dags/mfg_pipeline.py
[2025-12-10T22:57:58.931+0000] {processor.py:830} INFO - Processing file /opt/airflow/dags/mfg_pipeline.py for tasks to queue
[2025-12-10T22:57:58.935+0000] {logging_mixin.py:188} INFO - [2025-12-10T22:57:58.934+0000] {dagbag.py:540} INFO - Filling up the DagBag from /opt/airflow/dags/mfg_pipeline.py
[2025-12-10T22:57:58.969+0000] {processor.py:840} INFO - DAG(s) 'mfg_accelerator_pipeline' retrieved from /opt/airflow/dags/mfg_pipeline.py
[2025-12-10T22:57:59.006+0000] {logging_mixin.py:188} INFO - [2025-12-10T22:57:59.005+0000] {dag.py:3096} INFO - Sync 1 DAGs
[2025-12-10T22:57:59.024+0000] {logging_mixin.py:188} INFO - [2025-12-10T22:57:59.024+0000] {dag.py:3954} INFO - Setting next_dagrun for mfg_accelerator_pipeline to None, run_after=None
[2025-12-10T22:57:59.054+0000] {processor.py:183} INFO - Processing /opt/airflow/dags/mfg_pipeline.py took 0.135 seconds
[2025-12-10T22:58:18.110+0000] {processor.py:161} INFO - Started process (PID=585) to work on /opt/airflow/dags/mfg_pipeline.py
[2025-12-10T22:58:18.111+0000] {processor.py:830} INFO - Processing file /opt/airflow/dags/mfg_pipeline.py for tasks to queue
[2025-12-10T22:58:18.113+0000] {logging_mixin.py:188} INFO - [2025-12-10T22:58:18.113+0000] {dagbag.py:540} INFO - Filling up the DagBag from /opt/airflow/dags/mfg_pipeline.py
[2025-12-10T22:58:18.150+0000] {processor.py:840} INFO - DAG(s) 'mfg_accelerator_pipeline' retrieved from /opt/airflow/dags/mfg_pipeline.py
[2025-12-10T22:58:18.191+0000] {logging_mixin.py:188} INFO - [2025-12-10T22:58:18.191+0000] {dag.py:3096} INFO - Sync 1 DAGs
[2025-12-10T22:58:18.214+0000] {logging_mixin.py:188} INFO - [2025-12-10T22:58:18.213+0000] {dag.py:3954} INFO - Setting next_dagrun for mfg_accelerator_pipeline to None, run_after=None
[2025-12-10T22:58:18.253+0000] {processor.py:183} INFO - Processing /opt/airflow/dags/mfg_pipeline.py took 0.150 seconds
[2025-12-10T22:58:48.379+0000] {processor.py:161} INFO - Started process (PID=590) to work on /opt/airflow/dags/mfg_pipeline.py
[2025-12-10T22:58:48.380+0000] {processor.py:830} INFO - Processing file /opt/airflow/dags/mfg_pipeline.py for tasks to queue
[2025-12-10T22:58:48.383+0000] {logging_mixin.py:188} INFO - [2025-12-10T22:58:48.383+0000] {dagbag.py:540} INFO - Filling up the DagBag from /opt/airflow/dags/mfg_pipeline.py
[2025-12-10T22:58:48.411+0000] {processor.py:840} INFO - DAG(s) 'mfg_accelerator_pipeline' retrieved from /opt/airflow/dags/mfg_pipeline.py
[2025-12-10T22:58:48.444+0000] {logging_mixin.py:188} INFO - [2025-12-10T22:58:48.444+0000] {dag.py:3096} INFO - Sync 1 DAGs
[2025-12-10T22:58:48.460+0000] {logging_mixin.py:188} INFO - [2025-12-10T22:58:48.460+0000] {dag.py:3954} INFO - Setting next_dagrun for mfg_accelerator_pipeline to None, run_after=None
[2025-12-10T22:58:48.492+0000] {processor.py:183} INFO - Processing /opt/airflow/dags/mfg_pipeline.py took 0.126 seconds
[2025-12-10T22:59:18.623+0000] {processor.py:161} INFO - Started process (PID=595) to work on /opt/airflow/dags/mfg_pipeline.py
[2025-12-10T22:59:18.625+0000] {processor.py:830} INFO - Processing file /opt/airflow/dags/mfg_pipeline.py for tasks to queue
[2025-12-10T22:59:18.627+0000] {logging_mixin.py:188} INFO - [2025-12-10T22:59:18.627+0000] {dagbag.py:540} INFO - Filling up the DagBag from /opt/airflow/dags/mfg_pipeline.py
[2025-12-10T22:59:18.660+0000] {processor.py:840} INFO - DAG(s) 'mfg_accelerator_pipeline' retrieved from /opt/airflow/dags/mfg_pipeline.py
[2025-12-10T22:59:18.708+0000] {logging_mixin.py:188} INFO - [2025-12-10T22:59:18.708+0000] {dag.py:3096} INFO - Sync 1 DAGs
[2025-12-10T22:59:18.728+0000] {logging_mixin.py:188} INFO - [2025-12-10T22:59:18.728+0000] {dag.py:3954} INFO - Setting next_dagrun for mfg_accelerator_pipeline to None, run_after=None
[2025-12-10T22:59:18.759+0000] {processor.py:183} INFO - Processing /opt/airflow/dags/mfg_pipeline.py took 0.145 seconds
[2025-12-10T22:59:48.856+0000] {processor.py:161} INFO - Started process (PID=608) to work on /opt/airflow/dags/mfg_pipeline.py
[2025-12-10T22:59:48.857+0000] {processor.py:830} INFO - Processing file /opt/airflow/dags/mfg_pipeline.py for tasks to queue
[2025-12-10T22:59:48.859+0000] {logging_mixin.py:188} INFO - [2025-12-10T22:59:48.859+0000] {dagbag.py:540} INFO - Filling up the DagBag from /opt/airflow/dags/mfg_pipeline.py
[2025-12-10T22:59:48.887+0000] {processor.py:840} INFO - DAG(s) 'mfg_accelerator_pipeline' retrieved from /opt/airflow/dags/mfg_pipeline.py
[2025-12-10T22:59:48.918+0000] {logging_mixin.py:188} INFO - [2025-12-10T22:59:48.918+0000] {dag.py:3096} INFO - Sync 1 DAGs
[2025-12-10T22:59:48.935+0000] {logging_mixin.py:188} INFO - [2025-12-10T22:59:48.935+0000] {dag.py:3954} INFO - Setting next_dagrun for mfg_accelerator_pipeline to None, run_after=None
[2025-12-10T22:59:48.960+0000] {processor.py:183} INFO - Processing /opt/airflow/dags/mfg_pipeline.py took 0.111 seconds
[2025-12-10T23:00:19.127+0000] {processor.py:161} INFO - Started process (PID=614) to work on /opt/airflow/dags/mfg_pipeline.py
[2025-12-10T23:00:19.129+0000] {processor.py:830} INFO - Processing file /opt/airflow/dags/mfg_pipeline.py for tasks to queue
[2025-12-10T23:00:19.131+0000] {logging_mixin.py:188} INFO - [2025-12-10T23:00:19.131+0000] {dagbag.py:540} INFO - Filling up the DagBag from /opt/airflow/dags/mfg_pipeline.py
[2025-12-10T23:00:19.161+0000] {processor.py:840} INFO - DAG(s) 'mfg_accelerator_pipeline' retrieved from /opt/airflow/dags/mfg_pipeline.py
[2025-12-10T23:00:19.199+0000] {logging_mixin.py:188} INFO - [2025-12-10T23:00:19.198+0000] {dag.py:3096} INFO - Sync 1 DAGs
[2025-12-10T23:00:19.218+0000] {logging_mixin.py:188} INFO - [2025-12-10T23:00:19.218+0000] {dag.py:3954} INFO - Setting next_dagrun for mfg_accelerator_pipeline to None, run_after=None
[2025-12-10T23:00:19.247+0000] {processor.py:183} INFO - Processing /opt/airflow/dags/mfg_pipeline.py took 0.127 seconds
[2025-12-10T23:00:49.391+0000] {processor.py:161} INFO - Started process (PID=619) to work on /opt/airflow/dags/mfg_pipeline.py
[2025-12-10T23:00:49.393+0000] {processor.py:830} INFO - Processing file /opt/airflow/dags/mfg_pipeline.py for tasks to queue
[2025-12-10T23:00:49.396+0000] {logging_mixin.py:188} INFO - [2025-12-10T23:00:49.396+0000] {dagbag.py:540} INFO - Filling up the DagBag from /opt/airflow/dags/mfg_pipeline.py
[2025-12-10T23:00:49.428+0000] {processor.py:840} INFO - DAG(s) 'mfg_accelerator_pipeline' retrieved from /opt/airflow/dags/mfg_pipeline.py
[2025-12-10T23:00:49.469+0000] {logging_mixin.py:188} INFO - [2025-12-10T23:00:49.468+0000] {dag.py:3096} INFO - Sync 1 DAGs
[2025-12-10T23:00:49.488+0000] {logging_mixin.py:188} INFO - [2025-12-10T23:00:49.488+0000] {dag.py:3954} INFO - Setting next_dagrun for mfg_accelerator_pipeline to None, run_after=None
[2025-12-10T23:00:49.518+0000] {processor.py:183} INFO - Processing /opt/airflow/dags/mfg_pipeline.py took 0.137 seconds
[2025-12-10T23:01:19.651+0000] {processor.py:161} INFO - Started process (PID=624) to work on /opt/airflow/dags/mfg_pipeline.py
[2025-12-10T23:01:19.653+0000] {processor.py:830} INFO - Processing file /opt/airflow/dags/mfg_pipeline.py for tasks to queue
[2025-12-10T23:01:19.656+0000] {logging_mixin.py:188} INFO - [2025-12-10T23:01:19.656+0000] {dagbag.py:540} INFO - Filling up the DagBag from /opt/airflow/dags/mfg_pipeline.py
[2025-12-10T23:01:19.682+0000] {processor.py:840} INFO - DAG(s) 'mfg_accelerator_pipeline' retrieved from /opt/airflow/dags/mfg_pipeline.py
[2025-12-10T23:01:19.717+0000] {logging_mixin.py:188} INFO - [2025-12-10T23:01:19.717+0000] {dag.py:3096} INFO - Sync 1 DAGs
[2025-12-10T23:01:19.736+0000] {logging_mixin.py:188} INFO - [2025-12-10T23:01:19.735+0000] {dag.py:3954} INFO - Setting next_dagrun for mfg_accelerator_pipeline to None, run_after=None
[2025-12-10T23:01:19.763+0000] {processor.py:183} INFO - Processing /opt/airflow/dags/mfg_pipeline.py took 0.120 seconds
[2025-12-10T23:01:50.017+0000] {processor.py:161} INFO - Started process (PID=629) to work on /opt/airflow/dags/mfg_pipeline.py
[2025-12-10T23:01:50.019+0000] {processor.py:830} INFO - Processing file /opt/airflow/dags/mfg_pipeline.py for tasks to queue
[2025-12-10T23:01:50.023+0000] {logging_mixin.py:188} INFO - [2025-12-10T23:01:50.022+0000] {dagbag.py:540} INFO - Filling up the DagBag from /opt/airflow/dags/mfg_pipeline.py
[2025-12-10T23:01:50.071+0000] {processor.py:840} INFO - DAG(s) 'mfg_accelerator_pipeline' retrieved from /opt/airflow/dags/mfg_pipeline.py
[2025-12-10T23:01:50.134+0000] {logging_mixin.py:188} INFO - [2025-12-10T23:01:50.134+0000] {dag.py:3096} INFO - Sync 1 DAGs
[2025-12-10T23:01:50.158+0000] {logging_mixin.py:188} INFO - [2025-12-10T23:01:50.158+0000] {dag.py:3954} INFO - Setting next_dagrun for mfg_accelerator_pipeline to None, run_after=None
[2025-12-10T23:01:50.187+0000] {processor.py:183} INFO - Processing /opt/airflow/dags/mfg_pipeline.py took 0.181 seconds
[2025-12-10T23:02:20.460+0000] {processor.py:161} INFO - Started process (PID=634) to work on /opt/airflow/dags/mfg_pipeline.py
[2025-12-10T23:02:20.462+0000] {processor.py:830} INFO - Processing file /opt/airflow/dags/mfg_pipeline.py for tasks to queue
[2025-12-10T23:02:20.467+0000] {logging_mixin.py:188} INFO - [2025-12-10T23:02:20.466+0000] {dagbag.py:540} INFO - Filling up the DagBag from /opt/airflow/dags/mfg_pipeline.py
[2025-12-10T23:02:20.508+0000] {processor.py:840} INFO - DAG(s) 'mfg_accelerator_pipeline' retrieved from /opt/airflow/dags/mfg_pipeline.py
[2025-12-10T23:02:20.545+0000] {logging_mixin.py:188} INFO - [2025-12-10T23:02:20.544+0000] {dag.py:3096} INFO - Sync 1 DAGs
[2025-12-10T23:02:20.564+0000] {logging_mixin.py:188} INFO - [2025-12-10T23:02:20.564+0000] {dag.py:3954} INFO - Setting next_dagrun for mfg_accelerator_pipeline to None, run_after=None
[2025-12-10T23:02:20.594+0000] {processor.py:183} INFO - Processing /opt/airflow/dags/mfg_pipeline.py took 0.150 seconds
[2025-12-10T23:02:50.822+0000] {processor.py:161} INFO - Started process (PID=640) to work on /opt/airflow/dags/mfg_pipeline.py
[2025-12-10T23:02:50.824+0000] {processor.py:830} INFO - Processing file /opt/airflow/dags/mfg_pipeline.py for tasks to queue
[2025-12-10T23:02:50.827+0000] {logging_mixin.py:188} INFO - [2025-12-10T23:02:50.826+0000] {dagbag.py:540} INFO - Filling up the DagBag from /opt/airflow/dags/mfg_pipeline.py
[2025-12-10T23:02:50.858+0000] {processor.py:840} INFO - DAG(s) 'mfg_accelerator_pipeline' retrieved from /opt/airflow/dags/mfg_pipeline.py
[2025-12-10T23:02:50.903+0000] {logging_mixin.py:188} INFO - [2025-12-10T23:02:50.903+0000] {dag.py:3096} INFO - Sync 1 DAGs
[2025-12-10T23:02:50.927+0000] {logging_mixin.py:188} INFO - [2025-12-10T23:02:50.926+0000] {dag.py:3954} INFO - Setting next_dagrun for mfg_accelerator_pipeline to None, run_after=None
[2025-12-10T23:02:50.961+0000] {processor.py:183} INFO - Processing /opt/airflow/dags/mfg_pipeline.py took 0.149 seconds
[2025-12-10T23:03:21.176+0000] {processor.py:161} INFO - Started process (PID=645) to work on /opt/airflow/dags/mfg_pipeline.py
[2025-12-10T23:03:21.177+0000] {processor.py:830} INFO - Processing file /opt/airflow/dags/mfg_pipeline.py for tasks to queue
[2025-12-10T23:03:21.179+0000] {logging_mixin.py:188} INFO - [2025-12-10T23:03:21.179+0000] {dagbag.py:540} INFO - Filling up the DagBag from /opt/airflow/dags/mfg_pipeline.py
[2025-12-10T23:03:21.206+0000] {processor.py:840} INFO - DAG(s) 'mfg_accelerator_pipeline' retrieved from /opt/airflow/dags/mfg_pipeline.py
[2025-12-10T23:03:21.242+0000] {logging_mixin.py:188} INFO - [2025-12-10T23:03:21.242+0000] {dag.py:3096} INFO - Sync 1 DAGs
[2025-12-10T23:03:21.261+0000] {logging_mixin.py:188} INFO - [2025-12-10T23:03:21.261+0000] {dag.py:3954} INFO - Setting next_dagrun for mfg_accelerator_pipeline to None, run_after=None
[2025-12-10T23:03:21.288+0000] {processor.py:183} INFO - Processing /opt/airflow/dags/mfg_pipeline.py took 0.121 seconds
[2025-12-10T23:03:51.359+0000] {processor.py:161} INFO - Started process (PID=650) to work on /opt/airflow/dags/mfg_pipeline.py
[2025-12-10T23:03:51.360+0000] {processor.py:830} INFO - Processing file /opt/airflow/dags/mfg_pipeline.py for tasks to queue
[2025-12-10T23:03:51.363+0000] {logging_mixin.py:188} INFO - [2025-12-10T23:03:51.362+0000] {dagbag.py:540} INFO - Filling up the DagBag from /opt/airflow/dags/mfg_pipeline.py
[2025-12-10T23:03:51.391+0000] {processor.py:840} INFO - DAG(s) 'mfg_accelerator_pipeline' retrieved from /opt/airflow/dags/mfg_pipeline.py
[2025-12-10T23:03:51.430+0000] {logging_mixin.py:188} INFO - [2025-12-10T23:03:51.430+0000] {dag.py:3096} INFO - Sync 1 DAGs
[2025-12-10T23:03:51.450+0000] {logging_mixin.py:188} INFO - [2025-12-10T23:03:51.449+0000] {dag.py:3954} INFO - Setting next_dagrun for mfg_accelerator_pipeline to None, run_after=None
[2025-12-10T23:03:51.479+0000] {processor.py:183} INFO - Processing /opt/airflow/dags/mfg_pipeline.py took 0.128 seconds
[2025-12-10T23:04:21.662+0000] {processor.py:161} INFO - Started process (PID=655) to work on /opt/airflow/dags/mfg_pipeline.py
[2025-12-10T23:04:21.663+0000] {processor.py:830} INFO - Processing file /opt/airflow/dags/mfg_pipeline.py for tasks to queue
[2025-12-10T23:04:21.667+0000] {logging_mixin.py:188} INFO - [2025-12-10T23:04:21.667+0000] {dagbag.py:540} INFO - Filling up the DagBag from /opt/airflow/dags/mfg_pipeline.py
[2025-12-10T23:04:21.693+0000] {processor.py:840} INFO - DAG(s) 'mfg_accelerator_pipeline' retrieved from /opt/airflow/dags/mfg_pipeline.py
[2025-12-10T23:04:21.723+0000] {logging_mixin.py:188} INFO - [2025-12-10T23:04:21.722+0000] {dag.py:3096} INFO - Sync 1 DAGs
[2025-12-10T23:04:21.738+0000] {logging_mixin.py:188} INFO - [2025-12-10T23:04:21.737+0000] {dag.py:3954} INFO - Setting next_dagrun for mfg_accelerator_pipeline to None, run_after=None
[2025-12-10T23:04:21.762+0000] {processor.py:183} INFO - Processing /opt/airflow/dags/mfg_pipeline.py took 0.107 seconds
[2025-12-10T23:05:47.577+0000] {processor.py:161} INFO - Started process (PID=203) to work on /opt/airflow/dags/mfg_pipeline.py
[2025-12-10T23:05:47.579+0000] {processor.py:830} INFO - Processing file /opt/airflow/dags/mfg_pipeline.py for tasks to queue
[2025-12-10T23:05:47.583+0000] {logging_mixin.py:188} INFO - [2025-12-10T23:05:47.582+0000] {dagbag.py:540} INFO - Filling up the DagBag from /opt/airflow/dags/mfg_pipeline.py
[2025-12-10T23:05:47.630+0000] {processor.py:840} INFO - DAG(s) 'mfg_accelerator_pipeline' retrieved from /opt/airflow/dags/mfg_pipeline.py
[2025-12-10T23:05:48.119+0000] {logging_mixin.py:188} INFO - [2025-12-10T23:05:48.118+0000] {override.py:1829} INFO - Created Permission View: can edit on DAG:mfg_accelerator_pipeline
[2025-12-10T23:05:48.136+0000] {logging_mixin.py:188} INFO - [2025-12-10T23:05:48.135+0000] {override.py:1829} INFO - Created Permission View: can delete on DAG:mfg_accelerator_pipeline
[2025-12-10T23:05:48.155+0000] {logging_mixin.py:188} INFO - [2025-12-10T23:05:48.154+0000] {override.py:1829} INFO - Created Permission View: can read on DAG:mfg_accelerator_pipeline
[2025-12-10T23:05:48.156+0000] {logging_mixin.py:188} INFO - [2025-12-10T23:05:48.156+0000] {dag.py:3096} INFO - Sync 1 DAGs
[2025-12-10T23:05:48.175+0000] {logging_mixin.py:188} INFO - [2025-12-10T23:05:48.174+0000] {dag.py:3118} INFO - Creating ORM DAG for mfg_accelerator_pipeline
[2025-12-10T23:05:48.176+0000] {logging_mixin.py:188} INFO - [2025-12-10T23:05:48.176+0000] {dag.py:3954} INFO - Setting next_dagrun for mfg_accelerator_pipeline to None, run_after=None
[2025-12-10T23:05:48.208+0000] {processor.py:183} INFO - Processing /opt/airflow/dags/mfg_pipeline.py took 0.642 seconds
[2025-12-10T23:06:18.429+0000] {processor.py:161} INFO - Started process (PID=217) to work on /opt/airflow/dags/mfg_pipeline.py
[2025-12-10T23:06:18.430+0000] {processor.py:830} INFO - Processing file /opt/airflow/dags/mfg_pipeline.py for tasks to queue
[2025-12-10T23:06:18.432+0000] {logging_mixin.py:188} INFO - [2025-12-10T23:06:18.432+0000] {dagbag.py:540} INFO - Filling up the DagBag from /opt/airflow/dags/mfg_pipeline.py
[2025-12-10T23:06:18.459+0000] {processor.py:840} INFO - DAG(s) 'mfg_accelerator_pipeline' retrieved from /opt/airflow/dags/mfg_pipeline.py
[2025-12-10T23:06:18.492+0000] {logging_mixin.py:188} INFO - [2025-12-10T23:06:18.491+0000] {dag.py:3096} INFO - Sync 1 DAGs
[2025-12-10T23:06:18.506+0000] {logging_mixin.py:188} INFO - [2025-12-10T23:06:18.505+0000] {dag.py:3954} INFO - Setting next_dagrun for mfg_accelerator_pipeline to None, run_after=None
[2025-12-10T23:06:18.532+0000] {processor.py:183} INFO - Processing /opt/airflow/dags/mfg_pipeline.py took 0.109 seconds
[2025-12-10T23:06:48.650+0000] {processor.py:161} INFO - Started process (PID=222) to work on /opt/airflow/dags/mfg_pipeline.py
[2025-12-10T23:06:48.651+0000] {processor.py:830} INFO - Processing file /opt/airflow/dags/mfg_pipeline.py for tasks to queue
[2025-12-10T23:06:48.653+0000] {logging_mixin.py:188} INFO - [2025-12-10T23:06:48.653+0000] {dagbag.py:540} INFO - Filling up the DagBag from /opt/airflow/dags/mfg_pipeline.py
[2025-12-10T23:06:48.681+0000] {processor.py:840} INFO - DAG(s) 'mfg_accelerator_pipeline' retrieved from /opt/airflow/dags/mfg_pipeline.py
[2025-12-10T23:06:48.716+0000] {logging_mixin.py:188} INFO - [2025-12-10T23:06:48.716+0000] {dag.py:3096} INFO - Sync 1 DAGs
[2025-12-10T23:06:48.734+0000] {logging_mixin.py:188} INFO - [2025-12-10T23:06:48.733+0000] {dag.py:3954} INFO - Setting next_dagrun for mfg_accelerator_pipeline to None, run_after=None
[2025-12-10T23:06:48.762+0000] {processor.py:183} INFO - Processing /opt/airflow/dags/mfg_pipeline.py took 0.119 seconds
[2025-12-10T23:07:18.990+0000] {processor.py:161} INFO - Started process (PID=227) to work on /opt/airflow/dags/mfg_pipeline.py
[2025-12-10T23:07:18.991+0000] {processor.py:830} INFO - Processing file /opt/airflow/dags/mfg_pipeline.py for tasks to queue
[2025-12-10T23:07:18.995+0000] {logging_mixin.py:188} INFO - [2025-12-10T23:07:18.994+0000] {dagbag.py:540} INFO - Filling up the DagBag from /opt/airflow/dags/mfg_pipeline.py
[2025-12-10T23:07:19.028+0000] {processor.py:840} INFO - DAG(s) 'mfg_accelerator_pipeline' retrieved from /opt/airflow/dags/mfg_pipeline.py
[2025-12-10T23:07:19.082+0000] {logging_mixin.py:188} INFO - [2025-12-10T23:07:19.081+0000] {dag.py:3096} INFO - Sync 1 DAGs
[2025-12-10T23:07:19.108+0000] {logging_mixin.py:188} INFO - [2025-12-10T23:07:19.107+0000] {dag.py:3954} INFO - Setting next_dagrun for mfg_accelerator_pipeline to None, run_after=None
[2025-12-10T23:07:19.163+0000] {processor.py:183} INFO - Processing /opt/airflow/dags/mfg_pipeline.py took 0.183 seconds
[2025-12-10T23:07:49.383+0000] {processor.py:161} INFO - Started process (PID=232) to work on /opt/airflow/dags/mfg_pipeline.py
[2025-12-10T23:07:49.385+0000] {processor.py:830} INFO - Processing file /opt/airflow/dags/mfg_pipeline.py for tasks to queue
[2025-12-10T23:07:49.387+0000] {logging_mixin.py:188} INFO - [2025-12-10T23:07:49.387+0000] {dagbag.py:540} INFO - Filling up the DagBag from /opt/airflow/dags/mfg_pipeline.py
[2025-12-10T23:07:49.416+0000] {processor.py:840} INFO - DAG(s) 'mfg_accelerator_pipeline' retrieved from /opt/airflow/dags/mfg_pipeline.py
[2025-12-10T23:07:49.458+0000] {logging_mixin.py:188} INFO - [2025-12-10T23:07:49.458+0000] {dag.py:3096} INFO - Sync 1 DAGs
[2025-12-10T23:07:49.478+0000] {logging_mixin.py:188} INFO - [2025-12-10T23:07:49.478+0000] {dag.py:3954} INFO - Setting next_dagrun for mfg_accelerator_pipeline to None, run_after=None
[2025-12-10T23:07:49.507+0000] {processor.py:183} INFO - Processing /opt/airflow/dags/mfg_pipeline.py took 0.132 seconds
[2025-12-10T23:08:19.703+0000] {processor.py:161} INFO - Started process (PID=237) to work on /opt/airflow/dags/mfg_pipeline.py
[2025-12-10T23:08:19.704+0000] {processor.py:830} INFO - Processing file /opt/airflow/dags/mfg_pipeline.py for tasks to queue
[2025-12-10T23:08:19.707+0000] {logging_mixin.py:188} INFO - [2025-12-10T23:08:19.706+0000] {dagbag.py:540} INFO - Filling up the DagBag from /opt/airflow/dags/mfg_pipeline.py
[2025-12-10T23:08:19.733+0000] {processor.py:840} INFO - DAG(s) 'mfg_accelerator_pipeline' retrieved from /opt/airflow/dags/mfg_pipeline.py
[2025-12-10T23:08:19.761+0000] {logging_mixin.py:188} INFO - [2025-12-10T23:08:19.761+0000] {dag.py:3096} INFO - Sync 1 DAGs
[2025-12-10T23:08:19.775+0000] {logging_mixin.py:188} INFO - [2025-12-10T23:08:19.775+0000] {dag.py:3954} INFO - Setting next_dagrun for mfg_accelerator_pipeline to None, run_after=None
[2025-12-10T23:08:19.800+0000] {processor.py:183} INFO - Processing /opt/airflow/dags/mfg_pipeline.py took 0.103 seconds
[2025-12-10T23:08:49.871+0000] {processor.py:161} INFO - Started process (PID=242) to work on /opt/airflow/dags/mfg_pipeline.py
[2025-12-10T23:08:49.872+0000] {processor.py:830} INFO - Processing file /opt/airflow/dags/mfg_pipeline.py for tasks to queue
[2025-12-10T23:08:49.874+0000] {logging_mixin.py:188} INFO - [2025-12-10T23:08:49.874+0000] {dagbag.py:540} INFO - Filling up the DagBag from /opt/airflow/dags/mfg_pipeline.py
[2025-12-10T23:08:49.896+0000] {processor.py:840} INFO - DAG(s) 'mfg_accelerator_pipeline' retrieved from /opt/airflow/dags/mfg_pipeline.py
[2025-12-10T23:08:49.923+0000] {logging_mixin.py:188} INFO - [2025-12-10T23:08:49.923+0000] {dag.py:3096} INFO - Sync 1 DAGs
[2025-12-10T23:08:49.936+0000] {logging_mixin.py:188} INFO - [2025-12-10T23:08:49.936+0000] {dag.py:3954} INFO - Setting next_dagrun for mfg_accelerator_pipeline to None, run_after=None
[2025-12-10T23:08:49.963+0000] {processor.py:183} INFO - Processing /opt/airflow/dags/mfg_pipeline.py took 0.098 seconds
[2025-12-10T23:09:20.162+0000] {processor.py:161} INFO - Started process (PID=247) to work on /opt/airflow/dags/mfg_pipeline.py
[2025-12-10T23:09:20.163+0000] {processor.py:830} INFO - Processing file /opt/airflow/dags/mfg_pipeline.py for tasks to queue
[2025-12-10T23:09:20.165+0000] {logging_mixin.py:188} INFO - [2025-12-10T23:09:20.165+0000] {dagbag.py:540} INFO - Filling up the DagBag from /opt/airflow/dags/mfg_pipeline.py
[2025-12-10T23:09:20.188+0000] {processor.py:840} INFO - DAG(s) 'mfg_accelerator_pipeline' retrieved from /opt/airflow/dags/mfg_pipeline.py
[2025-12-10T23:09:20.217+0000] {logging_mixin.py:188} INFO - [2025-12-10T23:09:20.216+0000] {dag.py:3096} INFO - Sync 1 DAGs
[2025-12-10T23:09:20.233+0000] {logging_mixin.py:188} INFO - [2025-12-10T23:09:20.232+0000] {dag.py:3954} INFO - Setting next_dagrun for mfg_accelerator_pipeline to None, run_after=None
[2025-12-10T23:09:20.258+0000] {processor.py:183} INFO - Processing /opt/airflow/dags/mfg_pipeline.py took 0.103 seconds
[2025-12-10T23:09:50.341+0000] {processor.py:161} INFO - Started process (PID=252) to work on /opt/airflow/dags/mfg_pipeline.py
[2025-12-10T23:09:50.342+0000] {processor.py:830} INFO - Processing file /opt/airflow/dags/mfg_pipeline.py for tasks to queue
[2025-12-10T23:09:50.344+0000] {logging_mixin.py:188} INFO - [2025-12-10T23:09:50.344+0000] {dagbag.py:540} INFO - Filling up the DagBag from /opt/airflow/dags/mfg_pipeline.py
[2025-12-10T23:09:50.368+0000] {processor.py:840} INFO - DAG(s) 'mfg_accelerator_pipeline' retrieved from /opt/airflow/dags/mfg_pipeline.py
[2025-12-10T23:09:50.396+0000] {logging_mixin.py:188} INFO - [2025-12-10T23:09:50.396+0000] {dag.py:3096} INFO - Sync 1 DAGs
[2025-12-10T23:09:50.412+0000] {logging_mixin.py:188} INFO - [2025-12-10T23:09:50.412+0000] {dag.py:3954} INFO - Setting next_dagrun for mfg_accelerator_pipeline to None, run_after=None
[2025-12-10T23:09:50.436+0000] {processor.py:183} INFO - Processing /opt/airflow/dags/mfg_pipeline.py took 0.101 seconds
[2025-12-10T23:10:20.600+0000] {processor.py:161} INFO - Started process (PID=257) to work on /opt/airflow/dags/mfg_pipeline.py
[2025-12-10T23:10:20.600+0000] {processor.py:830} INFO - Processing file /opt/airflow/dags/mfg_pipeline.py for tasks to queue
[2025-12-10T23:10:20.602+0000] {logging_mixin.py:188} INFO - [2025-12-10T23:10:20.602+0000] {dagbag.py:540} INFO - Filling up the DagBag from /opt/airflow/dags/mfg_pipeline.py
[2025-12-10T23:10:20.631+0000] {processor.py:840} INFO - DAG(s) 'mfg_accelerator_pipeline' retrieved from /opt/airflow/dags/mfg_pipeline.py
[2025-12-10T23:10:20.662+0000] {logging_mixin.py:188} INFO - [2025-12-10T23:10:20.662+0000] {dag.py:3096} INFO - Sync 1 DAGs
[2025-12-10T23:10:20.678+0000] {logging_mixin.py:188} INFO - [2025-12-10T23:10:20.678+0000] {dag.py:3954} INFO - Setting next_dagrun for mfg_accelerator_pipeline to None, run_after=None
[2025-12-10T23:10:20.704+0000] {processor.py:183} INFO - Processing /opt/airflow/dags/mfg_pipeline.py took 0.111 seconds
[2025-12-10T23:10:50.855+0000] {processor.py:161} INFO - Started process (PID=262) to work on /opt/airflow/dags/mfg_pipeline.py
[2025-12-10T23:10:50.856+0000] {processor.py:830} INFO - Processing file /opt/airflow/dags/mfg_pipeline.py for tasks to queue
[2025-12-10T23:10:50.858+0000] {logging_mixin.py:188} INFO - [2025-12-10T23:10:50.858+0000] {dagbag.py:540} INFO - Filling up the DagBag from /opt/airflow/dags/mfg_pipeline.py
[2025-12-10T23:10:50.883+0000] {processor.py:840} INFO - DAG(s) 'mfg_accelerator_pipeline' retrieved from /opt/airflow/dags/mfg_pipeline.py
[2025-12-10T23:10:50.911+0000] {logging_mixin.py:188} INFO - [2025-12-10T23:10:50.911+0000] {dag.py:3096} INFO - Sync 1 DAGs
[2025-12-10T23:10:50.929+0000] {logging_mixin.py:188} INFO - [2025-12-10T23:10:50.929+0000] {dag.py:3954} INFO - Setting next_dagrun for mfg_accelerator_pipeline to None, run_after=None
[2025-12-10T23:10:50.987+0000] {processor.py:183} INFO - Processing /opt/airflow/dags/mfg_pipeline.py took 0.138 seconds
