[2025-12-17T11:40:43.955+0000] {local_task_job_runner.py:120} INFO - ::group::Pre task execution logs
[2025-12-17T11:40:43.994+0000] {taskinstance.py:2073} INFO - Dependencies all met for dep_context=non-requeueable deps ti=<TaskInstance: mfg_dbt_transform_dag.dbt_run_core manual__2025-12-17T11:40:29.194911+00:00 [queued]>
[2025-12-17T11:40:44.004+0000] {taskinstance.py:2073} INFO - Dependencies all met for dep_context=requeueable deps ti=<TaskInstance: mfg_dbt_transform_dag.dbt_run_core manual__2025-12-17T11:40:29.194911+00:00 [queued]>
[2025-12-17T11:40:44.005+0000] {taskinstance.py:2303} INFO - Starting attempt 1 of 3
[2025-12-17T11:40:44.021+0000] {taskinstance.py:2327} INFO - Executing <Task(BashOperator): dbt_run_core> on 2025-12-17 11:40:29.194911+00:00
[2025-12-17T11:40:44.028+0000] {standard_task_runner.py:90} INFO - Running: ['***', 'tasks', 'run', 'mfg_dbt_transform_dag', 'dbt_run_core', 'manual__2025-12-17T11:40:29.194911+00:00', '--job-id', '40', '--raw', '--subdir', 'DAGS_FOLDER/mfg_dbt_transform_dag.py', '--cfg-path', '/tmp/tmpvv1fwnp8']
[2025-12-17T11:40:44.031+0000] {standard_task_runner.py:91} INFO - Job 40: Subtask dbt_run_core
[2025-12-17T11:40:44.033+0000] {logging_mixin.py:188} WARNING - /home/***/.local/lib/python3.12/site-packages/***/task/task_runner/standard_task_runner.py:61 DeprecationWarning: This process (pid=402) is multi-threaded, use of fork() may lead to deadlocks in the child.
[2025-12-17T11:40:44.034+0000] {standard_task_runner.py:63} INFO - Started process 403 to run task
[2025-12-17T11:40:44.097+0000] {task_command.py:426} INFO - Running <TaskInstance: mfg_dbt_transform_dag.dbt_run_core manual__2025-12-17T11:40:29.194911+00:00 [running]> on host bce6f264833a
[2025-12-17T11:40:44.221+0000] {taskinstance.py:2644} INFO - Exporting env vars: AIRFLOW_CTX_DAG_OWNER='data-eng' AIRFLOW_CTX_DAG_ID='mfg_dbt_transform_dag' AIRFLOW_CTX_TASK_ID='dbt_run_core' AIRFLOW_CTX_EXECUTION_DATE='2025-12-17T11:40:29.194911+00:00' AIRFLOW_CTX_TRY_NUMBER='1' AIRFLOW_CTX_DAG_RUN_ID='manual__2025-12-17T11:40:29.194911+00:00'
[2025-12-17T11:40:44.222+0000] {taskinstance.py:430} INFO - ::endgroup::
[2025-12-17T11:40:44.240+0000] {subprocess.py:63} INFO - Tmp dir root location: /tmp
[2025-12-17T11:40:44.242+0000] {subprocess.py:75} INFO - Running command: ['/usr/bin/bash', '-c', 'cd /opt/***/dbt_project && dbt run --select core --profiles-dir /opt/***/dbt_profiles']
[2025-12-17T11:40:44.252+0000] {subprocess.py:86} INFO - Output:
[2025-12-17T11:40:46.447+0000] {subprocess.py:93} INFO - [0m11:40:46  Running with dbt=1.8.4
[2025-12-17T11:40:47.515+0000] {subprocess.py:93} INFO - [0m11:40:47  Registered adapter: snowflake=1.8.4
[2025-12-17T11:40:48.195+0000] {subprocess.py:93} INFO - [0m11:40:48  Found 8 models, 24 data tests, 3 sources, 459 macros
[2025-12-17T11:40:48.199+0000] {subprocess.py:93} INFO - [0m11:40:48
[2025-12-17T11:40:51.646+0000] {subprocess.py:93} INFO - [0m11:40:51  Concurrency: 4 threads (target='dev')
[2025-12-17T11:40:51.648+0000] {subprocess.py:93} INFO - [0m11:40:51
[2025-12-17T11:40:51.662+0000] {subprocess.py:93} INFO - [0m11:40:51  1 of 3 START sql table model STAGING_analytics.core_materials .................. [RUN]
[2025-12-17T11:40:54.494+0000] {subprocess.py:93} INFO - [0m11:40:54  1 of 3 OK created sql table model STAGING_analytics.core_materials ............. [[32mSUCCESS 1[0m in 2.83s]
[2025-12-17T11:40:54.500+0000] {subprocess.py:93} INFO - [0m11:40:54  2 of 3 START sql table model STAGING_analytics.core_batches .................... [RUN]
[2025-12-17T11:40:54.502+0000] {subprocess.py:93} INFO - [0m11:40:54  3 of 3 START sql table model STAGING_analytics.fct_production_orders ........... [RUN]
[2025-12-17T11:40:57.253+0000] {subprocess.py:93} INFO - [0m11:40:57  2 of 3 OK created sql table model STAGING_analytics.core_batches ............... [[32mSUCCESS 1[0m in 2.75s]
[2025-12-17T11:40:57.310+0000] {subprocess.py:93} INFO - [0m11:40:57  3 of 3 OK created sql table model STAGING_analytics.fct_production_orders ...... [[32mSUCCESS 1[0m in 2.80s]
[2025-12-17T11:40:57.327+0000] {subprocess.py:93} INFO - [0m11:40:57
[2025-12-17T11:40:57.329+0000] {subprocess.py:93} INFO - [0m11:40:57  Finished running 3 table models in 0 hours 0 minutes and 9.13 seconds (9.13s).
[2025-12-17T11:40:57.428+0000] {subprocess.py:93} INFO - [0m11:40:57
[2025-12-17T11:40:57.429+0000] {subprocess.py:93} INFO - [0m11:40:57  [32mCompleted successfully[0m
[2025-12-17T11:40:57.430+0000] {subprocess.py:93} INFO - [0m11:40:57
[2025-12-17T11:40:57.432+0000] {subprocess.py:93} INFO - [0m11:40:57  Done. PASS=3 WARN=0 ERROR=0 SKIP=0 TOTAL=3
[2025-12-17T11:40:58.437+0000] {subprocess.py:97} INFO - Command exited with return code 0
[2025-12-17T11:40:58.438+0000] {taskinstance.py:441} INFO - ::group::Post task execution logs
[2025-12-17T11:40:58.471+0000] {taskinstance.py:1205} INFO - Marking task as SUCCESS. dag_id=mfg_dbt_transform_dag, task_id=dbt_run_core, execution_date=20251217T114029, start_date=20251217T114043, end_date=20251217T114058
[2025-12-17T11:40:58.522+0000] {local_task_job_runner.py:240} INFO - Task exited with return code 0
[2025-12-17T11:40:58.567+0000] {taskinstance.py:3482} INFO - 0 downstream tasks scheduled from follow-on schedule check
[2025-12-17T11:40:58.572+0000] {local_task_job_runner.py:222} INFO - ::endgroup::
