[2025-12-17T18:20:07.261+0000] {local_task_job_runner.py:120} INFO - ::group::Pre task execution logs
[2025-12-17T18:20:07.305+0000] {taskinstance.py:2073} INFO - Dependencies all met for dep_context=non-requeueable deps ti=<TaskInstance: mfg_dbt_transform_dag.dbt_run_staging manual__2025-12-17T18:20:05.630269+00:00 [queued]>
[2025-12-17T18:20:07.320+0000] {taskinstance.py:2073} INFO - Dependencies all met for dep_context=requeueable deps ti=<TaskInstance: mfg_dbt_transform_dag.dbt_run_staging manual__2025-12-17T18:20:05.630269+00:00 [queued]>
[2025-12-17T18:20:07.322+0000] {taskinstance.py:2303} INFO - Starting attempt 1 of 3
[2025-12-17T18:20:07.347+0000] {taskinstance.py:2327} INFO - Executing <Task(BashOperator): dbt_run_staging> on 2025-12-17 18:20:05.630269+00:00
[2025-12-17T18:20:07.355+0000] {standard_task_runner.py:90} INFO - Running: ['***', 'tasks', 'run', 'mfg_dbt_transform_dag', 'dbt_run_staging', 'manual__2025-12-17T18:20:05.630269+00:00', '--job-id', '37', '--raw', '--subdir', 'DAGS_FOLDER/mfg_dbt_transform_dag.py', '--cfg-path', '/tmp/tmpvw3kxann']
[2025-12-17T18:20:07.356+0000] {logging_mixin.py:188} WARNING - /home/***/.local/lib/python3.12/site-packages/***/task/task_runner/standard_task_runner.py:61 DeprecationWarning: This process (pid=1924) is multi-threaded, use of fork() may lead to deadlocks in the child.
[2025-12-17T18:20:07.358+0000] {standard_task_runner.py:91} INFO - Job 37: Subtask dbt_run_staging
[2025-12-17T18:20:07.359+0000] {standard_task_runner.py:63} INFO - Started process 1925 to run task
[2025-12-17T18:20:07.437+0000] {task_command.py:426} INFO - Running <TaskInstance: mfg_dbt_transform_dag.dbt_run_staging manual__2025-12-17T18:20:05.630269+00:00 [running]> on host 8717822a88d5
[2025-12-17T18:20:07.572+0000] {taskinstance.py:2644} INFO - Exporting env vars: AIRFLOW_CTX_DAG_OWNER='data-eng' AIRFLOW_CTX_DAG_ID='mfg_dbt_transform_dag' AIRFLOW_CTX_TASK_ID='dbt_run_staging' AIRFLOW_CTX_EXECUTION_DATE='2025-12-17T18:20:05.630269+00:00' AIRFLOW_CTX_TRY_NUMBER='1' AIRFLOW_CTX_DAG_RUN_ID='manual__2025-12-17T18:20:05.630269+00:00'
[2025-12-17T18:20:07.573+0000] {taskinstance.py:430} INFO - ::endgroup::
[2025-12-17T18:20:07.598+0000] {subprocess.py:63} INFO - Tmp dir root location: /tmp
[2025-12-17T18:20:07.599+0000] {subprocess.py:75} INFO - Running command: ['/usr/bin/bash', '-c', 'cd /opt/***/dbt_project && dbt run --select staging --profiles-dir /opt/***/dbt_profiles']
[2025-12-17T18:20:07.610+0000] {subprocess.py:86} INFO - Output:
[2025-12-17T18:20:11.650+0000] {subprocess.py:93} INFO - [0m18:20:11  Running with dbt=1.8.4
[2025-12-17T18:20:13.419+0000] {subprocess.py:93} INFO - [0m18:20:13  Registered adapter: snowflake=1.8.4
[2025-12-17T18:20:14.508+0000] {subprocess.py:93} INFO - [0m18:20:14  Found 8 models, 24 data tests, 3 sources, 460 macros
[2025-12-17T18:20:14.513+0000] {subprocess.py:93} INFO - [0m18:20:14
[2025-12-17T18:20:18.602+0000] {subprocess.py:93} INFO - [0m18:20:18  Concurrency: 4 threads (target='dev')
[2025-12-17T18:20:18.604+0000] {subprocess.py:93} INFO - [0m18:20:18
[2025-12-17T18:20:18.624+0000] {subprocess.py:93} INFO - [0m18:20:18  1 of 3 START sql view model STAGING.stg_batches ................................ [RUN]
[2025-12-17T18:20:18.626+0000] {subprocess.py:93} INFO - [0m18:20:18  2 of 3 START sql view model STAGING.stg_materials .............................. [RUN]
[2025-12-17T18:20:18.628+0000] {subprocess.py:93} INFO - [0m18:20:18  3 of 3 START sql view model STAGING.stg_production_orders ...................... [RUN]
[2025-12-17T18:20:20.687+0000] {subprocess.py:93} INFO - [0m18:20:20  2 of 3 OK created sql view model STAGING.stg_materials ......................... [[32mSUCCESS 1[0m in 2.05s]
[2025-12-17T18:20:20.741+0000] {subprocess.py:93} INFO - [0m18:20:20  3 of 3 OK created sql view model STAGING.stg_production_orders ................. [[32mSUCCESS 1[0m in 2.11s]
[2025-12-17T18:20:20.861+0000] {subprocess.py:93} INFO - [0m18:20:20  1 of 3 OK created sql view model STAGING.stg_batches ........................... [[32mSUCCESS 1[0m in 2.23s]
[2025-12-17T18:20:20.871+0000] {subprocess.py:93} INFO - [0m18:20:20
[2025-12-17T18:20:20.873+0000] {subprocess.py:93} INFO - [0m18:20:20  Finished running 3 view models in 0 hours 0 minutes and 6.36 seconds (6.36s).
[2025-12-17T18:20:20.944+0000] {subprocess.py:93} INFO - [0m18:20:20
[2025-12-17T18:20:20.946+0000] {subprocess.py:93} INFO - [0m18:20:20  [32mCompleted successfully[0m
[2025-12-17T18:20:20.948+0000] {subprocess.py:93} INFO - [0m18:20:20
[2025-12-17T18:20:20.950+0000] {subprocess.py:93} INFO - [0m18:20:20  Done. PASS=3 WARN=0 ERROR=0 SKIP=0 TOTAL=3
[2025-12-17T18:20:21.956+0000] {subprocess.py:97} INFO - Command exited with return code 0
[2025-12-17T18:20:21.957+0000] {taskinstance.py:441} INFO - ::group::Post task execution logs
[2025-12-17T18:20:21.991+0000] {taskinstance.py:1205} INFO - Marking task as SUCCESS. dag_id=mfg_dbt_transform_dag, task_id=dbt_run_staging, execution_date=20251217T182005, start_date=20251217T182007, end_date=20251217T182021
[2025-12-17T18:20:22.048+0000] {local_task_job_runner.py:240} INFO - Task exited with return code 0
[2025-12-17T18:20:22.080+0000] {taskinstance.py:3482} INFO - 1 downstream tasks scheduled from follow-on schedule check
[2025-12-17T18:20:22.087+0000] {local_task_job_runner.py:222} INFO - ::endgroup::
