[2025-12-12T23:09:32.386+0000] {local_task_job_runner.py:120} INFO - ::group::Pre task execution logs
[2025-12-12T23:09:32.417+0000] {taskinstance.py:2073} INFO - Dependencies all met for dep_context=non-requeueable deps ti=<TaskInstance: mfg_raw_ingestion_dag.dbt_run_all manual__2025-12-12T23:08:09.376237+00:00 [queued]>
[2025-12-12T23:09:32.425+0000] {taskinstance.py:2073} INFO - Dependencies all met for dep_context=requeueable deps ti=<TaskInstance: mfg_raw_ingestion_dag.dbt_run_all manual__2025-12-12T23:08:09.376237+00:00 [queued]>
[2025-12-12T23:09:32.426+0000] {taskinstance.py:2303} INFO - Starting attempt 1 of 3
[2025-12-12T23:09:32.443+0000] {taskinstance.py:2327} INFO - Executing <Task(BashOperator): dbt_run_all> on 2025-12-12 23:08:09.376237+00:00
[2025-12-12T23:09:32.451+0000] {standard_task_runner.py:90} INFO - Running: ['***', 'tasks', 'run', 'mfg_raw_ingestion_dag', 'dbt_run_all', 'manual__2025-12-12T23:08:09.376237+00:00', '--job-id', '6', '--raw', '--subdir', 'DAGS_FOLDER/mfg_raw_ingestion_dag.py', '--cfg-path', '/tmp/tmp28gjwdfb']
[2025-12-12T23:09:32.454+0000] {standard_task_runner.py:91} INFO - Job 6: Subtask dbt_run_all
[2025-12-12T23:09:32.454+0000] {logging_mixin.py:188} WARNING - /home/***/.local/lib/python3.12/site-packages/***/task/task_runner/standard_task_runner.py:61 DeprecationWarning: This process (pid=527) is multi-threaded, use of fork() may lead to deadlocks in the child.
[2025-12-12T23:09:32.455+0000] {standard_task_runner.py:63} INFO - Started process 528 to run task
[2025-12-12T23:09:32.505+0000] {task_command.py:426} INFO - Running <TaskInstance: mfg_raw_ingestion_dag.dbt_run_all manual__2025-12-12T23:08:09.376237+00:00 [running]> on host 1159f6c9764f
[2025-12-12T23:09:32.596+0000] {taskinstance.py:2644} INFO - Exporting env vars: AIRFLOW_CTX_DAG_OWNER='data-engineering' AIRFLOW_CTX_DAG_ID='mfg_raw_ingestion_dag' AIRFLOW_CTX_TASK_ID='dbt_run_all' AIRFLOW_CTX_EXECUTION_DATE='2025-12-12T23:08:09.376237+00:00' AIRFLOW_CTX_TRY_NUMBER='1' AIRFLOW_CTX_DAG_RUN_ID='manual__2025-12-12T23:08:09.376237+00:00'
[2025-12-12T23:09:32.597+0000] {taskinstance.py:430} INFO - ::endgroup::
[2025-12-12T23:09:32.613+0000] {subprocess.py:63} INFO - Tmp dir root location: /tmp
[2025-12-12T23:09:32.614+0000] {subprocess.py:75} INFO - Running command: ['/usr/bin/bash', '-c', 'cd /opt/***/dbt_project && dbt run --profiles-dir /opt/***/dbt_profiles']
[2025-12-12T23:09:32.623+0000] {subprocess.py:86} INFO - Output:
[2025-12-12T23:09:34.881+0000] {subprocess.py:93} INFO - [0m23:09:34  Running with dbt=1.10.15
[2025-12-12T23:09:35.853+0000] {subprocess.py:93} INFO - [0m23:09:35  Registered adapter: snowflake=1.10.4
[2025-12-12T23:09:36.462+0000] {subprocess.py:93} INFO - [0m23:09:36  Found 8 models, 24 data tests, 3 sources, 504 macros
[2025-12-12T23:09:36.466+0000] {subprocess.py:93} INFO - [0m23:09:36
[2025-12-12T23:09:36.467+0000] {subprocess.py:93} INFO - [0m23:09:36  Concurrency: 4 threads (target='dev')
[2025-12-12T23:09:36.469+0000] {subprocess.py:93} INFO - [0m23:09:36
[2025-12-12T23:09:38.592+0000] {subprocess.py:93} INFO - [0m23:09:38  1 of 8 START sql view model ANALYTICS_analytics.stg_batches .................... [RUN]
[2025-12-12T23:09:38.594+0000] {subprocess.py:93} INFO - [0m23:09:38  2 of 8 START sql view model ANALYTICS_analytics.stg_materials .................. [RUN]
[2025-12-12T23:09:38.596+0000] {subprocess.py:93} INFO - [0m23:09:38  3 of 8 START sql view model ANALYTICS_analytics.stg_production_orders .......... [RUN]
[2025-12-12T23:09:39.391+0000] {subprocess.py:93} INFO - [0m23:09:39  1 of 8 OK created sql view model ANALYTICS_analytics.stg_batches ............... [[32mSUCCESS 1[0m in 0.79s]
[2025-12-12T23:09:40.480+0000] {subprocess.py:93} INFO - [0m23:09:40  2 of 8 OK created sql view model ANALYTICS_analytics.stg_materials ............. [[32mSUCCESS 1[0m in 1.87s]
[2025-12-12T23:09:40.483+0000] {subprocess.py:93} INFO - [0m23:09:40  3 of 8 OK created sql view model ANALYTICS_analytics.stg_production_orders ..... [[32mSUCCESS 1[0m in 1.88s]
[2025-12-12T23:09:40.493+0000] {subprocess.py:93} INFO - [0m23:09:40  4 of 8 START sql table model ANALYTICS_analytics.core_materials ................ [RUN]
[2025-12-12T23:09:42.654+0000] {subprocess.py:93} INFO - [0m23:09:42  4 of 8 OK created sql table model ANALYTICS_analytics.core_materials ........... [[32mSUCCESS 1[0m in 2.16s]
[2025-12-12T23:09:42.661+0000] {subprocess.py:93} INFO - [0m23:09:42  5 of 8 START sql table model ANALYTICS_analytics.core_batches .................. [RUN]
[2025-12-12T23:09:42.663+0000] {subprocess.py:93} INFO - [0m23:09:42  6 of 8 START sql table model ANALYTICS_analytics.fct_production_orders ......... [RUN]
[2025-12-12T23:09:45.176+0000] {subprocess.py:93} INFO - [0m23:09:45  5 of 8 OK created sql table model ANALYTICS_analytics.core_batches ............. [[32mSUCCESS 1[0m in 2.51s]
[2025-12-12T23:09:45.632+0000] {subprocess.py:93} INFO - [0m23:09:45  6 of 8 OK created sql table model ANALYTICS_analytics.fct_production_orders .... [[32mSUCCESS 1[0m in 2.96s]
[2025-12-12T23:09:45.638+0000] {subprocess.py:93} INFO - [0m23:09:45  7 of 8 START sql table model ANALYTICS_analytics.mfg_ml_features_orders ........ [RUN]
[2025-12-12T23:09:45.639+0000] {subprocess.py:93} INFO - [0m23:09:45  8 of 8 START sql table model ANALYTICS_analytics.mfg_plant_daily_kpis .......... [RUN]
[2025-12-12T23:09:46.982+0000] {subprocess.py:93} INFO - [0m23:09:46  7 of 8 OK created sql table model ANALYTICS_analytics.mfg_ml_features_orders ... [[32mSUCCESS 1[0m in 1.34s]
[2025-12-12T23:09:47.512+0000] {subprocess.py:93} INFO - [0m23:09:47  8 of 8 OK created sql table model ANALYTICS_analytics.mfg_plant_daily_kpis ..... [[32mSUCCESS 1[0m in 1.87s]
[2025-12-12T23:09:49.544+0000] {subprocess.py:93} INFO - [0m23:09:49
[2025-12-12T23:09:49.546+0000] {subprocess.py:93} INFO - [0m23:09:49  Finished running 5 table models, 3 view models in 0 hours 0 minutes and 13.07 seconds (13.07s).
[2025-12-12T23:09:49.630+0000] {subprocess.py:93} INFO - [0m23:09:49
[2025-12-12T23:09:49.632+0000] {subprocess.py:93} INFO - [0m23:09:49  [32mCompleted successfully[0m
[2025-12-12T23:09:49.633+0000] {subprocess.py:93} INFO - [0m23:09:49
[2025-12-12T23:09:49.634+0000] {subprocess.py:93} INFO - [0m23:09:49  Done. PASS=8 WARN=0 ERROR=0 SKIP=0 NO-OP=0 TOTAL=8
[2025-12-12T23:09:50.744+0000] {subprocess.py:97} INFO - Command exited with return code 0
[2025-12-12T23:09:50.745+0000] {taskinstance.py:441} INFO - ::group::Post task execution logs
[2025-12-12T23:09:50.772+0000] {taskinstance.py:1205} INFO - Marking task as SUCCESS. dag_id=mfg_raw_ingestion_dag, task_id=dbt_run_all, execution_date=20251212T230809, start_date=20251212T230932, end_date=20251212T230950
[2025-12-12T23:09:50.829+0000] {local_task_job_runner.py:240} INFO - Task exited with return code 0
[2025-12-12T23:09:50.846+0000] {taskinstance.py:3482} INFO - 1 downstream tasks scheduled from follow-on schedule check
[2025-12-12T23:09:50.851+0000] {local_task_job_runner.py:222} INFO - ::endgroup::
