[2025-12-17T09:15:57.798+0000] {local_task_job_runner.py:120} INFO - ::group::Pre task execution logs
[2025-12-17T09:15:57.833+0000] {taskinstance.py:2073} INFO - Dependencies all met for dep_context=non-requeueable deps ti=<TaskInstance: mfg_dbt_transform_dag.dbt_run_core scheduled__2025-12-16T05:15:00+00:00 [queued]>
[2025-12-17T09:15:57.843+0000] {taskinstance.py:2073} INFO - Dependencies all met for dep_context=requeueable deps ti=<TaskInstance: mfg_dbt_transform_dag.dbt_run_core scheduled__2025-12-16T05:15:00+00:00 [queued]>
[2025-12-17T09:15:57.844+0000] {taskinstance.py:2303} INFO - Starting attempt 1 of 3
[2025-12-17T09:15:57.860+0000] {taskinstance.py:2327} INFO - Executing <Task(BashOperator): dbt_run_core> on 2025-12-16 05:15:00+00:00
[2025-12-17T09:15:57.869+0000] {logging_mixin.py:188} WARNING - /home/***/.local/lib/python3.12/site-packages/***/task/task_runner/standard_task_runner.py:61 DeprecationWarning: This process (pid=8425) is multi-threaded, use of fork() may lead to deadlocks in the child.
[2025-12-17T09:15:57.871+0000] {standard_task_runner.py:63} INFO - Started process 8426 to run task
[2025-12-17T09:15:57.869+0000] {standard_task_runner.py:90} INFO - Running: ['***', 'tasks', 'run', 'mfg_dbt_transform_dag', 'dbt_run_core', 'scheduled__2025-12-16T05:15:00+00:00', '--job-id', '44', '--raw', '--subdir', 'DAGS_FOLDER/mfg_dbt_transform_dag.py', '--cfg-path', '/tmp/tmpl43gn2wd']
[2025-12-17T09:15:57.873+0000] {standard_task_runner.py:91} INFO - Job 44: Subtask dbt_run_core
[2025-12-17T09:15:57.931+0000] {task_command.py:426} INFO - Running <TaskInstance: mfg_dbt_transform_dag.dbt_run_core scheduled__2025-12-16T05:15:00+00:00 [running]> on host f349782282f8
[2025-12-17T09:15:58.033+0000] {taskinstance.py:2644} INFO - Exporting env vars: AIRFLOW_CTX_DAG_OWNER='data-eng' AIRFLOW_CTX_DAG_ID='mfg_dbt_transform_dag' AIRFLOW_CTX_TASK_ID='dbt_run_core' AIRFLOW_CTX_EXECUTION_DATE='2025-12-16T05:15:00+00:00' AIRFLOW_CTX_TRY_NUMBER='1' AIRFLOW_CTX_DAG_RUN_ID='scheduled__2025-12-16T05:15:00+00:00'
[2025-12-17T09:15:58.035+0000] {taskinstance.py:430} INFO - ::endgroup::
[2025-12-17T09:15:58.053+0000] {subprocess.py:63} INFO - Tmp dir root location: /tmp
[2025-12-17T09:15:58.055+0000] {subprocess.py:75} INFO - Running command: ['/usr/bin/bash', '-c', 'cd /opt/***/dbt_project && dbt run --select core --profiles-dir /opt/***/dbt_profiles']
[2025-12-17T09:15:58.066+0000] {subprocess.py:86} INFO - Output:
[2025-12-17T09:16:00.952+0000] {subprocess.py:93} INFO - [0m09:16:00  Running with dbt=1.10.16
[2025-12-17T09:16:02.146+0000] {subprocess.py:93} INFO - [0m09:16:02  Registered adapter: snowflake=1.10.4
[2025-12-17T09:16:02.923+0000] {subprocess.py:93} INFO - [0m09:16:02  Found 8 models, 24 data tests, 3 sources, 504 macros
[2025-12-17T09:16:02.929+0000] {subprocess.py:93} INFO - [0m09:16:02
[2025-12-17T09:16:02.932+0000] {subprocess.py:93} INFO - [0m09:16:02  Concurrency: 4 threads (target='dev')
[2025-12-17T09:16:02.935+0000] {subprocess.py:93} INFO - [0m09:16:02
[2025-12-17T09:16:04.865+0000] {subprocess.py:93} INFO - [0m09:16:04  1 of 3 START sql table model STAGING_analytics.core_materials .................. [RUN]
[2025-12-17T09:16:06.941+0000] {subprocess.py:93} INFO - [0m09:16:06  1 of 3 OK created sql table model STAGING_analytics.core_materials ............. [[32mSUCCESS 1[0m in 2.07s]
[2025-12-17T09:16:06.948+0000] {subprocess.py:93} INFO - [0m09:16:06  2 of 3 START sql table model STAGING_analytics.core_batches .................... [RUN]
[2025-12-17T09:16:06.949+0000] {subprocess.py:93} INFO - [0m09:16:06  3 of 3 START sql table model STAGING_analytics.fct_production_orders ........... [RUN]
[2025-12-17T09:16:09.756+0000] {subprocess.py:93} INFO - [0m09:16:09  2 of 3 OK created sql table model STAGING_analytics.core_batches ............... [[32mSUCCESS 1[0m in 2.80s]
[2025-12-17T09:16:09.883+0000] {subprocess.py:93} INFO - [0m09:16:09  3 of 3 OK created sql table model STAGING_analytics.fct_production_orders ...... [[32mSUCCESS 1[0m in 2.93s]
[2025-12-17T09:16:11.345+0000] {subprocess.py:93} INFO - [0m09:16:11
[2025-12-17T09:16:11.348+0000] {subprocess.py:93} INFO - [0m09:16:11  Finished running 3 table models in 0 hours 0 minutes and 8.41 seconds (8.41s).
[2025-12-17T09:16:11.484+0000] {subprocess.py:93} INFO - [0m09:16:11
[2025-12-17T09:16:11.486+0000] {subprocess.py:93} INFO - [0m09:16:11  [32mCompleted successfully[0m
[2025-12-17T09:16:11.489+0000] {subprocess.py:93} INFO - [0m09:16:11
[2025-12-17T09:16:11.492+0000] {subprocess.py:93} INFO - [0m09:16:11  Done. PASS=3 WARN=0 ERROR=0 SKIP=0 NO-OP=0 TOTAL=3
[2025-12-17T09:16:12.606+0000] {subprocess.py:97} INFO - Command exited with return code 0
[2025-12-17T09:16:12.607+0000] {taskinstance.py:441} INFO - ::group::Post task execution logs
[2025-12-17T09:16:12.633+0000] {taskinstance.py:1205} INFO - Marking task as SUCCESS. dag_id=mfg_dbt_transform_dag, task_id=dbt_run_core, execution_date=20251216T051500, start_date=20251217T091557, end_date=20251217T091612
[2025-12-17T09:16:12.670+0000] {local_task_job_runner.py:240} INFO - Task exited with return code 0
[2025-12-17T09:16:12.693+0000] {taskinstance.py:3482} INFO - 1 downstream tasks scheduled from follow-on schedule check
[2025-12-17T09:16:12.697+0000] {local_task_job_runner.py:222} INFO - ::endgroup::
[2025-12-17T11:24:43.925+0000] {local_task_job_runner.py:120} INFO - ::group::Pre task execution logs
[2025-12-17T11:24:43.963+0000] {taskinstance.py:2073} INFO - Dependencies all met for dep_context=non-requeueable deps ti=<TaskInstance: mfg_dbt_transform_dag.dbt_run_core scheduled__2025-12-16T05:15:00+00:00 [queued]>
[2025-12-17T11:24:43.975+0000] {taskinstance.py:2073} INFO - Dependencies all met for dep_context=requeueable deps ti=<TaskInstance: mfg_dbt_transform_dag.dbt_run_core scheduled__2025-12-16T05:15:00+00:00 [queued]>
[2025-12-17T11:24:43.976+0000] {taskinstance.py:2303} INFO - Starting attempt 1 of 3
[2025-12-17T11:24:43.993+0000] {taskinstance.py:2327} INFO - Executing <Task(BashOperator): dbt_run_core> on 2025-12-16 05:15:00+00:00
[2025-12-17T11:24:44.000+0000] {standard_task_runner.py:90} INFO - Running: ['***', 'tasks', 'run', 'mfg_dbt_transform_dag', 'dbt_run_core', 'scheduled__2025-12-16T05:15:00+00:00', '--job-id', '13', '--raw', '--subdir', 'DAGS_FOLDER/mfg_dbt_transform_dag.py', '--cfg-path', '/tmp/tmprl8fwapn']
[2025-12-17T11:24:44.004+0000] {standard_task_runner.py:91} INFO - Job 13: Subtask dbt_run_core
[2025-12-17T11:24:44.005+0000] {logging_mixin.py:188} WARNING - /home/***/.local/lib/python3.12/site-packages/***/task/task_runner/standard_task_runner.py:61 DeprecationWarning: This process (pid=2334) is multi-threaded, use of fork() may lead to deadlocks in the child.
[2025-12-17T11:24:44.006+0000] {standard_task_runner.py:63} INFO - Started process 2335 to run task
[2025-12-17T11:24:44.070+0000] {task_command.py:426} INFO - Running <TaskInstance: mfg_dbt_transform_dag.dbt_run_core scheduled__2025-12-16T05:15:00+00:00 [running]> on host ada33a2b5ec7
[2025-12-17T11:24:44.171+0000] {taskinstance.py:2644} INFO - Exporting env vars: AIRFLOW_CTX_DAG_OWNER='data-eng' AIRFLOW_CTX_DAG_ID='mfg_dbt_transform_dag' AIRFLOW_CTX_TASK_ID='dbt_run_core' AIRFLOW_CTX_EXECUTION_DATE='2025-12-16T05:15:00+00:00' AIRFLOW_CTX_TRY_NUMBER='1' AIRFLOW_CTX_DAG_RUN_ID='scheduled__2025-12-16T05:15:00+00:00'
[2025-12-17T11:24:44.172+0000] {taskinstance.py:430} INFO - ::endgroup::
[2025-12-17T11:24:44.188+0000] {subprocess.py:63} INFO - Tmp dir root location: /tmp
[2025-12-17T11:24:44.189+0000] {subprocess.py:75} INFO - Running command: ['/usr/bin/bash', '-c', 'cd /opt/***/dbt_project && dbt run --select core --profiles-dir /opt/***/dbt_profiles']
[2025-12-17T11:24:44.197+0000] {subprocess.py:86} INFO - Output:
[2025-12-17T11:24:46.384+0000] {subprocess.py:93} INFO - [0m11:24:46  Running with dbt=1.8.4
[2025-12-17T11:24:47.378+0000] {subprocess.py:93} INFO - [0m11:24:47  Registered adapter: snowflake=1.8.4
[2025-12-17T11:24:48.039+0000] {subprocess.py:93} INFO - [0m11:24:48  Found 8 models, 24 data tests, 3 sources, 459 macros
[2025-12-17T11:24:48.045+0000] {subprocess.py:93} INFO - [0m11:24:48
[2025-12-17T11:24:52.160+0000] {subprocess.py:93} INFO - [0m11:24:52  Concurrency: 4 threads (target='dev')
[2025-12-17T11:24:52.161+0000] {subprocess.py:93} INFO - [0m11:24:52
[2025-12-17T11:24:52.176+0000] {subprocess.py:93} INFO - [0m11:24:52  1 of 3 START sql table model STAGING_analytics.core_materials .................. [RUN]
[2025-12-17T11:24:55.414+0000] {subprocess.py:93} INFO - [0m11:24:55  1 of 3 OK created sql table model STAGING_analytics.core_materials ............. [[32mSUCCESS 1[0m in 3.23s]
[2025-12-17T11:24:55.421+0000] {subprocess.py:93} INFO - [0m11:24:55  2 of 3 START sql table model STAGING_analytics.core_batches .................... [RUN]
[2025-12-17T11:24:55.422+0000] {subprocess.py:93} INFO - [0m11:24:55  3 of 3 START sql table model STAGING_analytics.fct_production_orders ........... [RUN]
[2025-12-17T11:24:58.053+0000] {subprocess.py:93} INFO - [0m11:24:58  2 of 3 OK created sql table model STAGING_analytics.core_batches ............... [[32mSUCCESS 1[0m in 2.63s]
[2025-12-17T11:24:58.574+0000] {subprocess.py:93} INFO - [0m11:24:58  3 of 3 OK created sql table model STAGING_analytics.fct_production_orders ...... [[32mSUCCESS 1[0m in 3.15s]
[2025-12-17T11:24:58.586+0000] {subprocess.py:93} INFO - [0m11:24:58
[2025-12-17T11:24:58.587+0000] {subprocess.py:93} INFO - [0m11:24:58  Finished running 3 table models in 0 hours 0 minutes and 10.54 seconds (10.54s).
[2025-12-17T11:24:58.726+0000] {subprocess.py:93} INFO - [0m11:24:58
[2025-12-17T11:24:58.728+0000] {subprocess.py:93} INFO - [0m11:24:58  [32mCompleted successfully[0m
[2025-12-17T11:24:58.729+0000] {subprocess.py:93} INFO - [0m11:24:58
[2025-12-17T11:24:58.731+0000] {subprocess.py:93} INFO - [0m11:24:58  Done. PASS=3 WARN=0 ERROR=0 SKIP=0 TOTAL=3
[2025-12-17T11:24:59.703+0000] {subprocess.py:97} INFO - Command exited with return code 0
[2025-12-17T11:24:59.704+0000] {taskinstance.py:441} INFO - ::group::Post task execution logs
[2025-12-17T11:24:59.743+0000] {taskinstance.py:1205} INFO - Marking task as SUCCESS. dag_id=mfg_dbt_transform_dag, task_id=dbt_run_core, execution_date=20251216T051500, start_date=20251217T112443, end_date=20251217T112459
[2025-12-17T11:24:59.786+0000] {local_task_job_runner.py:240} INFO - Task exited with return code 0
[2025-12-17T11:24:59.814+0000] {taskinstance.py:3482} INFO - 1 downstream tasks scheduled from follow-on schedule check
[2025-12-17T11:24:59.818+0000] {local_task_job_runner.py:222} INFO - ::endgroup::
[2025-12-17T13:05:02.435+0000] {local_task_job_runner.py:120} INFO - ::group::Pre task execution logs
[2025-12-17T13:05:02.496+0000] {taskinstance.py:2073} INFO - Dependencies all met for dep_context=non-requeueable deps ti=<TaskInstance: mfg_dbt_transform_dag.dbt_run_core scheduled__2025-12-16T05:15:00+00:00 [queued]>
[2025-12-17T13:05:02.519+0000] {taskinstance.py:2073} INFO - Dependencies all met for dep_context=requeueable deps ti=<TaskInstance: mfg_dbt_transform_dag.dbt_run_core scheduled__2025-12-16T05:15:00+00:00 [queued]>
[2025-12-17T13:05:02.520+0000] {taskinstance.py:2303} INFO - Starting attempt 1 of 3
[2025-12-17T13:05:02.549+0000] {taskinstance.py:2327} INFO - Executing <Task(BashOperator): dbt_run_core> on 2025-12-16 05:15:00+00:00
[2025-12-17T13:05:02.559+0000] {standard_task_runner.py:90} INFO - Running: ['***', 'tasks', 'run', 'mfg_dbt_transform_dag', 'dbt_run_core', 'scheduled__2025-12-16T05:15:00+00:00', '--job-id', '12', '--raw', '--subdir', 'DAGS_FOLDER/mfg_dbt_transform_dag.py', '--cfg-path', '/tmp/tmp97v_nygp']
[2025-12-17T13:05:02.564+0000] {standard_task_runner.py:91} INFO - Job 12: Subtask dbt_run_core
[2025-12-17T13:05:02.566+0000] {logging_mixin.py:188} WARNING - /home/***/.local/lib/python3.12/site-packages/***/task/task_runner/standard_task_runner.py:61 DeprecationWarning: This process (pid=790) is multi-threaded, use of fork() may lead to deadlocks in the child.
[2025-12-17T13:05:02.567+0000] {standard_task_runner.py:63} INFO - Started process 791 to run task
[2025-12-17T13:05:02.650+0000] {task_command.py:426} INFO - Running <TaskInstance: mfg_dbt_transform_dag.dbt_run_core scheduled__2025-12-16T05:15:00+00:00 [running]> on host 84fc30c39b31
[2025-12-17T13:05:02.769+0000] {taskinstance.py:2644} INFO - Exporting env vars: AIRFLOW_CTX_DAG_OWNER='data-eng' AIRFLOW_CTX_DAG_ID='mfg_dbt_transform_dag' AIRFLOW_CTX_TASK_ID='dbt_run_core' AIRFLOW_CTX_EXECUTION_DATE='2025-12-16T05:15:00+00:00' AIRFLOW_CTX_TRY_NUMBER='1' AIRFLOW_CTX_DAG_RUN_ID='scheduled__2025-12-16T05:15:00+00:00'
[2025-12-17T13:05:02.795+0000] {taskinstance.py:430} INFO - ::endgroup::
[2025-12-17T13:05:02.823+0000] {subprocess.py:63} INFO - Tmp dir root location: /tmp
[2025-12-17T13:05:02.825+0000] {subprocess.py:75} INFO - Running command: ['/usr/bin/bash', '-c', 'cd /opt/***/dbt_project && dbt run --select core --profiles-dir /opt/***/dbt_profiles']
[2025-12-17T13:05:02.841+0000] {subprocess.py:86} INFO - Output:
[2025-12-17T13:05:05.411+0000] {subprocess.py:93} INFO - [0m13:05:05  Running with dbt=1.8.4
[2025-12-17T13:05:06.541+0000] {subprocess.py:93} INFO - [0m13:05:06  Registered adapter: snowflake=1.8.4
[2025-12-17T13:05:07.305+0000] {subprocess.py:93} INFO - [0m13:05:07  Found 8 models, 24 data tests, 3 sources, 459 macros
[2025-12-17T13:05:07.310+0000] {subprocess.py:93} INFO - [0m13:05:07
[2025-12-17T13:05:11.281+0000] {subprocess.py:93} INFO - [0m13:05:11  Concurrency: 4 threads (target='dev')
[2025-12-17T13:05:11.282+0000] {subprocess.py:93} INFO - [0m13:05:11
[2025-12-17T13:05:11.297+0000] {subprocess.py:93} INFO - [0m13:05:11  1 of 3 START sql table model DBT_CORE.core_materials ........................... [RUN]
[2025-12-17T13:05:14.023+0000] {subprocess.py:93} INFO - [0m13:05:14  1 of 3 OK created sql table model DBT_CORE.core_materials ...................... [[32mSUCCESS 1[0m in 2.72s]
[2025-12-17T13:05:14.030+0000] {subprocess.py:93} INFO - [0m13:05:14  2 of 3 START sql table model DBT_CORE.core_batches ............................. [RUN]
[2025-12-17T13:05:14.032+0000] {subprocess.py:93} INFO - [0m13:05:14  3 of 3 START sql table model DBT_CORE.fct_production_orders .................... [RUN]
[2025-12-17T13:05:16.887+0000] {subprocess.py:93} INFO - [0m13:05:16  3 of 3 OK created sql table model DBT_CORE.fct_production_orders ............... [[32mSUCCESS 1[0m in 2.85s]
[2025-12-17T13:05:17.066+0000] {subprocess.py:93} INFO - [0m13:05:17  2 of 3 OK created sql table model DBT_CORE.core_batches ........................ [[32mSUCCESS 1[0m in 3.03s]
[2025-12-17T13:05:17.080+0000] {subprocess.py:93} INFO - [0m13:05:17
[2025-12-17T13:05:17.081+0000] {subprocess.py:93} INFO - [0m13:05:17  Finished running 3 table models in 0 hours 0 minutes and 9.77 seconds (9.77s).
[2025-12-17T13:05:17.165+0000] {subprocess.py:93} INFO - [0m13:05:17
[2025-12-17T13:05:17.167+0000] {subprocess.py:93} INFO - [0m13:05:17  [32mCompleted successfully[0m
[2025-12-17T13:05:17.168+0000] {subprocess.py:93} INFO - [0m13:05:17
[2025-12-17T13:05:17.170+0000] {subprocess.py:93} INFO - [0m13:05:17  Done. PASS=3 WARN=0 ERROR=0 SKIP=0 TOTAL=3
[2025-12-17T13:05:18.273+0000] {subprocess.py:97} INFO - Command exited with return code 0
[2025-12-17T13:05:18.275+0000] {taskinstance.py:441} INFO - ::group::Post task execution logs
[2025-12-17T13:05:18.333+0000] {taskinstance.py:1205} INFO - Marking task as SUCCESS. dag_id=mfg_dbt_transform_dag, task_id=dbt_run_core, execution_date=20251216T051500, start_date=20251217T130502, end_date=20251217T130518
[2025-12-17T13:05:18.378+0000] {local_task_job_runner.py:240} INFO - Task exited with return code 0
[2025-12-17T13:05:18.425+0000] {taskinstance.py:3482} INFO - 1 downstream tasks scheduled from follow-on schedule check
[2025-12-17T13:05:18.429+0000] {local_task_job_runner.py:222} INFO - ::endgroup::
[2025-12-17T13:45:13.293+0000] {local_task_job_runner.py:120} INFO - ::group::Pre task execution logs
[2025-12-17T13:45:13.332+0000] {taskinstance.py:2073} INFO - Dependencies all met for dep_context=non-requeueable deps ti=<TaskInstance: mfg_dbt_transform_dag.dbt_run_core scheduled__2025-12-16T05:15:00+00:00 [queued]>
[2025-12-17T13:45:13.341+0000] {taskinstance.py:2073} INFO - Dependencies all met for dep_context=requeueable deps ti=<TaskInstance: mfg_dbt_transform_dag.dbt_run_core scheduled__2025-12-16T05:15:00+00:00 [queued]>
[2025-12-17T13:45:13.341+0000] {taskinstance.py:2303} INFO - Starting attempt 1 of 3
[2025-12-17T13:45:13.358+0000] {taskinstance.py:2327} INFO - Executing <Task(BashOperator): dbt_run_core> on 2025-12-16 05:15:00+00:00
[2025-12-17T13:45:13.366+0000] {standard_task_runner.py:90} INFO - Running: ['***', 'tasks', 'run', 'mfg_dbt_transform_dag', 'dbt_run_core', 'scheduled__2025-12-16T05:15:00+00:00', '--job-id', '8', '--raw', '--subdir', 'DAGS_FOLDER/mfg_dbt_transform_dag.py', '--cfg-path', '/tmp/tmppcr9mlep']
[2025-12-17T13:45:13.369+0000] {standard_task_runner.py:91} INFO - Job 8: Subtask dbt_run_core
[2025-12-17T13:45:13.369+0000] {logging_mixin.py:188} WARNING - /home/***/.local/lib/python3.12/site-packages/***/task/task_runner/standard_task_runner.py:61 DeprecationWarning: This process (pid=271) is multi-threaded, use of fork() may lead to deadlocks in the child.
[2025-12-17T13:45:13.371+0000] {standard_task_runner.py:63} INFO - Started process 272 to run task
[2025-12-17T13:45:13.437+0000] {task_command.py:426} INFO - Running <TaskInstance: mfg_dbt_transform_dag.dbt_run_core scheduled__2025-12-16T05:15:00+00:00 [running]> on host 8717822a88d5
[2025-12-17T13:45:13.536+0000] {taskinstance.py:2644} INFO - Exporting env vars: AIRFLOW_CTX_DAG_OWNER='data-eng' AIRFLOW_CTX_DAG_ID='mfg_dbt_transform_dag' AIRFLOW_CTX_TASK_ID='dbt_run_core' AIRFLOW_CTX_EXECUTION_DATE='2025-12-16T05:15:00+00:00' AIRFLOW_CTX_TRY_NUMBER='1' AIRFLOW_CTX_DAG_RUN_ID='scheduled__2025-12-16T05:15:00+00:00'
[2025-12-17T13:45:13.537+0000] {taskinstance.py:430} INFO - ::endgroup::
[2025-12-17T13:45:13.554+0000] {subprocess.py:63} INFO - Tmp dir root location: /tmp
[2025-12-17T13:45:13.556+0000] {subprocess.py:75} INFO - Running command: ['/usr/bin/bash', '-c', 'cd /opt/***/dbt_project && dbt run --select core --profiles-dir /opt/***/dbt_profiles']
[2025-12-17T13:45:13.564+0000] {subprocess.py:86} INFO - Output:
[2025-12-17T13:45:16.013+0000] {subprocess.py:93} INFO - [0m13:45:16  Running with dbt=1.8.4
[2025-12-17T13:45:17.111+0000] {subprocess.py:93} INFO - [0m13:45:17  Registered adapter: snowflake=1.8.4
[2025-12-17T13:45:17.834+0000] {subprocess.py:93} INFO - [0m13:45:17  Found 8 models, 24 data tests, 3 sources, 460 macros
[2025-12-17T13:45:17.839+0000] {subprocess.py:93} INFO - [0m13:45:17
[2025-12-17T13:45:21.560+0000] {subprocess.py:93} INFO - [0m13:45:21  Concurrency: 4 threads (target='dev')
[2025-12-17T13:45:21.561+0000] {subprocess.py:93} INFO - [0m13:45:21
[2025-12-17T13:45:21.577+0000] {subprocess.py:93} INFO - [0m13:45:21  1 of 3 START sql table model CORE.core_materials ............................... [RUN]
[2025-12-17T13:45:24.414+0000] {subprocess.py:93} INFO - [0m13:45:24  1 of 3 OK created sql table model CORE.core_materials .......................... [[32mSUCCESS 1[0m in 2.82s]
[2025-12-17T13:45:24.421+0000] {subprocess.py:93} INFO - [0m13:45:24  2 of 3 START sql table model CORE.core_batches ................................. [RUN]
[2025-12-17T13:45:24.422+0000] {subprocess.py:93} INFO - [0m13:45:24  3 of 3 START sql table model CORE.fct_production_orders ........................ [RUN]
[2025-12-17T13:45:26.947+0000] {subprocess.py:93} INFO - [0m13:45:26  2 of 3 OK created sql table model CORE.core_batches ............................ [[32mSUCCESS 1[0m in 2.52s]
[2025-12-17T13:45:27.106+0000] {subprocess.py:93} INFO - [0m13:45:27  3 of 3 OK created sql table model CORE.fct_production_orders ................... [[32mSUCCESS 1[0m in 2.68s]
[2025-12-17T13:45:27.121+0000] {subprocess.py:93} INFO - [0m13:45:27
[2025-12-17T13:45:27.122+0000] {subprocess.py:93} INFO - [0m13:45:27  Finished running 3 table models in 0 hours 0 minutes and 9.28 seconds (9.28s).
[2025-12-17T13:45:27.214+0000] {subprocess.py:93} INFO - [0m13:45:27
[2025-12-17T13:45:27.215+0000] {subprocess.py:93} INFO - [0m13:45:27  [32mCompleted successfully[0m
[2025-12-17T13:45:27.217+0000] {subprocess.py:93} INFO - [0m13:45:27
[2025-12-17T13:45:27.219+0000] {subprocess.py:93} INFO - [0m13:45:27  Done. PASS=3 WARN=0 ERROR=0 SKIP=0 TOTAL=3
[2025-12-17T13:45:28.210+0000] {subprocess.py:97} INFO - Command exited with return code 0
[2025-12-17T13:45:28.211+0000] {taskinstance.py:441} INFO - ::group::Post task execution logs
[2025-12-17T13:45:28.251+0000] {taskinstance.py:1205} INFO - Marking task as SUCCESS. dag_id=mfg_dbt_transform_dag, task_id=dbt_run_core, execution_date=20251216T051500, start_date=20251217T134513, end_date=20251217T134528
[2025-12-17T13:45:28.294+0000] {local_task_job_runner.py:240} INFO - Task exited with return code 0
[2025-12-17T13:45:28.330+0000] {taskinstance.py:3482} INFO - 0 downstream tasks scheduled from follow-on schedule check
[2025-12-17T13:45:28.336+0000] {local_task_job_runner.py:222} INFO - ::endgroup::
