[2025-12-16T23:16:48.195+0000] {local_task_job_runner.py:120} INFO - ::group::Pre task execution logs
[2025-12-16T23:16:48.244+0000] {taskinstance.py:2073} INFO - Dependencies all met for dep_context=non-requeueable deps ti=<TaskInstance: mfg_dbt_transform_dag.dbt_run_marts manual__2025-12-16T23:15:10.392181+00:00 [queued]>
[2025-12-16T23:16:48.258+0000] {taskinstance.py:2073} INFO - Dependencies all met for dep_context=requeueable deps ti=<TaskInstance: mfg_dbt_transform_dag.dbt_run_marts manual__2025-12-16T23:15:10.392181+00:00 [queued]>
[2025-12-16T23:16:48.259+0000] {taskinstance.py:2303} INFO - Starting attempt 1 of 3
[2025-12-16T23:16:48.279+0000] {taskinstance.py:2327} INFO - Executing <Task(BashOperator): dbt_run_marts> on 2025-12-16 23:15:10.392181+00:00
[2025-12-16T23:16:48.289+0000] {standard_task_runner.py:90} INFO - Running: ['***', 'tasks', 'run', 'mfg_dbt_transform_dag', 'dbt_run_marts', 'manual__2025-12-16T23:15:10.392181+00:00', '--job-id', '14', '--raw', '--subdir', 'DAGS_FOLDER/mfg_dbt_transform_dag.py', '--cfg-path', '/tmp/tmplcwrg7q2']
[2025-12-16T23:16:48.293+0000] {standard_task_runner.py:91} INFO - Job 14: Subtask dbt_run_marts
[2025-12-16T23:16:48.294+0000] {logging_mixin.py:188} WARNING - /home/***/.local/lib/python3.12/site-packages/***/task/task_runner/standard_task_runner.py:61 DeprecationWarning: This process (pid=707) is multi-threaded, use of fork() may lead to deadlocks in the child.
[2025-12-16T23:16:48.295+0000] {standard_task_runner.py:63} INFO - Started process 708 to run task
[2025-12-16T23:16:48.368+0000] {task_command.py:426} INFO - Running <TaskInstance: mfg_dbt_transform_dag.dbt_run_marts manual__2025-12-16T23:15:10.392181+00:00 [running]> on host f349782282f8
[2025-12-16T23:16:48.495+0000] {taskinstance.py:2644} INFO - Exporting env vars: AIRFLOW_CTX_DAG_OWNER='data-engineering' AIRFLOW_CTX_DAG_ID='mfg_dbt_transform_dag' AIRFLOW_CTX_TASK_ID='dbt_run_marts' AIRFLOW_CTX_EXECUTION_DATE='2025-12-16T23:15:10.392181+00:00' AIRFLOW_CTX_TRY_NUMBER='1' AIRFLOW_CTX_DAG_RUN_ID='manual__2025-12-16T23:15:10.392181+00:00'
[2025-12-16T23:16:48.496+0000] {taskinstance.py:430} INFO - ::endgroup::
[2025-12-16T23:16:48.521+0000] {subprocess.py:63} INFO - Tmp dir root location: /tmp
[2025-12-16T23:16:48.523+0000] {subprocess.py:75} INFO - Running command: ['/usr/bin/bash', '-c', 'cd /opt/***/dbt_project && dbt run --select marts --profiles-dir /opt/***/dbt_profiles']
[2025-12-16T23:16:48.535+0000] {subprocess.py:86} INFO - Output:
[2025-12-16T23:16:52.159+0000] {subprocess.py:93} INFO - [0m23:16:52  Running with dbt=1.10.16
[2025-12-16T23:16:53.630+0000] {subprocess.py:93} INFO - [0m23:16:53  Registered adapter: snowflake=1.10.4
[2025-12-16T23:16:54.606+0000] {subprocess.py:93} INFO - [0m23:16:54  Found 8 models, 24 data tests, 3 sources, 504 macros
[2025-12-16T23:16:54.612+0000] {subprocess.py:93} INFO - [0m23:16:54
[2025-12-16T23:16:54.614+0000] {subprocess.py:93} INFO - [0m23:16:54  Concurrency: 4 threads (target='dev')
[2025-12-16T23:16:54.616+0000] {subprocess.py:93} INFO - [0m23:16:54
[2025-12-16T23:16:56.648+0000] {subprocess.py:93} INFO - [0m23:16:56  1 of 2 START sql table model ANALYTICS_analytics.mfg_ml_features_orders ........ [RUN]
[2025-12-16T23:16:56.650+0000] {subprocess.py:93} INFO - [0m23:16:56  2 of 2 START sql table model ANALYTICS_analytics.mfg_plant_daily_kpis .......... [RUN]
[2025-12-16T23:16:58.296+0000] {subprocess.py:93} INFO - [0m23:16:58  1 of 2 OK created sql table model ANALYTICS_analytics.mfg_ml_features_orders ... [[32mSUCCESS 1[0m in 1.64s]
[2025-12-16T23:16:59.533+0000] {subprocess.py:93} INFO - [0m23:16:59  2 of 2 OK created sql table model ANALYTICS_analytics.mfg_plant_daily_kpis ..... [[32mSUCCESS 1[0m in 2.88s]
[2025-12-16T23:17:00.472+0000] {subprocess.py:93} INFO - [0m23:17:00
[2025-12-16T23:17:00.474+0000] {subprocess.py:93} INFO - [0m23:17:00  Finished running 2 table models in 0 hours 0 minutes and 5.85 seconds (5.85s).
[2025-12-16T23:17:00.584+0000] {subprocess.py:93} INFO - [0m23:17:00
[2025-12-16T23:17:00.586+0000] {subprocess.py:93} INFO - [0m23:17:00  [32mCompleted successfully[0m
[2025-12-16T23:17:00.587+0000] {subprocess.py:93} INFO - [0m23:17:00
[2025-12-16T23:17:00.589+0000] {subprocess.py:93} INFO - [0m23:17:00  Done. PASS=2 WARN=0 ERROR=0 SKIP=0 NO-OP=0 TOTAL=2
[2025-12-16T23:17:01.685+0000] {subprocess.py:97} INFO - Command exited with return code 0
[2025-12-16T23:17:01.687+0000] {taskinstance.py:441} INFO - ::group::Post task execution logs
[2025-12-16T23:17:01.721+0000] {taskinstance.py:1205} INFO - Marking task as SUCCESS. dag_id=mfg_dbt_transform_dag, task_id=dbt_run_marts, execution_date=20251216T231510, start_date=20251216T231648, end_date=20251216T231701
[2025-12-16T23:17:01.777+0000] {local_task_job_runner.py:240} INFO - Task exited with return code 0
[2025-12-16T23:17:01.802+0000] {taskinstance.py:3482} INFO - 1 downstream tasks scheduled from follow-on schedule check
[2025-12-16T23:17:01.809+0000] {local_task_job_runner.py:222} INFO - ::endgroup::
