[2025-12-17T13:04:33.315+0000] {local_task_job_runner.py:120} INFO - ::group::Pre task execution logs
[2025-12-17T13:04:33.364+0000] {taskinstance.py:2073} INFO - Dependencies all met for dep_context=non-requeueable deps ti=<TaskInstance: mfg_raw_ingestion_dag.ingest_raw_to_snowflake manual__2025-12-17T13:04:16.213686+00:00 [queued]>
[2025-12-17T13:04:33.375+0000] {taskinstance.py:2073} INFO - Dependencies all met for dep_context=requeueable deps ti=<TaskInstance: mfg_raw_ingestion_dag.ingest_raw_to_snowflake manual__2025-12-17T13:04:16.213686+00:00 [queued]>
[2025-12-17T13:04:33.376+0000] {taskinstance.py:2303} INFO - Starting attempt 1 of 3
[2025-12-17T13:04:33.398+0000] {taskinstance.py:2327} INFO - Executing <Task(BashOperator): ingest_raw_to_snowflake> on 2025-12-17 13:04:16.213686+00:00
[2025-12-17T13:04:33.408+0000] {standard_task_runner.py:90} INFO - Running: ['***', 'tasks', 'run', 'mfg_raw_ingestion_dag', 'ingest_raw_to_snowflake', 'manual__2025-12-17T13:04:16.213686+00:00', '--job-id', '7', '--raw', '--subdir', 'DAGS_FOLDER/mfg_raw_ingestion_dag.py', '--cfg-path', '/tmp/tmp7eld6852']
[2025-12-17T13:04:33.416+0000] {standard_task_runner.py:91} INFO - Job 7: Subtask ingest_raw_to_snowflake
[2025-12-17T13:04:33.418+0000] {logging_mixin.py:188} WARNING - /home/***/.local/lib/python3.12/site-packages/***/task/task_runner/standard_task_runner.py:61 DeprecationWarning: This process (pid=714) is multi-threaded, use of fork() may lead to deadlocks in the child.
[2025-12-17T13:04:33.419+0000] {standard_task_runner.py:63} INFO - Started process 715 to run task
[2025-12-17T13:04:33.570+0000] {task_command.py:426} INFO - Running <TaskInstance: mfg_raw_ingestion_dag.ingest_raw_to_snowflake manual__2025-12-17T13:04:16.213686+00:00 [running]> on host 84fc30c39b31
[2025-12-17T13:04:33.765+0000] {taskinstance.py:2644} INFO - Exporting env vars: AIRFLOW_CTX_DAG_OWNER='data-eng' AIRFLOW_CTX_DAG_ID='mfg_raw_ingestion_dag' AIRFLOW_CTX_TASK_ID='ingest_raw_to_snowflake' AIRFLOW_CTX_EXECUTION_DATE='2025-12-17T13:04:16.213686+00:00' AIRFLOW_CTX_TRY_NUMBER='1' AIRFLOW_CTX_DAG_RUN_ID='manual__2025-12-17T13:04:16.213686+00:00'
[2025-12-17T13:04:33.766+0000] {taskinstance.py:430} INFO - ::endgroup::
[2025-12-17T13:04:33.786+0000] {subprocess.py:63} INFO - Tmp dir root location: /tmp
[2025-12-17T13:04:33.787+0000] {subprocess.py:75} INFO - Running command: ['/usr/bin/bash', '-c', 'python /opt/***/ingestion/python/load_raw_to_snowflake.py']
[2025-12-17T13:04:33.797+0000] {subprocess.py:86} INFO - Output:
[2025-12-17T13:04:36.268+0000] {subprocess.py:93} INFO - [INFO] 2025-12-17 13:04:36 - No .env at project root; assuming env vars are injected (Docker/Airflow).
[2025-12-17T13:04:36.272+0000] {subprocess.py:93} INFO - [INFO] 2025-12-17 13:04:36 - Starting run-aware load. load_id=mfg_raw_ingestion_dag::manual__2025-12-17T13:04:16.213686+00:00 dag_id=mfg_raw_ingestion_dag run_id=manual__2025-12-17T13:04:16.213686+00:00 task_id=ingest_raw_to_snowflake
[2025-12-17T13:04:36.273+0000] {subprocess.py:93} INFO - [INFO] 2025-12-17 13:04:36 - Using data directory: /opt/***/data/raw/source_system
[2025-12-17T13:04:36.273+0000] {subprocess.py:93} INFO - [INFO] 2025-12-17 13:04:36 - Connecting to Snowflake...
[2025-12-17T13:04:40.567+0000] {subprocess.py:93} INFO - [INFO] 2025-12-17 13:04:40 - Read 500 rows from materials.csv
[2025-12-17T13:04:40.593+0000] {subprocess.py:93} INFO - [INFO] 2025-12-17 13:04:40 - Read 10,000 rows from batches.csv
[2025-12-17T13:04:40.627+0000] {subprocess.py:93} INFO - [INFO] 2025-12-17 13:04:40 - Read 10,000 rows from production_orders.csv
[2025-12-17T13:04:40.628+0000] {subprocess.py:93} INFO - [INFO] 2025-12-17 13:04:40 - [MATERIALS_RUN] Deleting previous slice for load_id (retry-safe)...
[2025-12-17T13:09:44.707+0000] {subprocess.py:93} INFO - [INFO] 2025-12-17 13:09:44 - [MATERIALS_RUN] Loading 500 rows from materials.csv ...
[2025-12-17T13:09:49.509+0000] {subprocess.py:93} INFO - [INFO] 2025-12-17 13:09:49 - [MATERIALS_RUN] write_pandas success=True rows_loaded=500 chunks=1
[2025-12-17T13:09:50.127+0000] {subprocess.py:93} INFO - [INFO] 2025-12-17 13:09:50 - [BATCHES_RUN] Deleting previous slice for load_id (retry-safe)...
[2025-12-17T13:09:50.678+0000] {subprocess.py:93} INFO - [INFO] 2025-12-17 13:09:50 - [BATCHES_RUN] Loading 10,000 rows from batches.csv ...
[2025-12-17T13:09:53.883+0000] {subprocess.py:93} INFO - [INFO] 2025-12-17 13:09:53 - [BATCHES_RUN] write_pandas success=True rows_loaded=10,000 chunks=1
[2025-12-17T13:09:54.723+0000] {subprocess.py:93} INFO - [INFO] 2025-12-17 13:09:54 - [PRODUCTION_ORDERS_RUN] Deleting previous slice for load_id (retry-safe)...
[2025-12-17T13:09:55.396+0000] {subprocess.py:93} INFO - [INFO] 2025-12-17 13:09:55 - [PRODUCTION_ORDERS_RUN] Loading 10,000 rows from production_orders.csv ...
[2025-12-17T13:09:58.398+0000] {subprocess.py:93} INFO - [INFO] 2025-12-17 13:09:58 - [PRODUCTION_ORDERS_RUN] write_pandas success=True rows_loaded=10,000 chunks=1
[2025-12-17T13:10:03.146+0000] {subprocess.py:93} INFO - [INFO] 2025-12-17 13:10:03 - Run-aware load committed successfully. load_id=mfg_raw_ingestion_dag::manual__2025-12-17T13:04:16.213686+00:00
[2025-12-17T13:10:03.816+0000] {subprocess.py:97} INFO - Command exited with return code 0
[2025-12-17T13:10:03.818+0000] {taskinstance.py:441} INFO - ::group::Post task execution logs
[2025-12-17T13:10:03.886+0000] {taskinstance.py:1205} INFO - Marking task as SUCCESS. dag_id=mfg_raw_ingestion_dag, task_id=ingest_raw_to_snowflake, execution_date=20251217T130416, start_date=20251217T130433, end_date=20251217T131003
[2025-12-17T13:10:03.916+0000] {local_task_job_runner.py:240} INFO - Task exited with return code 0
[2025-12-17T13:10:03.945+0000] {taskinstance.py:3482} INFO - 1 downstream tasks scheduled from follow-on schedule check
[2025-12-17T13:10:03.950+0000] {local_task_job_runner.py:222} INFO - ::endgroup::
