[2025-12-12T23:22:56.165+0000] {local_task_job_runner.py:120} INFO - ::group::Pre task execution logs
[2025-12-12T23:22:56.193+0000] {taskinstance.py:2073} INFO - Dependencies all met for dep_context=non-requeueable deps ti=<TaskInstance: mfg_data_quality_monitoring_dag.dq_log_results scheduled__2025-12-11T04:30:00+00:00 [queued]>
[2025-12-12T23:22:56.202+0000] {taskinstance.py:2073} INFO - Dependencies all met for dep_context=requeueable deps ti=<TaskInstance: mfg_data_quality_monitoring_dag.dq_log_results scheduled__2025-12-11T04:30:00+00:00 [queued]>
[2025-12-12T23:22:56.203+0000] {taskinstance.py:2303} INFO - Starting attempt 1 of 2
[2025-12-12T23:22:56.219+0000] {taskinstance.py:2327} INFO - Executing <Task(PythonOperator): dq_log_results> on 2025-12-11 04:30:00+00:00
[2025-12-12T23:22:56.229+0000] {standard_task_runner.py:90} INFO - Running: ['***', 'tasks', 'run', 'mfg_data_quality_monitoring_dag', 'dq_log_results', 'scheduled__2025-12-11T04:30:00+00:00', '--job-id', '18', '--raw', '--subdir', 'DAGS_FOLDER/mfg_data_quality_monitoring_dag.py', '--cfg-path', '/tmp/tmpixm69gap']
[2025-12-12T23:22:56.233+0000] {logging_mixin.py:188} WARNING - /home/***/.local/lib/python3.12/site-packages/***/task/task_runner/standard_task_runner.py:61 DeprecationWarning: This process (pid=1345) is multi-threaded, use of fork() may lead to deadlocks in the child.
[2025-12-12T23:22:56.234+0000] {standard_task_runner.py:91} INFO - Job 18: Subtask dq_log_results
[2025-12-12T23:22:56.234+0000] {standard_task_runner.py:63} INFO - Started process 1348 to run task
[2025-12-12T23:22:56.294+0000] {task_command.py:426} INFO - Running <TaskInstance: mfg_data_quality_monitoring_dag.dq_log_results scheduled__2025-12-11T04:30:00+00:00 [running]> on host 1159f6c9764f
[2025-12-12T23:22:56.382+0000] {taskinstance.py:2644} INFO - Exporting env vars: AIRFLOW_CTX_DAG_OWNER='data-engineering' AIRFLOW_CTX_DAG_ID='mfg_data_quality_monitoring_dag' AIRFLOW_CTX_TASK_ID='dq_log_results' AIRFLOW_CTX_EXECUTION_DATE='2025-12-11T04:30:00+00:00' AIRFLOW_CTX_TRY_NUMBER='1' AIRFLOW_CTX_DAG_RUN_ID='scheduled__2025-12-11T04:30:00+00:00'
[2025-12-12T23:22:56.384+0000] {taskinstance.py:430} INFO - ::endgroup::
[2025-12-12T23:22:56.399+0000] {connection.py:521} INFO - Snowflake Connector for Python Version: 3.18.0, Python Version: 3.12.2, Platform: Linux-6.6.87.2-microsoft-standard-WSL2-x86_64-with-glibc2.36
[2025-12-12T23:22:56.401+0000] {connection.py:1464} INFO - Connecting to GLOBAL Snowflake domain
[2025-12-12T23:22:58.906+0000] {connection.py:521} INFO - Snowflake Connector for Python Version: 3.18.0, Python Version: 3.12.2, Platform: Linux-6.6.87.2-microsoft-standard-WSL2-x86_64-with-glibc2.36
[2025-12-12T23:22:58.906+0000] {connection.py:1464} INFO - Connecting to GLOBAL Snowflake domain
[2025-12-12T23:23:00.322+0000] {python.py:237} INFO - Done. Returned value was: None
[2025-12-12T23:23:00.324+0000] {taskinstance.py:441} INFO - ::group::Post task execution logs
[2025-12-12T23:23:00.334+0000] {taskinstance.py:1205} INFO - Marking task as SUCCESS. dag_id=mfg_data_quality_monitoring_dag, task_id=dq_log_results, execution_date=20251211T043000, start_date=20251212T232256, end_date=20251212T232300
[2025-12-12T23:23:00.364+0000] {local_task_job_runner.py:240} INFO - Task exited with return code 0
[2025-12-12T23:23:00.390+0000] {taskinstance.py:3482} INFO - 0 downstream tasks scheduled from follow-on schedule check
[2025-12-12T23:23:00.398+0000] {local_task_job_runner.py:222} INFO - ::endgroup::
