[2025-12-12T23:16:32.187+0000] {local_task_job_runner.py:120} INFO - ::group::Pre task execution logs
[2025-12-12T23:16:32.232+0000] {taskinstance.py:2073} INFO - Dependencies all met for dep_context=non-requeueable deps ti=<TaskInstance: mfg_dbt_transform_dag.dbt_run_core scheduled__2025-12-11T04:15:00+00:00 [queued]>
[2025-12-12T23:16:32.242+0000] {taskinstance.py:2073} INFO - Dependencies all met for dep_context=requeueable deps ti=<TaskInstance: mfg_dbt_transform_dag.dbt_run_core scheduled__2025-12-11T04:15:00+00:00 [queued]>
[2025-12-12T23:16:32.242+0000] {taskinstance.py:2303} INFO - Starting attempt 1 of 3
[2025-12-12T23:16:32.257+0000] {taskinstance.py:2327} INFO - Executing <Task(BashOperator): dbt_run_core> on 2025-12-11 04:15:00+00:00
[2025-12-12T23:16:32.265+0000] {standard_task_runner.py:90} INFO - Running: ['***', 'tasks', 'run', 'mfg_dbt_transform_dag', 'dbt_run_core', 'scheduled__2025-12-11T04:15:00+00:00', '--job-id', '9', '--raw', '--subdir', 'DAGS_FOLDER/mfg_dbt_transform_dag.py', '--cfg-path', '/tmp/tmp1p6i_3i_']
[2025-12-12T23:16:32.268+0000] {standard_task_runner.py:91} INFO - Job 9: Subtask dbt_run_core
[2025-12-12T23:16:32.268+0000] {logging_mixin.py:188} WARNING - /home/***/.local/lib/python3.12/site-packages/***/task/task_runner/standard_task_runner.py:61 DeprecationWarning: This process (pid=890) is multi-threaded, use of fork() may lead to deadlocks in the child.
[2025-12-12T23:16:32.269+0000] {standard_task_runner.py:63} INFO - Started process 901 to run task
[2025-12-12T23:16:32.325+0000] {task_command.py:426} INFO - Running <TaskInstance: mfg_dbt_transform_dag.dbt_run_core scheduled__2025-12-11T04:15:00+00:00 [running]> on host 1159f6c9764f
[2025-12-12T23:16:32.416+0000] {taskinstance.py:2644} INFO - Exporting env vars: AIRFLOW_CTX_DAG_OWNER='data-engineering' AIRFLOW_CTX_DAG_ID='mfg_dbt_transform_dag' AIRFLOW_CTX_TASK_ID='dbt_run_core' AIRFLOW_CTX_EXECUTION_DATE='2025-12-11T04:15:00+00:00' AIRFLOW_CTX_TRY_NUMBER='1' AIRFLOW_CTX_DAG_RUN_ID='scheduled__2025-12-11T04:15:00+00:00'
[2025-12-12T23:16:32.417+0000] {taskinstance.py:430} INFO - ::endgroup::
[2025-12-12T23:16:32.435+0000] {subprocess.py:63} INFO - Tmp dir root location: /tmp
[2025-12-12T23:16:32.437+0000] {subprocess.py:75} INFO - Running command: ['/usr/bin/bash', '-c', 'cd /opt/***/dbt_project && dbt run --select core --profiles-dir /opt/***/dbt_profiles']
[2025-12-12T23:16:32.447+0000] {subprocess.py:86} INFO - Output:
[2025-12-12T23:16:34.794+0000] {subprocess.py:93} INFO - [0m23:16:34  Running with dbt=1.10.15
[2025-12-12T23:16:35.959+0000] {subprocess.py:93} INFO - [0m23:16:35  Registered adapter: snowflake=1.10.4
[2025-12-12T23:16:36.663+0000] {subprocess.py:93} INFO - [0m23:16:36  Found 8 models, 24 data tests, 3 sources, 504 macros
[2025-12-12T23:16:36.668+0000] {subprocess.py:93} INFO - [0m23:16:36
[2025-12-12T23:16:36.670+0000] {subprocess.py:93} INFO - [0m23:16:36  Concurrency: 4 threads (target='dev')
[2025-12-12T23:16:36.671+0000] {subprocess.py:93} INFO - [0m23:16:36
[2025-12-12T23:16:38.976+0000] {subprocess.py:93} INFO - [0m23:16:38  1 of 3 START sql table model ANALYTICS_analytics.core_materials ................ [RUN]
[2025-12-12T23:16:41.117+0000] {subprocess.py:93} INFO - [0m23:16:41  1 of 3 OK created sql table model ANALYTICS_analytics.core_materials ........... [[32mSUCCESS 1[0m in 2.14s]
[2025-12-12T23:16:41.123+0000] {subprocess.py:93} INFO - [0m23:16:41  2 of 3 START sql table model ANALYTICS_analytics.core_batches .................. [RUN]
[2025-12-12T23:16:41.125+0000] {subprocess.py:93} INFO - [0m23:16:41  3 of 3 START sql table model ANALYTICS_analytics.fct_production_orders ......... [RUN]
[2025-12-12T23:16:44.008+0000] {subprocess.py:93} INFO - [0m23:16:44  2 of 3 OK created sql table model ANALYTICS_analytics.core_batches ............. [[32mSUCCESS 1[0m in 2.88s]
[2025-12-12T23:16:44.439+0000] {subprocess.py:93} INFO - [0m23:16:44  3 of 3 OK created sql table model ANALYTICS_analytics.fct_production_orders .... [[32mSUCCESS 1[0m in 3.31s]
[2025-12-12T23:16:46.130+0000] {subprocess.py:93} INFO - [0m23:16:46
[2025-12-12T23:16:46.132+0000] {subprocess.py:93} INFO - [0m23:16:46  Finished running 3 table models in 0 hours 0 minutes and 9.46 seconds (9.46s).
[2025-12-12T23:16:46.267+0000] {subprocess.py:93} INFO - [0m23:16:46
[2025-12-12T23:16:46.269+0000] {subprocess.py:93} INFO - [0m23:16:46  [32mCompleted successfully[0m
[2025-12-12T23:16:46.270+0000] {subprocess.py:93} INFO - [0m23:16:46
[2025-12-12T23:16:46.272+0000] {subprocess.py:93} INFO - [0m23:16:46  Done. PASS=3 WARN=0 ERROR=0 SKIP=0 NO-OP=0 TOTAL=3
[2025-12-12T23:16:47.301+0000] {subprocess.py:97} INFO - Command exited with return code 0
[2025-12-12T23:16:47.302+0000] {taskinstance.py:441} INFO - ::group::Post task execution logs
[2025-12-12T23:16:47.333+0000] {taskinstance.py:1205} INFO - Marking task as SUCCESS. dag_id=mfg_dbt_transform_dag, task_id=dbt_run_core, execution_date=20251211T041500, start_date=20251212T231632, end_date=20251212T231647
[2025-12-12T23:16:47.369+0000] {local_task_job_runner.py:240} INFO - Task exited with return code 0
[2025-12-12T23:16:47.393+0000] {taskinstance.py:3482} INFO - 1 downstream tasks scheduled from follow-on schedule check
[2025-12-12T23:16:47.399+0000] {local_task_job_runner.py:222} INFO - ::endgroup::
