[2025-12-11T12:57:01.748+0000] {local_task_job_runner.py:120} INFO - ::group::Pre task execution logs
[2025-12-11T12:57:01.784+0000] {taskinstance.py:2073} INFO - Dependencies all met for dep_context=non-requeueable deps ti=<TaskInstance: mfg_accelerator_pipeline.dbt_run_all manual__2025-12-11T12:56:38.954313+00:00 [queued]>
[2025-12-11T12:57:01.797+0000] {taskinstance.py:2073} INFO - Dependencies all met for dep_context=requeueable deps ti=<TaskInstance: mfg_accelerator_pipeline.dbt_run_all manual__2025-12-11T12:56:38.954313+00:00 [queued]>
[2025-12-11T12:57:01.798+0000] {taskinstance.py:2303} INFO - Starting attempt 1 of 2
[2025-12-11T12:57:01.815+0000] {taskinstance.py:2327} INFO - Executing <Task(BashOperator): dbt_run_all> on 2025-12-11 12:56:38.954313+00:00
[2025-12-11T12:57:01.824+0000] {standard_task_runner.py:90} INFO - Running: ['***', 'tasks', 'run', 'mfg_accelerator_pipeline', 'dbt_run_all', 'manual__2025-12-11T12:56:38.954313+00:00', '--job-id', '3', '--raw', '--subdir', 'DAGS_FOLDER/mfg_pipeline.py', '--cfg-path', '/tmp/tmpq2imtpzn']
[2025-12-11T12:57:01.828+0000] {standard_task_runner.py:91} INFO - Job 3: Subtask dbt_run_all
[2025-12-11T12:57:01.829+0000] {logging_mixin.py:188} WARNING - /home/***/.local/lib/python3.12/site-packages/***/task/task_runner/standard_task_runner.py:61 DeprecationWarning: This process (pid=278) is multi-threaded, use of fork() may lead to deadlocks in the child.
[2025-12-11T12:57:01.831+0000] {standard_task_runner.py:63} INFO - Started process 279 to run task
[2025-12-11T12:57:01.887+0000] {task_command.py:426} INFO - Running <TaskInstance: mfg_accelerator_pipeline.dbt_run_all manual__2025-12-11T12:56:38.954313+00:00 [running]> on host 7258e9d71bed
[2025-12-11T12:57:01.976+0000] {taskinstance.py:2644} INFO - Exporting env vars: AIRFLOW_CTX_DAG_OWNER='data_engineer' AIRFLOW_CTX_DAG_ID='mfg_accelerator_pipeline' AIRFLOW_CTX_TASK_ID='dbt_run_all' AIRFLOW_CTX_EXECUTION_DATE='2025-12-11T12:56:38.954313+00:00' AIRFLOW_CTX_TRY_NUMBER='1' AIRFLOW_CTX_DAG_RUN_ID='manual__2025-12-11T12:56:38.954313+00:00'
[2025-12-11T12:57:01.978+0000] {taskinstance.py:430} INFO - ::endgroup::
[2025-12-11T12:57:01.993+0000] {subprocess.py:63} INFO - Tmp dir root location: /tmp
[2025-12-11T12:57:01.995+0000] {subprocess.py:75} INFO - Running command: ['/usr/bin/bash', '-c', 'cd /opt/***/dbt_project && dbt run --profiles-dir /opt/***/dbt_profiles']
[2025-12-11T12:57:02.004+0000] {subprocess.py:86} INFO - Output:
[2025-12-11T12:57:04.725+0000] {subprocess.py:93} INFO - [0m12:57:04  Running with dbt=1.10.15
[2025-12-11T12:57:05.821+0000] {subprocess.py:93} INFO - [0m12:57:05  Registered adapter: snowflake=1.10.4
[2025-12-11T12:57:06.152+0000] {subprocess.py:93} INFO - [0m12:57:06  Unable to do partial parsing because profile has changed
[2025-12-11T12:57:07.786+0000] {subprocess.py:93} INFO - [0m12:57:07  [[33mWARNING[0m][MissingArgumentsPropertyInGenericTestDeprecation]: Deprecated
[2025-12-11T12:57:07.786+0000] {subprocess.py:93} INFO - functionality
[2025-12-11T12:57:07.787+0000] {subprocess.py:93} INFO - Found top-level arguments to test `relationships`. Arguments to generic tests
[2025-12-11T12:57:07.788+0000] {subprocess.py:93} INFO - should be nested under the `arguments` property.`
[2025-12-11T12:57:08.285+0000] {subprocess.py:93} INFO - [0m12:57:08  Found 8 models, 24 data tests, 3 sources, 504 macros
[2025-12-11T12:57:08.289+0000] {subprocess.py:93} INFO - [0m12:57:08
[2025-12-11T12:57:08.291+0000] {subprocess.py:93} INFO - [0m12:57:08  Concurrency: 4 threads (target='dev')
[2025-12-11T12:57:08.292+0000] {subprocess.py:93} INFO - [0m12:57:08
[2025-12-11T12:57:10.313+0000] {subprocess.py:93} INFO - [0m12:57:10  1 of 8 START sql view model ANALYTICS_analytics.stg_batches .................... [RUN]
[2025-12-11T12:57:10.315+0000] {subprocess.py:93} INFO - [0m12:57:10  2 of 8 START sql view model ANALYTICS_analytics.stg_materials .................. [RUN]
[2025-12-11T12:57:10.316+0000] {subprocess.py:93} INFO - [0m12:57:10  3 of 8 START sql view model ANALYTICS_analytics.stg_production_orders .......... [RUN]
[2025-12-11T12:57:10.937+0000] {subprocess.py:93} INFO - [0m12:57:10  1 of 8 OK created sql view model ANALYTICS_analytics.stg_batches ............... [[32mSUCCESS 1[0m in 0.62s]
[2025-12-11T12:57:11.922+0000] {subprocess.py:93} INFO - [0m12:57:11  3 of 8 OK created sql view model ANALYTICS_analytics.stg_production_orders ..... [[32mSUCCESS 1[0m in 1.60s]
[2025-12-11T12:57:11.951+0000] {subprocess.py:93} INFO - [0m12:57:11  2 of 8 OK created sql view model ANALYTICS_analytics.stg_materials ............. [[32mSUCCESS 1[0m in 1.63s]
[2025-12-11T12:57:11.957+0000] {subprocess.py:93} INFO - [0m12:57:11  4 of 8 START sql table model ANALYTICS_analytics.core_materials ................ [RUN]
[2025-12-11T12:57:14.658+0000] {subprocess.py:93} INFO - [0m12:57:14  4 of 8 OK created sql table model ANALYTICS_analytics.core_materials ........... [[32mSUCCESS 1[0m in 2.70s]
[2025-12-11T12:57:14.665+0000] {subprocess.py:93} INFO - [0m12:57:14  5 of 8 START sql table model ANALYTICS_analytics.core_batches .................. [RUN]
[2025-12-11T12:57:14.667+0000] {subprocess.py:93} INFO - [0m12:57:14  6 of 8 START sql table model ANALYTICS_analytics.fct_production_orders ......... [RUN]
[2025-12-11T12:57:18.549+0000] {subprocess.py:93} INFO - [0m12:57:18  5 of 8 OK created sql table model ANALYTICS_analytics.core_batches ............. [[32mSUCCESS 1[0m in 3.88s]
[2025-12-11T12:57:31.123+0000] {subprocess.py:93} INFO - [0m12:57:31  6 of 8 OK created sql table model ANALYTICS_analytics.fct_production_orders .... [[32mSUCCESS 1[0m in 16.45s]
[2025-12-11T12:57:31.130+0000] {subprocess.py:93} INFO - [0m12:57:31  7 of 8 START sql table model ANALYTICS_analytics.mfg_ml_features_orders ........ [RUN]
[2025-12-11T12:57:31.132+0000] {subprocess.py:93} INFO - [0m12:57:31  8 of 8 START sql table model ANALYTICS_analytics.mfg_plant_daily_kpis .......... [RUN]
[2025-12-11T12:57:37.271+0000] {subprocess.py:93} INFO - [0m12:57:37  8 of 8 OK created sql table model ANALYTICS_analytics.mfg_plant_daily_kpis ..... [[32mSUCCESS 1[0m in 6.13s]
[2025-12-11T13:07:34.911+0000] {subprocess.py:93} INFO - [0m13:07:34  7 of 8 OK created sql table model ANALYTICS_analytics.mfg_ml_features_orders ... [[32mSUCCESS 1[0m in 603.78s]
[2025-12-11T13:07:38.268+0000] {subprocess.py:93} INFO - [0m13:07:38
[2025-12-11T13:07:38.270+0000] {subprocess.py:93} INFO - [0m13:07:38  Finished running 5 table models, 3 view models in 0 hours 10 minutes and 29.97 seconds (629.97s).
[2025-12-11T13:07:38.361+0000] {subprocess.py:93} INFO - [0m13:07:38
[2025-12-11T13:07:38.362+0000] {subprocess.py:93} INFO - [0m13:07:38  [32mCompleted successfully[0m
[2025-12-11T13:07:38.363+0000] {subprocess.py:93} INFO - [0m13:07:38
[2025-12-11T13:07:38.365+0000] {subprocess.py:93} INFO - [0m13:07:38  Done. PASS=8 WARN=0 ERROR=0 SKIP=0 NO-OP=0 TOTAL=8
[2025-12-11T13:07:38.367+0000] {subprocess.py:93} INFO - [0m13:07:38  [[33mWARNING[0m][DeprecationsSummary]: Deprecated functionality
[2025-12-11T13:07:38.367+0000] {subprocess.py:93} INFO - Summary of encountered deprecations:
[2025-12-11T13:07:38.368+0000] {subprocess.py:93} INFO - - MissingArgumentsPropertyInGenericTestDeprecation: 4 occurrences
[2025-12-11T13:07:38.369+0000] {subprocess.py:93} INFO - To see all deprecation instances instead of just the first occurrence of each,
[2025-12-11T13:07:38.370+0000] {subprocess.py:93} INFO - run command again with the `--show-all-deprecations` flag. You may also need to
[2025-12-11T13:07:38.371+0000] {subprocess.py:93} INFO - run with `--no-partial-parse` as some deprecations are only encountered during
[2025-12-11T13:07:38.371+0000] {subprocess.py:93} INFO - parsing.
[2025-12-11T13:07:39.597+0000] {subprocess.py:97} INFO - Command exited with return code 0
[2025-12-11T13:07:39.599+0000] {taskinstance.py:441} INFO - ::group::Post task execution logs
[2025-12-11T13:07:39.626+0000] {taskinstance.py:1205} INFO - Marking task as SUCCESS. dag_id=mfg_accelerator_pipeline, task_id=dbt_run_all, execution_date=20251211T125638, start_date=20251211T125701, end_date=20251211T130739
[2025-12-11T13:07:39.680+0000] {local_task_job_runner.py:240} INFO - Task exited with return code 0
[2025-12-11T13:07:39.700+0000] {taskinstance.py:3482} INFO - 1 downstream tasks scheduled from follow-on schedule check
[2025-12-11T13:07:39.704+0000] {local_task_job_runner.py:222} INFO - ::endgroup::
