[2025-12-17T13:46:37.455+0000] {local_task_job_runner.py:120} INFO - ::group::Pre task execution logs
[2025-12-17T13:46:37.492+0000] {taskinstance.py:2073} INFO - Dependencies all met for dep_context=non-requeueable deps ti=<TaskInstance: mfg_dbt_transform_dag.dbt_run_marts manual__2025-12-17T13:44:53.762140+00:00 [queued]>
[2025-12-17T13:46:37.503+0000] {taskinstance.py:2073} INFO - Dependencies all met for dep_context=requeueable deps ti=<TaskInstance: mfg_dbt_transform_dag.dbt_run_marts manual__2025-12-17T13:44:53.762140+00:00 [queued]>
[2025-12-17T13:46:37.504+0000] {taskinstance.py:2303} INFO - Starting attempt 1 of 3
[2025-12-17T13:46:37.523+0000] {taskinstance.py:2327} INFO - Executing <Task(BashOperator): dbt_run_marts> on 2025-12-17 13:44:53.762140+00:00
[2025-12-17T13:46:37.532+0000] {standard_task_runner.py:90} INFO - Running: ['***', 'tasks', 'run', 'mfg_dbt_transform_dag', 'dbt_run_marts', 'manual__2025-12-17T13:44:53.762140+00:00', '--job-id', '17', '--raw', '--subdir', 'DAGS_FOLDER/mfg_dbt_transform_dag.py', '--cfg-path', '/tmp/tmpv85hogca']
[2025-12-17T13:46:37.537+0000] {standard_task_runner.py:91} INFO - Job 17: Subtask dbt_run_marts
[2025-12-17T13:46:37.538+0000] {logging_mixin.py:188} WARNING - /home/***/.local/lib/python3.12/site-packages/***/task/task_runner/standard_task_runner.py:61 DeprecationWarning: This process (pid=560) is multi-threaded, use of fork() may lead to deadlocks in the child.
[2025-12-17T13:46:37.539+0000] {standard_task_runner.py:63} INFO - Started process 561 to run task
[2025-12-17T13:46:37.607+0000] {task_command.py:426} INFO - Running <TaskInstance: mfg_dbt_transform_dag.dbt_run_marts manual__2025-12-17T13:44:53.762140+00:00 [running]> on host 8717822a88d5
[2025-12-17T13:46:37.727+0000] {taskinstance.py:2644} INFO - Exporting env vars: AIRFLOW_CTX_DAG_OWNER='data-eng' AIRFLOW_CTX_DAG_ID='mfg_dbt_transform_dag' AIRFLOW_CTX_TASK_ID='dbt_run_marts' AIRFLOW_CTX_EXECUTION_DATE='2025-12-17T13:44:53.762140+00:00' AIRFLOW_CTX_TRY_NUMBER='1' AIRFLOW_CTX_DAG_RUN_ID='manual__2025-12-17T13:44:53.762140+00:00'
[2025-12-17T13:46:37.729+0000] {taskinstance.py:430} INFO - ::endgroup::
[2025-12-17T13:46:37.746+0000] {subprocess.py:63} INFO - Tmp dir root location: /tmp
[2025-12-17T13:46:37.747+0000] {subprocess.py:75} INFO - Running command: ['/usr/bin/bash', '-c', 'cd /opt/***/dbt_project && dbt run --select marts --profiles-dir /opt/***/dbt_profiles']
[2025-12-17T13:46:37.755+0000] {subprocess.py:86} INFO - Output:
[2025-12-17T13:46:40.211+0000] {subprocess.py:93} INFO - [0m13:46:40  Running with dbt=1.8.4
[2025-12-17T13:46:41.488+0000] {subprocess.py:93} INFO - [0m13:46:41  Registered adapter: snowflake=1.8.4
[2025-12-17T13:46:42.372+0000] {subprocess.py:93} INFO - [0m13:46:42  Found 8 models, 24 data tests, 3 sources, 460 macros
[2025-12-17T13:46:42.379+0000] {subprocess.py:93} INFO - [0m13:46:42
[2025-12-17T13:46:46.148+0000] {subprocess.py:93} INFO - [0m13:46:46  Concurrency: 4 threads (target='dev')
[2025-12-17T13:46:46.150+0000] {subprocess.py:93} INFO - [0m13:46:46
[2025-12-17T13:46:46.167+0000] {subprocess.py:93} INFO - [0m13:46:46  1 of 2 START sql table model MARTS.mfg_ml_features_orders ...................... [RUN]
[2025-12-17T13:46:46.169+0000] {subprocess.py:93} INFO - [0m13:46:46  2 of 2 START sql table model MARTS.mfg_plant_daily_kpis ........................ [RUN]
[2025-12-17T13:46:49.072+0000] {subprocess.py:93} INFO - [0m13:46:49  1 of 2 OK created sql table model MARTS.mfg_ml_features_orders ................. [[32mSUCCESS 1[0m in 2.90s]
[2025-12-17T13:46:49.079+0000] {subprocess.py:93} INFO - [0m13:46:49  2 of 2 OK created sql table model MARTS.mfg_plant_daily_kpis ................... [[32mSUCCESS 1[0m in 2.90s]
[2025-12-17T13:46:49.091+0000] {subprocess.py:93} INFO - [0m13:46:49
[2025-12-17T13:46:49.093+0000] {subprocess.py:93} INFO - [0m13:46:49  Finished running 2 table models in 0 hours 0 minutes and 6.71 seconds (6.71s).
[2025-12-17T13:46:49.178+0000] {subprocess.py:93} INFO - [0m13:46:49
[2025-12-17T13:46:49.179+0000] {subprocess.py:93} INFO - [0m13:46:49  [32mCompleted successfully[0m
[2025-12-17T13:46:49.181+0000] {subprocess.py:93} INFO - [0m13:46:49
[2025-12-17T13:46:49.183+0000] {subprocess.py:93} INFO - [0m13:46:49  Done. PASS=2 WARN=0 ERROR=0 SKIP=0 TOTAL=2
[2025-12-17T13:46:50.352+0000] {subprocess.py:97} INFO - Command exited with return code 0
[2025-12-17T13:46:50.354+0000] {taskinstance.py:441} INFO - ::group::Post task execution logs
[2025-12-17T13:46:50.404+0000] {taskinstance.py:1205} INFO - Marking task as SUCCESS. dag_id=mfg_dbt_transform_dag, task_id=dbt_run_marts, execution_date=20251217T134453, start_date=20251217T134637, end_date=20251217T134650
[2025-12-17T13:46:50.468+0000] {local_task_job_runner.py:240} INFO - Task exited with return code 0
[2025-12-17T13:46:50.501+0000] {taskinstance.py:3482} INFO - 1 downstream tasks scheduled from follow-on schedule check
[2025-12-17T13:46:50.506+0000] {local_task_job_runner.py:222} INFO - ::endgroup::
