[2025-12-11T14:25:11.168+0000] {local_task_job_runner.py:120} INFO - ::group::Pre task execution logs
[2025-12-11T14:25:11.205+0000] {taskinstance.py:2073} INFO - Dependencies all met for dep_context=non-requeueable deps ti=<TaskInstance: mfg_accelerator_pipeline.ingest_raw_to_snowflake manual__2025-12-11T14:25:10.307438+00:00 [queued]>
[2025-12-11T14:25:11.217+0000] {taskinstance.py:2073} INFO - Dependencies all met for dep_context=requeueable deps ti=<TaskInstance: mfg_accelerator_pipeline.ingest_raw_to_snowflake manual__2025-12-11T14:25:10.307438+00:00 [queued]>
[2025-12-11T14:25:11.218+0000] {taskinstance.py:2303} INFO - Starting attempt 1 of 2
[2025-12-11T14:25:11.239+0000] {taskinstance.py:2327} INFO - Executing <Task(BashOperator): ingest_raw_to_snowflake> on 2025-12-11 14:25:10.307438+00:00
[2025-12-11T14:25:11.248+0000] {standard_task_runner.py:90} INFO - Running: ['***', 'tasks', 'run', 'mfg_accelerator_pipeline', 'ingest_raw_to_snowflake', 'manual__2025-12-11T14:25:10.307438+00:00', '--job-id', '12', '--raw', '--subdir', 'DAGS_FOLDER/mfg_pipeline.py', '--cfg-path', '/tmp/tmpf86f6_3n']
[2025-12-11T14:25:11.253+0000] {standard_task_runner.py:91} INFO - Job 12: Subtask ingest_raw_to_snowflake
[2025-12-11T14:25:11.253+0000] {logging_mixin.py:188} WARNING - /home/***/.local/lib/python3.12/site-packages/***/task/task_runner/standard_task_runner.py:61 DeprecationWarning: This process (pid=1374) is multi-threaded, use of fork() may lead to deadlocks in the child.
[2025-12-11T14:25:11.254+0000] {standard_task_runner.py:63} INFO - Started process 1375 to run task
[2025-12-11T14:25:11.313+0000] {task_command.py:426} INFO - Running <TaskInstance: mfg_accelerator_pipeline.ingest_raw_to_snowflake manual__2025-12-11T14:25:10.307438+00:00 [running]> on host 7258e9d71bed
[2025-12-11T14:25:11.423+0000] {taskinstance.py:2644} INFO - Exporting env vars: AIRFLOW_CTX_DAG_OWNER='data_engineer' AIRFLOW_CTX_DAG_ID='mfg_accelerator_pipeline' AIRFLOW_CTX_TASK_ID='ingest_raw_to_snowflake' AIRFLOW_CTX_EXECUTION_DATE='2025-12-11T14:25:10.307438+00:00' AIRFLOW_CTX_TRY_NUMBER='1' AIRFLOW_CTX_DAG_RUN_ID='manual__2025-12-11T14:25:10.307438+00:00'
[2025-12-11T14:25:11.425+0000] {taskinstance.py:430} INFO - ::endgroup::
[2025-12-11T14:25:11.445+0000] {subprocess.py:63} INFO - Tmp dir root location: /tmp
[2025-12-11T14:25:11.447+0000] {subprocess.py:75} INFO - Running command: ['/usr/bin/bash', '-c', 'python /opt/***/ingestion/python/load_raw_to_snowflake.py']
[2025-12-11T14:25:11.455+0000] {subprocess.py:86} INFO - Output:
[2025-12-11T14:25:13.202+0000] {subprocess.py:93} INFO - [INFO] 2025-12-11 14:25:13 - Environment variables loaded from /opt/***/.env
[2025-12-11T14:25:13.202+0000] {subprocess.py:93} INFO - [INFO] 2025-12-11 14:25:13 - Connecting to Snowflake...
[2025-12-11T14:25:14.714+0000] {subprocess.py:93} INFO - [INFO] 2025-12-11 14:25:14 - Snowflake connection established.
[2025-12-11T14:25:14.721+0000] {subprocess.py:93} INFO - [INFO] 2025-12-11 14:25:14 - Using data directory: /opt/***/data/raw/source_system
[2025-12-11T14:25:14.722+0000] {subprocess.py:93} INFO - [INFO] 2025-12-11 14:25:14 - Ensuring RAW tables exist...
[2025-12-11T14:25:15.815+0000] {subprocess.py:93} INFO - [INFO] 2025-12-11 14:25:15 - RAW tables are ready.
[2025-12-11T14:25:15.815+0000] {subprocess.py:93} INFO - [INFO] 2025-12-11 14:25:15 - Ensuring RAW_LOAD_AUDIT table exists...
[2025-12-11T14:25:16.333+0000] {subprocess.py:93} INFO - [INFO] 2025-12-11 14:25:16 - RAW_LOAD_AUDIT table is ready.
[2025-12-11T14:25:16.334+0000] {subprocess.py:93} INFO - [INFO] 2025-12-11 14:25:16 - Truncating RAW tables before load (idempotent reload)...
[2025-12-11T14:25:18.369+0000] {subprocess.py:93} INFO - [INFO] 2025-12-11 14:25:18 - RAW tables truncated.
[2025-12-11T14:25:18.373+0000] {subprocess.py:93} INFO - [INFO] 2025-12-11 14:25:18 - Reading CSV: /opt/***/data/raw/source_system/materials.csv
[2025-12-11T14:25:18.385+0000] {subprocess.py:93} INFO - [INFO] 2025-12-11 14:25:18 - Loaded 500 rows from materials.csv
[2025-12-11T14:25:18.388+0000] {subprocess.py:93} INFO - [INFO] 2025-12-11 14:25:18 - Reading CSV: /opt/***/data/raw/source_system/batches.csv
[2025-12-11T14:25:18.421+0000] {subprocess.py:93} INFO - [INFO] 2025-12-11 14:25:18 - Loaded 10,000 rows from batches.csv
[2025-12-11T14:25:18.426+0000] {subprocess.py:93} INFO - [INFO] 2025-12-11 14:25:18 - Reading CSV: /opt/***/data/raw/source_system/production_orders.csv
[2025-12-11T14:25:18.467+0000] {subprocess.py:93} INFO - [INFO] 2025-12-11 14:25:18 - Loaded 10,000 rows from production_orders.csv
[2025-12-11T14:25:18.468+0000] {subprocess.py:93} INFO - [INFO] 2025-12-11 14:25:18 - [MATERIALS] Preparing to load 500 rows from materials.csv.
[2025-12-11T14:25:23.243+0000] {subprocess.py:93} INFO - [INFO] 2025-12-11 14:25:23 - [MATERIALS] write_pandas success=True, rows_loaded=500, chunks=1
[2025-12-11T14:25:23.564+0000] {subprocess.py:93} INFO - [INFO] 2025-12-11 14:25:23 - [MATERIALS] Total rows in table after load: 500
[2025-12-11T14:25:24.344+0000] {subprocess.py:93} INFO - [INFO] 2025-12-11 14:25:24 - [BATCHES] Preparing to load 10,000 rows from batches.csv.
[2025-12-11T14:25:27.833+0000] {subprocess.py:93} INFO - [INFO] 2025-12-11 14:25:27 - [BATCHES] write_pandas success=True, rows_loaded=10,000, chunks=1
[2025-12-11T14:25:28.126+0000] {subprocess.py:93} INFO - [INFO] 2025-12-11 14:25:28 - [BATCHES] Total rows in table after load: 10,000
[2025-12-11T14:25:28.698+0000] {subprocess.py:93} INFO - [INFO] 2025-12-11 14:25:28 - [PRODUCTION_ORDERS] Preparing to load 10,000 rows from production_orders.csv.
[2025-12-11T14:25:32.136+0000] {subprocess.py:93} INFO - [INFO] 2025-12-11 14:25:32 - [PRODUCTION_ORDERS] write_pandas success=True, rows_loaded=10,000, chunks=1
[2025-12-11T14:25:32.416+0000] {subprocess.py:93} INFO - [INFO] 2025-12-11 14:25:32 - [PRODUCTION_ORDERS] Total rows in table after load: 10,000
[2025-12-11T14:25:33.118+0000] {subprocess.py:93} INFO - [INFO] 2025-12-11 14:25:33 - All RAW tables loaded successfully and audited.
[2025-12-11T14:25:33.119+0000] {subprocess.py:93} INFO - [INFO] 2025-12-11 14:25:33 - Load ID: 5116416d-833f-4a7f-9fe0-b4427c3204d7
[2025-12-11T14:25:33.120+0000] {subprocess.py:93} INFO - [INFO] 2025-12-11 14:25:33 - Closing Snowflake cursor and connection...
[2025-12-11T14:25:33.539+0000] {subprocess.py:93} INFO - [INFO] 2025-12-11 14:25:33 - Snowflake connection closed.
[2025-12-11T14:25:33.701+0000] {subprocess.py:97} INFO - Command exited with return code 0
[2025-12-11T14:25:33.702+0000] {taskinstance.py:441} INFO - ::group::Post task execution logs
[2025-12-11T14:25:33.731+0000] {taskinstance.py:1205} INFO - Marking task as SUCCESS. dag_id=mfg_accelerator_pipeline, task_id=ingest_raw_to_snowflake, execution_date=20251211T142510, start_date=20251211T142511, end_date=20251211T142533
[2025-12-11T14:25:33.769+0000] {local_task_job_runner.py:240} INFO - Task exited with return code 0
[2025-12-11T14:25:33.794+0000] {taskinstance.py:3482} INFO - 1 downstream tasks scheduled from follow-on schedule check
[2025-12-11T14:25:33.799+0000] {local_task_job_runner.py:222} INFO - ::endgroup::
