[2025-12-13T14:21:09.525+0000] {local_task_job_runner.py:120} INFO - ::group::Pre task execution logs
[2025-12-13T14:21:09.561+0000] {taskinstance.py:2073} INFO - Dependencies all met for dep_context=non-requeueable deps ti=<TaskInstance: mfg_dbt_transform_dag.dbt_run_core manual__2025-12-13T14:20:00.878309+00:00 [queued]>
[2025-12-13T14:21:09.573+0000] {taskinstance.py:2073} INFO - Dependencies all met for dep_context=requeueable deps ti=<TaskInstance: mfg_dbt_transform_dag.dbt_run_core manual__2025-12-13T14:20:00.878309+00:00 [queued]>
[2025-12-13T14:21:09.573+0000] {taskinstance.py:2303} INFO - Starting attempt 1 of 3
[2025-12-13T14:21:09.591+0000] {taskinstance.py:2327} INFO - Executing <Task(BashOperator): dbt_run_core> on 2025-12-13 14:20:00.878309+00:00
[2025-12-13T14:21:09.601+0000] {standard_task_runner.py:90} INFO - Running: ['***', 'tasks', 'run', 'mfg_dbt_transform_dag', 'dbt_run_core', 'manual__2025-12-13T14:20:00.878309+00:00', '--job-id', '21', '--raw', '--subdir', 'DAGS_FOLDER/mfg_dbt_transform_dag.py', '--cfg-path', '/tmp/tmp8awka3_p']
[2025-12-13T14:21:09.605+0000] {standard_task_runner.py:91} INFO - Job 21: Subtask dbt_run_core
[2025-12-13T14:21:09.606+0000] {logging_mixin.py:188} WARNING - /home/***/.local/lib/python3.12/site-packages/***/task/task_runner/standard_task_runner.py:61 DeprecationWarning: This process (pid=698) is multi-threaded, use of fork() may lead to deadlocks in the child.
[2025-12-13T14:21:09.607+0000] {standard_task_runner.py:63} INFO - Started process 703 to run task
[2025-12-13T14:21:09.660+0000] {task_command.py:426} INFO - Running <TaskInstance: mfg_dbt_transform_dag.dbt_run_core manual__2025-12-13T14:20:00.878309+00:00 [running]> on host 2836efb3fb45
[2025-12-13T14:21:09.758+0000] {taskinstance.py:2644} INFO - Exporting env vars: AIRFLOW_CTX_DAG_OWNER='data-engineering' AIRFLOW_CTX_DAG_ID='mfg_dbt_transform_dag' AIRFLOW_CTX_TASK_ID='dbt_run_core' AIRFLOW_CTX_EXECUTION_DATE='2025-12-13T14:20:00.878309+00:00' AIRFLOW_CTX_TRY_NUMBER='1' AIRFLOW_CTX_DAG_RUN_ID='manual__2025-12-13T14:20:00.878309+00:00'
[2025-12-13T14:21:09.759+0000] {taskinstance.py:430} INFO - ::endgroup::
[2025-12-13T14:21:09.779+0000] {subprocess.py:63} INFO - Tmp dir root location: /tmp
[2025-12-13T14:21:09.780+0000] {subprocess.py:75} INFO - Running command: ['/usr/bin/bash', '-c', 'cd /opt/***/dbt_project && dbt run --select core --profiles-dir /opt/***/dbt_profiles']
[2025-12-13T14:21:09.791+0000] {subprocess.py:86} INFO - Output:
[2025-12-13T14:21:12.860+0000] {subprocess.py:93} INFO - [0m14:21:12  Running with dbt=1.10.15
[2025-12-13T14:21:14.921+0000] {subprocess.py:93} INFO - [0m14:21:14  Registered adapter: snowflake=1.10.4
[2025-12-13T14:21:15.969+0000] {subprocess.py:93} INFO - [0m14:21:15  Found 8 models, 24 data tests, 3 sources, 504 macros
[2025-12-13T14:21:15.976+0000] {subprocess.py:93} INFO - [0m14:21:15
[2025-12-13T14:21:15.978+0000] {subprocess.py:93} INFO - [0m14:21:15  Concurrency: 4 threads (target='dev')
[2025-12-13T14:21:15.979+0000] {subprocess.py:93} INFO - [0m14:21:15
[2025-12-13T14:21:18.303+0000] {subprocess.py:93} INFO - [0m14:21:18  1 of 3 START sql table model ANALYTICS_analytics.core_materials ................ [RUN]
[2025-12-13T14:21:19.933+0000] {subprocess.py:93} INFO - [0m14:21:19  1 of 3 OK created sql table model ANALYTICS_analytics.core_materials ........... [[32mSUCCESS 1[0m in 1.62s]
[2025-12-13T14:21:19.947+0000] {subprocess.py:93} INFO - [0m14:21:19  2 of 3 START sql table model ANALYTICS_analytics.core_batches .................. [RUN]
[2025-12-13T14:21:19.951+0000] {subprocess.py:93} INFO - [0m14:21:19  3 of 3 START sql table model ANALYTICS_analytics.fct_production_orders ......... [RUN]
[2025-12-13T14:21:22.313+0000] {subprocess.py:93} INFO - [0m14:21:22  2 of 3 OK created sql table model ANALYTICS_analytics.core_batches ............. [[32mSUCCESS 1[0m in 2.36s]
[2025-12-13T14:21:22.410+0000] {subprocess.py:93} INFO - [0m14:21:22  3 of 3 OK created sql table model ANALYTICS_analytics.fct_production_orders .... [[32mSUCCESS 1[0m in 2.45s]
[2025-12-13T14:21:23.783+0000] {subprocess.py:93} INFO - [0m14:21:23
[2025-12-13T14:21:23.785+0000] {subprocess.py:93} INFO - [0m14:21:23  Finished running 3 table models in 0 hours 0 minutes and 7.80 seconds (7.80s).
[2025-12-13T14:21:23.878+0000] {subprocess.py:93} INFO - [0m14:21:23
[2025-12-13T14:21:23.880+0000] {subprocess.py:93} INFO - [0m14:21:23  [32mCompleted successfully[0m
[2025-12-13T14:21:23.881+0000] {subprocess.py:93} INFO - [0m14:21:23
[2025-12-13T14:21:23.883+0000] {subprocess.py:93} INFO - [0m14:21:23  Done. PASS=3 WARN=0 ERROR=0 SKIP=0 NO-OP=0 TOTAL=3
[2025-12-13T14:21:25.193+0000] {subprocess.py:97} INFO - Command exited with return code 0
[2025-12-13T14:21:25.194+0000] {taskinstance.py:441} INFO - ::group::Post task execution logs
[2025-12-13T14:21:25.231+0000] {taskinstance.py:1205} INFO - Marking task as SUCCESS. dag_id=mfg_dbt_transform_dag, task_id=dbt_run_core, execution_date=20251213T142000, start_date=20251213T142109, end_date=20251213T142125
[2025-12-13T14:21:25.290+0000] {local_task_job_runner.py:240} INFO - Task exited with return code 0
[2025-12-13T14:21:25.321+0000] {taskinstance.py:3482} INFO - 1 downstream tasks scheduled from follow-on schedule check
[2025-12-13T14:21:25.326+0000] {local_task_job_runner.py:222} INFO - ::endgroup::
