[2025-12-17T07:12:31.237+0000] {local_task_job_runner.py:120} INFO - ::group::Pre task execution logs
[2025-12-17T07:12:31.267+0000] {taskinstance.py:2073} INFO - Dependencies all met for dep_context=non-requeueable deps ti=<TaskInstance: mfg_dbt_transform_dag.dbt_run_marts scheduled__2025-12-16T04:15:00+00:00 [queued]>
[2025-12-17T07:12:31.276+0000] {taskinstance.py:2073} INFO - Dependencies all met for dep_context=requeueable deps ti=<TaskInstance: mfg_dbt_transform_dag.dbt_run_marts scheduled__2025-12-16T04:15:00+00:00 [queued]>
[2025-12-17T07:12:31.277+0000] {taskinstance.py:2303} INFO - Starting attempt 1 of 3
[2025-12-17T07:12:31.292+0000] {taskinstance.py:2327} INFO - Executing <Task(BashOperator): dbt_run_marts> on 2025-12-16 04:15:00+00:00
[2025-12-17T07:12:31.300+0000] {logging_mixin.py:188} WARNING - /home/***/.local/lib/python3.12/site-packages/***/task/task_runner/standard_task_runner.py:61 DeprecationWarning: This process (pid=2915) is multi-threaded, use of fork() may lead to deadlocks in the child.
[2025-12-17T07:12:31.302+0000] {standard_task_runner.py:63} INFO - Started process 2916 to run task
[2025-12-17T07:12:31.300+0000] {standard_task_runner.py:90} INFO - Running: ['***', 'tasks', 'run', 'mfg_dbt_transform_dag', 'dbt_run_marts', 'scheduled__2025-12-16T04:15:00+00:00', '--job-id', '36', '--raw', '--subdir', 'DAGS_FOLDER/mfg_dbt_transform_dag.py', '--cfg-path', '/tmp/tmp4ig_q4vv']
[2025-12-17T07:12:31.303+0000] {standard_task_runner.py:91} INFO - Job 36: Subtask dbt_run_marts
[2025-12-17T07:12:31.366+0000] {task_command.py:426} INFO - Running <TaskInstance: mfg_dbt_transform_dag.dbt_run_marts scheduled__2025-12-16T04:15:00+00:00 [running]> on host f349782282f8
[2025-12-17T07:12:31.460+0000] {taskinstance.py:2644} INFO - Exporting env vars: AIRFLOW_CTX_DAG_OWNER='data-engineering' AIRFLOW_CTX_DAG_ID='mfg_dbt_transform_dag' AIRFLOW_CTX_TASK_ID='dbt_run_marts' AIRFLOW_CTX_EXECUTION_DATE='2025-12-16T04:15:00+00:00' AIRFLOW_CTX_TRY_NUMBER='1' AIRFLOW_CTX_DAG_RUN_ID='scheduled__2025-12-16T04:15:00+00:00'
[2025-12-17T07:12:31.461+0000] {taskinstance.py:430} INFO - ::endgroup::
[2025-12-17T07:12:31.476+0000] {subprocess.py:63} INFO - Tmp dir root location: /tmp
[2025-12-17T07:12:31.477+0000] {subprocess.py:75} INFO - Running command: ['/usr/bin/bash', '-c', 'cd /opt/***/dbt_project && dbt run --select marts --profiles-dir /opt/***/dbt_profiles']
[2025-12-17T07:12:31.486+0000] {subprocess.py:86} INFO - Output:
[2025-12-17T07:12:33.804+0000] {subprocess.py:93} INFO - [0m07:12:33  Running with dbt=1.10.16
[2025-12-17T07:12:34.812+0000] {subprocess.py:93} INFO - [0m07:12:34  Registered adapter: snowflake=1.10.4
[2025-12-17T07:12:35.541+0000] {subprocess.py:93} INFO - [0m07:12:35  Found 8 models, 24 data tests, 3 sources, 504 macros
[2025-12-17T07:12:35.545+0000] {subprocess.py:93} INFO - [0m07:12:35
[2025-12-17T07:12:35.546+0000] {subprocess.py:93} INFO - [0m07:12:35  Concurrency: 4 threads (target='dev')
[2025-12-17T07:12:35.548+0000] {subprocess.py:93} INFO - [0m07:12:35
[2025-12-17T07:12:37.210+0000] {subprocess.py:93} INFO - [0m07:12:37  1 of 2 START sql table model ANALYTICS_analytics.mfg_ml_features_orders ........ [RUN]
[2025-12-17T07:12:37.212+0000] {subprocess.py:93} INFO - [0m07:12:37  2 of 2 START sql table model ANALYTICS_analytics.mfg_plant_daily_kpis .......... [RUN]
[2025-12-17T07:12:38.328+0000] {subprocess.py:93} INFO - [0m07:12:38  1 of 2 OK created sql table model ANALYTICS_analytics.mfg_ml_features_orders ... [[32mSUCCESS 1[0m in 1.11s]
[2025-12-17T07:12:39.051+0000] {subprocess.py:93} INFO - [0m07:12:39  2 of 2 OK created sql table model ANALYTICS_analytics.mfg_plant_daily_kpis ..... [[32mSUCCESS 1[0m in 1.83s]
[2025-12-17T07:12:39.970+0000] {subprocess.py:93} INFO - [0m07:12:39
[2025-12-17T07:12:39.972+0000] {subprocess.py:93} INFO - [0m07:12:39  Finished running 2 table models in 0 hours 0 minutes and 4.42 seconds (4.42s).
[2025-12-17T07:12:40.064+0000] {subprocess.py:93} INFO - [0m07:12:40
[2025-12-17T07:12:40.065+0000] {subprocess.py:93} INFO - [0m07:12:40  [32mCompleted successfully[0m
[2025-12-17T07:12:40.066+0000] {subprocess.py:93} INFO - [0m07:12:40
[2025-12-17T07:12:40.068+0000] {subprocess.py:93} INFO - [0m07:12:40  Done. PASS=2 WARN=0 ERROR=0 SKIP=0 NO-OP=0 TOTAL=2
[2025-12-17T07:12:42.031+0000] {subprocess.py:97} INFO - Command exited with return code 0
[2025-12-17T07:12:42.033+0000] {taskinstance.py:441} INFO - ::group::Post task execution logs
[2025-12-17T07:12:42.076+0000] {taskinstance.py:1205} INFO - Marking task as SUCCESS. dag_id=mfg_dbt_transform_dag, task_id=dbt_run_marts, execution_date=20251216T041500, start_date=20251217T071231, end_date=20251217T071242
[2025-12-17T07:12:42.142+0000] {local_task_job_runner.py:240} INFO - Task exited with return code 0
[2025-12-17T07:12:42.167+0000] {taskinstance.py:3482} INFO - 1 downstream tasks scheduled from follow-on schedule check
[2025-12-17T07:12:42.172+0000] {local_task_job_runner.py:222} INFO - ::endgroup::
