[2025-12-17T18:20:10.278+0000] {local_task_job_runner.py:120} INFO - ::group::Pre task execution logs
[2025-12-17T18:20:10.328+0000] {taskinstance.py:2073} INFO - Dependencies all met for dep_context=non-requeueable deps ti=<TaskInstance: mfg_data_quality_monitoring_dag.dq_check_raw_vs_transform_rowcounts manual__2025-12-17T18:20:07.844472+00:00 [queued]>
[2025-12-17T18:20:10.343+0000] {taskinstance.py:2073} INFO - Dependencies all met for dep_context=requeueable deps ti=<TaskInstance: mfg_data_quality_monitoring_dag.dq_check_raw_vs_transform_rowcounts manual__2025-12-17T18:20:07.844472+00:00 [queued]>
[2025-12-17T18:20:10.344+0000] {taskinstance.py:2303} INFO - Starting attempt 1 of 2
[2025-12-17T18:20:10.366+0000] {taskinstance.py:2327} INFO - Executing <Task(PythonOperator): dq_check_raw_vs_transform_rowcounts> on 2025-12-17 18:20:07.844472+00:00
[2025-12-17T18:20:10.378+0000] {logging_mixin.py:188} WARNING - /home/***/.local/lib/python3.12/site-packages/***/task/task_runner/standard_task_runner.py:61 DeprecationWarning: This process (pid=1927) is multi-threaded, use of fork() may lead to deadlocks in the child.
[2025-12-17T18:20:10.380+0000] {standard_task_runner.py:63} INFO - Started process 1936 to run task
[2025-12-17T18:20:10.377+0000] {standard_task_runner.py:90} INFO - Running: ['***', 'tasks', 'run', 'mfg_data_quality_monitoring_dag', 'dq_check_raw_vs_transform_rowcounts', 'manual__2025-12-17T18:20:07.844472+00:00', '--job-id', '38', '--raw', '--subdir', 'DAGS_FOLDER/mfg_data_quality_monitoring_dag.py', '--cfg-path', '/tmp/tmpaegjh_38']
[2025-12-17T18:20:10.383+0000] {standard_task_runner.py:91} INFO - Job 38: Subtask dq_check_raw_vs_transform_rowcounts
[2025-12-17T18:20:10.490+0000] {task_command.py:426} INFO - Running <TaskInstance: mfg_data_quality_monitoring_dag.dq_check_raw_vs_transform_rowcounts manual__2025-12-17T18:20:07.844472+00:00 [running]> on host 8717822a88d5
[2025-12-17T18:20:10.660+0000] {taskinstance.py:2644} INFO - Exporting env vars: AIRFLOW_CTX_DAG_OWNER='data-eng' AIRFLOW_CTX_DAG_ID='mfg_data_quality_monitoring_dag' AIRFLOW_CTX_TASK_ID='dq_check_raw_vs_transform_rowcounts' AIRFLOW_CTX_EXECUTION_DATE='2025-12-17T18:20:07.844472+00:00' AIRFLOW_CTX_TRY_NUMBER='1' AIRFLOW_CTX_DAG_RUN_ID='manual__2025-12-17T18:20:07.844472+00:00'
[2025-12-17T18:20:10.662+0000] {taskinstance.py:430} INFO - ::endgroup::
[2025-12-17T18:20:10.685+0000] {connection.py:414} INFO - Snowflake Connector for Python Version: 3.12.0, Python Version: 3.12.2, Platform: Linux-6.6.87.2-microsoft-standard-WSL2-x86_64-with-glibc2.36
[2025-12-17T18:20:10.687+0000] {connection.py:1187} INFO - Connecting to GLOBAL Snowflake domain
[2025-12-17T18:20:10.688+0000] {connection.py:1268} INFO - This connection is in OCSP Fail Open Mode. TLS Certificates would be checked for validity and revocation status. Any other Certificate Revocation related exceptions or OCSP Responder failures would be disregarded in favor of connectivity.
[2025-12-17T18:20:14.435+0000] {cursor.py:1156} INFO - Number of results in first chunk: 1
[2025-12-17T18:20:14.722+0000] {cursor.py:1156} INFO - Number of results in first chunk: 1
[2025-12-17T18:20:15.918+0000] {cursor.py:1156} INFO - Number of results in first chunk: 1
[2025-12-17T18:20:16.169+0000] {cursor.py:1156} INFO - Number of results in first chunk: 1
[2025-12-17T18:20:17.293+0000] {cursor.py:1156} INFO - Number of results in first chunk: 1
[2025-12-17T18:20:17.615+0000] {cursor.py:1156} INFO - Number of results in first chunk: 1
[2025-12-17T18:20:17.616+0000] {connection.py:779} INFO - closed
[2025-12-17T18:20:17.843+0000] {connection.py:785} INFO - No async queries seem to be running, deleting session
[2025-12-17T18:20:18.090+0000] {python.py:237} INFO - Done. Returned value was: [{'check_name': 'rowcount_reconcile_materials', 'severity': 'WARN', 'status': 'PASS', 'details': {'raw_table': 'MFG_ACCELERATOR.RAW.MATERIALS', 'transform_table': 'MFG_ACCELERATOR.CORE.CORE_MATERIALS', 'raw_count': 500, 'transform_count': 500, 'raw_schema': 'RAW', 'transform_schema': 'CORE'}}, {'check_name': 'rowcount_reconcile_batches', 'severity': 'WARN', 'status': 'PASS', 'details': {'raw_table': 'MFG_ACCELERATOR.RAW.BATCHES', 'transform_table': 'MFG_ACCELERATOR.CORE.CORE_BATCHES', 'raw_count': 10000, 'transform_count': 10000, 'raw_schema': 'RAW', 'transform_schema': 'CORE'}}, {'check_name': 'rowcount_reconcile_production_orders', 'severity': 'WARN', 'status': 'PASS', 'details': {'raw_table': 'MFG_ACCELERATOR.RAW.PRODUCTION_ORDERS', 'transform_table': 'MFG_ACCELERATOR.CORE.FCT_PRODUCTION_ORDERS', 'raw_count': 10000, 'transform_count': 10000, 'raw_schema': 'RAW', 'transform_schema': 'CORE'}}]
[2025-12-17T18:20:18.091+0000] {taskinstance.py:441} INFO - ::group::Post task execution logs
[2025-12-17T18:20:18.125+0000] {taskinstance.py:1205} INFO - Marking task as SUCCESS. dag_id=mfg_data_quality_monitoring_dag, task_id=dq_check_raw_vs_transform_rowcounts, execution_date=20251217T182007, start_date=20251217T182010, end_date=20251217T182018
[2025-12-17T18:20:18.164+0000] {local_task_job_runner.py:240} INFO - Task exited with return code 0
[2025-12-17T18:20:18.185+0000] {taskinstance.py:3482} INFO - 1 downstream tasks scheduled from follow-on schedule check
[2025-12-17T18:20:18.189+0000] {local_task_job_runner.py:222} INFO - ::endgroup::
