[2025-12-17T11:26:06.598+0000] {local_task_job_runner.py:120} INFO - ::group::Pre task execution logs
[2025-12-17T11:26:06.645+0000] {taskinstance.py:2073} INFO - Dependencies all met for dep_context=non-requeueable deps ti=<TaskInstance: mfg_dbt_transform_dag.dbt_run_marts manual__2025-12-17T11:24:28.032614+00:00 [queued]>
[2025-12-17T11:26:06.657+0000] {taskinstance.py:2073} INFO - Dependencies all met for dep_context=requeueable deps ti=<TaskInstance: mfg_dbt_transform_dag.dbt_run_marts manual__2025-12-17T11:24:28.032614+00:00 [queued]>
[2025-12-17T11:26:06.658+0000] {taskinstance.py:2303} INFO - Starting attempt 1 of 3
[2025-12-17T11:26:06.680+0000] {taskinstance.py:2327} INFO - Executing <Task(BashOperator): dbt_run_marts> on 2025-12-17 11:24:28.032614+00:00
[2025-12-17T11:26:06.691+0000] {standard_task_runner.py:90} INFO - Running: ['***', 'tasks', 'run', 'mfg_dbt_transform_dag', 'dbt_run_marts', 'manual__2025-12-17T11:24:28.032614+00:00', '--job-id', '21', '--raw', '--subdir', 'DAGS_FOLDER/mfg_dbt_transform_dag.py', '--cfg-path', '/tmp/tmpwxemjti2']
[2025-12-17T11:26:06.695+0000] {standard_task_runner.py:91} INFO - Job 21: Subtask dbt_run_marts
[2025-12-17T11:26:06.695+0000] {logging_mixin.py:188} WARNING - /home/***/.local/lib/python3.12/site-packages/***/task/task_runner/standard_task_runner.py:61 DeprecationWarning: This process (pid=2778) is multi-threaded, use of fork() may lead to deadlocks in the child.
[2025-12-17T11:26:06.696+0000] {standard_task_runner.py:63} INFO - Started process 2779 to run task
[2025-12-17T11:26:06.779+0000] {task_command.py:426} INFO - Running <TaskInstance: mfg_dbt_transform_dag.dbt_run_marts manual__2025-12-17T11:24:28.032614+00:00 [running]> on host ada33a2b5ec7
[2025-12-17T11:26:06.898+0000] {taskinstance.py:2644} INFO - Exporting env vars: AIRFLOW_CTX_DAG_OWNER='data-eng' AIRFLOW_CTX_DAG_ID='mfg_dbt_transform_dag' AIRFLOW_CTX_TASK_ID='dbt_run_marts' AIRFLOW_CTX_EXECUTION_DATE='2025-12-17T11:24:28.032614+00:00' AIRFLOW_CTX_TRY_NUMBER='1' AIRFLOW_CTX_DAG_RUN_ID='manual__2025-12-17T11:24:28.032614+00:00'
[2025-12-17T11:26:06.899+0000] {taskinstance.py:430} INFO - ::endgroup::
[2025-12-17T11:26:06.915+0000] {subprocess.py:63} INFO - Tmp dir root location: /tmp
[2025-12-17T11:26:06.917+0000] {subprocess.py:75} INFO - Running command: ['/usr/bin/bash', '-c', 'cd /opt/***/dbt_project && dbt run --select marts --profiles-dir /opt/***/dbt_profiles']
[2025-12-17T11:26:06.926+0000] {subprocess.py:86} INFO - Output:
[2025-12-17T11:26:09.215+0000] {subprocess.py:93} INFO - [0m11:26:09  Running with dbt=1.8.4
[2025-12-17T11:26:10.235+0000] {subprocess.py:93} INFO - [0m11:26:10  Registered adapter: snowflake=1.8.4
[2025-12-17T11:26:11.049+0000] {subprocess.py:93} INFO - [0m11:26:11  Found 8 models, 24 data tests, 3 sources, 459 macros
[2025-12-17T11:26:11.057+0000] {subprocess.py:93} INFO - [0m11:26:11
[2025-12-17T11:26:14.825+0000] {subprocess.py:93} INFO - [0m11:26:14  Concurrency: 4 threads (target='dev')
[2025-12-17T11:26:14.826+0000] {subprocess.py:93} INFO - [0m11:26:14
[2025-12-17T11:26:14.840+0000] {subprocess.py:93} INFO - [0m11:26:14  1 of 2 START sql table model STAGING_analytics.mfg_ml_features_orders .......... [RUN]
[2025-12-17T11:26:14.841+0000] {subprocess.py:93} INFO - [0m11:26:14  2 of 2 START sql table model STAGING_analytics.mfg_plant_daily_kpis ............ [RUN]
[2025-12-17T11:26:17.536+0000] {subprocess.py:93} INFO - [0m11:26:17  1 of 2 OK created sql table model STAGING_analytics.mfg_ml_features_orders ..... [[32mSUCCESS 1[0m in 2.69s]
[2025-12-17T11:26:17.672+0000] {subprocess.py:93} INFO - [0m11:26:17  2 of 2 OK created sql table model STAGING_analytics.mfg_plant_daily_kpis ....... [[32mSUCCESS 1[0m in 2.82s]
[2025-12-17T11:26:17.683+0000] {subprocess.py:93} INFO - [0m11:26:17
[2025-12-17T11:26:17.685+0000] {subprocess.py:93} INFO - [0m11:26:17  Finished running 2 table models in 0 hours 0 minutes and 6.62 seconds (6.62s).
[2025-12-17T11:26:17.862+0000] {subprocess.py:93} INFO - [0m11:26:17
[2025-12-17T11:26:17.864+0000] {subprocess.py:93} INFO - [0m11:26:17  [32mCompleted successfully[0m
[2025-12-17T11:26:17.865+0000] {subprocess.py:93} INFO - [0m11:26:17
[2025-12-17T11:26:17.867+0000] {subprocess.py:93} INFO - [0m11:26:17  Done. PASS=2 WARN=0 ERROR=0 SKIP=0 TOTAL=2
[2025-12-17T11:26:18.911+0000] {subprocess.py:97} INFO - Command exited with return code 0
[2025-12-17T11:26:18.912+0000] {taskinstance.py:441} INFO - ::group::Post task execution logs
[2025-12-17T11:26:18.949+0000] {taskinstance.py:1205} INFO - Marking task as SUCCESS. dag_id=mfg_dbt_transform_dag, task_id=dbt_run_marts, execution_date=20251217T112428, start_date=20251217T112606, end_date=20251217T112618
[2025-12-17T11:26:19.007+0000] {local_task_job_runner.py:240} INFO - Task exited with return code 0
[2025-12-17T11:26:19.029+0000] {taskinstance.py:3482} INFO - 1 downstream tasks scheduled from follow-on schedule check
[2025-12-17T11:26:19.034+0000] {local_task_job_runner.py:222} INFO - ::endgroup::
