[2025-12-12T23:08:33.577+0000] {local_task_job_runner.py:120} INFO - ::group::Pre task execution logs
[2025-12-12T23:08:33.614+0000] {taskinstance.py:2073} INFO - Dependencies all met for dep_context=non-requeueable deps ti=<TaskInstance: mfg_raw_ingestion_dag.dbt_run_all scheduled__2025-12-11T04:00:00+00:00 [queued]>
[2025-12-12T23:08:33.623+0000] {taskinstance.py:2073} INFO - Dependencies all met for dep_context=requeueable deps ti=<TaskInstance: mfg_raw_ingestion_dag.dbt_run_all scheduled__2025-12-11T04:00:00+00:00 [queued]>
[2025-12-12T23:08:33.624+0000] {taskinstance.py:2303} INFO - Starting attempt 1 of 3
[2025-12-12T23:08:33.642+0000] {taskinstance.py:2327} INFO - Executing <Task(BashOperator): dbt_run_all> on 2025-12-11 04:00:00+00:00
[2025-12-12T23:08:33.650+0000] {standard_task_runner.py:90} INFO - Running: ['***', 'tasks', 'run', 'mfg_raw_ingestion_dag', 'dbt_run_all', 'scheduled__2025-12-11T04:00:00+00:00', '--job-id', '3', '--raw', '--subdir', 'DAGS_FOLDER/mfg_raw_ingestion_dag.py', '--cfg-path', '/tmp/tmpw389zrwd']
[2025-12-12T23:08:33.654+0000] {standard_task_runner.py:91} INFO - Job 3: Subtask dbt_run_all
[2025-12-12T23:08:33.655+0000] {logging_mixin.py:188} WARNING - /home/***/.local/lib/python3.12/site-packages/***/task/task_runner/standard_task_runner.py:61 DeprecationWarning: This process (pid=406) is multi-threaded, use of fork() may lead to deadlocks in the child.
[2025-12-12T23:08:33.656+0000] {standard_task_runner.py:63} INFO - Started process 407 to run task
[2025-12-12T23:08:33.710+0000] {task_command.py:426} INFO - Running <TaskInstance: mfg_raw_ingestion_dag.dbt_run_all scheduled__2025-12-11T04:00:00+00:00 [running]> on host 1159f6c9764f
[2025-12-12T23:08:33.800+0000] {taskinstance.py:2644} INFO - Exporting env vars: AIRFLOW_CTX_DAG_OWNER='data-engineering' AIRFLOW_CTX_DAG_ID='mfg_raw_ingestion_dag' AIRFLOW_CTX_TASK_ID='dbt_run_all' AIRFLOW_CTX_EXECUTION_DATE='2025-12-11T04:00:00+00:00' AIRFLOW_CTX_TRY_NUMBER='1' AIRFLOW_CTX_DAG_RUN_ID='scheduled__2025-12-11T04:00:00+00:00'
[2025-12-12T23:08:33.801+0000] {taskinstance.py:430} INFO - ::endgroup::
[2025-12-12T23:08:33.821+0000] {subprocess.py:63} INFO - Tmp dir root location: /tmp
[2025-12-12T23:08:33.823+0000] {subprocess.py:75} INFO - Running command: ['/usr/bin/bash', '-c', 'cd /opt/***/dbt_project && dbt run --profiles-dir /opt/***/dbt_profiles']
[2025-12-12T23:08:33.833+0000] {subprocess.py:86} INFO - Output:
[2025-12-12T23:08:37.056+0000] {subprocess.py:93} INFO - [0m23:08:37  Running with dbt=1.10.15
[2025-12-12T23:08:38.293+0000] {subprocess.py:93} INFO - [0m23:08:38  Registered adapter: snowflake=1.10.4
[2025-12-12T23:08:38.957+0000] {subprocess.py:93} INFO - [0m23:08:38  Found 8 models, 24 data tests, 3 sources, 504 macros
[2025-12-12T23:08:38.961+0000] {subprocess.py:93} INFO - [0m23:08:38
[2025-12-12T23:08:38.963+0000] {subprocess.py:93} INFO - [0m23:08:38  Concurrency: 4 threads (target='dev')
[2025-12-12T23:08:38.964+0000] {subprocess.py:93} INFO - [0m23:08:38
[2025-12-12T23:08:41.999+0000] {subprocess.py:93} INFO - [0m23:08:41  1 of 8 START sql view model ANALYTICS_analytics.stg_batches .................... [RUN]
[2025-12-12T23:08:42.001+0000] {subprocess.py:93} INFO - [0m23:08:42  2 of 8 START sql view model ANALYTICS_analytics.stg_materials .................. [RUN]
[2025-12-12T23:08:42.003+0000] {subprocess.py:93} INFO - [0m23:08:42  3 of 8 START sql view model ANALYTICS_analytics.stg_production_orders .......... [RUN]
[2025-12-12T23:08:42.651+0000] {subprocess.py:93} INFO - [0m23:08:42  1 of 8 OK created sql view model ANALYTICS_analytics.stg_batches ............... [[32mSUCCESS 1[0m in 0.64s]
[2025-12-12T23:08:43.960+0000] {subprocess.py:93} INFO - [0m23:08:43  3 of 8 OK created sql view model ANALYTICS_analytics.stg_production_orders ..... [[32mSUCCESS 1[0m in 1.95s]
[2025-12-12T23:08:45.855+0000] {subprocess.py:93} INFO - [0m23:08:45  2 of 8 OK created sql view model ANALYTICS_analytics.stg_materials ............. [[32mSUCCESS 1[0m in 3.85s]
[2025-12-12T23:08:45.860+0000] {subprocess.py:93} INFO - [0m23:08:45  4 of 8 START sql table model ANALYTICS_analytics.core_materials ................ [RUN]
[2025-12-12T23:08:48.655+0000] {subprocess.py:93} INFO - [0m23:08:48  4 of 8 OK created sql table model ANALYTICS_analytics.core_materials ........... [[32mSUCCESS 1[0m in 2.79s]
[2025-12-12T23:08:48.660+0000] {subprocess.py:93} INFO - [0m23:08:48  5 of 8 START sql table model ANALYTICS_analytics.core_batches .................. [RUN]
[2025-12-12T23:08:48.662+0000] {subprocess.py:93} INFO - [0m23:08:48  6 of 8 START sql table model ANALYTICS_analytics.fct_production_orders ......... [RUN]
[2025-12-12T23:08:50.107+0000] {subprocess.py:93} INFO - [0m23:08:50  5 of 8 OK created sql table model ANALYTICS_analytics.core_batches ............. [[32mSUCCESS 1[0m in 1.44s]
[2025-12-12T23:08:50.176+0000] {subprocess.py:93} INFO - [0m23:08:50  6 of 8 OK created sql table model ANALYTICS_analytics.fct_production_orders .... [[32mSUCCESS 1[0m in 1.51s]
[2025-12-12T23:08:50.182+0000] {subprocess.py:93} INFO - [0m23:08:50  7 of 8 START sql table model ANALYTICS_analytics.mfg_ml_features_orders ........ [RUN]
[2025-12-12T23:08:50.184+0000] {subprocess.py:93} INFO - [0m23:08:50  8 of 8 START sql table model ANALYTICS_analytics.mfg_plant_daily_kpis .......... [RUN]
[2025-12-12T23:08:51.374+0000] {subprocess.py:93} INFO - [0m23:08:51  8 of 8 OK created sql table model ANALYTICS_analytics.mfg_plant_daily_kpis ..... [[32mSUCCESS 1[0m in 1.18s]
[2025-12-12T23:08:51.376+0000] {subprocess.py:93} INFO - [0m23:08:51  7 of 8 OK created sql table model ANALYTICS_analytics.mfg_ml_features_orders ... [[32mSUCCESS 1[0m in 1.19s]
[2025-12-12T23:08:53.399+0000] {subprocess.py:93} INFO - [0m23:08:53
[2025-12-12T23:08:53.401+0000] {subprocess.py:93} INFO - [0m23:08:53  Finished running 5 table models, 3 view models in 0 hours 0 minutes and 14.43 seconds (14.43s).
[2025-12-12T23:08:53.495+0000] {subprocess.py:93} INFO - [0m23:08:53
[2025-12-12T23:08:53.496+0000] {subprocess.py:93} INFO - [0m23:08:53  [32mCompleted successfully[0m
[2025-12-12T23:08:53.497+0000] {subprocess.py:93} INFO - [0m23:08:53
[2025-12-12T23:08:53.498+0000] {subprocess.py:93} INFO - [0m23:08:53  Done. PASS=8 WARN=0 ERROR=0 SKIP=0 NO-OP=0 TOTAL=8
[2025-12-12T23:08:54.647+0000] {subprocess.py:97} INFO - Command exited with return code 0
[2025-12-12T23:08:54.648+0000] {taskinstance.py:441} INFO - ::group::Post task execution logs
[2025-12-12T23:08:54.676+0000] {taskinstance.py:1205} INFO - Marking task as SUCCESS. dag_id=mfg_raw_ingestion_dag, task_id=dbt_run_all, execution_date=20251211T040000, start_date=20251212T230833, end_date=20251212T230854
[2025-12-12T23:08:54.737+0000] {local_task_job_runner.py:240} INFO - Task exited with return code 0
[2025-12-12T23:08:54.760+0000] {taskinstance.py:3482} INFO - 1 downstream tasks scheduled from follow-on schedule check
[2025-12-12T23:08:54.765+0000] {local_task_job_runner.py:222} INFO - ::endgroup::
