[2025-12-17T13:06:28.459+0000] {local_task_job_runner.py:120} INFO - ::group::Pre task execution logs
[2025-12-17T13:06:28.495+0000] {taskinstance.py:2073} INFO - Dependencies all met for dep_context=non-requeueable deps ti=<TaskInstance: mfg_dbt_transform_dag.dbt_run_marts manual__2025-12-17T13:04:46.429303+00:00 [queued]>
[2025-12-17T13:06:28.507+0000] {taskinstance.py:2073} INFO - Dependencies all met for dep_context=requeueable deps ti=<TaskInstance: mfg_dbt_transform_dag.dbt_run_marts manual__2025-12-17T13:04:46.429303+00:00 [queued]>
[2025-12-17T13:06:28.508+0000] {taskinstance.py:2303} INFO - Starting attempt 1 of 3
[2025-12-17T13:06:28.526+0000] {taskinstance.py:2327} INFO - Executing <Task(BashOperator): dbt_run_marts> on 2025-12-17 13:04:46.429303+00:00
[2025-12-17T13:06:28.536+0000] {standard_task_runner.py:90} INFO - Running: ['***', 'tasks', 'run', 'mfg_dbt_transform_dag', 'dbt_run_marts', 'manual__2025-12-17T13:04:46.429303+00:00', '--job-id', '17', '--raw', '--subdir', 'DAGS_FOLDER/mfg_dbt_transform_dag.py', '--cfg-path', '/tmp/tmpzjgc_u6f']
[2025-12-17T13:06:28.540+0000] {standard_task_runner.py:91} INFO - Job 17: Subtask dbt_run_marts
[2025-12-17T13:06:28.540+0000] {logging_mixin.py:188} WARNING - /home/***/.local/lib/python3.12/site-packages/***/task/task_runner/standard_task_runner.py:61 DeprecationWarning: This process (pid=971) is multi-threaded, use of fork() may lead to deadlocks in the child.
[2025-12-17T13:06:28.541+0000] {standard_task_runner.py:63} INFO - Started process 972 to run task
[2025-12-17T13:06:28.613+0000] {task_command.py:426} INFO - Running <TaskInstance: mfg_dbt_transform_dag.dbt_run_marts manual__2025-12-17T13:04:46.429303+00:00 [running]> on host 84fc30c39b31
[2025-12-17T13:06:28.722+0000] {taskinstance.py:2644} INFO - Exporting env vars: AIRFLOW_CTX_DAG_OWNER='data-eng' AIRFLOW_CTX_DAG_ID='mfg_dbt_transform_dag' AIRFLOW_CTX_TASK_ID='dbt_run_marts' AIRFLOW_CTX_EXECUTION_DATE='2025-12-17T13:04:46.429303+00:00' AIRFLOW_CTX_TRY_NUMBER='1' AIRFLOW_CTX_DAG_RUN_ID='manual__2025-12-17T13:04:46.429303+00:00'
[2025-12-17T13:06:28.723+0000] {taskinstance.py:430} INFO - ::endgroup::
[2025-12-17T13:06:28.745+0000] {subprocess.py:63} INFO - Tmp dir root location: /tmp
[2025-12-17T13:06:28.747+0000] {subprocess.py:75} INFO - Running command: ['/usr/bin/bash', '-c', 'cd /opt/***/dbt_project && dbt run --select marts --profiles-dir /opt/***/dbt_profiles']
[2025-12-17T13:06:28.756+0000] {subprocess.py:86} INFO - Output:
[2025-12-17T13:06:31.116+0000] {subprocess.py:93} INFO - [0m13:06:31  Running with dbt=1.8.4
[2025-12-17T13:06:32.344+0000] {subprocess.py:93} INFO - [0m13:06:32  Registered adapter: snowflake=1.8.4
[2025-12-17T13:06:33.040+0000] {subprocess.py:93} INFO - [0m13:06:33  Found 8 models, 24 data tests, 3 sources, 459 macros
[2025-12-17T13:06:33.045+0000] {subprocess.py:93} INFO - [0m13:06:33
[2025-12-17T13:06:36.857+0000] {subprocess.py:93} INFO - [0m13:06:36  Concurrency: 4 threads (target='dev')
[2025-12-17T13:06:36.859+0000] {subprocess.py:93} INFO - [0m13:06:36
[2025-12-17T13:06:36.874+0000] {subprocess.py:93} INFO - [0m13:06:36  1 of 2 START sql table model DBT_MARTS.mfg_ml_features_orders .................. [RUN]
[2025-12-17T13:06:36.876+0000] {subprocess.py:93} INFO - [0m13:06:36  2 of 2 START sql table model DBT_MARTS.mfg_plant_daily_kpis .................... [RUN]
[2025-12-17T13:06:39.882+0000] {subprocess.py:93} INFO - [0m13:06:39  2 of 2 OK created sql table model DBT_MARTS.mfg_plant_daily_kpis ............... [[32mSUCCESS 1[0m in 3.00s]
[2025-12-17T13:06:40.202+0000] {subprocess.py:93} INFO - [0m13:06:40  1 of 2 OK created sql table model DBT_MARTS.mfg_ml_features_orders ............. [[32mSUCCESS 1[0m in 3.32s]
[2025-12-17T13:06:40.213+0000] {subprocess.py:93} INFO - [0m13:06:40
[2025-12-17T13:06:40.215+0000] {subprocess.py:93} INFO - [0m13:06:40  Finished running 2 table models in 0 hours 0 minutes and 7.17 seconds (7.17s).
[2025-12-17T13:06:40.291+0000] {subprocess.py:93} INFO - [0m13:06:40
[2025-12-17T13:06:40.292+0000] {subprocess.py:93} INFO - [0m13:06:40  [32mCompleted successfully[0m
[2025-12-17T13:06:40.293+0000] {subprocess.py:93} INFO - [0m13:06:40
[2025-12-17T13:06:40.294+0000] {subprocess.py:93} INFO - [0m13:06:40  Done. PASS=2 WARN=0 ERROR=0 SKIP=0 TOTAL=2
[2025-12-17T13:06:41.249+0000] {subprocess.py:97} INFO - Command exited with return code 0
[2025-12-17T13:06:41.250+0000] {taskinstance.py:441} INFO - ::group::Post task execution logs
[2025-12-17T13:06:41.291+0000] {taskinstance.py:1205} INFO - Marking task as SUCCESS. dag_id=mfg_dbt_transform_dag, task_id=dbt_run_marts, execution_date=20251217T130446, start_date=20251217T130628, end_date=20251217T130641
[2025-12-17T13:06:41.324+0000] {local_task_job_runner.py:240} INFO - Task exited with return code 0
[2025-12-17T13:06:41.369+0000] {taskinstance.py:3482} INFO - 1 downstream tasks scheduled from follow-on schedule check
[2025-12-17T13:06:41.374+0000] {local_task_job_runner.py:222} INFO - ::endgroup::
