[2025-12-11T12:15:52.744+0000] {local_task_job_runner.py:120} INFO - ::group::Pre task execution logs
[2025-12-11T12:15:52.805+0000] {taskinstance.py:2073} INFO - Dependencies all met for dep_context=non-requeueable deps ti=<TaskInstance: mfg_accelerator_pipeline.ingest_raw_to_snowflake manual__2025-12-11T12:15:51.808417+00:00 [queued]>
[2025-12-11T12:15:52.818+0000] {taskinstance.py:2073} INFO - Dependencies all met for dep_context=requeueable deps ti=<TaskInstance: mfg_accelerator_pipeline.ingest_raw_to_snowflake manual__2025-12-11T12:15:51.808417+00:00 [queued]>
[2025-12-11T12:15:52.819+0000] {taskinstance.py:2303} INFO - Starting attempt 1 of 2
[2025-12-11T12:15:52.842+0000] {taskinstance.py:2327} INFO - Executing <Task(BashOperator): ingest_raw_to_snowflake> on 2025-12-11 12:15:51.808417+00:00
[2025-12-11T12:15:52.853+0000] {standard_task_runner.py:90} INFO - Running: ['***', 'tasks', 'run', 'mfg_accelerator_pipeline', 'ingest_raw_to_snowflake', 'manual__2025-12-11T12:15:51.808417+00:00', '--job-id', '2', '--raw', '--subdir', 'DAGS_FOLDER/mfg_pipeline.py', '--cfg-path', '/tmp/tmp1rh00m79']
[2025-12-11T12:15:52.857+0000] {standard_task_runner.py:91} INFO - Job 2: Subtask ingest_raw_to_snowflake
[2025-12-11T12:15:52.857+0000] {logging_mixin.py:188} WARNING - /home/***/.local/lib/python3.12/site-packages/***/task/task_runner/standard_task_runner.py:61 DeprecationWarning: This process (pid=191) is multi-threaded, use of fork() may lead to deadlocks in the child.
[2025-12-11T12:15:52.858+0000] {standard_task_runner.py:63} INFO - Started process 192 to run task
[2025-12-11T12:15:52.923+0000] {task_command.py:426} INFO - Running <TaskInstance: mfg_accelerator_pipeline.ingest_raw_to_snowflake manual__2025-12-11T12:15:51.808417+00:00 [running]> on host 9c94e01a42d4
[2025-12-11T12:15:53.027+0000] {taskinstance.py:2644} INFO - Exporting env vars: AIRFLOW_CTX_DAG_OWNER='data_engineer' AIRFLOW_CTX_DAG_ID='mfg_accelerator_pipeline' AIRFLOW_CTX_TASK_ID='ingest_raw_to_snowflake' AIRFLOW_CTX_EXECUTION_DATE='2025-12-11T12:15:51.808417+00:00' AIRFLOW_CTX_TRY_NUMBER='1' AIRFLOW_CTX_DAG_RUN_ID='manual__2025-12-11T12:15:51.808417+00:00'
[2025-12-11T12:15:53.028+0000] {taskinstance.py:430} INFO - ::endgroup::
[2025-12-11T12:15:53.073+0000] {subprocess.py:63} INFO - Tmp dir root location: /tmp
[2025-12-11T12:15:53.074+0000] {subprocess.py:75} INFO - Running command: ['/usr/bin/bash', '-c', 'python /opt/***/ingestion/python/load_raw_to_snowflake.py']
[2025-12-11T12:15:53.083+0000] {subprocess.py:86} INFO - Output:
[2025-12-11T12:16:16.531+0000] {subprocess.py:93} INFO - [INFO] Looking for .env at: /opt/***/.env
[2025-12-11T12:16:16.537+0000] {subprocess.py:93} INFO - [INFO] Environment variables loaded from /opt/***/.env
[2025-12-11T12:16:16.537+0000] {subprocess.py:93} INFO - [DEBUG] SNOWFLAKE_ACCOUNT present? YES
[2025-12-11T12:16:16.538+0000] {subprocess.py:93} INFO - [DEBUG] SNOWFLAKE_USER present? YES
[2025-12-11T12:16:16.539+0000] {subprocess.py:93} INFO - [DEBUG] SNOWFLAKE_PASSWORD present? YES
[2025-12-11T12:16:16.540+0000] {subprocess.py:93} INFO - [DEBUG] SNOWFLAKE_ROLE present? YES
[2025-12-11T12:16:16.541+0000] {subprocess.py:93} INFO - [DEBUG] SNOWFLAKE_WAREHOUSE present? YES
[2025-12-11T12:16:16.541+0000] {subprocess.py:93} INFO - [DEBUG] SNOWFLAKE_DATABASE present? YES
[2025-12-11T12:16:16.542+0000] {subprocess.py:93} INFO - [DEBUG] SNOWFLAKE_SCHEMA present? YES
[2025-12-11T12:16:16.542+0000] {subprocess.py:93} INFO - [INFO] Connecting to Snowflake...
[2025-12-11T12:16:16.543+0000] {subprocess.py:93} INFO - [OK] Connected to Snowflake
[2025-12-11T12:16:16.544+0000] {subprocess.py:93} INFO - [INFO] Ensuring table RAW.MATERIALS exists...
[2025-12-11T12:16:16.544+0000] {subprocess.py:93} INFO - [OK] Table RAW.MATERIALS is ready
[2025-12-11T12:16:16.545+0000] {subprocess.py:93} INFO - [INFO] Ensuring table RAW.BATCHES exists...
[2025-12-11T12:16:16.545+0000] {subprocess.py:93} INFO - [OK] Table RAW.BATCHES is ready
[2025-12-11T12:16:16.546+0000] {subprocess.py:93} INFO - [INFO] Ensuring table RAW.PRODUCTION_ORDERS exists...
[2025-12-11T12:16:16.546+0000] {subprocess.py:93} INFO - [OK] Table RAW.PRODUCTION_ORDERS is ready
[2025-12-11T12:16:16.547+0000] {subprocess.py:93} INFO - [INFO] Using data folder: /opt/***/data/raw/source_system
[2025-12-11T12:16:16.547+0000] {subprocess.py:93} INFO - [INFO] Reading CSV: /opt/***/data/raw/source_system/materials.csv
[2025-12-11T12:16:16.548+0000] {subprocess.py:93} INFO - [OK] Loaded 500 rows from /opt/***/data/raw/source_system/materials.csv
[2025-12-11T12:16:16.548+0000] {subprocess.py:93} INFO - [INFO] Reading CSV: /opt/***/data/raw/source_system/batches.csv
[2025-12-11T12:16:16.549+0000] {subprocess.py:93} INFO - [OK] Loaded 10,000 rows from /opt/***/data/raw/source_system/batches.csv
[2025-12-11T12:16:16.549+0000] {subprocess.py:93} INFO - [INFO] Reading CSV: /opt/***/data/raw/source_system/production_orders.csv
[2025-12-11T12:16:16.549+0000] {subprocess.py:93} INFO - [OK] Loaded 10,000 rows from /opt/***/data/raw/source_system/production_orders.csv
[2025-12-11T12:16:16.550+0000] {subprocess.py:93} INFO - [INFO] Loading DataFrame into table MATERIALS...
[2025-12-11T12:16:16.550+0000] {subprocess.py:93} INFO - [OK] Loaded 500 rows into MATERIALS in 1 chunk(s)
[2025-12-11T12:16:16.551+0000] {subprocess.py:93} INFO - [INFO] Loading DataFrame into table BATCHES...
[2025-12-11T12:16:16.551+0000] {subprocess.py:93} INFO - [OK] Loaded 10,000 rows into BATCHES in 1 chunk(s)
[2025-12-11T12:16:16.552+0000] {subprocess.py:93} INFO - [INFO] Loading DataFrame into table PRODUCTION_ORDERS...
[2025-12-11T12:16:16.552+0000] {subprocess.py:93} INFO - [OK] Loaded 10,000 rows into PRODUCTION_ORDERS in 1 chunk(s)
[2025-12-11T12:16:16.552+0000] {subprocess.py:93} INFO - [DONE] All RAW tables loaded successfully.
[2025-12-11T12:16:16.553+0000] {subprocess.py:93} INFO - [INFO] Closing Snowflake cursor and connection...
[2025-12-11T12:16:16.553+0000] {subprocess.py:93} INFO - [OK] Connection closed
[2025-12-11T12:16:16.696+0000] {subprocess.py:97} INFO - Command exited with return code 0
[2025-12-11T12:16:16.698+0000] {taskinstance.py:441} INFO - ::group::Post task execution logs
[2025-12-11T12:16:16.724+0000] {taskinstance.py:1205} INFO - Marking task as SUCCESS. dag_id=mfg_accelerator_pipeline, task_id=ingest_raw_to_snowflake, execution_date=20251211T121551, start_date=20251211T121552, end_date=20251211T121616
[2025-12-11T12:16:16.771+0000] {local_task_job_runner.py:240} INFO - Task exited with return code 0
[2025-12-11T12:16:16.792+0000] {taskinstance.py:3482} INFO - 1 downstream tasks scheduled from follow-on schedule check
[2025-12-11T12:16:16.796+0000] {local_task_job_runner.py:222} INFO - ::endgroup::
