[2025-12-11T13:59:13.913+0000] {local_task_job_runner.py:120} INFO - ::group::Pre task execution logs
[2025-12-11T13:59:13.954+0000] {taskinstance.py:2073} INFO - Dependencies all met for dep_context=non-requeueable deps ti=<TaskInstance: mfg_accelerator_pipeline.ingest_raw_to_snowflake manual__2025-12-11T13:54:06.461193+00:00 [queued]>
[2025-12-11T13:59:13.962+0000] {taskinstance.py:2073} INFO - Dependencies all met for dep_context=requeueable deps ti=<TaskInstance: mfg_accelerator_pipeline.ingest_raw_to_snowflake manual__2025-12-11T13:54:06.461193+00:00 [queued]>
[2025-12-11T13:59:13.963+0000] {taskinstance.py:2303} INFO - Starting attempt 2 of 2
[2025-12-11T13:59:13.980+0000] {taskinstance.py:2327} INFO - Executing <Task(BashOperator): ingest_raw_to_snowflake> on 2025-12-11 13:54:06.461193+00:00
[2025-12-11T13:59:13.988+0000] {standard_task_runner.py:90} INFO - Running: ['***', 'tasks', 'run', 'mfg_accelerator_pipeline', 'ingest_raw_to_snowflake', 'manual__2025-12-11T13:54:06.461193+00:00', '--job-id', '7', '--raw', '--subdir', 'DAGS_FOLDER/mfg_pipeline.py', '--cfg-path', '/tmp/tmppvo945f1']
[2025-12-11T13:59:13.992+0000] {standard_task_runner.py:91} INFO - Job 7: Subtask ingest_raw_to_snowflake
[2025-12-11T13:59:13.993+0000] {logging_mixin.py:188} WARNING - /home/***/.local/lib/python3.12/site-packages/***/task/task_runner/standard_task_runner.py:61 DeprecationWarning: This process (pid=984) is multi-threaded, use of fork() may lead to deadlocks in the child.
[2025-12-11T13:59:13.994+0000] {standard_task_runner.py:63} INFO - Started process 985 to run task
[2025-12-11T13:59:14.055+0000] {task_command.py:426} INFO - Running <TaskInstance: mfg_accelerator_pipeline.ingest_raw_to_snowflake manual__2025-12-11T13:54:06.461193+00:00 [running]> on host 7258e9d71bed
[2025-12-11T13:59:14.155+0000] {taskinstance.py:2644} INFO - Exporting env vars: AIRFLOW_CTX_DAG_OWNER='data_engineer' AIRFLOW_CTX_DAG_ID='mfg_accelerator_pipeline' AIRFLOW_CTX_TASK_ID='ingest_raw_to_snowflake' AIRFLOW_CTX_EXECUTION_DATE='2025-12-11T13:54:06.461193+00:00' AIRFLOW_CTX_TRY_NUMBER='2' AIRFLOW_CTX_DAG_RUN_ID='manual__2025-12-11T13:54:06.461193+00:00'
[2025-12-11T13:59:14.156+0000] {taskinstance.py:430} INFO - ::endgroup::
[2025-12-11T13:59:14.176+0000] {subprocess.py:63} INFO - Tmp dir root location: /tmp
[2025-12-11T13:59:14.177+0000] {subprocess.py:75} INFO - Running command: ['/usr/bin/bash', '-c', 'python /opt/***/ingestion/python/load_raw_to_snowflake.py']
[2025-12-11T13:59:14.189+0000] {subprocess.py:86} INFO - Output:
[2025-12-11T13:59:30.666+0000] {subprocess.py:93} INFO - [INFO] Looking for .env at: /opt/***/.env
[2025-12-11T13:59:30.668+0000] {subprocess.py:93} INFO - [INFO] Environment variables loaded from /opt/***/.env
[2025-12-11T13:59:30.669+0000] {subprocess.py:93} INFO - [DEBUG] SNOWFLAKE_ACCOUNT present? YES
[2025-12-11T13:59:30.669+0000] {subprocess.py:93} INFO - [DEBUG] SNOWFLAKE_USER present? YES
[2025-12-11T13:59:30.670+0000] {subprocess.py:93} INFO - [DEBUG] SNOWFLAKE_PASSWORD present? YES
[2025-12-11T13:59:30.671+0000] {subprocess.py:93} INFO - [DEBUG] SNOWFLAKE_ROLE present? YES
[2025-12-11T13:59:30.672+0000] {subprocess.py:93} INFO - [DEBUG] SNOWFLAKE_WAREHOUSE present? YES
[2025-12-11T13:59:30.672+0000] {subprocess.py:93} INFO - [DEBUG] SNOWFLAKE_DATABASE present? YES
[2025-12-11T13:59:30.673+0000] {subprocess.py:93} INFO - [DEBUG] SNOWFLAKE_SCHEMA present? YES
[2025-12-11T13:59:30.674+0000] {subprocess.py:93} INFO - [INFO] Connecting to Snowflake...
[2025-12-11T13:59:30.674+0000] {subprocess.py:93} INFO - [OK] Connected to Snowflake
[2025-12-11T13:59:30.675+0000] {subprocess.py:93} INFO - [INFO] Ensuring table RAW.MATERIALS exists...
[2025-12-11T13:59:30.676+0000] {subprocess.py:93} INFO - [OK] Table RAW.MATERIALS is ready
[2025-12-11T13:59:30.676+0000] {subprocess.py:93} INFO - [INFO] Ensuring table RAW.BATCHES exists...
[2025-12-11T13:59:30.677+0000] {subprocess.py:93} INFO - [OK] Table RAW.BATCHES is ready
[2025-12-11T13:59:30.677+0000] {subprocess.py:93} INFO - [INFO] Ensuring table RAW.PRODUCTION_ORDERS exists...
[2025-12-11T13:59:30.678+0000] {subprocess.py:93} INFO - [OK] Table RAW.PRODUCTION_ORDERS is ready
[2025-12-11T13:59:30.679+0000] {subprocess.py:93} INFO - [INFO] Using data folder: /opt/***/data/raw/source_system
[2025-12-11T13:59:30.680+0000] {subprocess.py:93} INFO - [INFO] Reading CSV: /opt/***/data/raw/source_system/materials.csv
[2025-12-11T13:59:30.681+0000] {subprocess.py:93} INFO - [OK] Loaded 500 rows from /opt/***/data/raw/source_system/materials.csv
[2025-12-11T13:59:30.682+0000] {subprocess.py:93} INFO - [INFO] Reading CSV: /opt/***/data/raw/source_system/batches.csv
[2025-12-11T13:59:30.684+0000] {subprocess.py:93} INFO - [OK] Loaded 10,000 rows from /opt/***/data/raw/source_system/batches.csv
[2025-12-11T13:59:30.685+0000] {subprocess.py:93} INFO - [INFO] Reading CSV: /opt/***/data/raw/source_system/production_orders.csv
[2025-12-11T13:59:30.687+0000] {subprocess.py:93} INFO - [OK] Loaded 10,000 rows from /opt/***/data/raw/source_system/production_orders.csv
[2025-12-11T13:59:30.687+0000] {subprocess.py:93} INFO - [INFO] Loading DataFrame into table MATERIALS...
[2025-12-11T13:59:30.688+0000] {subprocess.py:93} INFO - [OK] Loaded 500 rows into MATERIALS in 1 chunk(s)
[2025-12-11T13:59:30.689+0000] {subprocess.py:93} INFO - [INFO] Loading DataFrame into table BATCHES...
[2025-12-11T13:59:30.689+0000] {subprocess.py:93} INFO - [OK] Loaded 10,000 rows into BATCHES in 1 chunk(s)
[2025-12-11T13:59:30.690+0000] {subprocess.py:93} INFO - [INFO] Loading DataFrame into table PRODUCTION_ORDERS...
[2025-12-11T13:59:30.690+0000] {subprocess.py:93} INFO - [OK] Loaded 10,000 rows into PRODUCTION_ORDERS in 1 chunk(s)
[2025-12-11T13:59:30.691+0000] {subprocess.py:93} INFO - [DONE] All RAW tables loaded successfully.
[2025-12-11T13:59:30.692+0000] {subprocess.py:93} INFO - [INFO] Closing Snowflake cursor and connection...
[2025-12-11T13:59:30.692+0000] {subprocess.py:93} INFO - [OK] Connection closed
[2025-12-11T13:59:30.840+0000] {subprocess.py:97} INFO - Command exited with return code 0
[2025-12-11T13:59:30.842+0000] {taskinstance.py:441} INFO - ::group::Post task execution logs
[2025-12-11T13:59:30.872+0000] {taskinstance.py:1205} INFO - Marking task as SUCCESS. dag_id=mfg_accelerator_pipeline, task_id=ingest_raw_to_snowflake, execution_date=20251211T135406, start_date=20251211T135913, end_date=20251211T135930
[2025-12-11T13:59:30.895+0000] {local_task_job_runner.py:240} INFO - Task exited with return code 0
[2025-12-11T13:59:30.918+0000] {taskinstance.py:3482} INFO - 1 downstream tasks scheduled from follow-on schedule check
[2025-12-11T13:59:30.924+0000] {local_task_job_runner.py:222} INFO - ::endgroup::
