[2025-12-11T13:54:07.528+0000] {local_task_job_runner.py:120} INFO - ::group::Pre task execution logs
[2025-12-11T13:54:07.614+0000] {taskinstance.py:2073} INFO - Dependencies all met for dep_context=non-requeueable deps ti=<TaskInstance: mfg_accelerator_pipeline.ingest_raw_to_snowflake manual__2025-12-11T13:54:06.461193+00:00 [queued]>
[2025-12-11T13:54:07.639+0000] {taskinstance.py:2073} INFO - Dependencies all met for dep_context=requeueable deps ti=<TaskInstance: mfg_accelerator_pipeline.ingest_raw_to_snowflake manual__2025-12-11T13:54:06.461193+00:00 [queued]>
[2025-12-11T13:54:07.641+0000] {taskinstance.py:2303} INFO - Starting attempt 1 of 2
[2025-12-11T13:54:07.664+0000] {taskinstance.py:2327} INFO - Executing <Task(BashOperator): ingest_raw_to_snowflake> on 2025-12-11 13:54:06.461193+00:00
[2025-12-11T13:54:07.680+0000] {logging_mixin.py:188} WARNING - /home/***/.local/lib/python3.12/site-packages/***/task/task_runner/standard_task_runner.py:61 DeprecationWarning: This process (pid=916) is multi-threaded, use of fork() may lead to deadlocks in the child.
[2025-12-11T13:54:07.676+0000] {standard_task_runner.py:90} INFO - Running: ['***', 'tasks', 'run', 'mfg_accelerator_pipeline', 'ingest_raw_to_snowflake', 'manual__2025-12-11T13:54:06.461193+00:00', '--job-id', '6', '--raw', '--subdir', 'DAGS_FOLDER/mfg_pipeline.py', '--cfg-path', '/tmp/tmp01abr_ns']
[2025-12-11T13:54:07.682+0000] {standard_task_runner.py:63} INFO - Started process 917 to run task
[2025-12-11T13:54:07.682+0000] {standard_task_runner.py:91} INFO - Job 6: Subtask ingest_raw_to_snowflake
[2025-12-11T13:54:07.770+0000] {task_command.py:426} INFO - Running <TaskInstance: mfg_accelerator_pipeline.ingest_raw_to_snowflake manual__2025-12-11T13:54:06.461193+00:00 [running]> on host 7258e9d71bed
[2025-12-11T13:54:07.911+0000] {taskinstance.py:2644} INFO - Exporting env vars: AIRFLOW_CTX_DAG_OWNER='data_engineer' AIRFLOW_CTX_DAG_ID='mfg_accelerator_pipeline' AIRFLOW_CTX_TASK_ID='ingest_raw_to_snowflake' AIRFLOW_CTX_EXECUTION_DATE='2025-12-11T13:54:06.461193+00:00' AIRFLOW_CTX_TRY_NUMBER='1' AIRFLOW_CTX_DAG_RUN_ID='manual__2025-12-11T13:54:06.461193+00:00'
[2025-12-11T13:54:07.912+0000] {taskinstance.py:430} INFO - ::endgroup::
[2025-12-11T13:54:07.939+0000] {subprocess.py:63} INFO - Tmp dir root location: /tmp
[2025-12-11T13:54:07.942+0000] {subprocess.py:75} INFO - Running command: ['/usr/bin/bash', '-c', 'python /opt/***/ingestion/python/load_raw_to_snowflake.py']
[2025-12-11T13:54:07.954+0000] {subprocess.py:86} INFO - Output:
[2025-12-11T13:54:12.986+0000] {subprocess.py:93} INFO - [INFO] Looking for .env at: /opt/***/.env
[2025-12-11T13:54:12.987+0000] {subprocess.py:93} INFO - [INFO] Environment variables loaded from /opt/***/.env
[2025-12-11T13:54:12.988+0000] {subprocess.py:93} INFO - [DEBUG] SNOWFLAKE_ACCOUNT present? YES
[2025-12-11T13:54:12.989+0000] {subprocess.py:93} INFO - [DEBUG] SNOWFLAKE_USER present? YES
[2025-12-11T13:54:12.990+0000] {subprocess.py:93} INFO - [DEBUG] SNOWFLAKE_PASSWORD present? YES
[2025-12-11T13:54:12.991+0000] {subprocess.py:93} INFO - [DEBUG] SNOWFLAKE_ROLE present? YES
[2025-12-11T13:54:12.992+0000] {subprocess.py:93} INFO - [DEBUG] SNOWFLAKE_WAREHOUSE present? YES
[2025-12-11T13:54:12.993+0000] {subprocess.py:93} INFO - [DEBUG] SNOWFLAKE_DATABASE present? YES
[2025-12-11T13:54:12.995+0000] {subprocess.py:93} INFO - [DEBUG] SNOWFLAKE_SCHEMA present? YES
[2025-12-11T13:54:12.996+0000] {subprocess.py:93} INFO - [INFO] Connecting to Snowflake...
[2025-12-11T13:54:12.997+0000] {subprocess.py:93} INFO - [OK] Connected to Snowflake
[2025-12-11T13:54:12.998+0000] {subprocess.py:93} INFO - [INFO] Ensuring table RAW.MATERIALS exists...
[2025-12-11T13:54:12.999+0000] {subprocess.py:93} INFO - [INFO] Closing Snowflake cursor and connection...
[2025-12-11T13:54:13.000+0000] {subprocess.py:93} INFO - [OK] Connection closed
[2025-12-11T13:54:13.001+0000] {subprocess.py:93} INFO - Traceback (most recent call last):
[2025-12-11T13:54:13.004+0000] {subprocess.py:93} INFO -   File "/opt/***/ingestion/python/load_raw_to_snowflake.py", line 310, in <module>
[2025-12-11T13:54:13.007+0000] {subprocess.py:93} INFO -     main()
[2025-12-11T13:54:13.008+0000] {subprocess.py:93} INFO -   File "/opt/***/ingestion/python/load_raw_to_snowflake.py", line 268, in main
[2025-12-11T13:54:13.009+0000] {subprocess.py:93} INFO -     create_materials_table(cursor)
[2025-12-11T13:54:13.010+0000] {subprocess.py:93} INFO -   File "/opt/***/ingestion/python/load_raw_to_snowflake.py", line 161, in create_materials_table
[2025-12-11T13:54:13.012+0000] {subprocess.py:93} INFO -     cursor.execute(create_sql)
[2025-12-11T13:54:13.013+0000] {subprocess.py:93} INFO -   File "/home/***/.local/lib/python3.12/site-packages/snowflake/connector/cursor.py", line 1134, in execute
[2025-12-11T13:54:13.014+0000] {subprocess.py:93} INFO -     Error.errorhandler_wrapper(self.connection, self, error_class, errvalue)
[2025-12-11T13:54:13.015+0000] {subprocess.py:93} INFO -   File "/home/***/.local/lib/python3.12/site-packages/snowflake/connector/errors.py", line 286, in errorhandler_wrapper
[2025-12-11T13:54:13.017+0000] {subprocess.py:93} INFO -     handed_over = Error.hand_to_other_handler(
[2025-12-11T13:54:13.018+0000] {subprocess.py:93} INFO -                   ^^^^^^^^^^^^^^^^^^^^^^^^^^^^
[2025-12-11T13:54:13.019+0000] {subprocess.py:93} INFO -   File "/home/***/.local/lib/python3.12/site-packages/snowflake/connector/errors.py", line 341, in hand_to_other_handler
[2025-12-11T13:54:13.020+0000] {subprocess.py:93} INFO -     cursor.errorhandler(connection, cursor, error_class, error_value)
[2025-12-11T13:54:13.021+0000] {subprocess.py:93} INFO -   File "/home/***/.local/lib/python3.12/site-packages/snowflake/connector/errors.py", line 217, in default_errorhandler
[2025-12-11T13:54:13.022+0000] {subprocess.py:93} INFO -     raise error_class(
[2025-12-11T13:54:13.023+0000] {subprocess.py:93} INFO - snowflake.connector.errors.ProgrammingError: 090105 (22000): Cannot perform CREATE TABLE. This session does not have a current database. Call 'USE DATABASE', or use a qualified name.
[2025-12-11T13:54:13.243+0000] {subprocess.py:97} INFO - Command exited with return code 1
[2025-12-11T13:54:13.244+0000] {taskinstance.py:441} INFO - ::group::Post task execution logs
[2025-12-11T13:54:13.259+0000] {taskinstance.py:2890} ERROR - Task failed with exception
Traceback (most recent call last):
  File "/home/airflow/.local/lib/python3.12/site-packages/airflow/models/taskinstance.py", line 465, in _execute_task
    result = _execute_callable(context=context, **execute_callable_kwargs)
             ^^^^^^^^^^^^^^^^^^^^^^^^^^^^^^^^^^^^^^^^^^^^^^^^^^^^^^^^^^^^^
  File "/home/airflow/.local/lib/python3.12/site-packages/airflow/models/taskinstance.py", line 432, in _execute_callable
    return execute_callable(context=context, **execute_callable_kwargs)
           ^^^^^^^^^^^^^^^^^^^^^^^^^^^^^^^^^^^^^^^^^^^^^^^^^^^^^^^^^^^^
  File "/home/airflow/.local/lib/python3.12/site-packages/airflow/models/baseoperator.py", line 400, in wrapper
    return func(self, *args, **kwargs)
           ^^^^^^^^^^^^^^^^^^^^^^^^^^^
  File "/home/airflow/.local/lib/python3.12/site-packages/airflow/operators/bash.py", line 243, in execute
    raise AirflowException(
airflow.exceptions.AirflowException: Bash command failed. The command returned a non-zero exit code 1.
[2025-12-11T13:54:13.266+0000] {taskinstance.py:1205} INFO - Marking task as UP_FOR_RETRY. dag_id=mfg_accelerator_pipeline, task_id=ingest_raw_to_snowflake, execution_date=20251211T135406, start_date=20251211T135407, end_date=20251211T135413
[2025-12-11T13:54:13.294+0000] {standard_task_runner.py:110} ERROR - Failed to execute job 6 for task ingest_raw_to_snowflake (Bash command failed. The command returned a non-zero exit code 1.; 917)
[2025-12-11T13:54:13.314+0000] {local_task_job_runner.py:240} INFO - Task exited with return code 1
[2025-12-11T13:54:13.346+0000] {taskinstance.py:3482} INFO - 0 downstream tasks scheduled from follow-on schedule check
[2025-12-11T13:54:13.351+0000] {local_task_job_runner.py:222} INFO - ::endgroup::
