[2025-12-13T12:42:46.977+0000] {local_task_job_runner.py:120} INFO - ::group::Pre task execution logs
[2025-12-13T12:42:47.028+0000] {taskinstance.py:2073} INFO - Dependencies all met for dep_context=non-requeueable deps ti=<TaskInstance: mfg_dbt_transform_dag.dbt_run_core scheduled__2025-12-12T04:15:00+00:00 [queued]>
[2025-12-13T12:42:47.043+0000] {taskinstance.py:2073} INFO - Dependencies all met for dep_context=requeueable deps ti=<TaskInstance: mfg_dbt_transform_dag.dbt_run_core scheduled__2025-12-12T04:15:00+00:00 [queued]>
[2025-12-13T12:42:47.044+0000] {taskinstance.py:2303} INFO - Starting attempt 1 of 3
[2025-12-13T12:42:47.069+0000] {taskinstance.py:2327} INFO - Executing <Task(BashOperator): dbt_run_core> on 2025-12-12 04:15:00+00:00
[2025-12-13T12:42:47.082+0000] {standard_task_runner.py:90} INFO - Running: ['***', 'tasks', 'run', 'mfg_dbt_transform_dag', 'dbt_run_core', 'scheduled__2025-12-12T04:15:00+00:00', '--job-id', '25', '--raw', '--subdir', 'DAGS_FOLDER/mfg_dbt_transform_dag.py', '--cfg-path', '/tmp/tmpxz7aw1yk']
[2025-12-13T12:42:47.086+0000] {standard_task_runner.py:91} INFO - Job 25: Subtask dbt_run_core
[2025-12-13T12:42:47.088+0000] {logging_mixin.py:188} WARNING - /home/***/.local/lib/python3.12/site-packages/***/task/task_runner/standard_task_runner.py:61 DeprecationWarning: This process (pid=2561) is multi-threaded, use of fork() may lead to deadlocks in the child.
[2025-12-13T12:42:47.090+0000] {standard_task_runner.py:63} INFO - Started process 2562 to run task
[2025-12-13T12:42:47.167+0000] {task_command.py:426} INFO - Running <TaskInstance: mfg_dbt_transform_dag.dbt_run_core scheduled__2025-12-12T04:15:00+00:00 [running]> on host 1159f6c9764f
[2025-12-13T12:42:47.345+0000] {taskinstance.py:2644} INFO - Exporting env vars: AIRFLOW_CTX_DAG_OWNER='data-engineering' AIRFLOW_CTX_DAG_ID='mfg_dbt_transform_dag' AIRFLOW_CTX_TASK_ID='dbt_run_core' AIRFLOW_CTX_EXECUTION_DATE='2025-12-12T04:15:00+00:00' AIRFLOW_CTX_TRY_NUMBER='1' AIRFLOW_CTX_DAG_RUN_ID='scheduled__2025-12-12T04:15:00+00:00'
[2025-12-13T12:42:47.347+0000] {taskinstance.py:430} INFO - ::endgroup::
[2025-12-13T12:42:47.379+0000] {subprocess.py:63} INFO - Tmp dir root location: /tmp
[2025-12-13T12:42:47.381+0000] {subprocess.py:75} INFO - Running command: ['/usr/bin/bash', '-c', 'cd /opt/***/dbt_project && dbt run --select core --profiles-dir /opt/***/dbt_profiles']
[2025-12-13T12:42:47.399+0000] {subprocess.py:86} INFO - Output:
[2025-12-13T12:42:52.213+0000] {subprocess.py:93} INFO - [0m12:42:52  Running with dbt=1.10.15
[2025-12-13T12:42:54.026+0000] {subprocess.py:93} INFO - [0m12:42:54  Registered adapter: snowflake=1.10.4
[2025-12-13T12:42:55.138+0000] {subprocess.py:93} INFO - [0m12:42:55  Found 8 models, 24 data tests, 3 sources, 504 macros
[2025-12-13T12:42:55.145+0000] {subprocess.py:93} INFO - [0m12:42:55
[2025-12-13T12:42:55.146+0000] {subprocess.py:93} INFO - [0m12:42:55  Concurrency: 4 threads (target='dev')
[2025-12-13T12:42:55.148+0000] {subprocess.py:93} INFO - [0m12:42:55
[2025-12-13T12:42:58.130+0000] {subprocess.py:93} INFO - [0m12:42:58  1 of 3 START sql table model ANALYTICS_analytics.core_materials ................ [RUN]
[2025-12-13T12:42:59.369+0000] {subprocess.py:93} INFO - [0m12:42:59  1 of 3 OK created sql table model ANALYTICS_analytics.core_materials ........... [[32mSUCCESS 1[0m in 1.23s]
[2025-12-13T12:42:59.381+0000] {subprocess.py:93} INFO - [0m12:42:59  2 of 3 START sql table model ANALYTICS_analytics.core_batches .................. [RUN]
[2025-12-13T12:42:59.383+0000] {subprocess.py:93} INFO - [0m12:42:59  3 of 3 START sql table model ANALYTICS_analytics.fct_production_orders ......... [RUN]
[2025-12-13T12:43:01.885+0000] {subprocess.py:93} INFO - [0m12:43:01  2 of 3 OK created sql table model ANALYTICS_analytics.core_batches ............. [[32mSUCCESS 1[0m in 2.38s]
[2025-12-13T12:43:01.911+0000] {subprocess.py:93} INFO - [0m12:43:01  3 of 3 OK created sql table model ANALYTICS_analytics.fct_production_orders .... [[32mSUCCESS 1[0m in 2.52s]
[2025-12-13T12:43:03.339+0000] {subprocess.py:93} INFO - [0m12:43:03
[2025-12-13T12:43:03.341+0000] {subprocess.py:93} INFO - [0m12:43:03  Finished running 3 table models in 0 hours 0 minutes and 8.19 seconds (8.19s).
[2025-12-13T12:43:03.460+0000] {subprocess.py:93} INFO - [0m12:43:03
[2025-12-13T12:43:03.462+0000] {subprocess.py:93} INFO - [0m12:43:03  [32mCompleted successfully[0m
[2025-12-13T12:43:03.464+0000] {subprocess.py:93} INFO - [0m12:43:03
[2025-12-13T12:43:03.465+0000] {subprocess.py:93} INFO - [0m12:43:03  Done. PASS=3 WARN=0 ERROR=0 SKIP=0 NO-OP=0 TOTAL=3
[2025-12-13T12:43:04.719+0000] {subprocess.py:97} INFO - Command exited with return code 0
[2025-12-13T12:43:04.720+0000] {taskinstance.py:441} INFO - ::group::Post task execution logs
[2025-12-13T12:43:04.755+0000] {taskinstance.py:1205} INFO - Marking task as SUCCESS. dag_id=mfg_dbt_transform_dag, task_id=dbt_run_core, execution_date=20251212T041500, start_date=20251213T124247, end_date=20251213T124304
[2025-12-13T12:43:04.818+0000] {local_task_job_runner.py:240} INFO - Task exited with return code 0
[2025-12-13T12:43:04.853+0000] {taskinstance.py:3482} INFO - 1 downstream tasks scheduled from follow-on schedule check
[2025-12-13T12:43:04.859+0000] {local_task_job_runner.py:222} INFO - ::endgroup::
[2025-12-13T14:20:11.547+0000] {local_task_job_runner.py:120} INFO - ::group::Pre task execution logs
[2025-12-13T14:20:11.580+0000] {taskinstance.py:2073} INFO - Dependencies all met for dep_context=non-requeueable deps ti=<TaskInstance: mfg_dbt_transform_dag.dbt_run_core scheduled__2025-12-12T04:15:00+00:00 [queued]>
[2025-12-13T14:20:11.593+0000] {taskinstance.py:2073} INFO - Dependencies all met for dep_context=requeueable deps ti=<TaskInstance: mfg_dbt_transform_dag.dbt_run_core scheduled__2025-12-12T04:15:00+00:00 [queued]>
[2025-12-13T14:20:11.593+0000] {taskinstance.py:2303} INFO - Starting attempt 1 of 3
[2025-12-13T14:20:11.608+0000] {taskinstance.py:2327} INFO - Executing <Task(BashOperator): dbt_run_core> on 2025-12-12 04:15:00+00:00
[2025-12-13T14:20:11.616+0000] {standard_task_runner.py:90} INFO - Running: ['***', 'tasks', 'run', 'mfg_dbt_transform_dag', 'dbt_run_core', 'scheduled__2025-12-12T04:15:00+00:00', '--job-id', '14', '--raw', '--subdir', 'DAGS_FOLDER/mfg_dbt_transform_dag.py', '--cfg-path', '/tmp/tmphmsjqlea']
[2025-12-13T14:20:11.619+0000] {standard_task_runner.py:91} INFO - Job 14: Subtask dbt_run_core
[2025-12-13T14:20:11.619+0000] {logging_mixin.py:188} WARNING - /home/***/.local/lib/python3.12/site-packages/***/task/task_runner/standard_task_runner.py:61 DeprecationWarning: This process (pid=492) is multi-threaded, use of fork() may lead to deadlocks in the child.
[2025-12-13T14:20:11.620+0000] {standard_task_runner.py:63} INFO - Started process 493 to run task
[2025-12-13T14:20:11.673+0000] {task_command.py:426} INFO - Running <TaskInstance: mfg_dbt_transform_dag.dbt_run_core scheduled__2025-12-12T04:15:00+00:00 [running]> on host 2836efb3fb45
[2025-12-13T14:20:11.761+0000] {taskinstance.py:2644} INFO - Exporting env vars: AIRFLOW_CTX_DAG_OWNER='data-engineering' AIRFLOW_CTX_DAG_ID='mfg_dbt_transform_dag' AIRFLOW_CTX_TASK_ID='dbt_run_core' AIRFLOW_CTX_EXECUTION_DATE='2025-12-12T04:15:00+00:00' AIRFLOW_CTX_TRY_NUMBER='1' AIRFLOW_CTX_DAG_RUN_ID='scheduled__2025-12-12T04:15:00+00:00'
[2025-12-13T14:20:11.763+0000] {taskinstance.py:430} INFO - ::endgroup::
[2025-12-13T14:20:11.778+0000] {subprocess.py:63} INFO - Tmp dir root location: /tmp
[2025-12-13T14:20:11.779+0000] {subprocess.py:75} INFO - Running command: ['/usr/bin/bash', '-c', 'cd /opt/***/dbt_project && dbt run --select core --profiles-dir /opt/***/dbt_profiles']
[2025-12-13T14:20:11.789+0000] {subprocess.py:86} INFO - Output:
[2025-12-13T14:20:14.457+0000] {subprocess.py:93} INFO - [0m14:20:14  Running with dbt=1.10.15
[2025-12-13T14:20:15.539+0000] {subprocess.py:93} INFO - [0m14:20:15  Registered adapter: snowflake=1.10.4
[2025-12-13T14:20:16.217+0000] {subprocess.py:93} INFO - [0m14:20:16  Found 8 models, 24 data tests, 3 sources, 504 macros
[2025-12-13T14:20:16.222+0000] {subprocess.py:93} INFO - [0m14:20:16
[2025-12-13T14:20:16.223+0000] {subprocess.py:93} INFO - [0m14:20:16  Concurrency: 4 threads (target='dev')
[2025-12-13T14:20:16.225+0000] {subprocess.py:93} INFO - [0m14:20:16
[2025-12-13T14:20:18.167+0000] {subprocess.py:93} INFO - [0m14:20:18  1 of 3 START sql table model ANALYTICS_analytics.core_materials ................ [RUN]
[2025-12-13T14:20:19.422+0000] {subprocess.py:93} INFO - [0m14:20:19  1 of 3 OK created sql table model ANALYTICS_analytics.core_materials ........... [[32mSUCCESS 1[0m in 1.25s]
[2025-12-13T14:20:19.431+0000] {subprocess.py:93} INFO - [0m14:20:19  2 of 3 START sql table model ANALYTICS_analytics.core_batches .................. [RUN]
[2025-12-13T14:20:19.432+0000] {subprocess.py:93} INFO - [0m14:20:19  3 of 3 START sql table model ANALYTICS_analytics.fct_production_orders ......... [RUN]
[2025-12-13T14:20:21.574+0000] {subprocess.py:93} INFO - [0m14:20:21  2 of 3 OK created sql table model ANALYTICS_analytics.core_batches ............. [[32mSUCCESS 1[0m in 2.14s]
[2025-12-13T14:20:21.745+0000] {subprocess.py:93} INFO - [0m14:20:21  3 of 3 OK created sql table model ANALYTICS_analytics.fct_production_orders .... [[32mSUCCESS 1[0m in 2.31s]
[2025-12-13T14:20:23.205+0000] {subprocess.py:93} INFO - [0m14:20:23
[2025-12-13T14:20:23.207+0000] {subprocess.py:93} INFO - [0m14:20:23  Finished running 3 table models in 0 hours 0 minutes and 6.98 seconds (6.98s).
[2025-12-13T14:20:23.319+0000] {subprocess.py:93} INFO - [0m14:20:23
[2025-12-13T14:20:23.321+0000] {subprocess.py:93} INFO - [0m14:20:23  [32mCompleted successfully[0m
[2025-12-13T14:20:23.322+0000] {subprocess.py:93} INFO - [0m14:20:23
[2025-12-13T14:20:23.324+0000] {subprocess.py:93} INFO - [0m14:20:23  Done. PASS=3 WARN=0 ERROR=0 SKIP=0 NO-OP=0 TOTAL=3
[2025-12-13T14:20:24.406+0000] {subprocess.py:97} INFO - Command exited with return code 0
[2025-12-13T14:20:24.407+0000] {taskinstance.py:441} INFO - ::group::Post task execution logs
[2025-12-13T14:20:24.438+0000] {taskinstance.py:1205} INFO - Marking task as SUCCESS. dag_id=mfg_dbt_transform_dag, task_id=dbt_run_core, execution_date=20251212T041500, start_date=20251213T142011, end_date=20251213T142024
[2025-12-13T14:20:24.469+0000] {local_task_job_runner.py:240} INFO - Task exited with return code 0
[2025-12-13T14:20:24.493+0000] {taskinstance.py:3482} INFO - 1 downstream tasks scheduled from follow-on schedule check
[2025-12-13T14:20:24.498+0000] {local_task_job_runner.py:222} INFO - ::endgroup::
