[2025-12-16T23:13:26.552+0000] {local_task_job_runner.py:120} INFO - ::group::Pre task execution logs
[2025-12-16T23:13:26.611+0000] {taskinstance.py:2073} INFO - Dependencies all met for dep_context=non-requeueable deps ti=<TaskInstance: mfg_raw_ingestion_dag.ingest_raw_to_snowflake scheduled__2025-12-15T04:00:00+00:00 [queued]>
[2025-12-16T23:13:26.625+0000] {taskinstance.py:2073} INFO - Dependencies all met for dep_context=requeueable deps ti=<TaskInstance: mfg_raw_ingestion_dag.ingest_raw_to_snowflake scheduled__2025-12-15T04:00:00+00:00 [queued]>
[2025-12-16T23:13:26.626+0000] {taskinstance.py:2303} INFO - Starting attempt 1 of 3
[2025-12-16T23:13:26.651+0000] {taskinstance.py:2327} INFO - Executing <Task(BashOperator): ingest_raw_to_snowflake> on 2025-12-15 04:00:00+00:00
[2025-12-16T23:13:26.662+0000] {standard_task_runner.py:90} INFO - Running: ['***', 'tasks', 'run', 'mfg_raw_ingestion_dag', 'ingest_raw_to_snowflake', 'scheduled__2025-12-15T04:00:00+00:00', '--job-id', '2', '--raw', '--subdir', 'DAGS_FOLDER/mfg_raw_ingestion_dag.py', '--cfg-path', '/tmp/tmpf7yc9iof']
[2025-12-16T23:13:26.668+0000] {standard_task_runner.py:91} INFO - Job 2: Subtask ingest_raw_to_snowflake
[2025-12-16T23:13:26.670+0000] {logging_mixin.py:188} WARNING - /home/***/.local/lib/python3.12/site-packages/***/task/task_runner/standard_task_runner.py:61 DeprecationWarning: This process (pid=270) is multi-threaded, use of fork() may lead to deadlocks in the child.
[2025-12-16T23:13:26.671+0000] {standard_task_runner.py:63} INFO - Started process 271 to run task
[2025-12-16T23:13:26.764+0000] {task_command.py:426} INFO - Running <TaskInstance: mfg_raw_ingestion_dag.ingest_raw_to_snowflake scheduled__2025-12-15T04:00:00+00:00 [running]> on host f349782282f8
[2025-12-16T23:13:26.912+0000] {taskinstance.py:2644} INFO - Exporting env vars: AIRFLOW_CTX_DAG_OWNER='data-engineering' AIRFLOW_CTX_DAG_ID='mfg_raw_ingestion_dag' AIRFLOW_CTX_TASK_ID='ingest_raw_to_snowflake' AIRFLOW_CTX_EXECUTION_DATE='2025-12-15T04:00:00+00:00' AIRFLOW_CTX_TRY_NUMBER='1' AIRFLOW_CTX_DAG_RUN_ID='scheduled__2025-12-15T04:00:00+00:00'
[2025-12-16T23:13:26.915+0000] {taskinstance.py:430} INFO - ::endgroup::
[2025-12-16T23:13:26.974+0000] {subprocess.py:63} INFO - Tmp dir root location: /tmp
[2025-12-16T23:13:26.976+0000] {subprocess.py:75} INFO - Running command: ['/usr/bin/bash', '-c', 'python /opt/***/ingestion/python/load_raw_to_snowflake.py']
[2025-12-16T23:13:26.990+0000] {subprocess.py:86} INFO - Output:
[2025-12-16T23:13:29.525+0000] {subprocess.py:93} INFO - [INFO] 2025-12-16 23:13:29 - Environment variables loaded from /opt/***/.env
[2025-12-16T23:13:29.526+0000] {subprocess.py:93} INFO - [INFO] 2025-12-16 23:13:29 - Connecting to Snowflake...
[2025-12-16T23:13:32.266+0000] {subprocess.py:93} INFO - [INFO] 2025-12-16 23:13:32 - Snowflake connection established.
[2025-12-16T23:13:32.274+0000] {subprocess.py:93} INFO - [INFO] 2025-12-16 23:13:32 - Using data directory: /opt/***/data/raw/source_system
[2025-12-16T23:13:32.275+0000] {subprocess.py:93} INFO - [INFO] 2025-12-16 23:13:32 - Ensuring RAW tables exist...
[2025-12-16T23:13:33.749+0000] {subprocess.py:93} INFO - [INFO] 2025-12-16 23:13:33 - RAW tables are ready.
[2025-12-16T23:13:33.750+0000] {subprocess.py:93} INFO - [INFO] 2025-12-16 23:13:33 - Ensuring RAW_LOAD_AUDIT table exists...
[2025-12-16T23:13:34.033+0000] {subprocess.py:93} INFO - [INFO] 2025-12-16 23:13:34 - RAW_LOAD_AUDIT table is ready.
[2025-12-16T23:13:34.034+0000] {subprocess.py:93} INFO - [INFO] 2025-12-16 23:13:34 - Truncating RAW tables before load (idempotent reload)...
[2025-12-16T23:13:35.759+0000] {subprocess.py:93} INFO - [INFO] 2025-12-16 23:13:35 - RAW tables truncated.
[2025-12-16T23:13:35.762+0000] {subprocess.py:93} INFO - [INFO] 2025-12-16 23:13:35 - Reading CSV: /opt/***/data/raw/source_system/materials.csv
[2025-12-16T23:13:35.776+0000] {subprocess.py:93} INFO - [INFO] 2025-12-16 23:13:35 - Loaded 500 rows from materials.csv
[2025-12-16T23:13:35.779+0000] {subprocess.py:93} INFO - [INFO] 2025-12-16 23:13:35 - Reading CSV: /opt/***/data/raw/source_system/batches.csv
[2025-12-16T23:13:35.809+0000] {subprocess.py:93} INFO - [INFO] 2025-12-16 23:13:35 - Loaded 10,000 rows from batches.csv
[2025-12-16T23:13:35.813+0000] {subprocess.py:93} INFO - [INFO] 2025-12-16 23:13:35 - Reading CSV: /opt/***/data/raw/source_system/production_orders.csv
[2025-12-16T23:13:35.847+0000] {subprocess.py:93} INFO - [INFO] 2025-12-16 23:13:35 - Loaded 10,000 rows from production_orders.csv
[2025-12-16T23:13:35.848+0000] {subprocess.py:93} INFO - [INFO] 2025-12-16 23:13:35 - [MATERIALS] Preparing to load 500 rows from materials.csv.
[2025-12-16T23:13:40.108+0000] {subprocess.py:93} INFO - [INFO] 2025-12-16 23:13:40 - [MATERIALS] write_pandas success=True, rows_loaded=500, chunks=1
[2025-12-16T23:13:40.534+0000] {subprocess.py:93} INFO - [INFO] 2025-12-16 23:13:40 - [MATERIALS] Total rows in table after load: 500
[2025-12-16T23:13:41.366+0000] {subprocess.py:93} INFO - [INFO] 2025-12-16 23:13:41 - [BATCHES] Preparing to load 10,000 rows from batches.csv.
[2025-12-16T23:13:44.767+0000] {subprocess.py:93} INFO - [INFO] 2025-12-16 23:13:44 - [BATCHES] write_pandas success=True, rows_loaded=10,000, chunks=1
[2025-12-16T23:13:45.131+0000] {subprocess.py:93} INFO - [INFO] 2025-12-16 23:13:45 - [BATCHES] Total rows in table after load: 10,000
[2025-12-16T23:13:45.717+0000] {subprocess.py:93} INFO - [INFO] 2025-12-16 23:13:45 - [PRODUCTION_ORDERS] Preparing to load 10,000 rows from production_orders.csv.
[2025-12-16T23:13:48.532+0000] {subprocess.py:93} INFO - [INFO] 2025-12-16 23:13:48 - [PRODUCTION_ORDERS] write_pandas success=True, rows_loaded=10,000, chunks=1
[2025-12-16T23:13:48.858+0000] {subprocess.py:93} INFO - [INFO] 2025-12-16 23:13:48 - [PRODUCTION_ORDERS] Total rows in table after load: 10,000
[2025-12-16T23:13:49.476+0000] {subprocess.py:93} INFO - [INFO] 2025-12-16 23:13:49 - All RAW tables loaded successfully and audited.
[2025-12-16T23:13:49.477+0000] {subprocess.py:93} INFO - [INFO] 2025-12-16 23:13:49 - Load ID: 08a6e7cf-3af8-4817-84c5-4985087f055c
[2025-12-16T23:13:49.478+0000] {subprocess.py:93} INFO - [INFO] 2025-12-16 23:13:49 - Closing Snowflake cursor and connection...
[2025-12-16T23:13:49.968+0000] {subprocess.py:93} INFO - [INFO] 2025-12-16 23:13:49 - Snowflake connection closed.
[2025-12-16T23:13:50.264+0000] {subprocess.py:97} INFO - Command exited with return code 0
[2025-12-16T23:13:50.266+0000] {taskinstance.py:441} INFO - ::group::Post task execution logs
[2025-12-16T23:13:50.308+0000] {taskinstance.py:1205} INFO - Marking task as SUCCESS. dag_id=mfg_raw_ingestion_dag, task_id=ingest_raw_to_snowflake, execution_date=20251215T040000, start_date=20251216T231326, end_date=20251216T231350
[2025-12-16T23:13:50.372+0000] {local_task_job_runner.py:240} INFO - Task exited with return code 0
[2025-12-16T23:13:50.405+0000] {taskinstance.py:3482} INFO - 1 downstream tasks scheduled from follow-on schedule check
[2025-12-16T23:13:50.410+0000] {local_task_job_runner.py:222} INFO - ::endgroup::
