[2025-12-16T23:13:51.621+0000] {local_task_job_runner.py:120} INFO - ::group::Pre task execution logs
[2025-12-16T23:13:51.661+0000] {taskinstance.py:2073} INFO - Dependencies all met for dep_context=non-requeueable deps ti=<TaskInstance: mfg_raw_ingestion_dag.dbt_run_all scheduled__2025-12-15T04:00:00+00:00 [queued]>
[2025-12-16T23:13:51.673+0000] {taskinstance.py:2073} INFO - Dependencies all met for dep_context=requeueable deps ti=<TaskInstance: mfg_raw_ingestion_dag.dbt_run_all scheduled__2025-12-15T04:00:00+00:00 [queued]>
[2025-12-16T23:13:51.674+0000] {taskinstance.py:2303} INFO - Starting attempt 1 of 3
[2025-12-16T23:13:51.695+0000] {taskinstance.py:2327} INFO - Executing <Task(BashOperator): dbt_run_all> on 2025-12-15 04:00:00+00:00
[2025-12-16T23:13:51.706+0000] {standard_task_runner.py:90} INFO - Running: ['***', 'tasks', 'run', 'mfg_raw_ingestion_dag', 'dbt_run_all', 'scheduled__2025-12-15T04:00:00+00:00', '--job-id', '3', '--raw', '--subdir', 'DAGS_FOLDER/mfg_raw_ingestion_dag.py', '--cfg-path', '/tmp/tmpdqavnno4']
[2025-12-16T23:13:51.709+0000] {standard_task_runner.py:91} INFO - Job 3: Subtask dbt_run_all
[2025-12-16T23:13:51.711+0000] {logging_mixin.py:188} WARNING - /home/***/.local/lib/python3.12/site-packages/***/task/task_runner/standard_task_runner.py:61 DeprecationWarning: This process (pid=324) is multi-threaded, use of fork() may lead to deadlocks in the child.
[2025-12-16T23:13:51.714+0000] {standard_task_runner.py:63} INFO - Started process 325 to run task
[2025-12-16T23:13:51.786+0000] {task_command.py:426} INFO - Running <TaskInstance: mfg_raw_ingestion_dag.dbt_run_all scheduled__2025-12-15T04:00:00+00:00 [running]> on host f349782282f8
[2025-12-16T23:13:51.941+0000] {taskinstance.py:2644} INFO - Exporting env vars: AIRFLOW_CTX_DAG_OWNER='data-engineering' AIRFLOW_CTX_DAG_ID='mfg_raw_ingestion_dag' AIRFLOW_CTX_TASK_ID='dbt_run_all' AIRFLOW_CTX_EXECUTION_DATE='2025-12-15T04:00:00+00:00' AIRFLOW_CTX_TRY_NUMBER='1' AIRFLOW_CTX_DAG_RUN_ID='scheduled__2025-12-15T04:00:00+00:00'
[2025-12-16T23:13:51.943+0000] {taskinstance.py:430} INFO - ::endgroup::
[2025-12-16T23:13:51.971+0000] {subprocess.py:63} INFO - Tmp dir root location: /tmp
[2025-12-16T23:13:51.974+0000] {subprocess.py:75} INFO - Running command: ['/usr/bin/bash', '-c', 'cd /opt/***/dbt_project && dbt run --profiles-dir /opt/***/dbt_profiles']
[2025-12-16T23:13:51.986+0000] {subprocess.py:86} INFO - Output:
[2025-12-16T23:13:55.710+0000] {subprocess.py:93} INFO - [0m23:13:55  Running with dbt=1.10.16
[2025-12-16T23:13:57.206+0000] {subprocess.py:93} INFO - [0m23:13:57  Registered adapter: snowflake=1.10.4
[2025-12-16T23:13:57.618+0000] {subprocess.py:93} INFO - [0m23:13:57  Unable to do partial parsing because of a version mismatch
[2025-12-16T23:14:00.505+0000] {subprocess.py:93} INFO - [0m23:14:00  [[33mWARNING[0m][MissingArgumentsPropertyInGenericTestDeprecation]: Deprecated
[2025-12-16T23:14:00.506+0000] {subprocess.py:93} INFO - functionality
[2025-12-16T23:14:00.507+0000] {subprocess.py:93} INFO - Found top-level arguments to test `relationships`. Arguments to generic tests
[2025-12-16T23:14:00.508+0000] {subprocess.py:93} INFO - should be nested under the `arguments` property.`
[2025-12-16T23:14:01.598+0000] {subprocess.py:93} INFO - [0m23:14:01  Found 8 models, 24 data tests, 3 sources, 504 macros
[2025-12-16T23:14:01.605+0000] {subprocess.py:93} INFO - [0m23:14:01
[2025-12-16T23:14:01.607+0000] {subprocess.py:93} INFO - [0m23:14:01  Concurrency: 4 threads (target='dev')
[2025-12-16T23:14:01.609+0000] {subprocess.py:93} INFO - [0m23:14:01
[2025-12-16T23:14:03.872+0000] {subprocess.py:93} INFO - [0m23:14:03  1 of 8 START sql view model ANALYTICS_analytics.stg_batches .................... [RUN]
[2025-12-16T23:14:03.874+0000] {subprocess.py:93} INFO - [0m23:14:03  2 of 8 START sql view model ANALYTICS_analytics.stg_materials .................. [RUN]
[2025-12-16T23:14:03.876+0000] {subprocess.py:93} INFO - [0m23:14:03  3 of 8 START sql view model ANALYTICS_analytics.stg_production_orders .......... [RUN]
[2025-12-16T23:14:04.606+0000] {subprocess.py:93} INFO - [0m23:14:04  1 of 8 OK created sql view model ANALYTICS_analytics.stg_batches ............... [[32mSUCCESS 1[0m in 0.72s]
[2025-12-16T23:14:05.493+0000] {subprocess.py:93} INFO - [0m23:14:05  3 of 8 OK created sql view model ANALYTICS_analytics.stg_production_orders ..... [[32mSUCCESS 1[0m in 1.61s]
[2025-12-16T23:14:05.635+0000] {subprocess.py:93} INFO - [0m23:14:05  2 of 8 OK created sql view model ANALYTICS_analytics.stg_materials ............. [[32mSUCCESS 1[0m in 1.75s]
[2025-12-16T23:14:05.641+0000] {subprocess.py:93} INFO - [0m23:14:05  4 of 8 START sql table model ANALYTICS_analytics.core_materials ................ [RUN]
[2025-12-16T23:14:08.402+0000] {subprocess.py:93} INFO - [0m23:14:08  4 of 8 OK created sql table model ANALYTICS_analytics.core_materials ........... [[32mSUCCESS 1[0m in 2.76s]
[2025-12-16T23:14:08.408+0000] {subprocess.py:93} INFO - [0m23:14:08  5 of 8 START sql table model ANALYTICS_analytics.core_batches .................. [RUN]
[2025-12-16T23:14:08.410+0000] {subprocess.py:93} INFO - [0m23:14:08  6 of 8 START sql table model ANALYTICS_analytics.fct_production_orders ......... [RUN]
[2025-12-16T23:14:10.009+0000] {subprocess.py:93} INFO - [0m23:14:10  6 of 8 OK created sql table model ANALYTICS_analytics.fct_production_orders .... [[32mSUCCESS 1[0m in 1.59s]
[2025-12-16T23:14:10.067+0000] {subprocess.py:93} INFO - [0m23:14:10  5 of 8 OK created sql table model ANALYTICS_analytics.core_batches ............. [[32mSUCCESS 1[0m in 1.65s]
[2025-12-16T23:14:10.077+0000] {subprocess.py:93} INFO - [0m23:14:10  7 of 8 START sql table model ANALYTICS_analytics.mfg_ml_features_orders ........ [RUN]
[2025-12-16T23:14:10.081+0000] {subprocess.py:93} INFO - [0m23:14:10  8 of 8 START sql table model ANALYTICS_analytics.mfg_plant_daily_kpis .......... [RUN]
[2025-12-16T23:14:11.384+0000] {subprocess.py:93} INFO - [0m23:14:11  8 of 8 OK created sql table model ANALYTICS_analytics.mfg_plant_daily_kpis ..... [[32mSUCCESS 1[0m in 1.30s]
[2025-12-16T23:14:11.449+0000] {subprocess.py:93} INFO - [0m23:14:11  7 of 8 OK created sql table model ANALYTICS_analytics.mfg_ml_features_orders ... [[32mSUCCESS 1[0m in 1.36s]
[2025-12-16T23:14:13.349+0000] {subprocess.py:93} INFO - [0m23:14:13
[2025-12-16T23:14:13.351+0000] {subprocess.py:93} INFO - [0m23:14:13  Finished running 5 table models, 3 view models in 0 hours 0 minutes and 11.74 seconds (11.74s).
[2025-12-16T23:14:13.456+0000] {subprocess.py:93} INFO - [0m23:14:13
[2025-12-16T23:14:13.458+0000] {subprocess.py:93} INFO - [0m23:14:13  [32mCompleted successfully[0m
[2025-12-16T23:14:13.460+0000] {subprocess.py:93} INFO - [0m23:14:13
[2025-12-16T23:14:13.462+0000] {subprocess.py:93} INFO - [0m23:14:13  Done. PASS=8 WARN=0 ERROR=0 SKIP=0 NO-OP=0 TOTAL=8
[2025-12-16T23:14:13.464+0000] {subprocess.py:93} INFO - [0m23:14:13  [[33mWARNING[0m][DeprecationsSummary]: Deprecated functionality
[2025-12-16T23:14:13.465+0000] {subprocess.py:93} INFO - Summary of encountered deprecations:
[2025-12-16T23:14:13.465+0000] {subprocess.py:93} INFO - - MissingArgumentsPropertyInGenericTestDeprecation: 4 occurrences
[2025-12-16T23:14:13.466+0000] {subprocess.py:93} INFO - To see all deprecation instances instead of just the first occurrence of each,
[2025-12-16T23:14:13.466+0000] {subprocess.py:93} INFO - run command again with the `--show-all-deprecations` flag. You may also need to
[2025-12-16T23:14:13.467+0000] {subprocess.py:93} INFO - run with `--no-partial-parse` as some deprecations are only encountered during
[2025-12-16T23:14:13.467+0000] {subprocess.py:93} INFO - parsing.
[2025-12-16T23:14:14.770+0000] {subprocess.py:97} INFO - Command exited with return code 0
[2025-12-16T23:14:14.771+0000] {taskinstance.py:441} INFO - ::group::Post task execution logs
[2025-12-16T23:14:14.801+0000] {taskinstance.py:1205} INFO - Marking task as SUCCESS. dag_id=mfg_raw_ingestion_dag, task_id=dbt_run_all, execution_date=20251215T040000, start_date=20251216T231351, end_date=20251216T231414
[2025-12-16T23:14:14.857+0000] {local_task_job_runner.py:240} INFO - Task exited with return code 0
[2025-12-16T23:14:14.880+0000] {taskinstance.py:3482} INFO - 1 downstream tasks scheduled from follow-on schedule check
[2025-12-16T23:14:14.885+0000] {local_task_job_runner.py:222} INFO - ::endgroup::
