[2025-12-17T18:20:22.336+0000] {local_task_job_runner.py:120} INFO - ::group::Pre task execution logs
[2025-12-17T18:20:22.372+0000] {taskinstance.py:2073} INFO - Dependencies all met for dep_context=non-requeueable deps ti=<TaskInstance: mfg_dbt_transform_dag.dbt_run_core manual__2025-12-17T18:20:05.630269+00:00 [queued]>
[2025-12-17T18:20:22.382+0000] {taskinstance.py:2073} INFO - Dependencies all met for dep_context=requeueable deps ti=<TaskInstance: mfg_dbt_transform_dag.dbt_run_core manual__2025-12-17T18:20:05.630269+00:00 [queued]>
[2025-12-17T18:20:22.382+0000] {taskinstance.py:2303} INFO - Starting attempt 1 of 3
[2025-12-17T18:20:22.399+0000] {taskinstance.py:2327} INFO - Executing <Task(BashOperator): dbt_run_core> on 2025-12-17 18:20:05.630269+00:00
[2025-12-17T18:20:22.406+0000] {logging_mixin.py:188} WARNING - /home/***/.local/lib/python3.12/site-packages/***/task/task_runner/standard_task_runner.py:61 DeprecationWarning: This process (pid=1990) is multi-threaded, use of fork() may lead to deadlocks in the child.
[2025-12-17T18:20:22.407+0000] {standard_task_runner.py:63} INFO - Started process 1991 to run task
[2025-12-17T18:20:22.406+0000] {standard_task_runner.py:90} INFO - Running: ['***', 'tasks', 'run', 'mfg_dbt_transform_dag', 'dbt_run_core', 'manual__2025-12-17T18:20:05.630269+00:00', '--job-id', '42', '--raw', '--subdir', 'DAGS_FOLDER/mfg_dbt_transform_dag.py', '--cfg-path', '/tmp/tmp9hwxmrb2']
[2025-12-17T18:20:22.408+0000] {standard_task_runner.py:91} INFO - Job 42: Subtask dbt_run_core
[2025-12-17T18:20:22.475+0000] {task_command.py:426} INFO - Running <TaskInstance: mfg_dbt_transform_dag.dbt_run_core manual__2025-12-17T18:20:05.630269+00:00 [running]> on host 8717822a88d5
[2025-12-17T18:20:22.590+0000] {taskinstance.py:2644} INFO - Exporting env vars: AIRFLOW_CTX_DAG_OWNER='data-eng' AIRFLOW_CTX_DAG_ID='mfg_dbt_transform_dag' AIRFLOW_CTX_TASK_ID='dbt_run_core' AIRFLOW_CTX_EXECUTION_DATE='2025-12-17T18:20:05.630269+00:00' AIRFLOW_CTX_TRY_NUMBER='1' AIRFLOW_CTX_DAG_RUN_ID='manual__2025-12-17T18:20:05.630269+00:00'
[2025-12-17T18:20:22.592+0000] {taskinstance.py:430} INFO - ::endgroup::
[2025-12-17T18:20:22.608+0000] {subprocess.py:63} INFO - Tmp dir root location: /tmp
[2025-12-17T18:20:22.610+0000] {subprocess.py:75} INFO - Running command: ['/usr/bin/bash', '-c', 'cd /opt/***/dbt_project && dbt run --select core --profiles-dir /opt/***/dbt_profiles']
[2025-12-17T18:20:22.618+0000] {subprocess.py:86} INFO - Output:
[2025-12-17T18:20:25.085+0000] {subprocess.py:93} INFO - [0m18:20:25  Running with dbt=1.8.4
[2025-12-17T18:20:26.572+0000] {subprocess.py:93} INFO - [0m18:20:26  Registered adapter: snowflake=1.8.4
[2025-12-17T18:20:27.441+0000] {subprocess.py:93} INFO - [0m18:20:27  Found 8 models, 24 data tests, 3 sources, 460 macros
[2025-12-17T18:20:27.447+0000] {subprocess.py:93} INFO - [0m18:20:27
[2025-12-17T18:20:31.540+0000] {subprocess.py:93} INFO - [0m18:20:31  Concurrency: 4 threads (target='dev')
[2025-12-17T18:20:31.542+0000] {subprocess.py:93} INFO - [0m18:20:31
[2025-12-17T18:20:31.556+0000] {subprocess.py:93} INFO - [0m18:20:31  1 of 3 START sql table model CORE.core_materials ............................... [RUN]
[2025-12-17T18:20:34.251+0000] {subprocess.py:93} INFO - [0m18:20:34  1 of 3 OK created sql table model CORE.core_materials .......................... [[32mSUCCESS 1[0m in 2.69s]
[2025-12-17T18:20:34.259+0000] {subprocess.py:93} INFO - [0m18:20:34  2 of 3 START sql table model CORE.core_batches ................................. [RUN]
[2025-12-17T18:20:34.261+0000] {subprocess.py:93} INFO - [0m18:20:34  3 of 3 START sql table model CORE.fct_production_orders ........................ [RUN]
[2025-12-17T18:20:37.374+0000] {subprocess.py:93} INFO - [0m18:20:37  2 of 3 OK created sql table model CORE.core_batches ............................ [[32mSUCCESS 1[0m in 3.11s]
[2025-12-17T18:20:37.420+0000] {subprocess.py:93} INFO - [0m18:20:37  3 of 3 OK created sql table model CORE.fct_production_orders ................... [[32mSUCCESS 1[0m in 3.15s]
[2025-12-17T18:20:37.439+0000] {subprocess.py:93} INFO - [0m18:20:37
[2025-12-17T18:20:37.441+0000] {subprocess.py:93} INFO - [0m18:20:37  Finished running 3 table models in 0 hours 0 minutes and 9.99 seconds (9.99s).
[2025-12-17T18:20:37.528+0000] {subprocess.py:93} INFO - [0m18:20:37
[2025-12-17T18:20:37.530+0000] {subprocess.py:93} INFO - [0m18:20:37  [32mCompleted successfully[0m
[2025-12-17T18:20:37.531+0000] {subprocess.py:93} INFO - [0m18:20:37
[2025-12-17T18:20:37.533+0000] {subprocess.py:93} INFO - [0m18:20:37  Done. PASS=3 WARN=0 ERROR=0 SKIP=0 TOTAL=3
[2025-12-17T18:20:38.649+0000] {subprocess.py:97} INFO - Command exited with return code 0
[2025-12-17T18:20:38.650+0000] {taskinstance.py:441} INFO - ::group::Post task execution logs
[2025-12-17T18:20:38.692+0000] {taskinstance.py:1205} INFO - Marking task as SUCCESS. dag_id=mfg_dbt_transform_dag, task_id=dbt_run_core, execution_date=20251217T182005, start_date=20251217T182022, end_date=20251217T182038
[2025-12-17T18:20:38.739+0000] {local_task_job_runner.py:240} INFO - Task exited with return code 0
[2025-12-17T18:20:38.770+0000] {taskinstance.py:3482} INFO - 1 downstream tasks scheduled from follow-on schedule check
[2025-12-17T18:20:38.775+0000] {local_task_job_runner.py:222} INFO - ::endgroup::
