[2025-12-17T18:20:39.438+0000] {local_task_job_runner.py:120} INFO - ::group::Pre task execution logs
[2025-12-17T18:20:39.474+0000] {taskinstance.py:2073} INFO - Dependencies all met for dep_context=non-requeueable deps ti=<TaskInstance: mfg_dbt_transform_dag.dbt_run_marts manual__2025-12-17T18:20:05.630269+00:00 [queued]>
[2025-12-17T18:20:39.484+0000] {taskinstance.py:2073} INFO - Dependencies all met for dep_context=requeueable deps ti=<TaskInstance: mfg_dbt_transform_dag.dbt_run_marts manual__2025-12-17T18:20:05.630269+00:00 [queued]>
[2025-12-17T18:20:39.484+0000] {taskinstance.py:2303} INFO - Starting attempt 1 of 3
[2025-12-17T18:20:39.501+0000] {taskinstance.py:2327} INFO - Executing <Task(BashOperator): dbt_run_marts> on 2025-12-17 18:20:05.630269+00:00
[2025-12-17T18:20:39.508+0000] {logging_mixin.py:188} WARNING - /home/***/.local/lib/python3.12/site-packages/***/task/task_runner/standard_task_runner.py:61 DeprecationWarning: This process (pid=2043) is multi-threaded, use of fork() may lead to deadlocks in the child.
[2025-12-17T18:20:39.510+0000] {standard_task_runner.py:63} INFO - Started process 2044 to run task
[2025-12-17T18:20:39.508+0000] {standard_task_runner.py:90} INFO - Running: ['***', 'tasks', 'run', 'mfg_dbt_transform_dag', 'dbt_run_marts', 'manual__2025-12-17T18:20:05.630269+00:00', '--job-id', '44', '--raw', '--subdir', 'DAGS_FOLDER/mfg_dbt_transform_dag.py', '--cfg-path', '/tmp/tmprhhtw2on']
[2025-12-17T18:20:39.511+0000] {standard_task_runner.py:91} INFO - Job 44: Subtask dbt_run_marts
[2025-12-17T18:20:39.597+0000] {task_command.py:426} INFO - Running <TaskInstance: mfg_dbt_transform_dag.dbt_run_marts manual__2025-12-17T18:20:05.630269+00:00 [running]> on host 8717822a88d5
[2025-12-17T18:20:39.716+0000] {taskinstance.py:2644} INFO - Exporting env vars: AIRFLOW_CTX_DAG_OWNER='data-eng' AIRFLOW_CTX_DAG_ID='mfg_dbt_transform_dag' AIRFLOW_CTX_TASK_ID='dbt_run_marts' AIRFLOW_CTX_EXECUTION_DATE='2025-12-17T18:20:05.630269+00:00' AIRFLOW_CTX_TRY_NUMBER='1' AIRFLOW_CTX_DAG_RUN_ID='manual__2025-12-17T18:20:05.630269+00:00'
[2025-12-17T18:20:39.717+0000] {taskinstance.py:430} INFO - ::endgroup::
[2025-12-17T18:20:39.733+0000] {subprocess.py:63} INFO - Tmp dir root location: /tmp
[2025-12-17T18:20:39.734+0000] {subprocess.py:75} INFO - Running command: ['/usr/bin/bash', '-c', 'cd /opt/***/dbt_project && dbt run --select marts --profiles-dir /opt/***/dbt_profiles']
[2025-12-17T18:20:39.742+0000] {subprocess.py:86} INFO - Output:
[2025-12-17T18:20:42.186+0000] {subprocess.py:93} INFO - [0m18:20:42  Running with dbt=1.8.4
[2025-12-17T18:20:43.444+0000] {subprocess.py:93} INFO - [0m18:20:43  Registered adapter: snowflake=1.8.4
[2025-12-17T18:20:44.279+0000] {subprocess.py:93} INFO - [0m18:20:44  Found 8 models, 24 data tests, 3 sources, 460 macros
[2025-12-17T18:20:44.285+0000] {subprocess.py:93} INFO - [0m18:20:44
[2025-12-17T18:20:48.176+0000] {subprocess.py:93} INFO - [0m18:20:48  Concurrency: 4 threads (target='dev')
[2025-12-17T18:20:48.179+0000] {subprocess.py:93} INFO - [0m18:20:48
[2025-12-17T18:20:48.206+0000] {subprocess.py:93} INFO - [0m18:20:48  1 of 2 START sql table model MARTS.mfg_ml_features_orders ...................... [RUN]
[2025-12-17T18:20:48.208+0000] {subprocess.py:93} INFO - [0m18:20:48  2 of 2 START sql table model MARTS.mfg_plant_daily_kpis ........................ [RUN]
[2025-12-17T18:20:50.923+0000] {subprocess.py:93} INFO - [0m18:20:50  1 of 2 OK created sql table model MARTS.mfg_ml_features_orders ................. [[32mSUCCESS 1[0m in 2.71s]
[2025-12-17T18:20:51.244+0000] {subprocess.py:93} INFO - [0m18:20:51  2 of 2 OK created sql table model MARTS.mfg_plant_daily_kpis ................... [[32mSUCCESS 1[0m in 3.03s]
[2025-12-17T18:20:51.260+0000] {subprocess.py:93} INFO - [0m18:20:51
[2025-12-17T18:20:51.261+0000] {subprocess.py:93} INFO - [0m18:20:51  Finished running 2 table models in 0 hours 0 minutes and 6.97 seconds (6.97s).
[2025-12-17T18:20:51.350+0000] {subprocess.py:93} INFO - [0m18:20:51
[2025-12-17T18:20:51.351+0000] {subprocess.py:93} INFO - [0m18:20:51  [32mCompleted successfully[0m
[2025-12-17T18:20:51.353+0000] {subprocess.py:93} INFO - [0m18:20:51
[2025-12-17T18:20:51.354+0000] {subprocess.py:93} INFO - [0m18:20:51  Done. PASS=2 WARN=0 ERROR=0 SKIP=0 TOTAL=2
[2025-12-17T18:20:52.330+0000] {subprocess.py:97} INFO - Command exited with return code 0
[2025-12-17T18:20:52.331+0000] {taskinstance.py:441} INFO - ::group::Post task execution logs
[2025-12-17T18:20:52.372+0000] {taskinstance.py:1205} INFO - Marking task as SUCCESS. dag_id=mfg_dbt_transform_dag, task_id=dbt_run_marts, execution_date=20251217T182005, start_date=20251217T182039, end_date=20251217T182052
[2025-12-17T18:20:52.420+0000] {local_task_job_runner.py:240} INFO - Task exited with return code 0
[2025-12-17T18:20:52.442+0000] {taskinstance.py:3482} INFO - 1 downstream tasks scheduled from follow-on schedule check
[2025-12-17T18:20:52.446+0000] {local_task_job_runner.py:222} INFO - ::endgroup::
