[2025-12-11T10:39:55.107+0000] {local_task_job_runner.py:120} INFO - ::group::Pre task execution logs
[2025-12-11T10:39:55.145+0000] {taskinstance.py:2073} INFO - Dependencies all met for dep_context=non-requeueable deps ti=<TaskInstance: mfg_accelerator_pipeline.ingest_raw_to_snowflake manual__2025-12-11T10:39:53.875471+00:00 [queued]>
[2025-12-11T10:39:55.153+0000] {taskinstance.py:2073} INFO - Dependencies all met for dep_context=requeueable deps ti=<TaskInstance: mfg_accelerator_pipeline.ingest_raw_to_snowflake manual__2025-12-11T10:39:53.875471+00:00 [queued]>
[2025-12-11T10:39:55.154+0000] {taskinstance.py:2303} INFO - Starting attempt 1 of 2
[2025-12-11T10:39:55.170+0000] {taskinstance.py:2327} INFO - Executing <Task(BashOperator): ingest_raw_to_snowflake> on 2025-12-11 10:39:53.875471+00:00
[2025-12-11T10:39:55.179+0000] {standard_task_runner.py:90} INFO - Running: ['***', 'tasks', 'run', 'mfg_accelerator_pipeline', 'ingest_raw_to_snowflake', 'manual__2025-12-11T10:39:53.875471+00:00', '--job-id', '2', '--raw', '--subdir', 'DAGS_FOLDER/mfg_pipeline.py', '--cfg-path', '/tmp/tmp0xsawri6']
[2025-12-11T10:39:55.183+0000] {standard_task_runner.py:91} INFO - Job 2: Subtask ingest_raw_to_snowflake
[2025-12-11T10:39:55.184+0000] {logging_mixin.py:188} WARNING - /home/***/.local/lib/python3.12/site-packages/***/task/task_runner/standard_task_runner.py:61 DeprecationWarning: This process (pid=266) is multi-threaded, use of fork() may lead to deadlocks in the child.
[2025-12-11T10:39:55.185+0000] {standard_task_runner.py:63} INFO - Started process 267 to run task
[2025-12-11T10:39:55.253+0000] {task_command.py:426} INFO - Running <TaskInstance: mfg_accelerator_pipeline.ingest_raw_to_snowflake manual__2025-12-11T10:39:53.875471+00:00 [running]> on host f87337c16ca9
[2025-12-11T10:39:55.349+0000] {taskinstance.py:2644} INFO - Exporting env vars: AIRFLOW_CTX_DAG_OWNER='data_engineer' AIRFLOW_CTX_DAG_ID='mfg_accelerator_pipeline' AIRFLOW_CTX_TASK_ID='ingest_raw_to_snowflake' AIRFLOW_CTX_EXECUTION_DATE='2025-12-11T10:39:53.875471+00:00' AIRFLOW_CTX_TRY_NUMBER='1' AIRFLOW_CTX_DAG_RUN_ID='manual__2025-12-11T10:39:53.875471+00:00'
[2025-12-11T10:39:55.350+0000] {taskinstance.py:430} INFO - ::endgroup::
[2025-12-11T10:39:55.393+0000] {subprocess.py:63} INFO - Tmp dir root location: /tmp
[2025-12-11T10:39:55.394+0000] {subprocess.py:75} INFO - Running command: ['/usr/bin/bash', '-c', 'python /opt/***/ingestion/python/load_raw_to_snowflake.py']
[2025-12-11T10:39:55.403+0000] {subprocess.py:86} INFO - Output:
[2025-12-11T10:40:00.647+0000] {subprocess.py:93} INFO - [INFO] Looking for .env at: /opt/***/.env
[2025-12-11T10:40:00.648+0000] {subprocess.py:93} INFO - [INFO] Environment variables loaded from /opt/***/.env
[2025-12-11T10:40:00.649+0000] {subprocess.py:93} INFO - [DEBUG] SNOWFLAKE_ACCOUNT present? YES
[2025-12-11T10:40:00.649+0000] {subprocess.py:93} INFO - [DEBUG] SNOWFLAKE_USER present? YES
[2025-12-11T10:40:00.650+0000] {subprocess.py:93} INFO - [DEBUG] SNOWFLAKE_PASSWORD present? YES
[2025-12-11T10:40:00.651+0000] {subprocess.py:93} INFO - [DEBUG] SNOWFLAKE_ROLE present? YES
[2025-12-11T10:40:00.651+0000] {subprocess.py:93} INFO - [DEBUG] SNOWFLAKE_WAREHOUSE present? YES
[2025-12-11T10:40:00.652+0000] {subprocess.py:93} INFO - [DEBUG] SNOWFLAKE_DATABASE present? YES
[2025-12-11T10:40:00.653+0000] {subprocess.py:93} INFO - [DEBUG] SNOWFLAKE_SCHEMA present? YES
[2025-12-11T10:40:00.653+0000] {subprocess.py:93} INFO - [INFO] Connecting to Snowflake...
[2025-12-11T10:40:00.654+0000] {subprocess.py:93} INFO - [OK] Connected to Snowflake
[2025-12-11T10:40:00.655+0000] {subprocess.py:93} INFO - [INFO] Ensuring table RAW.MATERIALS exists...
[2025-12-11T10:40:00.655+0000] {subprocess.py:93} INFO - [OK] Table RAW.MATERIALS is ready
[2025-12-11T10:40:00.656+0000] {subprocess.py:93} INFO - [INFO] Ensuring table RAW.BATCHES exists...
[2025-12-11T10:40:00.657+0000] {subprocess.py:93} INFO - [OK] Table RAW.BATCHES is ready
[2025-12-11T10:40:00.657+0000] {subprocess.py:93} INFO - [INFO] Ensuring table RAW.PRODUCTION_ORDERS exists...
[2025-12-11T10:40:00.658+0000] {subprocess.py:93} INFO - [OK] Table RAW.PRODUCTION_ORDERS is ready
[2025-12-11T10:40:00.659+0000] {subprocess.py:93} INFO - [ERROR] CSV file not found: data/raw/source_system/materials.csv
[2025-12-11T10:40:00.659+0000] {subprocess.py:93} INFO - [INFO] Closing Snowflake cursor and connection...
[2025-12-11T10:40:00.660+0000] {subprocess.py:93} INFO - [OK] Connection closed
[2025-12-11T10:40:00.851+0000] {subprocess.py:97} INFO - Command exited with return code 1
[2025-12-11T10:40:00.852+0000] {taskinstance.py:441} INFO - ::group::Post task execution logs
[2025-12-11T10:40:00.864+0000] {taskinstance.py:2890} ERROR - Task failed with exception
Traceback (most recent call last):
  File "/home/airflow/.local/lib/python3.12/site-packages/airflow/models/taskinstance.py", line 465, in _execute_task
    result = _execute_callable(context=context, **execute_callable_kwargs)
             ^^^^^^^^^^^^^^^^^^^^^^^^^^^^^^^^^^^^^^^^^^^^^^^^^^^^^^^^^^^^^
  File "/home/airflow/.local/lib/python3.12/site-packages/airflow/models/taskinstance.py", line 432, in _execute_callable
    return execute_callable(context=context, **execute_callable_kwargs)
           ^^^^^^^^^^^^^^^^^^^^^^^^^^^^^^^^^^^^^^^^^^^^^^^^^^^^^^^^^^^^
  File "/home/airflow/.local/lib/python3.12/site-packages/airflow/models/baseoperator.py", line 400, in wrapper
    return func(self, *args, **kwargs)
           ^^^^^^^^^^^^^^^^^^^^^^^^^^^
  File "/home/airflow/.local/lib/python3.12/site-packages/airflow/operators/bash.py", line 243, in execute
    raise AirflowException(
airflow.exceptions.AirflowException: Bash command failed. The command returned a non-zero exit code 1.
[2025-12-11T10:40:00.868+0000] {taskinstance.py:1205} INFO - Marking task as UP_FOR_RETRY. dag_id=mfg_accelerator_pipeline, task_id=ingest_raw_to_snowflake, execution_date=20251211T103953, start_date=20251211T103955, end_date=20251211T104000
[2025-12-11T10:40:00.882+0000] {standard_task_runner.py:110} ERROR - Failed to execute job 2 for task ingest_raw_to_snowflake (Bash command failed. The command returned a non-zero exit code 1.; 267)
[2025-12-11T10:40:00.913+0000] {local_task_job_runner.py:240} INFO - Task exited with return code 1
[2025-12-11T10:40:00.934+0000] {taskinstance.py:3482} INFO - 0 downstream tasks scheduled from follow-on schedule check
[2025-12-11T10:40:00.938+0000] {local_task_job_runner.py:222} INFO - ::endgroup::
