[2025-12-17T07:12:05.892+0000] {local_task_job_runner.py:120} INFO - ::group::Pre task execution logs
[2025-12-17T07:12:05.930+0000] {taskinstance.py:2073} INFO - Dependencies all met for dep_context=non-requeueable deps ti=<TaskInstance: mfg_dbt_transform_dag.dbt_run_staging scheduled__2025-12-16T04:15:00+00:00 [queued]>
[2025-12-17T07:12:05.944+0000] {taskinstance.py:2073} INFO - Dependencies all met for dep_context=requeueable deps ti=<TaskInstance: mfg_dbt_transform_dag.dbt_run_staging scheduled__2025-12-16T04:15:00+00:00 [queued]>
[2025-12-17T07:12:05.945+0000] {taskinstance.py:2303} INFO - Starting attempt 2 of 3
[2025-12-17T07:12:05.964+0000] {taskinstance.py:2327} INFO - Executing <Task(BashOperator): dbt_run_staging> on 2025-12-16 04:15:00+00:00
[2025-12-17T07:12:05.972+0000] {standard_task_runner.py:90} INFO - Running: ['***', 'tasks', 'run', 'mfg_dbt_transform_dag', 'dbt_run_staging', 'scheduled__2025-12-16T04:15:00+00:00', '--job-id', '33', '--raw', '--subdir', 'DAGS_FOLDER/mfg_dbt_transform_dag.py', '--cfg-path', '/tmp/tmp1vq0rgno']
[2025-12-17T07:12:05.976+0000] {standard_task_runner.py:91} INFO - Job 33: Subtask dbt_run_staging
[2025-12-17T07:12:05.980+0000] {logging_mixin.py:188} WARNING - /home/***/.local/lib/python3.12/site-packages/***/task/task_runner/standard_task_runner.py:61 DeprecationWarning: This process (pid=2838) is multi-threaded, use of fork() may lead to deadlocks in the child.
[2025-12-17T07:12:05.981+0000] {standard_task_runner.py:63} INFO - Started process 2839 to run task
[2025-12-17T07:12:06.036+0000] {task_command.py:426} INFO - Running <TaskInstance: mfg_dbt_transform_dag.dbt_run_staging scheduled__2025-12-16T04:15:00+00:00 [running]> on host f349782282f8
[2025-12-17T07:12:06.142+0000] {taskinstance.py:2644} INFO - Exporting env vars: AIRFLOW_CTX_DAG_OWNER='data-engineering' AIRFLOW_CTX_DAG_ID='mfg_dbt_transform_dag' AIRFLOW_CTX_TASK_ID='dbt_run_staging' AIRFLOW_CTX_EXECUTION_DATE='2025-12-16T04:15:00+00:00' AIRFLOW_CTX_TRY_NUMBER='2' AIRFLOW_CTX_DAG_RUN_ID='scheduled__2025-12-16T04:15:00+00:00'
[2025-12-17T07:12:06.143+0000] {taskinstance.py:430} INFO - ::endgroup::
[2025-12-17T07:12:06.163+0000] {subprocess.py:63} INFO - Tmp dir root location: /tmp
[2025-12-17T07:12:06.165+0000] {subprocess.py:75} INFO - Running command: ['/usr/bin/bash', '-c', 'cd /opt/***/dbt_project && dbt run --select staging --profiles-dir /opt/***/dbt_profiles']
[2025-12-17T07:12:06.176+0000] {subprocess.py:86} INFO - Output:
[2025-12-17T07:12:08.537+0000] {subprocess.py:93} INFO - [0m07:12:08  Running with dbt=1.10.16
[2025-12-17T07:12:09.810+0000] {subprocess.py:93} INFO - [0m07:12:09  Registered adapter: snowflake=1.10.4
[2025-12-17T07:12:10.562+0000] {subprocess.py:93} INFO - [0m07:12:10  Found 8 models, 24 data tests, 3 sources, 504 macros
[2025-12-17T07:12:10.568+0000] {subprocess.py:93} INFO - [0m07:12:10
[2025-12-17T07:12:10.570+0000] {subprocess.py:93} INFO - [0m07:12:10  Concurrency: 4 threads (target='dev')
[2025-12-17T07:12:10.571+0000] {subprocess.py:93} INFO - [0m07:12:10
[2025-12-17T07:12:13.225+0000] {subprocess.py:93} INFO - [0m07:12:13  1 of 3 START sql view model ANALYTICS_analytics.stg_batches .................... [RUN]
[2025-12-17T07:12:13.228+0000] {subprocess.py:93} INFO - [0m07:12:13  2 of 3 START sql view model ANALYTICS_analytics.stg_materials .................. [RUN]
[2025-12-17T07:12:13.230+0000] {subprocess.py:93} INFO - [0m07:12:13  3 of 3 START sql view model ANALYTICS_analytics.stg_production_orders .......... [RUN]
[2025-12-17T07:12:13.990+0000] {subprocess.py:93} INFO - [0m07:12:13  1 of 3 OK created sql view model ANALYTICS_analytics.stg_batches ............... [[32mSUCCESS 1[0m in 0.75s]
[2025-12-17T07:12:14.672+0000] {subprocess.py:93} INFO - [0m07:12:14  2 of 3 OK created sql view model ANALYTICS_analytics.stg_materials ............. [[32mSUCCESS 1[0m in 1.44s]
[2025-12-17T07:12:15.142+0000] {subprocess.py:93} INFO - [0m07:12:15  3 of 3 OK created sql view model ANALYTICS_analytics.stg_production_orders ..... [[32mSUCCESS 1[0m in 1.90s]
[2025-12-17T07:12:16.421+0000] {subprocess.py:93} INFO - [0m07:12:16
[2025-12-17T07:12:16.423+0000] {subprocess.py:93} INFO - [0m07:12:16  Finished running 3 view models in 0 hours 0 minutes and 5.85 seconds (5.85s).
[2025-12-17T07:12:16.513+0000] {subprocess.py:93} INFO - [0m07:12:16
[2025-12-17T07:12:16.515+0000] {subprocess.py:93} INFO - [0m07:12:16  [32mCompleted successfully[0m
[2025-12-17T07:12:16.516+0000] {subprocess.py:93} INFO - [0m07:12:16
[2025-12-17T07:12:16.518+0000] {subprocess.py:93} INFO - [0m07:12:16  Done. PASS=3 WARN=0 ERROR=0 SKIP=0 NO-OP=0 TOTAL=3
[2025-12-17T07:12:17.585+0000] {subprocess.py:97} INFO - Command exited with return code 0
[2025-12-17T07:12:17.586+0000] {taskinstance.py:441} INFO - ::group::Post task execution logs
[2025-12-17T07:12:17.613+0000] {taskinstance.py:1205} INFO - Marking task as SUCCESS. dag_id=mfg_dbt_transform_dag, task_id=dbt_run_staging, execution_date=20251216T041500, start_date=20251217T071205, end_date=20251217T071217
[2025-12-17T07:12:17.656+0000] {local_task_job_runner.py:240} INFO - Task exited with return code 0
[2025-12-17T07:12:17.678+0000] {taskinstance.py:3482} INFO - 1 downstream tasks scheduled from follow-on schedule check
[2025-12-17T07:12:17.682+0000] {local_task_job_runner.py:222} INFO - ::endgroup::
