[2025-12-16T23:16:18.804+0000] {local_task_job_runner.py:120} INFO - ::group::Pre task execution logs
[2025-12-16T23:16:18.845+0000] {taskinstance.py:2073} INFO - Dependencies all met for dep_context=non-requeueable deps ti=<TaskInstance: mfg_dbt_transform_dag.dbt_run_staging manual__2025-12-16T23:15:10.392181+00:00 [queued]>
[2025-12-16T23:16:18.857+0000] {taskinstance.py:2073} INFO - Dependencies all met for dep_context=requeueable deps ti=<TaskInstance: mfg_dbt_transform_dag.dbt_run_staging manual__2025-12-16T23:15:10.392181+00:00 [queued]>
[2025-12-16T23:16:18.858+0000] {taskinstance.py:2303} INFO - Starting attempt 1 of 3
[2025-12-16T23:16:18.878+0000] {taskinstance.py:2327} INFO - Executing <Task(BashOperator): dbt_run_staging> on 2025-12-16 23:15:10.392181+00:00
[2025-12-16T23:16:18.887+0000] {standard_task_runner.py:90} INFO - Running: ['***', 'tasks', 'run', 'mfg_dbt_transform_dag', 'dbt_run_staging', 'manual__2025-12-16T23:15:10.392181+00:00', '--job-id', '12', '--raw', '--subdir', 'DAGS_FOLDER/mfg_dbt_transform_dag.py', '--cfg-path', '/tmp/tmpd2lt_gkb']
[2025-12-16T23:16:18.891+0000] {standard_task_runner.py:91} INFO - Job 12: Subtask dbt_run_staging
[2025-12-16T23:16:18.891+0000] {logging_mixin.py:188} WARNING - /home/***/.local/lib/python3.12/site-packages/***/task/task_runner/standard_task_runner.py:61 DeprecationWarning: This process (pid=641) is multi-threaded, use of fork() may lead to deadlocks in the child.
[2025-12-16T23:16:18.892+0000] {standard_task_runner.py:63} INFO - Started process 642 to run task
[2025-12-16T23:16:18.961+0000] {task_command.py:426} INFO - Running <TaskInstance: mfg_dbt_transform_dag.dbt_run_staging manual__2025-12-16T23:15:10.392181+00:00 [running]> on host f349782282f8
[2025-12-16T23:16:19.090+0000] {taskinstance.py:2644} INFO - Exporting env vars: AIRFLOW_CTX_DAG_OWNER='data-engineering' AIRFLOW_CTX_DAG_ID='mfg_dbt_transform_dag' AIRFLOW_CTX_TASK_ID='dbt_run_staging' AIRFLOW_CTX_EXECUTION_DATE='2025-12-16T23:15:10.392181+00:00' AIRFLOW_CTX_TRY_NUMBER='1' AIRFLOW_CTX_DAG_RUN_ID='manual__2025-12-16T23:15:10.392181+00:00'
[2025-12-16T23:16:19.091+0000] {taskinstance.py:430} INFO - ::endgroup::
[2025-12-16T23:16:19.114+0000] {subprocess.py:63} INFO - Tmp dir root location: /tmp
[2025-12-16T23:16:19.116+0000] {subprocess.py:75} INFO - Running command: ['/usr/bin/bash', '-c', 'cd /opt/***/dbt_project && dbt run --select staging --profiles-dir /opt/***/dbt_profiles']
[2025-12-16T23:16:19.127+0000] {subprocess.py:86} INFO - Output:
[2025-12-16T23:16:22.699+0000] {subprocess.py:93} INFO - [0m23:16:22  Running with dbt=1.10.16
[2025-12-16T23:16:24.331+0000] {subprocess.py:93} INFO - [0m23:16:24  Registered adapter: snowflake=1.10.4
[2025-12-16T23:16:25.318+0000] {subprocess.py:93} INFO - [0m23:16:25  Found 8 models, 24 data tests, 3 sources, 504 macros
[2025-12-16T23:16:25.325+0000] {subprocess.py:93} INFO - [0m23:16:25
[2025-12-16T23:16:25.327+0000] {subprocess.py:93} INFO - [0m23:16:25  Concurrency: 4 threads (target='dev')
[2025-12-16T23:16:25.329+0000] {subprocess.py:93} INFO - [0m23:16:25
[2025-12-16T23:16:27.522+0000] {subprocess.py:93} INFO - [0m23:16:27  1 of 3 START sql view model ANALYTICS_analytics.stg_batches .................... [RUN]
[2025-12-16T23:16:27.524+0000] {subprocess.py:93} INFO - [0m23:16:27  2 of 3 START sql view model ANALYTICS_analytics.stg_materials .................. [RUN]
[2025-12-16T23:16:27.526+0000] {subprocess.py:93} INFO - [0m23:16:27  3 of 3 START sql view model ANALYTICS_analytics.stg_production_orders .......... [RUN]
[2025-12-16T23:16:28.391+0000] {subprocess.py:93} INFO - [0m23:16:28  1 of 3 OK created sql view model ANALYTICS_analytics.stg_batches ............... [[32mSUCCESS 1[0m in 0.85s]
[2025-12-16T23:16:29.435+0000] {subprocess.py:93} INFO - [0m23:16:29  2 of 3 OK created sql view model ANALYTICS_analytics.stg_materials ............. [[32mSUCCESS 1[0m in 1.90s]
[2025-12-16T23:16:29.456+0000] {subprocess.py:93} INFO - [0m23:16:29  3 of 3 OK created sql view model ANALYTICS_analytics.stg_production_orders ..... [[32mSUCCESS 1[0m in 1.92s]
[2025-12-16T23:16:30.916+0000] {subprocess.py:93} INFO - [0m23:16:30
[2025-12-16T23:16:30.919+0000] {subprocess.py:93} INFO - [0m23:16:30  Finished running 3 view models in 0 hours 0 minutes and 5.58 seconds (5.58s).
[2025-12-16T23:16:31.027+0000] {subprocess.py:93} INFO - [0m23:16:31
[2025-12-16T23:16:31.030+0000] {subprocess.py:93} INFO - [0m23:16:31  [32mCompleted successfully[0m
[2025-12-16T23:16:31.032+0000] {subprocess.py:93} INFO - [0m23:16:31
[2025-12-16T23:16:31.034+0000] {subprocess.py:93} INFO - [0m23:16:31  Done. PASS=3 WARN=0 ERROR=0 SKIP=0 NO-OP=0 TOTAL=3
[2025-12-16T23:16:32.060+0000] {subprocess.py:97} INFO - Command exited with return code 0
[2025-12-16T23:16:32.061+0000] {taskinstance.py:441} INFO - ::group::Post task execution logs
[2025-12-16T23:16:32.099+0000] {taskinstance.py:1205} INFO - Marking task as SUCCESS. dag_id=mfg_dbt_transform_dag, task_id=dbt_run_staging, execution_date=20251216T231510, start_date=20251216T231618, end_date=20251216T231632
[2025-12-16T23:16:32.148+0000] {local_task_job_runner.py:240} INFO - Task exited with return code 0
[2025-12-16T23:16:32.179+0000] {taskinstance.py:3482} INFO - 1 downstream tasks scheduled from follow-on schedule check
[2025-12-16T23:16:32.184+0000] {local_task_job_runner.py:222} INFO - ::endgroup::
