[2025-12-17T13:46:07.359+0000] {local_task_job_runner.py:120} INFO - ::group::Pre task execution logs
[2025-12-17T13:46:07.410+0000] {taskinstance.py:2073} INFO - Dependencies all met for dep_context=non-requeueable deps ti=<TaskInstance: mfg_dbt_transform_dag.dbt_run_staging manual__2025-12-17T13:44:53.762140+00:00 [queued]>
[2025-12-17T13:46:07.426+0000] {taskinstance.py:2073} INFO - Dependencies all met for dep_context=requeueable deps ti=<TaskInstance: mfg_dbt_transform_dag.dbt_run_staging manual__2025-12-17T13:44:53.762140+00:00 [queued]>
[2025-12-17T13:46:07.427+0000] {taskinstance.py:2303} INFO - Starting attempt 1 of 3
[2025-12-17T13:46:07.466+0000] {taskinstance.py:2327} INFO - Executing <Task(BashOperator): dbt_run_staging> on 2025-12-17 13:44:53.762140+00:00
[2025-12-17T13:46:07.482+0000] {standard_task_runner.py:90} INFO - Running: ['***', 'tasks', 'run', 'mfg_dbt_transform_dag', 'dbt_run_staging', 'manual__2025-12-17T13:44:53.762140+00:00', '--job-id', '14', '--raw', '--subdir', 'DAGS_FOLDER/mfg_dbt_transform_dag.py', '--cfg-path', '/tmp/tmp9art26w5']
[2025-12-17T13:46:07.497+0000] {standard_task_runner.py:91} INFO - Job 14: Subtask dbt_run_staging
[2025-12-17T13:46:07.504+0000] {logging_mixin.py:188} WARNING - /home/***/.local/lib/python3.12/site-packages/***/task/task_runner/standard_task_runner.py:61 DeprecationWarning: This process (pid=460) is multi-threaded, use of fork() may lead to deadlocks in the child.
[2025-12-17T13:46:07.511+0000] {standard_task_runner.py:63} INFO - Started process 461 to run task
[2025-12-17T13:46:07.651+0000] {task_command.py:426} INFO - Running <TaskInstance: mfg_dbt_transform_dag.dbt_run_staging manual__2025-12-17T13:44:53.762140+00:00 [running]> on host 8717822a88d5
[2025-12-17T13:46:07.796+0000] {taskinstance.py:2644} INFO - Exporting env vars: AIRFLOW_CTX_DAG_OWNER='data-eng' AIRFLOW_CTX_DAG_ID='mfg_dbt_transform_dag' AIRFLOW_CTX_TASK_ID='dbt_run_staging' AIRFLOW_CTX_EXECUTION_DATE='2025-12-17T13:44:53.762140+00:00' AIRFLOW_CTX_TRY_NUMBER='1' AIRFLOW_CTX_DAG_RUN_ID='manual__2025-12-17T13:44:53.762140+00:00'
[2025-12-17T13:46:07.797+0000] {taskinstance.py:430} INFO - ::endgroup::
[2025-12-17T13:46:07.813+0000] {subprocess.py:63} INFO - Tmp dir root location: /tmp
[2025-12-17T13:46:07.815+0000] {subprocess.py:75} INFO - Running command: ['/usr/bin/bash', '-c', 'cd /opt/***/dbt_project && dbt run --select staging --profiles-dir /opt/***/dbt_profiles']
[2025-12-17T13:46:07.826+0000] {subprocess.py:86} INFO - Output:
[2025-12-17T13:46:10.175+0000] {subprocess.py:93} INFO - [0m13:46:10  Running with dbt=1.8.4
[2025-12-17T13:46:11.459+0000] {subprocess.py:93} INFO - [0m13:46:11  Registered adapter: snowflake=1.8.4
[2025-12-17T13:46:12.466+0000] {subprocess.py:93} INFO - [0m13:46:12  Found 8 models, 24 data tests, 3 sources, 460 macros
[2025-12-17T13:46:12.474+0000] {subprocess.py:93} INFO - [0m13:46:12
[2025-12-17T13:46:15.893+0000] {subprocess.py:93} INFO - [0m13:46:15  Concurrency: 4 threads (target='dev')
[2025-12-17T13:46:15.895+0000] {subprocess.py:93} INFO - [0m13:46:15
[2025-12-17T13:46:15.915+0000] {subprocess.py:93} INFO - [0m13:46:15  1 of 3 START sql view model STAGING.stg_batches ................................ [RUN]
[2025-12-17T13:46:15.918+0000] {subprocess.py:93} INFO - [0m13:46:15  2 of 3 START sql view model STAGING.stg_materials .............................. [RUN]
[2025-12-17T13:46:15.920+0000] {subprocess.py:93} INFO - [0m13:46:15  3 of 3 START sql view model STAGING.stg_production_orders ...................... [RUN]
[2025-12-17T13:46:17.876+0000] {subprocess.py:93} INFO - [0m13:46:17  1 of 3 OK created sql view model STAGING.stg_batches ........................... [[32mSUCCESS 1[0m in 1.95s]
[2025-12-17T13:46:17.960+0000] {subprocess.py:93} INFO - [0m13:46:17  3 of 3 OK created sql view model STAGING.stg_production_orders ................. [[32mSUCCESS 1[0m in 2.03s]
[2025-12-17T13:46:17.970+0000] {subprocess.py:93} INFO - [0m13:46:17  2 of 3 OK created sql view model STAGING.stg_materials ......................... [[32mSUCCESS 1[0m in 2.04s]
[2025-12-17T13:46:17.987+0000] {subprocess.py:93} INFO - [0m13:46:17
[2025-12-17T13:46:17.989+0000] {subprocess.py:93} INFO - [0m13:46:17  Finished running 3 view models in 0 hours 0 minutes and 5.51 seconds (5.51s).
[2025-12-17T13:46:18.073+0000] {subprocess.py:93} INFO - [0m13:46:18
[2025-12-17T13:46:18.075+0000] {subprocess.py:93} INFO - [0m13:46:18  [32mCompleted successfully[0m
[2025-12-17T13:46:18.076+0000] {subprocess.py:93} INFO - [0m13:46:18
[2025-12-17T13:46:18.078+0000] {subprocess.py:93} INFO - [0m13:46:18  Done. PASS=3 WARN=0 ERROR=0 SKIP=0 TOTAL=3
[2025-12-17T13:46:19.081+0000] {subprocess.py:97} INFO - Command exited with return code 0
[2025-12-17T13:46:19.083+0000] {taskinstance.py:441} INFO - ::group::Post task execution logs
[2025-12-17T13:46:19.122+0000] {taskinstance.py:1205} INFO - Marking task as SUCCESS. dag_id=mfg_dbt_transform_dag, task_id=dbt_run_staging, execution_date=20251217T134453, start_date=20251217T134607, end_date=20251217T134619
[2025-12-17T13:46:19.163+0000] {local_task_job_runner.py:240} INFO - Task exited with return code 0
[2025-12-17T13:46:19.190+0000] {taskinstance.py:3482} INFO - 1 downstream tasks scheduled from follow-on schedule check
[2025-12-17T13:46:19.195+0000] {local_task_job_runner.py:222} INFO - ::endgroup::
