[2025-12-17T13:05:56.513+0000] {local_task_job_runner.py:120} INFO - ::group::Pre task execution logs
[2025-12-17T13:05:56.550+0000] {taskinstance.py:2073} INFO - Dependencies all met for dep_context=non-requeueable deps ti=<TaskInstance: mfg_dbt_transform_dag.dbt_run_staging manual__2025-12-17T13:04:46.429303+00:00 [queued]>
[2025-12-17T13:05:56.560+0000] {taskinstance.py:2073} INFO - Dependencies all met for dep_context=requeueable deps ti=<TaskInstance: mfg_dbt_transform_dag.dbt_run_staging manual__2025-12-17T13:04:46.429303+00:00 [queued]>
[2025-12-17T13:05:56.561+0000] {taskinstance.py:2303} INFO - Starting attempt 1 of 3
[2025-12-17T13:05:56.579+0000] {taskinstance.py:2327} INFO - Executing <Task(BashOperator): dbt_run_staging> on 2025-12-17 13:04:46.429303+00:00
[2025-12-17T13:05:56.587+0000] {standard_task_runner.py:90} INFO - Running: ['***', 'tasks', 'run', 'mfg_dbt_transform_dag', 'dbt_run_staging', 'manual__2025-12-17T13:04:46.429303+00:00', '--job-id', '15', '--raw', '--subdir', 'DAGS_FOLDER/mfg_dbt_transform_dag.py', '--cfg-path', '/tmp/tmp7_7aokz0']
[2025-12-17T13:05:56.590+0000] {standard_task_runner.py:91} INFO - Job 15: Subtask dbt_run_staging
[2025-12-17T13:05:56.590+0000] {logging_mixin.py:188} WARNING - /home/***/.local/lib/python3.12/site-packages/***/task/task_runner/standard_task_runner.py:61 DeprecationWarning: This process (pid=901) is multi-threaded, use of fork() may lead to deadlocks in the child.
[2025-12-17T13:05:56.591+0000] {standard_task_runner.py:63} INFO - Started process 902 to run task
[2025-12-17T13:05:56.656+0000] {task_command.py:426} INFO - Running <TaskInstance: mfg_dbt_transform_dag.dbt_run_staging manual__2025-12-17T13:04:46.429303+00:00 [running]> on host 84fc30c39b31
[2025-12-17T13:05:56.766+0000] {taskinstance.py:2644} INFO - Exporting env vars: AIRFLOW_CTX_DAG_OWNER='data-eng' AIRFLOW_CTX_DAG_ID='mfg_dbt_transform_dag' AIRFLOW_CTX_TASK_ID='dbt_run_staging' AIRFLOW_CTX_EXECUTION_DATE='2025-12-17T13:04:46.429303+00:00' AIRFLOW_CTX_TRY_NUMBER='1' AIRFLOW_CTX_DAG_RUN_ID='manual__2025-12-17T13:04:46.429303+00:00'
[2025-12-17T13:05:56.767+0000] {taskinstance.py:430} INFO - ::endgroup::
[2025-12-17T13:05:56.784+0000] {subprocess.py:63} INFO - Tmp dir root location: /tmp
[2025-12-17T13:05:56.786+0000] {subprocess.py:75} INFO - Running command: ['/usr/bin/bash', '-c', 'cd /opt/***/dbt_project && dbt run --select staging --profiles-dir /opt/***/dbt_profiles']
[2025-12-17T13:05:56.797+0000] {subprocess.py:86} INFO - Output:
[2025-12-17T13:05:59.194+0000] {subprocess.py:93} INFO - [0m13:05:59  Running with dbt=1.8.4
[2025-12-17T13:06:00.434+0000] {subprocess.py:93} INFO - [0m13:06:00  Registered adapter: snowflake=1.8.4
[2025-12-17T13:06:01.325+0000] {subprocess.py:93} INFO - [0m13:06:01  Found 8 models, 24 data tests, 3 sources, 459 macros
[2025-12-17T13:06:01.331+0000] {subprocess.py:93} INFO - [0m13:06:01
[2025-12-17T13:06:05.532+0000] {subprocess.py:93} INFO - [0m13:06:05  Concurrency: 4 threads (target='dev')
[2025-12-17T13:06:05.533+0000] {subprocess.py:93} INFO - [0m13:06:05
[2025-12-17T13:06:05.554+0000] {subprocess.py:93} INFO - [0m13:06:05  1 of 3 START sql view model DBT_STAGING.stg_batches ............................ [RUN]
[2025-12-17T13:06:05.556+0000] {subprocess.py:93} INFO - [0m13:06:05  2 of 3 START sql view model DBT_STAGING.stg_materials .......................... [RUN]
[2025-12-17T13:06:05.559+0000] {subprocess.py:93} INFO - [0m13:06:05  3 of 3 START sql view model DBT_STAGING.stg_production_orders .................. [RUN]
[2025-12-17T13:06:07.663+0000] {subprocess.py:93} INFO - [0m13:06:07  3 of 3 OK created sql view model DBT_STAGING.stg_production_orders ............. [[32mSUCCESS 1[0m in 2.09s]
[2025-12-17T13:06:07.664+0000] {subprocess.py:93} INFO - [0m13:06:07  2 of 3 OK created sql view model DBT_STAGING.stg_materials ..................... [[32mSUCCESS 1[0m in 2.10s]
[2025-12-17T13:06:08.224+0000] {subprocess.py:93} INFO - [0m13:06:08  1 of 3 OK created sql view model DBT_STAGING.stg_batches ....................... [[32mSUCCESS 1[0m in 2.66s]
[2025-12-17T13:06:08.237+0000] {subprocess.py:93} INFO - [0m13:06:08
[2025-12-17T13:06:08.239+0000] {subprocess.py:93} INFO - [0m13:06:08  Finished running 3 view models in 0 hours 0 minutes and 6.90 seconds (6.90s).
[2025-12-17T13:06:08.314+0000] {subprocess.py:93} INFO - [0m13:06:08
[2025-12-17T13:06:08.316+0000] {subprocess.py:93} INFO - [0m13:06:08  [32mCompleted successfully[0m
[2025-12-17T13:06:08.317+0000] {subprocess.py:93} INFO - [0m13:06:08
[2025-12-17T13:06:08.319+0000] {subprocess.py:93} INFO - [0m13:06:08  Done. PASS=3 WARN=0 ERROR=0 SKIP=0 TOTAL=3
[2025-12-17T13:06:09.457+0000] {subprocess.py:97} INFO - Command exited with return code 0
[2025-12-17T13:06:09.458+0000] {taskinstance.py:441} INFO - ::group::Post task execution logs
[2025-12-17T13:06:09.499+0000] {taskinstance.py:1205} INFO - Marking task as SUCCESS. dag_id=mfg_dbt_transform_dag, task_id=dbt_run_staging, execution_date=20251217T130446, start_date=20251217T130556, end_date=20251217T130609
[2025-12-17T13:06:09.546+0000] {local_task_job_runner.py:240} INFO - Task exited with return code 0
[2025-12-17T13:06:09.581+0000] {taskinstance.py:3482} INFO - 1 downstream tasks scheduled from follow-on schedule check
[2025-12-17T13:06:09.587+0000] {local_task_job_runner.py:222} INFO - ::endgroup::
