[2025-12-17T11:31:02.485+0000] {local_task_job_runner.py:120} INFO - ::group::Pre task execution logs
[2025-12-17T11:31:02.549+0000] {taskinstance.py:2073} INFO - Dependencies all met for dep_context=non-requeueable deps ti=<TaskInstance: mfg_data_quality_monitoring_dag.dq_check_duplicate_batches manual__2025-12-17T11:25:45.002147+00:00 [queued]>
[2025-12-17T11:31:02.564+0000] {taskinstance.py:2073} INFO - Dependencies all met for dep_context=requeueable deps ti=<TaskInstance: mfg_data_quality_monitoring_dag.dq_check_duplicate_batches manual__2025-12-17T11:25:45.002147+00:00 [queued]>
[2025-12-17T11:31:02.565+0000] {taskinstance.py:2303} INFO - Starting attempt 1 of 2
[2025-12-17T11:31:02.590+0000] {taskinstance.py:2327} INFO - Executing <Task(PythonOperator): dq_check_duplicate_batches> on 2025-12-17 11:25:45.002147+00:00
[2025-12-17T11:31:02.603+0000] {standard_task_runner.py:90} INFO - Running: ['***', 'tasks', 'run', 'mfg_data_quality_monitoring_dag', 'dq_check_duplicate_batches', 'manual__2025-12-17T11:25:45.002147+00:00', '--job-id', '29', '--raw', '--subdir', 'DAGS_FOLDER/mfg_data_quality_monitoring_dag.py', '--cfg-path', '/tmp/tmpmmz37zsn']
[2025-12-17T11:31:02.610+0000] {standard_task_runner.py:91} INFO - Job 29: Subtask dq_check_duplicate_batches
[2025-12-17T11:31:02.610+0000] {logging_mixin.py:188} WARNING - /home/***/.local/lib/python3.12/site-packages/***/task/task_runner/standard_task_runner.py:61 DeprecationWarning: This process (pid=3231) is multi-threaded, use of fork() may lead to deadlocks in the child.
[2025-12-17T11:31:02.611+0000] {standard_task_runner.py:63} INFO - Started process 3240 to run task
[2025-12-17T11:31:02.772+0000] {task_command.py:426} INFO - Running <TaskInstance: mfg_data_quality_monitoring_dag.dq_check_duplicate_batches manual__2025-12-17T11:25:45.002147+00:00 [running]> on host ada33a2b5ec7
[2025-12-17T11:31:03.005+0000] {taskinstance.py:2644} INFO - Exporting env vars: AIRFLOW_CTX_DAG_OWNER='data-eng' AIRFLOW_CTX_DAG_ID='mfg_data_quality_monitoring_dag' AIRFLOW_CTX_TASK_ID='dq_check_duplicate_batches' AIRFLOW_CTX_EXECUTION_DATE='2025-12-17T11:25:45.002147+00:00' AIRFLOW_CTX_TRY_NUMBER='1' AIRFLOW_CTX_DAG_RUN_ID='manual__2025-12-17T11:25:45.002147+00:00'
[2025-12-17T11:31:03.010+0000] {taskinstance.py:430} INFO - ::endgroup::
[2025-12-17T11:31:03.045+0000] {connection.py:521} INFO - Snowflake Connector for Python Version: 3.18.0, Python Version: 3.12.2, Platform: Linux-6.6.87.2-microsoft-standard-WSL2-x86_64-with-glibc2.36
[2025-12-17T11:31:03.047+0000] {connection.py:1464} INFO - Connecting to GLOBAL Snowflake domain
[2025-12-17T11:31:05.918+0000] {taskinstance.py:441} INFO - ::group::Post task execution logs
[2025-12-17T11:31:05.920+0000] {taskinstance.py:2890} ERROR - Task failed with exception
Traceback (most recent call last):
  File "/home/airflow/.local/lib/python3.12/site-packages/airflow/models/taskinstance.py", line 460, in _execute_task
    result = _execute_callable(context=context, **execute_callable_kwargs)
             ^^^^^^^^^^^^^^^^^^^^^^^^^^^^^^^^^^^^^^^^^^^^^^^^^^^^^^^^^^^^^
  File "/home/airflow/.local/lib/python3.12/site-packages/airflow/models/taskinstance.py", line 432, in _execute_callable
    return execute_callable(context=context, **execute_callable_kwargs)
           ^^^^^^^^^^^^^^^^^^^^^^^^^^^^^^^^^^^^^^^^^^^^^^^^^^^^^^^^^^^^
  File "/home/airflow/.local/lib/python3.12/site-packages/airflow/models/baseoperator.py", line 400, in wrapper
    return func(self, *args, **kwargs)
           ^^^^^^^^^^^^^^^^^^^^^^^^^^^
  File "/home/airflow/.local/lib/python3.12/site-packages/airflow/operators/python.py", line 235, in execute
    return_value = self.execute_callable()
                   ^^^^^^^^^^^^^^^^^^^^^^^
  File "/home/airflow/.local/lib/python3.12/site-packages/airflow/operators/python.py", line 252, in execute_callable
    return self.python_callable(*self.op_args, **self.op_kwargs)
           ^^^^^^^^^^^^^^^^^^^^^^^^^^^^^^^^^^^^^^^^^^^^^^^^^^^^^
  File "/opt/airflow/dags/mfg_data_quality_monitoring_dag.py", line 114, in dq_check_duplicate_batches
    dupes = _fetch_one(
            ^^^^^^^^^^^
  File "/opt/airflow/dags/mfg_data_quality_monitoring_dag.py", line 74, in _fetch_one
    cur.execute(sql, params or ())
  File "/home/airflow/.local/lib/python3.12/site-packages/snowflake/connector/cursor.py", line 1134, in execute
    Error.errorhandler_wrapper(self.connection, self, error_class, errvalue)
  File "/home/airflow/.local/lib/python3.12/site-packages/snowflake/connector/errors.py", line 286, in errorhandler_wrapper
    handed_over = Error.hand_to_other_handler(
                  ^^^^^^^^^^^^^^^^^^^^^^^^^^^^
  File "/home/airflow/.local/lib/python3.12/site-packages/snowflake/connector/errors.py", line 341, in hand_to_other_handler
    cursor.errorhandler(connection, cursor, error_class, error_value)
  File "/home/airflow/.local/lib/python3.12/site-packages/snowflake/connector/errors.py", line 217, in default_errorhandler
    raise error_class(
snowflake.connector.errors.ProgrammingError: 002003 (42S02): 01c11c13-0107-4c30-0013-40ff0016d8c6: SQL compilation error:
Object 'MFG_ACCELERATOR.CORE.CORE_BATCHES' does not exist or not authorized.
[2025-12-17T11:31:05.937+0000] {taskinstance.py:1205} INFO - Marking task as UP_FOR_RETRY. dag_id=mfg_data_quality_monitoring_dag, task_id=dq_check_duplicate_batches, execution_date=20251217T112545, start_date=20251217T113102, end_date=20251217T113105
[2025-12-17T11:31:05.951+0000] {standard_task_runner.py:110} ERROR - Failed to execute job 29 for task dq_check_duplicate_batches (002003 (42S02): 01c11c13-0107-4c30-0013-40ff0016d8c6: SQL compilation error:
Object 'MFG_ACCELERATOR.CORE.CORE_BATCHES' does not exist or not authorized.; 3240)
[2025-12-17T11:31:06.005+0000] {local_task_job_runner.py:240} INFO - Task exited with return code 1
[2025-12-17T11:31:06.034+0000] {taskinstance.py:3482} INFO - 0 downstream tasks scheduled from follow-on schedule check
[2025-12-17T11:31:06.039+0000] {local_task_job_runner.py:222} INFO - ::endgroup::
