[2025-12-17T09:58:14.289+0000] {local_task_job_runner.py:120} INFO - ::group::Pre task execution logs
[2025-12-17T09:58:14.324+0000] {taskinstance.py:2073} INFO - Dependencies all met for dep_context=non-requeueable deps ti=<TaskInstance: mfg_raw_ingestion_dag.debug_env_and_paths manual__2025-12-17T09:52:52.302205+00:00 [queued]>
[2025-12-17T09:58:14.336+0000] {taskinstance.py:2073} INFO - Dependencies all met for dep_context=requeueable deps ti=<TaskInstance: mfg_raw_ingestion_dag.debug_env_and_paths manual__2025-12-17T09:52:52.302205+00:00 [queued]>
[2025-12-17T09:58:14.337+0000] {taskinstance.py:2303} INFO - Starting attempt 1 of 3
[2025-12-17T09:58:14.352+0000] {taskinstance.py:2327} INFO - Executing <Task(BashOperator): debug_env_and_paths> on 2025-12-17 09:52:52.302205+00:00
[2025-12-17T09:58:14.360+0000] {standard_task_runner.py:90} INFO - Running: ['***', 'tasks', 'run', 'mfg_raw_ingestion_dag', 'debug_env_and_paths', 'manual__2025-12-17T09:52:52.302205+00:00', '--job-id', '12', '--raw', '--subdir', 'DAGS_FOLDER/mfg_raw_ingestion_dag.py', '--cfg-path', '/tmp/tmpb1upm30f']
[2025-12-17T09:58:14.363+0000] {standard_task_runner.py:91} INFO - Job 12: Subtask debug_env_and_paths
[2025-12-17T09:58:14.363+0000] {logging_mixin.py:188} WARNING - /home/***/.local/lib/python3.12/site-packages/***/task/task_runner/standard_task_runner.py:61 DeprecationWarning: This process (pid=1613) is multi-threaded, use of fork() may lead to deadlocks in the child.
[2025-12-17T09:58:14.364+0000] {standard_task_runner.py:63} INFO - Started process 1614 to run task
[2025-12-17T09:58:14.425+0000] {task_command.py:426} INFO - Running <TaskInstance: mfg_raw_ingestion_dag.debug_env_and_paths manual__2025-12-17T09:52:52.302205+00:00 [running]> on host 68b68f67a494
[2025-12-17T09:58:14.526+0000] {taskinstance.py:2644} INFO - Exporting env vars: AIRFLOW_CTX_DAG_OWNER='data-eng' AIRFLOW_CTX_DAG_ID='mfg_raw_ingestion_dag' AIRFLOW_CTX_TASK_ID='debug_env_and_paths' AIRFLOW_CTX_EXECUTION_DATE='2025-12-17T09:52:52.302205+00:00' AIRFLOW_CTX_TRY_NUMBER='1' AIRFLOW_CTX_DAG_RUN_ID='manual__2025-12-17T09:52:52.302205+00:00'
[2025-12-17T09:58:14.527+0000] {taskinstance.py:430} INFO - ::endgroup::
[2025-12-17T09:58:14.542+0000] {subprocess.py:63} INFO - Tmp dir root location: /tmp
[2025-12-17T09:58:14.544+0000] {subprocess.py:75} INFO - Running command: ['/usr/bin/bash', '-c', '\n    set -e\n    echo "PWD=$(pwd)"\n    echo "DBT_DIR=/opt/***/dbt_project"\n    ls -la /opt/***/dbt_project\n    echo "DBT_PROFILES_DIR=/opt/***/dbt_profiles"\n    ls -la /opt/***/dbt_profiles\n    which dbt || true\n    dbt --version || true\n    env | grep -E \'^SNOWFLAKE_\' || true\n    ']
[2025-12-17T09:58:14.556+0000] {subprocess.py:86} INFO - Output:
[2025-12-17T09:58:14.559+0000] {subprocess.py:93} INFO - PWD=/tmp/***tmpzajj7k9w
[2025-12-17T09:58:14.560+0000] {subprocess.py:93} INFO - DBT_DIR=/opt/***/dbt_project
[2025-12-17T09:58:14.576+0000] {subprocess.py:93} INFO - total 8
[2025-12-17T09:58:14.577+0000] {subprocess.py:93} INFO - drwxrwxrwx 1 root    root 4096 Dec 16 23:07 .
[2025-12-17T09:58:14.578+0000] {subprocess.py:93} INFO - drwxrwxr-x 1 *** root 4096 Dec 17 09:27 ..
[2025-12-17T09:58:14.578+0000] {subprocess.py:93} INFO - -rwxrwxrwx 1 root    root  668 Dec 13 17:23 dbt_project.yml
[2025-12-17T09:58:14.579+0000] {subprocess.py:93} INFO - drwxrwxrwx 1 root    root 4096 Dec 16 23:07 logs
[2025-12-17T09:58:14.579+0000] {subprocess.py:93} INFO - drwxrwxrwx 1 root    root 4096 Dec 16 23:07 models
[2025-12-17T09:58:14.580+0000] {subprocess.py:93} INFO - drwxrwxrwx 1 root    root 4096 Dec 16 23:07 target
[2025-12-17T09:58:14.580+0000] {subprocess.py:93} INFO - DBT_PROFILES_DIR=/opt/***/dbt_profiles
[2025-12-17T09:58:14.587+0000] {subprocess.py:93} INFO - total 4
[2025-12-17T09:58:14.588+0000] {subprocess.py:93} INFO - drwxrwxrwx 1 root    root 4096 Dec 16 23:07 .
[2025-12-17T09:58:14.589+0000] {subprocess.py:93} INFO - drwxrwxr-x 1 *** root 4096 Dec 17 09:27 ..
[2025-12-17T09:58:14.589+0000] {subprocess.py:93} INFO - -rwxrwxrwx 1 root    root   41 Dec 13 17:23 .user.yml
[2025-12-17T09:58:14.590+0000] {subprocess.py:93} INFO - -rwxrwxrwx 1 root    root  622 Dec 17 07:23 profiles.yml
[2025-12-17T09:58:14.598+0000] {subprocess.py:93} INFO - /usr/bin/bash: line 9: dbt: command not found
[2025-12-17T09:58:14.602+0000] {subprocess.py:93} INFO - SNOWFLAKE_WAREHOUSE=WH_MFG_ACCELERATOR
[2025-12-17T09:58:14.603+0000] {subprocess.py:93} INFO - SNOWFLAKE_PASSWORD=Calmdownn.1998
[2025-12-17T09:58:14.604+0000] {subprocess.py:93} INFO - SNOWFLAKE_ACCOUNT=DTWDUSN-WRB63753
[2025-12-17T09:58:14.604+0000] {subprocess.py:93} INFO - SNOWFLAKE_DATABASE=MFG_ACCELERATOR
[2025-12-17T09:58:14.605+0000] {subprocess.py:93} INFO - SNOWFLAKE_ROLE=ACCOUNTADMIN
[2025-12-17T09:58:14.606+0000] {subprocess.py:93} INFO - SNOWFLAKE_SCHEMA=RAW
[2025-12-17T09:58:14.606+0000] {subprocess.py:93} INFO - SNOWFLAKE_USER=TAIBKHO44
[2025-12-17T09:58:14.607+0000] {subprocess.py:97} INFO - Command exited with return code 0
[2025-12-17T09:58:14.608+0000] {taskinstance.py:441} INFO - ::group::Post task execution logs
[2025-12-17T09:58:14.646+0000] {taskinstance.py:1205} INFO - Marking task as SUCCESS. dag_id=mfg_raw_ingestion_dag, task_id=debug_env_and_paths, execution_date=20251217T095252, start_date=20251217T095814, end_date=20251217T095814
[2025-12-17T09:58:14.701+0000] {local_task_job_runner.py:240} INFO - Task exited with return code 0
[2025-12-17T09:58:14.729+0000] {taskinstance.py:3482} INFO - 0 downstream tasks scheduled from follow-on schedule check
[2025-12-17T09:58:14.734+0000] {local_task_job_runner.py:222} INFO - ::endgroup::
