[2025-12-13T14:21:13.897+0000] {local_task_job_runner.py:120} INFO - ::group::Pre task execution logs
[2025-12-13T14:21:14.033+0000] {taskinstance.py:2073} INFO - Dependencies all met for dep_context=non-requeueable deps ti=<TaskInstance: mfg_raw_ingestion_dag.dbt_run_all manual__2025-12-13T14:19:57.986481+00:00 [queued]>
[2025-12-13T14:21:14.086+0000] {taskinstance.py:2073} INFO - Dependencies all met for dep_context=requeueable deps ti=<TaskInstance: mfg_raw_ingestion_dag.dbt_run_all manual__2025-12-13T14:19:57.986481+00:00 [queued]>
[2025-12-13T14:21:14.087+0000] {taskinstance.py:2303} INFO - Starting attempt 1 of 3
[2025-12-13T14:21:14.152+0000] {taskinstance.py:2327} INFO - Executing <Task(BashOperator): dbt_run_all> on 2025-12-13 14:19:57.986481+00:00
[2025-12-13T14:21:14.184+0000] {standard_task_runner.py:90} INFO - Running: ['***', 'tasks', 'run', 'mfg_raw_ingestion_dag', 'dbt_run_all', 'manual__2025-12-13T14:19:57.986481+00:00', '--job-id', '22', '--raw', '--subdir', 'DAGS_FOLDER/mfg_raw_ingestion_dag.py', '--cfg-path', '/tmp/tmph_ky00cp']
[2025-12-13T14:21:14.195+0000] {standard_task_runner.py:91} INFO - Job 22: Subtask dbt_run_all
[2025-12-13T14:21:14.205+0000] {logging_mixin.py:188} WARNING - /home/***/.local/lib/python3.12/site-packages/***/task/task_runner/standard_task_runner.py:61 DeprecationWarning: This process (pid=716) is multi-threaded, use of fork() may lead to deadlocks in the child.
[2025-12-13T14:21:14.213+0000] {standard_task_runner.py:63} INFO - Started process 717 to run task
[2025-12-13T14:21:14.327+0000] {task_command.py:426} INFO - Running <TaskInstance: mfg_raw_ingestion_dag.dbt_run_all manual__2025-12-13T14:19:57.986481+00:00 [running]> on host 2836efb3fb45
[2025-12-13T14:21:14.478+0000] {taskinstance.py:2644} INFO - Exporting env vars: AIRFLOW_CTX_DAG_OWNER='data-engineering' AIRFLOW_CTX_DAG_ID='mfg_raw_ingestion_dag' AIRFLOW_CTX_TASK_ID='dbt_run_all' AIRFLOW_CTX_EXECUTION_DATE='2025-12-13T14:19:57.986481+00:00' AIRFLOW_CTX_TRY_NUMBER='1' AIRFLOW_CTX_DAG_RUN_ID='manual__2025-12-13T14:19:57.986481+00:00'
[2025-12-13T14:21:14.479+0000] {taskinstance.py:430} INFO - ::endgroup::
[2025-12-13T14:21:14.521+0000] {subprocess.py:63} INFO - Tmp dir root location: /tmp
[2025-12-13T14:21:14.523+0000] {subprocess.py:75} INFO - Running command: ['/usr/bin/bash', '-c', 'cd /opt/***/dbt_project && dbt run --profiles-dir /opt/***/dbt_profiles']
[2025-12-13T14:21:14.564+0000] {subprocess.py:86} INFO - Output:
[2025-12-13T14:21:20.355+0000] {subprocess.py:93} INFO - [0m14:21:20  Running with dbt=1.10.15
[2025-12-13T14:21:21.910+0000] {subprocess.py:93} INFO - [0m14:21:21  Registered adapter: snowflake=1.10.4
[2025-12-13T14:21:22.750+0000] {subprocess.py:93} INFO - [0m14:21:22  Found 8 models, 24 data tests, 3 sources, 504 macros
[2025-12-13T14:21:22.757+0000] {subprocess.py:93} INFO - [0m14:21:22
[2025-12-13T14:21:22.758+0000] {subprocess.py:93} INFO - [0m14:21:22  Concurrency: 4 threads (target='dev')
[2025-12-13T14:21:22.760+0000] {subprocess.py:93} INFO - [0m14:21:22
[2025-12-13T14:21:24.643+0000] {subprocess.py:93} INFO - [0m14:21:24  1 of 8 START sql view model ANALYTICS_analytics.stg_batches .................... [RUN]
[2025-12-13T14:21:24.645+0000] {subprocess.py:93} INFO - [0m14:21:24  2 of 8 START sql view model ANALYTICS_analytics.stg_materials .................. [RUN]
[2025-12-13T14:21:24.647+0000] {subprocess.py:93} INFO - [0m14:21:24  3 of 8 START sql view model ANALYTICS_analytics.stg_production_orders .......... [RUN]
[2025-12-13T14:21:25.497+0000] {subprocess.py:93} INFO - [0m14:21:25  1 of 8 OK created sql view model ANALYTICS_analytics.stg_batches ............... [[32mSUCCESS 1[0m in 0.84s]
[2025-12-13T14:21:26.411+0000] {subprocess.py:93} INFO - [0m14:21:26  3 of 8 OK created sql view model ANALYTICS_analytics.stg_production_orders ..... [[32mSUCCESS 1[0m in 1.75s]
[2025-12-13T14:21:26.455+0000] {subprocess.py:93} INFO - [0m14:21:26  2 of 8 OK created sql view model ANALYTICS_analytics.stg_materials ............. [[32mSUCCESS 1[0m in 1.80s]
[2025-12-13T14:21:26.462+0000] {subprocess.py:93} INFO - [0m14:21:26  4 of 8 START sql table model ANALYTICS_analytics.core_materials ................ [RUN]
[2025-12-13T14:21:28.472+0000] {subprocess.py:93} INFO - [0m14:21:28  4 of 8 OK created sql table model ANALYTICS_analytics.core_materials ........... [[32mSUCCESS 1[0m in 2.01s]
[2025-12-13T14:21:28.479+0000] {subprocess.py:93} INFO - [0m14:21:28  5 of 8 START sql table model ANALYTICS_analytics.core_batches .................. [RUN]
[2025-12-13T14:21:28.481+0000] {subprocess.py:93} INFO - [0m14:21:28  6 of 8 START sql table model ANALYTICS_analytics.fct_production_orders ......... [RUN]
[2025-12-13T14:21:30.117+0000] {subprocess.py:93} INFO - [0m14:21:30  5 of 8 OK created sql table model ANALYTICS_analytics.core_batches ............. [[32mSUCCESS 1[0m in 1.63s]
[2025-12-13T14:21:30.132+0000] {subprocess.py:93} INFO - [0m14:21:30  6 of 8 OK created sql table model ANALYTICS_analytics.fct_production_orders .... [[32mSUCCESS 1[0m in 1.64s]
[2025-12-13T14:21:30.140+0000] {subprocess.py:93} INFO - [0m14:21:30  7 of 8 START sql table model ANALYTICS_analytics.mfg_ml_features_orders ........ [RUN]
[2025-12-13T14:21:30.142+0000] {subprocess.py:93} INFO - [0m14:21:30  8 of 8 START sql table model ANALYTICS_analytics.mfg_plant_daily_kpis .......... [RUN]
[2025-12-13T14:21:31.834+0000] {subprocess.py:93} INFO - [0m14:21:31  7 of 8 OK created sql table model ANALYTICS_analytics.mfg_ml_features_orders ... [[32mSUCCESS 1[0m in 1.68s]
[2025-12-13T14:21:31.836+0000] {subprocess.py:93} INFO - [0m14:21:31  8 of 8 OK created sql table model ANALYTICS_analytics.mfg_plant_daily_kpis ..... [[32mSUCCESS 1[0m in 1.69s]
[2025-12-13T14:21:33.711+0000] {subprocess.py:93} INFO - [0m14:21:33
[2025-12-13T14:21:33.712+0000] {subprocess.py:93} INFO - [0m14:21:33  Finished running 5 table models, 3 view models in 0 hours 0 minutes and 10.95 seconds (10.95s).
[2025-12-13T14:21:33.803+0000] {subprocess.py:93} INFO - [0m14:21:33
[2025-12-13T14:21:33.804+0000] {subprocess.py:93} INFO - [0m14:21:33  [32mCompleted successfully[0m
[2025-12-13T14:21:33.806+0000] {subprocess.py:93} INFO - [0m14:21:33
[2025-12-13T14:21:33.807+0000] {subprocess.py:93} INFO - [0m14:21:33  Done. PASS=8 WARN=0 ERROR=0 SKIP=0 NO-OP=0 TOTAL=8
[2025-12-13T14:21:35.016+0000] {subprocess.py:97} INFO - Command exited with return code 0
[2025-12-13T14:21:35.017+0000] {taskinstance.py:441} INFO - ::group::Post task execution logs
[2025-12-13T14:21:35.047+0000] {taskinstance.py:1205} INFO - Marking task as SUCCESS. dag_id=mfg_raw_ingestion_dag, task_id=dbt_run_all, execution_date=20251213T141957, start_date=20251213T142114, end_date=20251213T142135
[2025-12-13T14:21:35.083+0000] {local_task_job_runner.py:240} INFO - Task exited with return code 0
[2025-12-13T14:21:35.105+0000] {taskinstance.py:3482} INFO - 1 downstream tasks scheduled from follow-on schedule check
[2025-12-13T14:21:35.109+0000] {local_task_job_runner.py:222} INFO - ::endgroup::
