[2025-12-11T14:25:34.070+0000] {local_task_job_runner.py:120} INFO - ::group::Pre task execution logs
[2025-12-11T14:25:34.102+0000] {taskinstance.py:2073} INFO - Dependencies all met for dep_context=non-requeueable deps ti=<TaskInstance: mfg_accelerator_pipeline.dbt_run_all manual__2025-12-11T14:25:10.307438+00:00 [queued]>
[2025-12-11T14:25:34.112+0000] {taskinstance.py:2073} INFO - Dependencies all met for dep_context=requeueable deps ti=<TaskInstance: mfg_accelerator_pipeline.dbt_run_all manual__2025-12-11T14:25:10.307438+00:00 [queued]>
[2025-12-11T14:25:34.113+0000] {taskinstance.py:2303} INFO - Starting attempt 1 of 2
[2025-12-11T14:25:34.130+0000] {taskinstance.py:2327} INFO - Executing <Task(BashOperator): dbt_run_all> on 2025-12-11 14:25:10.307438+00:00
[2025-12-11T14:25:34.137+0000] {standard_task_runner.py:90} INFO - Running: ['***', 'tasks', 'run', 'mfg_accelerator_pipeline', 'dbt_run_all', 'manual__2025-12-11T14:25:10.307438+00:00', '--job-id', '13', '--raw', '--subdir', 'DAGS_FOLDER/mfg_pipeline.py', '--cfg-path', '/tmp/tmpsb2it0k1']
[2025-12-11T14:25:34.142+0000] {standard_task_runner.py:91} INFO - Job 13: Subtask dbt_run_all
[2025-12-11T14:25:34.142+0000] {logging_mixin.py:188} WARNING - /home/***/.local/lib/python3.12/site-packages/***/task/task_runner/standard_task_runner.py:61 DeprecationWarning: This process (pid=1412) is multi-threaded, use of fork() may lead to deadlocks in the child.
[2025-12-11T14:25:34.144+0000] {standard_task_runner.py:63} INFO - Started process 1413 to run task
[2025-12-11T14:25:34.196+0000] {task_command.py:426} INFO - Running <TaskInstance: mfg_accelerator_pipeline.dbt_run_all manual__2025-12-11T14:25:10.307438+00:00 [running]> on host 7258e9d71bed
[2025-12-11T14:25:34.315+0000] {taskinstance.py:2644} INFO - Exporting env vars: AIRFLOW_CTX_DAG_OWNER='data_engineer' AIRFLOW_CTX_DAG_ID='mfg_accelerator_pipeline' AIRFLOW_CTX_TASK_ID='dbt_run_all' AIRFLOW_CTX_EXECUTION_DATE='2025-12-11T14:25:10.307438+00:00' AIRFLOW_CTX_TRY_NUMBER='1' AIRFLOW_CTX_DAG_RUN_ID='manual__2025-12-11T14:25:10.307438+00:00'
[2025-12-11T14:25:34.316+0000] {taskinstance.py:430} INFO - ::endgroup::
[2025-12-11T14:25:34.340+0000] {subprocess.py:63} INFO - Tmp dir root location: /tmp
[2025-12-11T14:25:34.342+0000] {subprocess.py:75} INFO - Running command: ['/usr/bin/bash', '-c', 'cd /opt/***/dbt_project && dbt run --profiles-dir /opt/***/dbt_profiles']
[2025-12-11T14:25:34.351+0000] {subprocess.py:86} INFO - Output:
[2025-12-11T14:25:36.893+0000] {subprocess.py:93} INFO - [0m14:25:36  Running with dbt=1.10.15
[2025-12-11T14:25:37.953+0000] {subprocess.py:93} INFO - [0m14:25:37  Registered adapter: snowflake=1.10.4
[2025-12-11T14:25:38.770+0000] {subprocess.py:93} INFO - [0m14:25:38  Found 8 models, 24 data tests, 3 sources, 504 macros
[2025-12-11T14:25:38.776+0000] {subprocess.py:93} INFO - [0m14:25:38
[2025-12-11T14:25:38.778+0000] {subprocess.py:93} INFO - [0m14:25:38  Concurrency: 4 threads (target='dev')
[2025-12-11T14:25:38.779+0000] {subprocess.py:93} INFO - [0m14:25:38
[2025-12-11T14:25:40.902+0000] {subprocess.py:93} INFO - [0m14:25:40  1 of 8 START sql view model ANALYTICS_analytics.stg_batches .................... [RUN]
[2025-12-11T14:25:40.904+0000] {subprocess.py:93} INFO - [0m14:25:40  2 of 8 START sql view model ANALYTICS_analytics.stg_materials .................. [RUN]
[2025-12-11T14:25:40.905+0000] {subprocess.py:93} INFO - [0m14:25:40  3 of 8 START sql view model ANALYTICS_analytics.stg_production_orders .......... [RUN]
[2025-12-11T14:25:41.675+0000] {subprocess.py:93} INFO - [0m14:25:41  1 of 8 OK created sql view model ANALYTICS_analytics.stg_batches ............... [[32mSUCCESS 1[0m in 0.76s]
[2025-12-11T14:25:42.471+0000] {subprocess.py:93} INFO - [0m14:25:42  2 of 8 OK created sql view model ANALYTICS_analytics.stg_materials ............. [[32mSUCCESS 1[0m in 1.56s]
[2025-12-11T14:25:42.477+0000] {subprocess.py:93} INFO - [0m14:25:42  4 of 8 START sql table model ANALYTICS_analytics.core_materials ................ [RUN]
[2025-12-11T14:25:42.683+0000] {subprocess.py:93} INFO - [0m14:25:42  3 of 8 OK created sql view model ANALYTICS_analytics.stg_production_orders ..... [[32mSUCCESS 1[0m in 1.77s]
[2025-12-11T14:25:44.640+0000] {subprocess.py:93} INFO - [0m14:25:44  4 of 8 OK created sql table model ANALYTICS_analytics.core_materials ........... [[32mSUCCESS 1[0m in 2.16s]
[2025-12-11T14:25:44.648+0000] {subprocess.py:93} INFO - [0m14:25:44  5 of 8 START sql table model ANALYTICS_analytics.core_batches .................. [RUN]
[2025-12-11T14:25:44.650+0000] {subprocess.py:93} INFO - [0m14:25:44  6 of 8 START sql table model ANALYTICS_analytics.fct_production_orders ......... [RUN]
[2025-12-11T14:25:46.003+0000] {subprocess.py:93} INFO - [0m14:25:46  6 of 8 OK created sql table model ANALYTICS_analytics.fct_production_orders .... [[32mSUCCESS 1[0m in 1.35s]
[2025-12-11T14:25:46.388+0000] {subprocess.py:93} INFO - [0m14:25:46  5 of 8 OK created sql table model ANALYTICS_analytics.core_batches ............. [[32mSUCCESS 1[0m in 1.73s]
[2025-12-11T14:25:46.395+0000] {subprocess.py:93} INFO - [0m14:25:46  7 of 8 START sql table model ANALYTICS_analytics.mfg_ml_features_orders ........ [RUN]
[2025-12-11T14:25:46.396+0000] {subprocess.py:93} INFO - [0m14:25:46  8 of 8 START sql table model ANALYTICS_analytics.mfg_plant_daily_kpis .......... [RUN]
[2025-12-11T14:25:47.661+0000] {subprocess.py:93} INFO - [0m14:25:47  7 of 8 OK created sql table model ANALYTICS_analytics.mfg_ml_features_orders ... [[32mSUCCESS 1[0m in 1.26s]
[2025-12-11T14:25:47.721+0000] {subprocess.py:93} INFO - [0m14:25:47  8 of 8 OK created sql table model ANALYTICS_analytics.mfg_plant_daily_kpis ..... [[32mSUCCESS 1[0m in 1.32s]
[2025-12-11T14:25:49.461+0000] {subprocess.py:93} INFO - [0m14:25:49
[2025-12-11T14:25:49.462+0000] {subprocess.py:93} INFO - [0m14:25:49  Finished running 5 table models, 3 view models in 0 hours 0 minutes and 10.68 seconds (10.68s).
[2025-12-11T14:25:49.555+0000] {subprocess.py:93} INFO - [0m14:25:49
[2025-12-11T14:25:49.556+0000] {subprocess.py:93} INFO - [0m14:25:49  [32mCompleted successfully[0m
[2025-12-11T14:25:49.559+0000] {subprocess.py:93} INFO - [0m14:25:49
[2025-12-11T14:25:49.561+0000] {subprocess.py:93} INFO - [0m14:25:49  Done. PASS=8 WARN=0 ERROR=0 SKIP=0 NO-OP=0 TOTAL=8
[2025-12-11T14:25:50.730+0000] {subprocess.py:97} INFO - Command exited with return code 0
[2025-12-11T14:25:50.731+0000] {taskinstance.py:441} INFO - ::group::Post task execution logs
[2025-12-11T14:25:50.760+0000] {taskinstance.py:1205} INFO - Marking task as SUCCESS. dag_id=mfg_accelerator_pipeline, task_id=dbt_run_all, execution_date=20251211T142510, start_date=20251211T142534, end_date=20251211T142550
[2025-12-11T14:25:50.786+0000] {local_task_job_runner.py:240} INFO - Task exited with return code 0
[2025-12-11T14:25:50.807+0000] {taskinstance.py:3482} INFO - 1 downstream tasks scheduled from follow-on schedule check
[2025-12-11T14:25:50.812+0000] {local_task_job_runner.py:222} INFO - ::endgroup::
