[2025-12-17T09:15:44.500+0000] {local_task_job_runner.py:120} INFO - ::group::Pre task execution logs
[2025-12-17T09:15:44.541+0000] {taskinstance.py:2073} INFO - Dependencies all met for dep_context=non-requeueable deps ti=<TaskInstance: mfg_dbt_transform_dag.dbt_run_staging scheduled__2025-12-16T05:15:00+00:00 [queued]>
[2025-12-17T09:15:44.559+0000] {taskinstance.py:2073} INFO - Dependencies all met for dep_context=requeueable deps ti=<TaskInstance: mfg_dbt_transform_dag.dbt_run_staging scheduled__2025-12-16T05:15:00+00:00 [queued]>
[2025-12-17T09:15:44.561+0000] {taskinstance.py:2303} INFO - Starting attempt 1 of 3
[2025-12-17T09:15:44.587+0000] {taskinstance.py:2327} INFO - Executing <Task(BashOperator): dbt_run_staging> on 2025-12-16 05:15:00+00:00
[2025-12-17T09:15:44.601+0000] {logging_mixin.py:188} WARNING - /home/***/.local/lib/python3.12/site-packages/***/task/task_runner/standard_task_runner.py:61 DeprecationWarning: This process (pid=8391) is multi-threaded, use of fork() may lead to deadlocks in the child.
[2025-12-17T09:15:44.604+0000] {standard_task_runner.py:63} INFO - Started process 8398 to run task
[2025-12-17T09:15:44.602+0000] {standard_task_runner.py:90} INFO - Running: ['***', 'tasks', 'run', 'mfg_dbt_transform_dag', 'dbt_run_staging', 'scheduled__2025-12-16T05:15:00+00:00', '--job-id', '43', '--raw', '--subdir', 'DAGS_FOLDER/mfg_dbt_transform_dag.py', '--cfg-path', '/tmp/tmpuxhpgllk']
[2025-12-17T09:15:44.606+0000] {standard_task_runner.py:91} INFO - Job 43: Subtask dbt_run_staging
[2025-12-17T09:15:44.717+0000] {task_command.py:426} INFO - Running <TaskInstance: mfg_dbt_transform_dag.dbt_run_staging scheduled__2025-12-16T05:15:00+00:00 [running]> on host f349782282f8
[2025-12-17T09:15:44.876+0000] {taskinstance.py:2644} INFO - Exporting env vars: AIRFLOW_CTX_DAG_OWNER='data-eng' AIRFLOW_CTX_DAG_ID='mfg_dbt_transform_dag' AIRFLOW_CTX_TASK_ID='dbt_run_staging' AIRFLOW_CTX_EXECUTION_DATE='2025-12-16T05:15:00+00:00' AIRFLOW_CTX_TRY_NUMBER='1' AIRFLOW_CTX_DAG_RUN_ID='scheduled__2025-12-16T05:15:00+00:00'
[2025-12-17T09:15:44.879+0000] {taskinstance.py:430} INFO - ::endgroup::
[2025-12-17T09:15:44.902+0000] {subprocess.py:63} INFO - Tmp dir root location: /tmp
[2025-12-17T09:15:44.904+0000] {subprocess.py:75} INFO - Running command: ['/usr/bin/bash', '-c', 'cd /opt/***/dbt_project && dbt run --select staging --profiles-dir /opt/***/dbt_profiles']
[2025-12-17T09:15:44.918+0000] {subprocess.py:86} INFO - Output:
[2025-12-17T09:15:48.076+0000] {subprocess.py:93} INFO - [0m09:15:48  Running with dbt=1.10.16
[2025-12-17T09:15:49.094+0000] {subprocess.py:93} INFO - [0m09:15:49  Registered adapter: snowflake=1.10.4
[2025-12-17T09:15:49.891+0000] {subprocess.py:93} INFO - [0m09:15:49  Found 8 models, 24 data tests, 3 sources, 504 macros
[2025-12-17T09:15:49.896+0000] {subprocess.py:93} INFO - [0m09:15:49
[2025-12-17T09:15:49.899+0000] {subprocess.py:93} INFO - [0m09:15:49  Concurrency: 4 threads (target='dev')
[2025-12-17T09:15:49.901+0000] {subprocess.py:93} INFO - [0m09:15:49
[2025-12-17T09:15:52.130+0000] {subprocess.py:93} INFO - [0m09:15:52  1 of 3 START sql view model STAGING_analytics.stg_batches ...................... [RUN]
[2025-12-17T09:15:52.132+0000] {subprocess.py:93} INFO - [0m09:15:52  2 of 3 START sql view model STAGING_analytics.stg_materials .................... [RUN]
[2025-12-17T09:15:52.133+0000] {subprocess.py:93} INFO - [0m09:15:52  3 of 3 START sql view model STAGING_analytics.stg_production_orders ............ [RUN]
[2025-12-17T09:15:52.861+0000] {subprocess.py:93} INFO - [0m09:15:52  1 of 3 OK created sql view model STAGING_analytics.stg_batches ................. [[32mSUCCESS 1[0m in 0.71s]
[2025-12-17T09:15:54.002+0000] {subprocess.py:93} INFO - [0m09:15:54  2 of 3 OK created sql view model STAGING_analytics.stg_materials ............... [[32mSUCCESS 1[0m in 1.86s]
[2025-12-17T09:15:54.023+0000] {subprocess.py:93} INFO - [0m09:15:54  3 of 3 OK created sql view model STAGING_analytics.stg_production_orders ....... [[32mSUCCESS 1[0m in 1.88s]
[2025-12-17T09:15:55.374+0000] {subprocess.py:93} INFO - [0m09:15:55
[2025-12-17T09:15:55.376+0000] {subprocess.py:93} INFO - [0m09:15:55  Finished running 3 view models in 0 hours 0 minutes and 5.47 seconds (5.47s).
[2025-12-17T09:15:55.467+0000] {subprocess.py:93} INFO - [0m09:15:55
[2025-12-17T09:15:55.468+0000] {subprocess.py:93} INFO - [0m09:15:55  [32mCompleted successfully[0m
[2025-12-17T09:15:55.469+0000] {subprocess.py:93} INFO - [0m09:15:55
[2025-12-17T09:15:55.470+0000] {subprocess.py:93} INFO - [0m09:15:55  Done. PASS=3 WARN=0 ERROR=0 SKIP=0 NO-OP=0 TOTAL=3
[2025-12-17T09:15:56.632+0000] {subprocess.py:97} INFO - Command exited with return code 0
[2025-12-17T09:15:56.633+0000] {taskinstance.py:441} INFO - ::group::Post task execution logs
[2025-12-17T09:15:56.661+0000] {taskinstance.py:1205} INFO - Marking task as SUCCESS. dag_id=mfg_dbt_transform_dag, task_id=dbt_run_staging, execution_date=20251216T051500, start_date=20251217T091544, end_date=20251217T091556
[2025-12-17T09:15:56.701+0000] {local_task_job_runner.py:240} INFO - Task exited with return code 0
[2025-12-17T09:15:56.722+0000] {taskinstance.py:3482} INFO - 1 downstream tasks scheduled from follow-on schedule check
[2025-12-17T09:15:56.727+0000] {local_task_job_runner.py:222} INFO - ::endgroup::
[2025-12-17T11:24:29.985+0000] {local_task_job_runner.py:120} INFO - ::group::Pre task execution logs
[2025-12-17T11:24:30.034+0000] {taskinstance.py:2073} INFO - Dependencies all met for dep_context=non-requeueable deps ti=<TaskInstance: mfg_dbt_transform_dag.dbt_run_staging scheduled__2025-12-16T05:15:00+00:00 [queued]>
[2025-12-17T11:24:30.044+0000] {taskinstance.py:2073} INFO - Dependencies all met for dep_context=requeueable deps ti=<TaskInstance: mfg_dbt_transform_dag.dbt_run_staging scheduled__2025-12-16T05:15:00+00:00 [queued]>
[2025-12-17T11:24:30.045+0000] {taskinstance.py:2303} INFO - Starting attempt 1 of 3
[2025-12-17T11:24:30.063+0000] {taskinstance.py:2327} INFO - Executing <Task(BashOperator): dbt_run_staging> on 2025-12-16 05:15:00+00:00
[2025-12-17T11:24:30.072+0000] {standard_task_runner.py:90} INFO - Running: ['***', 'tasks', 'run', 'mfg_dbt_transform_dag', 'dbt_run_staging', 'scheduled__2025-12-16T05:15:00+00:00', '--job-id', '12', '--raw', '--subdir', 'DAGS_FOLDER/mfg_dbt_transform_dag.py', '--cfg-path', '/tmp/tmpd7zszhp5']
[2025-12-17T11:24:30.076+0000] {standard_task_runner.py:91} INFO - Job 12: Subtask dbt_run_staging
[2025-12-17T11:24:30.079+0000] {logging_mixin.py:188} WARNING - /home/***/.local/lib/python3.12/site-packages/***/task/task_runner/standard_task_runner.py:61 DeprecationWarning: This process (pid=2283) is multi-threaded, use of fork() may lead to deadlocks in the child.
[2025-12-17T11:24:30.080+0000] {standard_task_runner.py:63} INFO - Started process 2284 to run task
[2025-12-17T11:24:30.176+0000] {task_command.py:426} INFO - Running <TaskInstance: mfg_dbt_transform_dag.dbt_run_staging scheduled__2025-12-16T05:15:00+00:00 [running]> on host ada33a2b5ec7
[2025-12-17T11:24:30.287+0000] {taskinstance.py:2644} INFO - Exporting env vars: AIRFLOW_CTX_DAG_OWNER='data-eng' AIRFLOW_CTX_DAG_ID='mfg_dbt_transform_dag' AIRFLOW_CTX_TASK_ID='dbt_run_staging' AIRFLOW_CTX_EXECUTION_DATE='2025-12-16T05:15:00+00:00' AIRFLOW_CTX_TRY_NUMBER='1' AIRFLOW_CTX_DAG_RUN_ID='scheduled__2025-12-16T05:15:00+00:00'
[2025-12-17T11:24:30.288+0000] {taskinstance.py:430} INFO - ::endgroup::
[2025-12-17T11:24:30.306+0000] {subprocess.py:63} INFO - Tmp dir root location: /tmp
[2025-12-17T11:24:30.307+0000] {subprocess.py:75} INFO - Running command: ['/usr/bin/bash', '-c', 'cd /opt/***/dbt_project && dbt run --select staging --profiles-dir /opt/***/dbt_profiles']
[2025-12-17T11:24:30.315+0000] {subprocess.py:86} INFO - Output:
[2025-12-17T11:24:32.458+0000] {subprocess.py:93} INFO - [0m11:24:32  Running with dbt=1.8.4
[2025-12-17T11:24:33.419+0000] {subprocess.py:93} INFO - [0m11:24:33  Registered adapter: snowflake=1.8.4
[2025-12-17T11:24:34.173+0000] {subprocess.py:93} INFO - [0m11:24:34  Found 8 models, 24 data tests, 3 sources, 459 macros
[2025-12-17T11:24:34.177+0000] {subprocess.py:93} INFO - [0m11:24:34
[2025-12-17T11:24:38.946+0000] {subprocess.py:93} INFO - [0m11:24:38  Concurrency: 4 threads (target='dev')
[2025-12-17T11:24:38.947+0000] {subprocess.py:93} INFO - [0m11:24:38
[2025-12-17T11:24:38.967+0000] {subprocess.py:93} INFO - [0m11:24:38  1 of 3 START sql view model STAGING_analytics.stg_batches ...................... [RUN]
[2025-12-17T11:24:38.969+0000] {subprocess.py:93} INFO - [0m11:24:38  2 of 3 START sql view model STAGING_analytics.stg_materials .................... [RUN]
[2025-12-17T11:24:38.971+0000] {subprocess.py:93} INFO - [0m11:24:38  3 of 3 START sql view model STAGING_analytics.stg_production_orders ............ [RUN]
[2025-12-17T11:24:41.256+0000] {subprocess.py:93} INFO - [0m11:24:41  3 of 3 OK created sql view model STAGING_analytics.stg_production_orders ....... [[32mSUCCESS 1[0m in 2.28s]
[2025-12-17T11:24:41.307+0000] {subprocess.py:93} INFO - [0m11:24:41  1 of 3 OK created sql view model STAGING_analytics.stg_batches ................. [[32mSUCCESS 1[0m in 2.33s]
[2025-12-17T11:24:41.421+0000] {subprocess.py:93} INFO - [0m11:24:41  2 of 3 OK created sql view model STAGING_analytics.stg_materials ............... [[32mSUCCESS 1[0m in 2.44s]
[2025-12-17T11:24:41.440+0000] {subprocess.py:93} INFO - [0m11:24:41
[2025-12-17T11:24:41.443+0000] {subprocess.py:93} INFO - [0m11:24:41  Finished running 3 view models in 0 hours 0 minutes and 7.26 seconds (7.26s).
[2025-12-17T11:24:41.617+0000] {subprocess.py:93} INFO - [0m11:24:41
[2025-12-17T11:24:41.619+0000] {subprocess.py:93} INFO - [0m11:24:41  [32mCompleted successfully[0m
[2025-12-17T11:24:41.620+0000] {subprocess.py:93} INFO - [0m11:24:41
[2025-12-17T11:24:41.622+0000] {subprocess.py:93} INFO - [0m11:24:41  Done. PASS=3 WARN=0 ERROR=0 SKIP=0 TOTAL=3
[2025-12-17T11:24:42.722+0000] {subprocess.py:97} INFO - Command exited with return code 0
[2025-12-17T11:24:42.724+0000] {taskinstance.py:441} INFO - ::group::Post task execution logs
[2025-12-17T11:24:42.759+0000] {taskinstance.py:1205} INFO - Marking task as SUCCESS. dag_id=mfg_dbt_transform_dag, task_id=dbt_run_staging, execution_date=20251216T051500, start_date=20251217T112430, end_date=20251217T112442
[2025-12-17T11:24:42.812+0000] {local_task_job_runner.py:240} INFO - Task exited with return code 0
[2025-12-17T11:24:42.838+0000] {taskinstance.py:3482} INFO - 1 downstream tasks scheduled from follow-on schedule check
[2025-12-17T11:24:42.843+0000] {local_task_job_runner.py:222} INFO - ::endgroup::
[2025-12-17T13:04:47.791+0000] {local_task_job_runner.py:120} INFO - ::group::Pre task execution logs
[2025-12-17T13:04:47.836+0000] {taskinstance.py:2073} INFO - Dependencies all met for dep_context=non-requeueable deps ti=<TaskInstance: mfg_dbt_transform_dag.dbt_run_staging scheduled__2025-12-16T05:15:00+00:00 [queued]>
[2025-12-17T13:04:47.849+0000] {taskinstance.py:2073} INFO - Dependencies all met for dep_context=requeueable deps ti=<TaskInstance: mfg_dbt_transform_dag.dbt_run_staging scheduled__2025-12-16T05:15:00+00:00 [queued]>
[2025-12-17T13:04:47.850+0000] {taskinstance.py:2303} INFO - Starting attempt 1 of 3
[2025-12-17T13:04:47.869+0000] {taskinstance.py:2327} INFO - Executing <Task(BashOperator): dbt_run_staging> on 2025-12-16 05:15:00+00:00
[2025-12-17T13:04:47.876+0000] {standard_task_runner.py:90} INFO - Running: ['***', 'tasks', 'run', 'mfg_dbt_transform_dag', 'dbt_run_staging', 'scheduled__2025-12-16T05:15:00+00:00', '--job-id', '8', '--raw', '--subdir', 'DAGS_FOLDER/mfg_dbt_transform_dag.py', '--cfg-path', '/tmp/tmpyggxap5f']
[2025-12-17T13:04:47.881+0000] {standard_task_runner.py:91} INFO - Job 8: Subtask dbt_run_staging
[2025-12-17T13:04:47.882+0000] {logging_mixin.py:188} WARNING - /home/***/.local/lib/python3.12/site-packages/***/task/task_runner/standard_task_runner.py:61 DeprecationWarning: This process (pid=750) is multi-threaded, use of fork() may lead to deadlocks in the child.
[2025-12-17T13:04:47.883+0000] {standard_task_runner.py:63} INFO - Started process 751 to run task
[2025-12-17T13:04:47.967+0000] {task_command.py:426} INFO - Running <TaskInstance: mfg_dbt_transform_dag.dbt_run_staging scheduled__2025-12-16T05:15:00+00:00 [running]> on host 84fc30c39b31
[2025-12-17T13:04:48.079+0000] {taskinstance.py:2644} INFO - Exporting env vars: AIRFLOW_CTX_DAG_OWNER='data-eng' AIRFLOW_CTX_DAG_ID='mfg_dbt_transform_dag' AIRFLOW_CTX_TASK_ID='dbt_run_staging' AIRFLOW_CTX_EXECUTION_DATE='2025-12-16T05:15:00+00:00' AIRFLOW_CTX_TRY_NUMBER='1' AIRFLOW_CTX_DAG_RUN_ID='scheduled__2025-12-16T05:15:00+00:00'
[2025-12-17T13:04:48.081+0000] {taskinstance.py:430} INFO - ::endgroup::
[2025-12-17T13:04:48.101+0000] {subprocess.py:63} INFO - Tmp dir root location: /tmp
[2025-12-17T13:04:48.103+0000] {subprocess.py:75} INFO - Running command: ['/usr/bin/bash', '-c', 'cd /opt/***/dbt_project && dbt run --select staging --profiles-dir /opt/***/dbt_profiles']
[2025-12-17T13:04:48.113+0000] {subprocess.py:86} INFO - Output:
[2025-12-17T13:04:51.092+0000] {subprocess.py:93} INFO - [0m13:04:51  Running with dbt=1.8.4
[2025-12-17T13:04:53.356+0000] {subprocess.py:93} INFO - [0m13:04:53  Registered adapter: snowflake=1.8.4
[2025-12-17T13:04:54.460+0000] {subprocess.py:93} INFO - [0m13:04:54  Found 8 models, 24 data tests, 3 sources, 459 macros
[2025-12-17T13:04:54.466+0000] {subprocess.py:93} INFO - [0m13:04:54
[2025-12-17T13:04:58.341+0000] {subprocess.py:93} INFO - [0m13:04:58  Concurrency: 4 threads (target='dev')
[2025-12-17T13:04:58.342+0000] {subprocess.py:93} INFO - [0m13:04:58
[2025-12-17T13:04:58.358+0000] {subprocess.py:93} INFO - [0m13:04:58  1 of 3 START sql view model DBT_STAGING.stg_batches ............................ [RUN]
[2025-12-17T13:04:58.359+0000] {subprocess.py:93} INFO - [0m13:04:58  2 of 3 START sql view model DBT_STAGING.stg_materials .......................... [RUN]
[2025-12-17T13:04:58.361+0000] {subprocess.py:93} INFO - [0m13:04:58  3 of 3 START sql view model DBT_STAGING.stg_production_orders .................. [RUN]
[2025-12-17T13:05:00.218+0000] {subprocess.py:93} INFO - [0m13:05:00  3 of 3 OK created sql view model DBT_STAGING.stg_production_orders ............. [[32mSUCCESS 1[0m in 1.85s]
[2025-12-17T13:05:00.223+0000] {subprocess.py:93} INFO - [0m13:05:00  2 of 3 OK created sql view model DBT_STAGING.stg_materials ..................... [[32mSUCCESS 1[0m in 1.85s]
[2025-12-17T13:05:00.394+0000] {subprocess.py:93} INFO - [0m13:05:00  1 of 3 OK created sql view model DBT_STAGING.stg_batches ....................... [[32mSUCCESS 1[0m in 2.03s]
[2025-12-17T13:05:00.406+0000] {subprocess.py:93} INFO - [0m13:05:00
[2025-12-17T13:05:00.407+0000] {subprocess.py:93} INFO - [0m13:05:00  Finished running 3 view models in 0 hours 0 minutes and 5.94 seconds (5.94s).
[2025-12-17T13:05:00.482+0000] {subprocess.py:93} INFO - [0m13:05:00
[2025-12-17T13:05:00.484+0000] {subprocess.py:93} INFO - [0m13:05:00  [32mCompleted successfully[0m
[2025-12-17T13:05:00.485+0000] {subprocess.py:93} INFO - [0m13:05:00
[2025-12-17T13:05:00.487+0000] {subprocess.py:93} INFO - [0m13:05:00  Done. PASS=3 WARN=0 ERROR=0 SKIP=0 TOTAL=3
[2025-12-17T13:05:01.524+0000] {subprocess.py:97} INFO - Command exited with return code 0
[2025-12-17T13:05:01.525+0000] {taskinstance.py:441} INFO - ::group::Post task execution logs
[2025-12-17T13:05:01.564+0000] {taskinstance.py:1205} INFO - Marking task as SUCCESS. dag_id=mfg_dbt_transform_dag, task_id=dbt_run_staging, execution_date=20251216T051500, start_date=20251217T130447, end_date=20251217T130501
[2025-12-17T13:05:01.588+0000] {local_task_job_runner.py:240} INFO - Task exited with return code 0
[2025-12-17T13:05:01.616+0000] {taskinstance.py:3482} INFO - 1 downstream tasks scheduled from follow-on schedule check
[2025-12-17T13:05:01.621+0000] {local_task_job_runner.py:222} INFO - ::endgroup::
[2025-12-17T13:44:55.538+0000] {local_task_job_runner.py:120} INFO - ::group::Pre task execution logs
[2025-12-17T13:44:55.688+0000] {taskinstance.py:2073} INFO - Dependencies all met for dep_context=non-requeueable deps ti=<TaskInstance: mfg_dbt_transform_dag.dbt_run_staging scheduled__2025-12-16T05:15:00+00:00 [queued]>
[2025-12-17T13:44:55.723+0000] {taskinstance.py:2073} INFO - Dependencies all met for dep_context=requeueable deps ti=<TaskInstance: mfg_dbt_transform_dag.dbt_run_staging scheduled__2025-12-16T05:15:00+00:00 [queued]>
[2025-12-17T13:44:55.725+0000] {taskinstance.py:2303} INFO - Starting attempt 1 of 3
[2025-12-17T13:44:55.771+0000] {taskinstance.py:2327} INFO - Executing <Task(BashOperator): dbt_run_staging> on 2025-12-16 05:15:00+00:00
[2025-12-17T13:44:55.790+0000] {standard_task_runner.py:90} INFO - Running: ['***', 'tasks', 'run', 'mfg_dbt_transform_dag', 'dbt_run_staging', 'scheduled__2025-12-16T05:15:00+00:00', '--job-id', '3', '--raw', '--subdir', 'DAGS_FOLDER/mfg_dbt_transform_dag.py', '--cfg-path', '/tmp/tmpjjmdfr44']
[2025-12-17T13:44:55.801+0000] {logging_mixin.py:188} WARNING - /home/***/.local/lib/python3.12/site-packages/***/task/task_runner/standard_task_runner.py:61 DeprecationWarning: This process (pid=217) is multi-threaded, use of fork() may lead to deadlocks in the child.
[2025-12-17T13:44:55.802+0000] {standard_task_runner.py:91} INFO - Job 3: Subtask dbt_run_staging
[2025-12-17T13:44:55.803+0000] {standard_task_runner.py:63} INFO - Started process 218 to run task
[2025-12-17T13:44:55.972+0000] {task_command.py:426} INFO - Running <TaskInstance: mfg_dbt_transform_dag.dbt_run_staging scheduled__2025-12-16T05:15:00+00:00 [running]> on host 8717822a88d5
[2025-12-17T13:44:56.224+0000] {taskinstance.py:2644} INFO - Exporting env vars: AIRFLOW_CTX_DAG_OWNER='data-eng' AIRFLOW_CTX_DAG_ID='mfg_dbt_transform_dag' AIRFLOW_CTX_TASK_ID='dbt_run_staging' AIRFLOW_CTX_EXECUTION_DATE='2025-12-16T05:15:00+00:00' AIRFLOW_CTX_TRY_NUMBER='1' AIRFLOW_CTX_DAG_RUN_ID='scheduled__2025-12-16T05:15:00+00:00'
[2025-12-17T13:44:56.226+0000] {taskinstance.py:430} INFO - ::endgroup::
[2025-12-17T13:44:56.275+0000] {subprocess.py:63} INFO - Tmp dir root location: /tmp
[2025-12-17T13:44:56.277+0000] {subprocess.py:75} INFO - Running command: ['/usr/bin/bash', '-c', 'cd /opt/***/dbt_project && dbt run --select staging --profiles-dir /opt/***/dbt_profiles']
[2025-12-17T13:44:56.297+0000] {subprocess.py:86} INFO - Output:
[2025-12-17T13:45:03.081+0000] {subprocess.py:93} INFO - [0m13:45:03  Running with dbt=1.8.4
[2025-12-17T13:45:04.604+0000] {subprocess.py:93} INFO - [0m13:45:04  Registered adapter: snowflake=1.8.4
[2025-12-17T13:45:05.605+0000] {subprocess.py:93} INFO - [0m13:45:05  Found 8 models, 24 data tests, 3 sources, 460 macros
[2025-12-17T13:45:05.615+0000] {subprocess.py:93} INFO - [0m13:45:05
[2025-12-17T13:45:09.334+0000] {subprocess.py:93} INFO - [0m13:45:09  Concurrency: 4 threads (target='dev')
[2025-12-17T13:45:09.335+0000] {subprocess.py:93} INFO - [0m13:45:09
[2025-12-17T13:45:09.350+0000] {subprocess.py:93} INFO - [0m13:45:09  1 of 3 START sql view model STAGING.stg_batches ................................ [RUN]
[2025-12-17T13:45:09.352+0000] {subprocess.py:93} INFO - [0m13:45:09  2 of 3 START sql view model STAGING.stg_materials .............................. [RUN]
[2025-12-17T13:45:09.354+0000] {subprocess.py:93} INFO - [0m13:45:09  3 of 3 START sql view model STAGING.stg_production_orders ...................... [RUN]
[2025-12-17T13:45:11.214+0000] {subprocess.py:93} INFO - [0m13:45:11  2 of 3 OK created sql view model STAGING.stg_materials ......................... [[32mSUCCESS 1[0m in 1.85s]
[2025-12-17T13:45:11.253+0000] {subprocess.py:93} INFO - [0m13:45:11  3 of 3 OK created sql view model STAGING.stg_production_orders ................. [[32mSUCCESS 1[0m in 1.89s]
[2025-12-17T13:45:11.256+0000] {subprocess.py:93} INFO - [0m13:45:11  1 of 3 OK created sql view model STAGING.stg_batches ........................... [[32mSUCCESS 1[0m in 1.90s]
[2025-12-17T13:45:11.277+0000] {subprocess.py:93} INFO - [0m13:45:11
[2025-12-17T13:45:11.279+0000] {subprocess.py:93} INFO - [0m13:45:11  Finished running 3 view models in 0 hours 0 minutes and 5.66 seconds (5.66s).
[2025-12-17T13:45:11.368+0000] {subprocess.py:93} INFO - [0m13:45:11
[2025-12-17T13:45:11.371+0000] {subprocess.py:93} INFO - [0m13:45:11  [32mCompleted successfully[0m
[2025-12-17T13:45:11.374+0000] {subprocess.py:93} INFO - [0m13:45:11
[2025-12-17T13:45:11.376+0000] {subprocess.py:93} INFO - [0m13:45:11  Done. PASS=3 WARN=0 ERROR=0 SKIP=0 TOTAL=3
[2025-12-17T13:45:12.442+0000] {subprocess.py:97} INFO - Command exited with return code 0
[2025-12-17T13:45:12.443+0000] {taskinstance.py:441} INFO - ::group::Post task execution logs
[2025-12-17T13:45:12.476+0000] {taskinstance.py:1205} INFO - Marking task as SUCCESS. dag_id=mfg_dbt_transform_dag, task_id=dbt_run_staging, execution_date=20251216T051500, start_date=20251217T134455, end_date=20251217T134512
[2025-12-17T13:45:12.513+0000] {local_task_job_runner.py:240} INFO - Task exited with return code 0
[2025-12-17T13:45:12.544+0000] {taskinstance.py:3482} INFO - 1 downstream tasks scheduled from follow-on schedule check
[2025-12-17T13:45:12.549+0000] {local_task_job_runner.py:222} INFO - ::endgroup::
