[2025-12-12T23:17:43.239+0000] {local_task_job_runner.py:120} INFO - ::group::Pre task execution logs
[2025-12-12T23:17:43.280+0000] {taskinstance.py:2073} INFO - Dependencies all met for dep_context=non-requeueable deps ti=<TaskInstance: mfg_dbt_transform_dag.dbt_run_marts manual__2025-12-12T23:16:17.574899+00:00 [queued]>
[2025-12-12T23:17:43.290+0000] {taskinstance.py:2073} INFO - Dependencies all met for dep_context=requeueable deps ti=<TaskInstance: mfg_dbt_transform_dag.dbt_run_marts manual__2025-12-12T23:16:17.574899+00:00 [queued]>
[2025-12-12T23:17:43.291+0000] {taskinstance.py:2303} INFO - Starting attempt 1 of 3
[2025-12-12T23:17:43.309+0000] {taskinstance.py:2327} INFO - Executing <Task(BashOperator): dbt_run_marts> on 2025-12-12 23:16:17.574899+00:00
[2025-12-12T23:17:43.319+0000] {standard_task_runner.py:90} INFO - Running: ['***', 'tasks', 'run', 'mfg_dbt_transform_dag', 'dbt_run_marts', 'manual__2025-12-12T23:16:17.574899+00:00', '--job-id', '15', '--raw', '--subdir', 'DAGS_FOLDER/mfg_dbt_transform_dag.py', '--cfg-path', '/tmp/tmpfr9txacd']
[2025-12-12T23:17:43.324+0000] {logging_mixin.py:188} WARNING - /home/***/.local/lib/python3.12/site-packages/***/task/task_runner/standard_task_runner.py:61 DeprecationWarning: This process (pid=1057) is multi-threaded, use of fork() may lead to deadlocks in the child.
[2025-12-12T23:17:43.325+0000] {standard_task_runner.py:91} INFO - Job 15: Subtask dbt_run_marts
[2025-12-12T23:17:43.325+0000] {standard_task_runner.py:63} INFO - Started process 1058 to run task
[2025-12-12T23:17:43.384+0000] {task_command.py:426} INFO - Running <TaskInstance: mfg_dbt_transform_dag.dbt_run_marts manual__2025-12-12T23:16:17.574899+00:00 [running]> on host 1159f6c9764f
[2025-12-12T23:17:43.499+0000] {taskinstance.py:2644} INFO - Exporting env vars: AIRFLOW_CTX_DAG_OWNER='data-engineering' AIRFLOW_CTX_DAG_ID='mfg_dbt_transform_dag' AIRFLOW_CTX_TASK_ID='dbt_run_marts' AIRFLOW_CTX_EXECUTION_DATE='2025-12-12T23:16:17.574899+00:00' AIRFLOW_CTX_TRY_NUMBER='1' AIRFLOW_CTX_DAG_RUN_ID='manual__2025-12-12T23:16:17.574899+00:00'
[2025-12-12T23:17:43.501+0000] {taskinstance.py:430} INFO - ::endgroup::
[2025-12-12T23:17:43.524+0000] {subprocess.py:63} INFO - Tmp dir root location: /tmp
[2025-12-12T23:17:43.526+0000] {subprocess.py:75} INFO - Running command: ['/usr/bin/bash', '-c', 'cd /opt/***/dbt_project && dbt run --select marts --profiles-dir /opt/***/dbt_profiles']
[2025-12-12T23:17:43.537+0000] {subprocess.py:86} INFO - Output:
[2025-12-12T23:17:46.279+0000] {subprocess.py:93} INFO - [0m23:17:46  Running with dbt=1.10.15
[2025-12-12T23:17:48.024+0000] {subprocess.py:93} INFO - [0m23:17:48  Registered adapter: snowflake=1.10.4
[2025-12-12T23:17:49.482+0000] {subprocess.py:93} INFO - [0m23:17:49  Found 8 models, 24 data tests, 3 sources, 504 macros
[2025-12-12T23:17:49.494+0000] {subprocess.py:93} INFO - [0m23:17:49
[2025-12-12T23:17:49.497+0000] {subprocess.py:93} INFO - [0m23:17:49  Concurrency: 4 threads (target='dev')
[2025-12-12T23:17:49.499+0000] {subprocess.py:93} INFO - [0m23:17:49
[2025-12-12T23:17:51.365+0000] {subprocess.py:93} INFO - [0m23:17:51  1 of 2 START sql table model ANALYTICS_analytics.mfg_ml_features_orders ........ [RUN]
[2025-12-12T23:17:51.367+0000] {subprocess.py:93} INFO - [0m23:17:51  2 of 2 START sql table model ANALYTICS_analytics.mfg_plant_daily_kpis .......... [RUN]
[2025-12-12T23:17:52.873+0000] {subprocess.py:93} INFO - [0m23:17:52  1 of 2 OK created sql table model ANALYTICS_analytics.mfg_ml_features_orders ... [[32mSUCCESS 1[0m in 1.50s]
[2025-12-12T23:17:53.937+0000] {subprocess.py:93} INFO - [0m23:17:53  2 of 2 OK created sql table model ANALYTICS_analytics.mfg_plant_daily_kpis ..... [[32mSUCCESS 1[0m in 2.56s]
[2025-12-12T23:17:54.930+0000] {subprocess.py:93} INFO - [0m23:17:54
[2025-12-12T23:17:54.932+0000] {subprocess.py:93} INFO - [0m23:17:54  Finished running 2 table models in 0 hours 0 minutes and 5.43 seconds (5.43s).
[2025-12-12T23:17:55.017+0000] {subprocess.py:93} INFO - [0m23:17:55
[2025-12-12T23:17:55.018+0000] {subprocess.py:93} INFO - [0m23:17:55  [32mCompleted successfully[0m
[2025-12-12T23:17:55.019+0000] {subprocess.py:93} INFO - [0m23:17:55
[2025-12-12T23:17:55.021+0000] {subprocess.py:93} INFO - [0m23:17:55  Done. PASS=2 WARN=0 ERROR=0 SKIP=0 NO-OP=0 TOTAL=2
[2025-12-12T23:17:56.055+0000] {subprocess.py:97} INFO - Command exited with return code 0
[2025-12-12T23:17:56.056+0000] {taskinstance.py:441} INFO - ::group::Post task execution logs
[2025-12-12T23:17:56.084+0000] {taskinstance.py:1205} INFO - Marking task as SUCCESS. dag_id=mfg_dbt_transform_dag, task_id=dbt_run_marts, execution_date=20251212T231617, start_date=20251212T231743, end_date=20251212T231756
[2025-12-12T23:17:56.117+0000] {local_task_job_runner.py:240} INFO - Task exited with return code 0
[2025-12-12T23:17:56.135+0000] {taskinstance.py:3482} INFO - 1 downstream tasks scheduled from follow-on schedule check
[2025-12-12T23:17:56.140+0000] {local_task_job_runner.py:222} INFO - ::endgroup::
