[2025-12-17T11:25:49.865+0000] {local_task_job_runner.py:120} INFO - ::group::Pre task execution logs
[2025-12-17T11:25:49.899+0000] {taskinstance.py:2073} INFO - Dependencies all met for dep_context=non-requeueable deps ti=<TaskInstance: mfg_dbt_transform_dag.dbt_run_core manual__2025-12-17T11:24:28.032614+00:00 [queued]>
[2025-12-17T11:25:49.908+0000] {taskinstance.py:2073} INFO - Dependencies all met for dep_context=requeueable deps ti=<TaskInstance: mfg_dbt_transform_dag.dbt_run_core manual__2025-12-17T11:24:28.032614+00:00 [queued]>
[2025-12-17T11:25:49.909+0000] {taskinstance.py:2303} INFO - Starting attempt 1 of 3
[2025-12-17T11:25:49.924+0000] {taskinstance.py:2327} INFO - Executing <Task(BashOperator): dbt_run_core> on 2025-12-17 11:24:28.032614+00:00
[2025-12-17T11:25:49.935+0000] {standard_task_runner.py:90} INFO - Running: ['***', 'tasks', 'run', 'mfg_dbt_transform_dag', 'dbt_run_core', 'manual__2025-12-17T11:24:28.032614+00:00', '--job-id', '20', '--raw', '--subdir', 'DAGS_FOLDER/mfg_dbt_transform_dag.py', '--cfg-path', '/tmp/tmpfl7jl21u']
[2025-12-17T11:25:49.939+0000] {standard_task_runner.py:91} INFO - Job 20: Subtask dbt_run_core
[2025-12-17T11:25:49.940+0000] {logging_mixin.py:188} WARNING - /home/***/.local/lib/python3.12/site-packages/***/task/task_runner/standard_task_runner.py:61 DeprecationWarning: This process (pid=2708) is multi-threaded, use of fork() may lead to deadlocks in the child.
[2025-12-17T11:25:49.941+0000] {standard_task_runner.py:63} INFO - Started process 2709 to run task
[2025-12-17T11:25:50.025+0000] {task_command.py:426} INFO - Running <TaskInstance: mfg_dbt_transform_dag.dbt_run_core manual__2025-12-17T11:24:28.032614+00:00 [running]> on host ada33a2b5ec7
[2025-12-17T11:25:50.161+0000] {taskinstance.py:2644} INFO - Exporting env vars: AIRFLOW_CTX_DAG_OWNER='data-eng' AIRFLOW_CTX_DAG_ID='mfg_dbt_transform_dag' AIRFLOW_CTX_TASK_ID='dbt_run_core' AIRFLOW_CTX_EXECUTION_DATE='2025-12-17T11:24:28.032614+00:00' AIRFLOW_CTX_TRY_NUMBER='1' AIRFLOW_CTX_DAG_RUN_ID='manual__2025-12-17T11:24:28.032614+00:00'
[2025-12-17T11:25:50.162+0000] {taskinstance.py:430} INFO - ::endgroup::
[2025-12-17T11:25:50.186+0000] {subprocess.py:63} INFO - Tmp dir root location: /tmp
[2025-12-17T11:25:50.187+0000] {subprocess.py:75} INFO - Running command: ['/usr/bin/bash', '-c', 'cd /opt/***/dbt_project && dbt run --select core --profiles-dir /opt/***/dbt_profiles']
[2025-12-17T11:25:50.199+0000] {subprocess.py:86} INFO - Output:
[2025-12-17T11:25:53.274+0000] {subprocess.py:93} INFO - [0m11:25:53  Running with dbt=1.8.4
[2025-12-17T11:25:54.537+0000] {subprocess.py:93} INFO - [0m11:25:54  Registered adapter: snowflake=1.8.4
[2025-12-17T11:25:55.438+0000] {subprocess.py:93} INFO - [0m11:25:55  Found 8 models, 24 data tests, 3 sources, 459 macros
[2025-12-17T11:25:55.443+0000] {subprocess.py:93} INFO - [0m11:25:55
[2025-12-17T11:25:58.863+0000] {subprocess.py:93} INFO - [0m11:25:58  Concurrency: 4 threads (target='dev')
[2025-12-17T11:25:58.864+0000] {subprocess.py:93} INFO - [0m11:25:58
[2025-12-17T11:25:58.878+0000] {subprocess.py:93} INFO - [0m11:25:58  1 of 3 START sql table model STAGING_analytics.core_materials .................. [RUN]
[2025-12-17T11:26:01.457+0000] {subprocess.py:93} INFO - [0m11:26:01  1 of 3 OK created sql table model STAGING_analytics.core_materials ............. [[32mSUCCESS 1[0m in 2.57s]
[2025-12-17T11:26:01.464+0000] {subprocess.py:93} INFO - [0m11:26:01  2 of 3 START sql table model STAGING_analytics.core_batches .................... [RUN]
[2025-12-17T11:26:01.465+0000] {subprocess.py:93} INFO - [0m11:26:01  3 of 3 START sql table model STAGING_analytics.fct_production_orders ........... [RUN]
[2025-12-17T11:26:04.300+0000] {subprocess.py:93} INFO - [0m11:26:04  2 of 3 OK created sql table model STAGING_analytics.core_batches ............... [[32mSUCCESS 1[0m in 2.83s]
[2025-12-17T11:26:04.706+0000] {subprocess.py:93} INFO - [0m11:26:04  3 of 3 OK created sql table model STAGING_analytics.fct_production_orders ...... [[32mSUCCESS 1[0m in 3.24s]
[2025-12-17T11:26:04.718+0000] {subprocess.py:93} INFO - [0m11:26:04
[2025-12-17T11:26:04.719+0000] {subprocess.py:93} INFO - [0m11:26:04  Finished running 3 table models in 0 hours 0 minutes and 9.27 seconds (9.27s).
[2025-12-17T11:26:04.882+0000] {subprocess.py:93} INFO - [0m11:26:04
[2025-12-17T11:26:04.883+0000] {subprocess.py:93} INFO - [0m11:26:04  [32mCompleted successfully[0m
[2025-12-17T11:26:04.885+0000] {subprocess.py:93} INFO - [0m11:26:04
[2025-12-17T11:26:04.886+0000] {subprocess.py:93} INFO - [0m11:26:04  Done. PASS=3 WARN=0 ERROR=0 SKIP=0 TOTAL=3
[2025-12-17T11:26:05.895+0000] {subprocess.py:97} INFO - Command exited with return code 0
[2025-12-17T11:26:05.896+0000] {taskinstance.py:441} INFO - ::group::Post task execution logs
[2025-12-17T11:26:05.934+0000] {taskinstance.py:1205} INFO - Marking task as SUCCESS. dag_id=mfg_dbt_transform_dag, task_id=dbt_run_core, execution_date=20251217T112428, start_date=20251217T112549, end_date=20251217T112605
[2025-12-17T11:26:05.966+0000] {local_task_job_runner.py:240} INFO - Task exited with return code 0
[2025-12-17T11:26:05.992+0000] {taskinstance.py:3482} INFO - 1 downstream tasks scheduled from follow-on schedule check
[2025-12-17T11:26:05.996+0000] {local_task_job_runner.py:222} INFO - ::endgroup::
