[2025-12-17T10:59:08.858+0000] {local_task_job_runner.py:120} INFO - ::group::Pre task execution logs
[2025-12-17T10:59:08.892+0000] {taskinstance.py:2073} INFO - Dependencies all met for dep_context=non-requeueable deps ti=<TaskInstance: mfg_raw_ingestion_dag.dbt_run_all manual__2025-12-17T10:57:24.265815+00:00 [queued]>
[2025-12-17T10:59:08.902+0000] {taskinstance.py:2073} INFO - Dependencies all met for dep_context=requeueable deps ti=<TaskInstance: mfg_raw_ingestion_dag.dbt_run_all manual__2025-12-17T10:57:24.265815+00:00 [queued]>
[2025-12-17T10:59:08.903+0000] {taskinstance.py:2303} INFO - Starting attempt 1 of 3
[2025-12-17T10:59:08.918+0000] {taskinstance.py:2327} INFO - Executing <Task(BashOperator): dbt_run_all> on 2025-12-17 10:57:24.265815+00:00
[2025-12-17T10:59:08.926+0000] {standard_task_runner.py:90} INFO - Running: ['***', 'tasks', 'run', 'mfg_raw_ingestion_dag', 'dbt_run_all', 'manual__2025-12-17T10:57:24.265815+00:00', '--job-id', '10', '--raw', '--subdir', 'DAGS_FOLDER/mfg_raw_ingestion_dag.py', '--cfg-path', '/tmp/tmpbyb8rdrx']
[2025-12-17T10:59:08.929+0000] {standard_task_runner.py:91} INFO - Job 10: Subtask dbt_run_all
[2025-12-17T10:59:08.929+0000] {logging_mixin.py:188} WARNING - /home/***/.local/lib/python3.12/site-packages/***/task/task_runner/standard_task_runner.py:61 DeprecationWarning: This process (pid=941) is multi-threaded, use of fork() may lead to deadlocks in the child.
[2025-12-17T10:59:08.930+0000] {standard_task_runner.py:63} INFO - Started process 942 to run task
[2025-12-17T10:59:08.992+0000] {task_command.py:426} INFO - Running <TaskInstance: mfg_raw_ingestion_dag.dbt_run_all manual__2025-12-17T10:57:24.265815+00:00 [running]> on host ada33a2b5ec7
[2025-12-17T10:59:09.097+0000] {taskinstance.py:2644} INFO - Exporting env vars: AIRFLOW_CTX_DAG_OWNER='data-eng' AIRFLOW_CTX_DAG_ID='mfg_raw_ingestion_dag' AIRFLOW_CTX_TASK_ID='dbt_run_all' AIRFLOW_CTX_EXECUTION_DATE='2025-12-17T10:57:24.265815+00:00' AIRFLOW_CTX_TRY_NUMBER='1' AIRFLOW_CTX_DAG_RUN_ID='manual__2025-12-17T10:57:24.265815+00:00'
[2025-12-17T10:59:09.098+0000] {taskinstance.py:430} INFO - ::endgroup::
[2025-12-17T10:59:09.113+0000] {subprocess.py:63} INFO - Tmp dir root location: /tmp
[2025-12-17T10:59:09.114+0000] {subprocess.py:75} INFO - Running command: ['/usr/bin/bash', '-c', 'cd /opt/***/dbt_project && dbt run --profiles-dir /opt/***/dbt_profiles']
[2025-12-17T10:59:09.122+0000] {subprocess.py:86} INFO - Output:
[2025-12-17T10:59:11.217+0000] {subprocess.py:93} INFO - [0m10:59:11  Running with dbt=1.8.4
[2025-12-17T10:59:12.156+0000] {subprocess.py:93} INFO - [0m10:59:12  Registered adapter: snowflake=1.8.4
[2025-12-17T10:59:12.816+0000] {subprocess.py:93} INFO - [0m10:59:12  Found 8 models, 24 data tests, 3 sources, 459 macros
[2025-12-17T10:59:12.820+0000] {subprocess.py:93} INFO - [0m10:59:12
[2025-12-17T10:59:16.908+0000] {subprocess.py:93} INFO - [0m10:59:16  Concurrency: 4 threads (target='dev')
[2025-12-17T10:59:16.910+0000] {subprocess.py:93} INFO - [0m10:59:16
[2025-12-17T10:59:16.926+0000] {subprocess.py:93} INFO - [0m10:59:16  1 of 8 START sql view model STAGING_analytics.stg_batches ...................... [RUN]
[2025-12-17T10:59:16.929+0000] {subprocess.py:93} INFO - [0m10:59:16  2 of 8 START sql view model STAGING_analytics.stg_materials .................... [RUN]
[2025-12-17T10:59:16.931+0000] {subprocess.py:93} INFO - [0m10:59:16  3 of 8 START sql view model STAGING_analytics.stg_production_orders ............ [RUN]
[2025-12-17T10:59:19.205+0000] {subprocess.py:93} INFO - [0m10:59:19  1 of 8 OK created sql view model STAGING_analytics.stg_batches ................. [[32mSUCCESS 1[0m in 2.27s]
[2025-12-17T10:59:19.221+0000] {subprocess.py:93} INFO - [0m10:59:19  2 of 8 OK created sql view model STAGING_analytics.stg_materials ............... [[32mSUCCESS 1[0m in 2.28s]
[2025-12-17T10:59:19.227+0000] {subprocess.py:93} INFO - [0m10:59:19  4 of 8 START sql table model STAGING_analytics.core_materials .................. [RUN]
[2025-12-17T10:59:19.432+0000] {subprocess.py:93} INFO - [0m10:59:19  3 of 8 OK created sql view model STAGING_analytics.stg_production_orders ....... [[32mSUCCESS 1[0m in 2.49s]
[2025-12-17T10:59:22.080+0000] {subprocess.py:93} INFO - [0m10:59:22  4 of 8 OK created sql table model STAGING_analytics.core_materials ............. [[32mSUCCESS 1[0m in 2.85s]
[2025-12-17T10:59:22.086+0000] {subprocess.py:93} INFO - [0m10:59:22  5 of 8 START sql table model STAGING_analytics.core_batches .................... [RUN]
[2025-12-17T10:59:22.088+0000] {subprocess.py:93} INFO - [0m10:59:22  6 of 8 START sql table model STAGING_analytics.fct_production_orders ........... [RUN]
[2025-12-17T10:59:25.529+0000] {subprocess.py:93} INFO - [0m10:59:25  6 of 8 OK created sql table model STAGING_analytics.fct_production_orders ...... [[32mSUCCESS 1[0m in 3.44s]
[2025-12-17T10:59:25.566+0000] {subprocess.py:93} INFO - [0m10:59:25  5 of 8 OK created sql table model STAGING_analytics.core_batches ............... [[32mSUCCESS 1[0m in 3.47s]
[2025-12-17T10:59:25.573+0000] {subprocess.py:93} INFO - [0m10:59:25  7 of 8 START sql table model STAGING_analytics.mfg_ml_features_orders .......... [RUN]
[2025-12-17T10:59:25.574+0000] {subprocess.py:93} INFO - [0m10:59:25  8 of 8 START sql table model STAGING_analytics.mfg_plant_daily_kpis ............ [RUN]
[2025-12-17T10:59:28.166+0000] {subprocess.py:93} INFO - [0m10:59:28  8 of 8 OK created sql table model STAGING_analytics.mfg_plant_daily_kpis ....... [[32mSUCCESS 1[0m in 2.59s]
[2025-12-17T10:59:28.232+0000] {subprocess.py:93} INFO - [0m10:59:28  7 of 8 OK created sql table model STAGING_analytics.mfg_ml_features_orders ..... [[32mSUCCESS 1[0m in 2.65s]
[2025-12-17T10:59:28.244+0000] {subprocess.py:93} INFO - [0m10:59:28
[2025-12-17T10:59:28.245+0000] {subprocess.py:93} INFO - [0m10:59:28  Finished running 3 view models, 5 table models in 0 hours 0 minutes and 15.42 seconds (15.42s).
[2025-12-17T10:59:28.315+0000] {subprocess.py:93} INFO - [0m10:59:28
[2025-12-17T10:59:28.316+0000] {subprocess.py:93} INFO - [0m10:59:28  [32mCompleted successfully[0m
[2025-12-17T10:59:28.317+0000] {subprocess.py:93} INFO - [0m10:59:28
[2025-12-17T10:59:28.319+0000] {subprocess.py:93} INFO - [0m10:59:28  Done. PASS=8 WARN=0 ERROR=0 SKIP=0 TOTAL=8
[2025-12-17T10:59:29.406+0000] {subprocess.py:97} INFO - Command exited with return code 0
[2025-12-17T10:59:29.407+0000] {taskinstance.py:441} INFO - ::group::Post task execution logs
[2025-12-17T10:59:29.439+0000] {taskinstance.py:1205} INFO - Marking task as SUCCESS. dag_id=mfg_raw_ingestion_dag, task_id=dbt_run_all, execution_date=20251217T105724, start_date=20251217T105908, end_date=20251217T105929
[2025-12-17T10:59:29.481+0000] {local_task_job_runner.py:240} INFO - Task exited with return code 0
[2025-12-17T10:59:29.502+0000] {taskinstance.py:3482} INFO - 1 downstream tasks scheduled from follow-on schedule check
[2025-12-17T10:59:29.507+0000] {local_task_job_runner.py:222} INFO - ::endgroup::
