[2025-12-12T23:17:16.646+0000] {local_task_job_runner.py:120} INFO - ::group::Pre task execution logs
[2025-12-12T23:17:16.678+0000] {taskinstance.py:2073} INFO - Dependencies all met for dep_context=non-requeueable deps ti=<TaskInstance: mfg_dbt_transform_dag.dbt_run_staging manual__2025-12-12T23:16:17.574899+00:00 [queued]>
[2025-12-12T23:17:16.687+0000] {taskinstance.py:2073} INFO - Dependencies all met for dep_context=requeueable deps ti=<TaskInstance: mfg_dbt_transform_dag.dbt_run_staging manual__2025-12-12T23:16:17.574899+00:00 [queued]>
[2025-12-12T23:17:16.689+0000] {taskinstance.py:2303} INFO - Starting attempt 1 of 3
[2025-12-12T23:17:16.706+0000] {taskinstance.py:2327} INFO - Executing <Task(BashOperator): dbt_run_staging> on 2025-12-12 23:16:17.574899+00:00
[2025-12-12T23:17:16.714+0000] {standard_task_runner.py:90} INFO - Running: ['***', 'tasks', 'run', 'mfg_dbt_transform_dag', 'dbt_run_staging', 'manual__2025-12-12T23:16:17.574899+00:00', '--job-id', '12', '--raw', '--subdir', 'DAGS_FOLDER/mfg_dbt_transform_dag.py', '--cfg-path', '/tmp/tmpvbcs5ssu']
[2025-12-12T23:17:16.717+0000] {standard_task_runner.py:91} INFO - Job 12: Subtask dbt_run_staging
[2025-12-12T23:17:16.717+0000] {logging_mixin.py:188} WARNING - /home/***/.local/lib/python3.12/site-packages/***/task/task_runner/standard_task_runner.py:61 DeprecationWarning: This process (pid=987) is multi-threaded, use of fork() may lead to deadlocks in the child.
[2025-12-12T23:17:16.718+0000] {standard_task_runner.py:63} INFO - Started process 988 to run task
[2025-12-12T23:17:16.768+0000] {task_command.py:426} INFO - Running <TaskInstance: mfg_dbt_transform_dag.dbt_run_staging manual__2025-12-12T23:16:17.574899+00:00 [running]> on host 1159f6c9764f
[2025-12-12T23:17:16.857+0000] {taskinstance.py:2644} INFO - Exporting env vars: AIRFLOW_CTX_DAG_OWNER='data-engineering' AIRFLOW_CTX_DAG_ID='mfg_dbt_transform_dag' AIRFLOW_CTX_TASK_ID='dbt_run_staging' AIRFLOW_CTX_EXECUTION_DATE='2025-12-12T23:16:17.574899+00:00' AIRFLOW_CTX_TRY_NUMBER='1' AIRFLOW_CTX_DAG_RUN_ID='manual__2025-12-12T23:16:17.574899+00:00'
[2025-12-12T23:17:16.859+0000] {taskinstance.py:430} INFO - ::endgroup::
[2025-12-12T23:17:16.875+0000] {subprocess.py:63} INFO - Tmp dir root location: /tmp
[2025-12-12T23:17:16.876+0000] {subprocess.py:75} INFO - Running command: ['/usr/bin/bash', '-c', 'cd /opt/***/dbt_project && dbt run --select staging --profiles-dir /opt/***/dbt_profiles']
[2025-12-12T23:17:16.885+0000] {subprocess.py:86} INFO - Output:
[2025-12-12T23:17:19.428+0000] {subprocess.py:93} INFO - [0m23:17:19  Running with dbt=1.10.15
[2025-12-12T23:17:20.719+0000] {subprocess.py:93} INFO - [0m23:17:20  Registered adapter: snowflake=1.10.4
[2025-12-12T23:17:21.445+0000] {subprocess.py:93} INFO - [0m23:17:21  Found 8 models, 24 data tests, 3 sources, 504 macros
[2025-12-12T23:17:21.449+0000] {subprocess.py:93} INFO - [0m23:17:21
[2025-12-12T23:17:21.450+0000] {subprocess.py:93} INFO - [0m23:17:21  Concurrency: 4 threads (target='dev')
[2025-12-12T23:17:21.452+0000] {subprocess.py:93} INFO - [0m23:17:21
[2025-12-12T23:17:23.631+0000] {subprocess.py:93} INFO - [0m23:17:23  1 of 3 START sql view model ANALYTICS_analytics.stg_batches .................... [RUN]
[2025-12-12T23:17:23.634+0000] {subprocess.py:93} INFO - [0m23:17:23  2 of 3 START sql view model ANALYTICS_analytics.stg_materials .................. [RUN]
[2025-12-12T23:17:23.637+0000] {subprocess.py:93} INFO - [0m23:17:23  3 of 3 START sql view model ANALYTICS_analytics.stg_production_orders .......... [RUN]
[2025-12-12T23:17:24.413+0000] {subprocess.py:93} INFO - [0m23:17:24  1 of 3 OK created sql view model ANALYTICS_analytics.stg_batches ............... [[32mSUCCESS 1[0m in 0.77s]
[2025-12-12T23:17:25.648+0000] {subprocess.py:93} INFO - [0m23:17:25  3 of 3 OK created sql view model ANALYTICS_analytics.stg_production_orders ..... [[32mSUCCESS 1[0m in 2.00s]
[2025-12-12T23:17:25.666+0000] {subprocess.py:93} INFO - [0m23:17:25  2 of 3 OK created sql view model ANALYTICS_analytics.stg_materials ............. [[32mSUCCESS 1[0m in 2.02s]
[2025-12-12T23:17:27.075+0000] {subprocess.py:93} INFO - [0m23:17:27
[2025-12-12T23:17:27.077+0000] {subprocess.py:93} INFO - [0m23:17:27  Finished running 3 view models in 0 hours 0 minutes and 5.62 seconds (5.62s).
[2025-12-12T23:17:27.175+0000] {subprocess.py:93} INFO - [0m23:17:27
[2025-12-12T23:17:27.177+0000] {subprocess.py:93} INFO - [0m23:17:27  [32mCompleted successfully[0m
[2025-12-12T23:17:27.179+0000] {subprocess.py:93} INFO - [0m23:17:27
[2025-12-12T23:17:27.180+0000] {subprocess.py:93} INFO - [0m23:17:27  Done. PASS=3 WARN=0 ERROR=0 SKIP=0 NO-OP=0 TOTAL=3
[2025-12-12T23:17:28.373+0000] {subprocess.py:97} INFO - Command exited with return code 0
[2025-12-12T23:17:28.375+0000] {taskinstance.py:441} INFO - ::group::Post task execution logs
[2025-12-12T23:17:28.431+0000] {taskinstance.py:1205} INFO - Marking task as SUCCESS. dag_id=mfg_dbt_transform_dag, task_id=dbt_run_staging, execution_date=20251212T231617, start_date=20251212T231716, end_date=20251212T231728
[2025-12-12T23:17:28.504+0000] {local_task_job_runner.py:240} INFO - Task exited with return code 0
[2025-12-12T23:17:28.544+0000] {taskinstance.py:3482} INFO - 1 downstream tasks scheduled from follow-on schedule check
[2025-12-12T23:17:28.549+0000] {local_task_job_runner.py:222} INFO - ::endgroup::
