[2025-12-16T23:16:32.938+0000] {local_task_job_runner.py:120} INFO - ::group::Pre task execution logs
[2025-12-16T23:16:32.999+0000] {taskinstance.py:2073} INFO - Dependencies all met for dep_context=non-requeueable deps ti=<TaskInstance: mfg_dbt_transform_dag.dbt_run_core manual__2025-12-16T23:15:10.392181+00:00 [queued]>
[2025-12-16T23:16:33.012+0000] {taskinstance.py:2073} INFO - Dependencies all met for dep_context=requeueable deps ti=<TaskInstance: mfg_dbt_transform_dag.dbt_run_core manual__2025-12-16T23:15:10.392181+00:00 [queued]>
[2025-12-16T23:16:33.014+0000] {taskinstance.py:2303} INFO - Starting attempt 1 of 3
[2025-12-16T23:16:33.036+0000] {taskinstance.py:2327} INFO - Executing <Task(BashOperator): dbt_run_core> on 2025-12-16 23:15:10.392181+00:00
[2025-12-16T23:16:33.046+0000] {standard_task_runner.py:90} INFO - Running: ['***', 'tasks', 'run', 'mfg_dbt_transform_dag', 'dbt_run_core', 'manual__2025-12-16T23:15:10.392181+00:00', '--job-id', '13', '--raw', '--subdir', 'DAGS_FOLDER/mfg_dbt_transform_dag.py', '--cfg-path', '/tmp/tmp5mctp4mr']
[2025-12-16T23:16:33.051+0000] {standard_task_runner.py:91} INFO - Job 13: Subtask dbt_run_core
[2025-12-16T23:16:33.051+0000] {logging_mixin.py:188} WARNING - /home/***/.local/lib/python3.12/site-packages/***/task/task_runner/standard_task_runner.py:61 DeprecationWarning: This process (pid=670) is multi-threaded, use of fork() may lead to deadlocks in the child.
[2025-12-16T23:16:33.052+0000] {standard_task_runner.py:63} INFO - Started process 671 to run task
[2025-12-16T23:16:33.124+0000] {task_command.py:426} INFO - Running <TaskInstance: mfg_dbt_transform_dag.dbt_run_core manual__2025-12-16T23:15:10.392181+00:00 [running]> on host f349782282f8
[2025-12-16T23:16:33.238+0000] {taskinstance.py:2644} INFO - Exporting env vars: AIRFLOW_CTX_DAG_OWNER='data-engineering' AIRFLOW_CTX_DAG_ID='mfg_dbt_transform_dag' AIRFLOW_CTX_TASK_ID='dbt_run_core' AIRFLOW_CTX_EXECUTION_DATE='2025-12-16T23:15:10.392181+00:00' AIRFLOW_CTX_TRY_NUMBER='1' AIRFLOW_CTX_DAG_RUN_ID='manual__2025-12-16T23:15:10.392181+00:00'
[2025-12-16T23:16:33.239+0000] {taskinstance.py:430} INFO - ::endgroup::
[2025-12-16T23:16:33.262+0000] {subprocess.py:63} INFO - Tmp dir root location: /tmp
[2025-12-16T23:16:33.264+0000] {subprocess.py:75} INFO - Running command: ['/usr/bin/bash', '-c', 'cd /opt/***/dbt_project && dbt run --select core --profiles-dir /opt/***/dbt_profiles']
[2025-12-16T23:16:33.276+0000] {subprocess.py:86} INFO - Output:
[2025-12-16T23:16:36.791+0000] {subprocess.py:93} INFO - [0m23:16:36  Running with dbt=1.10.16
[2025-12-16T23:16:37.986+0000] {subprocess.py:93} INFO - [0m23:16:37  Registered adapter: snowflake=1.10.4
[2025-12-16T23:16:38.713+0000] {subprocess.py:93} INFO - [0m23:16:38  Found 8 models, 24 data tests, 3 sources, 504 macros
[2025-12-16T23:16:38.719+0000] {subprocess.py:93} INFO - [0m23:16:38
[2025-12-16T23:16:38.722+0000] {subprocess.py:93} INFO - [0m23:16:38  Concurrency: 4 threads (target='dev')
[2025-12-16T23:16:38.723+0000] {subprocess.py:93} INFO - [0m23:16:38
[2025-12-16T23:16:40.721+0000] {subprocess.py:93} INFO - [0m23:16:40  1 of 3 START sql table model ANALYTICS_analytics.core_materials ................ [RUN]
[2025-12-16T23:16:42.077+0000] {subprocess.py:93} INFO - [0m23:16:42  1 of 3 OK created sql table model ANALYTICS_analytics.core_materials ........... [[32mSUCCESS 1[0m in 1.35s]
[2025-12-16T23:16:42.085+0000] {subprocess.py:93} INFO - [0m23:16:42  2 of 3 START sql table model ANALYTICS_analytics.core_batches .................. [RUN]
[2025-12-16T23:16:42.087+0000] {subprocess.py:93} INFO - [0m23:16:42  3 of 3 START sql table model ANALYTICS_analytics.fct_production_orders ......... [RUN]
[2025-12-16T23:16:44.718+0000] {subprocess.py:93} INFO - [0m23:16:44  3 of 3 OK created sql table model ANALYTICS_analytics.fct_production_orders .... [[32mSUCCESS 1[0m in 2.63s]
[2025-12-16T23:16:44.764+0000] {subprocess.py:93} INFO - [0m23:16:44  2 of 3 OK created sql table model ANALYTICS_analytics.core_batches ............. [[32mSUCCESS 1[0m in 2.67s]
[2025-12-16T23:16:46.206+0000] {subprocess.py:93} INFO - [0m23:16:46
[2025-12-16T23:16:46.208+0000] {subprocess.py:93} INFO - [0m23:16:46  Finished running 3 table models in 0 hours 0 minutes and 7.48 seconds (7.48s).
[2025-12-16T23:16:46.308+0000] {subprocess.py:93} INFO - [0m23:16:46
[2025-12-16T23:16:46.309+0000] {subprocess.py:93} INFO - [0m23:16:46  [32mCompleted successfully[0m
[2025-12-16T23:16:46.311+0000] {subprocess.py:93} INFO - [0m23:16:46
[2025-12-16T23:16:46.313+0000] {subprocess.py:93} INFO - [0m23:16:46  Done. PASS=3 WARN=0 ERROR=0 SKIP=0 NO-OP=0 TOTAL=3
[2025-12-16T23:16:47.472+0000] {subprocess.py:97} INFO - Command exited with return code 0
[2025-12-16T23:16:47.474+0000] {taskinstance.py:441} INFO - ::group::Post task execution logs
[2025-12-16T23:16:47.512+0000] {taskinstance.py:1205} INFO - Marking task as SUCCESS. dag_id=mfg_dbt_transform_dag, task_id=dbt_run_core, execution_date=20251216T231510, start_date=20251216T231633, end_date=20251216T231647
[2025-12-16T23:16:47.568+0000] {local_task_job_runner.py:240} INFO - Task exited with return code 0
[2025-12-16T23:16:47.603+0000] {taskinstance.py:3482} INFO - 1 downstream tasks scheduled from follow-on schedule check
[2025-12-16T23:16:47.608+0000] {local_task_job_runner.py:222} INFO - ::endgroup::
