[2025-12-17T13:10:09.407+0000] {local_task_job_runner.py:120} INFO - ::group::Pre task execution logs
[2025-12-17T13:10:09.450+0000] {taskinstance.py:2073} INFO - Dependencies all met for dep_context=non-requeueable deps ti=<TaskInstance: mfg_raw_ingestion_dag.dbt_run_all manual__2025-12-17T13:04:16.213686+00:00 [queued]>
[2025-12-17T13:10:09.461+0000] {taskinstance.py:2073} INFO - Dependencies all met for dep_context=requeueable deps ti=<TaskInstance: mfg_raw_ingestion_dag.dbt_run_all manual__2025-12-17T13:04:16.213686+00:00 [queued]>
[2025-12-17T13:10:09.462+0000] {taskinstance.py:2303} INFO - Starting attempt 1 of 3
[2025-12-17T13:10:09.485+0000] {taskinstance.py:2327} INFO - Executing <Task(BashOperator): dbt_run_all> on 2025-12-17 13:04:16.213686+00:00
[2025-12-17T13:10:09.492+0000] {standard_task_runner.py:90} INFO - Running: ['***', 'tasks', 'run', 'mfg_raw_ingestion_dag', 'dbt_run_all', 'manual__2025-12-17T13:04:16.213686+00:00', '--job-id', '26', '--raw', '--subdir', 'DAGS_FOLDER/mfg_raw_ingestion_dag.py', '--cfg-path', '/tmp/tmpcaux0613']
[2025-12-17T13:10:09.496+0000] {standard_task_runner.py:91} INFO - Job 26: Subtask dbt_run_all
[2025-12-17T13:10:09.497+0000] {logging_mixin.py:188} WARNING - /home/***/.local/lib/python3.12/site-packages/***/task/task_runner/standard_task_runner.py:61 DeprecationWarning: This process (pid=1262) is multi-threaded, use of fork() may lead to deadlocks in the child.
[2025-12-17T13:10:09.498+0000] {standard_task_runner.py:63} INFO - Started process 1263 to run task
[2025-12-17T13:10:09.579+0000] {task_command.py:426} INFO - Running <TaskInstance: mfg_raw_ingestion_dag.dbt_run_all manual__2025-12-17T13:04:16.213686+00:00 [running]> on host 84fc30c39b31
[2025-12-17T13:10:09.680+0000] {taskinstance.py:2644} INFO - Exporting env vars: AIRFLOW_CTX_DAG_OWNER='data-eng' AIRFLOW_CTX_DAG_ID='mfg_raw_ingestion_dag' AIRFLOW_CTX_TASK_ID='dbt_run_all' AIRFLOW_CTX_EXECUTION_DATE='2025-12-17T13:04:16.213686+00:00' AIRFLOW_CTX_TRY_NUMBER='1' AIRFLOW_CTX_DAG_RUN_ID='manual__2025-12-17T13:04:16.213686+00:00'
[2025-12-17T13:10:09.681+0000] {taskinstance.py:430} INFO - ::endgroup::
[2025-12-17T13:10:09.697+0000] {subprocess.py:63} INFO - Tmp dir root location: /tmp
[2025-12-17T13:10:09.699+0000] {subprocess.py:75} INFO - Running command: ['/usr/bin/bash', '-c', 'cd /opt/***/dbt_project && dbt run --profiles-dir /opt/***/dbt_profiles']
[2025-12-17T13:10:09.707+0000] {subprocess.py:86} INFO - Output:
[2025-12-17T13:10:11.817+0000] {subprocess.py:93} INFO - [0m13:10:11  Running with dbt=1.8.4
[2025-12-17T13:10:12.917+0000] {subprocess.py:93} INFO - [0m13:10:12  Registered adapter: snowflake=1.8.4
[2025-12-17T13:10:13.632+0000] {subprocess.py:93} INFO - [0m13:10:13  Found 8 models, 24 data tests, 3 sources, 459 macros
[2025-12-17T13:10:13.637+0000] {subprocess.py:93} INFO - [0m13:10:13
[2025-12-17T13:10:18.286+0000] {subprocess.py:93} INFO - [0m13:10:18  Concurrency: 4 threads (target='dev')
[2025-12-17T13:10:18.288+0000] {subprocess.py:93} INFO - [0m13:10:18
[2025-12-17T13:10:18.308+0000] {subprocess.py:93} INFO - [0m13:10:18  1 of 8 START sql view model CORE_STAGING.stg_batches ........................... [RUN]
[2025-12-17T13:10:18.310+0000] {subprocess.py:93} INFO - [0m13:10:18  2 of 8 START sql view model CORE_STAGING.stg_materials ......................... [RUN]
[2025-12-17T13:10:18.312+0000] {subprocess.py:93} INFO - [0m13:10:18  3 of 8 START sql view model CORE_STAGING.stg_production_orders ................. [RUN]
[2025-12-17T13:10:20.296+0000] {subprocess.py:93} INFO - [0m13:10:20  3 of 8 OK created sql view model CORE_STAGING.stg_production_orders ............ [[32mSUCCESS 1[0m in 1.97s]
[2025-12-17T13:10:20.586+0000] {subprocess.py:93} INFO - [0m13:10:20  2 of 8 OK created sql view model CORE_STAGING.stg_materials .................... [[32mSUCCESS 1[0m in 2.27s]
[2025-12-17T13:10:20.591+0000] {subprocess.py:93} INFO - [0m13:10:20  4 of 8 START sql table model CORE_CORE.core_materials .......................... [RUN]
[2025-12-17T13:10:20.778+0000] {subprocess.py:93} INFO - [0m13:10:20  1 of 8 OK created sql view model CORE_STAGING.stg_batches ...................... [[32mSUCCESS 1[0m in 2.46s]
[2025-12-17T13:10:22.936+0000] {subprocess.py:93} INFO - [0m13:10:22  4 of 8 OK created sql table model CORE_CORE.core_materials ..................... [[32mSUCCESS 1[0m in 2.34s]
[2025-12-17T13:10:22.942+0000] {subprocess.py:93} INFO - [0m13:10:22  5 of 8 START sql table model CORE_CORE.core_batches ............................ [RUN]
[2025-12-17T13:10:22.944+0000] {subprocess.py:93} INFO - [0m13:10:22  6 of 8 START sql table model CORE_CORE.fct_production_orders ................... [RUN]
[2025-12-17T13:10:25.882+0000] {subprocess.py:93} INFO - [0m13:10:25  5 of 8 OK created sql table model CORE_CORE.core_batches ....................... [[32mSUCCESS 1[0m in 2.93s]
[2025-12-17T13:10:26.326+0000] {subprocess.py:93} INFO - [0m13:10:26  6 of 8 OK created sql table model CORE_CORE.fct_production_orders .............. [[32mSUCCESS 1[0m in 3.38s]
[2025-12-17T13:10:26.335+0000] {subprocess.py:93} INFO - [0m13:10:26  7 of 8 START sql table model CORE_MARTS.mfg_ml_features_orders ................. [RUN]
[2025-12-17T13:10:26.337+0000] {subprocess.py:93} INFO - [0m13:10:26  8 of 8 START sql table model CORE_MARTS.mfg_plant_daily_kpis ................... [RUN]
[2025-12-17T13:10:29.110+0000] {subprocess.py:93} INFO - [0m13:10:29  7 of 8 OK created sql table model CORE_MARTS.mfg_ml_features_orders ............ [[32mSUCCESS 1[0m in 2.77s]
[2025-12-17T13:10:30.491+0000] {subprocess.py:93} INFO - [0m13:10:30  8 of 8 OK created sql table model CORE_MARTS.mfg_plant_daily_kpis .............. [[32mSUCCESS 1[0m in 4.15s]
[2025-12-17T13:10:30.505+0000] {subprocess.py:93} INFO - [0m13:10:30
[2025-12-17T13:10:30.507+0000] {subprocess.py:93} INFO - [0m13:10:30  Finished running 3 view models, 5 table models in 0 hours 0 minutes and 16.87 seconds (16.87s).
[2025-12-17T13:10:30.591+0000] {subprocess.py:93} INFO - [0m13:10:30
[2025-12-17T13:10:30.592+0000] {subprocess.py:93} INFO - [0m13:10:30  [32mCompleted successfully[0m
[2025-12-17T13:10:30.594+0000] {subprocess.py:93} INFO - [0m13:10:30
[2025-12-17T13:10:30.595+0000] {subprocess.py:93} INFO - [0m13:10:30  Done. PASS=8 WARN=0 ERROR=0 SKIP=0 TOTAL=8
[2025-12-17T13:10:31.674+0000] {subprocess.py:97} INFO - Command exited with return code 0
[2025-12-17T13:10:31.675+0000] {taskinstance.py:441} INFO - ::group::Post task execution logs
[2025-12-17T13:10:31.712+0000] {taskinstance.py:1205} INFO - Marking task as SUCCESS. dag_id=mfg_raw_ingestion_dag, task_id=dbt_run_all, execution_date=20251217T130416, start_date=20251217T131009, end_date=20251217T131031
[2025-12-17T13:10:31.743+0000] {local_task_job_runner.py:240} INFO - Task exited with return code 0
[2025-12-17T13:10:31.765+0000] {taskinstance.py:3482} INFO - 1 downstream tasks scheduled from follow-on schedule check
[2025-12-17T13:10:31.770+0000] {local_task_job_runner.py:222} INFO - ::endgroup::
