[2025-12-17T13:50:12.410+0000] {local_task_job_runner.py:120} INFO - ::group::Pre task execution logs
[2025-12-17T13:50:12.449+0000] {taskinstance.py:2073} INFO - Dependencies all met for dep_context=non-requeueable deps ti=<TaskInstance: mfg_data_quality_monitoring_dag.dq_check_duplicate_batches manual__2025-12-17T13:44:55.469204+00:00 [queued]>
[2025-12-17T13:50:12.460+0000] {taskinstance.py:2073} INFO - Dependencies all met for dep_context=requeueable deps ti=<TaskInstance: mfg_data_quality_monitoring_dag.dq_check_duplicate_batches manual__2025-12-17T13:44:55.469204+00:00 [queued]>
[2025-12-17T13:50:12.462+0000] {taskinstance.py:2303} INFO - Starting attempt 1 of 2
[2025-12-17T13:50:12.477+0000] {taskinstance.py:2327} INFO - Executing <Task(PythonOperator): dq_check_duplicate_batches> on 2025-12-17 13:44:55.469204+00:00
[2025-12-17T13:50:12.488+0000] {standard_task_runner.py:90} INFO - Running: ['***', 'tasks', 'run', 'mfg_data_quality_monitoring_dag', 'dq_check_duplicate_batches', 'manual__2025-12-17T13:44:55.469204+00:00', '--job-id', '24', '--raw', '--subdir', 'DAGS_FOLDER/mfg_data_quality_monitoring_dag.py', '--cfg-path', '/tmp/tmpws2l4qk_']
[2025-12-17T13:50:12.492+0000] {standard_task_runner.py:91} INFO - Job 24: Subtask dq_check_duplicate_batches
[2025-12-17T13:50:12.493+0000] {logging_mixin.py:188} WARNING - /home/***/.local/lib/python3.12/site-packages/***/task/task_runner/standard_task_runner.py:61 DeprecationWarning: This process (pid=831) is multi-threaded, use of fork() may lead to deadlocks in the child.
[2025-12-17T13:50:12.494+0000] {standard_task_runner.py:63} INFO - Started process 843 to run task
[2025-12-17T13:50:12.578+0000] {task_command.py:426} INFO - Running <TaskInstance: mfg_data_quality_monitoring_dag.dq_check_duplicate_batches manual__2025-12-17T13:44:55.469204+00:00 [running]> on host 8717822a88d5
[2025-12-17T13:50:12.707+0000] {taskinstance.py:2644} INFO - Exporting env vars: AIRFLOW_CTX_DAG_OWNER='data-eng' AIRFLOW_CTX_DAG_ID='mfg_data_quality_monitoring_dag' AIRFLOW_CTX_TASK_ID='dq_check_duplicate_batches' AIRFLOW_CTX_EXECUTION_DATE='2025-12-17T13:44:55.469204+00:00' AIRFLOW_CTX_TRY_NUMBER='1' AIRFLOW_CTX_DAG_RUN_ID='manual__2025-12-17T13:44:55.469204+00:00'
[2025-12-17T13:50:12.709+0000] {taskinstance.py:430} INFO - ::endgroup::
[2025-12-17T13:50:12.733+0000] {connection.py:414} INFO - Snowflake Connector for Python Version: 3.12.0, Python Version: 3.12.2, Platform: Linux-6.6.87.2-microsoft-standard-WSL2-x86_64-with-glibc2.36
[2025-12-17T13:50:12.736+0000] {connection.py:1187} INFO - Connecting to GLOBAL Snowflake domain
[2025-12-17T13:50:12.738+0000] {connection.py:1268} INFO - This connection is in OCSP Fail Open Mode. TLS Certificates would be checked for validity and revocation status. Any other Certificate Revocation related exceptions or OCSP Responder failures would be disregarded in favor of connectivity.
[2025-12-17T13:50:15.970+0000] {cursor.py:1156} INFO - Number of results in first chunk: 1
[2025-12-17T13:50:15.971+0000] {connection.py:779} INFO - closed
[2025-12-17T13:50:16.165+0000] {connection.py:785} INFO - No async queries seem to be running, deleting session
[2025-12-17T13:50:16.379+0000] {python.py:237} INFO - Done. Returned value was: [CheckResult(check_name='duplicate_batch_id_core_batches', severity='ERROR', status='PASS', details={'duplicate_keys': 0})]
[2025-12-17T13:50:16.380+0000] {taskinstance.py:441} INFO - ::group::Post task execution logs
[2025-12-17T13:50:16.410+0000] {taskinstance.py:1205} INFO - Marking task as SUCCESS. dag_id=mfg_data_quality_monitoring_dag, task_id=dq_check_duplicate_batches, execution_date=20251217T134455, start_date=20251217T135012, end_date=20251217T135016
[2025-12-17T13:50:16.461+0000] {local_task_job_runner.py:240} INFO - Task exited with return code 0
[2025-12-17T13:50:16.484+0000] {taskinstance.py:3482} INFO - 0 downstream tasks scheduled from follow-on schedule check
[2025-12-17T13:50:16.488+0000] {local_task_job_runner.py:222} INFO - ::endgroup::
