[2025-12-17T11:25:36.680+0000] {local_task_job_runner.py:120} INFO - ::group::Pre task execution logs
[2025-12-17T11:25:36.718+0000] {taskinstance.py:2073} INFO - Dependencies all met for dep_context=non-requeueable deps ti=<TaskInstance: mfg_dbt_transform_dag.dbt_run_staging manual__2025-12-17T11:24:28.032614+00:00 [queued]>
[2025-12-17T11:25:36.735+0000] {taskinstance.py:2073} INFO - Dependencies all met for dep_context=requeueable deps ti=<TaskInstance: mfg_dbt_transform_dag.dbt_run_staging manual__2025-12-17T11:24:28.032614+00:00 [queued]>
[2025-12-17T11:25:36.737+0000] {taskinstance.py:2303} INFO - Starting attempt 1 of 3
[2025-12-17T11:25:36.755+0000] {taskinstance.py:2327} INFO - Executing <Task(BashOperator): dbt_run_staging> on 2025-12-17 11:24:28.032614+00:00
[2025-12-17T11:25:36.764+0000] {standard_task_runner.py:90} INFO - Running: ['***', 'tasks', 'run', 'mfg_dbt_transform_dag', 'dbt_run_staging', 'manual__2025-12-17T11:24:28.032614+00:00', '--job-id', '16', '--raw', '--subdir', 'DAGS_FOLDER/mfg_dbt_transform_dag.py', '--cfg-path', '/tmp/tmpjbtgy918']
[2025-12-17T11:25:36.768+0000] {standard_task_runner.py:91} INFO - Job 16: Subtask dbt_run_staging
[2025-12-17T11:25:36.769+0000] {logging_mixin.py:188} WARNING - /home/***/.local/lib/python3.12/site-packages/***/task/task_runner/standard_task_runner.py:61 DeprecationWarning: This process (pid=2633) is multi-threaded, use of fork() may lead to deadlocks in the child.
[2025-12-17T11:25:36.771+0000] {standard_task_runner.py:63} INFO - Started process 2634 to run task
[2025-12-17T11:25:36.837+0000] {task_command.py:426} INFO - Running <TaskInstance: mfg_dbt_transform_dag.dbt_run_staging manual__2025-12-17T11:24:28.032614+00:00 [running]> on host ada33a2b5ec7
[2025-12-17T11:25:36.944+0000] {taskinstance.py:2644} INFO - Exporting env vars: AIRFLOW_CTX_DAG_OWNER='data-eng' AIRFLOW_CTX_DAG_ID='mfg_dbt_transform_dag' AIRFLOW_CTX_TASK_ID='dbt_run_staging' AIRFLOW_CTX_EXECUTION_DATE='2025-12-17T11:24:28.032614+00:00' AIRFLOW_CTX_TRY_NUMBER='1' AIRFLOW_CTX_DAG_RUN_ID='manual__2025-12-17T11:24:28.032614+00:00'
[2025-12-17T11:25:36.946+0000] {taskinstance.py:430} INFO - ::endgroup::
[2025-12-17T11:25:36.961+0000] {subprocess.py:63} INFO - Tmp dir root location: /tmp
[2025-12-17T11:25:36.963+0000] {subprocess.py:75} INFO - Running command: ['/usr/bin/bash', '-c', 'cd /opt/***/dbt_project && dbt run --select staging --profiles-dir /opt/***/dbt_profiles']
[2025-12-17T11:25:36.972+0000] {subprocess.py:86} INFO - Output:
[2025-12-17T11:25:39.190+0000] {subprocess.py:93} INFO - [0m11:25:39  Running with dbt=1.8.4
[2025-12-17T11:25:40.179+0000] {subprocess.py:93} INFO - [0m11:25:40  Registered adapter: snowflake=1.8.4
[2025-12-17T11:25:40.953+0000] {subprocess.py:93} INFO - [0m11:25:40  Found 8 models, 24 data tests, 3 sources, 459 macros
[2025-12-17T11:25:40.958+0000] {subprocess.py:93} INFO - [0m11:25:40
[2025-12-17T11:25:45.069+0000] {subprocess.py:93} INFO - [0m11:25:45  Concurrency: 4 threads (target='dev')
[2025-12-17T11:25:45.071+0000] {subprocess.py:93} INFO - [0m11:25:45
[2025-12-17T11:25:45.092+0000] {subprocess.py:93} INFO - [0m11:25:45  1 of 3 START sql view model STAGING_analytics.stg_batches ...................... [RUN]
[2025-12-17T11:25:45.094+0000] {subprocess.py:93} INFO - [0m11:25:45  2 of 3 START sql view model STAGING_analytics.stg_materials .................... [RUN]
[2025-12-17T11:25:45.097+0000] {subprocess.py:93} INFO - [0m11:25:45  3 of 3 START sql view model STAGING_analytics.stg_production_orders ............ [RUN]
[2025-12-17T11:25:47.975+0000] {subprocess.py:93} INFO - [0m11:25:47  2 of 3 OK created sql view model STAGING_analytics.stg_materials ............... [[32mSUCCESS 1[0m in 2.86s]
[2025-12-17T11:25:48.087+0000] {subprocess.py:93} INFO - [0m11:25:48  1 of 3 OK created sql view model STAGING_analytics.stg_batches ................. [[32mSUCCESS 1[0m in 2.98s]
[2025-12-17T11:25:48.176+0000] {subprocess.py:93} INFO - [0m11:25:48  3 of 3 OK created sql view model STAGING_analytics.stg_production_orders ....... [[32mSUCCESS 1[0m in 3.07s]
[2025-12-17T11:25:48.196+0000] {subprocess.py:93} INFO - [0m11:25:48
[2025-12-17T11:25:48.200+0000] {subprocess.py:93} INFO - [0m11:25:48  Finished running 3 view models in 0 hours 0 minutes and 7.23 seconds (7.23s).
[2025-12-17T11:25:48.389+0000] {subprocess.py:93} INFO - [0m11:25:48
[2025-12-17T11:25:48.390+0000] {subprocess.py:93} INFO - [0m11:25:48  [32mCompleted successfully[0m
[2025-12-17T11:25:48.392+0000] {subprocess.py:93} INFO - [0m11:25:48
[2025-12-17T11:25:48.393+0000] {subprocess.py:93} INFO - [0m11:25:48  Done. PASS=3 WARN=0 ERROR=0 SKIP=0 TOTAL=3
[2025-12-17T11:25:49.480+0000] {subprocess.py:97} INFO - Command exited with return code 0
[2025-12-17T11:25:49.481+0000] {taskinstance.py:441} INFO - ::group::Post task execution logs
[2025-12-17T11:25:49.519+0000] {taskinstance.py:1205} INFO - Marking task as SUCCESS. dag_id=mfg_dbt_transform_dag, task_id=dbt_run_staging, execution_date=20251217T112428, start_date=20251217T112536, end_date=20251217T112549
[2025-12-17T11:25:49.559+0000] {local_task_job_runner.py:240} INFO - Task exited with return code 0
[2025-12-17T11:25:49.589+0000] {taskinstance.py:3482} INFO - 1 downstream tasks scheduled from follow-on schedule check
[2025-12-17T11:25:49.594+0000] {local_task_job_runner.py:222} INFO - ::endgroup::
