[2025-12-17T18:20:03.679+0000] {local_task_job_runner.py:120} INFO - ::group::Pre task execution logs
[2025-12-17T18:20:03.733+0000] {taskinstance.py:2073} INFO - Dependencies all met for dep_context=non-requeueable deps ti=<TaskInstance: mfg_raw_ingestion_dag.ingest_raw_to_snowflake manual__2025-12-17T18:20:03.009540+00:00 [queued]>
[2025-12-17T18:20:03.744+0000] {taskinstance.py:2073} INFO - Dependencies all met for dep_context=requeueable deps ti=<TaskInstance: mfg_raw_ingestion_dag.ingest_raw_to_snowflake manual__2025-12-17T18:20:03.009540+00:00 [queued]>
[2025-12-17T18:20:03.746+0000] {taskinstance.py:2303} INFO - Starting attempt 1 of 3
[2025-12-17T18:20:03.767+0000] {taskinstance.py:2327} INFO - Executing <Task(BashOperator): ingest_raw_to_snowflake> on 2025-12-17 18:20:03.009540+00:00
[2025-12-17T18:20:03.775+0000] {logging_mixin.py:188} WARNING - /home/***/.local/lib/python3.12/site-packages/***/task/task_runner/standard_task_runner.py:61 DeprecationWarning: This process (pid=1912) is multi-threaded, use of fork() may lead to deadlocks in the child.
[2025-12-17T18:20:03.775+0000] {standard_task_runner.py:90} INFO - Running: ['***', 'tasks', 'run', 'mfg_raw_ingestion_dag', 'ingest_raw_to_snowflake', 'manual__2025-12-17T18:20:03.009540+00:00', '--job-id', '36', '--raw', '--subdir', 'DAGS_FOLDER/mfg_raw_ingestion_dag.py', '--cfg-path', '/tmp/tmpygxvraa2']
[2025-12-17T18:20:03.778+0000] {standard_task_runner.py:63} INFO - Started process 1913 to run task
[2025-12-17T18:20:03.778+0000] {standard_task_runner.py:91} INFO - Job 36: Subtask ingest_raw_to_snowflake
[2025-12-17T18:20:03.873+0000] {task_command.py:426} INFO - Running <TaskInstance: mfg_raw_ingestion_dag.ingest_raw_to_snowflake manual__2025-12-17T18:20:03.009540+00:00 [running]> on host 8717822a88d5
[2025-12-17T18:20:04.037+0000] {taskinstance.py:2644} INFO - Exporting env vars: AIRFLOW_CTX_DAG_OWNER='data-eng' AIRFLOW_CTX_DAG_ID='mfg_raw_ingestion_dag' AIRFLOW_CTX_TASK_ID='ingest_raw_to_snowflake' AIRFLOW_CTX_EXECUTION_DATE='2025-12-17T18:20:03.009540+00:00' AIRFLOW_CTX_TRY_NUMBER='1' AIRFLOW_CTX_DAG_RUN_ID='manual__2025-12-17T18:20:03.009540+00:00'
[2025-12-17T18:20:04.038+0000] {taskinstance.py:430} INFO - ::endgroup::
[2025-12-17T18:20:04.068+0000] {subprocess.py:63} INFO - Tmp dir root location: /tmp
[2025-12-17T18:20:04.072+0000] {subprocess.py:75} INFO - Running command: ['/usr/bin/bash', '-c', 'python /opt/***/ingestion/python/load_raw_to_snowflake.py']
[2025-12-17T18:20:04.105+0000] {subprocess.py:86} INFO - Output:
[2025-12-17T18:20:06.247+0000] {subprocess.py:93} INFO - [INFO] 2025-12-17 18:20:06 - No .env at project root; assuming env vars are injected (Docker/Airflow).
[2025-12-17T18:20:06.251+0000] {subprocess.py:93} INFO - [INFO] 2025-12-17 18:20:06 - Starting run-aware load. load_id=mfg_raw_ingestion_dag::manual__2025-12-17T18:20:03.009540+00:00 dag_id=mfg_raw_ingestion_dag run_id=manual__2025-12-17T18:20:03.009540+00:00 task_id=ingest_raw_to_snowflake
[2025-12-17T18:20:06.251+0000] {subprocess.py:93} INFO - [INFO] 2025-12-17 18:20:06 - Using data directory: /opt/***/data/raw/source_system
[2025-12-17T18:20:06.252+0000] {subprocess.py:93} INFO - [INFO] 2025-12-17 18:20:06 - Connecting to Snowflake...
[2025-12-17T18:20:12.543+0000] {subprocess.py:93} INFO - [INFO] 2025-12-17 18:20:12 - Read 500 rows from materials.csv
[2025-12-17T18:20:12.578+0000] {subprocess.py:93} INFO - [INFO] 2025-12-17 18:20:12 - Read 10,000 rows from batches.csv
[2025-12-17T18:20:12.629+0000] {subprocess.py:93} INFO - [INFO] 2025-12-17 18:20:12 - Read 10,000 rows from production_orders.csv
[2025-12-17T18:20:12.630+0000] {subprocess.py:93} INFO - [INFO] 2025-12-17 18:20:12 - [MATERIALS_RUN] Deleting previous slice for load_id (retry-safe)...
[2025-12-17T18:20:14.435+0000] {subprocess.py:93} INFO - [INFO] 2025-12-17 18:20:14 - [MATERIALS_RUN] Loading 500 rows from materials.csv ...
[2025-12-17T18:20:17.735+0000] {subprocess.py:93} INFO - [INFO] 2025-12-17 18:20:17 - [MATERIALS_RUN] write_pandas success=True rows_loaded=500 chunks=1
[2025-12-17T18:20:18.517+0000] {subprocess.py:93} INFO - [INFO] 2025-12-17 18:20:18 - [BATCHES_RUN] Deleting previous slice for load_id (retry-safe)...
[2025-12-17T18:20:19.110+0000] {subprocess.py:93} INFO - [INFO] 2025-12-17 18:20:19 - [BATCHES_RUN] Loading 10,000 rows from batches.csv ...
[2025-12-17T18:20:22.633+0000] {subprocess.py:93} INFO - [INFO] 2025-12-17 18:20:22 - [BATCHES_RUN] write_pandas success=True rows_loaded=10,000 chunks=1
[2025-12-17T18:20:23.248+0000] {subprocess.py:93} INFO - [INFO] 2025-12-17 18:20:23 - [PRODUCTION_ORDERS_RUN] Deleting previous slice for load_id (retry-safe)...
[2025-12-17T18:20:23.999+0000] {subprocess.py:93} INFO - [INFO] 2025-12-17 18:20:23 - [PRODUCTION_ORDERS_RUN] Loading 10,000 rows from production_orders.csv ...
[2025-12-17T18:20:27.611+0000] {subprocess.py:93} INFO - [INFO] 2025-12-17 18:20:27 - [PRODUCTION_ORDERS_RUN] write_pandas success=True rows_loaded=10,000 chunks=1
[2025-12-17T18:20:33.090+0000] {subprocess.py:93} INFO - [INFO] 2025-12-17 18:20:33 - Run-aware load committed successfully. load_id=mfg_raw_ingestion_dag::manual__2025-12-17T18:20:03.009540+00:00
[2025-12-17T18:20:33.685+0000] {subprocess.py:97} INFO - Command exited with return code 0
[2025-12-17T18:20:33.686+0000] {taskinstance.py:441} INFO - ::group::Post task execution logs
[2025-12-17T18:20:33.723+0000] {taskinstance.py:1205} INFO - Marking task as SUCCESS. dag_id=mfg_raw_ingestion_dag, task_id=ingest_raw_to_snowflake, execution_date=20251217T182003, start_date=20251217T182003, end_date=20251217T182033
[2025-12-17T18:20:33.777+0000] {local_task_job_runner.py:240} INFO - Task exited with return code 0
[2025-12-17T18:20:33.804+0000] {taskinstance.py:3482} INFO - 1 downstream tasks scheduled from follow-on schedule check
[2025-12-17T18:20:33.809+0000] {local_task_job_runner.py:222} INFO - ::endgroup::
