[2025-12-17T09:59:03.247+0000] {local_task_job_runner.py:120} INFO - ::group::Pre task execution logs
[2025-12-17T09:59:03.282+0000] {taskinstance.py:2073} INFO - Dependencies all met for dep_context=non-requeueable deps ti=<TaskInstance: mfg_raw_ingestion_dag.debug_env_and_paths manual__2025-12-17T09:58:36.362709+00:00 [queued]>
[2025-12-17T09:59:03.290+0000] {taskinstance.py:2073} INFO - Dependencies all met for dep_context=requeueable deps ti=<TaskInstance: mfg_raw_ingestion_dag.debug_env_and_paths manual__2025-12-17T09:58:36.362709+00:00 [queued]>
[2025-12-17T09:59:03.291+0000] {taskinstance.py:2303} INFO - Starting attempt 1 of 3
[2025-12-17T09:59:03.307+0000] {taskinstance.py:2327} INFO - Executing <Task(BashOperator): debug_env_and_paths> on 2025-12-17 09:58:36.362709+00:00
[2025-12-17T09:59:03.315+0000] {standard_task_runner.py:90} INFO - Running: ['***', 'tasks', 'run', 'mfg_raw_ingestion_dag', 'debug_env_and_paths', 'manual__2025-12-17T09:58:36.362709+00:00', '--job-id', '15', '--raw', '--subdir', 'DAGS_FOLDER/mfg_raw_ingestion_dag.py', '--cfg-path', '/tmp/tmp2nx8bqk3']
[2025-12-17T09:59:03.318+0000] {standard_task_runner.py:91} INFO - Job 15: Subtask debug_env_and_paths
[2025-12-17T09:59:03.318+0000] {logging_mixin.py:188} WARNING - /home/***/.local/lib/python3.12/site-packages/***/task/task_runner/standard_task_runner.py:61 DeprecationWarning: This process (pid=1675) is multi-threaded, use of fork() may lead to deadlocks in the child.
[2025-12-17T09:59:03.321+0000] {standard_task_runner.py:63} INFO - Started process 1676 to run task
[2025-12-17T09:59:03.383+0000] {task_command.py:426} INFO - Running <TaskInstance: mfg_raw_ingestion_dag.debug_env_and_paths manual__2025-12-17T09:58:36.362709+00:00 [running]> on host 68b68f67a494
[2025-12-17T09:59:03.493+0000] {taskinstance.py:2644} INFO - Exporting env vars: AIRFLOW_CTX_DAG_OWNER='data-eng' AIRFLOW_CTX_DAG_ID='mfg_raw_ingestion_dag' AIRFLOW_CTX_TASK_ID='debug_env_and_paths' AIRFLOW_CTX_EXECUTION_DATE='2025-12-17T09:58:36.362709+00:00' AIRFLOW_CTX_TRY_NUMBER='1' AIRFLOW_CTX_DAG_RUN_ID='manual__2025-12-17T09:58:36.362709+00:00'
[2025-12-17T09:59:03.494+0000] {taskinstance.py:430} INFO - ::endgroup::
[2025-12-17T09:59:03.511+0000] {subprocess.py:63} INFO - Tmp dir root location: /tmp
[2025-12-17T09:59:03.512+0000] {subprocess.py:75} INFO - Running command: ['/usr/bin/bash', '-c', '\n    set -e\n    echo "PWD=$(pwd)"\n    echo "DBT_DIR=/opt/***/dbt_project"\n    ls -la /opt/***/dbt_project\n    echo "DBT_PROFILES_DIR=/opt/***/dbt_profiles"\n    ls -la /opt/***/dbt_profiles\n    which dbt || true\n    dbt --version || true\n    env | grep -E \'^SNOWFLAKE_\' || true\n    ']
[2025-12-17T09:59:03.520+0000] {subprocess.py:86} INFO - Output:
[2025-12-17T09:59:03.523+0000] {subprocess.py:93} INFO - PWD=/tmp/***tmphs5uz951
[2025-12-17T09:59:03.524+0000] {subprocess.py:93} INFO - DBT_DIR=/opt/***/dbt_project
[2025-12-17T09:59:03.534+0000] {subprocess.py:93} INFO - total 8
[2025-12-17T09:59:03.535+0000] {subprocess.py:93} INFO - drwxrwxrwx 1 root    root 4096 Dec 16 23:07 .
[2025-12-17T09:59:03.536+0000] {subprocess.py:93} INFO - drwxrwxr-x 1 *** root 4096 Dec 17 09:27 ..
[2025-12-17T09:59:03.536+0000] {subprocess.py:93} INFO - -rwxrwxrwx 1 root    root  668 Dec 13 17:23 dbt_project.yml
[2025-12-17T09:59:03.537+0000] {subprocess.py:93} INFO - drwxrwxrwx 1 root    root 4096 Dec 16 23:07 logs
[2025-12-17T09:59:03.537+0000] {subprocess.py:93} INFO - drwxrwxrwx 1 root    root 4096 Dec 16 23:07 models
[2025-12-17T09:59:03.538+0000] {subprocess.py:93} INFO - drwxrwxrwx 1 root    root 4096 Dec 16 23:07 target
[2025-12-17T09:59:03.538+0000] {subprocess.py:93} INFO - DBT_PROFILES_DIR=/opt/***/dbt_profiles
[2025-12-17T09:59:03.546+0000] {subprocess.py:93} INFO - total 4
[2025-12-17T09:59:03.547+0000] {subprocess.py:93} INFO - drwxrwxrwx 1 root    root 4096 Dec 16 23:07 .
[2025-12-17T09:59:03.548+0000] {subprocess.py:93} INFO - drwxrwxr-x 1 *** root 4096 Dec 17 09:27 ..
[2025-12-17T09:59:03.549+0000] {subprocess.py:93} INFO - -rwxrwxrwx 1 root    root   41 Dec 13 17:23 .user.yml
[2025-12-17T09:59:03.549+0000] {subprocess.py:93} INFO - -rwxrwxrwx 1 root    root  622 Dec 17 07:23 profiles.yml
[2025-12-17T09:59:03.550+0000] {subprocess.py:93} INFO - /usr/bin/bash: line 9: dbt: command not found
[2025-12-17T09:59:03.554+0000] {subprocess.py:93} INFO - SNOWFLAKE_WAREHOUSE=WH_MFG_ACCELERATOR
[2025-12-17T09:59:03.555+0000] {subprocess.py:93} INFO - SNOWFLAKE_PASSWORD=Calmdownn.1998
[2025-12-17T09:59:03.556+0000] {subprocess.py:93} INFO - SNOWFLAKE_ACCOUNT=DTWDUSN-WRB63753
[2025-12-17T09:59:03.557+0000] {subprocess.py:93} INFO - SNOWFLAKE_DATABASE=MFG_ACCELERATOR
[2025-12-17T09:59:03.557+0000] {subprocess.py:93} INFO - SNOWFLAKE_ROLE=ACCOUNTADMIN
[2025-12-17T09:59:03.558+0000] {subprocess.py:93} INFO - SNOWFLAKE_SCHEMA=RAW
[2025-12-17T09:59:03.559+0000] {subprocess.py:93} INFO - SNOWFLAKE_USER=TAIBKHO44
[2025-12-17T09:59:03.560+0000] {subprocess.py:97} INFO - Command exited with return code 0
[2025-12-17T09:59:03.561+0000] {taskinstance.py:441} INFO - ::group::Post task execution logs
[2025-12-17T09:59:03.600+0000] {taskinstance.py:1205} INFO - Marking task as SUCCESS. dag_id=mfg_raw_ingestion_dag, task_id=debug_env_and_paths, execution_date=20251217T095836, start_date=20251217T095903, end_date=20251217T095903
[2025-12-17T09:59:03.656+0000] {local_task_job_runner.py:240} INFO - Task exited with return code 0
[2025-12-17T09:59:03.684+0000] {taskinstance.py:3482} INFO - 1 downstream tasks scheduled from follow-on schedule check
[2025-12-17T09:59:03.689+0000] {local_task_job_runner.py:222} INFO - ::endgroup::
