[2025-12-17T11:46:48.888+0000] {local_task_job_runner.py:120} INFO - ::group::Pre task execution logs
[2025-12-17T11:46:48.951+0000] {taskinstance.py:2073} INFO - Dependencies all met for dep_context=non-requeueable deps ti=<TaskInstance: mfg_data_quality_monitoring_dag.dq_log_results manual__2025-12-17T11:41:37.953990+00:00 [queued]>
[2025-12-17T11:46:48.969+0000] {taskinstance.py:2073} INFO - Dependencies all met for dep_context=requeueable deps ti=<TaskInstance: mfg_data_quality_monitoring_dag.dq_log_results manual__2025-12-17T11:41:37.953990+00:00 [queued]>
[2025-12-17T11:46:48.971+0000] {taskinstance.py:2303} INFO - Starting attempt 1 of 2
[2025-12-17T11:46:48.999+0000] {taskinstance.py:2327} INFO - Executing <Task(PythonOperator): dq_log_results> on 2025-12-17 11:41:37.953990+00:00
[2025-12-17T11:46:49.014+0000] {logging_mixin.py:188} WARNING - /home/***/.local/lib/python3.12/site-packages/***/task/task_runner/standard_task_runner.py:61 DeprecationWarning: This process (pid=755) is multi-threaded, use of fork() may lead to deadlocks in the child.
[2025-12-17T11:46:49.012+0000] {standard_task_runner.py:90} INFO - Running: ['***', 'tasks', 'run', 'mfg_data_quality_monitoring_dag', 'dq_log_results', 'manual__2025-12-17T11:41:37.953990+00:00', '--job-id', '49', '--raw', '--subdir', 'DAGS_FOLDER/mfg_data_quality_monitoring_dag.py', '--cfg-path', '/tmp/tmpf4h9wbu4']
[2025-12-17T11:46:49.016+0000] {standard_task_runner.py:63} INFO - Started process 758 to run task
[2025-12-17T11:46:49.016+0000] {standard_task_runner.py:91} INFO - Job 49: Subtask dq_log_results
[2025-12-17T11:46:49.080+0000] {task_command.py:426} INFO - Running <TaskInstance: mfg_data_quality_monitoring_dag.dq_log_results manual__2025-12-17T11:41:37.953990+00:00 [running]> on host bce6f264833a
[2025-12-17T11:46:49.183+0000] {taskinstance.py:2644} INFO - Exporting env vars: AIRFLOW_CTX_DAG_OWNER='data-eng' AIRFLOW_CTX_DAG_ID='mfg_data_quality_monitoring_dag' AIRFLOW_CTX_TASK_ID='dq_log_results' AIRFLOW_CTX_EXECUTION_DATE='2025-12-17T11:41:37.953990+00:00' AIRFLOW_CTX_TRY_NUMBER='1' AIRFLOW_CTX_DAG_RUN_ID='manual__2025-12-17T11:41:37.953990+00:00'
[2025-12-17T11:46:49.185+0000] {taskinstance.py:430} INFO - ::endgroup::
[2025-12-17T11:46:49.235+0000] {connection.py:414} INFO - Snowflake Connector for Python Version: 3.12.0, Python Version: 3.12.2, Platform: Linux-6.6.87.2-microsoft-standard-WSL2-x86_64-with-glibc2.36
[2025-12-17T11:46:49.236+0000] {connection.py:1187} INFO - Connecting to GLOBAL Snowflake domain
[2025-12-17T11:46:49.237+0000] {connection.py:1268} INFO - This connection is in OCSP Fail Open Mode. TLS Certificates would be checked for validity and revocation status. Any other Certificate Revocation related exceptions or OCSP Responder failures would be disregarded in favor of connectivity.
[2025-12-17T11:46:50.471+0000] {cursor.py:1156} INFO - Number of results in first chunk: 1
[2025-12-17T11:46:50.774+0000] {cursor.py:1156} INFO - Number of results in first chunk: 1
[2025-12-17T11:46:50.775+0000] {connection.py:779} INFO - closed
[2025-12-17T11:46:50.982+0000] {connection.py:785} INFO - No async queries seem to be running, deleting session
[2025-12-17T11:46:51.193+0000] {python.py:237} INFO - Done. Returned value was: None
[2025-12-17T11:46:51.194+0000] {taskinstance.py:441} INFO - ::group::Post task execution logs
[2025-12-17T11:46:51.208+0000] {taskinstance.py:1205} INFO - Marking task as SUCCESS. dag_id=mfg_data_quality_monitoring_dag, task_id=dq_log_results, execution_date=20251217T114137, start_date=20251217T114648, end_date=20251217T114651
[2025-12-17T11:46:51.244+0000] {local_task_job_runner.py:240} INFO - Task exited with return code 0
[2025-12-17T11:46:51.265+0000] {taskinstance.py:3482} INFO - 0 downstream tasks scheduled from follow-on schedule check
[2025-12-17T11:46:51.270+0000] {local_task_job_runner.py:222} INFO - ::endgroup::
