[2025-12-13T17:15:50.245+0000] {local_task_job_runner.py:120} INFO - ::group::Pre task execution logs
[2025-12-13T17:15:50.275+0000] {taskinstance.py:2073} INFO - Dependencies all met for dep_context=non-requeueable deps ti=<TaskInstance: mfg_data_quality_monitoring_dag.dq_check_rowcounts_raw_vs_core manual__2025-12-13T17:15:48.351923+00:00 [queued]>
[2025-12-13T17:15:50.285+0000] {taskinstance.py:2073} INFO - Dependencies all met for dep_context=requeueable deps ti=<TaskInstance: mfg_data_quality_monitoring_dag.dq_check_rowcounts_raw_vs_core manual__2025-12-13T17:15:48.351923+00:00 [queued]>
[2025-12-13T17:15:50.286+0000] {taskinstance.py:2303} INFO - Starting attempt 1 of 2
[2025-12-13T17:15:50.301+0000] {taskinstance.py:2327} INFO - Executing <Task(PythonOperator): dq_check_rowcounts_raw_vs_core> on 2025-12-13 17:15:48.351923+00:00
[2025-12-13T17:15:50.312+0000] {logging_mixin.py:188} WARNING - /home/***/.local/lib/python3.12/site-packages/***/task/task_runner/standard_task_runner.py:61 DeprecationWarning: This process (pid=8508) is multi-threaded, use of fork() may lead to deadlocks in the child.
[2025-12-13T17:15:50.311+0000] {standard_task_runner.py:90} INFO - Running: ['***', 'tasks', 'run', 'mfg_data_quality_monitoring_dag', 'dq_check_rowcounts_raw_vs_core', 'manual__2025-12-13T17:15:48.351923+00:00', '--job-id', '45', '--raw', '--subdir', 'DAGS_FOLDER/mfg_data_quality_monitoring_dag.py', '--cfg-path', '/tmp/tmpy_f5bsyn']
[2025-12-13T17:15:50.314+0000] {standard_task_runner.py:63} INFO - Started process 8511 to run task
[2025-12-13T17:15:50.315+0000] {standard_task_runner.py:91} INFO - Job 45: Subtask dq_check_rowcounts_raw_vs_core
[2025-12-13T17:15:50.384+0000] {task_command.py:426} INFO - Running <TaskInstance: mfg_data_quality_monitoring_dag.dq_check_rowcounts_raw_vs_core manual__2025-12-13T17:15:48.351923+00:00 [running]> on host 2836efb3fb45
[2025-12-13T17:15:50.499+0000] {taskinstance.py:2644} INFO - Exporting env vars: AIRFLOW_CTX_DAG_OWNER='data-platform' AIRFLOW_CTX_DAG_ID='mfg_data_quality_monitoring_dag' AIRFLOW_CTX_TASK_ID='dq_check_rowcounts_raw_vs_core' AIRFLOW_CTX_EXECUTION_DATE='2025-12-13T17:15:48.351923+00:00' AIRFLOW_CTX_TRY_NUMBER='1' AIRFLOW_CTX_DAG_RUN_ID='manual__2025-12-13T17:15:48.351923+00:00'
[2025-12-13T17:15:50.501+0000] {taskinstance.py:430} INFO - ::endgroup::
[2025-12-13T17:15:50.518+0000] {connection.py:521} INFO - Snowflake Connector for Python Version: 3.18.0, Python Version: 3.12.2, Platform: Linux-6.6.87.2-microsoft-standard-WSL2-x86_64-with-glibc2.36
[2025-12-13T17:15:50.519+0000] {connection.py:1464} INFO - Connecting to GLOBAL Snowflake domain
[2025-12-13T17:15:55.223+0000] {python.py:237} INFO - Done. Returned value was: None
[2025-12-13T17:15:55.225+0000] {taskinstance.py:441} INFO - ::group::Post task execution logs
[2025-12-13T17:15:55.235+0000] {taskinstance.py:1205} INFO - Marking task as SUCCESS. dag_id=mfg_data_quality_monitoring_dag, task_id=dq_check_rowcounts_raw_vs_core, execution_date=20251213T171548, start_date=20251213T171550, end_date=20251213T171555
[2025-12-13T17:15:55.281+0000] {local_task_job_runner.py:240} INFO - Task exited with return code 0
[2025-12-13T17:15:55.313+0000] {taskinstance.py:3482} INFO - 1 downstream tasks scheduled from follow-on schedule check
[2025-12-13T17:15:55.319+0000] {local_task_job_runner.py:222} INFO - ::endgroup::
