[2025-12-17T11:40:58.816+0000] {local_task_job_runner.py:120} INFO - ::group::Pre task execution logs
[2025-12-17T11:40:58.850+0000] {taskinstance.py:2073} INFO - Dependencies all met for dep_context=non-requeueable deps ti=<TaskInstance: mfg_dbt_transform_dag.dbt_run_marts manual__2025-12-17T11:40:29.194911+00:00 [queued]>
[2025-12-17T11:40:58.860+0000] {taskinstance.py:2073} INFO - Dependencies all met for dep_context=requeueable deps ti=<TaskInstance: mfg_dbt_transform_dag.dbt_run_marts manual__2025-12-17T11:40:29.194911+00:00 [queued]>
[2025-12-17T11:40:58.861+0000] {taskinstance.py:2303} INFO - Starting attempt 1 of 3
[2025-12-17T11:40:58.878+0000] {taskinstance.py:2327} INFO - Executing <Task(BashOperator): dbt_run_marts> on 2025-12-17 11:40:29.194911+00:00
[2025-12-17T11:40:58.888+0000] {standard_task_runner.py:90} INFO - Running: ['***', 'tasks', 'run', 'mfg_dbt_transform_dag', 'dbt_run_marts', 'manual__2025-12-17T11:40:29.194911+00:00', '--job-id', '41', '--raw', '--subdir', 'DAGS_FOLDER/mfg_dbt_transform_dag.py', '--cfg-path', '/tmp/tmp4j2wvb5h']
[2025-12-17T11:40:58.893+0000] {standard_task_runner.py:91} INFO - Job 41: Subtask dbt_run_marts
[2025-12-17T11:40:58.893+0000] {logging_mixin.py:188} WARNING - /home/***/.local/lib/python3.12/site-packages/***/task/task_runner/standard_task_runner.py:61 DeprecationWarning: This process (pid=446) is multi-threaded, use of fork() may lead to deadlocks in the child.
[2025-12-17T11:40:58.895+0000] {standard_task_runner.py:63} INFO - Started process 447 to run task
[2025-12-17T11:40:58.965+0000] {task_command.py:426} INFO - Running <TaskInstance: mfg_dbt_transform_dag.dbt_run_marts manual__2025-12-17T11:40:29.194911+00:00 [running]> on host bce6f264833a
[2025-12-17T11:40:59.067+0000] {taskinstance.py:2644} INFO - Exporting env vars: AIRFLOW_CTX_DAG_OWNER='data-eng' AIRFLOW_CTX_DAG_ID='mfg_dbt_transform_dag' AIRFLOW_CTX_TASK_ID='dbt_run_marts' AIRFLOW_CTX_EXECUTION_DATE='2025-12-17T11:40:29.194911+00:00' AIRFLOW_CTX_TRY_NUMBER='1' AIRFLOW_CTX_DAG_RUN_ID='manual__2025-12-17T11:40:29.194911+00:00'
[2025-12-17T11:40:59.068+0000] {taskinstance.py:430} INFO - ::endgroup::
[2025-12-17T11:40:59.083+0000] {subprocess.py:63} INFO - Tmp dir root location: /tmp
[2025-12-17T11:40:59.084+0000] {subprocess.py:75} INFO - Running command: ['/usr/bin/bash', '-c', 'cd /opt/***/dbt_project && dbt run --select marts --profiles-dir /opt/***/dbt_profiles']
[2025-12-17T11:40:59.093+0000] {subprocess.py:86} INFO - Output:
[2025-12-17T11:41:01.273+0000] {subprocess.py:93} INFO - [0m11:41:01  Running with dbt=1.8.4
[2025-12-17T11:41:02.404+0000] {subprocess.py:93} INFO - [0m11:41:02  Registered adapter: snowflake=1.8.4
[2025-12-17T11:41:03.075+0000] {subprocess.py:93} INFO - [0m11:41:03  Found 8 models, 24 data tests, 3 sources, 459 macros
[2025-12-17T11:41:03.080+0000] {subprocess.py:93} INFO - [0m11:41:03
[2025-12-17T11:41:06.631+0000] {subprocess.py:93} INFO - [0m11:41:06  Concurrency: 4 threads (target='dev')
[2025-12-17T11:41:06.633+0000] {subprocess.py:93} INFO - [0m11:41:06
[2025-12-17T11:41:06.648+0000] {subprocess.py:93} INFO - [0m11:41:06  1 of 2 START sql table model STAGING_analytics.mfg_ml_features_orders .......... [RUN]
[2025-12-17T11:41:06.650+0000] {subprocess.py:93} INFO - [0m11:41:06  2 of 2 START sql table model STAGING_analytics.mfg_plant_daily_kpis ............ [RUN]
[2025-12-17T11:41:09.476+0000] {subprocess.py:93} INFO - [0m11:41:09  2 of 2 OK created sql table model STAGING_analytics.mfg_plant_daily_kpis ....... [[32mSUCCESS 1[0m in 2.82s]
[2025-12-17T11:41:09.484+0000] {subprocess.py:93} INFO - [0m11:41:09  1 of 2 OK created sql table model STAGING_analytics.mfg_ml_features_orders ..... [[32mSUCCESS 1[0m in 2.83s]
[2025-12-17T11:41:09.492+0000] {subprocess.py:93} INFO - [0m11:41:09
[2025-12-17T11:41:09.494+0000] {subprocess.py:93} INFO - [0m11:41:09  Finished running 2 table models in 0 hours 0 minutes and 6.41 seconds (6.41s).
[2025-12-17T11:41:09.570+0000] {subprocess.py:93} INFO - [0m11:41:09
[2025-12-17T11:41:09.572+0000] {subprocess.py:93} INFO - [0m11:41:09  [32mCompleted successfully[0m
[2025-12-17T11:41:09.574+0000] {subprocess.py:93} INFO - [0m11:41:09
[2025-12-17T11:41:09.575+0000] {subprocess.py:93} INFO - [0m11:41:09  Done. PASS=2 WARN=0 ERROR=0 SKIP=0 TOTAL=2
[2025-12-17T11:41:10.559+0000] {subprocess.py:97} INFO - Command exited with return code 0
[2025-12-17T11:41:10.560+0000] {taskinstance.py:441} INFO - ::group::Post task execution logs
[2025-12-17T11:41:10.594+0000] {taskinstance.py:1205} INFO - Marking task as SUCCESS. dag_id=mfg_dbt_transform_dag, task_id=dbt_run_marts, execution_date=20251217T114029, start_date=20251217T114058, end_date=20251217T114110
[2025-12-17T11:41:10.614+0000] {local_task_job_runner.py:240} INFO - Task exited with return code 0
[2025-12-17T11:41:10.636+0000] {taskinstance.py:3482} INFO - 1 downstream tasks scheduled from follow-on schedule check
[2025-12-17T11:41:10.642+0000] {local_task_job_runner.py:222} INFO - ::endgroup::
