[2025-12-13T12:43:05.783+0000] {local_task_job_runner.py:120} INFO - ::group::Pre task execution logs
[2025-12-13T12:43:05.835+0000] {taskinstance.py:2073} INFO - Dependencies all met for dep_context=non-requeueable deps ti=<TaskInstance: mfg_dbt_transform_dag.dbt_run_marts scheduled__2025-12-12T04:15:00+00:00 [queued]>
[2025-12-13T12:43:05.850+0000] {taskinstance.py:2073} INFO - Dependencies all met for dep_context=requeueable deps ti=<TaskInstance: mfg_dbt_transform_dag.dbt_run_marts scheduled__2025-12-12T04:15:00+00:00 [queued]>
[2025-12-13T12:43:05.851+0000] {taskinstance.py:2303} INFO - Starting attempt 1 of 3
[2025-12-13T12:43:05.877+0000] {taskinstance.py:2327} INFO - Executing <Task(BashOperator): dbt_run_marts> on 2025-12-12 04:15:00+00:00
[2025-12-13T12:43:05.889+0000] {standard_task_runner.py:90} INFO - Running: ['***', 'tasks', 'run', 'mfg_dbt_transform_dag', 'dbt_run_marts', 'scheduled__2025-12-12T04:15:00+00:00', '--job-id', '27', '--raw', '--subdir', 'DAGS_FOLDER/mfg_dbt_transform_dag.py', '--cfg-path', '/tmp/tmpokobjrua']
[2025-12-13T12:43:05.893+0000] {standard_task_runner.py:91} INFO - Job 27: Subtask dbt_run_marts
[2025-12-13T12:43:05.898+0000] {logging_mixin.py:188} WARNING - /home/***/.local/lib/python3.12/site-packages/***/task/task_runner/standard_task_runner.py:61 DeprecationWarning: This process (pid=2605) is multi-threaded, use of fork() may lead to deadlocks in the child.
[2025-12-13T12:43:05.899+0000] {standard_task_runner.py:63} INFO - Started process 2606 to run task
[2025-12-13T12:43:05.974+0000] {task_command.py:426} INFO - Running <TaskInstance: mfg_dbt_transform_dag.dbt_run_marts scheduled__2025-12-12T04:15:00+00:00 [running]> on host 1159f6c9764f
[2025-12-13T12:43:06.110+0000] {taskinstance.py:2644} INFO - Exporting env vars: AIRFLOW_CTX_DAG_OWNER='data-engineering' AIRFLOW_CTX_DAG_ID='mfg_dbt_transform_dag' AIRFLOW_CTX_TASK_ID='dbt_run_marts' AIRFLOW_CTX_EXECUTION_DATE='2025-12-12T04:15:00+00:00' AIRFLOW_CTX_TRY_NUMBER='1' AIRFLOW_CTX_DAG_RUN_ID='scheduled__2025-12-12T04:15:00+00:00'
[2025-12-13T12:43:06.112+0000] {taskinstance.py:430} INFO - ::endgroup::
[2025-12-13T12:43:06.144+0000] {subprocess.py:63} INFO - Tmp dir root location: /tmp
[2025-12-13T12:43:06.146+0000] {subprocess.py:75} INFO - Running command: ['/usr/bin/bash', '-c', 'cd /opt/***/dbt_project && dbt run --select marts --profiles-dir /opt/***/dbt_profiles']
[2025-12-13T12:43:06.160+0000] {subprocess.py:86} INFO - Output:
[2025-12-13T12:43:10.344+0000] {subprocess.py:93} INFO - [0m12:43:10  Running with dbt=1.10.15
[2025-12-13T12:43:12.048+0000] {subprocess.py:93} INFO - [0m12:43:12  Registered adapter: snowflake=1.10.4
[2025-12-13T12:43:13.255+0000] {subprocess.py:93} INFO - [0m12:43:13  Found 8 models, 24 data tests, 3 sources, 504 macros
[2025-12-13T12:43:13.262+0000] {subprocess.py:93} INFO - [0m12:43:13
[2025-12-13T12:43:13.264+0000] {subprocess.py:93} INFO - [0m12:43:13  Concurrency: 4 threads (target='dev')
[2025-12-13T12:43:13.267+0000] {subprocess.py:93} INFO - [0m12:43:13
[2025-12-13T12:43:15.593+0000] {subprocess.py:93} INFO - [0m12:43:15  1 of 2 START sql table model ANALYTICS_analytics.mfg_ml_features_orders ........ [RUN]
[2025-12-13T12:43:15.596+0000] {subprocess.py:93} INFO - [0m12:43:15  2 of 2 START sql table model ANALYTICS_analytics.mfg_plant_daily_kpis .......... [RUN]
[2025-12-13T12:43:17.475+0000] {subprocess.py:93} INFO - [0m12:43:17  1 of 2 OK created sql table model ANALYTICS_analytics.mfg_ml_features_orders ... [[32mSUCCESS 1[0m in 1.86s]
[2025-12-13T12:43:18.411+0000] {subprocess.py:93} INFO - [0m12:43:18  2 of 2 OK created sql table model ANALYTICS_analytics.mfg_plant_daily_kpis ..... [[32mSUCCESS 1[0m in 2.79s]
[2025-12-13T12:43:19.388+0000] {subprocess.py:93} INFO - [0m12:43:19
[2025-12-13T12:43:19.390+0000] {subprocess.py:93} INFO - [0m12:43:19  Finished running 2 table models in 0 hours 0 minutes and 6.12 seconds (6.12s).
[2025-12-13T12:43:19.551+0000] {subprocess.py:93} INFO - [0m12:43:19
[2025-12-13T12:43:19.554+0000] {subprocess.py:93} INFO - [0m12:43:19  [32mCompleted successfully[0m
[2025-12-13T12:43:19.556+0000] {subprocess.py:93} INFO - [0m12:43:19
[2025-12-13T12:43:19.558+0000] {subprocess.py:93} INFO - [0m12:43:19  Done. PASS=2 WARN=0 ERROR=0 SKIP=0 NO-OP=0 TOTAL=2
[2025-12-13T12:43:21.118+0000] {subprocess.py:97} INFO - Command exited with return code 0
[2025-12-13T12:43:21.120+0000] {taskinstance.py:441} INFO - ::group::Post task execution logs
[2025-12-13T12:43:21.181+0000] {taskinstance.py:1205} INFO - Marking task as SUCCESS. dag_id=mfg_dbt_transform_dag, task_id=dbt_run_marts, execution_date=20251212T041500, start_date=20251213T124305, end_date=20251213T124321
[2025-12-13T12:43:21.254+0000] {local_task_job_runner.py:240} INFO - Task exited with return code 0
[2025-12-13T12:43:21.298+0000] {taskinstance.py:3482} INFO - 1 downstream tasks scheduled from follow-on schedule check
[2025-12-13T12:43:21.304+0000] {local_task_job_runner.py:222} INFO - ::endgroup::
[2025-12-13T14:20:25.806+0000] {local_task_job_runner.py:120} INFO - ::group::Pre task execution logs
[2025-12-13T14:20:25.841+0000] {taskinstance.py:2073} INFO - Dependencies all met for dep_context=non-requeueable deps ti=<TaskInstance: mfg_dbt_transform_dag.dbt_run_marts scheduled__2025-12-12T04:15:00+00:00 [queued]>
[2025-12-13T14:20:25.850+0000] {taskinstance.py:2073} INFO - Dependencies all met for dep_context=requeueable deps ti=<TaskInstance: mfg_dbt_transform_dag.dbt_run_marts scheduled__2025-12-12T04:15:00+00:00 [queued]>
[2025-12-13T14:20:25.851+0000] {taskinstance.py:2303} INFO - Starting attempt 1 of 3
[2025-12-13T14:20:25.868+0000] {taskinstance.py:2327} INFO - Executing <Task(BashOperator): dbt_run_marts> on 2025-12-12 04:15:00+00:00
[2025-12-13T14:20:25.878+0000] {standard_task_runner.py:90} INFO - Running: ['***', 'tasks', 'run', 'mfg_dbt_transform_dag', 'dbt_run_marts', 'scheduled__2025-12-12T04:15:00+00:00', '--job-id', '16', '--raw', '--subdir', 'DAGS_FOLDER/mfg_dbt_transform_dag.py', '--cfg-path', '/tmp/tmpfllmco6w']
[2025-12-13T14:20:25.882+0000] {standard_task_runner.py:91} INFO - Job 16: Subtask dbt_run_marts
[2025-12-13T14:20:25.882+0000] {logging_mixin.py:188} WARNING - /home/***/.local/lib/python3.12/site-packages/***/task/task_runner/standard_task_runner.py:61 DeprecationWarning: This process (pid=549) is multi-threaded, use of fork() may lead to deadlocks in the child.
[2025-12-13T14:20:25.883+0000] {standard_task_runner.py:63} INFO - Started process 550 to run task
[2025-12-13T14:20:25.953+0000] {task_command.py:426} INFO - Running <TaskInstance: mfg_dbt_transform_dag.dbt_run_marts scheduled__2025-12-12T04:15:00+00:00 [running]> on host 2836efb3fb45
[2025-12-13T14:20:26.040+0000] {taskinstance.py:2644} INFO - Exporting env vars: AIRFLOW_CTX_DAG_OWNER='data-engineering' AIRFLOW_CTX_DAG_ID='mfg_dbt_transform_dag' AIRFLOW_CTX_TASK_ID='dbt_run_marts' AIRFLOW_CTX_EXECUTION_DATE='2025-12-12T04:15:00+00:00' AIRFLOW_CTX_TRY_NUMBER='1' AIRFLOW_CTX_DAG_RUN_ID='scheduled__2025-12-12T04:15:00+00:00'
[2025-12-13T14:20:26.041+0000] {taskinstance.py:430} INFO - ::endgroup::
[2025-12-13T14:20:26.061+0000] {subprocess.py:63} INFO - Tmp dir root location: /tmp
[2025-12-13T14:20:26.063+0000] {subprocess.py:75} INFO - Running command: ['/usr/bin/bash', '-c', 'cd /opt/***/dbt_project && dbt run --select marts --profiles-dir /opt/***/dbt_profiles']
[2025-12-13T14:20:26.075+0000] {subprocess.py:86} INFO - Output:
[2025-12-13T14:20:28.792+0000] {subprocess.py:93} INFO - [0m14:20:28  Running with dbt=1.10.15
[2025-12-13T14:20:30.155+0000] {subprocess.py:93} INFO - [0m14:20:30  Registered adapter: snowflake=1.10.4
[2025-12-13T14:20:31.011+0000] {subprocess.py:93} INFO - [0m14:20:31  Found 8 models, 24 data tests, 3 sources, 504 macros
[2025-12-13T14:20:31.017+0000] {subprocess.py:93} INFO - [0m14:20:31
[2025-12-13T14:20:31.018+0000] {subprocess.py:93} INFO - [0m14:20:31  Concurrency: 4 threads (target='dev')
[2025-12-13T14:20:31.020+0000] {subprocess.py:93} INFO - [0m14:20:31
[2025-12-13T14:20:32.742+0000] {subprocess.py:93} INFO - [0m14:20:32  1 of 2 START sql table model ANALYTICS_analytics.mfg_ml_features_orders ........ [RUN]
[2025-12-13T14:20:32.744+0000] {subprocess.py:93} INFO - [0m14:20:32  2 of 2 START sql table model ANALYTICS_analytics.mfg_plant_daily_kpis .......... [RUN]
[2025-12-13T14:20:34.217+0000] {subprocess.py:93} INFO - [0m14:20:34  1 of 2 OK created sql table model ANALYTICS_analytics.mfg_ml_features_orders ... [[32mSUCCESS 1[0m in 1.47s]
[2025-12-13T14:20:34.796+0000] {subprocess.py:93} INFO - [0m14:20:34  2 of 2 OK created sql table model ANALYTICS_analytics.mfg_plant_daily_kpis ..... [[32mSUCCESS 1[0m in 2.05s]
[2025-12-13T14:20:35.728+0000] {subprocess.py:93} INFO - [0m14:20:35
[2025-12-13T14:20:35.730+0000] {subprocess.py:93} INFO - [0m14:20:35  Finished running 2 table models in 0 hours 0 minutes and 4.71 seconds (4.71s).
[2025-12-13T14:20:35.843+0000] {subprocess.py:93} INFO - [0m14:20:35
[2025-12-13T14:20:35.844+0000] {subprocess.py:93} INFO - [0m14:20:35  [32mCompleted successfully[0m
[2025-12-13T14:20:35.846+0000] {subprocess.py:93} INFO - [0m14:20:35
[2025-12-13T14:20:35.849+0000] {subprocess.py:93} INFO - [0m14:20:35  Done. PASS=2 WARN=0 ERROR=0 SKIP=0 NO-OP=0 TOTAL=2
[2025-12-13T14:20:36.947+0000] {subprocess.py:97} INFO - Command exited with return code 0
[2025-12-13T14:20:36.948+0000] {taskinstance.py:441} INFO - ::group::Post task execution logs
[2025-12-13T14:20:36.983+0000] {taskinstance.py:1205} INFO - Marking task as SUCCESS. dag_id=mfg_dbt_transform_dag, task_id=dbt_run_marts, execution_date=20251212T041500, start_date=20251213T142025, end_date=20251213T142036
[2025-12-13T14:20:37.013+0000] {local_task_job_runner.py:240} INFO - Task exited with return code 0
[2025-12-13T14:20:37.040+0000] {taskinstance.py:3482} INFO - 1 downstream tasks scheduled from follow-on schedule check
[2025-12-13T14:20:37.045+0000] {local_task_job_runner.py:222} INFO - ::endgroup::
