[2025-12-13T12:53:51.304+0000] {local_task_job_runner.py:120} INFO - ::group::Pre task execution logs
[2025-12-13T12:53:51.340+0000] {taskinstance.py:2073} INFO - Dependencies all met for dep_context=non-requeueable deps ti=<TaskInstance: mfg_data_quality_monitoring_dag.dq_check_freshness_kpis scheduled__2025-12-12T06:00:00+00:00 [queued]>
[2025-12-13T12:53:51.352+0000] {taskinstance.py:2073} INFO - Dependencies all met for dep_context=requeueable deps ti=<TaskInstance: mfg_data_quality_monitoring_dag.dq_check_freshness_kpis scheduled__2025-12-12T06:00:00+00:00 [queued]>
[2025-12-13T12:53:51.353+0000] {taskinstance.py:2303} INFO - Starting attempt 1 of 2
[2025-12-13T12:53:51.372+0000] {taskinstance.py:2327} INFO - Executing <Task(PythonOperator): dq_check_freshness_kpis> on 2025-12-12 06:00:00+00:00
[2025-12-13T12:53:51.383+0000] {logging_mixin.py:188} WARNING - /home/***/.local/lib/python3.12/site-packages/***/task/task_runner/standard_task_runner.py:61 DeprecationWarning: This process (pid=3184) is multi-threaded, use of fork() may lead to deadlocks in the child.
[2025-12-13T12:53:51.383+0000] {standard_task_runner.py:90} INFO - Running: ['***', 'tasks', 'run', 'mfg_data_quality_monitoring_dag', 'dq_check_freshness_kpis', 'scheduled__2025-12-12T06:00:00+00:00', '--job-id', '35', '--raw', '--subdir', 'DAGS_FOLDER/mfg_data_quality_monitoring_dag.py', '--cfg-path', '/tmp/tmp3byxsh_p']
[2025-12-13T12:53:51.386+0000] {standard_task_runner.py:63} INFO - Started process 3194 to run task
[2025-12-13T12:53:51.387+0000] {standard_task_runner.py:91} INFO - Job 35: Subtask dq_check_freshness_kpis
[2025-12-13T12:53:51.460+0000] {task_command.py:426} INFO - Running <TaskInstance: mfg_data_quality_monitoring_dag.dq_check_freshness_kpis scheduled__2025-12-12T06:00:00+00:00 [running]> on host 1159f6c9764f
[2025-12-13T12:53:51.576+0000] {taskinstance.py:2644} INFO - Exporting env vars: AIRFLOW_CTX_DAG_OWNER='data-platform' AIRFLOW_CTX_DAG_ID='mfg_data_quality_monitoring_dag' AIRFLOW_CTX_TASK_ID='dq_check_freshness_kpis' AIRFLOW_CTX_EXECUTION_DATE='2025-12-12T06:00:00+00:00' AIRFLOW_CTX_TRY_NUMBER='1' AIRFLOW_CTX_DAG_RUN_ID='scheduled__2025-12-12T06:00:00+00:00'
[2025-12-13T12:53:51.577+0000] {taskinstance.py:430} INFO - ::endgroup::
[2025-12-13T12:53:51.597+0000] {connection.py:521} INFO - Snowflake Connector for Python Version: 3.18.0, Python Version: 3.12.2, Platform: Linux-6.6.87.2-microsoft-standard-WSL2-x86_64-with-glibc2.36
[2025-12-13T12:53:51.599+0000] {connection.py:1464} INFO - Connecting to GLOBAL Snowflake domain
[2025-12-13T12:53:54.216+0000] {python.py:237} INFO - Done. Returned value was: None
[2025-12-13T12:53:54.218+0000] {taskinstance.py:441} INFO - ::group::Post task execution logs
[2025-12-13T12:53:54.230+0000] {taskinstance.py:1205} INFO - Marking task as SUCCESS. dag_id=mfg_data_quality_monitoring_dag, task_id=dq_check_freshness_kpis, execution_date=20251212T060000, start_date=20251213T125351, end_date=20251213T125354
[2025-12-13T12:53:54.257+0000] {local_task_job_runner.py:240} INFO - Task exited with return code 0
[2025-12-13T12:53:54.281+0000] {taskinstance.py:3482} INFO - 1 downstream tasks scheduled from follow-on schedule check
[2025-12-13T12:53:54.285+0000] {local_task_job_runner.py:222} INFO - ::endgroup::
[2025-12-13T13:56:33.983+0000] {local_task_job_runner.py:120} INFO - ::group::Pre task execution logs
[2025-12-13T13:56:34.024+0000] {taskinstance.py:2073} INFO - Dependencies all met for dep_context=non-requeueable deps ti=<TaskInstance: mfg_data_quality_monitoring_dag.dq_check_freshness_kpis scheduled__2025-12-12T06:00:00+00:00 [queued]>
[2025-12-13T13:56:34.035+0000] {taskinstance.py:2073} INFO - Dependencies all met for dep_context=requeueable deps ti=<TaskInstance: mfg_data_quality_monitoring_dag.dq_check_freshness_kpis scheduled__2025-12-12T06:00:00+00:00 [queued]>
[2025-12-13T13:56:34.036+0000] {taskinstance.py:2303} INFO - Starting attempt 1 of 2
[2025-12-13T13:56:34.052+0000] {taskinstance.py:2327} INFO - Executing <Task(PythonOperator): dq_check_freshness_kpis> on 2025-12-12 06:00:00+00:00
[2025-12-13T13:56:34.066+0000] {logging_mixin.py:188} WARNING - /home/***/.local/lib/python3.12/site-packages/***/task/task_runner/standard_task_runner.py:61 DeprecationWarning: This process (pid=5744) is multi-threaded, use of fork() may lead to deadlocks in the child.
[2025-12-13T13:56:34.068+0000] {standard_task_runner.py:63} INFO - Started process 5753 to run task
[2025-12-13T13:56:34.065+0000] {standard_task_runner.py:90} INFO - Running: ['***', 'tasks', 'run', 'mfg_data_quality_monitoring_dag', 'dq_check_freshness_kpis', 'scheduled__2025-12-12T06:00:00+00:00', '--job-id', '56', '--raw', '--subdir', 'DAGS_FOLDER/mfg_data_quality_monitoring_dag.py', '--cfg-path', '/tmp/tmpfwjcastj']
[2025-12-13T13:56:34.069+0000] {standard_task_runner.py:91} INFO - Job 56: Subtask dq_check_freshness_kpis
[2025-12-13T13:56:34.128+0000] {task_command.py:426} INFO - Running <TaskInstance: mfg_data_quality_monitoring_dag.dq_check_freshness_kpis scheduled__2025-12-12T06:00:00+00:00 [running]> on host 1159f6c9764f
[2025-12-13T13:56:34.220+0000] {taskinstance.py:2644} INFO - Exporting env vars: AIRFLOW_CTX_DAG_OWNER='data-platform' AIRFLOW_CTX_DAG_ID='mfg_data_quality_monitoring_dag' AIRFLOW_CTX_TASK_ID='dq_check_freshness_kpis' AIRFLOW_CTX_EXECUTION_DATE='2025-12-12T06:00:00+00:00' AIRFLOW_CTX_TRY_NUMBER='1' AIRFLOW_CTX_DAG_RUN_ID='scheduled__2025-12-12T06:00:00+00:00'
[2025-12-13T13:56:34.221+0000] {taskinstance.py:430} INFO - ::endgroup::
[2025-12-13T13:56:34.235+0000] {connection.py:521} INFO - Snowflake Connector for Python Version: 3.18.0, Python Version: 3.12.2, Platform: Linux-6.6.87.2-microsoft-standard-WSL2-x86_64-with-glibc2.36
[2025-12-13T13:56:34.236+0000] {connection.py:1464} INFO - Connecting to GLOBAL Snowflake domain
[2025-12-13T13:56:36.539+0000] {python.py:237} INFO - Done. Returned value was: None
[2025-12-13T13:56:36.541+0000] {taskinstance.py:441} INFO - ::group::Post task execution logs
[2025-12-13T13:56:36.552+0000] {taskinstance.py:1205} INFO - Marking task as SUCCESS. dag_id=mfg_data_quality_monitoring_dag, task_id=dq_check_freshness_kpis, execution_date=20251212T060000, start_date=20251213T135634, end_date=20251213T135636
[2025-12-13T13:56:36.582+0000] {local_task_job_runner.py:240} INFO - Task exited with return code 0
[2025-12-13T13:56:36.600+0000] {taskinstance.py:3482} INFO - 1 downstream tasks scheduled from follow-on schedule check
[2025-12-13T13:56:36.604+0000] {local_task_job_runner.py:222} INFO - ::endgroup::
[2025-12-13T14:19:52.946+0000] {local_task_job_runner.py:120} INFO - ::group::Pre task execution logs
[2025-12-13T14:19:53.002+0000] {taskinstance.py:2073} INFO - Dependencies all met for dep_context=non-requeueable deps ti=<TaskInstance: mfg_data_quality_monitoring_dag.dq_check_freshness_kpis scheduled__2025-12-12T06:00:00+00:00 [queued]>
[2025-12-13T14:19:53.018+0000] {taskinstance.py:2073} INFO - Dependencies all met for dep_context=requeueable deps ti=<TaskInstance: mfg_data_quality_monitoring_dag.dq_check_freshness_kpis scheduled__2025-12-12T06:00:00+00:00 [queued]>
[2025-12-13T14:19:53.019+0000] {taskinstance.py:2303} INFO - Starting attempt 1 of 2
[2025-12-13T14:19:53.051+0000] {taskinstance.py:2327} INFO - Executing <Task(PythonOperator): dq_check_freshness_kpis> on 2025-12-12 06:00:00+00:00
[2025-12-13T14:19:53.074+0000] {standard_task_runner.py:90} INFO - Running: ['***', 'tasks', 'run', 'mfg_data_quality_monitoring_dag', 'dq_check_freshness_kpis', 'scheduled__2025-12-12T06:00:00+00:00', '--job-id', '10', '--raw', '--subdir', 'DAGS_FOLDER/mfg_data_quality_monitoring_dag.py', '--cfg-path', '/tmp/tmphug2j2hh']
[2025-12-13T14:19:53.081+0000] {standard_task_runner.py:91} INFO - Job 10: Subtask dq_check_freshness_kpis
[2025-12-13T14:19:53.082+0000] {logging_mixin.py:188} WARNING - /home/***/.local/lib/python3.12/site-packages/***/task/task_runner/standard_task_runner.py:61 DeprecationWarning: This process (pid=407) is multi-threaded, use of fork() may lead to deadlocks in the child.
[2025-12-13T14:19:53.084+0000] {standard_task_runner.py:63} INFO - Started process 410 to run task
[2025-12-13T14:19:53.321+0000] {task_command.py:426} INFO - Running <TaskInstance: mfg_data_quality_monitoring_dag.dq_check_freshness_kpis scheduled__2025-12-12T06:00:00+00:00 [running]> on host 2836efb3fb45
[2025-12-13T14:19:53.594+0000] {taskinstance.py:2644} INFO - Exporting env vars: AIRFLOW_CTX_DAG_OWNER='data-platform' AIRFLOW_CTX_DAG_ID='mfg_data_quality_monitoring_dag' AIRFLOW_CTX_TASK_ID='dq_check_freshness_kpis' AIRFLOW_CTX_EXECUTION_DATE='2025-12-12T06:00:00+00:00' AIRFLOW_CTX_TRY_NUMBER='1' AIRFLOW_CTX_DAG_RUN_ID='scheduled__2025-12-12T06:00:00+00:00'
[2025-12-13T14:19:53.597+0000] {taskinstance.py:430} INFO - ::endgroup::
[2025-12-13T14:19:53.621+0000] {connection.py:521} INFO - Snowflake Connector for Python Version: 3.18.0, Python Version: 3.12.2, Platform: Linux-6.6.87.2-microsoft-standard-WSL2-x86_64-with-glibc2.36
[2025-12-13T14:19:53.623+0000] {connection.py:1464} INFO - Connecting to GLOBAL Snowflake domain
[2025-12-13T14:19:56.778+0000] {python.py:237} INFO - Done. Returned value was: None
[2025-12-13T14:19:56.779+0000] {taskinstance.py:441} INFO - ::group::Post task execution logs
[2025-12-13T14:19:56.793+0000] {taskinstance.py:1205} INFO - Marking task as SUCCESS. dag_id=mfg_data_quality_monitoring_dag, task_id=dq_check_freshness_kpis, execution_date=20251212T060000, start_date=20251213T141953, end_date=20251213T141956
[2025-12-13T14:19:56.858+0000] {local_task_job_runner.py:240} INFO - Task exited with return code 0
[2025-12-13T14:19:56.879+0000] {taskinstance.py:3482} INFO - 1 downstream tasks scheduled from follow-on schedule check
[2025-12-13T14:19:56.884+0000] {local_task_job_runner.py:222} INFO - ::endgroup::
