[2025-12-13T14:21:26.147+0000] {local_task_job_runner.py:120} INFO - ::group::Pre task execution logs
[2025-12-13T14:21:26.205+0000] {taskinstance.py:2073} INFO - Dependencies all met for dep_context=non-requeueable deps ti=<TaskInstance: mfg_dbt_transform_dag.dbt_run_marts manual__2025-12-13T14:20:00.878309+00:00 [queued]>
[2025-12-13T14:21:26.224+0000] {taskinstance.py:2073} INFO - Dependencies all met for dep_context=requeueable deps ti=<TaskInstance: mfg_dbt_transform_dag.dbt_run_marts manual__2025-12-13T14:20:00.878309+00:00 [queued]>
[2025-12-13T14:21:26.227+0000] {taskinstance.py:2303} INFO - Starting attempt 1 of 3
[2025-12-13T14:21:26.250+0000] {taskinstance.py:2327} INFO - Executing <Task(BashOperator): dbt_run_marts> on 2025-12-13 14:20:00.878309+00:00
[2025-12-13T14:21:26.260+0000] {standard_task_runner.py:90} INFO - Running: ['***', 'tasks', 'run', 'mfg_dbt_transform_dag', 'dbt_run_marts', 'manual__2025-12-13T14:20:00.878309+00:00', '--job-id', '25', '--raw', '--subdir', 'DAGS_FOLDER/mfg_dbt_transform_dag.py', '--cfg-path', '/tmp/tmpib2gcog4']
[2025-12-13T14:21:26.263+0000] {standard_task_runner.py:91} INFO - Job 25: Subtask dbt_run_marts
[2025-12-13T14:21:26.265+0000] {logging_mixin.py:188} WARNING - /home/***/.local/lib/python3.12/site-packages/***/task/task_runner/standard_task_runner.py:61 DeprecationWarning: This process (pid=767) is multi-threaded, use of fork() may lead to deadlocks in the child.
[2025-12-13T14:21:26.266+0000] {standard_task_runner.py:63} INFO - Started process 769 to run task
[2025-12-13T14:21:26.328+0000] {task_command.py:426} INFO - Running <TaskInstance: mfg_dbt_transform_dag.dbt_run_marts manual__2025-12-13T14:20:00.878309+00:00 [running]> on host 2836efb3fb45
[2025-12-13T14:21:26.445+0000] {taskinstance.py:2644} INFO - Exporting env vars: AIRFLOW_CTX_DAG_OWNER='data-engineering' AIRFLOW_CTX_DAG_ID='mfg_dbt_transform_dag' AIRFLOW_CTX_TASK_ID='dbt_run_marts' AIRFLOW_CTX_EXECUTION_DATE='2025-12-13T14:20:00.878309+00:00' AIRFLOW_CTX_TRY_NUMBER='1' AIRFLOW_CTX_DAG_RUN_ID='manual__2025-12-13T14:20:00.878309+00:00'
[2025-12-13T14:21:26.446+0000] {taskinstance.py:430} INFO - ::endgroup::
[2025-12-13T14:21:26.468+0000] {subprocess.py:63} INFO - Tmp dir root location: /tmp
[2025-12-13T14:21:26.470+0000] {subprocess.py:75} INFO - Running command: ['/usr/bin/bash', '-c', 'cd /opt/***/dbt_project && dbt run --select marts --profiles-dir /opt/***/dbt_profiles']
[2025-12-13T14:21:26.483+0000] {subprocess.py:86} INFO - Output:
[2025-12-13T14:21:29.476+0000] {subprocess.py:93} INFO - [0m14:21:29  Running with dbt=1.10.15
[2025-12-13T14:21:30.765+0000] {subprocess.py:93} INFO - [0m14:21:30  Registered adapter: snowflake=1.10.4
[2025-12-13T14:21:31.730+0000] {subprocess.py:93} INFO - [0m14:21:31  Found 8 models, 24 data tests, 3 sources, 504 macros
[2025-12-13T14:21:31.740+0000] {subprocess.py:93} INFO - [0m14:21:31
[2025-12-13T14:21:31.742+0000] {subprocess.py:93} INFO - [0m14:21:31  Concurrency: 4 threads (target='dev')
[2025-12-13T14:21:31.744+0000] {subprocess.py:93} INFO - [0m14:21:31
[2025-12-13T14:21:33.446+0000] {subprocess.py:93} INFO - [0m14:21:33  1 of 2 START sql table model ANALYTICS_analytics.mfg_ml_features_orders ........ [RUN]
[2025-12-13T14:21:33.447+0000] {subprocess.py:93} INFO - [0m14:21:33  2 of 2 START sql table model ANALYTICS_analytics.mfg_plant_daily_kpis .......... [RUN]
[2025-12-13T14:21:34.674+0000] {subprocess.py:93} INFO - [0m14:21:34  1 of 2 OK created sql table model ANALYTICS_analytics.mfg_ml_features_orders ... [[32mSUCCESS 1[0m in 1.22s]
[2025-12-13T14:21:35.703+0000] {subprocess.py:93} INFO - [0m14:21:35  2 of 2 OK created sql table model ANALYTICS_analytics.mfg_plant_daily_kpis ..... [[32mSUCCESS 1[0m in 2.25s]
[2025-12-13T14:21:36.643+0000] {subprocess.py:93} INFO - [0m14:21:36
[2025-12-13T14:21:36.645+0000] {subprocess.py:93} INFO - [0m14:21:36  Finished running 2 table models in 0 hours 0 minutes and 4.90 seconds (4.90s).
[2025-12-13T14:21:36.747+0000] {subprocess.py:93} INFO - [0m14:21:36
[2025-12-13T14:21:36.749+0000] {subprocess.py:93} INFO - [0m14:21:36  [32mCompleted successfully[0m
[2025-12-13T14:21:36.751+0000] {subprocess.py:93} INFO - [0m14:21:36
[2025-12-13T14:21:36.754+0000] {subprocess.py:93} INFO - [0m14:21:36  Done. PASS=2 WARN=0 ERROR=0 SKIP=0 NO-OP=0 TOTAL=2
[2025-12-13T14:21:37.797+0000] {subprocess.py:97} INFO - Command exited with return code 0
[2025-12-13T14:21:37.798+0000] {taskinstance.py:441} INFO - ::group::Post task execution logs
[2025-12-13T14:21:37.830+0000] {taskinstance.py:1205} INFO - Marking task as SUCCESS. dag_id=mfg_dbt_transform_dag, task_id=dbt_run_marts, execution_date=20251213T142000, start_date=20251213T142126, end_date=20251213T142137
[2025-12-13T14:21:37.892+0000] {local_task_job_runner.py:240} INFO - Task exited with return code 0
[2025-12-13T14:21:37.915+0000] {taskinstance.py:3482} INFO - 1 downstream tasks scheduled from follow-on schedule check
[2025-12-13T14:21:37.920+0000] {local_task_job_runner.py:222} INFO - ::endgroup::
