[2025-12-17T11:41:40.353+0000] {local_task_job_runner.py:120} INFO - ::group::Pre task execution logs
[2025-12-17T11:41:40.401+0000] {taskinstance.py:2073} INFO - Dependencies all met for dep_context=non-requeueable deps ti=<TaskInstance: mfg_data_quality_monitoring_dag.dq_check_freshness_kpis manual__2025-12-17T11:41:37.953990+00:00 [queued]>
[2025-12-17T11:41:40.412+0000] {taskinstance.py:2073} INFO - Dependencies all met for dep_context=requeueable deps ti=<TaskInstance: mfg_data_quality_monitoring_dag.dq_check_freshness_kpis manual__2025-12-17T11:41:37.953990+00:00 [queued]>
[2025-12-17T11:41:40.413+0000] {taskinstance.py:2303} INFO - Starting attempt 1 of 2
[2025-12-17T11:41:40.431+0000] {taskinstance.py:2327} INFO - Executing <Task(PythonOperator): dq_check_freshness_kpis> on 2025-12-17 11:41:37.953990+00:00
[2025-12-17T11:41:40.445+0000] {standard_task_runner.py:90} INFO - Running: ['***', 'tasks', 'run', 'mfg_data_quality_monitoring_dag', 'dq_check_freshness_kpis', 'manual__2025-12-17T11:41:37.953990+00:00', '--job-id', '44', '--raw', '--subdir', 'DAGS_FOLDER/mfg_data_quality_monitoring_dag.py', '--cfg-path', '/tmp/tmppb9ai9yg']
[2025-12-17T11:41:40.454+0000] {logging_mixin.py:188} WARNING - /home/***/.local/lib/python3.12/site-packages/***/task/task_runner/standard_task_runner.py:61 DeprecationWarning: This process (pid=511) is multi-threaded, use of fork() may lead to deadlocks in the child.
[2025-12-17T11:41:40.455+0000] {standard_task_runner.py:91} INFO - Job 44: Subtask dq_check_freshness_kpis
[2025-12-17T11:41:40.455+0000] {standard_task_runner.py:63} INFO - Started process 521 to run task
[2025-12-17T11:41:40.605+0000] {task_command.py:426} INFO - Running <TaskInstance: mfg_data_quality_monitoring_dag.dq_check_freshness_kpis manual__2025-12-17T11:41:37.953990+00:00 [running]> on host bce6f264833a
[2025-12-17T11:41:40.777+0000] {taskinstance.py:2644} INFO - Exporting env vars: AIRFLOW_CTX_DAG_OWNER='data-eng' AIRFLOW_CTX_DAG_ID='mfg_data_quality_monitoring_dag' AIRFLOW_CTX_TASK_ID='dq_check_freshness_kpis' AIRFLOW_CTX_EXECUTION_DATE='2025-12-17T11:41:37.953990+00:00' AIRFLOW_CTX_TRY_NUMBER='1' AIRFLOW_CTX_DAG_RUN_ID='manual__2025-12-17T11:41:37.953990+00:00'
[2025-12-17T11:41:40.779+0000] {taskinstance.py:430} INFO - ::endgroup::
[2025-12-17T11:41:40.815+0000] {connection.py:414} INFO - Snowflake Connector for Python Version: 3.12.0, Python Version: 3.12.2, Platform: Linux-6.6.87.2-microsoft-standard-WSL2-x86_64-with-glibc2.36
[2025-12-17T11:41:40.820+0000] {connection.py:1187} INFO - Connecting to GLOBAL Snowflake domain
[2025-12-17T11:41:40.821+0000] {connection.py:1268} INFO - This connection is in OCSP Fail Open Mode. TLS Certificates would be checked for validity and revocation status. Any other Certificate Revocation related exceptions or OCSP Responder failures would be disregarded in favor of connectivity.
[2025-12-17T11:41:42.466+0000] {connection.py:779} INFO - closed
[2025-12-17T11:41:42.670+0000] {connection.py:785} INFO - No async queries seem to be running, deleting session
[2025-12-17T11:41:42.905+0000] {taskinstance.py:441} INFO - ::group::Post task execution logs
[2025-12-17T11:41:42.908+0000] {taskinstance.py:2890} ERROR - Task failed with exception
Traceback (most recent call last):
  File "/home/airflow/.local/lib/python3.12/site-packages/airflow/models/taskinstance.py", line 460, in _execute_task
    result = _execute_callable(context=context, **execute_callable_kwargs)
             ^^^^^^^^^^^^^^^^^^^^^^^^^^^^^^^^^^^^^^^^^^^^^^^^^^^^^^^^^^^^^
  File "/home/airflow/.local/lib/python3.12/site-packages/airflow/models/taskinstance.py", line 432, in _execute_callable
    return execute_callable(context=context, **execute_callable_kwargs)
           ^^^^^^^^^^^^^^^^^^^^^^^^^^^^^^^^^^^^^^^^^^^^^^^^^^^^^^^^^^^^
  File "/home/airflow/.local/lib/python3.12/site-packages/airflow/models/baseoperator.py", line 400, in wrapper
    return func(self, *args, **kwargs)
           ^^^^^^^^^^^^^^^^^^^^^^^^^^^
  File "/home/airflow/.local/lib/python3.12/site-packages/airflow/operators/python.py", line 235, in execute
    return_value = self.execute_callable()
                   ^^^^^^^^^^^^^^^^^^^^^^^
  File "/home/airflow/.local/lib/python3.12/site-packages/airflow/operators/python.py", line 252, in execute_callable
    return self.python_callable(*self.op_args, **self.op_kwargs)
           ^^^^^^^^^^^^^^^^^^^^^^^^^^^^^^^^^^^^^^^^^^^^^^^^^^^^^
  File "/opt/airflow/dags/mfg_data_quality_monitoring_dag.py", line 144, in dq_check_freshness_kpis
    max_date = _fetch_one(cur, f"SELECT MAX(CALENDAR_DATE) FROM {db}.MARTS.MFG_PLANT_DAILY_KPIS")
               ^^^^^^^^^^^^^^^^^^^^^^^^^^^^^^^^^^^^^^^^^^^^^^^^^^^^^^^^^^^^^^^^^^^^^^^^^^^^^^^^^^
  File "/opt/airflow/dags/mfg_data_quality_monitoring_dag.py", line 74, in _fetch_one
    cur.execute(sql, params or ())
  File "/home/airflow/.local/lib/python3.12/site-packages/snowflake/connector/cursor.py", line 1087, in execute
    Error.errorhandler_wrapper(self.connection, self, error_class, errvalue)
  File "/home/airflow/.local/lib/python3.12/site-packages/snowflake/connector/errors.py", line 290, in errorhandler_wrapper
    handed_over = Error.hand_to_other_handler(
                  ^^^^^^^^^^^^^^^^^^^^^^^^^^^^
  File "/home/airflow/.local/lib/python3.12/site-packages/snowflake/connector/errors.py", line 345, in hand_to_other_handler
    cursor.errorhandler(connection, cursor, error_class, error_value)
  File "/home/airflow/.local/lib/python3.12/site-packages/snowflake/connector/errors.py", line 221, in default_errorhandler
    raise error_class(
snowflake.connector.errors.ProgrammingError: 002003 (42S02): 01c11c1d-0107-4c45-0013-40ff0016f8e6: SQL compilation error:
Object 'MFG_ACCELERATOR.MARTS.MFG_PLANT_DAILY_KPIS' does not exist or not authorized.
[2025-12-17T11:41:42.961+0000] {taskinstance.py:1205} INFO - Marking task as UP_FOR_RETRY. dag_id=mfg_data_quality_monitoring_dag, task_id=dq_check_freshness_kpis, execution_date=20251217T114137, start_date=20251217T114140, end_date=20251217T114142
[2025-12-17T11:41:42.999+0000] {standard_task_runner.py:110} ERROR - Failed to execute job 44 for task dq_check_freshness_kpis (002003 (42S02): 01c11c1d-0107-4c45-0013-40ff0016f8e6: SQL compilation error:
Object 'MFG_ACCELERATOR.MARTS.MFG_PLANT_DAILY_KPIS' does not exist or not authorized.; 521)
[2025-12-17T11:41:43.047+0000] {local_task_job_runner.py:240} INFO - Task exited with return code 1
[2025-12-17T11:41:43.142+0000] {taskinstance.py:3482} INFO - 0 downstream tasks scheduled from follow-on schedule check
[2025-12-17T11:41:43.149+0000] {local_task_job_runner.py:222} INFO - ::endgroup::
