[2025-12-17T09:52:53.581+0000] {local_task_job_runner.py:120} INFO - ::group::Pre task execution logs
[2025-12-17T09:52:53.624+0000] {taskinstance.py:2073} INFO - Dependencies all met for dep_context=non-requeueable deps ti=<TaskInstance: mfg_raw_ingestion_dag.ingest_raw_to_snowflake manual__2025-12-17T09:52:52.302205+00:00 [queued]>
[2025-12-17T09:52:53.633+0000] {taskinstance.py:2073} INFO - Dependencies all met for dep_context=requeueable deps ti=<TaskInstance: mfg_raw_ingestion_dag.ingest_raw_to_snowflake manual__2025-12-17T09:52:52.302205+00:00 [queued]>
[2025-12-17T09:52:53.634+0000] {taskinstance.py:2303} INFO - Starting attempt 1 of 3
[2025-12-17T09:52:53.651+0000] {taskinstance.py:2327} INFO - Executing <Task(BashOperator): ingest_raw_to_snowflake> on 2025-12-17 09:52:52.302205+00:00
[2025-12-17T09:52:53.659+0000] {standard_task_runner.py:90} INFO - Running: ['***', 'tasks', 'run', 'mfg_raw_ingestion_dag', 'ingest_raw_to_snowflake', 'manual__2025-12-17T09:52:52.302205+00:00', '--job-id', '10', '--raw', '--subdir', 'DAGS_FOLDER/mfg_raw_ingestion_dag.py', '--cfg-path', '/tmp/tmphoe2ewt2']
[2025-12-17T09:52:53.664+0000] {standard_task_runner.py:91} INFO - Job 10: Subtask ingest_raw_to_snowflake
[2025-12-17T09:52:53.664+0000] {logging_mixin.py:188} WARNING - /home/***/.local/lib/python3.12/site-packages/***/task/task_runner/standard_task_runner.py:61 DeprecationWarning: This process (pid=1347) is multi-threaded, use of fork() may lead to deadlocks in the child.
[2025-12-17T09:52:53.665+0000] {standard_task_runner.py:63} INFO - Started process 1348 to run task
[2025-12-17T09:52:53.748+0000] {task_command.py:426} INFO - Running <TaskInstance: mfg_raw_ingestion_dag.ingest_raw_to_snowflake manual__2025-12-17T09:52:52.302205+00:00 [running]> on host 68b68f67a494
[2025-12-17T09:52:53.881+0000] {taskinstance.py:2644} INFO - Exporting env vars: AIRFLOW_CTX_DAG_OWNER='data-eng' AIRFLOW_CTX_DAG_ID='mfg_raw_ingestion_dag' AIRFLOW_CTX_TASK_ID='ingest_raw_to_snowflake' AIRFLOW_CTX_EXECUTION_DATE='2025-12-17T09:52:52.302205+00:00' AIRFLOW_CTX_TRY_NUMBER='1' AIRFLOW_CTX_DAG_RUN_ID='manual__2025-12-17T09:52:52.302205+00:00'
[2025-12-17T09:52:53.883+0000] {taskinstance.py:430} INFO - ::endgroup::
[2025-12-17T09:52:53.903+0000] {subprocess.py:63} INFO - Tmp dir root location: /tmp
[2025-12-17T09:52:53.904+0000] {subprocess.py:75} INFO - Running command: ['/usr/bin/bash', '-c', 'python /opt/***/ingestion/python/load_raw_to_snowflake.py']
[2025-12-17T09:52:53.914+0000] {subprocess.py:86} INFO - Output:
[2025-12-17T09:52:55.758+0000] {subprocess.py:93} INFO - [INFO] 2025-12-17 09:52:55 - No .env at project root; assuming env vars are injected (Docker/Airflow).
[2025-12-17T09:52:55.762+0000] {subprocess.py:93} INFO - [INFO] 2025-12-17 09:52:55 - Starting run-aware load. load_id=mfg_raw_ingestion_dag::manual__2025-12-17T09:52:52.302205+00:00 dag_id=mfg_raw_ingestion_dag run_id=manual__2025-12-17T09:52:52.302205+00:00 task_id=ingest_raw_to_snowflake
[2025-12-17T09:52:55.763+0000] {subprocess.py:93} INFO - [INFO] 2025-12-17 09:52:55 - Using data directory: /opt/***/data/raw/source_system
[2025-12-17T09:52:55.763+0000] {subprocess.py:93} INFO - [INFO] 2025-12-17 09:52:55 - Connecting to Snowflake...
[2025-12-17T09:53:00.114+0000] {subprocess.py:93} INFO - [INFO] 2025-12-17 09:53:00 - Read 500 rows from materials.csv
[2025-12-17T09:53:00.137+0000] {subprocess.py:93} INFO - [INFO] 2025-12-17 09:53:00 - Read 10,000 rows from batches.csv
[2025-12-17T09:53:00.167+0000] {subprocess.py:93} INFO - [INFO] 2025-12-17 09:53:00 - Read 10,000 rows from production_orders.csv
[2025-12-17T09:53:00.169+0000] {subprocess.py:93} INFO - [INFO] 2025-12-17 09:53:00 - [MATERIALS_RUN] Deleting previous slice for load_id (retry-safe)...
[2025-12-17T09:53:01.247+0000] {subprocess.py:93} INFO - [INFO] 2025-12-17 09:53:01 - [MATERIALS_RUN] Loading 500 rows from materials.csv ...
[2025-12-17T09:53:04.337+0000] {subprocess.py:93} INFO - [INFO] 2025-12-17 09:53:04 - [MATERIALS_RUN] write_pandas success=True rows_loaded=500 chunks=1
[2025-12-17T09:53:04.889+0000] {subprocess.py:93} INFO - [INFO] 2025-12-17 09:53:04 - [BATCHES_RUN] Deleting previous slice for load_id (retry-safe)...
[2025-12-17T09:53:05.402+0000] {subprocess.py:93} INFO - [INFO] 2025-12-17 09:53:05 - [BATCHES_RUN] Loading 10,000 rows from batches.csv ...
[2025-12-17T09:53:08.925+0000] {subprocess.py:93} INFO - [INFO] 2025-12-17 09:53:08 - [BATCHES_RUN] write_pandas success=True rows_loaded=10,000 chunks=1
[2025-12-17T09:53:09.503+0000] {subprocess.py:93} INFO - [INFO] 2025-12-17 09:53:09 - [PRODUCTION_ORDERS_RUN] Deleting previous slice for load_id (retry-safe)...
[2025-12-17T09:53:10.148+0000] {subprocess.py:93} INFO - [INFO] 2025-12-17 09:53:10 - [PRODUCTION_ORDERS_RUN] Loading 10,000 rows from production_orders.csv ...
[2025-12-17T09:53:13.622+0000] {subprocess.py:93} INFO - [INFO] 2025-12-17 09:53:13 - [PRODUCTION_ORDERS_RUN] write_pandas success=True rows_loaded=10,000 chunks=1
[2025-12-17T09:53:17.997+0000] {subprocess.py:93} INFO - [INFO] 2025-12-17 09:53:17 - Run-aware load committed successfully. load_id=mfg_raw_ingestion_dag::manual__2025-12-17T09:52:52.302205+00:00
[2025-12-17T09:53:18.565+0000] {subprocess.py:97} INFO - Command exited with return code 0
[2025-12-17T09:53:18.566+0000] {taskinstance.py:441} INFO - ::group::Post task execution logs
[2025-12-17T09:53:18.603+0000] {taskinstance.py:1205} INFO - Marking task as SUCCESS. dag_id=mfg_raw_ingestion_dag, task_id=ingest_raw_to_snowflake, execution_date=20251217T095252, start_date=20251217T095253, end_date=20251217T095318
[2025-12-17T09:53:18.657+0000] {local_task_job_runner.py:240} INFO - Task exited with return code 0
[2025-12-17T09:53:18.697+0000] {taskinstance.py:3482} INFO - 1 downstream tasks scheduled from follow-on schedule check
[2025-12-17T09:53:18.702+0000] {local_task_job_runner.py:222} INFO - ::endgroup::
