[2025-12-17T11:40:31.336+0000] {local_task_job_runner.py:120} INFO - ::group::Pre task execution logs
[2025-12-17T11:40:31.408+0000] {taskinstance.py:2073} INFO - Dependencies all met for dep_context=non-requeueable deps ti=<TaskInstance: mfg_dbt_transform_dag.dbt_run_staging manual__2025-12-17T11:40:29.194911+00:00 [queued]>
[2025-12-17T11:40:31.426+0000] {taskinstance.py:2073} INFO - Dependencies all met for dep_context=requeueable deps ti=<TaskInstance: mfg_dbt_transform_dag.dbt_run_staging manual__2025-12-17T11:40:29.194911+00:00 [queued]>
[2025-12-17T11:40:31.428+0000] {taskinstance.py:2303} INFO - Starting attempt 1 of 3
[2025-12-17T11:40:31.454+0000] {taskinstance.py:2327} INFO - Executing <Task(BashOperator): dbt_run_staging> on 2025-12-17 11:40:29.194911+00:00
[2025-12-17T11:40:31.469+0000] {standard_task_runner.py:90} INFO - Running: ['***', 'tasks', 'run', 'mfg_dbt_transform_dag', 'dbt_run_staging', 'manual__2025-12-17T11:40:29.194911+00:00', '--job-id', '39', '--raw', '--subdir', 'DAGS_FOLDER/mfg_dbt_transform_dag.py', '--cfg-path', '/tmp/tmprgnxpyhg']
[2025-12-17T11:40:31.474+0000] {standard_task_runner.py:91} INFO - Job 39: Subtask dbt_run_staging
[2025-12-17T11:40:31.482+0000] {logging_mixin.py:188} WARNING - /home/***/.local/lib/python3.12/site-packages/***/task/task_runner/standard_task_runner.py:61 DeprecationWarning: This process (pid=380) is multi-threaded, use of fork() may lead to deadlocks in the child.
[2025-12-17T11:40:31.484+0000] {standard_task_runner.py:63} INFO - Started process 381 to run task
[2025-12-17T11:40:31.610+0000] {task_command.py:426} INFO - Running <TaskInstance: mfg_dbt_transform_dag.dbt_run_staging manual__2025-12-17T11:40:29.194911+00:00 [running]> on host bce6f264833a
[2025-12-17T11:40:31.804+0000] {taskinstance.py:2644} INFO - Exporting env vars: AIRFLOW_CTX_DAG_OWNER='data-eng' AIRFLOW_CTX_DAG_ID='mfg_dbt_transform_dag' AIRFLOW_CTX_TASK_ID='dbt_run_staging' AIRFLOW_CTX_EXECUTION_DATE='2025-12-17T11:40:29.194911+00:00' AIRFLOW_CTX_TRY_NUMBER='1' AIRFLOW_CTX_DAG_RUN_ID='manual__2025-12-17T11:40:29.194911+00:00'
[2025-12-17T11:40:31.807+0000] {taskinstance.py:430} INFO - ::endgroup::
[2025-12-17T11:40:31.837+0000] {subprocess.py:63} INFO - Tmp dir root location: /tmp
[2025-12-17T11:40:31.838+0000] {subprocess.py:75} INFO - Running command: ['/usr/bin/bash', '-c', 'cd /opt/***/dbt_project && dbt run --select staging --profiles-dir /opt/***/dbt_profiles']
[2025-12-17T11:40:31.851+0000] {subprocess.py:86} INFO - Output:
[2025-12-17T11:40:34.563+0000] {subprocess.py:93} INFO - [0m11:40:34  Running with dbt=1.8.4
[2025-12-17T11:40:35.741+0000] {subprocess.py:93} INFO - [0m11:40:35  Registered adapter: snowflake=1.8.4
[2025-12-17T11:40:36.458+0000] {subprocess.py:93} INFO - [0m11:40:36  Found 8 models, 24 data tests, 3 sources, 459 macros
[2025-12-17T11:40:36.463+0000] {subprocess.py:93} INFO - [0m11:40:36
[2025-12-17T11:40:40.154+0000] {subprocess.py:93} INFO - [0m11:40:40  Concurrency: 4 threads (target='dev')
[2025-12-17T11:40:40.155+0000] {subprocess.py:93} INFO - [0m11:40:40
[2025-12-17T11:40:40.172+0000] {subprocess.py:93} INFO - [0m11:40:40  1 of 3 START sql view model STAGING_analytics.stg_batches ...................... [RUN]
[2025-12-17T11:40:40.174+0000] {subprocess.py:93} INFO - [0m11:40:40  2 of 3 START sql view model STAGING_analytics.stg_materials .................... [RUN]
[2025-12-17T11:40:40.176+0000] {subprocess.py:93} INFO - [0m11:40:40  3 of 3 START sql view model STAGING_analytics.stg_production_orders ............ [RUN]
[2025-12-17T11:40:42.069+0000] {subprocess.py:93} INFO - [0m11:40:42  3 of 3 OK created sql view model STAGING_analytics.stg_production_orders ....... [[32mSUCCESS 1[0m in 1.88s]
[2025-12-17T11:40:42.082+0000] {subprocess.py:93} INFO - [0m11:40:42  2 of 3 OK created sql view model STAGING_analytics.stg_materials ............... [[32mSUCCESS 1[0m in 1.90s]
[2025-12-17T11:40:42.142+0000] {subprocess.py:93} INFO - [0m11:40:42  1 of 3 OK created sql view model STAGING_analytics.stg_batches ................. [[32mSUCCESS 1[0m in 1.96s]
[2025-12-17T11:40:42.153+0000] {subprocess.py:93} INFO - [0m11:40:42
[2025-12-17T11:40:42.154+0000] {subprocess.py:93} INFO - [0m11:40:42  Finished running 3 view models in 0 hours 0 minutes and 5.69 seconds (5.69s).
[2025-12-17T11:40:42.229+0000] {subprocess.py:93} INFO - [0m11:40:42
[2025-12-17T11:40:42.231+0000] {subprocess.py:93} INFO - [0m11:40:42  [32mCompleted successfully[0m
[2025-12-17T11:40:42.232+0000] {subprocess.py:93} INFO - [0m11:40:42
[2025-12-17T11:40:42.234+0000] {subprocess.py:93} INFO - [0m11:40:42  Done. PASS=3 WARN=0 ERROR=0 SKIP=0 TOTAL=3
[2025-12-17T11:40:43.229+0000] {subprocess.py:97} INFO - Command exited with return code 0
[2025-12-17T11:40:43.230+0000] {taskinstance.py:441} INFO - ::group::Post task execution logs
[2025-12-17T11:40:43.265+0000] {taskinstance.py:1205} INFO - Marking task as SUCCESS. dag_id=mfg_dbt_transform_dag, task_id=dbt_run_staging, execution_date=20251217T114029, start_date=20251217T114031, end_date=20251217T114043
[2025-12-17T11:40:43.304+0000] {local_task_job_runner.py:240} INFO - Task exited with return code 0
[2025-12-17T11:40:43.330+0000] {taskinstance.py:3482} INFO - 1 downstream tasks scheduled from follow-on schedule check
[2025-12-17T11:40:43.336+0000] {local_task_job_runner.py:222} INFO - ::endgroup::
