[2025-12-17T11:39:22.020+0000] {local_task_job_runner.py:120} INFO - ::group::Pre task execution logs
[2025-12-17T11:39:22.074+0000] {taskinstance.py:2073} INFO - Dependencies all met for dep_context=non-requeueable deps ti=<TaskInstance: mfg_raw_ingestion_dag.debug_env_and_paths manual__2025-12-17T11:38:54.441275+00:00 [queued]>
[2025-12-17T11:39:22.087+0000] {taskinstance.py:2073} INFO - Dependencies all met for dep_context=requeueable deps ti=<TaskInstance: mfg_raw_ingestion_dag.debug_env_and_paths manual__2025-12-17T11:38:54.441275+00:00 [queued]>
[2025-12-17T11:39:22.088+0000] {taskinstance.py:2303} INFO - Starting attempt 1 of 3
[2025-12-17T11:39:22.110+0000] {taskinstance.py:2327} INFO - Executing <Task(BashOperator): debug_env_and_paths> on 2025-12-17 11:38:54.441275+00:00
[2025-12-17T11:39:22.122+0000] {standard_task_runner.py:90} INFO - Running: ['***', 'tasks', 'run', 'mfg_raw_ingestion_dag', 'debug_env_and_paths', 'manual__2025-12-17T11:38:54.441275+00:00', '--job-id', '36', '--raw', '--subdir', 'DAGS_FOLDER/mfg_raw_ingestion_dag.py', '--cfg-path', '/tmp/tmpgf1by10x']
[2025-12-17T11:39:22.126+0000] {logging_mixin.py:188} WARNING - /home/***/.local/lib/python3.12/site-packages/***/task/task_runner/standard_task_runner.py:61 DeprecationWarning: This process (pid=274) is multi-threaded, use of fork() may lead to deadlocks in the child.
[2025-12-17T11:39:22.126+0000] {standard_task_runner.py:91} INFO - Job 36: Subtask debug_env_and_paths
[2025-12-17T11:39:22.127+0000] {standard_task_runner.py:63} INFO - Started process 275 to run task
[2025-12-17T11:39:22.224+0000] {task_command.py:426} INFO - Running <TaskInstance: mfg_raw_ingestion_dag.debug_env_and_paths manual__2025-12-17T11:38:54.441275+00:00 [running]> on host bce6f264833a
[2025-12-17T11:39:22.397+0000] {taskinstance.py:2644} INFO - Exporting env vars: AIRFLOW_CTX_DAG_OWNER='data-eng' AIRFLOW_CTX_DAG_ID='mfg_raw_ingestion_dag' AIRFLOW_CTX_TASK_ID='debug_env_and_paths' AIRFLOW_CTX_EXECUTION_DATE='2025-12-17T11:38:54.441275+00:00' AIRFLOW_CTX_TRY_NUMBER='1' AIRFLOW_CTX_DAG_RUN_ID='manual__2025-12-17T11:38:54.441275+00:00'
[2025-12-17T11:39:22.399+0000] {taskinstance.py:430} INFO - ::endgroup::
[2025-12-17T11:39:22.423+0000] {subprocess.py:63} INFO - Tmp dir root location: /tmp
[2025-12-17T11:39:22.425+0000] {subprocess.py:75} INFO - Running command: ['/usr/bin/bash', '-c', '\n    set -e\n    echo "PWD=$(pwd)"\n    echo "DBT_DIR=/opt/***/dbt_project"\n    ls -la /opt/***/dbt_project\n    echo "DBT_PROFILES_DIR=/opt/***/dbt_profiles"\n    ls -la /opt/***/dbt_profiles\n    which dbt || true\n    dbt --version || true\n    env | grep -E \'^SNOWFLAKE_\' || true\n    ']
[2025-12-17T11:39:22.439+0000] {subprocess.py:86} INFO - Output:
[2025-12-17T11:39:22.443+0000] {subprocess.py:93} INFO - PWD=/tmp/***tmpvhz4u5kd
[2025-12-17T11:39:22.444+0000] {subprocess.py:93} INFO - DBT_DIR=/opt/***/dbt_project
[2025-12-17T11:39:22.461+0000] {subprocess.py:93} INFO - total 8
[2025-12-17T11:39:22.462+0000] {subprocess.py:93} INFO - drwxrwxrwx 1 root    root 4096 Dec 16 23:07 .
[2025-12-17T11:39:22.464+0000] {subprocess.py:93} INFO - drwxrwxr-x 1 *** root 4096 Dec 17 11:38 ..
[2025-12-17T11:39:22.467+0000] {subprocess.py:93} INFO - -rwxrwxrwx 1 root    root  668 Dec 13 17:23 dbt_project.yml
[2025-12-17T11:39:22.468+0000] {subprocess.py:93} INFO - drwxrwxrwx 1 root    root 4096 Dec 16 23:07 logs
[2025-12-17T11:39:22.469+0000] {subprocess.py:93} INFO - drwxrwxrwx 1 root    root 4096 Dec 16 23:07 models
[2025-12-17T11:39:22.470+0000] {subprocess.py:93} INFO - drwxrwxrwx 1 root    root 4096 Dec 16 23:07 target
[2025-12-17T11:39:22.471+0000] {subprocess.py:93} INFO - DBT_PROFILES_DIR=/opt/***/dbt_profiles
[2025-12-17T11:39:22.479+0000] {subprocess.py:93} INFO - total 4
[2025-12-17T11:39:22.480+0000] {subprocess.py:93} INFO - drwxrwxrwx 1 root    root 4096 Dec 16 23:07 .
[2025-12-17T11:39:22.481+0000] {subprocess.py:93} INFO - drwxrwxr-x 1 *** root 4096 Dec 17 11:38 ..
[2025-12-17T11:39:22.482+0000] {subprocess.py:93} INFO - -rwxrwxrwx 1 root    root   41 Dec 13 17:23 .user.yml
[2025-12-17T11:39:22.483+0000] {subprocess.py:93} INFO - -rwxrwxrwx 1 root    root  622 Dec 17 07:23 profiles.yml
[2025-12-17T11:39:22.484+0000] {subprocess.py:93} INFO - /home/***/.local/bin/dbt
[2025-12-17T11:39:27.606+0000] {subprocess.py:93} INFO - Core:
[2025-12-17T11:39:27.609+0000] {subprocess.py:93} INFO -   - installed: 1.8.4
[2025-12-17T11:39:27.612+0000] {subprocess.py:93} INFO -   - latest:    1.10.16 - Update available!
[2025-12-17T11:39:27.614+0000] {subprocess.py:93} INFO - 
[2025-12-17T11:39:27.615+0000] {subprocess.py:93} INFO -   Your version of dbt-core is out of date!
[2025-12-17T11:39:27.621+0000] {subprocess.py:93} INFO -   You can find instructions for upgrading here:
[2025-12-17T11:39:27.622+0000] {subprocess.py:93} INFO -   https://docs.getdbt.com/docs/installation
[2025-12-17T11:39:27.626+0000] {subprocess.py:93} INFO - 
[2025-12-17T11:39:27.627+0000] {subprocess.py:93} INFO - Plugins:
[2025-12-17T11:39:27.629+0000] {subprocess.py:93} INFO -   - snowflake: 1.8.4 - Update available!
[2025-12-17T11:39:27.631+0000] {subprocess.py:93} INFO - 
[2025-12-17T11:39:27.632+0000] {subprocess.py:93} INFO -   At least one plugin is out of date or incompatible with dbt-core.
[2025-12-17T11:39:27.633+0000] {subprocess.py:93} INFO -   You can find instructions for upgrading here:
[2025-12-17T11:39:27.634+0000] {subprocess.py:93} INFO -   https://docs.getdbt.com/docs/installation
[2025-12-17T11:39:27.634+0000] {subprocess.py:93} INFO - 
[2025-12-17T11:39:27.635+0000] {subprocess.py:93} INFO - 
[2025-12-17T11:39:27.963+0000] {subprocess.py:93} INFO - SNOWFLAKE_WAREHOUSE=WH_MFG_ACCELERATOR
[2025-12-17T11:39:27.963+0000] {subprocess.py:93} INFO - SNOWFLAKE_PASSWORD=Calmdownn.1998
[2025-12-17T11:39:27.964+0000] {subprocess.py:93} INFO - SNOWFLAKE_ACCOUNT=DTWDUSN-WRB63753
[2025-12-17T11:39:27.965+0000] {subprocess.py:93} INFO - SNOWFLAKE_DATABASE=MFG_ACCELERATOR
[2025-12-17T11:39:27.965+0000] {subprocess.py:93} INFO - SNOWFLAKE_ROLE=ACCOUNTADMIN
[2025-12-17T11:39:27.966+0000] {subprocess.py:93} INFO - SNOWFLAKE_SCHEMA=RAW
[2025-12-17T11:39:27.967+0000] {subprocess.py:93} INFO - SNOWFLAKE_USER=TAIBKHO44
[2025-12-17T11:39:27.967+0000] {subprocess.py:97} INFO - Command exited with return code 0
[2025-12-17T11:39:27.968+0000] {taskinstance.py:441} INFO - ::group::Post task execution logs
[2025-12-17T11:39:28.011+0000] {taskinstance.py:1205} INFO - Marking task as SUCCESS. dag_id=mfg_raw_ingestion_dag, task_id=debug_env_and_paths, execution_date=20251217T113854, start_date=20251217T113922, end_date=20251217T113928
[2025-12-17T11:39:28.074+0000] {local_task_job_runner.py:240} INFO - Task exited with return code 0
[2025-12-17T11:39:28.113+0000] {taskinstance.py:3482} INFO - 1 downstream tasks scheduled from follow-on schedule check
[2025-12-17T11:39:28.117+0000] {local_task_job_runner.py:222} INFO - ::endgroup::
