[2025-12-11T11:45:54.349+0000] {local_task_job_runner.py:120} INFO - ::group::Pre task execution logs
[2025-12-11T11:45:54.395+0000] {taskinstance.py:2073} INFO - Dependencies all met for dep_context=non-requeueable deps ti=<TaskInstance: mfg_accelerator_pipeline.ingest_raw_to_snowflake manual__2025-12-11T11:45:53.509886+00:00 [queued]>
[2025-12-11T11:45:54.405+0000] {taskinstance.py:2073} INFO - Dependencies all met for dep_context=requeueable deps ti=<TaskInstance: mfg_accelerator_pipeline.ingest_raw_to_snowflake manual__2025-12-11T11:45:53.509886+00:00 [queued]>
[2025-12-11T11:45:54.406+0000] {taskinstance.py:2303} INFO - Starting attempt 1 of 2
[2025-12-11T11:45:54.431+0000] {taskinstance.py:2327} INFO - Executing <Task(BashOperator): ingest_raw_to_snowflake> on 2025-12-11 11:45:53.509886+00:00
[2025-12-11T11:45:54.441+0000] {standard_task_runner.py:90} INFO - Running: ['***', 'tasks', 'run', 'mfg_accelerator_pipeline', 'ingest_raw_to_snowflake', 'manual__2025-12-11T11:45:53.509886+00:00', '--job-id', '7', '--raw', '--subdir', 'DAGS_FOLDER/mfg_pipeline.py', '--cfg-path', '/tmp/tmplhovaqns']
[2025-12-11T11:45:54.446+0000] {standard_task_runner.py:91} INFO - Job 7: Subtask ingest_raw_to_snowflake
[2025-12-11T11:45:54.448+0000] {logging_mixin.py:188} WARNING - /home/***/.local/lib/python3.12/site-packages/***/task/task_runner/standard_task_runner.py:61 DeprecationWarning: This process (pid=1070) is multi-threaded, use of fork() may lead to deadlocks in the child.
[2025-12-11T11:45:54.449+0000] {standard_task_runner.py:63} INFO - Started process 1071 to run task
[2025-12-11T11:45:54.513+0000] {task_command.py:426} INFO - Running <TaskInstance: mfg_accelerator_pipeline.ingest_raw_to_snowflake manual__2025-12-11T11:45:53.509886+00:00 [running]> on host f87337c16ca9
[2025-12-11T11:45:54.614+0000] {taskinstance.py:2644} INFO - Exporting env vars: AIRFLOW_CTX_DAG_OWNER='data_engineer' AIRFLOW_CTX_DAG_ID='mfg_accelerator_pipeline' AIRFLOW_CTX_TASK_ID='ingest_raw_to_snowflake' AIRFLOW_CTX_EXECUTION_DATE='2025-12-11T11:45:53.509886+00:00' AIRFLOW_CTX_TRY_NUMBER='1' AIRFLOW_CTX_DAG_RUN_ID='manual__2025-12-11T11:45:53.509886+00:00'
[2025-12-11T11:45:54.615+0000] {taskinstance.py:430} INFO - ::endgroup::
[2025-12-11T11:45:54.633+0000] {subprocess.py:63} INFO - Tmp dir root location: /tmp
[2025-12-11T11:45:54.635+0000] {subprocess.py:75} INFO - Running command: ['/usr/bin/bash', '-c', 'python /opt/***/ingestion/python/load_raw_to_snowflake.py']
[2025-12-11T11:45:54.645+0000] {subprocess.py:86} INFO - Output:
[2025-12-11T11:46:11.795+0000] {subprocess.py:93} INFO - [INFO] Looking for .env at: /opt/***/.env
[2025-12-11T11:46:11.799+0000] {subprocess.py:93} INFO - [INFO] Environment variables loaded from /opt/***/.env
[2025-12-11T11:46:11.800+0000] {subprocess.py:93} INFO - [DEBUG] SNOWFLAKE_ACCOUNT present? YES
[2025-12-11T11:46:11.800+0000] {subprocess.py:93} INFO - [DEBUG] SNOWFLAKE_USER present? YES
[2025-12-11T11:46:11.801+0000] {subprocess.py:93} INFO - [DEBUG] SNOWFLAKE_PASSWORD present? YES
[2025-12-11T11:46:11.802+0000] {subprocess.py:93} INFO - [DEBUG] SNOWFLAKE_ROLE present? YES
[2025-12-11T11:46:11.802+0000] {subprocess.py:93} INFO - [DEBUG] SNOWFLAKE_WAREHOUSE present? YES
[2025-12-11T11:46:11.803+0000] {subprocess.py:93} INFO - [DEBUG] SNOWFLAKE_DATABASE present? YES
[2025-12-11T11:46:11.803+0000] {subprocess.py:93} INFO - [DEBUG] SNOWFLAKE_SCHEMA present? YES
[2025-12-11T11:46:11.804+0000] {subprocess.py:93} INFO - [INFO] Connecting to Snowflake...
[2025-12-11T11:46:11.805+0000] {subprocess.py:93} INFO - [OK] Connected to Snowflake
[2025-12-11T11:46:11.805+0000] {subprocess.py:93} INFO - [INFO] Ensuring table RAW.MATERIALS exists...
[2025-12-11T11:46:11.806+0000] {subprocess.py:93} INFO - [OK] Table RAW.MATERIALS is ready
[2025-12-11T11:46:11.806+0000] {subprocess.py:93} INFO - [INFO] Ensuring table RAW.BATCHES exists...
[2025-12-11T11:46:11.807+0000] {subprocess.py:93} INFO - [OK] Table RAW.BATCHES is ready
[2025-12-11T11:46:11.807+0000] {subprocess.py:93} INFO - [INFO] Ensuring table RAW.PRODUCTION_ORDERS exists...
[2025-12-11T11:46:11.808+0000] {subprocess.py:93} INFO - [OK] Table RAW.PRODUCTION_ORDERS is ready
[2025-12-11T11:46:11.808+0000] {subprocess.py:93} INFO - [INFO] Using data folder: /opt/***/data/raw/source_system
[2025-12-11T11:46:11.809+0000] {subprocess.py:93} INFO - [INFO] Reading CSV: /opt/***/data/raw/source_system/materials.csv
[2025-12-11T11:46:11.810+0000] {subprocess.py:93} INFO - [OK] Loaded 500 rows from /opt/***/data/raw/source_system/materials.csv
[2025-12-11T11:46:11.810+0000] {subprocess.py:93} INFO - [INFO] Reading CSV: /opt/***/data/raw/source_system/batches.csv
[2025-12-11T11:46:11.811+0000] {subprocess.py:93} INFO - [OK] Loaded 10,000 rows from /opt/***/data/raw/source_system/batches.csv
[2025-12-11T11:46:11.812+0000] {subprocess.py:93} INFO - [INFO] Reading CSV: /opt/***/data/raw/source_system/production_orders.csv
[2025-12-11T11:46:11.812+0000] {subprocess.py:93} INFO - [OK] Loaded 10,000 rows from /opt/***/data/raw/source_system/production_orders.csv
[2025-12-11T11:46:11.813+0000] {subprocess.py:93} INFO - [INFO] Loading DataFrame into table MATERIALS...
[2025-12-11T11:46:11.814+0000] {subprocess.py:93} INFO - [OK] Loaded 500 rows into MATERIALS in 1 chunk(s)
[2025-12-11T11:46:11.814+0000] {subprocess.py:93} INFO - [INFO] Loading DataFrame into table BATCHES...
[2025-12-11T11:46:11.815+0000] {subprocess.py:93} INFO - [OK] Loaded 10,000 rows into BATCHES in 1 chunk(s)
[2025-12-11T11:46:11.815+0000] {subprocess.py:93} INFO - [INFO] Loading DataFrame into table PRODUCTION_ORDERS...
[2025-12-11T11:46:11.816+0000] {subprocess.py:93} INFO - [OK] Loaded 10,000 rows into PRODUCTION_ORDERS in 1 chunk(s)
[2025-12-11T11:46:11.817+0000] {subprocess.py:93} INFO - [DONE] All RAW tables loaded successfully.
[2025-12-11T11:46:11.817+0000] {subprocess.py:93} INFO - [INFO] Closing Snowflake cursor and connection...
[2025-12-11T11:46:11.818+0000] {subprocess.py:93} INFO - [OK] Connection closed
[2025-12-11T11:46:11.969+0000] {subprocess.py:97} INFO - Command exited with return code 0
[2025-12-11T11:46:11.971+0000] {taskinstance.py:441} INFO - ::group::Post task execution logs
[2025-12-11T11:46:11.999+0000] {taskinstance.py:1205} INFO - Marking task as SUCCESS. dag_id=mfg_accelerator_pipeline, task_id=ingest_raw_to_snowflake, execution_date=20251211T114553, start_date=20251211T114554, end_date=20251211T114611
[2025-12-11T11:46:12.043+0000] {local_task_job_runner.py:240} INFO - Task exited with return code 0
[2025-12-11T11:46:12.064+0000] {taskinstance.py:3482} INFO - 1 downstream tasks scheduled from follow-on schedule check
[2025-12-11T11:46:12.070+0000] {local_task_job_runner.py:222} INFO - ::endgroup::
