[2025-12-16T23:17:08.662+0000] {local_task_job_runner.py:120} INFO - ::group::Pre task execution logs
[2025-12-16T23:17:08.725+0000] {taskinstance.py:2073} INFO - Dependencies all met for dep_context=non-requeueable deps ti=<TaskInstance: mfg_data_quality_monitoring_dag.dq_check_rowcounts_raw_vs_core manual__2025-12-16T23:17:06.060769+00:00 [queued]>
[2025-12-16T23:17:08.744+0000] {taskinstance.py:2073} INFO - Dependencies all met for dep_context=requeueable deps ti=<TaskInstance: mfg_data_quality_monitoring_dag.dq_check_rowcounts_raw_vs_core manual__2025-12-16T23:17:06.060769+00:00 [queued]>
[2025-12-16T23:17:08.745+0000] {taskinstance.py:2303} INFO - Starting attempt 1 of 2
[2025-12-16T23:17:08.769+0000] {taskinstance.py:2327} INFO - Executing <Task(PythonOperator): dq_check_rowcounts_raw_vs_core> on 2025-12-16 23:17:06.060769+00:00
[2025-12-16T23:17:08.788+0000] {standard_task_runner.py:90} INFO - Running: ['***', 'tasks', 'run', 'mfg_data_quality_monitoring_dag', 'dq_check_rowcounts_raw_vs_core', 'manual__2025-12-16T23:17:06.060769+00:00', '--job-id', '17', '--raw', '--subdir', 'DAGS_FOLDER/mfg_data_quality_monitoring_dag.py', '--cfg-path', '/tmp/tmp4purmpd8']
[2025-12-16T23:17:08.797+0000] {standard_task_runner.py:91} INFO - Job 17: Subtask dq_check_rowcounts_raw_vs_core
[2025-12-16T23:17:08.798+0000] {logging_mixin.py:188} WARNING - /home/***/.local/lib/python3.12/site-packages/***/task/task_runner/standard_task_runner.py:61 DeprecationWarning: This process (pid=739) is multi-threaded, use of fork() may lead to deadlocks in the child.
[2025-12-16T23:17:08.799+0000] {standard_task_runner.py:63} INFO - Started process 754 to run task
[2025-12-16T23:17:08.915+0000] {task_command.py:426} INFO - Running <TaskInstance: mfg_data_quality_monitoring_dag.dq_check_rowcounts_raw_vs_core manual__2025-12-16T23:17:06.060769+00:00 [running]> on host f349782282f8
[2025-12-16T23:17:09.098+0000] {taskinstance.py:2644} INFO - Exporting env vars: AIRFLOW_CTX_DAG_OWNER='data-platform' AIRFLOW_CTX_DAG_ID='mfg_data_quality_monitoring_dag' AIRFLOW_CTX_TASK_ID='dq_check_rowcounts_raw_vs_core' AIRFLOW_CTX_EXECUTION_DATE='2025-12-16T23:17:06.060769+00:00' AIRFLOW_CTX_TRY_NUMBER='1' AIRFLOW_CTX_DAG_RUN_ID='manual__2025-12-16T23:17:06.060769+00:00'
[2025-12-16T23:17:09.102+0000] {taskinstance.py:430} INFO - ::endgroup::
[2025-12-16T23:17:09.132+0000] {connection.py:521} INFO - Snowflake Connector for Python Version: 3.18.0, Python Version: 3.12.2, Platform: Linux-6.6.87.2-microsoft-standard-WSL2-x86_64-with-glibc2.36
[2025-12-16T23:17:09.134+0000] {connection.py:1464} INFO - Connecting to GLOBAL Snowflake domain
[2025-12-16T23:17:14.027+0000] {python.py:237} INFO - Done. Returned value was: None
[2025-12-16T23:17:14.028+0000] {taskinstance.py:441} INFO - ::group::Post task execution logs
[2025-12-16T23:17:14.040+0000] {taskinstance.py:1205} INFO - Marking task as SUCCESS. dag_id=mfg_data_quality_monitoring_dag, task_id=dq_check_rowcounts_raw_vs_core, execution_date=20251216T231706, start_date=20251216T231708, end_date=20251216T231714
[2025-12-16T23:17:14.092+0000] {local_task_job_runner.py:240} INFO - Task exited with return code 0
[2025-12-16T23:17:14.130+0000] {taskinstance.py:3482} INFO - 1 downstream tasks scheduled from follow-on schedule check
[2025-12-16T23:17:14.135+0000] {local_task_job_runner.py:222} INFO - ::endgroup::
