[2025-12-17T09:51:35.731+0000] {local_task_job_runner.py:120} INFO - ::group::Pre task execution logs
[2025-12-17T09:51:35.770+0000] {taskinstance.py:2073} INFO - Dependencies all met for dep_context=non-requeueable deps ti=<TaskInstance: mfg_raw_ingestion_dag.ingest_raw_to_snowflake manual__2025-12-17T09:51:06.748273+00:00 [queued]>
[2025-12-17T09:51:35.779+0000] {taskinstance.py:2073} INFO - Dependencies all met for dep_context=requeueable deps ti=<TaskInstance: mfg_raw_ingestion_dag.ingest_raw_to_snowflake manual__2025-12-17T09:51:06.748273+00:00 [queued]>
[2025-12-17T09:51:35.780+0000] {taskinstance.py:2303} INFO - Starting attempt 1 of 3
[2025-12-17T09:51:35.797+0000] {taskinstance.py:2327} INFO - Executing <Task(BashOperator): ingest_raw_to_snowflake> on 2025-12-17 09:51:06.748273+00:00
[2025-12-17T09:51:35.804+0000] {standard_task_runner.py:90} INFO - Running: ['***', 'tasks', 'run', 'mfg_raw_ingestion_dag', 'ingest_raw_to_snowflake', 'manual__2025-12-17T09:51:06.748273+00:00', '--job-id', '9', '--raw', '--subdir', 'DAGS_FOLDER/mfg_raw_ingestion_dag.py', '--cfg-path', '/tmp/tmpjhzwkak5']
[2025-12-17T09:51:35.808+0000] {standard_task_runner.py:91} INFO - Job 9: Subtask ingest_raw_to_snowflake
[2025-12-17T09:51:35.809+0000] {logging_mixin.py:188} WARNING - /home/***/.local/lib/python3.12/site-packages/***/task/task_runner/standard_task_runner.py:61 DeprecationWarning: This process (pid=1288) is multi-threaded, use of fork() may lead to deadlocks in the child.
[2025-12-17T09:51:35.810+0000] {standard_task_runner.py:63} INFO - Started process 1289 to run task
[2025-12-17T09:51:35.880+0000] {task_command.py:426} INFO - Running <TaskInstance: mfg_raw_ingestion_dag.ingest_raw_to_snowflake manual__2025-12-17T09:51:06.748273+00:00 [running]> on host 68b68f67a494
[2025-12-17T09:51:35.990+0000] {taskinstance.py:2644} INFO - Exporting env vars: AIRFLOW_CTX_DAG_OWNER='data-eng' AIRFLOW_CTX_DAG_ID='mfg_raw_ingestion_dag' AIRFLOW_CTX_TASK_ID='ingest_raw_to_snowflake' AIRFLOW_CTX_EXECUTION_DATE='2025-12-17T09:51:06.748273+00:00' AIRFLOW_CTX_TRY_NUMBER='1' AIRFLOW_CTX_DAG_RUN_ID='manual__2025-12-17T09:51:06.748273+00:00'
[2025-12-17T09:51:35.991+0000] {taskinstance.py:430} INFO - ::endgroup::
[2025-12-17T09:51:36.045+0000] {subprocess.py:63} INFO - Tmp dir root location: /tmp
[2025-12-17T09:51:36.047+0000] {subprocess.py:75} INFO - Running command: ['/usr/bin/bash', '-c', 'python ../opt/***//opt/***/ingestion/python/load_raw_to_snowflake.py']
[2025-12-17T09:51:36.055+0000] {subprocess.py:86} INFO - Output:
[2025-12-17T09:51:36.089+0000] {subprocess.py:93} INFO - python: can't open file '/tmp/***tmp441q6wv1/../opt/***//opt/***/ingestion/python/load_raw_to_snowflake.py': [Errno 2] No such file or directory
[2025-12-17T09:51:36.092+0000] {subprocess.py:97} INFO - Command exited with return code 2
[2025-12-17T09:51:36.093+0000] {taskinstance.py:441} INFO - ::group::Post task execution logs
[2025-12-17T09:51:36.110+0000] {taskinstance.py:2890} ERROR - Task failed with exception
Traceback (most recent call last):
  File "/home/airflow/.local/lib/python3.12/site-packages/airflow/models/taskinstance.py", line 460, in _execute_task
    result = _execute_callable(context=context, **execute_callable_kwargs)
             ^^^^^^^^^^^^^^^^^^^^^^^^^^^^^^^^^^^^^^^^^^^^^^^^^^^^^^^^^^^^^
  File "/home/airflow/.local/lib/python3.12/site-packages/airflow/models/taskinstance.py", line 432, in _execute_callable
    return execute_callable(context=context, **execute_callable_kwargs)
           ^^^^^^^^^^^^^^^^^^^^^^^^^^^^^^^^^^^^^^^^^^^^^^^^^^^^^^^^^^^^
  File "/home/airflow/.local/lib/python3.12/site-packages/airflow/models/baseoperator.py", line 400, in wrapper
    return func(self, *args, **kwargs)
           ^^^^^^^^^^^^^^^^^^^^^^^^^^^
  File "/home/airflow/.local/lib/python3.12/site-packages/airflow/operators/bash.py", line 243, in execute
    raise AirflowException(
airflow.exceptions.AirflowException: Bash command failed. The command returned a non-zero exit code 2.
[2025-12-17T09:51:36.115+0000] {taskinstance.py:1205} INFO - Marking task as UP_FOR_RETRY. dag_id=mfg_raw_ingestion_dag, task_id=ingest_raw_to_snowflake, execution_date=20251217T095106, start_date=20251217T095135, end_date=20251217T095136
[2025-12-17T09:51:36.131+0000] {standard_task_runner.py:110} ERROR - Failed to execute job 9 for task ingest_raw_to_snowflake (Bash command failed. The command returned a non-zero exit code 2.; 1289)
[2025-12-17T09:51:36.145+0000] {local_task_job_runner.py:240} INFO - Task exited with return code 1
[2025-12-17T09:51:36.169+0000] {taskinstance.py:3482} INFO - 0 downstream tasks scheduled from follow-on schedule check
[2025-12-17T09:51:36.174+0000] {local_task_job_runner.py:222} INFO - ::endgroup::
